Job array    : 916, task 8
Node         : bn045
Started at   : Tue Mar 17 10:47:24 PM EDT 2026
Config       : train/config/default.yaml
Study        : yoloe_hparam_search_v5 @ sqlite:////fs01/home/dhaneshr/code/obj-det-test/optuna_studies/yoloe_hparam_search_v5.db
Trials       : 15 (this worker)
Epochs/trial : 35 (max, EMA early stopping patience=8)
Checkpoints  : top-3 per trial (min EMA=0.6) → /fs01/home/dhaneshr/code/obj-det-test/checkpoints/hparam_v5
Study name   : yoloe_hparam_search_v5
Storage      : sqlite:////fs01/home/dhaneshr/code/obj-det-test/optuna_studies/yoloe_hparam_search_v5.db
Trials       : 15 (this worker)
Epochs/trial : 35 (max, EMA early stopping patience=8)
EMA alpha    : 0.3
Checkpoints  : top-3 per trial → /fs01/home/dhaneshr/code/obj-det-test/checkpoints/hparam_v5

[Trial 226] lr=7.92e-04  wd=4.14e-02  stride=10  bs=16  mosaic=0.72  ls=0.102  clahe=True  ssr=True  rbc=False  median=True(limit=5)  speckle=False(medium)  cp_p=0.29
ScanAwareSampler: 13 scans, 2306 total slices, stride=10 → ~236 slices/epoch (10% of training set per epoch)
  Epoch   1/35 | LR=7.92e-05 | TLoss=326.4754 | VLoss=456.8366 | AP@50=0.0004 | SliceAP=0.1881 | EMA_SliceAP=0.1881
  Epoch   2/35 | LR=1.68e-04 | TLoss=184.8803 | VLoss=210.0888 | AP@50=0.0005 | SliceAP=0.5248 | EMA_SliceAP=0.2891
  Epoch   3/35 | LR=2.57e-04 | TLoss=66.3684 | VLoss=93.3810 | AP@50=0.0001 | SliceAP=0.3267 | EMA_SliceAP=0.3004
  Epoch   4/35 | LR=3.46e-04 | TLoss=36.1793 | VLoss=51.9942 | AP@50=0.0077 | SliceAP=0.4455 | EMA_SliceAP=0.3439
  Epoch   5/35 | LR=4.35e-04 | TLoss=28.7635 | VLoss=44.6195 | AP@50=0.0005 | SliceAP=0.1386 | EMA_SliceAP=0.2823
  Epoch   6/35 | LR=5.24e-04 | TLoss=24.9371 | VLoss=43.1192 | AP@50=0.0000 | SliceAP=0.0099 | EMA_SliceAP=0.2006
  Epoch   7/35 | LR=6.13e-04 | TLoss=25.4078 | VLoss=40.9729 | AP@50=0.0529 | SliceAP=0.3465 | EMA_SliceAP=0.2444
  Epoch   8/35 | LR=7.03e-04 | TLoss=22.8159 | VLoss=41.2998 | AP@50=0.1593 | SliceAP=0.4257 | EMA_SliceAP=0.2988
  Epoch   9/35 | LR=7.92e-04 | TLoss=20.7615 | VLoss=37.5032 | AP@50=0.1519 | SliceAP=0.5743 | EMA_SliceAP=0.3814
  Epoch  10/35 | LR=7.89e-04 | TLoss=18.4529 | VLoss=41.4203 | AP@50=0.0451 | SliceAP=0.3861 | EMA_SliceAP=0.3828
  Epoch  11/35 | LR=7.81e-04 | TLoss=14.2269 | VLoss=36.6049 | AP@50=0.2696 | SliceAP=0.4950 | EMA_SliceAP=0.4165
  Epoch  12/35 | LR=7.68e-04 | TLoss=16.5881 | VLoss=35.7940 | AP@50=0.2549 | SliceAP=0.6931 | EMA_SliceAP=0.4995
  Epoch  13/35 | LR=7.50e-04 | TLoss=14.8209 | VLoss=36.9075 | AP@50=0.3691 | SliceAP=0.6634 | EMA_SliceAP=0.5486
  Epoch  14/35 | LR=7.27e-04 | TLoss=13.4256 | VLoss=35.1254 | AP@50=0.2087 | SliceAP=0.5743 | EMA_SliceAP=0.5563
  Epoch  15/35 | LR=7.00e-04 | TLoss=12.1714 | VLoss=36.7476 | AP@50=0.2623 | SliceAP=0.5545 | EMA_SliceAP=0.5558
  Epoch  16/35 | LR=6.69e-04 | TLoss=11.3418 | VLoss=38.2271 | AP@50=0.3395 | SliceAP=0.6733 | EMA_SliceAP=0.5910
  Epoch  17/35 | LR=6.34e-04 | TLoss=10.4507 | VLoss=38.9686 | AP@50=0.2930 | SliceAP=0.5941 | EMA_SliceAP=0.5919
  Epoch  18/35 | LR=5.96e-04 | TLoss=10.1495 | VLoss=40.7103 | AP@50=0.2353 | SliceAP=0.5446 | EMA_SliceAP=0.5777
  Epoch  19/35 | LR=5.56e-04 | TLoss=10.0495 | VLoss=31.5281 | AP@50=0.2569 | SliceAP=0.6337 | EMA_SliceAP=0.5945
  Epoch  20/35 | LR=5.13e-04 | TLoss=9.8842 | VLoss=40.3958 | AP@50=0.3093 | SliceAP=0.5941 | EMA_SliceAP=0.5944
  Epoch  21/35 | LR=4.69e-04 | TLoss=9.7219 | VLoss=35.8924 | AP@50=0.3428 | SliceAP=0.5842 | EMA_SliceAP=0.5913
  Epoch  22/35 | LR=4.24e-04 | TLoss=8.9499 | VLoss=38.8612 | AP@50=0.3291 | SliceAP=0.5347 | EMA_SliceAP=0.5743
  Epoch  23/35 | LR=3.78e-04 | TLoss=9.2238 | VLoss=39.9283 | AP@50=0.3231 | SliceAP=0.6436 | EMA_SliceAP=0.5951
  Epoch  24/35 | LR=3.33e-04 | TLoss=8.2893 | VLoss=38.5491 | AP@50=0.3457 | SliceAP=0.6337 | EMA_SliceAP=0.6067
  Epoch  25/35 | LR=2.89e-04 | TLoss=8.7117 | VLoss=36.8629 | AP@50=0.3559 | SliceAP=0.6535 | EMA_SliceAP=0.6207
  Epoch  26/35 | LR=2.46e-04 | TLoss=8.4649 | VLoss=35.2149 | AP@50=0.4237 | SliceAP=0.6832 | EMA_SliceAP=0.6394
  Epoch  27/35 | LR=2.05e-04 | TLoss=7.3818 | VLoss=35.8591 | AP@50=0.4307 | SliceAP=0.6931 | EMA_SliceAP=0.6555
  Epoch  28/35 | LR=1.67e-04 | TLoss=7.8719 | VLoss=36.3585 | AP@50=0.4273 | SliceAP=0.6436 | EMA_SliceAP=0.6519
  Epoch  29/35 | LR=1.33e-04 | TLoss=7.4426 | VLoss=35.6869 | AP@50=0.4338 | SliceAP=0.6337 | EMA_SliceAP=0.6465
  Epoch  30/35 | LR=1.01e-04 | TLoss=7.6227 | VLoss=36.8294 | AP@50=0.4141 | SliceAP=0.6337 | EMA_SliceAP=0.6426
  [Pruned at epoch 30]

[Trial 262] lr=7.14e-04  wd=8.48e-04  stride=7  bs=8  mosaic=0.65  ls=0.083  clahe=True  ssr=True  rbc=False  median=True(limit=7)  speckle=False(medium)  cp_p=0.25
ScanAwareSampler: 13 scans, 2306 total slices, stride=7 → ~336 slices/epoch (15% of training set per epoch)
  Epoch   1/35 | LR=7.14e-05 | TLoss=234.0745 | VLoss=221.1540 | AP@50=0.0007 | SliceAP=0.5941 | EMA_SliceAP=0.5941
  Epoch   2/35 | LR=1.52e-04 | TLoss=62.4207 | VLoss=63.6499 | AP@50=0.0002 | SliceAP=0.2871 | EMA_SliceAP=0.5020
  Epoch   3/35 | LR=2.32e-04 | TLoss=33.8989 | VLoss=53.1442 | AP@50=0.0000 | SliceAP=0.0000 | EMA_SliceAP=0.3514
  Epoch   4/35 | LR=3.12e-04 | TLoss=29.8254 | VLoss=44.0179 | AP@50=0.0064 | SliceAP=0.3861 | EMA_SliceAP=0.3618
  Epoch   5/35 | LR=3.93e-04 | TLoss=24.8501 | VLoss=42.7615 | AP@50=0.0278 | SliceAP=0.4356 | EMA_SliceAP=0.3840
  Epoch   6/35 | LR=4.73e-04 | TLoss=22.3447 | VLoss=42.0369 | AP@50=0.1238 | SliceAP=0.4257 | EMA_SliceAP=0.3965
  Epoch   7/35 | LR=5.53e-04 | TLoss=19.5674 | VLoss=41.3358 | AP@50=0.1352 | SliceAP=0.4059 | EMA_SliceAP=0.3993
  Epoch   8/35 | LR=6.34e-04 | TLoss=17.4614 | VLoss=41.3921 | AP@50=0.1051 | SliceAP=0.5644 | EMA_SliceAP=0.4488
  Epoch   9/35 | LR=7.14e-04 | TLoss=15.1865 | VLoss=39.2579 | AP@50=0.2613 | SliceAP=0.5941 | EMA_SliceAP=0.4924
  [Early stop at epoch 9, best EMA SliceAP=0.5941]
  [Checkpoints] top-3 saved → /fs01/home/dhaneshr/code/obj-det-test/checkpoints/hparam_v5/trial_0262/swa_manifest.yaml

[Trial 276] lr=9.64e-04  wd=4.69e-03  stride=7  bs=8  mosaic=0.57  ls=0.095  clahe=True  ssr=True  rbc=False  median=True(limit=7)  speckle=False(medium)  cp_p=0.32
ScanAwareSampler: 13 scans, 2306 total slices, stride=7 → ~336 slices/epoch (15% of training set per epoch)
  Epoch   1/35 | LR=9.64e-05 | TLoss=213.8155 | VLoss=160.1158 | AP@50=0.0004 | SliceAP=0.5347 | EMA_SliceAP=0.5347
  Epoch   2/35 | LR=2.05e-04 | TLoss=50.7485 | VLoss=54.8737 | AP@50=0.0013 | SliceAP=0.2376 | EMA_SliceAP=0.4455
  Epoch   3/35 | LR=3.13e-04 | TLoss=31.0243 | VLoss=43.2197 | AP@50=0.0013 | SliceAP=0.2178 | EMA_SliceAP=0.3772
  Epoch   4/35 | LR=4.22e-04 | TLoss=28.5159 | VLoss=41.2210 | AP@50=0.0647 | SliceAP=0.3069 | EMA_SliceAP=0.3561
  Epoch   5/35 | LR=5.30e-04 | TLoss=26.2436 | VLoss=43.6462 | AP@50=0.0263 | SliceAP=0.5149 | EMA_SliceAP=0.4038
  Epoch   6/35 | LR=6.39e-04 | TLoss=20.8234 | VLoss=40.5184 | AP@50=0.1044 | SliceAP=0.4158 | EMA_SliceAP=0.4074
  Epoch   7/35 | LR=7.47e-04 | TLoss=20.8870 | VLoss=37.4293 | AP@50=0.1038 | SliceAP=0.5446 | EMA_SliceAP=0.4485
  Epoch   8/35 | LR=8.56e-04 | TLoss=20.2028 | VLoss=37.9073 | AP@50=0.1213 | SliceAP=0.4950 | EMA_SliceAP=0.4625
  Epoch   9/35 | LR=9.64e-04 | TLoss=17.2061 | VLoss=32.7962 | AP@50=0.1618 | SliceAP=0.5644 | EMA_SliceAP=0.4930
  [Early stop at epoch 9, best EMA SliceAP=0.5347]
  [Checkpoints] top-3 saved → /fs01/home/dhaneshr/code/obj-det-test/checkpoints/hparam_v5/trial_0276/swa_manifest.yaml

[Trial 286] lr=4.20e-04  wd=2.43e-02  stride=10  bs=16  mosaic=0.46  ls=0.098  clahe=True  ssr=False  rbc=True  median=False(limit=5)  speckle=True(light)  cp_p=0.51
ScanAwareSampler: 13 scans, 2306 total slices, stride=10 → ~236 slices/epoch (10% of training set per epoch)
  Epoch   1/35 | LR=4.20e-05 | TLoss=361.4939 | VLoss=506.0398 | AP@50=0.0000 | SliceAP=0.1881 | EMA_SliceAP=0.1881
  Epoch   2/35 | LR=8.92e-05 | TLoss=258.7497 | VLoss=310.6795 | AP@50=0.0016 | SliceAP=0.3861 | EMA_SliceAP=0.2475
  Epoch   3/35 | LR=1.36e-04 | TLoss=142.4945 | VLoss=159.8277 | AP@50=0.0007 | SliceAP=0.4950 | EMA_SliceAP=0.3218
  Epoch   4/35 | LR=1.84e-04 | TLoss=67.3568 | VLoss=86.9381 | AP@50=0.0000 | SliceAP=0.2871 | EMA_SliceAP=0.3114
  Epoch   5/35 | LR=2.31e-04 | TLoss=44.2114 | VLoss=53.1332 | AP@50=0.0002 | SliceAP=0.1980 | EMA_SliceAP=0.2774
  Epoch   6/35 | LR=2.78e-04 | TLoss=32.1711 | VLoss=46.5815 | AP@50=0.0063 | SliceAP=0.4554 | EMA_SliceAP=0.3308
  Epoch   7/35 | LR=3.25e-04 | TLoss=30.1133 | VLoss=44.4184 | AP@50=0.0077 | SliceAP=0.1584 | EMA_SliceAP=0.2791
  Epoch   8/35 | LR=3.73e-04 | TLoss=26.8065 | VLoss=44.7670 | AP@50=0.0024 | SliceAP=0.1881 | EMA_SliceAP=0.2518
  Epoch   9/35 | LR=4.20e-04 | TLoss=24.8676 | VLoss=41.2780 | AP@50=0.0022 | SliceAP=0.0495 | EMA_SliceAP=0.1911
  Epoch  10/35 | LR=4.18e-04 | TLoss=23.9309 | VLoss=42.4760 | AP@50=0.0062 | SliceAP=0.3564 | EMA_SliceAP=0.2407
  [Pruned at epoch 10]

[Trial 299] lr=3.36e-04  wd=5.46e-04  stride=10  bs=16  mosaic=0.71  ls=0.078  clahe=True  ssr=True  rbc=False  median=True(limit=5)  speckle=False(light)  cp_p=0.50
ScanAwareSampler: 13 scans, 2306 total slices, stride=10 → ~236 slices/epoch (10% of training set per epoch)
  Epoch   1/35 | LR=3.36e-05 | TLoss=314.3400 | VLoss=476.5948 | AP@50=0.0004 | SliceAP=0.1980 | EMA_SliceAP=0.1980
  Epoch   2/35 | LR=7.14e-05 | TLoss=247.8252 | VLoss=325.8504 | AP@50=0.0005 | SliceAP=0.3069 | EMA_SliceAP=0.2307
  Epoch   3/35 | LR=1.09e-04 | TLoss=134.4772 | VLoss=195.8160 | AP@50=0.0006 | SliceAP=0.4950 | EMA_SliceAP=0.3100
  Epoch   4/35 | LR=1.47e-04 | TLoss=68.7839 | VLoss=116.2136 | AP@50=0.0003 | SliceAP=0.4059 | EMA_SliceAP=0.3388
  Epoch   5/35 | LR=1.85e-04 | TLoss=45.8574 | VLoss=73.4017 | AP@50=0.0016 | SliceAP=0.3960 | EMA_SliceAP=0.3560
  Epoch   6/35 | LR=2.23e-04 | TLoss=32.4166 | VLoss=54.8919 | AP@50=0.0002 | SliceAP=0.1881 | EMA_SliceAP=0.3056
  Epoch   7/35 | LR=2.60e-04 | TLoss=28.9709 | VLoss=51.3515 | AP@50=0.0000 | SliceAP=0.0099 | EMA_SliceAP=0.2169
  Epoch   8/35 | LR=2.98e-04 | TLoss=27.1001 | VLoss=43.3072 | AP@50=0.0110 | SliceAP=0.2772 | EMA_SliceAP=0.2350
  Epoch   9/35 | LR=3.36e-04 | TLoss=24.7869 | VLoss=41.0362 | AP@50=0.0138 | SliceAP=0.3465 | EMA_SliceAP=0.2685
  Epoch  10/35 | LR=3.35e-04 | TLoss=23.8224 | VLoss=41.7769 | AP@50=0.0564 | SliceAP=0.4257 | EMA_SliceAP=0.3156
  Epoch  11/35 | LR=3.31e-04 | TLoss=21.5303 | VLoss=39.3215 | AP@50=0.0481 | SliceAP=0.5050 | EMA_SliceAP=0.3724
  Epoch  12/35 | LR=3.26e-04 | TLoss=19.6442 | VLoss=40.1984 | AP@50=0.1371 | SliceAP=0.6139 | EMA_SliceAP=0.4449
  Epoch  13/35 | LR=3.19e-04 | TLoss=19.0159 | VLoss=39.0957 | AP@50=0.1042 | SliceAP=0.5941 | EMA_SliceAP=0.4896
  Epoch  14/35 | LR=3.09e-04 | TLoss=18.7172 | VLoss=37.7174 | AP@50=0.2127 | SliceAP=0.5644 | EMA_SliceAP=0.5120
  Epoch  15/35 | LR=2.98e-04 | TLoss=16.3516 | VLoss=38.7009 | AP@50=0.2483 | SliceAP=0.6238 | EMA_SliceAP=0.5456
  Epoch  16/35 | LR=2.85e-04 | TLoss=16.8746 | VLoss=36.8573 | AP@50=0.3094 | SliceAP=0.6535 | EMA_SliceAP=0.5779
  Epoch  17/35 | LR=2.70e-04 | TLoss=16.5007 | VLoss=46.6023 | AP@50=0.1839 | SliceAP=0.5347 | EMA_SliceAP=0.5649
  Epoch  18/35 | LR=2.54e-04 | TLoss=15.5026 | VLoss=36.6896 | AP@50=0.1372 | SliceAP=0.5347 | EMA_SliceAP=0.5559
  Epoch  19/35 | LR=2.37e-04 | TLoss=13.4797 | VLoss=37.9627 | AP@50=0.2501 | SliceAP=0.7327 | EMA_SliceAP=0.6089
  Epoch  20/35 | LR=2.20e-04 | TLoss=14.0641 | VLoss=39.3341 | AP@50=0.2521 | SliceAP=0.5644 | EMA_SliceAP=0.5955
  Epoch  21/35 | LR=2.01e-04 | TLoss=12.1438 | VLoss=36.6157 | AP@50=0.3086 | SliceAP=0.6139 | EMA_SliceAP=0.6010
  Epoch  22/35 | LR=1.82e-04 | TLoss=10.8760 | VLoss=35.3167 | AP@50=0.3021 | SliceAP=0.6931 | EMA_SliceAP=0.6286
  Epoch  23/35 | LR=1.63e-04 | TLoss=11.6262 | VLoss=35.8001 | AP@50=0.2709 | SliceAP=0.6139 | EMA_SliceAP=0.6242
  Epoch  24/35 | LR=1.45e-04 | TLoss=11.0996 | VLoss=37.0432 | AP@50=0.2736 | SliceAP=0.6535 | EMA_SliceAP=0.6330
  Epoch  25/35 | LR=1.26e-04 | TLoss=11.0001 | VLoss=34.0145 | AP@50=0.3044 | SliceAP=0.6535 | EMA_SliceAP=0.6391
  Epoch  26/35 | LR=1.08e-04 | TLoss=10.3576 | VLoss=35.8413 | AP@50=0.3305 | SliceAP=0.6832 | EMA_SliceAP=0.6523
  Epoch  27/35 | LR=9.15e-05 | TLoss=10.2390 | VLoss=35.4650 | AP@50=0.3532 | SliceAP=0.6832 | EMA_SliceAP=0.6616
  Epoch  28/35 | LR=7.56e-05 | TLoss=9.2243 | VLoss=35.5103 | AP@50=0.2515 | SliceAP=0.6139 | EMA_SliceAP=0.6473
  Epoch  29/35 | LR=6.11e-05 | TLoss=9.3480 | VLoss=35.6861 | AP@50=0.2818 | SliceAP=0.6040 | EMA_SliceAP=0.6343
  Epoch  30/35 | LR=4.81e-05 | TLoss=10.3270 | VLoss=34.2691 | AP@50=0.3354 | SliceAP=0.6634 | EMA_SliceAP=0.6430
  Epoch  31/35 | LR=3.68e-05 | TLoss=9.4211 | VLoss=35.8508 | AP@50=0.3280 | SliceAP=0.6634 | EMA_SliceAP=0.6491
  Epoch  32/35 | LR=2.73e-05 | TLoss=8.8702 | VLoss=35.8918 | AP@50=0.3258 | SliceAP=0.6634 | EMA_SliceAP=0.6534
  Epoch  33/35 | LR=1.98e-05 | TLoss=9.5902 | VLoss=36.2862 | AP@50=0.3182 | SliceAP=0.6535 | EMA_SliceAP=0.6534
  Epoch  34/35 | LR=1.44e-05 | TLoss=8.8780 | VLoss=35.8483 | AP@50=0.3254 | SliceAP=0.6436 | EMA_SliceAP=0.6505
  Epoch  35/35 | LR=1.11e-05 | TLoss=8.9726 | VLoss=35.5867 | AP@50=0.3286 | SliceAP=0.6436 | EMA_SliceAP=0.6484
  [Early stop at epoch 35, best EMA SliceAP=0.6616]
  [Checkpoints] top-3 saved → /fs01/home/dhaneshr/code/obj-det-test/checkpoints/hparam_v5/trial_0299/swa_manifest.yaml

[Trial 328] lr=1.21e-03  wd=2.09e-03  stride=5  bs=16  mosaic=0.69  ls=0.069  clahe=False  ssr=False  rbc=False  median=False(limit=5)  speckle=False(medium)  cp_p=0.42
ScanAwareSampler: 13 scans, 2306 total slices, stride=5 → ~467 slices/epoch (20% of training set per epoch)
  Epoch   1/35 | LR=1.21e-04 | TLoss=222.3514 | VLoss=216.4509 | AP@50=0.0035 | SliceAP=0.5545 | EMA_SliceAP=0.5545
  Epoch   2/35 | LR=2.56e-04 | TLoss=51.9218 | VLoss=55.5601 | AP@50=0.0004 | SliceAP=0.2574 | EMA_SliceAP=0.4653
  Epoch   3/35 | LR=3.92e-04 | TLoss=27.2038 | VLoss=47.8840 | AP@50=0.0004 | SliceAP=0.0297 | EMA_SliceAP=0.3347
  Epoch   4/35 | LR=5.28e-04 | TLoss=22.7386 | VLoss=42.4726 | AP@50=0.0153 | SliceAP=0.3465 | EMA_SliceAP=0.3382
  Epoch   5/35 | LR=6.64e-04 | TLoss=19.4976 | VLoss=42.1115 | AP@50=0.0928 | SliceAP=0.4257 | EMA_SliceAP=0.3645
  Epoch   6/35 | LR=7.99e-04 | TLoss=16.4450 | VLoss=48.1993 | AP@50=0.1732 | SliceAP=0.3168 | EMA_SliceAP=0.3502
  Epoch   7/35 | LR=9.35e-04 | TLoss=13.4904 | VLoss=44.0157 | AP@50=0.0778 | SliceAP=0.2574 | EMA_SliceAP=0.3224
  Epoch   8/35 | LR=1.07e-03 | TLoss=12.8569 | VLoss=41.5313 | AP@50=0.1429 | SliceAP=0.4455 | EMA_SliceAP=0.3593
  Epoch   9/35 | LR=1.21e-03 | TLoss=13.0629 | VLoss=38.7194 | AP@50=0.2043 | SliceAP=0.4950 | EMA_SliceAP=0.4000
  [Early stop at epoch 9, best EMA SliceAP=0.5545]
  [Checkpoints] top-3 saved → /fs01/home/dhaneshr/code/obj-det-test/checkpoints/hparam_v5/trial_0328/swa_manifest.yaml

[Trial 340] lr=7.24e-04  wd=4.04e-04  stride=10  bs=16  mosaic=0.66  ls=0.092  clahe=True  ssr=True  rbc=False  median=True(limit=5)  speckle=False(medium)  cp_p=0.24
ScanAwareSampler: 13 scans, 2306 total slices, stride=10 → ~236 slices/epoch (10% of training set per epoch)
  Epoch   1/35 | LR=7.24e-05 | TLoss=338.5998 | VLoss=433.2134 | AP@50=0.0006 | SliceAP=0.1881 | EMA_SliceAP=0.1881
  Epoch   2/35 | LR=1.54e-04 | TLoss=183.5035 | VLoss=218.1450 | AP@50=0.0008 | SliceAP=0.6436 | EMA_SliceAP=0.3248
  Epoch   3/35 | LR=2.35e-04 | TLoss=77.1201 | VLoss=91.0303 | AP@50=0.0002 | SliceAP=0.4356 | EMA_SliceAP=0.3580
  Epoch   4/35 | LR=3.17e-04 | TLoss=41.0911 | VLoss=53.5702 | AP@50=0.0000 | SliceAP=0.0891 | EMA_SliceAP=0.2773
  Epoch   5/35 | LR=3.98e-04 | TLoss=30.4498 | VLoss=44.8426 | AP@50=0.0000 | SliceAP=0.0198 | EMA_SliceAP=0.2001
  Epoch   6/35 | LR=4.80e-04 | TLoss=28.2582 | VLoss=40.2398 | AP@50=0.0025 | SliceAP=0.0792 | EMA_SliceAP=0.1638
  Epoch   7/35 | LR=5.61e-04 | TLoss=26.9450 | VLoss=41.3535 | AP@50=0.0000 | SliceAP=0.0000 | EMA_SliceAP=0.1147
  Epoch   8/35 | LR=6.42e-04 | TLoss=25.0708 | VLoss=38.8357 | AP@50=0.0274 | SliceAP=0.7327 | EMA_SliceAP=0.3001
  Epoch   9/35 | LR=7.24e-04 | TLoss=22.5002 | VLoss=42.7905 | AP@50=0.0555 | SliceAP=0.4059 | EMA_SliceAP=0.3318
  Epoch  10/35 | LR=7.21e-04 | TLoss=22.3545 | VLoss=39.0686 | AP@50=0.2124 | SliceAP=0.5743 | EMA_SliceAP=0.4046
  Epoch  11/35 | LR=7.14e-04 | TLoss=21.6653 | VLoss=40.1612 | AP@50=0.1623 | SliceAP=0.5347 | EMA_SliceAP=0.4436
  Epoch  12/35 | LR=7.02e-04 | TLoss=16.7401 | VLoss=39.1494 | AP@50=0.1394 | SliceAP=0.4158 | EMA_SliceAP=0.4353
  Epoch  13/35 | LR=6.86e-04 | TLoss=15.2472 | VLoss=37.0488 | AP@50=0.1465 | SliceAP=0.5644 | EMA_SliceAP=0.4740
  Epoch  14/35 | LR=6.65e-04 | TLoss=16.6599 | VLoss=39.4251 | AP@50=0.1934 | SliceAP=0.6832 | EMA_SliceAP=0.5367
  Epoch  15/35 | LR=6.40e-04 | TLoss=14.3515 | VLoss=37.1502 | AP@50=0.3217 | SliceAP=0.7030 | EMA_SliceAP=0.5866
  Epoch  16/35 | LR=6.12e-04 | TLoss=12.1607 | VLoss=36.8725 | AP@50=0.2842 | SliceAP=0.6436 | EMA_SliceAP=0.6037
  Epoch  17/35 | LR=5.80e-04 | TLoss=11.9450 | VLoss=39.9133 | AP@50=0.3244 | SliceAP=0.7030 | EMA_SliceAP=0.6335
  Epoch  18/35 | LR=5.45e-04 | TLoss=11.8393 | VLoss=35.4440 | AP@50=0.1503 | SliceAP=0.7030 | EMA_SliceAP=0.6543
  Epoch  19/35 | LR=5.08e-04 | TLoss=11.0625 | VLoss=34.9607 | AP@50=0.1837 | SliceAP=0.6436 | EMA_SliceAP=0.6511
  Epoch  20/35 | LR=4.69e-04 | TLoss=10.3398 | VLoss=38.2281 | AP@50=0.1997 | SliceAP=0.6238 | EMA_SliceAP=0.6429
  Epoch  21/35 | LR=4.29e-04 | TLoss=9.6792 | VLoss=38.5132 | AP@50=0.2823 | SliceAP=0.5941 | EMA_SliceAP=0.6282
  Epoch  22/35 | LR=3.88e-04 | TLoss=9.1877 | VLoss=38.5529 | AP@50=0.3030 | SliceAP=0.6238 | EMA_SliceAP=0.6269
  Epoch  23/35 | LR=3.46e-04 | TLoss=9.8426 | VLoss=37.9353 | AP@50=0.2727 | SliceAP=0.6535 | EMA_SliceAP=0.6349
  Epoch  24/35 | LR=3.05e-04 | TLoss=9.5434 | VLoss=36.4303 | AP@50=0.3916 | SliceAP=0.6436 | EMA_SliceAP=0.6375
  Epoch  25/35 | LR=2.65e-04 | TLoss=8.4753 | VLoss=37.0375 | AP@50=0.3492 | SliceAP=0.6436 | EMA_SliceAP=0.6393
  Epoch  26/35 | LR=2.26e-04 | TLoss=8.5411 | VLoss=35.6876 | AP@50=0.3471 | SliceAP=0.7030 | EMA_SliceAP=0.6584
  [Early stop at epoch 26, best EMA SliceAP=0.6543]
  [Checkpoints] top-3 saved → /fs01/home/dhaneshr/code/obj-det-test/checkpoints/hparam_v5/trial_0340/swa_manifest.yaml

[Trial 368] lr=9.50e-04  wd=2.28e-04  stride=10  bs=32  mosaic=0.36  ls=0.085  clahe=True  ssr=True  rbc=False  median=True(limit=3)  speckle=False(heavy)  cp_p=0.56
ScanAwareSampler: 13 scans, 2306 total slices, stride=10 → ~236 slices/epoch (10% of training set per epoch)
  Epoch   1/35 | LR=9.50e-05 | TLoss=393.5749 | VLoss=512.9529 | AP@50=0.0000 | SliceAP=0.1881 | EMA_SliceAP=0.1881
  Epoch   2/35 | LR=2.02e-04 | TLoss=278.4067 | VLoss=310.1008 | AP@50=0.0006 | SliceAP=0.1881 | EMA_SliceAP=0.1881
  Epoch   3/35 | LR=3.09e-04 | TLoss=158.4436 | VLoss=160.7608 | AP@50=0.0001 | SliceAP=0.5842 | EMA_SliceAP=0.3069
  Epoch   4/35 | LR=4.16e-04 | TLoss=72.4876 | VLoss=78.1305 | AP@50=0.0000 | SliceAP=0.3069 | EMA_SliceAP=0.3069
  Epoch   5/35 | LR=5.22e-04 | TLoss=42.0929 | VLoss=42.2577 | AP@50=0.0028 | SliceAP=0.4059 | EMA_SliceAP=0.3366
  Epoch   6/35 | LR=6.29e-04 | TLoss=34.8151 | VLoss=42.0945 | AP@50=0.0005 | SliceAP=0.0693 | EMA_SliceAP=0.2564
  Epoch   7/35 | LR=7.36e-04 | TLoss=32.6912 | VLoss=40.5110 | AP@50=0.0146 | SliceAP=0.2178 | EMA_SliceAP=0.2449
  Epoch   8/35 | LR=8.43e-04 | TLoss=31.9135 | VLoss=39.8708 | AP@50=0.0394 | SliceAP=0.3663 | EMA_SliceAP=0.2813
  Epoch   9/35 | LR=9.50e-04 | TLoss=29.0535 | VLoss=41.2199 | AP@50=0.0000 | SliceAP=0.0000 | EMA_SliceAP=0.1969
  Epoch  10/35 | LR=9.47e-04 | TLoss=28.3235 | VLoss=35.8554 | AP@50=0.0497 | SliceAP=0.5545 | EMA_SliceAP=0.3042
  Epoch  11/35 | LR=9.37e-04 | TLoss=25.6769 | VLoss=37.3220 | AP@50=0.2021 | SliceAP=0.3861 | EMA_SliceAP=0.3288
  Epoch  12/35 | LR=9.21e-04 | TLoss=23.8668 | VLoss=35.7554 | AP@50=0.0555 | SliceAP=0.4851 | EMA_SliceAP=0.3757
  Epoch  13/35 | LR=9.00e-04 | TLoss=24.0178 | VLoss=35.5909 | AP@50=0.3252 | SliceAP=0.5941 | EMA_SliceAP=0.4412
  Epoch  14/35 | LR=8.72e-04 | TLoss=24.7223 | VLoss=34.8286 | AP@50=0.1726 | SliceAP=0.6337 | EMA_SliceAP=0.4989
  Epoch  15/35 | LR=8.40e-04 | TLoss=21.5937 | VLoss=39.1430 | AP@50=0.1447 | SliceAP=0.4158 | EMA_SliceAP=0.4740
  Epoch  16/35 | LR=8.02e-04 | TLoss=20.1137 | VLoss=40.0021 | AP@50=0.0932 | SliceAP=0.3762 | EMA_SliceAP=0.4447
  Epoch  17/35 | LR=7.61e-04 | TLoss=21.1287 | VLoss=35.8003 | AP@50=0.2404 | SliceAP=0.5644 | EMA_SliceAP=0.4806
  Epoch  18/35 | LR=7.15e-04 | TLoss=18.1444 | VLoss=35.0822 | AP@50=0.2020 | SliceAP=0.4653 | EMA_SliceAP=0.4760
  Epoch  19/35 | LR=6.66e-04 | TLoss=17.9146 | VLoss=34.7010 | AP@50=0.3033 | SliceAP=0.6634 | EMA_SliceAP=0.5322
  Epoch  20/35 | LR=6.15e-04 | TLoss=17.8441 | VLoss=36.1154 | AP@50=0.2578 | SliceAP=0.6733 | EMA_SliceAP=0.5745
  Epoch  21/35 | LR=5.61e-04 | TLoss=17.0340 | VLoss=35.1438 | AP@50=0.2951 | SliceAP=0.6733 | EMA_SliceAP=0.6042
  Epoch  22/35 | LR=5.07e-04 | TLoss=16.8703 | VLoss=35.0821 | AP@50=0.3217 | SliceAP=0.6832 | EMA_SliceAP=0.6279
  Epoch  23/35 | LR=4.53e-04 | TLoss=15.5245 | VLoss=34.5450 | AP@50=0.3885 | SliceAP=0.7030 | EMA_SliceAP=0.6504
  Epoch  24/35 | LR=3.98e-04 | TLoss=14.6686 | VLoss=35.5505 | AP@50=0.3408 | SliceAP=0.7327 | EMA_SliceAP=0.6751
  Epoch  25/35 | LR=3.45e-04 | TLoss=13.3672 | VLoss=35.1823 | AP@50=0.3171 | SliceAP=0.6139 | EMA_SliceAP=0.6567
  Epoch  26/35 | LR=2.94e-04 | TLoss=13.8756 | VLoss=32.9103 | AP@50=0.3819 | SliceAP=0.7426 | EMA_SliceAP=0.6825
  Epoch  27/35 | LR=2.45e-04 | TLoss=13.0764 | VLoss=33.6793 | AP@50=0.3707 | SliceAP=0.7030 | EMA_SliceAP=0.6886
  Epoch  28/35 | LR=1.99e-04 | TLoss=12.7891 | VLoss=34.2085 | AP@50=0.3935 | SliceAP=0.6832 | EMA_SliceAP=0.6870
  Epoch  29/35 | LR=1.57e-04 | TLoss=12.3213 | VLoss=34.3371 | AP@50=0.4121 | SliceAP=0.6832 | EMA_SliceAP=0.6858
  Epoch  30/35 | LR=1.20e-04 | TLoss=11.6530 | VLoss=34.2290 | AP@50=0.4056 | SliceAP=0.6733 | EMA_SliceAP=0.6821
  Epoch  31/35 | LR=8.73e-05 | TLoss=11.4255 | VLoss=34.0302 | AP@50=0.4426 | SliceAP=0.6931 | EMA_SliceAP=0.6854
  Epoch  32/35 | LR=6.00e-05 | TLoss=12.1904 | VLoss=34.0431 | AP@50=0.4354 | SliceAP=0.7030 | EMA_SliceAP=0.6906
  Epoch  33/35 | LR=3.83e-05 | TLoss=12.3079 | VLoss=33.9255 | AP@50=0.4223 | SliceAP=0.7030 | EMA_SliceAP=0.6943
  Epoch  34/35 | LR=2.27e-05 | TLoss=11.5625 | VLoss=33.7625 | AP@50=0.4280 | SliceAP=0.6832 | EMA_SliceAP=0.6910
  Epoch  35/35 | LR=1.32e-05 | TLoss=10.9831 | VLoss=33.8363 | AP@50=0.4328 | SliceAP=0.6832 | EMA_SliceAP=0.6886
  [Checkpoints] top-3 saved → /fs01/home/dhaneshr/code/obj-det-test/checkpoints/hparam_v5/trial_0368/swa_manifest.yaml

[Trial 405] lr=8.36e-04  wd=2.44e-04  stride=10  bs=32  mosaic=0.32  ls=0.080  clahe=False  ssr=True  rbc=True  median=True(limit=3)  speckle=False(heavy)  cp_p=0.36
ScanAwareSampler: 13 scans, 2306 total slices, stride=10 → ~236 slices/epoch (10% of training set per epoch)
  Epoch   1/35 | LR=8.36e-05 | TLoss=419.2853 | VLoss=490.6244 | AP@50=0.0000 | SliceAP=0.1980 | EMA_SliceAP=0.1980
  Epoch   2/35 | LR=1.78e-04 | TLoss=312.5388 | VLoss=297.0357 | AP@50=0.0004 | SliceAP=0.1683 | EMA_SliceAP=0.1891
  Epoch   3/35 | LR=2.72e-04 | TLoss=161.3540 | VLoss=152.3406 | AP@50=0.0007 | SliceAP=0.7129 | EMA_SliceAP=0.3462
  Epoch   4/35 | LR=3.66e-04 | TLoss=77.1750 | VLoss=75.1168 | AP@50=0.0005 | SliceAP=0.5545 | EMA_SliceAP=0.4087
  Epoch   5/35 | LR=4.60e-04 | TLoss=47.2418 | VLoss=48.8591 | AP@50=0.0001 | SliceAP=0.1089 | EMA_SliceAP=0.3188
  Epoch   6/35 | LR=5.54e-04 | TLoss=36.5367 | VLoss=38.5902 | AP@50=0.0001 | SliceAP=0.0396 | EMA_SliceAP=0.2350
  Epoch   7/35 | LR=6.48e-04 | TLoss=34.1422 | VLoss=40.8156 | AP@50=0.0001 | SliceAP=0.0396 | EMA_SliceAP=0.1764
  Epoch   8/35 | LR=7.42e-04 | TLoss=31.4400 | VLoss=40.5376 | AP@50=0.0006 | SliceAP=0.0495 | EMA_SliceAP=0.1383
  Epoch   9/35 | LR=8.36e-04 | TLoss=30.5336 | VLoss=45.0975 | AP@50=0.0144 | SliceAP=0.0693 | EMA_SliceAP=0.1176
  Epoch  10/35 | LR=8.33e-04 | TLoss=30.9381 | VLoss=40.1871 | AP@50=0.0527 | SliceAP=0.3267 | EMA_SliceAP=0.1804
  Epoch  11/35 | LR=8.25e-04 | TLoss=29.4798 | VLoss=39.2409 | AP@50=0.0718 | SliceAP=0.4356 | EMA_SliceAP=0.2569
  Epoch  12/35 | LR=8.11e-04 | TLoss=28.9104 | VLoss=37.8573 | AP@50=0.0067 | SliceAP=0.2772 | EMA_SliceAP=0.2630
  [Early stop at epoch 12, best EMA SliceAP=0.4087]
  [Checkpoints] top-3 saved → /fs01/home/dhaneshr/code/obj-det-test/checkpoints/hparam_v5/trial_0405/swa_manifest.yaml

[Trial 421] lr=1.25e-03  wd=2.49e-03  stride=10  bs=8  mosaic=0.38  ls=0.112  clahe=False  ssr=True  rbc=False  median=True(limit=7)  speckle=False(heavy)  cp_p=0.61
ScanAwareSampler: 13 scans, 2306 total slices, stride=10 → ~236 slices/epoch (10% of training set per epoch)
  Epoch   1/35 | LR=1.25e-04 | TLoss=258.3746 | VLoss=203.1048 | AP@50=0.0007 | SliceAP=0.6139 | EMA_SliceAP=0.6139
  Epoch   2/35 | LR=2.65e-04 | TLoss=64.1778 | VLoss=53.2775 | AP@50=0.0003 | SliceAP=0.2673 | EMA_SliceAP=0.5099
  Epoch   3/35 | LR=4.06e-04 | TLoss=35.5649 | VLoss=42.2670 | AP@50=0.0010 | SliceAP=0.1089 | EMA_SliceAP=0.3896
  Epoch   4/35 | LR=5.47e-04 | TLoss=35.0957 | VLoss=40.8962 | AP@50=0.0004 | SliceAP=0.0297 | EMA_SliceAP=0.2816
  Epoch   5/35 | LR=6.87e-04 | TLoss=34.4708 | VLoss=38.7483 | AP@50=0.0026 | SliceAP=0.2673 | EMA_SliceAP=0.2773
  Epoch   6/35 | LR=8.28e-04 | TLoss=30.0672 | VLoss=40.8981 | AP@50=0.0765 | SliceAP=0.4059 | EMA_SliceAP=0.3159
  Epoch   7/35 | LR=9.68e-04 | TLoss=25.0616 | VLoss=38.1932 | AP@50=0.0970 | SliceAP=0.4158 | EMA_SliceAP=0.3459
  Epoch   8/35 | LR=1.11e-03 | TLoss=21.1026 | VLoss=39.9642 | AP@50=0.1234 | SliceAP=0.4653 | EMA_SliceAP=0.3817
  Epoch   9/35 | LR=1.25e-03 | TLoss=22.2832 | VLoss=34.4338 | AP@50=0.1600 | SliceAP=0.4950 | EMA_SliceAP=0.4157
  [Early stop at epoch 9, best EMA SliceAP=0.6139]
  [Checkpoints] top-3 saved → /fs01/home/dhaneshr/code/obj-det-test/checkpoints/hparam_v5/trial_0421/swa_manifest.yaml

[Trial 427] lr=1.24e-03  wd=1.26e-03  stride=10  bs=16  mosaic=0.56  ls=0.090  clahe=True  ssr=True  rbc=True  median=True(limit=5)  speckle=False(light)  cp_p=0.64
ScanAwareSampler: 13 scans, 2306 total slices, stride=10 → ~236 slices/epoch (10% of training set per epoch)
  Epoch   1/35 | LR=1.24e-04 | TLoss=306.0982 | VLoss=356.8395 | AP@50=0.0006 | SliceAP=0.1881 | EMA_SliceAP=0.1881
  Epoch   2/35 | LR=2.64e-04 | TLoss=122.7132 | VLoss=141.4497 | AP@50=0.0001 | SliceAP=0.3168 | EMA_SliceAP=0.2267
  Epoch   3/35 | LR=4.04e-04 | TLoss=49.7242 | VLoss=57.0565 | AP@50=0.0001 | SliceAP=0.1386 | EMA_SliceAP=0.2003
  Epoch   4/35 | LR=5.44e-04 | TLoss=32.7045 | VLoss=43.8746 | AP@50=0.0005 | SliceAP=0.0594 | EMA_SliceAP=0.1580
  Epoch   5/35 | LR=6.83e-04 | TLoss=31.6727 | VLoss=40.9135 | AP@50=0.0145 | SliceAP=0.2178 | EMA_SliceAP=0.1760
  Epoch   6/35 | LR=8.23e-04 | TLoss=30.4890 | VLoss=40.0447 | AP@50=0.0102 | SliceAP=0.5050 | EMA_SliceAP=0.2747
  Epoch   7/35 | LR=9.63e-04 | TLoss=26.9908 | VLoss=45.0114 | AP@50=0.0439 | SliceAP=0.3168 | EMA_SliceAP=0.2873
  Epoch   8/35 | LR=1.10e-03 | TLoss=27.3145 | VLoss=42.4845 | AP@50=0.0211 | SliceAP=0.2871 | EMA_SliceAP=0.2873
  Epoch   9/35 | LR=1.24e-03 | TLoss=25.5797 | VLoss=36.3494 | AP@50=0.0911 | SliceAP=0.4455 | EMA_SliceAP=0.3347
  Epoch  10/35 | LR=1.24e-03 | TLoss=24.7138 | VLoss=42.1944 | AP@50=0.0909 | SliceAP=0.3267 | EMA_SliceAP=0.3323
  [Pruned at epoch 10]

[Trial 437] lr=7.75e-04  wd=1.14e-02  stride=10  bs=16  mosaic=0.52  ls=0.104  clahe=True  ssr=False  rbc=True  median=False(limit=5)  speckle=False(heavy)  cp_p=0.62
ScanAwareSampler: 13 scans, 2306 total slices, stride=10 → ~236 slices/epoch (10% of training set per epoch)
  Epoch   1/35 | LR=7.75e-05 | TLoss=313.9293 | VLoss=382.8315 | AP@50=0.0004 | SliceAP=0.1881 | EMA_SliceAP=0.1881
  Epoch   2/35 | LR=1.65e-04 | TLoss=163.1383 | VLoss=186.0601 | AP@50=0.0006 | SliceAP=0.5842 | EMA_SliceAP=0.3069
  Epoch   3/35 | LR=2.52e-04 | TLoss=63.0056 | VLoss=81.9364 | AP@50=0.0000 | SliceAP=0.2673 | EMA_SliceAP=0.2950
  Epoch   4/35 | LR=3.39e-04 | TLoss=37.4236 | VLoss=49.1741 | AP@50=0.0002 | SliceAP=0.1980 | EMA_SliceAP=0.2659
  Epoch   5/35 | LR=4.26e-04 | TLoss=28.9069 | VLoss=45.5932 | AP@50=0.0093 | SliceAP=0.1782 | EMA_SliceAP=0.2396
  Epoch   6/35 | LR=5.14e-04 | TLoss=28.8770 | VLoss=46.4084 | AP@50=0.0001 | SliceAP=0.0792 | EMA_SliceAP=0.1915
  Epoch   7/35 | LR=6.01e-04 | TLoss=28.7964 | VLoss=40.6202 | AP@50=0.0222 | SliceAP=0.4356 | EMA_SliceAP=0.2647
  Epoch   8/35 | LR=6.88e-04 | TLoss=25.5066 | VLoss=44.5447 | AP@50=0.0512 | SliceAP=0.3168 | EMA_SliceAP=0.2804
  Epoch   9/35 | LR=7.75e-04 | TLoss=22.8942 | VLoss=36.6567 | AP@50=0.1296 | SliceAP=0.5941 | EMA_SliceAP=0.3745
  Epoch  10/35 | LR=7.73e-04 | TLoss=21.0100 | VLoss=37.5988 | AP@50=0.0622 | SliceAP=0.6139 | EMA_SliceAP=0.4463
  Epoch  11/35 | LR=7.65e-04 | TLoss=19.1694 | VLoss=48.4826 | AP@50=0.0601 | SliceAP=0.5050 | EMA_SliceAP=0.4639
  Epoch  12/35 | LR=7.52e-04 | TLoss=17.9650 | VLoss=43.0074 | AP@50=0.1436 | SliceAP=0.5941 | EMA_SliceAP=0.5029
  Epoch  13/35 | LR=7.35e-04 | TLoss=16.5462 | VLoss=46.4392 | AP@50=0.1122 | SliceAP=0.5644 | EMA_SliceAP=0.5214
  Epoch  14/35 | LR=7.12e-04 | TLoss=13.9162 | VLoss=41.7978 | AP@50=0.2443 | SliceAP=0.4851 | EMA_SliceAP=0.5105
  Epoch  15/35 | LR=6.86e-04 | TLoss=13.4532 | VLoss=38.7864 | AP@50=0.2216 | SliceAP=0.5941 | EMA_SliceAP=0.5356
  Epoch  16/35 | LR=6.55e-04 | TLoss=11.7713 | VLoss=36.4651 | AP@50=0.3419 | SliceAP=0.6535 | EMA_SliceAP=0.5709
  Epoch  17/35 | LR=6.21e-04 | TLoss=10.7942 | VLoss=37.7312 | AP@50=0.3146 | SliceAP=0.6139 | EMA_SliceAP=0.5838
  Epoch  18/35 | LR=5.84e-04 | TLoss=10.5372 | VLoss=35.9198 | AP@50=0.3841 | SliceAP=0.6931 | EMA_SliceAP=0.6166
  Epoch  19/35 | LR=5.44e-04 | TLoss=10.3483 | VLoss=37.8421 | AP@50=0.3132 | SliceAP=0.5446 | EMA_SliceAP=0.5950
  Epoch  20/35 | LR=5.02e-04 | TLoss=9.8798 | VLoss=30.0865 | AP@50=0.3694 | SliceAP=0.7129 | EMA_SliceAP=0.6303
  Epoch  21/35 | LR=4.59e-04 | TLoss=9.0936 | VLoss=37.2836 | AP@50=0.2645 | SliceAP=0.5248 | EMA_SliceAP=0.5987
  Epoch  22/35 | LR=4.15e-04 | TLoss=8.5373 | VLoss=35.9445 | AP@50=0.3582 | SliceAP=0.6436 | EMA_SliceAP=0.6121
  Epoch  23/35 | LR=3.70e-04 | TLoss=8.0910 | VLoss=35.8615 | AP@50=0.4130 | SliceAP=0.6337 | EMA_SliceAP=0.6186
  Epoch  24/35 | LR=3.26e-04 | TLoss=7.8088 | VLoss=36.4034 | AP@50=0.3368 | SliceAP=0.6337 | EMA_SliceAP=0.6231
  Epoch  25/35 | LR=2.83e-04 | TLoss=8.0370 | VLoss=36.7288 | AP@50=0.3300 | SliceAP=0.5743 | EMA_SliceAP=0.6085
  Epoch  26/35 | LR=2.41e-04 | TLoss=7.6495 | VLoss=36.1998 | AP@50=0.3787 | SliceAP=0.6436 | EMA_SliceAP=0.6190
  Epoch  27/35 | LR=2.01e-04 | TLoss=7.0463 | VLoss=36.7849 | AP@50=0.4196 | SliceAP=0.6535 | EMA_SliceAP=0.6293
  Epoch  28/35 | LR=1.64e-04 | TLoss=6.8725 | VLoss=37.2924 | AP@50=0.4350 | SliceAP=0.6436 | EMA_SliceAP=0.6336
  [Early stop at epoch 28, best EMA SliceAP=0.6303]
  [Checkpoints] top-3 saved → /fs01/home/dhaneshr/code/obj-det-test/checkpoints/hparam_v5/trial_0437/swa_manifest.yaml

[Trial 463] lr=6.85e-04  wd=6.26e-04  stride=10  bs=8  mosaic=0.52  ls=0.118  clahe=False  ssr=True  rbc=False  median=True(limit=7)  speckle=False(light)  cp_p=0.65
ScanAwareSampler: 13 scans, 2306 total slices, stride=10 → ~236 slices/epoch (10% of training set per epoch)
  Epoch   1/35 | LR=6.85e-05 | TLoss=293.4626 | VLoss=322.2996 | AP@50=0.0004 | SliceAP=0.3069 | EMA_SliceAP=0.3069
  Epoch   2/35 | LR=1.45e-04 | TLoss=114.7144 | VLoss=115.0183 | AP@50=0.0003 | SliceAP=0.3564 | EMA_SliceAP=0.3218
  Epoch   3/35 | LR=2.22e-04 | TLoss=45.6221 | VLoss=54.7173 | AP@50=0.0000 | SliceAP=0.0495 | EMA_SliceAP=0.2401
  Epoch   4/35 | LR=2.99e-04 | TLoss=33.8631 | VLoss=40.2043 | AP@50=0.0001 | SliceAP=0.0594 | EMA_SliceAP=0.1859
  Epoch   5/35 | LR=3.76e-04 | TLoss=30.6339 | VLoss=44.1928 | AP@50=0.0008 | SliceAP=0.2772 | EMA_SliceAP=0.2133
  Epoch   6/35 | LR=4.53e-04 | TLoss=29.8354 | VLoss=41.0411 | AP@50=0.0294 | SliceAP=0.4158 | EMA_SliceAP=0.2741
  Epoch   7/35 | LR=5.31e-04 | TLoss=24.9900 | VLoss=48.5976 | AP@50=0.0649 | SliceAP=0.4554 | EMA_SliceAP=0.3285
  Epoch   8/35 | LR=6.08e-04 | TLoss=26.6594 | VLoss=35.1108 | AP@50=0.1198 | SliceAP=0.6238 | EMA_SliceAP=0.4171
  Epoch   9/35 | LR=6.85e-04 | TLoss=22.8289 | VLoss=35.1605 | AP@50=0.1538 | SliceAP=0.6535 | EMA_SliceAP=0.4880
  Epoch  10/35 | LR=6.82e-04 | TLoss=19.9115 | VLoss=39.1372 | AP@50=0.1397 | SliceAP=0.4653 | EMA_SliceAP=0.4812
  Epoch  11/35 | LR=6.75e-04 | TLoss=20.5649 | VLoss=34.6139 | AP@50=0.0594 | SliceAP=0.6139 | EMA_SliceAP=0.5210
  Epoch  12/35 | LR=6.64e-04 | TLoss=18.5080 | VLoss=38.7257 | AP@50=0.1747 | SliceAP=0.5248 | EMA_SliceAP=0.5221
  Epoch  13/35 | LR=6.49e-04 | TLoss=16.2304 | VLoss=35.4349 | AP@50=0.3328 | SliceAP=0.6832 | EMA_SliceAP=0.5704
  Epoch  14/35 | LR=6.29e-04 | TLoss=15.1107 | VLoss=37.0246 | AP@50=0.2750 | SliceAP=0.6832 | EMA_SliceAP=0.6043
  Epoch  15/35 | LR=6.06e-04 | TLoss=14.9121 | VLoss=37.1375 | AP@50=0.2482 | SliceAP=0.6337 | EMA_SliceAP=0.6131
  Epoch  16/35 | LR=5.79e-04 | TLoss=13.3672 | VLoss=37.6810 | AP@50=0.2223 | SliceAP=0.4950 | EMA_SliceAP=0.5777
  Epoch  17/35 | LR=5.49e-04 | TLoss=12.7989 | VLoss=39.0220 | AP@50=0.1446 | SliceAP=0.5743 | EMA_SliceAP=0.5766
  Epoch  18/35 | LR=5.16e-04 | TLoss=12.5089 | VLoss=34.7939 | AP@50=0.2848 | SliceAP=0.7327 | EMA_SliceAP=0.6235
  Epoch  19/35 | LR=4.81e-04 | TLoss=11.0383 | VLoss=37.2445 | AP@50=0.1729 | SliceAP=0.5941 | EMA_SliceAP=0.6146
  Epoch  20/35 | LR=4.44e-04 | TLoss=10.1556 | VLoss=35.1618 | AP@50=0.3361 | SliceAP=0.5941 | EMA_SliceAP=0.6085
  Epoch  21/35 | LR=4.06e-04 | TLoss=10.6419 | VLoss=33.8651 | AP@50=0.4065 | SliceAP=0.7327 | EMA_SliceAP=0.6457
  Epoch  22/35 | LR=3.67e-04 | TLoss=11.1386 | VLoss=35.7140 | AP@50=0.4271 | SliceAP=0.7129 | EMA_SliceAP=0.6659
  Epoch  23/35 | LR=3.28e-04 | TLoss=10.5621 | VLoss=36.7480 | AP@50=0.3052 | SliceAP=0.6733 | EMA_SliceAP=0.6681
  Epoch  24/35 | LR=2.89e-04 | TLoss=9.5989 | VLoss=34.2631 | AP@50=0.4187 | SliceAP=0.7129 | EMA_SliceAP=0.6815
  Epoch  25/35 | LR=2.51e-04 | TLoss=9.4475 | VLoss=36.1303 | AP@50=0.4781 | SliceAP=0.6832 | EMA_SliceAP=0.6820
  Epoch  26/35 | LR=2.14e-04 | TLoss=8.8987 | VLoss=32.9458 | AP@50=0.4897 | SliceAP=0.7129 | EMA_SliceAP=0.6913
  Epoch  27/35 | LR=1.79e-04 | TLoss=8.5467 | VLoss=35.1567 | AP@50=0.4102 | SliceAP=0.6733 | EMA_SliceAP=0.6859
  Epoch  28/35 | LR=1.46e-04 | TLoss=8.3188 | VLoss=34.6524 | AP@50=0.4586 | SliceAP=0.6832 | EMA_SliceAP=0.6851
  Epoch  29/35 | LR=1.16e-04 | TLoss=8.9049 | VLoss=35.1844 | AP@50=0.4499 | SliceAP=0.7030 | EMA_SliceAP=0.6904
  Epoch  30/35 | LR=8.89e-05 | TLoss=8.4327 | VLoss=35.4644 | AP@50=0.4700 | SliceAP=0.7129 | EMA_SliceAP=0.6972
  Epoch  31/35 | LR=6.55e-05 | TLoss=8.1385 | VLoss=35.9426 | AP@50=0.4007 | SliceAP=0.6832 | EMA_SliceAP=0.6930
  Epoch  32/35 | LR=4.59e-05 | TLoss=8.0764 | VLoss=35.8251 | AP@50=0.4568 | SliceAP=0.7030 | EMA_SliceAP=0.6960
  Epoch  33/35 | LR=3.03e-05 | TLoss=7.5186 | VLoss=36.1343 | AP@50=0.4331 | SliceAP=0.7030 | EMA_SliceAP=0.6981
  Epoch  34/35 | LR=1.91e-05 | TLoss=7.5517 | VLoss=35.7593 | AP@50=0.4537 | SliceAP=0.7228 | EMA_SliceAP=0.7055
  Epoch  35/35 | LR=1.23e-05 | TLoss=7.5507 | VLoss=35.8272 | AP@50=0.4611 | SliceAP=0.7228 | EMA_SliceAP=0.7107
  [Checkpoints] top-3 saved → /fs01/home/dhaneshr/code/obj-det-test/checkpoints/hparam_v5/trial_0463/swa_manifest.yaml

[Trial 490] lr=5.54e-04  wd=2.51e-03  stride=5  bs=8  mosaic=0.68  ls=0.126  clahe=False  ssr=True  rbc=False  median=True(limit=7)  speckle=False(light)  cp_p=0.67
ScanAwareSampler: 13 scans, 2306 total slices, stride=5 → ~467 slices/epoch (20% of training set per epoch)
  Epoch   1/35 | LR=5.54e-05 | TLoss=209.6914 | VLoss=251.8161 | AP@50=0.0005 | SliceAP=0.4059 | EMA_SliceAP=0.4059
  Epoch   2/35 | LR=1.18e-04 | TLoss=58.4098 | VLoss=71.0480 | AP@50=0.0000 | SliceAP=0.2673 | EMA_SliceAP=0.3644
  Epoch   3/35 | LR=1.80e-04 | TLoss=31.6862 | VLoss=44.3247 | AP@50=0.0065 | SliceAP=0.4257 | EMA_SliceAP=0.3828
  Epoch   4/35 | LR=2.42e-04 | TLoss=27.8460 | VLoss=48.8340 | AP@50=0.0040 | SliceAP=0.4356 | EMA_SliceAP=0.3986
  Epoch   5/35 | LR=3.05e-04 | TLoss=23.4086 | VLoss=40.2520 | AP@50=0.0441 | SliceAP=0.5347 | EMA_SliceAP=0.4394
  Epoch   6/35 | LR=3.67e-04 | TLoss=20.3341 | VLoss=46.0599 | AP@50=0.2214 | SliceAP=0.6139 | EMA_SliceAP=0.4918
  Epoch   7/35 | LR=4.30e-04 | TLoss=15.9693 | VLoss=38.4865 | AP@50=0.1438 | SliceAP=0.6139 | EMA_SliceAP=0.5284
  Epoch   8/35 | LR=4.92e-04 | TLoss=14.2163 | VLoss=46.7244 | AP@50=0.0782 | SliceAP=0.5446 | EMA_SliceAP=0.5332
  Epoch   9/35 | LR=5.54e-04 | TLoss=12.5249 | VLoss=46.1375 | AP@50=0.2355 | SliceAP=0.7030 | EMA_SliceAP=0.5842
  Epoch  10/35 | LR=5.52e-04 | TLoss=11.6544 | VLoss=43.9979 | AP@50=0.1403 | SliceAP=0.4059 | EMA_SliceAP=0.5307
  Epoch  11/35 | LR=5.47e-04 | TLoss=10.5938 | VLoss=38.8406 | AP@50=0.2370 | SliceAP=0.6139 | EMA_SliceAP=0.5556
  Epoch  12/35 | LR=5.38e-04 | TLoss=9.8008 | VLoss=38.0220 | AP@50=0.3034 | SliceAP=0.5941 | EMA_SliceAP=0.5672
  Epoch  13/35 | LR=5.25e-04 | TLoss=10.3461 | VLoss=45.4954 | AP@50=0.1968 | SliceAP=0.6535 | EMA_SliceAP=0.5931
  Epoch  14/35 | LR=5.09e-04 | TLoss=8.9579 | VLoss=39.6757 | AP@50=0.0919 | SliceAP=0.5644 | EMA_SliceAP=0.5844
  Epoch  15/35 | LR=4.91e-04 | TLoss=8.7490 | VLoss=34.9889 | AP@50=0.1831 | SliceAP=0.5644 | EMA_SliceAP=0.5784
  Epoch  16/35 | LR=4.69e-04 | TLoss=8.2281 | VLoss=39.2096 | AP@50=0.1917 | SliceAP=0.6040 | EMA_SliceAP=0.5861
  Epoch  17/35 | LR=4.45e-04 | TLoss=8.0031 | VLoss=35.3415 | AP@50=0.3025 | SliceAP=0.7228 | EMA_SliceAP=0.6271
  [CheckpointManager] WARNING: failed to save epoch 17 checkpoint ([enforce fail at inline_container.cc:668] . unexpected pos 96768 vs 96664); skipping — trial continues.
  Epoch  18/35 | LR=4.18e-04 | TLoss=7.6596 | VLoss=35.8301 | AP@50=0.3046 | SliceAP=0.6931 | EMA_SliceAP=0.6469
  [CheckpointManager] WARNING: failed to save epoch 18 checkpoint ([enforce fail at inline_container.cc:668] . unexpected pos 96768 vs 96664); skipping — trial continues.
  Epoch  19/35 | LR=3.90e-04 | TLoss=7.4991 | VLoss=40.4554 | AP@50=0.2072 | SliceAP=0.5545 | EMA_SliceAP=0.6192
  [CheckpointManager] WARNING: failed to save epoch 19 checkpoint ([enforce fail at inline_container.cc:668] . unexpected pos 96768 vs 96664); skipping — trial continues.
  Epoch  20/35 | LR=3.60e-04 | TLoss=6.7661 | VLoss=39.4976 | AP@50=0.3352 | SliceAP=0.6139 | EMA_SliceAP=0.6176
  [CheckpointManager] WARNING: failed to save epoch 20 checkpoint ([enforce fail at inline_container.cc:668] . unexpected pos 96768 vs 96664); skipping — trial continues.
  Epoch  21/35 | LR=3.29e-04 | TLoss=7.1768 | VLoss=39.2815 | AP@50=0.3429 | SliceAP=0.6436 | EMA_SliceAP=0.6254
  [CheckpointManager] WARNING: failed to save epoch 21 checkpoint ([enforce fail at inline_container.cc:668] . unexpected pos 96768 vs 96664); skipping — trial continues.
  Epoch  22/35 | LR=2.98e-04 | TLoss=6.7770 | VLoss=36.4756 | AP@50=0.3750 | SliceAP=0.6238 | EMA_SliceAP=0.6249
  [CheckpointManager] WARNING: failed to save epoch 22 checkpoint ([enforce fail at inline_container.cc:668] . unexpected pos 96768 vs 96664); skipping — trial continues.
  Epoch  23/35 | LR=2.66e-04 | TLoss=6.2155 | VLoss=36.4386 | AP@50=0.3580 | SliceAP=0.5446 | EMA_SliceAP=0.6008
  [CheckpointManager] WARNING: failed to save epoch 23 checkpoint ([enforce fail at inline_container.cc:668] . unexpected pos 96768 vs 96664); skipping — trial continues.
  Epoch  24/35 | LR=2.35e-04 | TLoss=6.3584 | VLoss=37.5697 | AP@50=0.3196 | SliceAP=0.6337 | EMA_SliceAP=0.6106
  [CheckpointManager] WARNING: failed to save epoch 24 checkpoint ([enforce fail at inline_container.cc:668] . unexpected pos 96768 vs 96664); skipping — trial continues.
  Epoch  25/35 | LR=2.04e-04 | TLoss=5.6671 | VLoss=36.7045 | AP@50=0.3715 | SliceAP=0.6634 | EMA_SliceAP=0.6265
  [CheckpointManager] WARNING: failed to save epoch 25 checkpoint ([enforce fail at inline_container.cc:668] . unexpected pos 37745984 vs 37745880); skipping — trial continues.
  Epoch  26/35 | LR=1.74e-04 | TLoss=6.2239 | VLoss=36.8908 | AP@50=0.3409 | SliceAP=0.5743 | EMA_SliceAP=0.6108
  [CheckpointManager] WARNING: failed to save epoch 26 checkpoint ([enforce fail at inline_container.cc:668] . unexpected pos 37745984 vs 37745880); skipping — trial continues.
  [Early stop at epoch 26, best EMA SliceAP=0.6469]
  [Checkpoints] top-3 saved → /fs01/home/dhaneshr/code/obj-det-test/checkpoints/hparam_v5/trial_0490/swa_manifest.yaml

[Trial 507] lr=4.80e-04  wd=9.78e-04  stride=5  bs=8  mosaic=0.47  ls=0.062  clahe=False  ssr=True  rbc=False  median=True(limit=7)  speckle=True(light)  cp_p=0.49
ScanAwareSampler: 13 scans, 2306 total slices, stride=5 → ~467 slices/epoch (20% of training set per epoch)
  Epoch   1/35 | LR=4.80e-05 | TLoss=275.6633 | VLoss=265.8181 | AP@50=0.0003 | SliceAP=0.5347 | EMA_SliceAP=0.5347
  Epoch   2/35 | LR=1.02e-04 | TLoss=87.1332 | VLoss=77.1566 | AP@50=0.0002 | SliceAP=0.3960 | EMA_SliceAP=0.4931
  Epoch   3/35 | LR=1.56e-04 | TLoss=37.3458 | VLoss=46.3057 | AP@50=0.0002 | SliceAP=0.0495 | EMA_SliceAP=0.3600
  Epoch   4/35 | LR=2.10e-04 | TLoss=28.4156 | VLoss=42.2643 | AP@50=0.0293 | SliceAP=0.6139 | EMA_SliceAP=0.4362
  Epoch   5/35 | LR=2.64e-04 | TLoss=26.0993 | VLoss=39.9674 | AP@50=0.1158 | SliceAP=0.4455 | EMA_SliceAP=0.4390
  Epoch   6/35 | LR=3.18e-04 | TLoss=25.6452 | VLoss=39.0413 | AP@50=0.1111 | SliceAP=0.5050 | EMA_SliceAP=0.4588
  Epoch   7/35 | LR=3.72e-04 | TLoss=20.6831 | VLoss=37.8804 | AP@50=0.1918 | SliceAP=0.6238 | EMA_SliceAP=0.5083
  Epoch   8/35 | LR=4.26e-04 | TLoss=17.2878 | VLoss=41.1466 | AP@50=0.1310 | SliceAP=0.5842 | EMA_SliceAP=0.5310
  Epoch   9/35 | LR=4.80e-04 | TLoss=15.2979 | VLoss=33.2961 | AP@50=0.2325 | SliceAP=0.6634 | EMA_SliceAP=0.5707
  Epoch  10/35 | LR=4.78e-04 | TLoss=13.2387 | VLoss=39.2456 | AP@50=0.2400 | SliceAP=0.5149 | EMA_SliceAP=0.5540
  Epoch  11/35 | LR=4.73e-04 | TLoss=12.3303 | VLoss=35.6064 | AP@50=0.1888 | SliceAP=0.5842 | EMA_SliceAP=0.5630
  Epoch  12/35 | LR=4.66e-04 | TLoss=12.0262 | VLoss=37.7496 | AP@50=0.2246 | SliceAP=0.6931 | EMA_SliceAP=0.6020
  [CheckpointManager] WARNING: failed to save epoch 12 checkpoint ([enforce fail at inline_container.cc:668] . unexpected pos 20942656 vs 20942552); skipping — trial continues.
  Epoch  13/35 | LR=4.55e-04 | TLoss=11.5383 | VLoss=33.1301 | AP@50=0.3384 | SliceAP=0.6733 | EMA_SliceAP=0.6234
  [CheckpointManager] WARNING: failed to save epoch 13 checkpoint ([enforce fail at inline_container.cc:668] . unexpected pos 20942656 vs 20942552); skipping — trial continues.
  Epoch  14/35 | LR=4.41e-04 | TLoss=10.6307 | VLoss=32.8008 | AP@50=0.3244 | SliceAP=0.6436 | EMA_SliceAP=0.6295
  [CheckpointManager] WARNING: failed to save epoch 14 checkpoint ([enforce fail at inline_container.cc:668] . unexpected pos 20942656 vs 20942552); skipping — trial continues.
  Epoch  15/35 | LR=4.25e-04 | TLoss=10.1084 | VLoss=34.6111 | AP@50=0.2301 | SliceAP=0.6535 | EMA_SliceAP=0.6367
  [CheckpointManager] WARNING: failed to save epoch 15 checkpoint ([enforce fail at inline_container.cc:668] . unexpected pos 20942656 vs 20942552); skipping — trial continues.
  Epoch  16/35 | LR=4.06e-04 | TLoss=9.4932 | VLoss=35.2253 | AP@50=0.3495 | SliceAP=0.6535 | EMA_SliceAP=0.6417
  [CheckpointManager] WARNING: failed to save epoch 16 checkpoint ([enforce fail at inline_container.cc:668] . unexpected pos 20942656 vs 20942552); skipping — trial continues.
  Epoch  17/35 | LR=3.85e-04 | TLoss=9.7459 | VLoss=35.2924 | AP@50=0.3465 | SliceAP=0.6337 | EMA_SliceAP=0.6393
  [CheckpointManager] WARNING: failed to save epoch 17 checkpoint ([enforce fail at inline_container.cc:668] . unexpected pos 20942656 vs 20942552); skipping — trial continues.
  Epoch  18/35 | LR=3.62e-04 | TLoss=9.0425 | VLoss=34.6495 | AP@50=0.2361 | SliceAP=0.6436 | EMA_SliceAP=0.6406
  [CheckpointManager] WARNING: failed to save epoch 18 checkpoint ([enforce fail at inline_container.cc:668] . unexpected pos 20942656 vs 20942552); skipping — trial continues.
  Epoch  19/35 | LR=3.38e-04 | TLoss=8.7132 | VLoss=38.8007 | AP@50=0.2554 | SliceAP=0.6337 | EMA_SliceAP=0.6385
  [CheckpointManager] WARNING: failed to save epoch 19 checkpoint ([enforce fail at inline_container.cc:668] . unexpected pos 20942656 vs 20942552); skipping — trial continues.
  Epoch  20/35 | LR=3.12e-04 | TLoss=8.5941 | VLoss=35.0045 | AP@50=0.2521 | SliceAP=0.6040 | EMA_SliceAP=0.6281
  [CheckpointManager] WARNING: failed to save epoch 20 checkpoint ([enforce fail at inline_container.cc:668] . unexpected pos 20942656 vs 20942552); skipping — trial continues.
  Epoch  21/35 | LR=2.86e-04 | TLoss=7.9846 | VLoss=35.9679 | AP@50=0.3299 | SliceAP=0.6238 | EMA_SliceAP=0.6268
  [CheckpointManager] WARNING: failed to save epoch 21 checkpoint ([enforce fail at inline_container.cc:668] . unexpected pos 20942656 vs 20942552); skipping — trial continues.
  Epoch  22/35 | LR=2.58e-04 | TLoss=7.4955 | VLoss=33.1886 | AP@50=0.3475 | SliceAP=0.6535 | EMA_SliceAP=0.6348
  Epoch  23/35 | LR=2.31e-04 | TLoss=7.2116 | VLoss=33.7492 | AP@50=0.3083 | SliceAP=0.6238 | EMA_SliceAP=0.6315
  [CheckpointManager] WARNING: failed to save epoch 23 checkpoint ([enforce fail at inline_container.cc:668] . unexpected pos 37745984 vs 37745880); skipping — trial continues.
  Epoch  24/35 | LR=2.04e-04 | TLoss=7.0828 | VLoss=34.9790 | AP@50=0.3598 | SliceAP=0.6337 | EMA_SliceAP=0.6321
  [CheckpointManager] WARNING: failed to save epoch 24 checkpoint ([enforce fail at inline_container.cc:668] . unexpected pos 37745984 vs 37745880); skipping — trial continues.
  [Early stop at epoch 24, best EMA SliceAP=0.6417]
  [Checkpoints] top-3 saved → /fs01/home/dhaneshr/code/obj-det-test/checkpoints/hparam_v5/trial_0507/swa_manifest.yaml

=== Worker done | Completed: 193 | Pruned: 233 ===
Best EMA SliceAP@50 across all workers: 0.7500
Best params: {'learning_rate': 0.0008429170022484867, 'weight_decay': 0.003959664482397866, 'mosaic_prob': 0.3236212685407541, 'label_smooth': 0.0785569963656005, 'copy_paste_p': 0.4936612542488167, 'slice_stride': 10, 'batch_size': 16, 'use_clahe': False, 'use_shift_scale_rotate': True, 'use_brightness_contrast': False, 'use_median_blur': True, 'median_blur_limit': 3, 'use_speckle_noise': False, 'speckle_level': 'light'}

Saving top-5 configs to train/config/
  Rank  1 | SliceAP=0.7500 | {'learning_rate': 0.0008429170022484867, 'weight_decay': 0.003959664482397866, 'mosaic_prob': 0.3236212685407541, 'label_smooth': 0.0785569963656005, 'copy_paste_p': 0.4936612542488167, 'slice_stride': 10, 'batch_size': 16, 'use_clahe': False, 'use_shift_scale_rotate': True, 'use_brightness_contrast': False, 'use_median_blur': True, 'median_blur_limit': 3, 'use_speckle_noise': False, 'speckle_level': 'light'} → hparam_v5_rank01_sliceap0.7500.yaml
  Rank  2 | SliceAP=0.7354 | {'learning_rate': 0.0003986356095300661, 'weight_decay': 0.0008184536335034803, 'mosaic_prob': 0.39925159231236523, 'label_smooth': 0.08656560788058495, 'copy_paste_p': 0.2607812711893872, 'slice_stride': 10, 'batch_size': 16, 'use_clahe': True, 'use_shift_scale_rotate': True, 'use_brightness_contrast': False, 'use_median_blur': True, 'median_blur_limit': 5, 'use_speckle_noise': False, 'speckle_level': 'medium'} → hparam_v5_rank02_sliceap0.7354.yaml
  Rank  3 | SliceAP=0.7289 | {'learning_rate': 0.0010573285181248791, 'weight_decay': 0.0009805711381455752, 'mosaic_prob': 0.4849570091206274, 'label_smooth': 0.06826033352830266, 'copy_paste_p': 0.6657024265231213, 'slice_stride': 10, 'batch_size': 16, 'use_clahe': False, 'use_shift_scale_rotate': True, 'use_brightness_contrast': False, 'use_median_blur': True, 'median_blur_limit': 5, 'use_speckle_noise': True, 'speckle_level': 'light'} → hparam_v5_rank03_sliceap0.7289.yaml
  Rank  4 | SliceAP=0.7226 | {'learning_rate': 0.0006111637950915517, 'weight_decay': 0.0013113903481051876, 'mosaic_prob': 0.3811807846071478, 'label_smooth': 0.10324127742588578, 'copy_paste_p': 0.32400213637436137, 'slice_stride': 10, 'batch_size': 8, 'use_clahe': True, 'use_shift_scale_rotate': True, 'use_brightness_contrast': False, 'use_median_blur': True, 'median_blur_limit': 7, 'use_speckle_noise': False, 'speckle_level': 'medium'} → hparam_v5_rank04_sliceap0.7226.yaml
  Rank  5 | SliceAP=0.7200 | {'learning_rate': 0.0008707839533447586, 'weight_decay': 0.0005757261670218325, 'mosaic_prob': 0.6726633168632645, 'label_smooth': 0.08888718601656813, 'copy_paste_p': 0.21558603956491457, 'slice_stride': 10, 'batch_size': 16, 'use_clahe': True, 'use_shift_scale_rotate': True, 'use_brightness_contrast': False, 'use_median_blur': True, 'median_blur_limit': 5, 'use_speckle_noise': False, 'speckle_level': 'medium'} → hparam_v5_rank05_sliceap0.7200.yaml

Best config (EMA SliceAP@50=0.7500) → train/config/best_hyperparams_v5.yaml
Task 8 completed at: Wed Mar 18 01:04:57 AM EDT 2026
