Job array    : 994, task 19
Node         : bn040
Started at   : Thu Mar 19 11:24:03 AM EDT 2026
Config       : train/config/best_hyperparams_v5_pu_loss.yaml
Study        : yoloe_hparam_search_v6 @ sqlite:////fs01/home/dhaneshr/code/obj-det-test/optuna_studies/yoloe_hparam_search_v6.db
Trials       : 15 (this worker)
Epochs/trial : 35 (max, EMA early stopping patience=8)
Checkpoints  : top-3 per trial (min EMA=0.6) → /fs01/home/dhaneshr/code/obj-det-test/checkpoints/hparam_v6
Study name   : yoloe_hparam_search_v6
Storage      : sqlite:////fs01/home/dhaneshr/code/obj-det-test/optuna_studies/yoloe_hparam_search_v6.db
Trials       : 15 (this worker)
Epochs/trial : 35 (max, EMA early stopping patience=8)
EMA alpha    : 0.3
Checkpoints  : top-3 per trial → /fs01/home/dhaneshr/code/obj-det-test/checkpoints/hparam_v6

[Trial 57] lr=4.33e-04  wd=3.68e-02  stride=10  bs=16  mosaic=0.67  ls=0.090  clahe=True  ssr=True  rbc=False  median=True(limit=5)  speckle=False(medium)  cp_p=0.28
ScanAwareSampler: 13 scans, 2306 total slices, stride=10 → ~236 slices/epoch (10% of training set per epoch)
  Epoch   1/35 | LR=4.33e-05 | TLoss=194.4271 | VLoss=185.6481 | AP@50=0.0002 | SliceAP=0.1881 | EMA_SliceAP=0.1881
  Epoch   2/35 | LR=9.20e-05 | TLoss=152.3702 | VLoss=147.4143 | AP@50=0.0011 | SliceAP=0.4851 | EMA_SliceAP=0.2772
  Epoch   3/35 | LR=1.41e-04 | TLoss=79.2939 | VLoss=108.6816 | AP@50=0.0003 | SliceAP=0.3762 | EMA_SliceAP=0.3069
  Epoch   4/35 | LR=1.89e-04 | TLoss=45.4294 | VLoss=70.4550 | AP@50=0.0001 | SliceAP=0.2178 | EMA_SliceAP=0.2802
  Epoch   5/35 | LR=2.38e-04 | TLoss=32.0106 | VLoss=52.2949 | AP@50=0.0005 | SliceAP=0.0792 | EMA_SliceAP=0.2199
  Epoch   6/35 | LR=2.87e-04 | TLoss=26.1448 | VLoss=39.4291 | AP@50=0.0000 | SliceAP=0.0099 | EMA_SliceAP=0.1569
  Epoch   7/35 | LR=3.35e-04 | TLoss=25.7628 | VLoss=38.6319 | AP@50=0.0014 | SliceAP=0.0099 | EMA_SliceAP=0.1128
  Epoch   8/35 | LR=3.84e-04 | TLoss=25.0706 | VLoss=38.9532 | AP@50=0.0082 | SliceAP=0.1683 | EMA_SliceAP=0.1295
  Epoch   9/35 | LR=4.33e-04 | TLoss=23.8118 | VLoss=37.0332 | AP@50=0.1007 | SliceAP=0.1287 | EMA_SliceAP=0.1292
  Epoch  10/35 | LR=4.31e-04 | TLoss=22.3137 | VLoss=42.0686 | AP@50=0.0626 | SliceAP=0.2871 | EMA_SliceAP=0.1766
  [Pruned at epoch 10]

[Trial 60] lr=7.48e-04  wd=3.97e-03  stride=10  bs=8  mosaic=0.32  ls=0.091  clahe=True  ssr=False  rbc=False  median=False(limit=7)  speckle=False(medium)  cp_p=0.29
ScanAwareSampler: 13 scans, 2306 total slices, stride=10 → ~236 slices/epoch (10% of training set per epoch)
  Epoch   1/35 | LR=7.48e-05 | TLoss=179.2367 | VLoss=158.5930 | AP@50=0.0000 | SliceAP=0.2079 | EMA_SliceAP=0.2079
  Epoch   2/35 | LR=1.59e-04 | TLoss=85.2626 | VLoss=68.2335 | AP@50=0.0002 | SliceAP=0.2970 | EMA_SliceAP=0.2347
  Epoch   3/35 | LR=2.43e-04 | TLoss=38.2924 | VLoss=40.0911 | AP@50=0.0002 | SliceAP=0.0792 | EMA_SliceAP=0.1880
  Epoch   4/35 | LR=3.27e-04 | TLoss=29.7420 | VLoss=36.5215 | AP@50=0.0007 | SliceAP=0.0198 | EMA_SliceAP=0.1376
  Epoch   5/35 | LR=4.11e-04 | TLoss=28.7372 | VLoss=34.3217 | AP@50=0.0000 | SliceAP=0.0099 | EMA_SliceAP=0.0993
  Epoch   6/35 | LR=4.95e-04 | TLoss=26.7377 | VLoss=34.3604 | AP@50=0.0209 | SliceAP=0.3267 | EMA_SliceAP=0.1675
  Epoch   7/35 | LR=5.79e-04 | TLoss=27.3616 | VLoss=36.0446 | AP@50=0.0023 | SliceAP=0.0396 | EMA_SliceAP=0.1291
  Epoch   8/35 | LR=6.63e-04 | TLoss=26.4253 | VLoss=37.8491 | AP@50=0.0667 | SliceAP=0.3267 | EMA_SliceAP=0.1884
  Epoch   9/35 | LR=7.48e-04 | TLoss=23.1059 | VLoss=35.7427 | AP@50=0.2084 | SliceAP=0.5743 | EMA_SliceAP=0.3042
  Epoch  10/35 | LR=7.45e-04 | TLoss=19.9832 | VLoss=36.6181 | AP@50=0.1707 | SliceAP=0.4950 | EMA_SliceAP=0.3614
  Epoch  11/35 | LR=7.38e-04 | TLoss=17.9515 | VLoss=34.1317 | AP@50=0.2584 | SliceAP=0.6337 | EMA_SliceAP=0.4431
  Epoch  12/35 | LR=7.25e-04 | TLoss=15.6411 | VLoss=35.7590 | AP@50=0.1923 | SliceAP=0.6040 | EMA_SliceAP=0.4914
  Epoch  13/35 | LR=7.08e-04 | TLoss=14.0644 | VLoss=32.5043 | AP@50=0.2425 | SliceAP=0.5941 | EMA_SliceAP=0.5222
  Epoch  14/35 | LR=6.87e-04 | TLoss=13.8706 | VLoss=32.0266 | AP@50=0.2396 | SliceAP=0.5545 | EMA_SliceAP=0.5319
  Epoch  15/35 | LR=6.61e-04 | TLoss=12.2190 | VLoss=33.6312 | AP@50=0.3138 | SliceAP=0.5941 | EMA_SliceAP=0.5505
  Epoch  16/35 | LR=6.32e-04 | TLoss=10.5786 | VLoss=32.7530 | AP@50=0.3039 | SliceAP=0.6436 | EMA_SliceAP=0.5784
  Epoch  17/35 | LR=5.99e-04 | TLoss=9.3774 | VLoss=30.7538 | AP@50=0.3619 | SliceAP=0.6535 | EMA_SliceAP=0.6009
  Epoch  18/35 | LR=5.63e-04 | TLoss=9.0265 | VLoss=29.5228 | AP@50=0.3470 | SliceAP=0.6634 | EMA_SliceAP=0.6197
  Epoch  19/35 | LR=5.25e-04 | TLoss=8.8613 | VLoss=33.6153 | AP@50=0.3060 | SliceAP=0.5941 | EMA_SliceAP=0.6120
  Epoch  20/35 | LR=4.85e-04 | TLoss=8.3342 | VLoss=29.2526 | AP@50=0.3509 | SliceAP=0.7129 | EMA_SliceAP=0.6423
  Epoch  21/35 | LR=4.43e-04 | TLoss=7.8831 | VLoss=33.5854 | AP@50=0.2672 | SliceAP=0.5842 | EMA_SliceAP=0.6248
  Epoch  22/35 | LR=4.00e-04 | TLoss=7.9656 | VLoss=30.8480 | AP@50=0.3794 | SliceAP=0.6337 | EMA_SliceAP=0.6275
  Epoch  23/35 | LR=3.57e-04 | TLoss=6.9801 | VLoss=30.0538 | AP@50=0.3344 | SliceAP=0.6040 | EMA_SliceAP=0.6204
  Epoch  24/35 | LR=3.15e-04 | TLoss=7.3788 | VLoss=30.6955 | AP@50=0.3367 | SliceAP=0.6634 | EMA_SliceAP=0.6333
  Epoch  25/35 | LR=2.73e-04 | TLoss=6.1083 | VLoss=32.6661 | AP@50=0.3674 | SliceAP=0.5941 | EMA_SliceAP=0.6215
  Epoch  26/35 | LR=2.33e-04 | TLoss=6.3069 | VLoss=32.5250 | AP@50=0.4078 | SliceAP=0.6337 | EMA_SliceAP=0.6252
  Epoch  27/35 | LR=1.94e-04 | TLoss=6.2994 | VLoss=31.0067 | AP@50=0.3421 | SliceAP=0.6832 | EMA_SliceAP=0.6426
  Epoch  28/35 | LR=1.59e-04 | TLoss=5.8480 | VLoss=31.9018 | AP@50=0.3970 | SliceAP=0.6337 | EMA_SliceAP=0.6399
  [Early stop at epoch 28, best EMA SliceAP=0.6423]
  [Checkpoints] top-3 saved → /fs01/home/dhaneshr/code/obj-det-test/checkpoints/hparam_v6/trial_0060/swa_manifest.yaml

[Trial 86] lr=1.80e-03  wd=1.54e-02  stride=5  bs=32  mosaic=0.78  ls=0.057  clahe=False  ssr=False  rbc=True  median=False(limit=3)  speckle=True(light)  cp_p=0.21
ScanAwareSampler: 13 scans, 2306 total slices, stride=5 → ~467 slices/epoch (20% of training set per epoch)
  Epoch   1/35 | LR=1.80e-04 | TLoss=133.7587 | VLoss=111.7472 | AP@50=0.0004 | SliceAP=0.1881 | EMA_SliceAP=0.1881
  Epoch   2/35 | LR=3.83e-04 | TLoss=37.4135 | VLoss=47.7383 | AP@50=0.0000 | SliceAP=0.3564 | EMA_SliceAP=0.2386
  Epoch   3/35 | LR=5.86e-04 | TLoss=25.2548 | VLoss=44.6744 | AP@50=0.0000 | SliceAP=0.0099 | EMA_SliceAP=0.1700
  Epoch   4/35 | LR=7.88e-04 | TLoss=23.2622 | VLoss=41.0093 | AP@50=0.0097 | SliceAP=0.4059 | EMA_SliceAP=0.2408
  Epoch   5/35 | LR=9.91e-04 | TLoss=20.3654 | VLoss=43.0013 | AP@50=0.0034 | SliceAP=0.3366 | EMA_SliceAP=0.2695
  Epoch   6/35 | LR=1.19e-03 | TLoss=16.7110 | VLoss=39.2261 | AP@50=0.0018 | SliceAP=0.5842 | EMA_SliceAP=0.3639
  Epoch   7/35 | LR=1.40e-03 | TLoss=16.3189 | VLoss=37.3500 | AP@50=0.0070 | SliceAP=0.5743 | EMA_SliceAP=0.4270
  Epoch   8/35 | LR=1.60e-03 | TLoss=11.9749 | VLoss=39.2320 | AP@50=0.0915 | SliceAP=0.4851 | EMA_SliceAP=0.4445
  Epoch   9/35 | LR=1.80e-03 | TLoss=12.6715 | VLoss=38.0117 | AP@50=0.0008 | SliceAP=0.3960 | EMA_SliceAP=0.4299
  Epoch  10/35 | LR=1.80e-03 | TLoss=11.0275 | VLoss=41.8820 | AP@50=0.0067 | SliceAP=0.3465 | EMA_SliceAP=0.4049
  [Pruned at epoch 10]

[Trial 95] lr=2.79e-04  wd=1.16e-03  stride=7  bs=32  mosaic=0.60  ls=0.108  clahe=False  ssr=True  rbc=True  median=True(limit=7)  speckle=True(heavy)  cp_p=0.34
ScanAwareSampler: 13 scans, 2306 total slices, stride=7 → ~336 slices/epoch (15% of training set per epoch)
  Epoch   1/35 | LR=2.79e-05 | TLoss=194.0432 | VLoss=215.7209 | AP@50=0.0005 | SliceAP=0.1881 | EMA_SliceAP=0.1881
  Epoch   2/35 | LR=5.93e-05 | TLoss=168.7521 | VLoss=163.9406 | AP@50=0.0023 | SliceAP=0.1881 | EMA_SliceAP=0.1881
  Epoch   3/35 | LR=9.07e-05 | TLoss=133.0091 | VLoss=132.8895 | AP@50=0.0000 | SliceAP=0.3564 | EMA_SliceAP=0.2386
  Epoch   4/35 | LR=1.22e-04 | TLoss=84.6003 | VLoss=84.5728 | AP@50=0.0000 | SliceAP=0.6337 | EMA_SliceAP=0.3571
  Epoch   5/35 | LR=1.53e-04 | TLoss=46.6531 | VLoss=57.4767 | AP@50=0.0000 | SliceAP=0.4455 | EMA_SliceAP=0.3837
  Epoch   6/35 | LR=1.85e-04 | TLoss=33.6203 | VLoss=45.8672 | AP@50=0.0001 | SliceAP=0.4950 | EMA_SliceAP=0.4171
  Epoch   7/35 | LR=2.16e-04 | TLoss=30.4974 | VLoss=44.3316 | AP@50=0.0001 | SliceAP=0.5644 | EMA_SliceAP=0.4613
  Epoch   8/35 | LR=2.48e-04 | TLoss=30.6688 | VLoss=42.1607 | AP@50=0.0001 | SliceAP=0.4752 | EMA_SliceAP=0.4655
  Epoch   9/35 | LR=2.79e-04 | TLoss=27.3882 | VLoss=45.4295 | AP@50=0.0000 | SliceAP=0.3960 | EMA_SliceAP=0.4446
  Epoch  10/35 | LR=2.78e-04 | TLoss=27.7678 | VLoss=40.2270 | AP@50=0.0000 | SliceAP=0.2376 | EMA_SliceAP=0.3825
  [Pruned at epoch 10]

[Trial 112] lr=3.10e-04  wd=3.02e-04  stride=10  bs=16  mosaic=0.47  ls=0.148  clahe=True  ssr=True  rbc=False  median=True(limit=5)  speckle=False(medium)  cp_p=0.51
ScanAwareSampler: 13 scans, 2306 total slices, stride=10 → ~236 slices/epoch (10% of training set per epoch)
  Epoch   1/35 | LR=3.10e-05 | TLoss=194.5799 | VLoss=199.8803 | AP@50=0.0000 | SliceAP=0.1881 | EMA_SliceAP=0.1881
  Epoch   2/35 | LR=6.58e-05 | TLoss=156.2824 | VLoss=147.5199 | AP@50=0.0000 | SliceAP=0.4455 | EMA_SliceAP=0.2653
  Epoch   3/35 | LR=1.01e-04 | TLoss=94.8889 | VLoss=89.3867 | AP@50=0.0000 | SliceAP=0.5149 | EMA_SliceAP=0.3402
  Epoch   4/35 | LR=1.35e-04 | TLoss=47.9667 | VLoss=53.8117 | AP@50=0.0000 | SliceAP=0.4158 | EMA_SliceAP=0.3629
  Epoch   5/35 | LR=1.70e-04 | TLoss=36.4156 | VLoss=45.0664 | AP@50=0.0001 | SliceAP=0.5050 | EMA_SliceAP=0.4055
  Epoch   6/35 | LR=2.05e-04 | TLoss=30.9104 | VLoss=44.2316 | AP@50=0.0000 | SliceAP=0.3663 | EMA_SliceAP=0.3938
  Epoch   7/35 | LR=2.40e-04 | TLoss=30.1219 | VLoss=41.0494 | AP@50=0.0001 | SliceAP=0.3861 | EMA_SliceAP=0.3915
  Epoch   8/35 | LR=2.75e-04 | TLoss=31.0321 | VLoss=39.8776 | AP@50=0.0000 | SliceAP=0.1287 | EMA_SliceAP=0.3126
  Epoch   9/35 | LR=3.10e-04 | TLoss=27.3039 | VLoss=43.3286 | AP@50=0.0007 | SliceAP=0.1089 | EMA_SliceAP=0.2515
  Epoch  10/35 | LR=3.09e-04 | TLoss=26.1775 | VLoss=36.8280 | AP@50=0.0060 | SliceAP=0.5347 | EMA_SliceAP=0.3365
  Epoch  11/35 | LR=3.06e-04 | TLoss=24.7035 | VLoss=37.4365 | AP@50=0.0023 | SliceAP=0.3960 | EMA_SliceAP=0.3543
  Epoch  12/35 | LR=3.01e-04 | TLoss=22.4464 | VLoss=34.7313 | AP@50=0.0092 | SliceAP=0.5644 | EMA_SliceAP=0.4173
  Epoch  13/35 | LR=2.94e-04 | TLoss=20.3272 | VLoss=37.1727 | AP@50=0.0085 | SliceAP=0.6040 | EMA_SliceAP=0.4733
  Epoch  14/35 | LR=2.85e-04 | TLoss=19.9296 | VLoss=34.2370 | AP@50=0.0442 | SliceAP=0.5248 | EMA_SliceAP=0.4888
  Epoch  15/35 | LR=2.75e-04 | TLoss=18.4230 | VLoss=36.3452 | AP@50=0.0770 | SliceAP=0.5842 | EMA_SliceAP=0.5174
  Epoch  16/35 | LR=2.63e-04 | TLoss=17.7144 | VLoss=35.7512 | AP@50=0.1016 | SliceAP=0.6436 | EMA_SliceAP=0.5552
  Epoch  17/35 | LR=2.49e-04 | TLoss=15.6749 | VLoss=34.9009 | AP@50=0.0963 | SliceAP=0.6337 | EMA_SliceAP=0.5788
  Epoch  18/35 | LR=2.35e-04 | TLoss=15.1748 | VLoss=36.2561 | AP@50=0.1723 | SliceAP=0.6436 | EMA_SliceAP=0.5982
  Epoch  19/35 | LR=2.19e-04 | TLoss=14.6157 | VLoss=32.3445 | AP@50=0.2709 | SliceAP=0.6337 | EMA_SliceAP=0.6088
  Epoch  20/35 | LR=2.03e-04 | TLoss=13.7047 | VLoss=33.6971 | AP@50=0.0855 | SliceAP=0.5941 | EMA_SliceAP=0.6044
  Epoch  21/35 | LR=1.86e-04 | TLoss=13.6852 | VLoss=35.8596 | AP@50=0.2208 | SliceAP=0.6040 | EMA_SliceAP=0.6043
  Epoch  22/35 | LR=1.69e-04 | TLoss=12.8465 | VLoss=32.5881 | AP@50=0.2110 | SliceAP=0.6337 | EMA_SliceAP=0.6131
  Epoch  23/35 | LR=1.51e-04 | TLoss=12.4928 | VLoss=32.6320 | AP@50=0.2019 | SliceAP=0.7129 | EMA_SliceAP=0.6430
  Epoch  24/35 | LR=1.34e-04 | TLoss=12.7974 | VLoss=33.4867 | AP@50=0.2311 | SliceAP=0.6634 | EMA_SliceAP=0.6491
  Epoch  25/35 | LR=1.17e-04 | TLoss=11.6011 | VLoss=33.2714 | AP@50=0.2621 | SliceAP=0.6337 | EMA_SliceAP=0.6445
  Epoch  26/35 | LR=1.00e-04 | TLoss=12.3068 | VLoss=32.6955 | AP@50=0.2123 | SliceAP=0.6436 | EMA_SliceAP=0.6442
  Epoch  27/35 | LR=8.49e-05 | TLoss=10.8875 | VLoss=32.7951 | AP@50=0.1693 | SliceAP=0.6139 | EMA_SliceAP=0.6351
  Epoch  28/35 | LR=7.04e-05 | TLoss=11.0272 | VLoss=32.2488 | AP@50=0.3307 | SliceAP=0.7129 | EMA_SliceAP=0.6584
  Epoch  29/35 | LR=5.70e-05 | TLoss=10.3122 | VLoss=32.8789 | AP@50=0.2462 | SliceAP=0.7030 | EMA_SliceAP=0.6718
  Epoch  30/35 | LR=4.51e-05 | TLoss=10.6687 | VLoss=31.5060 | AP@50=0.3349 | SliceAP=0.7228 | EMA_SliceAP=0.6871
  Epoch  31/35 | LR=3.46e-05 | TLoss=10.8364 | VLoss=32.5215 | AP@50=0.2877 | SliceAP=0.6832 | EMA_SliceAP=0.6859
  Epoch  32/35 | LR=2.59e-05 | TLoss=9.5847 | VLoss=32.9765 | AP@50=0.2530 | SliceAP=0.6931 | EMA_SliceAP=0.6881
  Epoch  33/35 | LR=1.90e-05 | TLoss=9.0299 | VLoss=33.1882 | AP@50=0.2819 | SliceAP=0.6931 | EMA_SliceAP=0.6896
  Epoch  34/35 | LR=1.40e-05 | TLoss=9.2502 | VLoss=32.6568 | AP@50=0.3173 | SliceAP=0.7030 | EMA_SliceAP=0.6936
  Epoch  35/35 | LR=1.10e-05 | TLoss=9.2939 | VLoss=32.2848 | AP@50=0.3315 | SliceAP=0.7129 | EMA_SliceAP=0.6994
  [Checkpoints] top-3 saved → /fs01/home/dhaneshr/code/obj-det-test/checkpoints/hparam_v6/trial_0112/swa_manifest.yaml

[Trial 146] lr=2.05e-04  wd=2.18e-04  stride=7  bs=16  mosaic=0.53  ls=0.020  clahe=True  ssr=True  rbc=False  median=True(limit=5)  speckle=False(heavy)  cp_p=0.56
ScanAwareSampler: 13 scans, 2306 total slices, stride=7 → ~336 slices/epoch (15% of training set per epoch)
  Epoch   1/35 | LR=2.05e-05 | TLoss=199.8479 | VLoss=217.6035 | AP@50=0.0000 | SliceAP=0.1881 | EMA_SliceAP=0.1881
  Epoch   2/35 | LR=4.35e-05 | TLoss=166.0016 | VLoss=150.7646 | AP@50=0.0005 | SliceAP=0.3663 | EMA_SliceAP=0.2416
  Epoch   3/35 | LR=6.65e-05 | TLoss=106.2094 | VLoss=112.3174 | AP@50=0.0000 | SliceAP=0.6040 | EMA_SliceAP=0.3503
  Epoch   4/35 | LR=8.96e-05 | TLoss=59.1671 | VLoss=90.3816 | AP@50=0.0000 | SliceAP=0.3366 | EMA_SliceAP=0.3462
  Epoch   5/35 | LR=1.13e-04 | TLoss=42.7830 | VLoss=64.1749 | AP@50=0.0002 | SliceAP=0.2970 | EMA_SliceAP=0.3314
  Epoch   6/35 | LR=1.36e-04 | TLoss=34.2574 | VLoss=51.5739 | AP@50=0.0001 | SliceAP=0.2871 | EMA_SliceAP=0.3182
  Epoch   7/35 | LR=1.59e-04 | TLoss=31.8677 | VLoss=42.2988 | AP@50=0.0000 | SliceAP=0.0693 | EMA_SliceAP=0.2435
  Epoch   8/35 | LR=1.82e-04 | TLoss=27.6411 | VLoss=37.0766 | AP@50=0.0018 | SliceAP=0.1188 | EMA_SliceAP=0.2061
  Epoch   9/35 | LR=2.05e-04 | TLoss=24.3959 | VLoss=36.0835 | AP@50=0.0010 | SliceAP=0.0693 | EMA_SliceAP=0.1651
  Epoch  10/35 | LR=2.04e-04 | TLoss=23.5832 | VLoss=38.1555 | AP@50=0.0089 | SliceAP=0.3069 | EMA_SliceAP=0.2076
  [Pruned at epoch 10]

[Trial 166] lr=4.91e-04  wd=4.37e-04  stride=7  bs=16  mosaic=0.34  ls=0.035  clahe=True  ssr=True  rbc=False  median=True(limit=5)  speckle=False(heavy)  cp_p=0.47
ScanAwareSampler: 13 scans, 2306 total slices, stride=7 → ~336 slices/epoch (15% of training set per epoch)
  Epoch   1/35 | LR=4.91e-05 | TLoss=197.9709 | VLoss=181.3540 | AP@50=0.0005 | SliceAP=0.1881 | EMA_SliceAP=0.1881
  Epoch   2/35 | LR=1.04e-04 | TLoss=123.9487 | VLoss=105.2751 | AP@50=0.0000 | SliceAP=0.6040 | EMA_SliceAP=0.3129
  Epoch   3/35 | LR=1.60e-04 | TLoss=63.2008 | VLoss=75.3584 | AP@50=0.0003 | SliceAP=0.4455 | EMA_SliceAP=0.3527
  Epoch   4/35 | LR=2.15e-04 | TLoss=38.9895 | VLoss=45.4432 | AP@50=0.0003 | SliceAP=0.3663 | EMA_SliceAP=0.3568
  Epoch   5/35 | LR=2.70e-04 | TLoss=32.2626 | VLoss=41.4960 | AP@50=0.0000 | SliceAP=0.0000 | EMA_SliceAP=0.2497
  Epoch   6/35 | LR=3.25e-04 | TLoss=30.1813 | VLoss=35.8285 | AP@50=0.0003 | SliceAP=0.0396 | EMA_SliceAP=0.1867
  Epoch   7/35 | LR=3.80e-04 | TLoss=29.1030 | VLoss=37.0853 | AP@50=0.0075 | SliceAP=0.1980 | EMA_SliceAP=0.1901
  Epoch   8/35 | LR=4.36e-04 | TLoss=25.6461 | VLoss=40.2209 | AP@50=0.0187 | SliceAP=0.4554 | EMA_SliceAP=0.2697
  Epoch   9/35 | LR=4.91e-04 | TLoss=23.7723 | VLoss=36.3423 | AP@50=0.1057 | SliceAP=0.4653 | EMA_SliceAP=0.3284
  Epoch  10/35 | LR=4.89e-04 | TLoss=22.4162 | VLoss=37.5378 | AP@50=0.0253 | SliceAP=0.5050 | EMA_SliceAP=0.3814
  Epoch  11/35 | LR=4.84e-04 | TLoss=20.1381 | VLoss=38.9994 | AP@50=0.0330 | SliceAP=0.7030 | EMA_SliceAP=0.4778
  Epoch  12/35 | LR=4.76e-04 | TLoss=19.0021 | VLoss=33.2130 | AP@50=0.2789 | SliceAP=0.6931 | EMA_SliceAP=0.5424
  Epoch  13/35 | LR=4.65e-04 | TLoss=16.0799 | VLoss=36.9760 | AP@50=0.3279 | SliceAP=0.7624 | EMA_SliceAP=0.6084
  Epoch  14/35 | LR=4.51e-04 | TLoss=15.1011 | VLoss=30.9978 | AP@50=0.2685 | SliceAP=0.7129 | EMA_SliceAP=0.6397
  Epoch  15/35 | LR=4.35e-04 | TLoss=14.6899 | VLoss=35.0965 | AP@50=0.3143 | SliceAP=0.6832 | EMA_SliceAP=0.6528
  Epoch  16/35 | LR=4.15e-04 | TLoss=13.6129 | VLoss=29.9775 | AP@50=0.4287 | SliceAP=0.7327 | EMA_SliceAP=0.6767
  Epoch  17/35 | LR=3.94e-04 | TLoss=12.4877 | VLoss=32.0336 | AP@50=0.4019 | SliceAP=0.6733 | EMA_SliceAP=0.6757
  Epoch  18/35 | LR=3.71e-04 | TLoss=12.1807 | VLoss=36.1196 | AP@50=0.3510 | SliceAP=0.6436 | EMA_SliceAP=0.6661
  Epoch  19/35 | LR=3.46e-04 | TLoss=11.6726 | VLoss=35.3705 | AP@50=0.2633 | SliceAP=0.5941 | EMA_SliceAP=0.6445
  Epoch  20/35 | LR=3.19e-04 | TLoss=10.8121 | VLoss=31.6110 | AP@50=0.3983 | SliceAP=0.6535 | EMA_SliceAP=0.6472
  Epoch  21/35 | LR=2.92e-04 | TLoss=10.5651 | VLoss=29.8722 | AP@50=0.3752 | SliceAP=0.7129 | EMA_SliceAP=0.6669
  Epoch  22/35 | LR=2.64e-04 | TLoss=10.1748 | VLoss=30.4141 | AP@50=0.4447 | SliceAP=0.7426 | EMA_SliceAP=0.6896
  Epoch  23/35 | LR=2.36e-04 | TLoss=10.4326 | VLoss=29.3021 | AP@50=0.3974 | SliceAP=0.7228 | EMA_SliceAP=0.6995
  Epoch  24/35 | LR=2.09e-04 | TLoss=9.8719 | VLoss=29.9402 | AP@50=0.4558 | SliceAP=0.7525 | EMA_SliceAP=0.7154
  Epoch  25/35 | LR=1.81e-04 | TLoss=9.3382 | VLoss=31.9097 | AP@50=0.3891 | SliceAP=0.7228 | EMA_SliceAP=0.7176
  Epoch  26/35 | LR=1.55e-04 | TLoss=9.0638 | VLoss=31.6599 | AP@50=0.3865 | SliceAP=0.6832 | EMA_SliceAP=0.7073
  Epoch  27/35 | LR=1.30e-04 | TLoss=8.5192 | VLoss=29.0428 | AP@50=0.4456 | SliceAP=0.7129 | EMA_SliceAP=0.7090
  Epoch  28/35 | LR=1.07e-04 | TLoss=8.1394 | VLoss=31.6181 | AP@50=0.4578 | SliceAP=0.7327 | EMA_SliceAP=0.7161
  Epoch  29/35 | LR=8.54e-05 | TLoss=8.3220 | VLoss=31.2041 | AP@50=0.4490 | SliceAP=0.7327 | EMA_SliceAP=0.7211
  Epoch  30/35 | LR=6.63e-05 | TLoss=8.1171 | VLoss=30.2751 | AP@50=0.4490 | SliceAP=0.7129 | EMA_SliceAP=0.7186
  Epoch  31/35 | LR=4.96e-05 | TLoss=7.7620 | VLoss=30.8417 | AP@50=0.4987 | SliceAP=0.7327 | EMA_SliceAP=0.7228
  Epoch  32/35 | LR=3.56e-05 | TLoss=7.7038 | VLoss=30.5458 | AP@50=0.4789 | SliceAP=0.7525 | EMA_SliceAP=0.7317
  Epoch  33/35 | LR=2.45e-05 | TLoss=7.5388 | VLoss=29.8377 | AP@50=0.4599 | SliceAP=0.7525 | EMA_SliceAP=0.7379
  Epoch  34/35 | LR=1.65e-05 | TLoss=8.0401 | VLoss=30.3405 | AP@50=0.4630 | SliceAP=0.7426 | EMA_SliceAP=0.7393
  Epoch  35/35 | LR=1.16e-05 | TLoss=7.1528 | VLoss=29.9003 | AP@50=0.4701 | SliceAP=0.7426 | EMA_SliceAP=0.7403
  [Checkpoints] top-3 saved → /fs01/home/dhaneshr/code/obj-det-test/checkpoints/hparam_v6/trial_0166/swa_manifest.yaml

[Trial 202] lr=3.28e-04  wd=6.30e-03  stride=7  bs=16  mosaic=0.56  ls=0.031  clahe=True  ssr=True  rbc=False  median=True(limit=5)  speckle=False(heavy)  cp_p=0.53
ScanAwareSampler: 13 scans, 2306 total slices, stride=7 → ~336 slices/epoch (15% of training set per epoch)
  Epoch   1/35 | LR=3.28e-05 | TLoss=185.4806 | VLoss=186.1258 | AP@50=0.0006 | SliceAP=0.1980 | EMA_SliceAP=0.1980
  Epoch   2/35 | LR=6.97e-05 | TLoss=139.9199 | VLoss=145.6046 | AP@50=0.0002 | SliceAP=0.5050 | EMA_SliceAP=0.2901
  Epoch   3/35 | LR=1.07e-04 | TLoss=74.7464 | VLoss=104.0437 | AP@50=0.0002 | SliceAP=0.3465 | EMA_SliceAP=0.3070
  Epoch   4/35 | LR=1.43e-04 | TLoss=45.8343 | VLoss=63.4150 | AP@50=0.0002 | SliceAP=0.2277 | EMA_SliceAP=0.2832
  Epoch   5/35 | LR=1.80e-04 | TLoss=33.0896 | VLoss=46.9125 | AP@50=0.0000 | SliceAP=0.0099 | EMA_SliceAP=0.2012
  Epoch   6/35 | LR=2.17e-04 | TLoss=27.5086 | VLoss=39.7474 | AP@50=0.0000 | SliceAP=0.0000 | EMA_SliceAP=0.1409
  Epoch   7/35 | LR=2.54e-04 | TLoss=27.4782 | VLoss=40.5438 | AP@50=0.0012 | SliceAP=0.2475 | EMA_SliceAP=0.1729
  Epoch   8/35 | LR=2.91e-04 | TLoss=24.7143 | VLoss=37.6212 | AP@50=0.0636 | SliceAP=0.3663 | EMA_SliceAP=0.2309
  Epoch   9/35 | LR=3.28e-04 | TLoss=24.8979 | VLoss=39.1264 | AP@50=0.0491 | SliceAP=0.3861 | EMA_SliceAP=0.2775
  Epoch  10/35 | LR=3.27e-04 | TLoss=23.1809 | VLoss=36.3399 | AP@50=0.1474 | SliceAP=0.3861 | EMA_SliceAP=0.3101
  [Pruned at epoch 10]

[Trial 210] lr=4.43e-04  wd=8.64e-04  stride=7  bs=8  mosaic=0.48  ls=0.027  clahe=True  ssr=True  rbc=False  median=True(limit=5)  speckle=False(heavy)  cp_p=0.51
ScanAwareSampler: 13 scans, 2306 total slices, stride=7 → ~336 slices/epoch (15% of training set per epoch)
  Epoch   1/35 | LR=4.43e-05 | TLoss=159.1309 | VLoss=138.6859 | AP@50=0.0001 | SliceAP=0.4356 | EMA_SliceAP=0.4356
  Epoch   2/35 | LR=9.41e-05 | TLoss=62.7900 | VLoss=56.1513 | AP@50=0.0000 | SliceAP=0.4554 | EMA_SliceAP=0.4416
  Epoch   3/35 | LR=1.44e-04 | TLoss=34.6989 | VLoss=45.9943 | AP@50=0.0001 | SliceAP=0.4554 | EMA_SliceAP=0.4457
  Epoch   4/35 | LR=1.94e-04 | TLoss=33.4385 | VLoss=39.3102 | AP@50=0.0001 | SliceAP=0.1089 | EMA_SliceAP=0.3447
  Epoch   5/35 | LR=2.44e-04 | TLoss=27.4101 | VLoss=37.2107 | AP@50=0.0010 | SliceAP=0.2871 | EMA_SliceAP=0.3274
  Epoch   6/35 | LR=2.93e-04 | TLoss=24.5832 | VLoss=34.3663 | AP@50=0.0023 | SliceAP=0.4455 | EMA_SliceAP=0.3629
  Epoch   7/35 | LR=3.43e-04 | TLoss=21.3558 | VLoss=36.9004 | AP@50=0.0046 | SliceAP=0.6040 | EMA_SliceAP=0.4352
  Epoch   8/35 | LR=3.93e-04 | TLoss=18.6539 | VLoss=41.2019 | AP@50=0.0026 | SliceAP=0.4950 | EMA_SliceAP=0.4531
  Epoch   9/35 | LR=4.43e-04 | TLoss=17.2906 | VLoss=35.0502 | AP@50=0.0014 | SliceAP=0.4554 | EMA_SliceAP=0.4538
  Epoch  10/35 | LR=4.42e-04 | TLoss=15.7940 | VLoss=29.1861 | AP@50=0.0054 | SliceAP=0.6733 | EMA_SliceAP=0.5197
  Epoch  11/35 | LR=4.37e-04 | TLoss=14.1226 | VLoss=33.3109 | AP@50=0.0039 | SliceAP=0.4752 | EMA_SliceAP=0.5063
  Epoch  12/35 | LR=4.30e-04 | TLoss=12.4533 | VLoss=30.1889 | AP@50=0.0136 | SliceAP=0.5941 | EMA_SliceAP=0.5327
  Epoch  13/35 | LR=4.20e-04 | TLoss=12.0536 | VLoss=31.9530 | AP@50=0.2748 | SliceAP=0.6436 | EMA_SliceAP=0.5659
  Epoch  14/35 | LR=4.07e-04 | TLoss=11.4697 | VLoss=35.0920 | AP@50=0.3031 | SliceAP=0.7228 | EMA_SliceAP=0.6130
  Epoch  15/35 | LR=3.92e-04 | TLoss=10.4233 | VLoss=34.3878 | AP@50=0.4119 | SliceAP=0.6733 | EMA_SliceAP=0.6311
  Epoch  16/35 | LR=3.75e-04 | TLoss=9.9954 | VLoss=32.6397 | AP@50=0.3569 | SliceAP=0.6535 | EMA_SliceAP=0.6378
  Epoch  17/35 | LR=3.56e-04 | TLoss=9.3490 | VLoss=32.3467 | AP@50=0.0252 | SliceAP=0.7030 | EMA_SliceAP=0.6573
  Epoch  18/35 | LR=3.35e-04 | TLoss=8.6871 | VLoss=31.5313 | AP@50=0.3254 | SliceAP=0.6832 | EMA_SliceAP=0.6651
  Epoch  19/35 | LR=3.12e-04 | TLoss=8.7671 | VLoss=36.1976 | AP@50=0.0064 | SliceAP=0.6139 | EMA_SliceAP=0.6497
  Epoch  20/35 | LR=2.89e-04 | TLoss=9.1682 | VLoss=30.6636 | AP@50=0.0132 | SliceAP=0.7327 | EMA_SliceAP=0.6746
  Epoch  21/35 | LR=2.64e-04 | TLoss=8.5332 | VLoss=33.7301 | AP@50=0.2090 | SliceAP=0.7129 | EMA_SliceAP=0.6861
  Epoch  22/35 | LR=2.39e-04 | TLoss=8.2190 | VLoss=31.9959 | AP@50=0.3811 | SliceAP=0.6733 | EMA_SliceAP=0.6822
  Epoch  23/35 | LR=2.14e-04 | TLoss=7.9129 | VLoss=29.9525 | AP@50=0.3555 | SliceAP=0.6733 | EMA_SliceAP=0.6795
  Epoch  24/35 | LR=1.89e-04 | TLoss=7.8324 | VLoss=28.6844 | AP@50=0.2849 | SliceAP=0.6337 | EMA_SliceAP=0.6658
  Epoch  25/35 | LR=1.64e-04 | TLoss=7.4388 | VLoss=30.2587 | AP@50=0.2886 | SliceAP=0.7129 | EMA_SliceAP=0.6799
  Epoch  26/35 | LR=1.41e-04 | TLoss=7.4917 | VLoss=32.8113 | AP@50=0.2398 | SliceAP=0.6535 | EMA_SliceAP=0.6720
  Epoch  27/35 | LR=1.18e-04 | TLoss=7.0651 | VLoss=32.9839 | AP@50=0.0273 | SliceAP=0.6634 | EMA_SliceAP=0.6694
  Epoch  28/35 | LR=9.72e-05 | TLoss=6.8267 | VLoss=31.5610 | AP@50=0.3691 | SliceAP=0.6733 | EMA_SliceAP=0.6706
  Epoch  29/35 | LR=7.79e-05 | TLoss=6.6722 | VLoss=33.0195 | AP@50=0.0346 | SliceAP=0.6832 | EMA_SliceAP=0.6743
  [Early stop at epoch 29, best EMA SliceAP=0.6861]
  [Checkpoints] top-3 saved → /fs01/home/dhaneshr/code/obj-det-test/checkpoints/hparam_v6/trial_0210/swa_manifest.yaml

[Trial 240] lr=8.62e-04  wd=1.90e-04  stride=7  bs=16  mosaic=0.46  ls=0.017  clahe=True  ssr=True  rbc=False  median=True(limit=5)  speckle=False(heavy)  cp_p=0.49
ScanAwareSampler: 13 scans, 2306 total slices, stride=7 → ~336 slices/epoch (15% of training set per epoch)
  Epoch   1/35 | LR=8.62e-05 | TLoss=164.9245 | VLoss=129.8116 | AP@50=0.0004 | SliceAP=0.1782 | EMA_SliceAP=0.1782
  Epoch   2/35 | LR=1.83e-04 | TLoss=61.9996 | VLoss=49.5560 | AP@50=0.0005 | SliceAP=0.4455 | EMA_SliceAP=0.2584
  Epoch   3/35 | LR=2.80e-04 | TLoss=34.6419 | VLoss=44.3145 | AP@50=0.0011 | SliceAP=0.4950 | EMA_SliceAP=0.3294
  Epoch   4/35 | LR=3.77e-04 | TLoss=33.2052 | VLoss=38.7692 | AP@50=0.0000 | SliceAP=0.2871 | EMA_SliceAP=0.3167
  Epoch   5/35 | LR=4.74e-04 | TLoss=28.6513 | VLoss=40.0428 | AP@50=0.0002 | SliceAP=0.1584 | EMA_SliceAP=0.2692
  Epoch   6/35 | LR=5.71e-04 | TLoss=25.9622 | VLoss=41.5644 | AP@50=0.0009 | SliceAP=0.2772 | EMA_SliceAP=0.2716
  Epoch   7/35 | LR=6.68e-04 | TLoss=25.9166 | VLoss=37.4539 | AP@50=0.0000 | SliceAP=0.0000 | EMA_SliceAP=0.1901
  Epoch   8/35 | LR=7.65e-04 | TLoss=25.3536 | VLoss=45.5634 | AP@50=0.0011 | SliceAP=0.2871 | EMA_SliceAP=0.2192
  Epoch   9/35 | LR=8.62e-04 | TLoss=22.6637 | VLoss=36.2415 | AP@50=0.0011 | SliceAP=0.2871 | EMA_SliceAP=0.2396
  Epoch  10/35 | LR=8.59e-04 | TLoss=20.9129 | VLoss=32.3149 | AP@50=0.0026 | SliceAP=0.6040 | EMA_SliceAP=0.3489
  Epoch  11/35 | LR=8.51e-04 | TLoss=19.7299 | VLoss=36.5642 | AP@50=0.0073 | SliceAP=0.5941 | EMA_SliceAP=0.4225
  Epoch  12/35 | LR=8.37e-04 | TLoss=17.5510 | VLoss=34.4670 | AP@50=0.2505 | SliceAP=0.5347 | EMA_SliceAP=0.4561
  Epoch  13/35 | LR=8.17e-04 | TLoss=16.6939 | VLoss=32.6374 | AP@50=0.2117 | SliceAP=0.6535 | EMA_SliceAP=0.5153
  Epoch  14/35 | LR=7.92e-04 | TLoss=14.4759 | VLoss=32.4604 | AP@50=0.0159 | SliceAP=0.6238 | EMA_SliceAP=0.5479
  Epoch  15/35 | LR=7.63e-04 | TLoss=13.9851 | VLoss=37.3062 | AP@50=0.2291 | SliceAP=0.6634 | EMA_SliceAP=0.5825
  Epoch  16/35 | LR=7.29e-04 | TLoss=12.5905 | VLoss=35.6110 | AP@50=0.2828 | SliceAP=0.6040 | EMA_SliceAP=0.5889
  Epoch  17/35 | LR=6.91e-04 | TLoss=11.5665 | VLoss=29.6488 | AP@50=0.3956 | SliceAP=0.7327 | EMA_SliceAP=0.6321
  Epoch  18/35 | LR=6.49e-04 | TLoss=11.6407 | VLoss=37.4563 | AP@50=0.1454 | SliceAP=0.6139 | EMA_SliceAP=0.6266
  Epoch  19/35 | LR=6.05e-04 | TLoss=10.9849 | VLoss=32.4883 | AP@50=0.2012 | SliceAP=0.7030 | EMA_SliceAP=0.6495
  Epoch  20/35 | LR=5.58e-04 | TLoss=10.8428 | VLoss=31.2760 | AP@50=0.2820 | SliceAP=0.7030 | EMA_SliceAP=0.6655
  Epoch  21/35 | LR=5.10e-04 | TLoss=9.9541 | VLoss=32.4112 | AP@50=0.3940 | SliceAP=0.6535 | EMA_SliceAP=0.6619
  Epoch  22/35 | LR=4.61e-04 | TLoss=9.7136 | VLoss=30.2148 | AP@50=0.1886 | SliceAP=0.6436 | EMA_SliceAP=0.6564
  Epoch  23/35 | LR=4.11e-04 | TLoss=8.6681 | VLoss=31.1208 | AP@50=0.3392 | SliceAP=0.6733 | EMA_SliceAP=0.6615
  Epoch  24/35 | LR=3.62e-04 | TLoss=8.3488 | VLoss=29.2571 | AP@50=0.4116 | SliceAP=0.6832 | EMA_SliceAP=0.6680
  Epoch  25/35 | LR=3.14e-04 | TLoss=9.2189 | VLoss=32.2723 | AP@50=0.0475 | SliceAP=0.5248 | EMA_SliceAP=0.6250
  Epoch  26/35 | LR=2.67e-04 | TLoss=7.8829 | VLoss=32.5273 | AP@50=0.2770 | SliceAP=0.6634 | EMA_SliceAP=0.6365
  Epoch  27/35 | LR=2.23e-04 | TLoss=8.2584 | VLoss=30.6756 | AP@50=0.2822 | SliceAP=0.6535 | EMA_SliceAP=0.6416
  Epoch  28/35 | LR=1.82e-04 | TLoss=8.0946 | VLoss=32.9821 | AP@50=0.2841 | SliceAP=0.6535 | EMA_SliceAP=0.6452
  [Early stop at epoch 28, best EMA SliceAP=0.6655]
  [Checkpoints] top-3 saved → /fs01/home/dhaneshr/code/obj-det-test/checkpoints/hparam_v6/trial_0240/swa_manifest.yaml

[Trial 265] lr=3.23e-04  wd=1.54e-04  stride=7  bs=16  mosaic=0.54  ls=0.052  clahe=False  ssr=True  rbc=True  median=True(limit=5)  speckle=True(light)  cp_p=0.52
ScanAwareSampler: 13 scans, 2306 total slices, stride=7 → ~336 slices/epoch (15% of training set per epoch)
  Epoch   1/35 | LR=3.23e-05 | TLoss=197.3335 | VLoss=214.7523 | AP@50=0.0013 | SliceAP=0.1782 | EMA_SliceAP=0.1782
  Epoch   2/35 | LR=6.87e-05 | TLoss=146.9181 | VLoss=151.7625 | AP@50=0.0003 | SliceAP=0.5248 | EMA_SliceAP=0.2822
  Epoch   3/35 | LR=1.05e-04 | TLoss=85.1529 | VLoss=110.2499 | AP@50=0.0005 | SliceAP=0.5248 | EMA_SliceAP=0.3550
  Epoch   4/35 | LR=1.42e-04 | TLoss=51.8702 | VLoss=63.9898 | AP@50=0.0008 | SliceAP=0.3960 | EMA_SliceAP=0.3673
  Epoch   5/35 | LR=1.78e-04 | TLoss=35.7454 | VLoss=46.2730 | AP@50=0.0000 | SliceAP=0.0396 | EMA_SliceAP=0.2690
  Epoch   6/35 | LR=2.14e-04 | TLoss=28.5812 | VLoss=40.3982 | AP@50=0.0000 | SliceAP=0.0198 | EMA_SliceAP=0.1942
  Epoch   7/35 | LR=2.51e-04 | TLoss=26.1734 | VLoss=40.2038 | AP@50=0.0000 | SliceAP=0.0099 | EMA_SliceAP=0.1389
  Epoch   8/35 | LR=2.87e-04 | TLoss=26.1841 | VLoss=35.4609 | AP@50=0.0161 | SliceAP=0.1089 | EMA_SliceAP=0.1299
  Epoch   9/35 | LR=3.23e-04 | TLoss=23.7354 | VLoss=34.7003 | AP@50=0.0365 | SliceAP=0.4554 | EMA_SliceAP=0.2276
  Epoch  10/35 | LR=3.22e-04 | TLoss=22.0198 | VLoss=37.1673 | AP@50=0.0188 | SliceAP=0.5050 | EMA_SliceAP=0.3108
  Epoch  11/35 | LR=3.19e-04 | TLoss=20.8027 | VLoss=35.3561 | AP@50=0.0673 | SliceAP=0.5149 | EMA_SliceAP=0.3720
  Epoch  12/35 | LR=3.14e-04 | TLoss=19.5080 | VLoss=35.8619 | AP@50=0.0628 | SliceAP=0.5446 | EMA_SliceAP=0.4238
  Epoch  13/35 | LR=3.07e-04 | TLoss=16.4371 | VLoss=39.1411 | AP@50=0.0802 | SliceAP=0.5644 | EMA_SliceAP=0.4659
  Epoch  14/35 | LR=2.98e-04 | TLoss=16.0111 | VLoss=38.2470 | AP@50=0.2147 | SliceAP=0.6139 | EMA_SliceAP=0.5103
  Epoch  15/35 | LR=2.87e-04 | TLoss=13.5036 | VLoss=34.0209 | AP@50=0.3842 | SliceAP=0.6832 | EMA_SliceAP=0.5622
  Epoch  16/35 | LR=2.74e-04 | TLoss=13.6143 | VLoss=37.6520 | AP@50=0.1999 | SliceAP=0.7129 | EMA_SliceAP=0.6074
  Epoch  17/35 | LR=2.60e-04 | TLoss=12.8562 | VLoss=34.7499 | AP@50=0.3808 | SliceAP=0.7030 | EMA_SliceAP=0.6361
  Epoch  18/35 | LR=2.45e-04 | TLoss=12.3207 | VLoss=32.9777 | AP@50=0.4482 | SliceAP=0.6931 | EMA_SliceAP=0.6532
  Epoch  19/35 | LR=2.29e-04 | TLoss=11.2022 | VLoss=34.1206 | AP@50=0.4297 | SliceAP=0.7030 | EMA_SliceAP=0.6681
  Epoch  20/35 | LR=2.12e-04 | TLoss=10.2693 | VLoss=33.8273 | AP@50=0.3890 | SliceAP=0.6634 | EMA_SliceAP=0.6667
  Epoch  21/35 | LR=1.94e-04 | TLoss=9.9195 | VLoss=34.8680 | AP@50=0.3046 | SliceAP=0.6634 | EMA_SliceAP=0.6657
  Epoch  22/35 | LR=1.76e-04 | TLoss=9.5284 | VLoss=31.9102 | AP@50=0.5102 | SliceAP=0.7129 | EMA_SliceAP=0.6798
  Epoch  23/35 | LR=1.58e-04 | TLoss=9.4117 | VLoss=34.6542 | AP@50=0.3894 | SliceAP=0.7327 | EMA_SliceAP=0.6957
  Epoch  24/35 | LR=1.40e-04 | TLoss=9.0059 | VLoss=35.3165 | AP@50=0.4186 | SliceAP=0.6436 | EMA_SliceAP=0.6801
  Epoch  25/35 | LR=1.22e-04 | TLoss=9.3146 | VLoss=33.9656 | AP@50=0.3787 | SliceAP=0.7129 | EMA_SliceAP=0.6899
  Epoch  26/35 | LR=1.05e-04 | TLoss=8.4228 | VLoss=33.9883 | AP@50=0.4767 | SliceAP=0.6832 | EMA_SliceAP=0.6879
  Epoch  27/35 | LR=8.84e-05 | TLoss=8.4461 | VLoss=33.3219 | AP@50=0.5067 | SliceAP=0.7129 | EMA_SliceAP=0.6954
  Epoch  28/35 | LR=7.31e-05 | TLoss=8.3546 | VLoss=33.3883 | AP@50=0.4988 | SliceAP=0.7228 | EMA_SliceAP=0.7036
  Epoch  29/35 | LR=5.92e-05 | TLoss=8.1132 | VLoss=31.6795 | AP@50=0.5161 | SliceAP=0.7327 | EMA_SliceAP=0.7123
  Epoch  30/35 | LR=4.67e-05 | TLoss=7.5924 | VLoss=33.8655 | AP@50=0.3977 | SliceAP=0.6931 | EMA_SliceAP=0.7065
  Epoch  31/35 | LR=3.58e-05 | TLoss=8.0703 | VLoss=33.7869 | AP@50=0.4377 | SliceAP=0.7129 | EMA_SliceAP=0.7084
  Epoch  32/35 | LR=2.67e-05 | TLoss=7.6694 | VLoss=33.1915 | AP@50=0.4899 | SliceAP=0.6931 | EMA_SliceAP=0.7038
  Epoch  33/35 | LR=1.95e-05 | TLoss=7.8434 | VLoss=33.0852 | AP@50=0.4866 | SliceAP=0.7228 | EMA_SliceAP=0.7095
  Epoch  34/35 | LR=1.42e-05 | TLoss=7.5348 | VLoss=33.0110 | AP@50=0.5048 | SliceAP=0.7030 | EMA_SliceAP=0.7076
  Epoch  35/35 | LR=1.11e-05 | TLoss=7.2123 | VLoss=33.7773 | AP@50=0.4945 | SliceAP=0.6832 | EMA_SliceAP=0.7002
  [Checkpoints] top-3 saved → /fs01/home/dhaneshr/code/obj-det-test/checkpoints/hparam_v6/trial_0265/swa_manifest.yaml

[Trial 294] lr=3.92e-04  wd=2.04e-04  stride=5  bs=16  mosaic=0.53  ls=0.030  clahe=True  ssr=True  rbc=False  median=True(limit=5)  speckle=False(light)  cp_p=0.68
ScanAwareSampler: 13 scans, 2306 total slices, stride=5 → ~467 slices/epoch (20% of training set per epoch)
  Epoch   1/35 | LR=3.92e-05 | TLoss=173.7033 | VLoss=180.0947 | AP@50=0.0004 | SliceAP=0.1782 | EMA_SliceAP=0.1782
  Epoch   2/35 | LR=8.32e-05 | TLoss=83.6480 | VLoss=66.0528 | AP@50=0.0000 | SliceAP=0.6040 | EMA_SliceAP=0.3059
  Epoch   3/35 | LR=1.27e-04 | TLoss=36.5042 | VLoss=46.0629 | AP@50=0.0001 | SliceAP=0.4653 | EMA_SliceAP=0.3538
  Epoch   4/35 | LR=1.71e-04 | TLoss=31.7228 | VLoss=46.3114 | AP@50=0.0001 | SliceAP=0.1881 | EMA_SliceAP=0.3041
  Epoch   5/35 | LR=2.15e-04 | TLoss=28.6161 | VLoss=37.5722 | AP@50=0.0009 | SliceAP=0.2673 | EMA_SliceAP=0.2930
  Epoch   6/35 | LR=2.59e-04 | TLoss=26.5788 | VLoss=36.9855 | AP@50=0.0026 | SliceAP=0.4950 | EMA_SliceAP=0.3536
  Epoch   7/35 | LR=3.03e-04 | TLoss=22.3854 | VLoss=35.9780 | AP@50=0.0007 | SliceAP=0.4257 | EMA_SliceAP=0.3753
  Epoch   8/35 | LR=3.48e-04 | TLoss=20.4065 | VLoss=34.4457 | AP@50=0.0079 | SliceAP=0.4455 | EMA_SliceAP=0.3964
  Epoch   9/35 | LR=3.92e-04 | TLoss=16.6968 | VLoss=43.1361 | AP@50=0.0086 | SliceAP=0.5941 | EMA_SliceAP=0.4557
  Epoch  10/35 | LR=3.90e-04 | TLoss=15.6819 | VLoss=33.1750 | AP@50=0.0040 | SliceAP=0.6634 | EMA_SliceAP=0.5180
  Epoch  11/35 | LR=3.86e-04 | TLoss=14.4502 | VLoss=31.3485 | AP@50=0.2266 | SliceAP=0.6139 | EMA_SliceAP=0.5467
  Epoch  12/35 | LR=3.80e-04 | TLoss=12.4679 | VLoss=32.1174 | AP@50=0.0172 | SliceAP=0.6436 | EMA_SliceAP=0.5758
  Epoch  13/35 | LR=3.71e-04 | TLoss=12.4207 | VLoss=31.1693 | AP@50=0.0217 | SliceAP=0.6436 | EMA_SliceAP=0.5961
  Epoch  14/35 | LR=3.60e-04 | TLoss=11.3880 | VLoss=35.0800 | AP@50=0.0417 | SliceAP=0.6337 | EMA_SliceAP=0.6074
  Epoch  15/35 | LR=3.47e-04 | TLoss=10.9370 | VLoss=30.9083 | AP@50=0.2562 | SliceAP=0.7030 | EMA_SliceAP=0.6361
  Epoch  16/35 | LR=3.32e-04 | TLoss=10.1408 | VLoss=32.3632 | AP@50=0.0251 | SliceAP=0.6535 | EMA_SliceAP=0.6413
  Epoch  17/35 | LR=3.15e-04 | TLoss=9.6728 | VLoss=30.0421 | AP@50=0.4424 | SliceAP=0.7327 | EMA_SliceAP=0.6687
  Epoch  18/35 | LR=2.96e-04 | TLoss=8.9759 | VLoss=36.1842 | AP@50=0.2822 | SliceAP=0.6139 | EMA_SliceAP=0.6522
  Epoch  19/35 | LR=2.76e-04 | TLoss=8.4649 | VLoss=30.3694 | AP@50=0.0739 | SliceAP=0.7426 | EMA_SliceAP=0.6793
  Epoch  20/35 | LR=2.56e-04 | TLoss=8.2787 | VLoss=32.7783 | AP@50=0.3294 | SliceAP=0.6238 | EMA_SliceAP=0.6627
  Epoch  21/35 | LR=2.34e-04 | TLoss=8.2136 | VLoss=34.4603 | AP@50=0.0681 | SliceAP=0.6535 | EMA_SliceAP=0.6599
  Epoch  22/35 | LR=2.12e-04 | TLoss=7.6444 | VLoss=31.9403 | AP@50=0.3879 | SliceAP=0.7129 | EMA_SliceAP=0.6758
  Epoch  23/35 | LR=1.90e-04 | TLoss=7.4249 | VLoss=29.3144 | AP@50=0.0754 | SliceAP=0.7129 | EMA_SliceAP=0.6869
  Epoch  24/35 | LR=1.68e-04 | TLoss=7.0104 | VLoss=33.5531 | AP@50=0.2317 | SliceAP=0.6832 | EMA_SliceAP=0.6858
  Epoch  25/35 | LR=1.46e-04 | TLoss=7.1534 | VLoss=31.1863 | AP@50=0.2317 | SliceAP=0.6931 | EMA_SliceAP=0.6880
  Epoch  26/35 | LR=1.25e-04 | TLoss=6.6623 | VLoss=32.7599 | AP@50=0.0541 | SliceAP=0.6931 | EMA_SliceAP=0.6895
  Epoch  27/35 | LR=1.05e-04 | TLoss=6.7434 | VLoss=31.7238 | AP@50=0.3319 | SliceAP=0.7129 | EMA_SliceAP=0.6965
  Epoch  28/35 | LR=8.69e-05 | TLoss=6.0228 | VLoss=32.3138 | AP@50=0.2906 | SliceAP=0.6832 | EMA_SliceAP=0.6925
  Epoch  29/35 | LR=6.99e-05 | TLoss=5.7325 | VLoss=32.2064 | AP@50=0.2857 | SliceAP=0.6634 | EMA_SliceAP=0.6838
  Epoch  30/35 | LR=5.46e-05 | TLoss=6.2849 | VLoss=32.3006 | AP@50=0.2974 | SliceAP=0.6733 | EMA_SliceAP=0.6806
  [Pruned at epoch 30]

[Trial 316] lr=5.75e-04  wd=2.39e-04  stride=7  bs=16  mosaic=0.54  ls=0.085  clahe=False  ssr=True  rbc=True  median=True(limit=5)  speckle=True(light)  cp_p=0.64
ScanAwareSampler: 13 scans, 2306 total slices, stride=7 → ~336 slices/epoch (15% of training set per epoch)
  Epoch   1/35 | LR=5.75e-05 | TLoss=179.8125 | VLoss=170.1050 | AP@50=0.0004 | SliceAP=0.1782 | EMA_SliceAP=0.1782
  Epoch   2/35 | LR=1.22e-04 | TLoss=97.8571 | VLoss=113.2588 | AP@50=0.0009 | SliceAP=0.5545 | EMA_SliceAP=0.2911
  Epoch   3/35 | LR=1.87e-04 | TLoss=46.4157 | VLoss=59.2434 | AP@50=0.0004 | SliceAP=0.2970 | EMA_SliceAP=0.2929
  Epoch   4/35 | LR=2.52e-04 | TLoss=30.1349 | VLoss=42.0812 | AP@50=0.0001 | SliceAP=0.0792 | EMA_SliceAP=0.2288
  Epoch   5/35 | LR=3.16e-04 | TLoss=27.9095 | VLoss=40.2295 | AP@50=0.0000 | SliceAP=0.0000 | EMA_SliceAP=0.1601
  Epoch   6/35 | LR=3.81e-04 | TLoss=24.8273 | VLoss=40.9268 | AP@50=0.0303 | SliceAP=0.3564 | EMA_SliceAP=0.2190
  Epoch   7/35 | LR=4.46e-04 | TLoss=25.0068 | VLoss=43.7453 | AP@50=0.0027 | SliceAP=0.2178 | EMA_SliceAP=0.2187
  Epoch   8/35 | LR=5.10e-04 | TLoss=25.2183 | VLoss=37.2196 | AP@50=0.0047 | SliceAP=0.2475 | EMA_SliceAP=0.2273
  Epoch   9/35 | LR=5.75e-04 | TLoss=23.1171 | VLoss=36.4563 | AP@50=0.2130 | SliceAP=0.5743 | EMA_SliceAP=0.3314
  Epoch  10/35 | LR=5.73e-04 | TLoss=20.2245 | VLoss=33.5513 | AP@50=0.0785 | SliceAP=0.6238 | EMA_SliceAP=0.4191
  Epoch  11/35 | LR=5.67e-04 | TLoss=17.4028 | VLoss=38.0960 | AP@50=0.1943 | SliceAP=0.5347 | EMA_SliceAP=0.4538
  Epoch  12/35 | LR=5.58e-04 | TLoss=15.9711 | VLoss=39.2051 | AP@50=0.1368 | SliceAP=0.6931 | EMA_SliceAP=0.5256
  Epoch  13/35 | LR=5.45e-04 | TLoss=14.4625 | VLoss=36.1134 | AP@50=0.2048 | SliceAP=0.6832 | EMA_SliceAP=0.5728
  Epoch  14/35 | LR=5.28e-04 | TLoss=14.4577 | VLoss=36.0463 | AP@50=0.3783 | SliceAP=0.7228 | EMA_SliceAP=0.6178
  Epoch  15/35 | LR=5.09e-04 | TLoss=13.4872 | VLoss=32.9850 | AP@50=0.2201 | SliceAP=0.6040 | EMA_SliceAP=0.6137
  Epoch  16/35 | LR=4.86e-04 | TLoss=11.5378 | VLoss=36.1537 | AP@50=0.3237 | SliceAP=0.6733 | EMA_SliceAP=0.6315
  Epoch  17/35 | LR=4.61e-04 | TLoss=10.7665 | VLoss=35.4658 | AP@50=0.3392 | SliceAP=0.6832 | EMA_SliceAP=0.6470
  Epoch  18/35 | LR=4.34e-04 | TLoss=10.8093 | VLoss=34.6135 | AP@50=0.3183 | SliceAP=0.6535 | EMA_SliceAP=0.6490
  Epoch  19/35 | LR=4.04e-04 | TLoss=10.4221 | VLoss=33.3383 | AP@50=0.4033 | SliceAP=0.7228 | EMA_SliceAP=0.6711
  Epoch  20/35 | LR=3.73e-04 | TLoss=9.8155 | VLoss=35.7079 | AP@50=0.3472 | SliceAP=0.7030 | EMA_SliceAP=0.6807
  Epoch  21/35 | LR=3.41e-04 | TLoss=8.8114 | VLoss=33.5385 | AP@50=0.3312 | SliceAP=0.7129 | EMA_SliceAP=0.6903
  Epoch  22/35 | LR=3.09e-04 | TLoss=8.8719 | VLoss=32.2629 | AP@50=0.4205 | SliceAP=0.7129 | EMA_SliceAP=0.6971
  Epoch  23/35 | LR=2.76e-04 | TLoss=8.3463 | VLoss=35.2826 | AP@50=0.3562 | SliceAP=0.6931 | EMA_SliceAP=0.6959
  Epoch  24/35 | LR=2.43e-04 | TLoss=8.2480 | VLoss=33.2243 | AP@50=0.5174 | SliceAP=0.6832 | EMA_SliceAP=0.6921
  Epoch  25/35 | LR=2.11e-04 | TLoss=9.1562 | VLoss=33.1118 | AP@50=0.4586 | SliceAP=0.7327 | EMA_SliceAP=0.7043
  Epoch  26/35 | LR=1.81e-04 | TLoss=8.3671 | VLoss=30.6649 | AP@50=0.4726 | SliceAP=0.7426 | EMA_SliceAP=0.7157
  Epoch  27/35 | LR=1.51e-04 | TLoss=7.9399 | VLoss=34.0834 | AP@50=0.4347 | SliceAP=0.7327 | EMA_SliceAP=0.7208
  Epoch  28/35 | LR=1.24e-04 | TLoss=7.5006 | VLoss=31.4890 | AP@50=0.4971 | SliceAP=0.7327 | EMA_SliceAP=0.7244
  Epoch  29/35 | LR=9.86e-05 | TLoss=7.1117 | VLoss=31.6528 | AP@50=0.4064 | SliceAP=0.7228 | EMA_SliceAP=0.7239
  Epoch  30/35 | LR=7.61e-05 | TLoss=7.5489 | VLoss=32.8607 | AP@50=0.4623 | SliceAP=0.7228 | EMA_SliceAP=0.7236
  Epoch  31/35 | LR=5.65e-05 | TLoss=7.2442 | VLoss=32.4148 | AP@50=0.4916 | SliceAP=0.7525 | EMA_SliceAP=0.7322
  Epoch  32/35 | LR=4.00e-05 | TLoss=6.9449 | VLoss=30.9136 | AP@50=0.4984 | SliceAP=0.7426 | EMA_SliceAP=0.7353
  Epoch  33/35 | LR=2.70e-05 | TLoss=6.7056 | VLoss=31.6885 | AP@50=0.4719 | SliceAP=0.7327 | EMA_SliceAP=0.7345
  Epoch  34/35 | LR=1.76e-05 | TLoss=7.1037 | VLoss=32.2473 | AP@50=0.4881 | SliceAP=0.7228 | EMA_SliceAP=0.7310
  Epoch  35/35 | LR=1.19e-05 | TLoss=7.0741 | VLoss=31.5932 | AP@50=0.4939 | SliceAP=0.7426 | EMA_SliceAP=0.7345
  [Checkpoints] top-3 saved → /fs01/home/dhaneshr/code/obj-det-test/checkpoints/hparam_v6/trial_0316/swa_manifest.yaml

[Trial 330] lr=3.14e-04  wd=1.33e-04  stride=7  bs=8  mosaic=0.36  ls=0.064  clahe=False  ssr=True  rbc=True  median=True(limit=5)  speckle=True(light)  cp_p=0.29
ScanAwareSampler: 13 scans, 2306 total slices, stride=7 → ~336 slices/epoch (15% of training set per epoch)
  Epoch   1/35 | LR=3.14e-05 | TLoss=193.8260 | VLoss=170.7175 | AP@50=0.0001 | SliceAP=0.2970 | EMA_SliceAP=0.2970
  Epoch   2/35 | LR=6.66e-05 | TLoss=118.6044 | VLoss=87.5213 | AP@50=0.0000 | SliceAP=0.4752 | EMA_SliceAP=0.3505
  Epoch   3/35 | LR=1.02e-04 | TLoss=47.6219 | VLoss=47.5444 | AP@50=0.0001 | SliceAP=0.3960 | EMA_SliceAP=0.3642
  Epoch   4/35 | LR=1.37e-04 | TLoss=35.4380 | VLoss=42.1564 | AP@50=0.0000 | SliceAP=0.2970 | EMA_SliceAP=0.3440
  Epoch   5/35 | LR=1.72e-04 | TLoss=32.0516 | VLoss=38.0230 | AP@50=0.0009 | SliceAP=0.2970 | EMA_SliceAP=0.3299
  Epoch   6/35 | LR=2.08e-04 | TLoss=28.2147 | VLoss=37.4839 | AP@50=0.0000 | SliceAP=0.0099 | EMA_SliceAP=0.2339
  Epoch   7/35 | LR=2.43e-04 | TLoss=29.3734 | VLoss=38.0838 | AP@50=0.0033 | SliceAP=0.0297 | EMA_SliceAP=0.1727
  Epoch   8/35 | LR=2.78e-04 | TLoss=25.3199 | VLoss=34.9435 | AP@50=0.2393 | SliceAP=0.4653 | EMA_SliceAP=0.2605
  Epoch   9/35 | LR=3.14e-04 | TLoss=23.4224 | VLoss=36.5487 | AP@50=0.1786 | SliceAP=0.5545 | EMA_SliceAP=0.3487
  Epoch  10/35 | LR=3.13e-04 | TLoss=22.1145 | VLoss=32.9466 | AP@50=0.0837 | SliceAP=0.4554 | EMA_SliceAP=0.3807
  Epoch  11/35 | LR=3.09e-04 | TLoss=18.3553 | VLoss=35.1396 | AP@50=0.2166 | SliceAP=0.6436 | EMA_SliceAP=0.4596
  Epoch  12/35 | LR=3.04e-04 | TLoss=16.3942 | VLoss=34.7704 | AP@50=0.1696 | SliceAP=0.6139 | EMA_SliceAP=0.5058
  Epoch  13/35 | LR=2.97e-04 | TLoss=16.0107 | VLoss=35.0928 | AP@50=0.1950 | SliceAP=0.6634 | EMA_SliceAP=0.5531
  Epoch  14/35 | LR=2.89e-04 | TLoss=12.2324 | VLoss=31.5576 | AP@50=0.3291 | SliceAP=0.7228 | EMA_SliceAP=0.6040
  Epoch  15/35 | LR=2.78e-04 | TLoss=13.1823 | VLoss=35.8016 | AP@50=0.1750 | SliceAP=0.5050 | EMA_SliceAP=0.5743
  Epoch  16/35 | LR=2.66e-04 | TLoss=12.0139 | VLoss=35.6108 | AP@50=0.2233 | SliceAP=0.5941 | EMA_SliceAP=0.5802
  Epoch  17/35 | LR=2.52e-04 | TLoss=10.8701 | VLoss=31.6018 | AP@50=0.2261 | SliceAP=0.6634 | EMA_SliceAP=0.6052
  Epoch  18/35 | LR=2.38e-04 | TLoss=10.3744 | VLoss=35.1263 | AP@50=0.1743 | SliceAP=0.5149 | EMA_SliceAP=0.5781
  Epoch  19/35 | LR=2.22e-04 | TLoss=10.4809 | VLoss=32.2135 | AP@50=0.2287 | SliceAP=0.6733 | EMA_SliceAP=0.6066
  Epoch  20/35 | LR=2.05e-04 | TLoss=10.2258 | VLoss=35.9983 | AP@50=0.1934 | SliceAP=0.6535 | EMA_SliceAP=0.6207
  Epoch  21/35 | LR=1.88e-04 | TLoss=10.1498 | VLoss=32.0003 | AP@50=0.3578 | SliceAP=0.7822 | EMA_SliceAP=0.6691
  Epoch  22/35 | LR=1.71e-04 | TLoss=9.4384 | VLoss=34.8249 | AP@50=0.3059 | SliceAP=0.5743 | EMA_SliceAP=0.6407
  Epoch  23/35 | LR=1.53e-04 | TLoss=9.2262 | VLoss=33.9109 | AP@50=0.2621 | SliceAP=0.6634 | EMA_SliceAP=0.6475
  Epoch  24/35 | LR=1.35e-04 | TLoss=8.8905 | VLoss=31.5212 | AP@50=0.2278 | SliceAP=0.6832 | EMA_SliceAP=0.6582
  Epoch  25/35 | LR=1.18e-04 | TLoss=8.3600 | VLoss=31.7595 | AP@50=0.2543 | SliceAP=0.6931 | EMA_SliceAP=0.6687
  Epoch  26/35 | LR=1.02e-04 | TLoss=8.6647 | VLoss=34.4597 | AP@50=0.2356 | SliceAP=0.6436 | EMA_SliceAP=0.6611
  Epoch  27/35 | LR=8.59e-05 | TLoss=7.7028 | VLoss=32.8809 | AP@50=0.2999 | SliceAP=0.6733 | EMA_SliceAP=0.6648
  Epoch  28/35 | LR=7.11e-05 | TLoss=7.6402 | VLoss=34.3459 | AP@50=0.2757 | SliceAP=0.6634 | EMA_SliceAP=0.6643
  Epoch  29/35 | LR=5.76e-05 | TLoss=8.1960 | VLoss=34.0158 | AP@50=0.2822 | SliceAP=0.6634 | EMA_SliceAP=0.6641
  [Early stop at epoch 29, best EMA SliceAP=0.6691]
  [Checkpoints] top-3 saved → /fs01/home/dhaneshr/code/obj-det-test/checkpoints/hparam_v6/trial_0330/swa_manifest.yaml

[Trial 336] lr=7.18e-04  wd=2.03e-02  stride=7  bs=8  mosaic=0.33  ls=0.077  clahe=True  ssr=True  rbc=False  median=True(limit=5)  speckle=False(light)  cp_p=0.60
ScanAwareSampler: 13 scans, 2306 total slices, stride=7 → ~336 slices/epoch (15% of training set per epoch)
  Epoch   1/35 | LR=7.18e-05 | TLoss=138.3882 | VLoss=115.9896 | AP@50=0.0000 | SliceAP=0.5545 | EMA_SliceAP=0.5545
  Epoch   2/35 | LR=1.53e-04 | TLoss=53.2703 | VLoss=46.6032 | AP@50=0.0005 | SliceAP=0.3663 | EMA_SliceAP=0.4980
  Epoch   3/35 | LR=2.33e-04 | TLoss=32.9028 | VLoss=40.2335 | AP@50=0.0000 | SliceAP=0.0198 | EMA_SliceAP=0.3546
  Epoch   4/35 | LR=3.14e-04 | TLoss=31.3004 | VLoss=34.0254 | AP@50=0.0001 | SliceAP=0.0099 | EMA_SliceAP=0.2512
  Epoch   5/35 | LR=3.95e-04 | TLoss=29.2377 | VLoss=34.9624 | AP@50=0.0246 | SliceAP=0.4653 | EMA_SliceAP=0.3154
  Epoch   6/35 | LR=4.76e-04 | TLoss=25.7547 | VLoss=35.3278 | AP@50=0.1667 | SliceAP=0.4554 | EMA_SliceAP=0.3574
  Epoch   7/35 | LR=5.57e-04 | TLoss=21.7946 | VLoss=36.3392 | AP@50=0.2198 | SliceAP=0.6634 | EMA_SliceAP=0.4492
  Epoch   8/35 | LR=6.37e-04 | TLoss=19.9238 | VLoss=29.0934 | AP@50=0.1523 | SliceAP=0.6832 | EMA_SliceAP=0.5194
  Epoch   9/35 | LR=7.18e-04 | TLoss=19.7760 | VLoss=32.4920 | AP@50=0.1942 | SliceAP=0.6832 | EMA_SliceAP=0.5685
  Epoch  10/35 | LR=7.16e-04 | TLoss=17.8453 | VLoss=34.6730 | AP@50=0.2112 | SliceAP=0.5446 | EMA_SliceAP=0.5613
  [Pruned at epoch 10]

=== Worker done | Completed: 148 | Pruned: 150 ===
Best EMA SliceAP@50 across all workers: 0.7450
Best params: {'learning_rate': 0.0004095482789400656, 'weight_decay': 0.00013102820392778454, 'mosaic_prob': 0.5458267320380163, 'label_smooth': 0.07409627285130531, 'copy_paste_p': 0.30065454405608005, 'slice_stride': 7, 'batch_size': 16, 'use_clahe': False, 'use_shift_scale_rotate': True, 'use_brightness_contrast': True, 'use_median_blur': True, 'median_blur_limit': 5, 'use_speckle_noise': True, 'speckle_level': 'heavy'}

Saving top-5 configs to train/config/
  Rank  1 | SliceAP=0.7450 | {'learning_rate': 0.0004095482789400656, 'weight_decay': 0.00013102820392778454, 'mosaic_prob': 0.5458267320380163, 'label_smooth': 0.07409627285130531, 'copy_paste_p': 0.30065454405608005, 'slice_stride': 7, 'batch_size': 16, 'use_clahe': False, 'use_shift_scale_rotate': True, 'use_brightness_contrast': True, 'use_median_blur': True, 'median_blur_limit': 5, 'use_speckle_noise': True, 'speckle_level': 'heavy'} → hparam_v5_rank01_sliceap0.7450.yaml
  Rank  2 | SliceAP=0.7379 | {'learning_rate': 0.000490892937896775, 'weight_decay': 0.0004366909491710489, 'mosaic_prob': 0.33945465882536113, 'label_smooth': 0.03520533173945255, 'copy_paste_p': 0.46927932027077496, 'slice_stride': 7, 'batch_size': 16, 'use_clahe': True, 'use_shift_scale_rotate': True, 'use_brightness_contrast': False, 'use_median_blur': True, 'median_blur_limit': 5, 'use_speckle_noise': False, 'speckle_level': 'heavy'} → hparam_v5_rank02_sliceap0.7379.yaml
  Rank  3 | SliceAP=0.7350 | {'learning_rate': 0.0004186064867053193, 'weight_decay': 0.000813822714897863, 'mosaic_prob': 0.4917453770038845, 'label_smooth': 0.08547387715582948, 'copy_paste_p': 0.6851899024509025, 'slice_stride': 7, 'batch_size': 8, 'use_clahe': True, 'use_shift_scale_rotate': True, 'use_brightness_contrast': False, 'use_median_blur': True, 'median_blur_limit': 7, 'use_speckle_noise': False, 'speckle_level': 'heavy'} → hparam_v5_rank03_sliceap0.7350.yaml
  Rank  4 | SliceAP=0.7322 | {'learning_rate': 0.0005748863225567111, 'weight_decay': 0.00023932014565840494, 'mosaic_prob': 0.54354704642898, 'label_smooth': 0.08525694863562076, 'copy_paste_p': 0.636963955422829, 'slice_stride': 7, 'batch_size': 16, 'use_clahe': False, 'use_shift_scale_rotate': True, 'use_brightness_contrast': True, 'use_median_blur': True, 'median_blur_limit': 5, 'use_speckle_noise': True, 'speckle_level': 'light'} → hparam_v5_rank04_sliceap0.7322.yaml
  Rank  5 | SliceAP=0.7307 | {'learning_rate': 0.0004231826823689618, 'weight_decay': 0.00011737297918180591, 'mosaic_prob': 0.5454452465293883, 'label_smooth': 0.04601028200514984, 'copy_paste_p': 0.30065454405608005, 'slice_stride': 7, 'batch_size': 16, 'use_clahe': True, 'use_shift_scale_rotate': True, 'use_brightness_contrast': False, 'use_median_blur': True, 'median_blur_limit': 5, 'use_speckle_noise': False, 'speckle_level': 'heavy'} → hparam_v5_rank05_sliceap0.7307.yaml

Best config (EMA SliceAP@50=0.7450) → train/config/best_hyperparams_v5.yaml
Task 19 completed at: Thu Mar 19 02:22:33 PM EDT 2026
