Job array  : 732, task 14
Node       : bn049
Started at : Tue Mar 17 10:46:13 AM EDT 2026
Config     : train/config/default.yaml
Study      : yoloe_hparam_search_v3 @ sqlite:////fs01/home/dhaneshr/code/obj-det-test/optuna_studies/yoloe_hparam_search_v3.db
Trials     : 15 (this worker)
Study name : yoloe_hparam_search_v3
Storage    : sqlite:////fs01/home/dhaneshr/code/obj-det-test/optuna_studies/yoloe_hparam_search_v3.db
Trials     : 15 (this worker)
Epochs/trial: 50 (max, early stopping at patience=25)

[Trial 13] lr=4.33e-04  wd=7.97e-03  stride=5  bs=32  mosaic=0.34  ls=0.106  clahe=False  ssr=True  rbc=False  median=False(limit=7)  speckle=False(heavy)  cp_p=0.14
ScanAwareSampler: 13 scans, 2306 total slices, stride=5 → ~467 slices/epoch (20% of training set per epoch)
  Epoch   1/50 | LR=4.33e-05 | TLoss=409.2842 | VLoss=447.8154 | AP@50=0.0000
  Epoch   2/50 | LR=9.20e-05 | TLoss=280.4432 | VLoss=262.2719 | AP@50=0.0025
  Epoch   3/50 | LR=1.41e-04 | TLoss=149.3266 | VLoss=138.6929 | AP@50=0.0008
  Epoch   4/50 | LR=1.89e-04 | TLoss=74.6433 | VLoss=73.2399 | AP@50=0.0015
  Epoch   5/50 | LR=2.38e-04 | TLoss=41.8778 | VLoss=50.8371 | AP@50=0.0005
  Epoch   6/50 | LR=2.87e-04 | TLoss=32.8613 | VLoss=40.5148 | AP@50=0.0000
  Epoch   7/50 | LR=3.35e-04 | TLoss=27.9483 | VLoss=37.0819 | AP@50=0.0024
  Epoch   8/50 | LR=3.84e-04 | TLoss=27.0920 | VLoss=38.6594 | AP@50=0.0002
  Epoch   9/50 | LR=4.33e-04 | TLoss=25.3134 | VLoss=36.3454 | AP@50=0.0462
  Epoch  10/50 | LR=4.32e-04 | TLoss=22.1213 | VLoss=41.8158 | AP@50=0.1980
  Epoch  11/50 | LR=4.30e-04 | TLoss=20.0009 | VLoss=38.0079 | AP@50=0.1498
  Epoch  12/50 | LR=4.28e-04 | TLoss=16.1987 | VLoss=40.3303 | AP@50=0.2460
  Epoch  13/50 | LR=4.23e-04 | TLoss=15.6017 | VLoss=35.1039 | AP@50=0.2890
  Epoch  14/50 | LR=4.18e-04 | TLoss=15.6377 | VLoss=38.9338 | AP@50=0.2455
  Epoch  15/50 | LR=4.12e-04 | TLoss=14.6343 | VLoss=39.0524 | AP@50=0.2762
  Epoch  16/50 | LR=4.05e-04 | TLoss=13.1717 | VLoss=37.7308 | AP@50=0.2775
  Epoch  17/50 | LR=3.96e-04 | TLoss=11.9221 | VLoss=39.8836 | AP@50=0.3423
  Epoch  18/50 | LR=3.87e-04 | TLoss=12.1929 | VLoss=34.2417 | AP@50=0.2487
  Epoch  19/50 | LR=3.76e-04 | TLoss=12.5998 | VLoss=32.5747 | AP@50=0.3166
  Epoch  20/50 | LR=3.65e-04 | TLoss=10.7118 | VLoss=31.6608 | AP@50=0.4136
  Epoch  21/50 | LR=3.53e-04 | TLoss=10.1409 | VLoss=29.6419 | AP@50=0.3400
  Epoch  22/50 | LR=3.41e-04 | TLoss=10.1704 | VLoss=32.2238 | AP@50=0.3058
  Epoch  23/50 | LR=3.27e-04 | TLoss=9.5542 | VLoss=36.0533 | AP@50=0.4384
  Epoch  24/50 | LR=3.13e-04 | TLoss=9.4433 | VLoss=32.9694 | AP@50=0.4535
  Epoch  25/50 | LR=2.99e-04 | TLoss=9.3856 | VLoss=33.7018 | AP@50=0.4974
  Epoch  26/50 | LR=2.84e-04 | TLoss=9.2637 | VLoss=32.5268 | AP@50=0.4338
  Epoch  27/50 | LR=2.68e-04 | TLoss=9.1500 | VLoss=27.2649 | AP@50=0.5306
  Epoch  28/50 | LR=2.53e-04 | TLoss=8.7988 | VLoss=29.7736 | AP@50=0.4112
  Epoch  29/50 | LR=2.37e-04 | TLoss=7.7972 | VLoss=30.5095 | AP@50=0.4701
  Epoch  30/50 | LR=2.21e-04 | TLoss=8.1704 | VLoss=28.3090 | AP@50=0.4779
  Epoch  31/50 | LR=2.06e-04 | TLoss=8.2780 | VLoss=30.1746 | AP@50=0.4167
  Epoch  32/50 | LR=1.90e-04 | TLoss=7.4506 | VLoss=28.0255 | AP@50=0.4261
  Epoch  33/50 | LR=1.74e-04 | TLoss=7.2166 | VLoss=31.7598 | AP@50=0.4458
  Epoch  34/50 | LR=1.59e-04 | TLoss=7.0329 | VLoss=29.9333 | AP@50=0.4012
  Epoch  35/50 | LR=1.44e-04 | TLoss=7.1584 | VLoss=29.4219 | AP@50=0.4523
  Epoch  36/50 | LR=1.30e-04 | TLoss=7.2825 | VLoss=28.0896 | AP@50=0.5249
  Epoch  37/50 | LR=1.16e-04 | TLoss=6.6344 | VLoss=30.8296 | AP@50=0.4466
  Epoch  38/50 | LR=1.02e-04 | TLoss=6.9867 | VLoss=30.9558 | AP@50=0.4290
  Epoch  39/50 | LR=8.96e-05 | TLoss=6.6292 | VLoss=30.4784 | AP@50=0.5395
  Epoch  40/50 | LR=7.76e-05 | TLoss=6.1683 | VLoss=29.9873 | AP@50=0.4741
  Epoch  41/50 | LR=6.64e-05 | TLoss=6.0884 | VLoss=30.7676 | AP@50=0.4832
  Epoch  42/50 | LR=5.61e-05 | TLoss=6.0517 | VLoss=29.7217 | AP@50=0.4255
  Epoch  43/50 | LR=4.67e-05 | TLoss=5.9234 | VLoss=30.0989 | AP@50=0.4326
  Epoch  44/50 | LR=3.83e-05 | TLoss=6.2531 | VLoss=30.1538 | AP@50=0.4593
  Epoch  45/50 | LR=3.09e-05 | TLoss=5.7485 | VLoss=30.0390 | AP@50=0.4226
  Epoch  46/50 | LR=2.46e-05 | TLoss=6.1286 | VLoss=29.6718 | AP@50=0.4511
  Epoch  47/50 | LR=1.94e-05 | TLoss=6.0715 | VLoss=29.8998 | AP@50=0.4515
  Epoch  48/50 | LR=1.53e-05 | TLoss=5.5534 | VLoss=30.2242 | AP@50=0.4372
  Epoch  49/50 | LR=1.24e-05 | TLoss=5.7047 | VLoss=30.0724 | AP@50=0.4318
  Epoch  50/50 | LR=1.06e-05 | TLoss=5.8635 | VLoss=30.0951 | AP@50=0.4237

[Trial 27] lr=1.18e-04  wd=1.44e-04  stride=10  bs=8  mosaic=0.49  ls=0.040  clahe=True  ssr=False  rbc=True  median=True(limit=3)  speckle=True(light)  cp_p=0.55
ScanAwareSampler: 13 scans, 2306 total slices, stride=10 → ~236 slices/epoch (10% of training set per epoch)
  Epoch   1/50 | LR=1.18e-05 | TLoss=397.1107 | VLoss=556.8103 | AP@50=0.0043
  Epoch   2/50 | LR=2.51e-05 | TLoss=330.8311 | VLoss=429.4994 | AP@50=0.0009
  Epoch   3/50 | LR=3.83e-05 | TLoss=243.7456 | VLoss=308.0801 | AP@50=0.0007
  Epoch   4/50 | LR=5.16e-05 | TLoss=154.3942 | VLoss=214.2472 | AP@50=0.0005
  Epoch   5/50 | LR=6.49e-05 | TLoss=97.5214 | VLoss=139.4636 | AP@50=0.0001
  Epoch   6/50 | LR=7.82e-05 | TLoss=62.5919 | VLoss=89.5659 | AP@50=0.0003
  Epoch   7/50 | LR=9.14e-05 | TLoss=46.4669 | VLoss=65.2347 | AP@50=0.0007
  Epoch   8/50 | LR=1.05e-04 | TLoss=35.5176 | VLoss=53.0756 | AP@50=0.0003
  Epoch   9/50 | LR=1.18e-04 | TLoss=30.5062 | VLoss=45.3656 | AP@50=0.0040
  Epoch  10/50 | LR=1.18e-04 | TLoss=27.0954 | VLoss=44.4421 | AP@50=0.0150
  [Pruned at epoch 10]

[Trial 43] lr=1.38e-03  wd=3.73e-03  stride=10  bs=16  mosaic=0.23  ls=0.133  clahe=True  ssr=False  rbc=False  median=False(limit=5)  speckle=False(medium)  cp_p=0.01
ScanAwareSampler: 13 scans, 2306 total slices, stride=10 → ~236 slices/epoch (10% of training set per epoch)
  Epoch   1/50 | LR=1.38e-04 | TLoss=405.9031 | VLoss=315.9535 | AP@50=0.0002
  Epoch   2/50 | LR=2.93e-04 | TLoss=156.2068 | VLoss=93.6115 | AP@50=0.0019
  Epoch   3/50 | LR=4.49e-04 | TLoss=49.4704 | VLoss=42.9203 | AP@50=0.0019
  Epoch   4/50 | LR=6.04e-04 | TLoss=33.6042 | VLoss=41.6640 | AP@50=0.0000
  Epoch   5/50 | LR=7.59e-04 | TLoss=29.7301 | VLoss=39.0724 | AP@50=0.0401
  Epoch   6/50 | LR=9.14e-04 | TLoss=29.9621 | VLoss=38.5119 | AP@50=0.0159
  Epoch   7/50 | LR=1.07e-03 | TLoss=29.1009 | VLoss=35.9173 | AP@50=0.0298
  Epoch   8/50 | LR=1.23e-03 | TLoss=24.7589 | VLoss=37.4340 | AP@50=0.1383
  Epoch   9/50 | LR=1.38e-03 | TLoss=23.9842 | VLoss=40.3064 | AP@50=0.1188
  Epoch  10/50 | LR=1.38e-03 | TLoss=22.5396 | VLoss=40.9199 | AP@50=0.1164
  Epoch  11/50 | LR=1.37e-03 | TLoss=20.8042 | VLoss=42.3145 | AP@50=0.1523
  [Pruned at epoch 11]

[Trial 63] lr=3.03e-04  wd=5.51e-03  stride=5  bs=32  mosaic=0.38  ls=0.118  clahe=False  ssr=True  rbc=False  median=False(limit=7)  speckle=False(heavy)  cp_p=0.20
ScanAwareSampler: 13 scans, 2306 total slices, stride=5 → ~467 slices/epoch (20% of training set per epoch)
  Epoch   1/50 | LR=3.03e-05 | TLoss=417.3836 | VLoss=499.6502 | AP@50=0.0000
  Epoch   2/50 | LR=6.44e-05 | TLoss=330.6881 | VLoss=330.7074 | AP@50=0.0000
  Epoch   3/50 | LR=9.84e-05 | TLoss=192.7349 | VLoss=199.5882 | AP@50=0.0002
  Epoch   4/50 | LR=1.32e-04 | TLoss=106.2653 | VLoss=109.5781 | AP@50=0.0006
  Epoch   5/50 | LR=1.67e-04 | TLoss=58.1664 | VLoss=69.0016 | AP@50=0.0001
  Epoch   6/50 | LR=2.01e-04 | TLoss=38.7604 | VLoss=50.8183 | AP@50=0.0001
  Epoch   7/50 | LR=2.35e-04 | TLoss=31.5681 | VLoss=42.8510 | AP@50=0.0003
  Epoch   8/50 | LR=2.69e-04 | TLoss=27.7682 | VLoss=38.3656 | AP@50=0.0002
  Epoch   9/50 | LR=3.03e-04 | TLoss=27.5653 | VLoss=38.2226 | AP@50=0.1003
  Epoch  10/50 | LR=3.02e-04 | TLoss=23.6025 | VLoss=39.2483 | AP@50=0.0209
  [Pruned at epoch 10]

[Trial 74] lr=5.66e-04  wd=9.83e-03  stride=5  bs=32  mosaic=0.36  ls=0.099  clahe=False  ssr=True  rbc=False  median=False(limit=7)  speckle=False(heavy)  cp_p=0.10
ScanAwareSampler: 13 scans, 2306 total slices, stride=5 → ~467 slices/epoch (20% of training set per epoch)
  Epoch   1/50 | LR=5.66e-05 | TLoss=422.6111 | VLoss=434.9544 | AP@50=0.0000
  Epoch   2/50 | LR=1.20e-04 | TLoss=263.9109 | VLoss=243.9035 | AP@50=0.0056
  Epoch   3/50 | LR=1.84e-04 | TLoss=125.5917 | VLoss=121.2378 | AP@50=0.0001
  Epoch   4/50 | LR=2.48e-04 | TLoss=58.7888 | VLoss=60.7410 | AP@50=0.0072
  Epoch   5/50 | LR=3.11e-04 | TLoss=34.8528 | VLoss=43.0999 | AP@50=0.0033
  Epoch   6/50 | LR=3.75e-04 | TLoss=28.6856 | VLoss=38.1937 | AP@50=0.0008
  Epoch   7/50 | LR=4.39e-04 | TLoss=24.7414 | VLoss=45.8888 | AP@50=0.0172
  Epoch   8/50 | LR=5.02e-04 | TLoss=22.8358 | VLoss=41.2222 | AP@50=0.0457
  Epoch   9/50 | LR=5.66e-04 | TLoss=19.6539 | VLoss=35.6063 | AP@50=0.1549
  Epoch  10/50 | LR=5.65e-04 | TLoss=19.3796 | VLoss=34.9050 | AP@50=0.0730
  Epoch  11/50 | LR=5.63e-04 | TLoss=17.7692 | VLoss=37.5842 | AP@50=0.1706
  [Pruned at epoch 11]

[Trial 86] lr=2.25e-04  wd=7.53e-03  stride=5  bs=32  mosaic=0.32  ls=0.146  clahe=False  ssr=True  rbc=False  median=False(limit=7)  speckle=False(heavy)  cp_p=0.16
ScanAwareSampler: 13 scans, 2306 total slices, stride=5 → ~467 slices/epoch (20% of training set per epoch)
  Epoch   1/50 | LR=2.25e-05 | TLoss=478.2314 | VLoss=577.8549 | AP@50=0.0004
  Epoch   2/50 | LR=4.78e-05 | TLoss=410.4354 | VLoss=434.7160 | AP@50=0.0081
  Epoch   3/50 | LR=7.31e-05 | TLoss=301.8194 | VLoss=321.5137 | AP@50=0.0015
  Epoch   4/50 | LR=9.84e-05 | TLoss=193.4233 | VLoss=212.4724 | AP@50=0.0003
  Epoch   5/50 | LR=1.24e-04 | TLoss=119.7772 | VLoss=130.8918 | AP@50=0.0005
  Epoch   6/50 | LR=1.49e-04 | TLoss=73.2944 | VLoss=79.8533 | AP@50=0.0014
  Epoch   7/50 | LR=1.74e-04 | TLoss=45.7582 | VLoss=57.8928 | AP@50=0.0003
  Epoch   8/50 | LR=2.00e-04 | TLoss=33.5382 | VLoss=43.0841 | AP@50=0.0008
  Epoch   9/50 | LR=2.25e-04 | TLoss=28.0140 | VLoss=39.6158 | AP@50=0.0356
  Epoch  10/50 | LR=2.25e-04 | TLoss=24.0207 | VLoss=38.2464 | AP@50=0.2053
  Epoch  11/50 | LR=2.24e-04 | TLoss=23.2287 | VLoss=37.9047 | AP@50=0.1267
  Epoch  12/50 | LR=2.22e-04 | TLoss=21.5626 | VLoss=36.8466 | AP@50=0.2869
  Epoch  13/50 | LR=2.20e-04 | TLoss=19.9905 | VLoss=40.7119 | AP@50=0.2423
  Epoch  14/50 | LR=2.18e-04 | TLoss=19.8205 | VLoss=32.3282 | AP@50=0.1747
  [Pruned at epoch 14]

[Trial 100] lr=4.76e-04  wd=8.26e-03  stride=5  bs=32  mosaic=0.33  ls=0.111  clahe=False  ssr=True  rbc=False  median=False(limit=7)  speckle=False(light)  cp_p=0.12
ScanAwareSampler: 13 scans, 2306 total slices, stride=5 → ~467 slices/epoch (20% of training set per epoch)
  Epoch   1/50 | LR=4.76e-05 | TLoss=484.8160 | VLoss=567.1302 | AP@50=0.0000
  Epoch   2/50 | LR=1.01e-04 | TLoss=356.3833 | VLoss=342.2967 | AP@50=0.0009
  Epoch   3/50 | LR=1.55e-04 | TLoss=189.4519 | VLoss=171.2950 | AP@50=0.0005
  Epoch   4/50 | LR=2.08e-04 | TLoss=85.6104 | VLoss=80.6145 | AP@50=0.0003
  Epoch   5/50 | LR=2.62e-04 | TLoss=44.5174 | VLoss=53.5305 | AP@50=0.0022
  Epoch   6/50 | LR=3.16e-04 | TLoss=33.0477 | VLoss=43.7960 | AP@50=0.0132
  Epoch   7/50 | LR=3.69e-04 | TLoss=26.3901 | VLoss=35.7074 | AP@50=0.0161
  Epoch   8/50 | LR=4.23e-04 | TLoss=25.2094 | VLoss=36.5392 | AP@50=0.1965
  Epoch   9/50 | LR=4.76e-04 | TLoss=21.6924 | VLoss=35.5786 | AP@50=0.2216
  Epoch  10/50 | LR=4.76e-04 | TLoss=20.9252 | VLoss=38.3895 | AP@50=0.1119
  Epoch  11/50 | LR=4.74e-04 | TLoss=19.3605 | VLoss=38.6295 | AP@50=0.1717
  Epoch  12/50 | LR=4.70e-04 | TLoss=17.2187 | VLoss=38.7226 | AP@50=0.0756
  [Pruned at epoch 12]

[Trial 114] lr=1.91e-03  wd=8.55e-03  stride=5  bs=32  mosaic=0.35  ls=0.104  clahe=False  ssr=True  rbc=False  median=False(limit=5)  speckle=False(light)  cp_p=0.12
ScanAwareSampler: 13 scans, 2306 total slices, stride=5 → ~467 slices/epoch (20% of training set per epoch)
  Epoch   1/50 | LR=1.91e-04 | TLoss=343.2579 | VLoss=247.7784 | AP@50=0.0002
  Epoch   2/50 | LR=4.06e-04 | TLoss=93.5902 | VLoss=58.5186 | AP@50=0.0013
  Epoch   3/50 | LR=6.21e-04 | TLoss=35.0964 | VLoss=39.2832 | AP@50=0.0003
  Epoch   4/50 | LR=8.36e-04 | TLoss=29.6907 | VLoss=36.1353 | AP@50=0.0514
  Epoch   5/50 | LR=1.05e-03 | TLoss=29.5138 | VLoss=45.5918 | AP@50=0.0090
  Epoch   6/50 | LR=1.27e-03 | TLoss=25.0482 | VLoss=38.3810 | AP@50=0.0214
  Epoch   7/50 | LR=1.48e-03 | TLoss=30.4779 | VLoss=40.9397 | AP@50=0.1608
  Epoch   8/50 | LR=1.70e-03 | TLoss=23.1524 | VLoss=39.2223 | AP@50=0.1340
  Epoch   9/50 | LR=1.91e-03 | TLoss=22.0228 | VLoss=39.7601 | AP@50=0.0801
  Epoch  10/50 | LR=1.91e-03 | TLoss=19.3180 | VLoss=41.9639 | AP@50=0.2852
  Epoch  11/50 | LR=1.90e-03 | TLoss=17.3837 | VLoss=39.0606 | AP@50=0.0881
  Epoch  12/50 | LR=1.89e-03 | TLoss=16.8743 | VLoss=35.9244 | AP@50=0.3495
  Epoch  13/50 | LR=1.87e-03 | TLoss=14.9105 | VLoss=38.6663 | AP@50=0.2143
  Epoch  14/50 | LR=1.85e-03 | TLoss=14.7856 | VLoss=36.8243 | AP@50=0.2541
  Epoch  15/50 | LR=1.82e-03 | TLoss=14.5270 | VLoss=35.1752 | AP@50=0.0989
  Epoch  16/50 | LR=1.78e-03 | TLoss=12.8830 | VLoss=36.2475 | AP@50=0.3492
  Epoch  17/50 | LR=1.75e-03 | TLoss=12.1947 | VLoss=38.4590 | AP@50=0.3606
  Epoch  18/50 | LR=1.70e-03 | TLoss=12.3627 | VLoss=37.5724 | AP@50=0.3024
  Epoch  19/50 | LR=1.66e-03 | TLoss=11.9325 | VLoss=41.5474 | AP@50=0.2448
  Epoch  20/50 | LR=1.61e-03 | TLoss=11.2686 | VLoss=33.9590 | AP@50=0.2973
  Epoch  21/50 | LR=1.55e-03 | TLoss=10.7168 | VLoss=38.2623 | AP@50=0.2091
  [Pruned at epoch 21]

[Trial 133] lr=6.51e-04  wd=6.33e-03  stride=5  bs=16  mosaic=0.27  ls=0.095  clahe=False  ssr=True  rbc=False  median=False(limit=7)  speckle=False(heavy)  cp_p=0.14
ScanAwareSampler: 13 scans, 2306 total slices, stride=5 → ~467 slices/epoch (20% of training set per epoch)
  Epoch   1/50 | LR=6.51e-05 | TLoss=362.4364 | VLoss=302.5236 | AP@50=0.0034
  Epoch   2/50 | LR=1.38e-04 | TLoss=137.8264 | VLoss=97.2084 | AP@50=0.0001
  Epoch   3/50 | LR=2.12e-04 | TLoss=46.0071 | VLoss=49.2154 | AP@50=0.0058
  Epoch   4/50 | LR=2.85e-04 | TLoss=33.4285 | VLoss=43.6766 | AP@50=0.0001
  Epoch   5/50 | LR=3.58e-04 | TLoss=28.0858 | VLoss=35.0679 | AP@50=0.1175
  Epoch   6/50 | LR=4.32e-04 | TLoss=29.5647 | VLoss=35.4618 | AP@50=0.1726
  Epoch   7/50 | LR=5.05e-04 | TLoss=26.0549 | VLoss=33.6658 | AP@50=0.0765
  Epoch   8/50 | LR=5.78e-04 | TLoss=23.4470 | VLoss=35.0574 | AP@50=0.2166
  Epoch   9/50 | LR=6.51e-04 | TLoss=20.0699 | VLoss=34.9446 | AP@50=0.1417
  Epoch  10/50 | LR=6.50e-04 | TLoss=17.6222 | VLoss=35.0939 | AP@50=0.4022
  Epoch  11/50 | LR=6.48e-04 | TLoss=16.5672 | VLoss=31.9371 | AP@50=0.3172
  Epoch  12/50 | LR=6.43e-04 | TLoss=13.9032 | VLoss=33.4770 | AP@50=0.2293
  Epoch  13/50 | LR=6.37e-04 | TLoss=13.7911 | VLoss=32.5231 | AP@50=0.2833
  Epoch  14/50 | LR=6.29e-04 | TLoss=13.2821 | VLoss=37.7941 | AP@50=0.2443
  Epoch  15/50 | LR=6.20e-04 | TLoss=12.3975 | VLoss=29.5774 | AP@50=0.3543
  Epoch  16/50 | LR=6.08e-04 | TLoss=11.4156 | VLoss=34.4334 | AP@50=0.2550
  Epoch  17/50 | LR=5.96e-04 | TLoss=11.0367 | VLoss=30.9237 | AP@50=0.3574
  Epoch  18/50 | LR=5.81e-04 | TLoss=10.5603 | VLoss=37.1525 | AP@50=0.1330
  Epoch  19/50 | LR=5.66e-04 | TLoss=10.6378 | VLoss=31.6801 | AP@50=0.2781
  Epoch  20/50 | LR=5.49e-04 | TLoss=10.6108 | VLoss=31.3898 | AP@50=0.3465
  Epoch  21/50 | LR=5.31e-04 | TLoss=10.1533 | VLoss=32.4578 | AP@50=0.2869
  Epoch  22/50 | LR=5.11e-04 | TLoss=9.9309 | VLoss=30.5396 | AP@50=0.3297
  Epoch  23/50 | LR=4.91e-04 | TLoss=9.9136 | VLoss=34.0471 | AP@50=0.3296
  Epoch  24/50 | LR=4.70e-04 | TLoss=9.6851 | VLoss=27.6225 | AP@50=0.3827
  Epoch  25/50 | LR=4.48e-04 | TLoss=8.9128 | VLoss=35.1227 | AP@50=0.2363
  Epoch  26/50 | LR=4.25e-04 | TLoss=10.0155 | VLoss=31.7638 | AP@50=0.3037
  Epoch  27/50 | LR=4.02e-04 | TLoss=8.7551 | VLoss=34.3044 | AP@50=0.2277
  Epoch  28/50 | LR=3.78e-04 | TLoss=8.7509 | VLoss=31.8010 | AP@50=0.3825
  [Pruned at epoch 28]

[Trial 150] lr=4.20e-03  wd=5.04e-03  stride=5  bs=32  mosaic=0.35  ls=0.079  clahe=False  ssr=True  rbc=False  median=False(limit=7)  speckle=False(light)  cp_p=0.18
ScanAwareSampler: 13 scans, 2306 total slices, stride=5 → ~467 slices/epoch (20% of training set per epoch)
  Epoch   1/50 | LR=4.20e-04 | TLoss=221.3940 | VLoss=95.6881 | AP@50=0.0004
  Epoch   2/50 | LR=8.92e-04 | TLoss=42.2718 | VLoss=36.3324 | AP@50=0.0001
  Epoch   3/50 | LR=1.36e-03 | TLoss=33.9605 | VLoss=37.1703 | AP@50=0.0040
  Epoch   4/50 | LR=1.84e-03 | TLoss=30.6567 | VLoss=45.7110 | AP@50=0.0000
  Epoch   5/50 | LR=2.31e-03 | TLoss=27.6409 | VLoss=34.3855 | AP@50=0.1763
  Epoch   6/50 | LR=2.78e-03 | TLoss=24.6744 | VLoss=37.1635 | AP@50=0.1896
  Epoch   7/50 | LR=3.25e-03 | TLoss=21.6515 | VLoss=39.4579 | AP@50=0.0583
  Epoch   8/50 | LR=3.72e-03 | TLoss=22.6267 | VLoss=35.2225 | AP@50=0.0196
  Epoch   9/50 | LR=4.20e-03 | TLoss=19.9802 | VLoss=35.4280 | AP@50=0.0895
  Epoch  10/50 | LR=4.19e-03 | TLoss=18.5607 | VLoss=36.0196 | AP@50=0.3056
  Epoch  11/50 | LR=4.17e-03 | TLoss=19.0154 | VLoss=39.5459 | AP@50=0.1262
  Epoch  12/50 | LR=4.14e-03 | TLoss=17.9792 | VLoss=35.5862 | AP@50=0.2615
  Epoch  13/50 | LR=4.10e-03 | TLoss=15.9203 | VLoss=36.3777 | AP@50=0.2270
  Epoch  14/50 | LR=4.05e-03 | TLoss=15.0732 | VLoss=35.3728 | AP@50=0.1137
  [Pruned at epoch 14]

[Trial 161] lr=3.40e-04  wd=7.50e-03  stride=5  bs=32  mosaic=0.29  ls=0.003  clahe=False  ssr=True  rbc=False  median=False(limit=5)  speckle=False(light)  cp_p=0.11
ScanAwareSampler: 13 scans, 2306 total slices, stride=5 → ~467 slices/epoch (20% of training set per epoch)
  Epoch   1/50 | LR=3.40e-05 | TLoss=442.0804 | VLoss=489.2981 | AP@50=0.0004
  Epoch   2/50 | LR=7.22e-05 | TLoss=329.1618 | VLoss=314.2770 | AP@50=0.0036
  Epoch   3/50 | LR=1.10e-04 | TLoss=201.6685 | VLoss=188.9409 | AP@50=0.0007
  Epoch   4/50 | LR=1.49e-04 | TLoss=109.2393 | VLoss=104.3415 | AP@50=0.0003
  Epoch   5/50 | LR=1.87e-04 | TLoss=58.4875 | VLoss=61.8917 | AP@50=0.0003
  Epoch   6/50 | LR=2.25e-04 | TLoss=39.2113 | VLoss=45.5966 | AP@50=0.0012
  Epoch   7/50 | LR=2.63e-04 | TLoss=32.2379 | VLoss=40.5207 | AP@50=0.0033
  Epoch   8/50 | LR=3.02e-04 | TLoss=28.0858 | VLoss=36.8790 | AP@50=0.0177
  Epoch   9/50 | LR=3.40e-04 | TLoss=25.5961 | VLoss=37.7987 | AP@50=0.0635
  Epoch  10/50 | LR=3.39e-04 | TLoss=23.4849 | VLoss=37.4280 | AP@50=0.2286
  Epoch  11/50 | LR=3.38e-04 | TLoss=20.2728 | VLoss=41.6142 | AP@50=0.2053
  Epoch  12/50 | LR=3.36e-04 | TLoss=17.8678 | VLoss=39.5158 | AP@50=0.1602
  [Pruned at epoch 12]

[Trial 177] lr=4.15e-04  wd=9.15e-03  stride=10  bs=16  mosaic=0.26  ls=0.085  clahe=True  ssr=False  rbc=False  median=False(limit=7)  speckle=False(heavy)  cp_p=0.13
ScanAwareSampler: 13 scans, 2306 total slices, stride=10 → ~236 slices/epoch (10% of training set per epoch)
  Epoch   1/50 | LR=4.15e-05 | TLoss=475.1600 | VLoss=523.8593 | AP@50=0.0002
  Epoch   2/50 | LR=8.81e-05 | TLoss=360.1220 | VLoss=336.0080 | AP@50=0.0002
  Epoch   3/50 | LR=1.35e-04 | TLoss=209.7012 | VLoss=187.8197 | AP@50=0.0009
  Epoch   4/50 | LR=1.81e-04 | TLoss=107.8589 | VLoss=95.2194 | AP@50=0.0008
  Epoch   5/50 | LR=2.28e-04 | TLoss=55.2389 | VLoss=63.3575 | AP@50=0.0000
  Epoch   6/50 | LR=2.75e-04 | TLoss=38.3964 | VLoss=46.2325 | AP@50=0.0059
  Epoch   7/50 | LR=3.21e-04 | TLoss=32.1785 | VLoss=42.5564 | AP@50=0.0012
  Epoch   8/50 | LR=3.68e-04 | TLoss=26.7986 | VLoss=45.0491 | AP@50=0.0007
  Epoch   9/50 | LR=4.15e-04 | TLoss=25.9718 | VLoss=44.1296 | AP@50=0.0119
  Epoch  10/50 | LR=4.14e-04 | TLoss=24.8354 | VLoss=39.0509 | AP@50=0.1012
  [Pruned at epoch 10]

[Trial 187] lr=5.10e-04  wd=3.33e-04  stride=5  bs=16  mosaic=0.17  ls=0.102  clahe=False  ssr=True  rbc=False  median=False(limit=7)  speckle=False(heavy)  cp_p=0.13
ScanAwareSampler: 13 scans, 2306 total slices, stride=5 → ~467 slices/epoch (20% of training set per epoch)
  Epoch   1/50 | LR=5.10e-05 | TLoss=489.4400 | VLoss=449.1259 | AP@50=0.0005
  Epoch   2/50 | LR=1.08e-04 | TLoss=254.3926 | VLoss=182.7448 | AP@50=0.0004
  Epoch   3/50 | LR=1.66e-04 | TLoss=88.7043 | VLoss=66.1227 | AP@50=0.0001
  Epoch   4/50 | LR=2.23e-04 | TLoss=39.9049 | VLoss=40.4252 | AP@50=0.0097
  Epoch   5/50 | LR=2.80e-04 | TLoss=30.0525 | VLoss=39.6923 | AP@50=0.1044
  Epoch   6/50 | LR=3.38e-04 | TLoss=29.5738 | VLoss=35.9485 | AP@50=0.1461
  Epoch   7/50 | LR=3.95e-04 | TLoss=23.5167 | VLoss=40.8679 | AP@50=0.2519
  Epoch   8/50 | LR=4.53e-04 | TLoss=24.9746 | VLoss=32.5653 | AP@50=0.2719
  Epoch   9/50 | LR=5.10e-04 | TLoss=21.7843 | VLoss=34.5917 | AP@50=0.1857
  Epoch  10/50 | LR=5.09e-04 | TLoss=18.8686 | VLoss=30.9768 | AP@50=0.2200
  Epoch  11/50 | LR=5.07e-04 | TLoss=17.5407 | VLoss=37.4085 | AP@50=0.2582
  Epoch  12/50 | LR=5.04e-04 | TLoss=15.2374 | VLoss=35.2297 | AP@50=0.4224
  Epoch  13/50 | LR=4.99e-04 | TLoss=14.0539 | VLoss=31.5527 | AP@50=0.3141
  Epoch  14/50 | LR=4.93e-04 | TLoss=13.8451 | VLoss=33.9734 | AP@50=0.1947
  Epoch  15/50 | LR=4.85e-04 | TLoss=13.1553 | VLoss=31.3305 | AP@50=0.3461
  Epoch  16/50 | LR=4.76e-04 | TLoss=11.9731 | VLoss=34.6249 | AP@50=0.2962
  Epoch  17/50 | LR=4.67e-04 | TLoss=11.1982 | VLoss=34.8352 | AP@50=0.3161
  Epoch  18/50 | LR=4.55e-04 | TLoss=11.2971 | VLoss=31.0715 | AP@50=0.3262
  Epoch  19/50 | LR=4.43e-04 | TLoss=10.9942 | VLoss=31.9045 | AP@50=0.2962
  Epoch  20/50 | LR=4.30e-04 | TLoss=10.7522 | VLoss=30.3428 | AP@50=0.3268
  Epoch  21/50 | LR=4.16e-04 | TLoss=10.2391 | VLoss=31.7183 | AP@50=0.2836
  Epoch  22/50 | LR=4.01e-04 | TLoss=9.3790 | VLoss=33.1058 | AP@50=0.3241
  Epoch  23/50 | LR=3.85e-04 | TLoss=9.6643 | VLoss=28.8924 | AP@50=0.4580
  Epoch  24/50 | LR=3.68e-04 | TLoss=9.5215 | VLoss=26.7981 | AP@50=0.3352
  Epoch  25/50 | LR=3.51e-04 | TLoss=9.1533 | VLoss=33.7107 | AP@50=0.2939
  Epoch  26/50 | LR=3.34e-04 | TLoss=8.8595 | VLoss=33.0627 | AP@50=0.3382
  Epoch  27/50 | LR=3.16e-04 | TLoss=8.7437 | VLoss=29.8781 | AP@50=0.3623
  Epoch  28/50 | LR=2.97e-04 | TLoss=7.9993 | VLoss=33.7456 | AP@50=0.3906
  Epoch  29/50 | LR=2.79e-04 | TLoss=8.1469 | VLoss=33.6303 | AP@50=0.2573
  Epoch  30/50 | LR=2.60e-04 | TLoss=8.4098 | VLoss=31.8772 | AP@50=0.3214
  Epoch  31/50 | LR=2.41e-04 | TLoss=7.9590 | VLoss=33.8751 | AP@50=0.3291
  Epoch  32/50 | LR=2.23e-04 | TLoss=7.5376 | VLoss=31.6238 | AP@50=0.3629
  Epoch  33/50 | LR=2.04e-04 | TLoss=8.0682 | VLoss=31.7193 | AP@50=0.3663
  Epoch  34/50 | LR=1.86e-04 | TLoss=7.9402 | VLoss=29.0265 | AP@50=0.3993
  Epoch  35/50 | LR=1.69e-04 | TLoss=7.1868 | VLoss=29.2555 | AP@50=0.4359
  Epoch  36/50 | LR=1.52e-04 | TLoss=7.2143 | VLoss=30.4212 | AP@50=0.3508
  Epoch  37/50 | LR=1.35e-04 | TLoss=7.3834 | VLoss=31.2964 | AP@50=0.4095
  Epoch  38/50 | LR=1.19e-04 | TLoss=6.7707 | VLoss=33.6949 | AP@50=0.3657
  Epoch  39/50 | LR=1.04e-04 | TLoss=6.7331 | VLoss=32.6659 | AP@50=0.4378
  Epoch  40/50 | LR=8.99e-05 | TLoss=6.4581 | VLoss=32.4926 | AP@50=0.3934
  Epoch  41/50 | LR=7.67e-05 | TLoss=6.2844 | VLoss=30.8319 | AP@50=0.4280
  Epoch  42/50 | LR=6.45e-05 | TLoss=6.1810 | VLoss=31.5148 | AP@50=0.3744
  Epoch  43/50 | LR=5.34e-05 | TLoss=5.8359 | VLoss=32.1638 | AP@50=0.3675
  Epoch  44/50 | LR=4.35e-05 | TLoss=6.2352 | VLoss=32.2487 | AP@50=0.3940
  Epoch  45/50 | LR=3.48e-05 | TLoss=5.9181 | VLoss=31.5139 | AP@50=0.3848
  Epoch  46/50 | LR=2.73e-05 | TLoss=5.8295 | VLoss=32.2051 | AP@50=0.3947
  Epoch  47/50 | LR=2.11e-05 | TLoss=5.7400 | VLoss=31.7356 | AP@50=0.3935
  Epoch  48/50 | LR=1.63e-05 | TLoss=5.9094 | VLoss=31.8746 | AP@50=0.3877
  [Early stop at epoch 48, best AP@50=0.4580]

[Trial 221] lr=3.75e-04  wd=1.77e-03  stride=5  bs=32  mosaic=0.35  ls=0.092  clahe=False  ssr=True  rbc=False  median=False(limit=7)  speckle=False(heavy)  cp_p=0.17
ScanAwareSampler: 13 scans, 2306 total slices, stride=5 → ~467 slices/epoch (20% of training set per epoch)
  Epoch   1/50 | LR=3.75e-05 | TLoss=418.9110 | VLoss=485.0248 | AP@50=0.0000
  Epoch   2/50 | LR=7.96e-05 | TLoss=309.7891 | VLoss=295.6144 | AP@50=0.0028
  Epoch   3/50 | LR=1.22e-04 | TLoss=171.9455 | VLoss=164.2453 | AP@50=0.0003
  Epoch   4/50 | LR=1.64e-04 | TLoss=85.5569 | VLoss=82.8226 | AP@50=0.0004
  Epoch   5/50 | LR=2.06e-04 | TLoss=45.6950 | VLoss=52.0007 | AP@50=0.0003
  Epoch   6/50 | LR=2.48e-04 | TLoss=34.2284 | VLoss=43.4348 | AP@50=0.0038
  Epoch   7/50 | LR=2.90e-04 | TLoss=29.0485 | VLoss=38.3701 | AP@50=0.0898
  Epoch   8/50 | LR=3.33e-04 | TLoss=23.8625 | VLoss=38.0153 | AP@50=0.1006
  Epoch   9/50 | LR=3.75e-04 | TLoss=24.1494 | VLoss=39.0337 | AP@50=0.0389
  Epoch  10/50 | LR=3.74e-04 | TLoss=22.0780 | VLoss=37.2645 | AP@50=0.1619
  Epoch  11/50 | LR=3.73e-04 | TLoss=20.3482 | VLoss=37.6696 | AP@50=0.2160
  Epoch  12/50 | LR=3.70e-04 | TLoss=19.4577 | VLoss=35.8002 | AP@50=0.1680
  [Pruned at epoch 12]

[Trial 231] lr=3.99e-04  wd=8.03e-03  stride=5  bs=32  mosaic=0.29  ls=0.105  clahe=False  ssr=True  rbc=False  median=False(limit=7)  speckle=False(heavy)  cp_p=0.12
ScanAwareSampler: 13 scans, 2306 total slices, stride=5 → ~467 slices/epoch (20% of training set per epoch)
  Epoch   1/50 | LR=3.99e-05 | TLoss=459.9067 | VLoss=468.9539 | AP@50=0.0000
  Epoch   2/50 | LR=8.48e-05 | TLoss=334.2829 | VLoss=309.4740 | AP@50=0.0005
  Epoch   3/50 | LR=1.30e-04 | TLoss=184.5463 | VLoss=166.7717 | AP@50=0.0006
  Epoch   4/50 | LR=1.75e-04 | TLoss=92.4113 | VLoss=86.5479 | AP@50=0.0004
  Epoch   5/50 | LR=2.19e-04 | TLoss=50.1692 | VLoss=51.7723 | AP@50=0.0006
  Epoch   6/50 | LR=2.64e-04 | TLoss=36.0012 | VLoss=46.6810 | AP@50=0.0004
  Epoch   7/50 | LR=3.09e-04 | TLoss=29.5349 | VLoss=40.5165 | AP@50=0.0271
  Epoch   8/50 | LR=3.54e-04 | TLoss=24.7916 | VLoss=37.4576 | AP@50=0.0364
  Epoch   9/50 | LR=3.99e-04 | TLoss=23.0418 | VLoss=35.8453 | AP@50=0.1407
  Epoch  10/50 | LR=3.98e-04 | TLoss=21.7785 | VLoss=36.2581 | AP@50=0.1903
  Epoch  11/50 | LR=3.97e-04 | TLoss=19.2430 | VLoss=36.2857 | AP@50=0.2877
  Epoch  12/50 | LR=3.94e-04 | TLoss=17.1950 | VLoss=37.2292 | AP@50=0.1832
  Epoch  13/50 | LR=3.90e-04 | TLoss=15.9563 | VLoss=39.1732 | AP@50=0.2018
  [Pruned at epoch 13]

=== Worker done | Completed: 59 | Pruned: 171 ===
Best AP@50 across all workers: 0.6187
Best params: {'learning_rate': 0.00043284502212938834, 'weight_decay': 0.007969454818643935, 'slice_stride': 5, 'batch_size': 32, 'mosaic_prob': 0.34044600469728353, 'label_smooth': 0.10621088666940683, 'use_clahe': False, 'use_shift_scale_rotate': True, 'use_brightness_contrast': False, 'use_median_blur': False, 'median_blur_limit': 7, 'use_speckle_noise': False, 'speckle_level': 'heavy', 'copy_paste_p': 0.1397716475108518}

Saving top-5 configs to train/config/
  Rank  1 | AP@50=0.6187 | {'learning_rate': 0.00043284502212938834, 'weight_decay': 0.007969454818643935, 'slice_stride': 5, 'batch_size': 32, 'mosaic_prob': 0.34044600469728353, 'label_smooth': 0.10621088666940683, 'use_clahe': False, 'use_shift_scale_rotate': True, 'use_brightness_contrast': False, 'use_median_blur': False, 'median_blur_limit': 7, 'use_speckle_noise': False, 'speckle_level': 'heavy', 'copy_paste_p': 0.1397716475108518} → hparam_v3_rank01_ap50_0.6187.yaml
  Rank  2 | AP@50=0.5711 | {'learning_rate': 0.0028118872210255064, 'weight_decay': 0.008450378971119275, 'slice_stride': 5, 'batch_size': 32, 'mosaic_prob': 0.33718855614370524, 'label_smooth': 0.07443075042506067, 'use_clahe': False, 'use_shift_scale_rotate': True, 'use_brightness_contrast': False, 'use_median_blur': False, 'median_blur_limit': 7, 'use_speckle_noise': False, 'speckle_level': 'light', 'copy_paste_p': 0.12501459947053223} → hparam_v3_rank02_ap50_0.5711.yaml
  Rank  3 | AP@50=0.5588 | {'learning_rate': 0.0004121868020758005, 'weight_decay': 0.006329750632925519, 'slice_stride': 5, 'batch_size': 16, 'mosaic_prob': 0.2737624297701444, 'label_smooth': 0.09524959365033166, 'use_clahe': False, 'use_shift_scale_rotate': True, 'use_brightness_contrast': False, 'use_median_blur': False, 'median_blur_limit': 7, 'use_speckle_noise': False, 'speckle_level': 'heavy', 'copy_paste_p': 0.14410512956607277} → hparam_v3_rank03_ap50_0.5588.yaml
  Rank  4 | AP@50=0.5574 | {'learning_rate': 0.0008634666718373443, 'weight_decay': 0.00011924877739976039, 'slice_stride': 5, 'batch_size': 16, 'mosaic_prob': 0.3644489794682245, 'label_smooth': 0.10048549250804921, 'use_clahe': False, 'use_shift_scale_rotate': True, 'use_brightness_contrast': False, 'use_median_blur': False, 'median_blur_limit': 7, 'use_speckle_noise': False, 'speckle_level': 'heavy', 'copy_paste_p': 0.1588071245080845} → hparam_v3_rank04_ap50_0.5574.yaml
  Rank  5 | AP@50=0.5564 | {'learning_rate': 0.0006346584987889559, 'weight_decay': 0.0064370378920159165, 'slice_stride': 5, 'batch_size': 16, 'mosaic_prob': 0.2776437064661334, 'label_smooth': 0.09531049851086541, 'use_clahe': False, 'use_shift_scale_rotate': True, 'use_brightness_contrast': False, 'use_median_blur': False, 'median_blur_limit': 7, 'use_speckle_noise': False, 'speckle_level': 'heavy', 'copy_paste_p': 0.18057166059243307} → hparam_v3_rank05_ap50_0.5564.yaml

Best config (AP@50=0.6187) → train/config/best_hyperparams_v3.yaml
Task 14 completed at: Tue Mar 17 12:57:26 PM EDT 2026
