Job array    : 752, task 9
Node         : bn045
Started at   : Tue Mar 17 02:39:17 PM EDT 2026
Config       : train/config/default.yaml
Study        : yoloe_hparam_search_v4 @ sqlite:////fs01/home/dhaneshr/code/obj-det-test/optuna_studies/yoloe_hparam_search_v4.db
Trials       : 15 (this worker)
Checkpoints  : top-3 per trial → /fs01/home/dhaneshr/code/obj-det-test/checkpoints/hparam_v4
Study name   : yoloe_hparam_search_v4
Storage      : sqlite:////fs01/home/dhaneshr/code/obj-det-test/optuna_studies/yoloe_hparam_search_v4.db
Trials       : 15 (this worker)
Epochs/trial : 50 (max, EMA early stopping patience=15)
EMA alpha    : 0.3
Checkpoints  : top-3 per trial → /fs01/home/dhaneshr/code/obj-det-test/checkpoints/hparam_v4

[Trial 8] lr=4.33e-04  wd=7.97e-03  stride=10  bs=16  mosaic=0.39  ls=0.090  clahe=True  ssr=True  rbc=False  median=True(limit=5)  speckle=False(medium)  cp_p=0.11
ScanAwareSampler: 13 scans, 2306 total slices, stride=10 → ~236 slices/epoch (10% of training set per epoch)
  Epoch   1/50 | LR=4.33e-05 | TLoss=415.1304 | VLoss=495.6425 | AP@50=0.0000 | SliceAP=0.1782 | EMA_SliceAP=0.1782
  Epoch   2/50 | LR=9.20e-05 | TLoss=306.6896 | VLoss=296.2822 | AP@50=0.0010 | SliceAP=0.4851 | EMA_SliceAP=0.2703
  Epoch   3/50 | LR=1.41e-04 | TLoss=168.0032 | VLoss=162.9559 | AP@50=0.0002 | SliceAP=0.5446 | EMA_SliceAP=0.3526
  Epoch   4/50 | LR=1.89e-04 | TLoss=80.9560 | VLoss=87.6671 | AP@50=0.0000 | SliceAP=0.3465 | EMA_SliceAP=0.3508
  Epoch   5/50 | LR=2.38e-04 | TLoss=50.1374 | VLoss=54.6602 | AP@50=0.0009 | SliceAP=0.2178 | EMA_SliceAP=0.3109
  Epoch   6/50 | LR=2.87e-04 | TLoss=36.7274 | VLoss=44.5417 | AP@50=0.0014 | SliceAP=0.1386 | EMA_SliceAP=0.2592
  Epoch   7/50 | LR=3.35e-04 | TLoss=33.1018 | VLoss=41.9804 | AP@50=0.0014 | SliceAP=0.0594 | EMA_SliceAP=0.1993
  Epoch   8/50 | LR=3.84e-04 | TLoss=28.3695 | VLoss=42.1972 | AP@50=0.0023 | SliceAP=0.1287 | EMA_SliceAP=0.1781
  Epoch   9/50 | LR=4.33e-04 | TLoss=28.6895 | VLoss=38.8678 | AP@50=0.0494 | SliceAP=0.3564 | EMA_SliceAP=0.2316
  Epoch  10/50 | LR=4.32e-04 | TLoss=26.7845 | VLoss=36.3725 | AP@50=0.0773 | SliceAP=0.5248 | EMA_SliceAP=0.3195
  Epoch  11/50 | LR=4.30e-04 | TLoss=24.2757 | VLoss=35.7668 | AP@50=0.0115 | SliceAP=0.3168 | EMA_SliceAP=0.3187
  Epoch  12/50 | LR=4.28e-04 | TLoss=22.2731 | VLoss=37.5510 | AP@50=0.1011 | SliceAP=0.4257 | EMA_SliceAP=0.3508
  Epoch  13/50 | LR=4.23e-04 | TLoss=20.2545 | VLoss=41.8867 | AP@50=0.2826 | SliceAP=0.6634 | EMA_SliceAP=0.4446
  Epoch  14/50 | LR=4.18e-04 | TLoss=21.0245 | VLoss=39.9956 | AP@50=0.0916 | SliceAP=0.6139 | EMA_SliceAP=0.4954
  Epoch  15/50 | LR=4.12e-04 | TLoss=18.6283 | VLoss=35.2831 | AP@50=0.1452 | SliceAP=0.5347 | EMA_SliceAP=0.5072
  Epoch  16/50 | LR=4.05e-04 | TLoss=16.9748 | VLoss=33.2442 | AP@50=0.3502 | SliceAP=0.6139 | EMA_SliceAP=0.5392
  Epoch  17/50 | LR=3.96e-04 | TLoss=16.3380 | VLoss=38.9274 | AP@50=0.3251 | SliceAP=0.6139 | EMA_SliceAP=0.5616
  Epoch  18/50 | LR=3.87e-04 | TLoss=15.3303 | VLoss=39.7379 | AP@50=0.2916 | SliceAP=0.5446 | EMA_SliceAP=0.5565
  Epoch  19/50 | LR=3.76e-04 | TLoss=15.1314 | VLoss=33.2169 | AP@50=0.2880 | SliceAP=0.6931 | EMA_SliceAP=0.5974
  Epoch  20/50 | LR=3.65e-04 | TLoss=14.4527 | VLoss=36.0072 | AP@50=0.2413 | SliceAP=0.5446 | EMA_SliceAP=0.5816
  Epoch  21/50 | LR=3.53e-04 | TLoss=13.1809 | VLoss=35.5910 | AP@50=0.3028 | SliceAP=0.6040 | EMA_SliceAP=0.5883
  Epoch  22/50 | LR=3.41e-04 | TLoss=11.9869 | VLoss=35.9200 | AP@50=0.2672 | SliceAP=0.5248 | EMA_SliceAP=0.5692
  Epoch  23/50 | LR=3.27e-04 | TLoss=12.5516 | VLoss=35.2793 | AP@50=0.3391 | SliceAP=0.6040 | EMA_SliceAP=0.5797
  Epoch  24/50 | LR=3.13e-04 | TLoss=12.4224 | VLoss=32.3596 | AP@50=0.3665 | SliceAP=0.6832 | EMA_SliceAP=0.6107
  Epoch  25/50 | LR=2.99e-04 | TLoss=11.9326 | VLoss=32.4636 | AP@50=0.4774 | SliceAP=0.7327 | EMA_SliceAP=0.6473
  Epoch  26/50 | LR=2.84e-04 | TLoss=11.2257 | VLoss=35.7638 | AP@50=0.4254 | SliceAP=0.6832 | EMA_SliceAP=0.6581
  Epoch  27/50 | LR=2.68e-04 | TLoss=10.3794 | VLoss=32.9195 | AP@50=0.4153 | SliceAP=0.6436 | EMA_SliceAP=0.6537
  Epoch  28/50 | LR=2.53e-04 | TLoss=10.0128 | VLoss=33.6517 | AP@50=0.3713 | SliceAP=0.6832 | EMA_SliceAP=0.6625
  Epoch  29/50 | LR=2.37e-04 | TLoss=9.9750 | VLoss=34.3686 | AP@50=0.4547 | SliceAP=0.6634 | EMA_SliceAP=0.6628
  Epoch  30/50 | LR=2.21e-04 | TLoss=9.8950 | VLoss=33.4257 | AP@50=0.4441 | SliceAP=0.7030 | EMA_SliceAP=0.6748
  Epoch  31/50 | LR=2.06e-04 | TLoss=9.3897 | VLoss=32.3126 | AP@50=0.5197 | SliceAP=0.7228 | EMA_SliceAP=0.6892
  Epoch  32/50 | LR=1.90e-04 | TLoss=9.6243 | VLoss=32.2157 | AP@50=0.5252 | SliceAP=0.7228 | EMA_SliceAP=0.6993
  Epoch  33/50 | LR=1.74e-04 | TLoss=9.5287 | VLoss=32.8200 | AP@50=0.4751 | SliceAP=0.6832 | EMA_SliceAP=0.6945
  Epoch  34/50 | LR=1.59e-04 | TLoss=9.5813 | VLoss=34.1498 | AP@50=0.4726 | SliceAP=0.6733 | EMA_SliceAP=0.6881
  Epoch  35/50 | LR=1.44e-04 | TLoss=9.0003 | VLoss=33.2762 | AP@50=0.4467 | SliceAP=0.6634 | EMA_SliceAP=0.6807
  Epoch  36/50 | LR=1.30e-04 | TLoss=8.8181 | VLoss=31.9729 | AP@50=0.4626 | SliceAP=0.7228 | EMA_SliceAP=0.6933
  Epoch  37/50 | LR=1.16e-04 | TLoss=8.6326 | VLoss=32.1687 | AP@50=0.5045 | SliceAP=0.7228 | EMA_SliceAP=0.7021
  Epoch  38/50 | LR=1.02e-04 | TLoss=8.2256 | VLoss=32.3807 | AP@50=0.4919 | SliceAP=0.7129 | EMA_SliceAP=0.7054
  Epoch  39/50 | LR=8.96e-05 | TLoss=8.1904 | VLoss=33.1983 | AP@50=0.4719 | SliceAP=0.6733 | EMA_SliceAP=0.6957
  Epoch  40/50 | LR=7.76e-05 | TLoss=8.6087 | VLoss=32.6950 | AP@50=0.4907 | SliceAP=0.7129 | EMA_SliceAP=0.7009
  Epoch  41/50 | LR=6.64e-05 | TLoss=7.6262 | VLoss=32.4873 | AP@50=0.5138 | SliceAP=0.7030 | EMA_SliceAP=0.7015
  Epoch  42/50 | LR=5.61e-05 | TLoss=8.1470 | VLoss=32.4779 | AP@50=0.5400 | SliceAP=0.6931 | EMA_SliceAP=0.6990
  Epoch  43/50 | LR=4.67e-05 | TLoss=7.5368 | VLoss=32.7232 | AP@50=0.5021 | SliceAP=0.6832 | EMA_SliceAP=0.6942
  Epoch  44/50 | LR=3.83e-05 | TLoss=7.9832 | VLoss=32.0573 | AP@50=0.5414 | SliceAP=0.7030 | EMA_SliceAP=0.6969
  Epoch  45/50 | LR=3.09e-05 | TLoss=7.8939 | VLoss=32.2526 | AP@50=0.5255 | SliceAP=0.6931 | EMA_SliceAP=0.6957
  Epoch  46/50 | LR=2.46e-05 | TLoss=7.1874 | VLoss=32.1236 | AP@50=0.5410 | SliceAP=0.6931 | EMA_SliceAP=0.6949
  Epoch  47/50 | LR=1.94e-05 | TLoss=7.9368 | VLoss=32.4411 | AP@50=0.5390 | SliceAP=0.6832 | EMA_SliceAP=0.6914
  Epoch  48/50 | LR=1.53e-05 | TLoss=7.6184 | VLoss=32.5556 | AP@50=0.5383 | SliceAP=0.6832 | EMA_SliceAP=0.6889
  Epoch  49/50 | LR=1.24e-05 | TLoss=7.3592 | VLoss=32.7460 | AP@50=0.5339 | SliceAP=0.6832 | EMA_SliceAP=0.6872
  Epoch  50/50 | LR=1.06e-05 | TLoss=7.1958 | VLoss=32.6427 | AP@50=0.5374 | SliceAP=0.6832 | EMA_SliceAP=0.6860
  [Checkpoints] top-3 saved → /fs01/home/dhaneshr/code/obj-det-test/checkpoints/hparam_v4/trial_0008/swa_manifest.yaml

[Trial 45] lr=1.24e-03  wd=3.84e-03  stride=5  bs=16  mosaic=0.32  ls=0.057  clahe=False  ssr=True  rbc=True  median=True(limit=5)  speckle=True(heavy)  cp_p=0.01
ScanAwareSampler: 13 scans, 2306 total slices, stride=5 → ~467 slices/epoch (20% of training set per epoch)
  Epoch   1/50 | LR=1.24e-04 | TLoss=282.3053 | VLoss=161.0932 | AP@50=0.0012 | SliceAP=0.3465 | EMA_SliceAP=0.3465
  Epoch   2/50 | LR=2.64e-04 | TLoss=65.2666 | VLoss=55.1032 | AP@50=0.0001 | SliceAP=0.0792 | EMA_SliceAP=0.2663
  Epoch   3/50 | LR=4.04e-04 | TLoss=37.1694 | VLoss=46.3834 | AP@50=0.0000 | SliceAP=0.0000 | EMA_SliceAP=0.1864
  Epoch   4/50 | LR=5.44e-04 | TLoss=32.9268 | VLoss=36.6399 | AP@50=0.0075 | SliceAP=0.1089 | EMA_SliceAP=0.1632
  Epoch   5/50 | LR=6.84e-04 | TLoss=31.9992 | VLoss=37.8317 | AP@50=0.0479 | SliceAP=0.4356 | EMA_SliceAP=0.2449
  Epoch   6/50 | LR=8.24e-04 | TLoss=25.8626 | VLoss=41.4236 | AP@50=0.1704 | SliceAP=0.6139 | EMA_SliceAP=0.3556
  Epoch   7/50 | LR=9.64e-04 | TLoss=23.2803 | VLoss=39.4934 | AP@50=0.0673 | SliceAP=0.4455 | EMA_SliceAP=0.3826
  Epoch   8/50 | LR=1.10e-03 | TLoss=19.0852 | VLoss=39.5375 | AP@50=0.0400 | SliceAP=0.5545 | EMA_SliceAP=0.4341
  Epoch   9/50 | LR=1.24e-03 | TLoss=18.0280 | VLoss=35.4482 | AP@50=0.2349 | SliceAP=0.5941 | EMA_SliceAP=0.4821
  Epoch  10/50 | LR=1.24e-03 | TLoss=15.5476 | VLoss=43.4413 | AP@50=0.2868 | SliceAP=0.6238 | EMA_SliceAP=0.5246
  Epoch  11/50 | LR=1.24e-03 | TLoss=15.0148 | VLoss=34.0041 | AP@50=0.2363 | SliceAP=0.5446 | EMA_SliceAP=0.5306
  Epoch  12/50 | LR=1.23e-03 | TLoss=14.9957 | VLoss=43.9826 | AP@50=0.1233 | SliceAP=0.5644 | EMA_SliceAP=0.5407
  Epoch  13/50 | LR=1.22e-03 | TLoss=12.8862 | VLoss=34.7870 | AP@50=0.2075 | SliceAP=0.6535 | EMA_SliceAP=0.5745
  Epoch  14/50 | LR=1.20e-03 | TLoss=12.1068 | VLoss=35.1351 | AP@50=0.3085 | SliceAP=0.6337 | EMA_SliceAP=0.5923
  Epoch  15/50 | LR=1.18e-03 | TLoss=11.5036 | VLoss=36.3040 | AP@50=0.2015 | SliceAP=0.4851 | EMA_SliceAP=0.5601
  Epoch  16/50 | LR=1.16e-03 | TLoss=11.9004 | VLoss=34.7830 | AP@50=0.3141 | SliceAP=0.6832 | EMA_SliceAP=0.5970
  Epoch  17/50 | LR=1.14e-03 | TLoss=11.2706 | VLoss=35.8440 | AP@50=0.3735 | SliceAP=0.5941 | EMA_SliceAP=0.5962
  Epoch  18/50 | LR=1.11e-03 | TLoss=10.5860 | VLoss=40.7577 | AP@50=0.2463 | SliceAP=0.6337 | EMA_SliceAP=0.6074
  Epoch  19/50 | LR=1.08e-03 | TLoss=10.2559 | VLoss=41.0246 | AP@50=0.3623 | SliceAP=0.6139 | EMA_SliceAP=0.6093
  Epoch  20/50 | LR=1.05e-03 | TLoss=11.1434 | VLoss=34.2627 | AP@50=0.4158 | SliceAP=0.6139 | EMA_SliceAP=0.6107
  Epoch  21/50 | LR=1.01e-03 | TLoss=10.0061 | VLoss=36.9162 | AP@50=0.4331 | SliceAP=0.6436 | EMA_SliceAP=0.6206
  Epoch  22/50 | LR=9.74e-04 | TLoss=10.0869 | VLoss=34.1604 | AP@50=0.4648 | SliceAP=0.6238 | EMA_SliceAP=0.6215
  Epoch  23/50 | LR=9.35e-04 | TLoss=8.8848 | VLoss=35.5779 | AP@50=0.3509 | SliceAP=0.6139 | EMA_SliceAP=0.6192
  Epoch  24/50 | LR=8.94e-04 | TLoss=9.1963 | VLoss=33.6712 | AP@50=0.4302 | SliceAP=0.6535 | EMA_SliceAP=0.6295
  Epoch  25/50 | LR=8.52e-04 | TLoss=8.8278 | VLoss=26.0424 | AP@50=0.3920 | SliceAP=0.6436 | EMA_SliceAP=0.6337
  Epoch  26/50 | LR=8.09e-04 | TLoss=8.0183 | VLoss=36.0413 | AP@50=0.3749 | SliceAP=0.6436 | EMA_SliceAP=0.6367
  Epoch  27/50 | LR=7.64e-04 | TLoss=8.2272 | VLoss=34.0227 | AP@50=0.4136 | SliceAP=0.6436 | EMA_SliceAP=0.6387
  Epoch  28/50 | LR=7.19e-04 | TLoss=9.1009 | VLoss=38.6671 | AP@50=0.3569 | SliceAP=0.6337 | EMA_SliceAP=0.6372
  Epoch  29/50 | LR=6.73e-04 | TLoss=8.0782 | VLoss=34.6347 | AP@50=0.4732 | SliceAP=0.6535 | EMA_SliceAP=0.6421
  Epoch  30/50 | LR=6.27e-04 | TLoss=7.9529 | VLoss=39.7061 | AP@50=0.3197 | SliceAP=0.6337 | EMA_SliceAP=0.6396
  [Pruned at epoch 30]

[Trial 72] lr=5.46e-04  wd=2.50e-03  stride=10  bs=16  mosaic=0.42  ls=0.014  clahe=True  ssr=True  rbc=False  median=True(limit=5)  speckle=False(medium)  cp_p=0.06
ScanAwareSampler: 13 scans, 2306 total slices, stride=10 → ~236 slices/epoch (10% of training set per epoch)
  Epoch   1/50 | LR=5.46e-05 | TLoss=430.1913 | VLoss=482.2593 | AP@50=0.0003 | SliceAP=0.1980 | EMA_SliceAP=0.1980
  Epoch   2/50 | LR=1.16e-04 | TLoss=279.5163 | VLoss=253.9227 | AP@50=0.0006 | SliceAP=0.4158 | EMA_SliceAP=0.2634
  Epoch   3/50 | LR=1.77e-04 | TLoss=135.1524 | VLoss=122.1023 | AP@50=0.0004 | SliceAP=0.5347 | EMA_SliceAP=0.3448
  Epoch   4/50 | LR=2.39e-04 | TLoss=61.9194 | VLoss=63.9784 | AP@50=0.0002 | SliceAP=0.3663 | EMA_SliceAP=0.3512
  Epoch   5/50 | LR=3.00e-04 | TLoss=40.0819 | VLoss=48.9194 | AP@50=0.0000 | SliceAP=0.0000 | EMA_SliceAP=0.2459
  Epoch   6/50 | LR=3.61e-04 | TLoss=34.5021 | VLoss=41.3318 | AP@50=0.0042 | SliceAP=0.2574 | EMA_SliceAP=0.2493
  Epoch   7/50 | LR=4.23e-04 | TLoss=29.3057 | VLoss=41.6456 | AP@50=0.0059 | SliceAP=0.2673 | EMA_SliceAP=0.2547
  Epoch   8/50 | LR=4.84e-04 | TLoss=27.9805 | VLoss=39.7271 | AP@50=0.0074 | SliceAP=0.2277 | EMA_SliceAP=0.2466
  Epoch   9/50 | LR=5.46e-04 | TLoss=27.2920 | VLoss=41.0959 | AP@50=0.0085 | SliceAP=0.4158 | EMA_SliceAP=0.2974
  Epoch  10/50 | LR=5.45e-04 | TLoss=24.0531 | VLoss=38.4649 | AP@50=0.0992 | SliceAP=0.4356 | EMA_SliceAP=0.3389
  [Pruned at epoch 10]

[Trial 79] lr=2.75e-03  wd=6.46e-03  stride=10  bs=16  mosaic=0.37  ls=0.081  clahe=True  ssr=True  rbc=False  median=True(limit=5)  speckle=False(medium)  cp_p=0.09
ScanAwareSampler: 13 scans, 2306 total slices, stride=10 → ~236 slices/epoch (10% of training set per epoch)
  Epoch   1/50 | LR=2.75e-04 | TLoss=272.0779 | VLoss=152.8069 | AP@50=0.0024 | SliceAP=0.3564 | EMA_SliceAP=0.3564
  Epoch   2/50 | LR=5.84e-04 | TLoss=57.6517 | VLoss=45.2511 | AP@50=0.0001 | SliceAP=0.0396 | EMA_SliceAP=0.2614
  Epoch   3/50 | LR=8.93e-04 | TLoss=36.0235 | VLoss=47.8353 | AP@50=0.0008 | SliceAP=0.0594 | EMA_SliceAP=0.2008
  Epoch   4/50 | LR=1.20e-03 | TLoss=35.5238 | VLoss=36.6036 | AP@50=0.0021 | SliceAP=0.1089 | EMA_SliceAP=0.1732
  Epoch   5/50 | LR=1.51e-03 | TLoss=32.1650 | VLoss=42.7959 | AP@50=0.0117 | SliceAP=0.1485 | EMA_SliceAP=0.1658
  Epoch   6/50 | LR=1.82e-03 | TLoss=29.3717 | VLoss=42.5600 | AP@50=0.0650 | SliceAP=0.4950 | EMA_SliceAP=0.2646
  Epoch   7/50 | LR=2.13e-03 | TLoss=27.0803 | VLoss=45.8038 | AP@50=0.0121 | SliceAP=0.3069 | EMA_SliceAP=0.2773
  Epoch   8/50 | LR=2.44e-03 | TLoss=26.5770 | VLoss=37.3246 | AP@50=0.1245 | SliceAP=0.5248 | EMA_SliceAP=0.3515
  Epoch   9/50 | LR=2.75e-03 | TLoss=24.2176 | VLoss=42.6188 | AP@50=0.0934 | SliceAP=0.3663 | EMA_SliceAP=0.3560
  Epoch  10/50 | LR=2.74e-03 | TLoss=24.7649 | VLoss=40.2844 | AP@50=0.0387 | SliceAP=0.4752 | EMA_SliceAP=0.3918
  [Pruned at epoch 10]

[Trial 83] lr=1.95e-04  wd=6.61e-03  stride=10  bs=16  mosaic=0.28  ls=0.115  clahe=True  ssr=True  rbc=False  median=True(limit=5)  speckle=False(medium)  cp_p=0.15
ScanAwareSampler: 13 scans, 2306 total slices, stride=10 → ~236 slices/epoch (10% of training set per epoch)
  Epoch   1/50 | LR=1.95e-05 | TLoss=477.5218 | VLoss=567.1873 | AP@50=0.0008 | SliceAP=0.1782 | EMA_SliceAP=0.1782
  Epoch   2/50 | LR=4.14e-05 | TLoss=425.3542 | VLoss=465.0936 | AP@50=0.0022 | SliceAP=0.4653 | EMA_SliceAP=0.2644
  Epoch   3/50 | LR=6.33e-05 | TLoss=332.1121 | VLoss=330.4395 | AP@50=0.0003 | SliceAP=0.4455 | EMA_SliceAP=0.3187
  Epoch   4/50 | LR=8.52e-05 | TLoss=212.4311 | VLoss=231.0584 | AP@50=0.0006 | SliceAP=0.5545 | EMA_SliceAP=0.3894
  Epoch   5/50 | LR=1.07e-04 | TLoss=143.8064 | VLoss=157.6615 | AP@50=0.0003 | SliceAP=0.4851 | EMA_SliceAP=0.4181
  Epoch   6/50 | LR=1.29e-04 | TLoss=91.6342 | VLoss=108.9432 | AP@50=0.0001 | SliceAP=0.3168 | EMA_SliceAP=0.3878
  Epoch   7/50 | LR=1.51e-04 | TLoss=63.9835 | VLoss=73.4812 | AP@50=0.0002 | SliceAP=0.3465 | EMA_SliceAP=0.3754
  Epoch   8/50 | LR=1.73e-04 | TLoss=43.4308 | VLoss=54.3015 | AP@50=0.0005 | SliceAP=0.2673 | EMA_SliceAP=0.3430
  Epoch   9/50 | LR=1.95e-04 | TLoss=38.4115 | VLoss=43.6880 | AP@50=0.0005 | SliceAP=0.0891 | EMA_SliceAP=0.2668
  Epoch  10/50 | LR=1.95e-04 | TLoss=34.6470 | VLoss=42.8089 | AP@50=0.0749 | SliceAP=0.4950 | EMA_SliceAP=0.3353
  Epoch  11/50 | LR=1.94e-04 | TLoss=29.7854 | VLoss=39.6184 | AP@50=0.0579 | SliceAP=0.3960 | EMA_SliceAP=0.3535
  Epoch  12/50 | LR=1.92e-04 | TLoss=26.9340 | VLoss=39.1147 | AP@50=0.0289 | SliceAP=0.3960 | EMA_SliceAP=0.3663
  Epoch  13/50 | LR=1.91e-04 | TLoss=25.5116 | VLoss=38.9337 | AP@50=0.0650 | SliceAP=0.2970 | EMA_SliceAP=0.3455
  Epoch  14/50 | LR=1.88e-04 | TLoss=25.0625 | VLoss=39.3153 | AP@50=0.1065 | SliceAP=0.4554 | EMA_SliceAP=0.3785
  Epoch  15/50 | LR=1.86e-04 | TLoss=22.9201 | VLoss=35.8309 | AP@50=0.1833 | SliceAP=0.5644 | EMA_SliceAP=0.4342
  Epoch  16/50 | LR=1.82e-04 | TLoss=21.8803 | VLoss=36.9396 | AP@50=0.2389 | SliceAP=0.4950 | EMA_SliceAP=0.4525
  Epoch  17/50 | LR=1.79e-04 | TLoss=19.2141 | VLoss=34.7332 | AP@50=0.2819 | SliceAP=0.6436 | EMA_SliceAP=0.5098
  Epoch  18/50 | LR=1.75e-04 | TLoss=19.5260 | VLoss=35.0262 | AP@50=0.1540 | SliceAP=0.4851 | EMA_SliceAP=0.5024
  Epoch  19/50 | LR=1.70e-04 | TLoss=19.3173 | VLoss=34.4772 | AP@50=0.1991 | SliceAP=0.5347 | EMA_SliceAP=0.5121
  Epoch  20/50 | LR=1.65e-04 | TLoss=19.5043 | VLoss=37.6891 | AP@50=0.1756 | SliceAP=0.3663 | EMA_SliceAP=0.4684
  Epoch  21/50 | LR=1.60e-04 | TLoss=17.2966 | VLoss=34.4384 | AP@50=0.3845 | SliceAP=0.6436 | EMA_SliceAP=0.5209
  Epoch  22/50 | LR=1.54e-04 | TLoss=16.4804 | VLoss=36.3357 | AP@50=0.3520 | SliceAP=0.5941 | EMA_SliceAP=0.5429
  Epoch  23/50 | LR=1.49e-04 | TLoss=15.1249 | VLoss=35.3347 | AP@50=0.4059 | SliceAP=0.6238 | EMA_SliceAP=0.5671
  Epoch  24/50 | LR=1.42e-04 | TLoss=15.0940 | VLoss=34.0653 | AP@50=0.2612 | SliceAP=0.5743 | EMA_SliceAP=0.5693
  Epoch  25/50 | LR=1.36e-04 | TLoss=13.7489 | VLoss=35.7120 | AP@50=0.3384 | SliceAP=0.6238 | EMA_SliceAP=0.5856
  Epoch  26/50 | LR=1.30e-04 | TLoss=14.8357 | VLoss=34.1487 | AP@50=0.2959 | SliceAP=0.5743 | EMA_SliceAP=0.5822
  Epoch  27/50 | LR=1.23e-04 | TLoss=12.8457 | VLoss=35.6590 | AP@50=0.3266 | SliceAP=0.5545 | EMA_SliceAP=0.5739
  Epoch  28/50 | LR=1.16e-04 | TLoss=13.0230 | VLoss=33.9401 | AP@50=0.2663 | SliceAP=0.5743 | EMA_SliceAP=0.5740
  Epoch  29/50 | LR=1.09e-04 | TLoss=12.1697 | VLoss=36.9744 | AP@50=0.4011 | SliceAP=0.5842 | EMA_SliceAP=0.5770
  Epoch  30/50 | LR=1.02e-04 | TLoss=12.8878 | VLoss=34.1090 | AP@50=0.3465 | SliceAP=0.5743 | EMA_SliceAP=0.5762
  [Pruned at epoch 30]

[Trial 106] lr=4.17e-03  wd=5.06e-03  stride=10  bs=16  mosaic=0.41  ls=0.085  clahe=True  ssr=True  rbc=False  median=True(limit=5)  speckle=False(medium)  cp_p=0.10
ScanAwareSampler: 13 scans, 2306 total slices, stride=10 → ~236 slices/epoch (10% of training set per epoch)
  Epoch   1/50 | LR=4.17e-04 | TLoss=212.8513 | VLoss=90.7126 | AP@50=0.0013 | SliceAP=0.5050 | EMA_SliceAP=0.5050
  Epoch   2/50 | LR=8.86e-04 | TLoss=43.1986 | VLoss=48.5511 | AP@50=0.0000 | SliceAP=0.0000 | EMA_SliceAP=0.3535
  Epoch   3/50 | LR=1.36e-03 | TLoss=39.4125 | VLoss=47.8160 | AP@50=0.0001 | SliceAP=0.0495 | EMA_SliceAP=0.2623
  Epoch   4/50 | LR=1.82e-03 | TLoss=36.1351 | VLoss=45.0665 | AP@50=0.0517 | SliceAP=0.2475 | EMA_SliceAP=0.2579
  Epoch   5/50 | LR=2.29e-03 | TLoss=34.5151 | VLoss=39.8171 | AP@50=0.0586 | SliceAP=0.4752 | EMA_SliceAP=0.3231
  Epoch   6/50 | LR=2.76e-03 | TLoss=35.3528 | VLoss=42.7231 | AP@50=0.0431 | SliceAP=0.3366 | EMA_SliceAP=0.3271
  Epoch   7/50 | LR=3.23e-03 | TLoss=34.0845 | VLoss=41.2516 | AP@50=0.0075 | SliceAP=0.1485 | EMA_SliceAP=0.2736
  Epoch   8/50 | LR=3.70e-03 | TLoss=30.0736 | VLoss=39.2432 | AP@50=0.0795 | SliceAP=0.3960 | EMA_SliceAP=0.3103
  Epoch   9/50 | LR=4.17e-03 | TLoss=28.8557 | VLoss=40.2907 | AP@50=0.0369 | SliceAP=0.3465 | EMA_SliceAP=0.3212
  Epoch  10/50 | LR=4.16e-03 | TLoss=29.8372 | VLoss=44.4534 | AP@50=0.0000 | SliceAP=0.0000 | EMA_SliceAP=0.2248
  [Pruned at epoch 10]

[Trial 119] lr=2.08e-03  wd=7.46e-03  stride=7  bs=16  mosaic=0.35  ls=0.075  clahe=True  ssr=True  rbc=False  median=True(limit=5)  speckle=False(medium)  cp_p=0.03
ScanAwareSampler: 13 scans, 2306 total slices, stride=7 → ~336 slices/epoch (15% of training set per epoch)
  Epoch   1/50 | LR=2.08e-04 | TLoss=257.5964 | VLoss=133.7139 | AP@50=0.0006 | SliceAP=0.2079 | EMA_SliceAP=0.2079
  Epoch   2/50 | LR=4.43e-04 | TLoss=54.7629 | VLoss=42.9046 | AP@50=0.0000 | SliceAP=0.0198 | EMA_SliceAP=0.1515
  Epoch   3/50 | LR=6.77e-04 | TLoss=36.5862 | VLoss=42.2978 | AP@50=0.0000 | SliceAP=0.0198 | EMA_SliceAP=0.1120
  Epoch   4/50 | LR=9.12e-04 | TLoss=32.5857 | VLoss=37.8068 | AP@50=0.0013 | SliceAP=0.0990 | EMA_SliceAP=0.1081
  Epoch   5/50 | LR=1.15e-03 | TLoss=28.4747 | VLoss=39.4423 | AP@50=0.1514 | SliceAP=0.2574 | EMA_SliceAP=0.1529
  Epoch   6/50 | LR=1.38e-03 | TLoss=25.1806 | VLoss=40.3574 | AP@50=0.1165 | SliceAP=0.5248 | EMA_SliceAP=0.2644
  Epoch   7/50 | LR=1.62e-03 | TLoss=25.7802 | VLoss=40.3365 | AP@50=0.1334 | SliceAP=0.4356 | EMA_SliceAP=0.3158
  Epoch   8/50 | LR=1.85e-03 | TLoss=20.2953 | VLoss=38.4732 | AP@50=0.1212 | SliceAP=0.4257 | EMA_SliceAP=0.3488
  Epoch   9/50 | LR=2.08e-03 | TLoss=19.1133 | VLoss=38.5801 | AP@50=0.1590 | SliceAP=0.5644 | EMA_SliceAP=0.4135
  Epoch  10/50 | LR=2.08e-03 | TLoss=19.6416 | VLoss=36.6438 | AP@50=0.0815 | SliceAP=0.4851 | EMA_SliceAP=0.4350
  [Pruned at epoch 10]

[Trial 125] lr=3.44e-03  wd=6.61e-04  stride=7  bs=32  mosaic=0.38  ls=0.070  clahe=True  ssr=True  rbc=False  median=True(limit=7)  speckle=False(light)  cp_p=0.66
ScanAwareSampler: 13 scans, 2306 total slices, stride=7 → ~336 slices/epoch (15% of training set per epoch)
  Epoch   1/50 | LR=3.44e-04 | TLoss=237.9263 | VLoss=187.3863 | AP@50=0.0004 | SliceAP=0.1881 | EMA_SliceAP=0.1881
  Epoch   2/50 | LR=7.30e-04 | TLoss=62.5066 | VLoss=51.3250 | AP@50=0.0011 | SliceAP=0.2277 | EMA_SliceAP=0.2000
  Epoch   3/50 | LR=1.12e-03 | TLoss=35.6471 | VLoss=39.0217 | AP@50=0.0007 | SliceAP=0.1089 | EMA_SliceAP=0.1727
  Epoch   4/50 | LR=1.50e-03 | TLoss=31.6557 | VLoss=42.9470 | AP@50=0.0001 | SliceAP=0.0198 | EMA_SliceAP=0.1268
  Epoch   5/50 | LR=1.89e-03 | TLoss=29.5049 | VLoss=39.6057 | AP@50=0.0115 | SliceAP=0.5644 | EMA_SliceAP=0.2581
  Epoch   6/50 | LR=2.28e-03 | TLoss=28.4418 | VLoss=35.9882 | AP@50=0.0518 | SliceAP=0.5644 | EMA_SliceAP=0.3500
  Epoch   7/50 | LR=2.66e-03 | TLoss=26.7480 | VLoss=38.1593 | AP@50=0.1239 | SliceAP=0.5347 | EMA_SliceAP=0.4054
  Epoch   8/50 | LR=3.05e-03 | TLoss=24.1590 | VLoss=37.6267 | AP@50=0.0462 | SliceAP=0.4950 | EMA_SliceAP=0.4323
  Epoch   9/50 | LR=3.44e-03 | TLoss=23.7712 | VLoss=32.0066 | AP@50=0.1737 | SliceAP=0.7030 | EMA_SliceAP=0.5135
  Epoch  10/50 | LR=3.43e-03 | TLoss=20.3821 | VLoss=32.9818 | AP@50=0.1552 | SliceAP=0.5446 | EMA_SliceAP=0.5228
  Epoch  11/50 | LR=3.42e-03 | TLoss=20.4328 | VLoss=31.0910 | AP@50=0.0763 | SliceAP=0.4653 | EMA_SliceAP=0.5056
  Epoch  12/50 | LR=3.39e-03 | TLoss=19.1821 | VLoss=40.2615 | AP@50=0.0599 | SliceAP=0.4653 | EMA_SliceAP=0.4935
  Epoch  13/50 | LR=3.36e-03 | TLoss=18.1307 | VLoss=38.9071 | AP@50=0.1345 | SliceAP=0.5149 | EMA_SliceAP=0.4999
  Epoch  14/50 | LR=3.32e-03 | TLoss=18.1219 | VLoss=37.5917 | AP@50=0.1911 | SliceAP=0.6535 | EMA_SliceAP=0.5460
  Epoch  15/50 | LR=3.27e-03 | TLoss=17.0688 | VLoss=36.5264 | AP@50=0.3550 | SliceAP=0.6931 | EMA_SliceAP=0.5901
  Epoch  16/50 | LR=3.21e-03 | TLoss=16.0847 | VLoss=36.0008 | AP@50=0.3264 | SliceAP=0.7327 | EMA_SliceAP=0.6329
  Epoch  17/50 | LR=3.14e-03 | TLoss=14.3732 | VLoss=33.6606 | AP@50=0.2907 | SliceAP=0.6535 | EMA_SliceAP=0.6391
  Epoch  18/50 | LR=3.06e-03 | TLoss=14.0568 | VLoss=32.8558 | AP@50=0.1669 | SliceAP=0.4356 | EMA_SliceAP=0.5780
  Epoch  19/50 | LR=2.98e-03 | TLoss=14.1384 | VLoss=35.4504 | AP@50=0.3069 | SliceAP=0.6931 | EMA_SliceAP=0.6125
  Epoch  20/50 | LR=2.89e-03 | TLoss=12.8779 | VLoss=35.2613 | AP@50=0.2533 | SliceAP=0.6634 | EMA_SliceAP=0.6278
  Epoch  21/50 | LR=2.79e-03 | TLoss=13.3835 | VLoss=35.0190 | AP@50=0.3955 | SliceAP=0.6436 | EMA_SliceAP=0.6325
  Epoch  22/50 | LR=2.69e-03 | TLoss=12.8127 | VLoss=33.0515 | AP@50=0.2794 | SliceAP=0.5446 | EMA_SliceAP=0.6061
  Epoch  23/50 | LR=2.58e-03 | TLoss=12.2799 | VLoss=30.7165 | AP@50=0.3575 | SliceAP=0.6139 | EMA_SliceAP=0.6085
  Epoch  24/50 | LR=2.47e-03 | TLoss=12.0101 | VLoss=31.8579 | AP@50=0.2656 | SliceAP=0.5347 | EMA_SliceAP=0.5863
  Epoch  25/50 | LR=2.35e-03 | TLoss=11.4430 | VLoss=38.0816 | AP@50=0.2629 | SliceAP=0.5842 | EMA_SliceAP=0.5857
  Epoch  26/50 | LR=2.23e-03 | TLoss=11.3313 | VLoss=34.8688 | AP@50=0.3760 | SliceAP=0.6139 | EMA_SliceAP=0.5941
  Epoch  27/50 | LR=2.10e-03 | TLoss=10.8685 | VLoss=30.1854 | AP@50=0.3710 | SliceAP=0.6238 | EMA_SliceAP=0.6030
  Epoch  28/50 | LR=1.98e-03 | TLoss=10.3646 | VLoss=32.3797 | AP@50=0.4042 | SliceAP=0.6040 | EMA_SliceAP=0.6033
  Epoch  29/50 | LR=1.85e-03 | TLoss=10.9714 | VLoss=30.9086 | AP@50=0.4100 | SliceAP=0.6832 | EMA_SliceAP=0.6273
  Epoch  30/50 | LR=1.72e-03 | TLoss=9.8825 | VLoss=35.3556 | AP@50=0.4000 | SliceAP=0.5743 | EMA_SliceAP=0.6114
  [Pruned at epoch 30]

[Trial 148] lr=2.26e-04  wd=1.37e-03  stride=10  bs=16  mosaic=0.33  ls=0.007  clahe=True  ssr=True  rbc=False  median=True(limit=5)  speckle=False(medium)  cp_p=0.05
ScanAwareSampler: 13 scans, 2306 total slices, stride=10 → ~236 slices/epoch (10% of training set per epoch)
  Epoch   1/50 | LR=2.26e-05 | TLoss=431.4840 | VLoss=517.7149 | AP@50=0.0000 | SliceAP=0.1881 | EMA_SliceAP=0.1881
  Epoch   2/50 | LR=4.81e-05 | TLoss=369.5256 | VLoss=393.3762 | AP@50=0.0022 | SliceAP=0.4257 | EMA_SliceAP=0.2594
  Epoch   3/50 | LR=7.35e-05 | TLoss=267.5669 | VLoss=259.9025 | AP@50=0.0009 | SliceAP=0.4851 | EMA_SliceAP=0.3271
  Epoch   4/50 | LR=9.90e-05 | TLoss=176.5020 | VLoss=161.8656 | AP@50=0.0053 | SliceAP=0.5941 | EMA_SliceAP=0.4072
  Epoch   5/50 | LR=1.24e-04 | TLoss=103.0418 | VLoss=103.3638 | AP@50=0.0001 | SliceAP=0.3861 | EMA_SliceAP=0.4009
  Epoch   6/50 | LR=1.50e-04 | TLoss=60.3397 | VLoss=69.7070 | AP@50=0.0000 | SliceAP=0.2475 | EMA_SliceAP=0.3549
  Epoch   7/50 | LR=1.75e-04 | TLoss=44.3344 | VLoss=53.1488 | AP@50=0.0001 | SliceAP=0.1485 | EMA_SliceAP=0.2930
  Epoch   8/50 | LR=2.01e-04 | TLoss=34.7528 | VLoss=44.6969 | AP@50=0.0001 | SliceAP=0.0495 | EMA_SliceAP=0.2199
  Epoch   9/50 | LR=2.26e-04 | TLoss=31.0975 | VLoss=42.7781 | AP@50=0.0025 | SliceAP=0.2475 | EMA_SliceAP=0.2282
  Epoch  10/50 | LR=2.26e-04 | TLoss=30.1617 | VLoss=43.2716 | AP@50=0.0165 | SliceAP=0.2772 | EMA_SliceAP=0.2429
  Epoch  11/50 | LR=2.25e-04 | TLoss=27.7818 | VLoss=40.9000 | AP@50=0.0116 | SliceAP=0.1287 | EMA_SliceAP=0.2087
  Epoch  12/50 | LR=2.23e-04 | TLoss=25.3015 | VLoss=44.1138 | AP@50=0.0932 | SliceAP=0.3861 | EMA_SliceAP=0.2619
  Epoch  13/50 | LR=2.21e-04 | TLoss=23.4554 | VLoss=39.5033 | AP@50=0.0169 | SliceAP=0.3168 | EMA_SliceAP=0.2784
  Epoch  14/50 | LR=2.19e-04 | TLoss=22.8828 | VLoss=38.5505 | AP@50=0.2045 | SliceAP=0.6238 | EMA_SliceAP=0.3820
  Epoch  15/50 | LR=2.15e-04 | TLoss=21.7128 | VLoss=37.0848 | AP@50=0.1093 | SliceAP=0.5248 | EMA_SliceAP=0.4248
  Epoch  16/50 | LR=2.12e-04 | TLoss=20.4308 | VLoss=33.8786 | AP@50=0.1187 | SliceAP=0.4851 | EMA_SliceAP=0.4429
  Epoch  17/50 | LR=2.07e-04 | TLoss=18.8787 | VLoss=36.8218 | AP@50=0.2275 | SliceAP=0.4059 | EMA_SliceAP=0.4318
  Epoch  18/50 | LR=2.03e-04 | TLoss=17.7069 | VLoss=38.9371 | AP@50=0.1899 | SliceAP=0.4158 | EMA_SliceAP=0.4270
  Epoch  19/50 | LR=1.97e-04 | TLoss=16.1854 | VLoss=37.2389 | AP@50=0.1539 | SliceAP=0.5248 | EMA_SliceAP=0.4563
  Epoch  20/50 | LR=1.92e-04 | TLoss=15.8451 | VLoss=36.4098 | AP@50=0.2867 | SliceAP=0.6139 | EMA_SliceAP=0.5036
  Epoch  21/50 | LR=1.85e-04 | TLoss=15.0058 | VLoss=39.5864 | AP@50=0.2291 | SliceAP=0.4653 | EMA_SliceAP=0.4921
  Epoch  22/50 | LR=1.79e-04 | TLoss=14.3740 | VLoss=33.3325 | AP@50=0.3393 | SliceAP=0.5941 | EMA_SliceAP=0.5227
  Epoch  23/50 | LR=1.72e-04 | TLoss=14.3666 | VLoss=34.4927 | AP@50=0.2799 | SliceAP=0.5347 | EMA_SliceAP=0.5263
  Epoch  24/50 | LR=1.65e-04 | TLoss=13.4095 | VLoss=36.0476 | AP@50=0.2204 | SliceAP=0.5248 | EMA_SliceAP=0.5258
  Epoch  25/50 | LR=1.58e-04 | TLoss=12.7176 | VLoss=36.6150 | AP@50=0.2332 | SliceAP=0.4356 | EMA_SliceAP=0.4988
  Epoch  26/50 | LR=1.50e-04 | TLoss=12.0085 | VLoss=36.2039 | AP@50=0.2611 | SliceAP=0.4752 | EMA_SliceAP=0.4917
  Epoch  27/50 | LR=1.42e-04 | TLoss=11.3611 | VLoss=36.2549 | AP@50=0.2952 | SliceAP=0.5248 | EMA_SliceAP=0.5016
  Epoch  28/50 | LR=1.34e-04 | TLoss=11.9380 | VLoss=35.8713 | AP@50=0.3468 | SliceAP=0.6337 | EMA_SliceAP=0.5412
  Epoch  29/50 | LR=1.26e-04 | TLoss=11.2348 | VLoss=37.3300 | AP@50=0.3737 | SliceAP=0.5248 | EMA_SliceAP=0.5363
  Epoch  30/50 | LR=1.18e-04 | TLoss=11.2156 | VLoss=37.0220 | AP@50=0.3974 | SliceAP=0.5842 | EMA_SliceAP=0.5507
  [Pruned at epoch 30]

[Trial 168] lr=3.12e-03  wd=7.46e-03  stride=10  bs=16  mosaic=0.36  ls=0.102  clahe=False  ssr=True  rbc=True  median=True(limit=5)  speckle=True(heavy)  cp_p=0.38
ScanAwareSampler: 13 scans, 2306 total slices, stride=10 → ~236 slices/epoch (10% of training set per epoch)
  Epoch   1/50 | LR=3.12e-04 | TLoss=259.3307 | VLoss=148.5505 | AP@50=0.0005 | SliceAP=0.2079 | EMA_SliceAP=0.2079
  Epoch   2/50 | LR=6.63e-04 | TLoss=57.9039 | VLoss=44.9765 | AP@50=0.0010 | SliceAP=0.2079 | EMA_SliceAP=0.2079
  Epoch   3/50 | LR=1.01e-03 | TLoss=36.1579 | VLoss=39.8506 | AP@50=0.0016 | SliceAP=0.0891 | EMA_SliceAP=0.1723
  Epoch   4/50 | LR=1.37e-03 | TLoss=35.1629 | VLoss=51.0087 | AP@50=0.0000 | SliceAP=0.0000 | EMA_SliceAP=0.1206
  Epoch   5/50 | LR=1.72e-03 | TLoss=31.3077 | VLoss=46.0517 | AP@50=0.0080 | SliceAP=0.1881 | EMA_SliceAP=0.1409
  Epoch   6/50 | LR=2.07e-03 | TLoss=33.6448 | VLoss=41.2941 | AP@50=0.0111 | SliceAP=0.2079 | EMA_SliceAP=0.1610
  Epoch   7/50 | LR=2.42e-03 | TLoss=33.3132 | VLoss=45.3049 | AP@50=0.0037 | SliceAP=0.3663 | EMA_SliceAP=0.2226
  Epoch   8/50 | LR=2.77e-03 | TLoss=30.2393 | VLoss=39.1523 | AP@50=0.0291 | SliceAP=0.5347 | EMA_SliceAP=0.3162
  Epoch   9/50 | LR=3.12e-03 | TLoss=32.0054 | VLoss=37.6062 | AP@50=0.0169 | SliceAP=0.2178 | EMA_SliceAP=0.2867
  Epoch  10/50 | LR=3.12e-03 | TLoss=28.7859 | VLoss=39.4039 | AP@50=0.1794 | SliceAP=0.5248 | EMA_SliceAP=0.3581
  Epoch  11/50 | LR=3.10e-03 | TLoss=27.2572 | VLoss=36.6976 | AP@50=0.0352 | SliceAP=0.4455 | EMA_SliceAP=0.3843
  Epoch  12/50 | LR=3.08e-03 | TLoss=24.5576 | VLoss=37.8655 | AP@50=0.1058 | SliceAP=0.4851 | EMA_SliceAP=0.4146
  Epoch  13/50 | LR=3.05e-03 | TLoss=24.9217 | VLoss=39.9614 | AP@50=0.0102 | SliceAP=0.4455 | EMA_SliceAP=0.4239
  Epoch  14/50 | LR=3.01e-03 | TLoss=22.7528 | VLoss=35.6446 | AP@50=0.1177 | SliceAP=0.5743 | EMA_SliceAP=0.4690
  Epoch  15/50 | LR=2.97e-03 | TLoss=22.4956 | VLoss=35.7439 | AP@50=0.0681 | SliceAP=0.5941 | EMA_SliceAP=0.5065
  Epoch  16/50 | LR=2.91e-03 | TLoss=20.0687 | VLoss=39.0309 | AP@50=0.1303 | SliceAP=0.6436 | EMA_SliceAP=0.5476
  Epoch  17/50 | LR=2.85e-03 | TLoss=20.0130 | VLoss=42.0340 | AP@50=0.0053 | SliceAP=0.2673 | EMA_SliceAP=0.4635
  Epoch  18/50 | LR=2.78e-03 | TLoss=18.2726 | VLoss=39.0606 | AP@50=0.1299 | SliceAP=0.5743 | EMA_SliceAP=0.4968
  Epoch  19/50 | LR=2.71e-03 | TLoss=17.9658 | VLoss=34.6217 | AP@50=0.1821 | SliceAP=0.5743 | EMA_SliceAP=0.5200
  Epoch  20/50 | LR=2.62e-03 | TLoss=17.3459 | VLoss=32.8988 | AP@50=0.4011 | SliceAP=0.7525 | EMA_SliceAP=0.5897
  Epoch  21/50 | LR=2.54e-03 | TLoss=16.9242 | VLoss=39.1987 | AP@50=0.1388 | SliceAP=0.5050 | EMA_SliceAP=0.5643
  Epoch  22/50 | LR=2.44e-03 | TLoss=15.7639 | VLoss=41.7272 | AP@50=0.0930 | SliceAP=0.5050 | EMA_SliceAP=0.5465
  Epoch  23/50 | LR=2.34e-03 | TLoss=16.1476 | VLoss=33.2405 | AP@50=0.3598 | SliceAP=0.6436 | EMA_SliceAP=0.5756
  Epoch  24/50 | LR=2.24e-03 | TLoss=15.6446 | VLoss=34.2928 | AP@50=0.1536 | SliceAP=0.5743 | EMA_SliceAP=0.5752
  Epoch  25/50 | LR=2.13e-03 | TLoss=16.4376 | VLoss=36.7436 | AP@50=0.1734 | SliceAP=0.5050 | EMA_SliceAP=0.5541
  Epoch  26/50 | LR=2.02e-03 | TLoss=14.9380 | VLoss=34.1197 | AP@50=0.3779 | SliceAP=0.6535 | EMA_SliceAP=0.5839
  Epoch  27/50 | LR=1.91e-03 | TLoss=14.3739 | VLoss=34.5556 | AP@50=0.2893 | SliceAP=0.5941 | EMA_SliceAP=0.5870
  Epoch  28/50 | LR=1.80e-03 | TLoss=12.3706 | VLoss=35.5973 | AP@50=0.3370 | SliceAP=0.6733 | EMA_SliceAP=0.6129
  Epoch  29/50 | LR=1.68e-03 | TLoss=13.1061 | VLoss=36.4410 | AP@50=0.3174 | SliceAP=0.6535 | EMA_SliceAP=0.6250
  Epoch  30/50 | LR=1.57e-03 | TLoss=13.0430 | VLoss=35.3938 | AP@50=0.2994 | SliceAP=0.6931 | EMA_SliceAP=0.6454
  Epoch  31/50 | LR=1.45e-03 | TLoss=12.8702 | VLoss=36.6759 | AP@50=0.2984 | SliceAP=0.6139 | EMA_SliceAP=0.6360
  Epoch  32/50 | LR=1.33e-03 | TLoss=11.8038 | VLoss=35.3854 | AP@50=0.3042 | SliceAP=0.6238 | EMA_SliceAP=0.6323
  Epoch  33/50 | LR=1.22e-03 | TLoss=11.5936 | VLoss=35.9642 | AP@50=0.2795 | SliceAP=0.6337 | EMA_SliceAP=0.6327
  Epoch  34/50 | LR=1.11e-03 | TLoss=11.1744 | VLoss=34.9109 | AP@50=0.3503 | SliceAP=0.6337 | EMA_SliceAP=0.6330
  Epoch  35/50 | LR=9.97e-04 | TLoss=11.6175 | VLoss=34.0667 | AP@50=0.2151 | SliceAP=0.6238 | EMA_SliceAP=0.6302
  Epoch  36/50 | LR=8.91e-04 | TLoss=10.8268 | VLoss=36.4313 | AP@50=0.2843 | SliceAP=0.6337 | EMA_SliceAP=0.6313
  Epoch  37/50 | LR=7.88e-04 | TLoss=10.3134 | VLoss=34.7032 | AP@50=0.3435 | SliceAP=0.6535 | EMA_SliceAP=0.6379
  Epoch  38/50 | LR=6.89e-04 | TLoss=9.6467 | VLoss=33.9070 | AP@50=0.4019 | SliceAP=0.6634 | EMA_SliceAP=0.6456
  Epoch  39/50 | LR=5.96e-04 | TLoss=10.5007 | VLoss=35.8060 | AP@50=0.3034 | SliceAP=0.6238 | EMA_SliceAP=0.6390
  Epoch  40/50 | LR=5.07e-04 | TLoss=9.5374 | VLoss=33.6523 | AP@50=0.3870 | SliceAP=0.6436 | EMA_SliceAP=0.6404
  Epoch  41/50 | LR=4.25e-04 | TLoss=9.9006 | VLoss=32.5243 | AP@50=0.4153 | SliceAP=0.6634 | EMA_SliceAP=0.6473
  Epoch  42/50 | LR=3.49e-04 | TLoss=10.5701 | VLoss=34.5059 | AP@50=0.3571 | SliceAP=0.6337 | EMA_SliceAP=0.6432
  Epoch  43/50 | LR=2.80e-04 | TLoss=9.5394 | VLoss=34.8580 | AP@50=0.3703 | SliceAP=0.6535 | EMA_SliceAP=0.6463
  Epoch  44/50 | LR=2.18e-04 | TLoss=10.2141 | VLoss=35.1661 | AP@50=0.3819 | SliceAP=0.6535 | EMA_SliceAP=0.6484
  Epoch  45/50 | LR=1.64e-04 | TLoss=8.8729 | VLoss=34.8088 | AP@50=0.4012 | SliceAP=0.6535 | EMA_SliceAP=0.6499
  [Early stop at epoch 45, best EMA SliceAP=0.6454]
  [Checkpoints] top-3 saved → /fs01/home/dhaneshr/code/obj-det-test/checkpoints/hparam_v4/trial_0168/swa_manifest.yaml

[Trial 194] lr=4.02e-04  wd=7.38e-03  stride=5  bs=16  mosaic=0.30  ls=0.112  clahe=False  ssr=True  rbc=False  median=True(limit=5)  speckle=False(medium)  cp_p=0.24
ScanAwareSampler: 13 scans, 2306 total slices, stride=5 → ~467 slices/epoch (20% of training set per epoch)
  Epoch   1/50 | LR=4.02e-05 | TLoss=400.2381 | VLoss=390.8428 | AP@50=0.0008 | SliceAP=0.1980 | EMA_SliceAP=0.1980
  Epoch   2/50 | LR=8.54e-05 | TLoss=221.2651 | VLoss=180.6922 | AP@50=0.0004 | SliceAP=0.4950 | EMA_SliceAP=0.2871
  Epoch   3/50 | LR=1.31e-04 | TLoss=86.7646 | VLoss=76.5719 | AP@50=0.0007 | SliceAP=0.4950 | EMA_SliceAP=0.3495
  Epoch   4/50 | LR=1.76e-04 | TLoss=42.6366 | VLoss=46.2337 | AP@50=0.0007 | SliceAP=0.1980 | EMA_SliceAP=0.3041
  Epoch   5/50 | LR=2.21e-04 | TLoss=31.6463 | VLoss=39.4539 | AP@50=0.0084 | SliceAP=0.1683 | EMA_SliceAP=0.2633
  Epoch   6/50 | LR=2.66e-04 | TLoss=28.8149 | VLoss=39.9754 | AP@50=0.0414 | SliceAP=0.2079 | EMA_SliceAP=0.2467
  Epoch   7/50 | LR=3.11e-04 | TLoss=26.0634 | VLoss=39.2587 | AP@50=0.1364 | SliceAP=0.3861 | EMA_SliceAP=0.2885
  Epoch   8/50 | LR=3.57e-04 | TLoss=24.3074 | VLoss=42.1399 | AP@50=0.0700 | SliceAP=0.4356 | EMA_SliceAP=0.3327
  Epoch   9/50 | LR=4.02e-04 | TLoss=20.1199 | VLoss=38.2247 | AP@50=0.0495 | SliceAP=0.4653 | EMA_SliceAP=0.3725
  Epoch  10/50 | LR=4.01e-04 | TLoss=18.4323 | VLoss=34.5354 | AP@50=0.1109 | SliceAP=0.5248 | EMA_SliceAP=0.4182
  [Pruned at epoch 10]

[Trial 204] lr=1.01e-04  wd=2.85e-04  stride=5  bs=16  mosaic=0.21  ls=0.098  clahe=False  ssr=True  rbc=True  median=True(limit=5)  speckle=True(medium)  cp_p=0.19
ScanAwareSampler: 13 scans, 2306 total slices, stride=5 → ~467 slices/epoch (20% of training set per epoch)
  Epoch   1/50 | LR=1.01e-05 | TLoss=459.2503 | VLoss=507.0612 | AP@50=0.0001 | SliceAP=0.1881 | EMA_SliceAP=0.1881
  Epoch   2/50 | LR=2.15e-05 | TLoss=394.8362 | VLoss=389.9144 | AP@50=0.0017 | SliceAP=0.4950 | EMA_SliceAP=0.2802
  Epoch   3/50 | LR=3.28e-05 | TLoss=297.9165 | VLoss=281.3281 | AP@50=0.0010 | SliceAP=0.7030 | EMA_SliceAP=0.4070
  Epoch   4/50 | LR=4.42e-05 | TLoss=193.9823 | VLoss=193.0951 | AP@50=0.0003 | SliceAP=0.5347 | EMA_SliceAP=0.4453
  Epoch   5/50 | LR=5.56e-05 | TLoss=124.4769 | VLoss=124.8113 | AP@50=0.0013 | SliceAP=0.6139 | EMA_SliceAP=0.4959
  Epoch   6/50 | LR=6.69e-05 | TLoss=79.9656 | VLoss=83.9276 | AP@50=0.0016 | SliceAP=0.5545 | EMA_SliceAP=0.5135
  Epoch   7/50 | LR=7.83e-05 | TLoss=54.8409 | VLoss=62.5998 | AP@50=0.0009 | SliceAP=0.4950 | EMA_SliceAP=0.5079
  Epoch   8/50 | LR=8.97e-05 | TLoss=42.2609 | VLoss=50.3472 | AP@50=0.0009 | SliceAP=0.1980 | EMA_SliceAP=0.4150
  Epoch   9/50 | LR=1.01e-04 | TLoss=35.6488 | VLoss=42.0776 | AP@50=0.0034 | SliceAP=0.1782 | EMA_SliceAP=0.3439
  Epoch  10/50 | LR=1.01e-04 | TLoss=29.1746 | VLoss=44.4608 | AP@50=0.0071 | SliceAP=0.1485 | EMA_SliceAP=0.2853
  [Pruned at epoch 10]

[Trial 210] lr=3.96e-03  wd=7.90e-04  stride=10  bs=8  mosaic=0.26  ls=0.096  clahe=True  ssr=False  rbc=False  median=False(limit=3)  speckle=False(heavy)  cp_p=0.31
ScanAwareSampler: 13 scans, 2306 total slices, stride=10 → ~236 slices/epoch (10% of training set per epoch)
  Epoch   1/50 | LR=3.96e-04 | TLoss=157.3092 | VLoss=50.3299 | AP@50=0.0012 | SliceAP=0.3267 | EMA_SliceAP=0.3267
  Epoch   2/50 | LR=8.41e-04 | TLoss=39.0438 | VLoss=40.6248 | AP@50=0.0000 | SliceAP=0.0000 | EMA_SliceAP=0.2287
  Epoch   3/50 | LR=1.29e-03 | TLoss=35.0576 | VLoss=39.8440 | AP@50=0.0764 | SliceAP=0.1782 | EMA_SliceAP=0.2136
  Epoch   4/50 | LR=1.73e-03 | TLoss=33.8078 | VLoss=38.9972 | AP@50=0.1054 | SliceAP=0.4554 | EMA_SliceAP=0.2861
  Epoch   5/50 | LR=2.18e-03 | TLoss=30.9678 | VLoss=50.5014 | AP@50=0.0005 | SliceAP=0.0891 | EMA_SliceAP=0.2270
  Epoch   6/50 | LR=2.62e-03 | TLoss=30.6215 | VLoss=38.5979 | AP@50=0.0320 | SliceAP=0.4356 | EMA_SliceAP=0.2896
  Epoch   7/50 | LR=3.07e-03 | TLoss=28.5220 | VLoss=36.4928 | AP@50=0.0538 | SliceAP=0.4950 | EMA_SliceAP=0.3512
  Epoch   8/50 | LR=3.51e-03 | TLoss=29.0523 | VLoss=54.9594 | AP@50=0.0025 | SliceAP=0.2970 | EMA_SliceAP=0.3350
  Epoch   9/50 | LR=3.96e-03 | TLoss=26.3148 | VLoss=36.1405 | AP@50=0.1112 | SliceAP=0.5149 | EMA_SliceAP=0.3889
  Epoch  10/50 | LR=3.95e-03 | TLoss=24.7333 | VLoss=37.4348 | AP@50=0.0660 | SliceAP=0.4554 | EMA_SliceAP=0.4089
  Epoch  11/50 | LR=3.93e-03 | TLoss=22.4681 | VLoss=39.9772 | AP@50=0.0912 | SliceAP=0.5050 | EMA_SliceAP=0.4377
  Epoch  12/50 | LR=3.91e-03 | TLoss=22.5425 | VLoss=37.6335 | AP@50=0.0366 | SliceAP=0.5446 | EMA_SliceAP=0.4698
  Epoch  13/50 | LR=3.87e-03 | TLoss=21.2164 | VLoss=40.5185 | AP@50=0.0484 | SliceAP=0.4158 | EMA_SliceAP=0.4536
  Epoch  14/50 | LR=3.82e-03 | TLoss=19.8807 | VLoss=41.0889 | AP@50=0.0871 | SliceAP=0.5743 | EMA_SliceAP=0.4898
  Epoch  15/50 | LR=3.76e-03 | TLoss=19.7668 | VLoss=44.0791 | AP@50=0.1803 | SliceAP=0.5050 | EMA_SliceAP=0.4943
  Epoch  16/50 | LR=3.69e-03 | TLoss=19.2117 | VLoss=39.5761 | AP@50=0.2053 | SliceAP=0.6337 | EMA_SliceAP=0.5361
  Epoch  17/50 | LR=3.61e-03 | TLoss=17.0071 | VLoss=36.2867 | AP@50=0.4008 | SliceAP=0.6931 | EMA_SliceAP=0.5832
  Epoch  18/50 | LR=3.53e-03 | TLoss=16.4081 | VLoss=33.5347 | AP@50=0.2286 | SliceAP=0.4950 | EMA_SliceAP=0.5568
  Epoch  19/50 | LR=3.43e-03 | TLoss=16.4073 | VLoss=32.5237 | AP@50=0.2869 | SliceAP=0.6040 | EMA_SliceAP=0.5709
  Epoch  20/50 | LR=3.33e-03 | TLoss=14.8914 | VLoss=35.0603 | AP@50=0.3765 | SliceAP=0.6040 | EMA_SliceAP=0.5808
  Epoch  21/50 | LR=3.21e-03 | TLoss=14.2734 | VLoss=38.2250 | AP@50=0.2763 | SliceAP=0.6733 | EMA_SliceAP=0.6086
  Epoch  22/50 | LR=3.09e-03 | TLoss=13.3470 | VLoss=40.0891 | AP@50=0.2091 | SliceAP=0.6535 | EMA_SliceAP=0.6220
  Epoch  23/50 | LR=2.97e-03 | TLoss=13.6038 | VLoss=35.2983 | AP@50=0.3139 | SliceAP=0.6139 | EMA_SliceAP=0.6196
  Epoch  24/50 | LR=2.84e-03 | TLoss=12.5997 | VLoss=35.1584 | AP@50=0.3149 | SliceAP=0.5050 | EMA_SliceAP=0.5852
  Epoch  25/50 | LR=2.70e-03 | TLoss=11.7539 | VLoss=35.2919 | AP@50=0.1880 | SliceAP=0.6139 | EMA_SliceAP=0.5938
  Epoch  26/50 | LR=2.56e-03 | TLoss=10.8658 | VLoss=32.3392 | AP@50=0.3314 | SliceAP=0.6634 | EMA_SliceAP=0.6147
  Epoch  27/50 | LR=2.42e-03 | TLoss=11.2156 | VLoss=36.3267 | AP@50=0.2453 | SliceAP=0.5446 | EMA_SliceAP=0.5936
  Epoch  28/50 | LR=2.28e-03 | TLoss=10.4222 | VLoss=34.7143 | AP@50=0.3098 | SliceAP=0.6535 | EMA_SliceAP=0.6116
  Epoch  29/50 | LR=2.13e-03 | TLoss=10.6140 | VLoss=35.1546 | AP@50=0.4125 | SliceAP=0.6634 | EMA_SliceAP=0.6271
  Epoch  30/50 | LR=1.98e-03 | TLoss=10.1906 | VLoss=35.7870 | AP@50=0.4141 | SliceAP=0.6040 | EMA_SliceAP=0.6202
  [Pruned at epoch 30]

[Trial 229] lr=3.68e-04  wd=4.01e-03  stride=10  bs=16  mosaic=0.39  ls=0.104  clahe=True  ssr=True  rbc=False  median=True(limit=5)  speckle=False(heavy)  cp_p=0.51
ScanAwareSampler: 13 scans, 2306 total slices, stride=10 → ~236 slices/epoch (10% of training set per epoch)
  Epoch   1/50 | LR=3.68e-05 | TLoss=384.7247 | VLoss=495.6705 | AP@50=0.0007 | SliceAP=0.1980 | EMA_SliceAP=0.1980
  Epoch   2/50 | LR=7.83e-05 | TLoss=270.5052 | VLoss=303.8537 | AP@50=0.0013 | SliceAP=0.4554 | EMA_SliceAP=0.2752
  Epoch   3/50 | LR=1.20e-04 | TLoss=151.3436 | VLoss=177.8210 | AP@50=0.0001 | SliceAP=0.4653 | EMA_SliceAP=0.3323
  Epoch   4/50 | LR=1.61e-04 | TLoss=79.2092 | VLoss=96.1079 | AP@50=0.0010 | SliceAP=0.5149 | EMA_SliceAP=0.3870
  Epoch   5/50 | LR=2.03e-04 | TLoss=50.6656 | VLoss=62.0014 | AP@50=0.0005 | SliceAP=0.3762 | EMA_SliceAP=0.3838
  Epoch   6/50 | LR=2.44e-04 | TLoss=39.9351 | VLoss=48.8341 | AP@50=0.0001 | SliceAP=0.0990 | EMA_SliceAP=0.2984
  Epoch   7/50 | LR=2.85e-04 | TLoss=34.6573 | VLoss=41.5089 | AP@50=0.0006 | SliceAP=0.1782 | EMA_SliceAP=0.2623
  Epoch   8/50 | LR=3.27e-04 | TLoss=29.1454 | VLoss=41.1276 | AP@50=0.0174 | SliceAP=0.2079 | EMA_SliceAP=0.2460
  Epoch   9/50 | LR=3.68e-04 | TLoss=29.9411 | VLoss=38.8514 | AP@50=0.0137 | SliceAP=0.5050 | EMA_SliceAP=0.3237
  Epoch  10/50 | LR=3.68e-04 | TLoss=28.8572 | VLoss=38.0177 | AP@50=0.0187 | SliceAP=0.1485 | EMA_SliceAP=0.2711
  Epoch  11/50 | LR=3.66e-04 | TLoss=28.0911 | VLoss=35.9428 | AP@50=0.0238 | SliceAP=0.4257 | EMA_SliceAP=0.3175
  Epoch  12/50 | LR=3.64e-04 | TLoss=22.8842 | VLoss=36.2709 | AP@50=0.0286 | SliceAP=0.3564 | EMA_SliceAP=0.3292
  Epoch  13/50 | LR=3.60e-04 | TLoss=21.7176 | VLoss=39.9274 | AP@50=0.0614 | SliceAP=0.3564 | EMA_SliceAP=0.3374
  Epoch  14/50 | LR=3.56e-04 | TLoss=21.9684 | VLoss=37.2753 | AP@50=0.1820 | SliceAP=0.5743 | EMA_SliceAP=0.4084
  Epoch  15/50 | LR=3.51e-04 | TLoss=19.1235 | VLoss=40.9457 | AP@50=0.0468 | SliceAP=0.3663 | EMA_SliceAP=0.3958
  Epoch  16/50 | LR=3.44e-04 | TLoss=18.9515 | VLoss=39.6281 | AP@50=0.3006 | SliceAP=0.6436 | EMA_SliceAP=0.4701
  Epoch  17/50 | LR=3.37e-04 | TLoss=17.9653 | VLoss=36.3607 | AP@50=0.1016 | SliceAP=0.5842 | EMA_SliceAP=0.5043
  Epoch  18/50 | LR=3.29e-04 | TLoss=15.8354 | VLoss=36.0073 | AP@50=0.2545 | SliceAP=0.5941 | EMA_SliceAP=0.5313
  Epoch  19/50 | LR=3.20e-04 | TLoss=15.9363 | VLoss=35.0769 | AP@50=0.2340 | SliceAP=0.5941 | EMA_SliceAP=0.5501
  Epoch  20/50 | LR=3.11e-04 | TLoss=14.9110 | VLoss=37.5414 | AP@50=0.2578 | SliceAP=0.5050 | EMA_SliceAP=0.5366
  Epoch  21/50 | LR=3.01e-04 | TLoss=15.1224 | VLoss=35.2836 | AP@50=0.4745 | SliceAP=0.6832 | EMA_SliceAP=0.5805
  Epoch  22/50 | LR=2.90e-04 | TLoss=14.9249 | VLoss=36.4681 | AP@50=0.2224 | SliceAP=0.4554 | EMA_SliceAP=0.5430
  Epoch  23/50 | LR=2.79e-04 | TLoss=13.1281 | VLoss=33.8991 | AP@50=0.2691 | SliceAP=0.6436 | EMA_SliceAP=0.5732
  Epoch  24/50 | LR=2.67e-04 | TLoss=12.8011 | VLoss=36.5130 | AP@50=0.2742 | SliceAP=0.6040 | EMA_SliceAP=0.5824
  Epoch  25/50 | LR=2.55e-04 | TLoss=12.6305 | VLoss=36.9984 | AP@50=0.2976 | SliceAP=0.6040 | EMA_SliceAP=0.5889
  Epoch  26/50 | LR=2.42e-04 | TLoss=12.1701 | VLoss=36.3896 | AP@50=0.3746 | SliceAP=0.6832 | EMA_SliceAP=0.6172
  Epoch  27/50 | LR=2.29e-04 | TLoss=11.3498 | VLoss=36.9605 | AP@50=0.3271 | SliceAP=0.5545 | EMA_SliceAP=0.5984
  Epoch  28/50 | LR=2.16e-04 | TLoss=11.1661 | VLoss=36.7440 | AP@50=0.3764 | SliceAP=0.6436 | EMA_SliceAP=0.6119
  Epoch  29/50 | LR=2.03e-04 | TLoss=11.0080 | VLoss=37.3697 | AP@50=0.2968 | SliceAP=0.5941 | EMA_SliceAP=0.6066
  Epoch  30/50 | LR=1.89e-04 | TLoss=10.4637 | VLoss=35.6736 | AP@50=0.2982 | SliceAP=0.6238 | EMA_SliceAP=0.6117
  [Pruned at epoch 30]

[Trial 246] lr=3.02e-04  wd=3.03e-03  stride=5  bs=16  mosaic=0.37  ls=0.092  clahe=False  ssr=True  rbc=True  median=True(limit=5)  speckle=True(medium)  cp_p=0.14
ScanAwareSampler: 13 scans, 2306 total slices, stride=5 → ~467 slices/epoch (20% of training set per epoch)
  Epoch   1/50 | LR=3.02e-05 | TLoss=416.9985 | VLoss=439.9710 | AP@50=0.0002 | SliceAP=0.1782 | EMA_SliceAP=0.1782
  Epoch   2/50 | LR=6.42e-05 | TLoss=255.4150 | VLoss=245.9928 | AP@50=0.0002 | SliceAP=0.6634 | EMA_SliceAP=0.3238
  Epoch   3/50 | LR=9.81e-05 | TLoss=126.7633 | VLoss=117.5171 | AP@50=0.0004 | SliceAP=0.5446 | EMA_SliceAP=0.3900
  Epoch   4/50 | LR=1.32e-04 | TLoss=59.6685 | VLoss=59.0386 | AP@50=0.0001 | SliceAP=0.2871 | EMA_SliceAP=0.3591
  Epoch   5/50 | LR=1.66e-04 | TLoss=37.1064 | VLoss=44.5141 | AP@50=0.0015 | SliceAP=0.2970 | EMA_SliceAP=0.3405
  Epoch   6/50 | LR=2.00e-04 | TLoss=33.1415 | VLoss=42.0776 | AP@50=0.0097 | SliceAP=0.3267 | EMA_SliceAP=0.3364
  Epoch   7/50 | LR=2.34e-04 | TLoss=30.0514 | VLoss=42.1611 | AP@50=0.0543 | SliceAP=0.4554 | EMA_SliceAP=0.3721
  Epoch   8/50 | LR=2.68e-04 | TLoss=27.8464 | VLoss=36.0963 | AP@50=0.0791 | SliceAP=0.4752 | EMA_SliceAP=0.4030
  Epoch   9/50 | LR=3.02e-04 | TLoss=23.6847 | VLoss=39.4041 | AP@50=0.1208 | SliceAP=0.3960 | EMA_SliceAP=0.4009
  Epoch  10/50 | LR=3.02e-04 | TLoss=20.4593 | VLoss=35.9517 | AP@50=0.2073 | SliceAP=0.5743 | EMA_SliceAP=0.4529
  Epoch  11/50 | LR=3.00e-04 | TLoss=18.4534 | VLoss=38.8985 | AP@50=0.0967 | SliceAP=0.5644 | EMA_SliceAP=0.4864
  Epoch  12/50 | LR=2.98e-04 | TLoss=16.7304 | VLoss=35.6659 | AP@50=0.3728 | SliceAP=0.6436 | EMA_SliceAP=0.5335
  Epoch  13/50 | LR=2.95e-04 | TLoss=14.5664 | VLoss=36.2357 | AP@50=0.2881 | SliceAP=0.6634 | EMA_SliceAP=0.5725
  Epoch  14/50 | LR=2.92e-04 | TLoss=13.8061 | VLoss=34.5401 | AP@50=0.2171 | SliceAP=0.6535 | EMA_SliceAP=0.5968
  Epoch  15/50 | LR=2.88e-04 | TLoss=12.6070 | VLoss=33.6896 | AP@50=0.2752 | SliceAP=0.6436 | EMA_SliceAP=0.6108
  Epoch  16/50 | LR=2.82e-04 | TLoss=12.3399 | VLoss=33.9657 | AP@50=0.3223 | SliceAP=0.5941 | EMA_SliceAP=0.6058
  Epoch  17/50 | LR=2.77e-04 | TLoss=12.2822 | VLoss=36.9460 | AP@50=0.2999 | SliceAP=0.6139 | EMA_SliceAP=0.6082
  Epoch  18/50 | LR=2.70e-04 | TLoss=11.2820 | VLoss=36.0114 | AP@50=0.3281 | SliceAP=0.5545 | EMA_SliceAP=0.5921
  Epoch  19/50 | LR=2.63e-04 | TLoss=10.1080 | VLoss=34.0360 | AP@50=0.3192 | SliceAP=0.6040 | EMA_SliceAP=0.5956
  Epoch  20/50 | LR=2.55e-04 | TLoss=10.0592 | VLoss=33.5489 | AP@50=0.4231 | SliceAP=0.6337 | EMA_SliceAP=0.6071
  Epoch  21/50 | LR=2.47e-04 | TLoss=9.7455 | VLoss=32.9892 | AP@50=0.3391 | SliceAP=0.6238 | EMA_SliceAP=0.6121
  Epoch  22/50 | LR=2.38e-04 | TLoss=9.0869 | VLoss=33.8669 | AP@50=0.3405 | SliceAP=0.7129 | EMA_SliceAP=0.6423
  Epoch  23/50 | LR=2.29e-04 | TLoss=9.1795 | VLoss=33.8608 | AP@50=0.3303 | SliceAP=0.6337 | EMA_SliceAP=0.6397
  Epoch  24/50 | LR=2.19e-04 | TLoss=8.4645 | VLoss=32.8568 | AP@50=0.4217 | SliceAP=0.6436 | EMA_SliceAP=0.6409
  Epoch  25/50 | LR=2.09e-04 | TLoss=8.4478 | VLoss=33.9537 | AP@50=0.3983 | SliceAP=0.6337 | EMA_SliceAP=0.6387
  Epoch  26/50 | LR=1.99e-04 | TLoss=8.0981 | VLoss=33.3528 | AP@50=0.4288 | SliceAP=0.6337 | EMA_SliceAP=0.6372
  Epoch  27/50 | LR=1.88e-04 | TLoss=7.9296 | VLoss=34.4288 | AP@50=0.3861 | SliceAP=0.6238 | EMA_SliceAP=0.6332
  Epoch  28/50 | LR=1.78e-04 | TLoss=8.0117 | VLoss=31.3605 | AP@50=0.4369 | SliceAP=0.6238 | EMA_SliceAP=0.6303
  Epoch  29/50 | LR=1.67e-04 | TLoss=7.5211 | VLoss=33.5806 | AP@50=0.3467 | SliceAP=0.6337 | EMA_SliceAP=0.6313
  Epoch  30/50 | LR=1.56e-04 | TLoss=7.5215 | VLoss=34.4578 | AP@50=0.3120 | SliceAP=0.6040 | EMA_SliceAP=0.6231
  [Pruned at epoch 30]

=== Worker done | Completed: 63 | Pruned: 190 ===
Best EMA SliceAP@50 across all workers: 0.7280
Best params: {'learning_rate': 0.00043284502212938834, 'weight_decay': 0.007969454818643935, 'mosaic_prob': 0.39279757672456206, 'label_smooth': 0.08979877262955549, 'copy_paste_p': 0.10921304830970556, 'slice_stride': 10, 'batch_size': 16, 'use_clahe': True, 'use_shift_scale_rotate': True, 'use_brightness_contrast': False, 'use_median_blur': True, 'median_blur_limit': 5, 'use_speckle_noise': False, 'speckle_level': 'medium'}

Saving top-5 configs to train/config/
  Rank  1 | SliceAP=0.7280 | {'learning_rate': 0.00043284502212938834, 'weight_decay': 0.007969454818643935, 'mosaic_prob': 0.39279757672456206, 'label_smooth': 0.08979877262955549, 'copy_paste_p': 0.10921304830970556, 'slice_stride': 10, 'batch_size': 16, 'use_clahe': True, 'use_shift_scale_rotate': True, 'use_brightness_contrast': False, 'use_median_blur': True, 'median_blur_limit': 5, 'use_speckle_noise': False, 'speckle_level': 'medium'} → hparam_v4_rank01_sliceap0.7280.yaml
  Rank  2 | SliceAP=0.7245 | {'learning_rate': 0.0003616590222233483, 'weight_decay': 0.007178761185929164, 'mosaic_prob': 0.2644695481770175, 'label_smooth': 0.09735477728961922, 'copy_paste_p': 0.18738179972028612, 'slice_stride': 5, 'batch_size': 16, 'use_clahe': False, 'use_shift_scale_rotate': True, 'use_brightness_contrast': True, 'use_median_blur': True, 'median_blur_limit': 5, 'use_speckle_noise': True, 'speckle_level': 'heavy'} → hparam_v4_rank02_sliceap0.7245.yaml
  Rank  3 | SliceAP=0.7212 | {'learning_rate': 0.00035969032194780904, 'weight_decay': 0.0010995700750000266, 'mosaic_prob': 0.38644887483960116, 'label_smooth': 0.026772279053107233, 'copy_paste_p': 0.41745490907872457, 'slice_stride': 10, 'batch_size': 16, 'use_clahe': True, 'use_shift_scale_rotate': True, 'use_brightness_contrast': False, 'use_median_blur': True, 'median_blur_limit': 5, 'use_speckle_noise': False, 'speckle_level': 'heavy'} → hparam_v4_rank03_sliceap0.7212.yaml
  Rank  4 | SliceAP=0.7139 | {'learning_rate': 0.00497966347957706, 'weight_decay': 0.0010727894064751, 'mosaic_prob': 0.2481789990358817, 'label_smooth': 0.11124543885915171, 'copy_paste_p': 0.04553340859454867, 'slice_stride': 10, 'batch_size': 8, 'use_clahe': True, 'use_shift_scale_rotate': True, 'use_brightness_contrast': False, 'use_median_blur': True, 'median_blur_limit': 3, 'use_speckle_noise': False, 'speckle_level': 'medium'} → hparam_v4_rank04_sliceap0.7139.yaml
  Rank  5 | SliceAP=0.7092 | {'learning_rate': 0.003875290062581599, 'weight_decay': 0.007578712006759105, 'mosaic_prob': 0.23395190214868464, 'label_smooth': 0.09801090091713736, 'copy_paste_p': 0.17605654912039856, 'slice_stride': 10, 'batch_size': 16, 'use_clahe': False, 'use_shift_scale_rotate': True, 'use_brightness_contrast': True, 'use_median_blur': True, 'median_blur_limit': 5, 'use_speckle_noise': True, 'speckle_level': 'heavy'} → hparam_v4_rank05_sliceap0.7092.yaml

Best config (EMA SliceAP@50=0.7280) → train/config/best_hyperparams_v4.yaml
Task 9 completed at: Tue Mar 17 05:02:52 PM EDT 2026
