Job array    : 752, task 14
Node         : bn049
Started at   : Tue Mar 17 02:39:18 PM EDT 2026
Config       : train/config/default.yaml
Study        : yoloe_hparam_search_v4 @ sqlite:////fs01/home/dhaneshr/code/obj-det-test/optuna_studies/yoloe_hparam_search_v4.db
Trials       : 15 (this worker)
Checkpoints  : top-3 per trial → /fs01/home/dhaneshr/code/obj-det-test/checkpoints/hparam_v4
Study name   : yoloe_hparam_search_v4
Storage      : sqlite:////fs01/home/dhaneshr/code/obj-det-test/optuna_studies/yoloe_hparam_search_v4.db
Trials       : 15 (this worker)
Epochs/trial : 50 (max, EMA early stopping patience=15)
EMA alpha    : 0.3
Checkpoints  : top-3 per trial → /fs01/home/dhaneshr/code/obj-det-test/checkpoints/hparam_v4

[Trial 13] lr=4.33e-04  wd=7.97e-03  stride=10  bs=16  mosaic=0.39  ls=0.090  clahe=True  ssr=True  rbc=False  median=True(limit=5)  speckle=False(medium)  cp_p=0.11
ScanAwareSampler: 13 scans, 2306 total slices, stride=10 → ~236 slices/epoch (10% of training set per epoch)
  Epoch   1/50 | LR=4.33e-05 | TLoss=397.8801 | VLoss=459.8293 | AP@50=0.0000 | SliceAP=0.1782 | EMA_SliceAP=0.1782
  Epoch   2/50 | LR=9.20e-05 | TLoss=283.8622 | VLoss=264.8926 | AP@50=0.0017 | SliceAP=0.4455 | EMA_SliceAP=0.2584
  Epoch   3/50 | LR=1.41e-04 | TLoss=153.3752 | VLoss=139.2006 | AP@50=0.0003 | SliceAP=0.4554 | EMA_SliceAP=0.3175
  Epoch   4/50 | LR=1.89e-04 | TLoss=73.3992 | VLoss=76.1730 | AP@50=0.0002 | SliceAP=0.3366 | EMA_SliceAP=0.3233
  Epoch   5/50 | LR=2.38e-04 | TLoss=47.6785 | VLoss=55.3955 | AP@50=0.0001 | SliceAP=0.0891 | EMA_SliceAP=0.2530
  Epoch   6/50 | LR=2.87e-04 | TLoss=35.9941 | VLoss=45.7331 | AP@50=0.0001 | SliceAP=0.0495 | EMA_SliceAP=0.1920
  Epoch   7/50 | LR=3.35e-04 | TLoss=32.3060 | VLoss=42.6512 | AP@50=0.0262 | SliceAP=0.1683 | EMA_SliceAP=0.1849
  Epoch   8/50 | LR=3.84e-04 | TLoss=30.0189 | VLoss=40.6402 | AP@50=0.0078 | SliceAP=0.3267 | EMA_SliceAP=0.2274
  Epoch   9/50 | LR=4.33e-04 | TLoss=27.5577 | VLoss=39.6549 | AP@50=0.1202 | SliceAP=0.3663 | EMA_SliceAP=0.2691
  Epoch  10/50 | LR=4.32e-04 | TLoss=26.5669 | VLoss=37.5896 | AP@50=0.2030 | SliceAP=0.5743 | EMA_SliceAP=0.3606
  Epoch  11/50 | LR=4.30e-04 | TLoss=25.2904 | VLoss=39.0634 | AP@50=0.0938 | SliceAP=0.4257 | EMA_SliceAP=0.3802
  Epoch  12/50 | LR=4.28e-04 | TLoss=22.1425 | VLoss=41.7753 | AP@50=0.0844 | SliceAP=0.3960 | EMA_SliceAP=0.3849
  Epoch  13/50 | LR=4.23e-04 | TLoss=22.5964 | VLoss=40.7540 | AP@50=0.0523 | SliceAP=0.3465 | EMA_SliceAP=0.3734
  Epoch  14/50 | LR=4.18e-04 | TLoss=20.2286 | VLoss=48.5955 | AP@50=0.1510 | SliceAP=0.4653 | EMA_SliceAP=0.4010
  Epoch  15/50 | LR=4.12e-04 | TLoss=19.0707 | VLoss=38.5823 | AP@50=0.1186 | SliceAP=0.4356 | EMA_SliceAP=0.4114
  Epoch  16/50 | LR=4.05e-04 | TLoss=17.1439 | VLoss=42.0726 | AP@50=0.2706 | SliceAP=0.6634 | EMA_SliceAP=0.4870
  Epoch  17/50 | LR=3.96e-04 | TLoss=16.3971 | VLoss=37.4520 | AP@50=0.2086 | SliceAP=0.7525 | EMA_SliceAP=0.5666
  Epoch  18/50 | LR=3.87e-04 | TLoss=15.3866 | VLoss=37.9820 | AP@50=0.3172 | SliceAP=0.6337 | EMA_SliceAP=0.5867
  Epoch  19/50 | LR=3.76e-04 | TLoss=15.1277 | VLoss=37.0634 | AP@50=0.2979 | SliceAP=0.5644 | EMA_SliceAP=0.5800
  Epoch  20/50 | LR=3.65e-04 | TLoss=13.6867 | VLoss=36.4390 | AP@50=0.3759 | SliceAP=0.6832 | EMA_SliceAP=0.6110
  Epoch  21/50 | LR=3.53e-04 | TLoss=13.9955 | VLoss=39.6698 | AP@50=0.4412 | SliceAP=0.6535 | EMA_SliceAP=0.6237
  Epoch  22/50 | LR=3.41e-04 | TLoss=13.1212 | VLoss=38.0451 | AP@50=0.3498 | SliceAP=0.5941 | EMA_SliceAP=0.6148
  Epoch  23/50 | LR=3.27e-04 | TLoss=13.0475 | VLoss=35.5305 | AP@50=0.3623 | SliceAP=0.6832 | EMA_SliceAP=0.6353
  Epoch  24/50 | LR=3.13e-04 | TLoss=12.2252 | VLoss=35.6494 | AP@50=0.2472 | SliceAP=0.4950 | EMA_SliceAP=0.5932
  Epoch  25/50 | LR=2.99e-04 | TLoss=12.1629 | VLoss=36.6501 | AP@50=0.3759 | SliceAP=0.6634 | EMA_SliceAP=0.6143
  Epoch  26/50 | LR=2.84e-04 | TLoss=11.9638 | VLoss=32.8851 | AP@50=0.5585 | SliceAP=0.7525 | EMA_SliceAP=0.6557
  Epoch  27/50 | LR=2.68e-04 | TLoss=11.4180 | VLoss=35.0838 | AP@50=0.4487 | SliceAP=0.7129 | EMA_SliceAP=0.6729
  Epoch  28/50 | LR=2.53e-04 | TLoss=11.5089 | VLoss=34.8463 | AP@50=0.4378 | SliceAP=0.6931 | EMA_SliceAP=0.6789
  Epoch  29/50 | LR=2.37e-04 | TLoss=10.3818 | VLoss=41.8369 | AP@50=0.3786 | SliceAP=0.6139 | EMA_SliceAP=0.6594
  Epoch  30/50 | LR=2.21e-04 | TLoss=10.7614 | VLoss=37.3901 | AP@50=0.3908 | SliceAP=0.6634 | EMA_SliceAP=0.6606
  [Pruned at epoch 30]

[Trial 31] lr=1.23e-04  wd=1.44e-04  stride=5  bs=32  mosaic=0.49  ls=0.133  clahe=False  ssr=False  rbc=True  median=False(limit=3)  speckle=True(light)  cp_p=0.33
ScanAwareSampler: 13 scans, 2306 total slices, stride=5 → ~467 slices/epoch (20% of training set per epoch)
  Epoch   1/50 | LR=1.23e-05 | TLoss=410.7474 | VLoss=574.8225 | AP@50=0.0004 | SliceAP=0.1881 | EMA_SliceAP=0.1881
  Epoch   2/50 | LR=2.61e-05 | TLoss=370.6561 | VLoss=515.9843 | AP@50=0.0003 | SliceAP=0.1782 | EMA_SliceAP=0.1851
  Epoch   3/50 | LR=3.99e-05 | TLoss=304.9286 | VLoss=416.2422 | AP@50=0.0013 | SliceAP=0.3366 | EMA_SliceAP=0.2306
  Epoch   4/50 | LR=5.37e-05 | TLoss=233.7906 | VLoss=295.0910 | AP@50=0.0006 | SliceAP=0.5941 | EMA_SliceAP=0.3396
  Epoch   5/50 | LR=6.76e-05 | TLoss=161.8651 | VLoss=214.2372 | AP@50=0.0004 | SliceAP=0.5941 | EMA_SliceAP=0.4160
  Epoch   6/50 | LR=8.14e-05 | TLoss=105.6179 | VLoss=143.4684 | AP@50=0.0003 | SliceAP=0.5446 | EMA_SliceAP=0.4545
  Epoch   7/50 | LR=9.52e-05 | TLoss=65.3325 | VLoss=98.4707 | AP@50=0.0000 | SliceAP=0.4356 | EMA_SliceAP=0.4489
  Epoch   8/50 | LR=1.09e-04 | TLoss=45.9257 | VLoss=72.6213 | AP@50=0.0006 | SliceAP=0.4158 | EMA_SliceAP=0.4390
  Epoch   9/50 | LR=1.23e-04 | TLoss=35.5988 | VLoss=56.6365 | AP@50=0.0012 | SliceAP=0.2079 | EMA_SliceAP=0.3696
  Epoch  10/50 | LR=1.23e-04 | TLoss=29.1171 | VLoss=53.8473 | AP@50=0.0005 | SliceAP=0.1782 | EMA_SliceAP=0.3122
  [Pruned at epoch 10]

[Trial 42] lr=1.38e-03  wd=4.03e-03  stride=7  bs=8  mosaic=0.20  ls=0.049  clahe=False  ssr=False  rbc=True  median=False(limit=7)  speckle=True(heavy)  cp_p=0.00
ScanAwareSampler: 13 scans, 2306 total slices, stride=7 → ~336 slices/epoch (15% of training set per epoch)
  Epoch   1/50 | LR=1.38e-04 | TLoss=261.5676 | VLoss=108.5355 | AP@50=0.0002 | SliceAP=0.3564 | EMA_SliceAP=0.3564
  Epoch   2/50 | LR=2.93e-04 | TLoss=51.0803 | VLoss=42.6959 | AP@50=0.0043 | SliceAP=0.3465 | EMA_SliceAP=0.3535
  Epoch   3/50 | LR=4.49e-04 | TLoss=34.6333 | VLoss=44.8790 | AP@50=0.0018 | SliceAP=0.1386 | EMA_SliceAP=0.2890
  Epoch   4/50 | LR=6.04e-04 | TLoss=32.4623 | VLoss=38.1082 | AP@50=0.0085 | SliceAP=0.3069 | EMA_SliceAP=0.2944
  Epoch   5/50 | LR=7.59e-04 | TLoss=28.9114 | VLoss=40.9813 | AP@50=0.0974 | SliceAP=0.3861 | EMA_SliceAP=0.3219
  Epoch   6/50 | LR=9.14e-04 | TLoss=25.1086 | VLoss=34.4254 | AP@50=0.1151 | SliceAP=0.3564 | EMA_SliceAP=0.3323
  Epoch   7/50 | LR=1.07e-03 | TLoss=23.1187 | VLoss=42.5893 | AP@50=0.1862 | SliceAP=0.4554 | EMA_SliceAP=0.3692
  Epoch   8/50 | LR=1.23e-03 | TLoss=23.0192 | VLoss=36.9430 | AP@50=0.1437 | SliceAP=0.5644 | EMA_SliceAP=0.4278
  Epoch   9/50 | LR=1.38e-03 | TLoss=19.2718 | VLoss=37.3843 | AP@50=0.1159 | SliceAP=0.4752 | EMA_SliceAP=0.4420
  Epoch  10/50 | LR=1.38e-03 | TLoss=16.2609 | VLoss=37.2585 | AP@50=0.1803 | SliceAP=0.4752 | EMA_SliceAP=0.4520
  Epoch  11/50 | LR=1.37e-03 | TLoss=17.7088 | VLoss=36.9682 | AP@50=0.1407 | SliceAP=0.5545 | EMA_SliceAP=0.4827
  Epoch  12/50 | LR=1.36e-03 | TLoss=14.5968 | VLoss=41.3148 | AP@50=0.2725 | SliceAP=0.5644 | EMA_SliceAP=0.5072
  Epoch  13/50 | LR=1.35e-03 | TLoss=13.2128 | VLoss=32.0266 | AP@50=0.2809 | SliceAP=0.5842 | EMA_SliceAP=0.5303
  Epoch  14/50 | LR=1.33e-03 | TLoss=12.3536 | VLoss=35.3807 | AP@50=0.2945 | SliceAP=0.4851 | EMA_SliceAP=0.5168
  Epoch  15/50 | LR=1.31e-03 | TLoss=11.8270 | VLoss=33.4534 | AP@50=0.4261 | SliceAP=0.6238 | EMA_SliceAP=0.5489
  Epoch  16/50 | LR=1.29e-03 | TLoss=10.7103 | VLoss=36.5906 | AP@50=0.2846 | SliceAP=0.5347 | EMA_SliceAP=0.5446
  Epoch  17/50 | LR=1.26e-03 | TLoss=10.0083 | VLoss=32.6000 | AP@50=0.4542 | SliceAP=0.6733 | EMA_SliceAP=0.5832
  Epoch  18/50 | LR=1.23e-03 | TLoss=9.3331 | VLoss=35.7928 | AP@50=0.3286 | SliceAP=0.6139 | EMA_SliceAP=0.5924
  Epoch  19/50 | LR=1.20e-03 | TLoss=8.8862 | VLoss=35.9252 | AP@50=0.3525 | SliceAP=0.5446 | EMA_SliceAP=0.5780
  Epoch  20/50 | LR=1.16e-03 | TLoss=8.6342 | VLoss=33.4547 | AP@50=0.4054 | SliceAP=0.6535 | EMA_SliceAP=0.6007
  Epoch  21/50 | LR=1.12e-03 | TLoss=8.6074 | VLoss=34.4124 | AP@50=0.3944 | SliceAP=0.6238 | EMA_SliceAP=0.6076
  Epoch  22/50 | LR=1.08e-03 | TLoss=7.5594 | VLoss=36.0843 | AP@50=0.3077 | SliceAP=0.6040 | EMA_SliceAP=0.6065
  Epoch  23/50 | LR=1.04e-03 | TLoss=7.0514 | VLoss=32.0648 | AP@50=0.4463 | SliceAP=0.6634 | EMA_SliceAP=0.6236
  Epoch  24/50 | LR=9.92e-04 | TLoss=7.4227 | VLoss=34.5510 | AP@50=0.3470 | SliceAP=0.6337 | EMA_SliceAP=0.6266
  Epoch  25/50 | LR=9.46e-04 | TLoss=6.5867 | VLoss=34.0863 | AP@50=0.4401 | SliceAP=0.6436 | EMA_SliceAP=0.6317
  Epoch  26/50 | LR=8.97e-04 | TLoss=6.6955 | VLoss=37.5375 | AP@50=0.5087 | SliceAP=0.6634 | EMA_SliceAP=0.6412
  Epoch  27/50 | LR=8.48e-04 | TLoss=6.1494 | VLoss=35.4001 | AP@50=0.3780 | SliceAP=0.5941 | EMA_SliceAP=0.6271
  Epoch  28/50 | LR=7.97e-04 | TLoss=6.0220 | VLoss=33.5019 | AP@50=0.3804 | SliceAP=0.6139 | EMA_SliceAP=0.6231
  Epoch  29/50 | LR=7.46e-04 | TLoss=5.7836 | VLoss=33.8679 | AP@50=0.5322 | SliceAP=0.6634 | EMA_SliceAP=0.6352
  Epoch  30/50 | LR=6.95e-04 | TLoss=5.4712 | VLoss=34.0265 | AP@50=0.4843 | SliceAP=0.6238 | EMA_SliceAP=0.6318
  [Pruned at epoch 30]

[Trial 62] lr=3.38e-04  wd=9.85e-03  stride=10  bs=16  mosaic=0.43  ls=0.108  clahe=True  ssr=True  rbc=False  median=True(limit=5)  speckle=False(medium)  cp_p=0.07
ScanAwareSampler: 13 scans, 2306 total slices, stride=10 → ~236 slices/epoch (10% of training set per epoch)
  Epoch   1/50 | LR=3.38e-05 | TLoss=380.4634 | VLoss=429.4224 | AP@50=0.0004 | SliceAP=0.1782 | EMA_SliceAP=0.1782
  Epoch   2/50 | LR=7.17e-05 | TLoss=283.3660 | VLoss=270.8575 | AP@50=0.0005 | SliceAP=0.4158 | EMA_SliceAP=0.2495
  Epoch   3/50 | LR=1.10e-04 | TLoss=157.3583 | VLoss=154.9417 | AP@50=0.0008 | SliceAP=0.5941 | EMA_SliceAP=0.3529
  Epoch   4/50 | LR=1.48e-04 | TLoss=85.1870 | VLoss=90.2235 | AP@50=0.0006 | SliceAP=0.4752 | EMA_SliceAP=0.3896
  Epoch   5/50 | LR=1.86e-04 | TLoss=52.8935 | VLoss=59.2580 | AP@50=0.0006 | SliceAP=0.3663 | EMA_SliceAP=0.3826
  Epoch   6/50 | LR=2.24e-04 | TLoss=39.8557 | VLoss=49.1583 | AP@50=0.0004 | SliceAP=0.1089 | EMA_SliceAP=0.3005
  Epoch   7/50 | LR=2.62e-04 | TLoss=34.5348 | VLoss=41.1697 | AP@50=0.0002 | SliceAP=0.0396 | EMA_SliceAP=0.2222
  Epoch   8/50 | LR=3.00e-04 | TLoss=29.9867 | VLoss=41.1779 | AP@50=0.0012 | SliceAP=0.0594 | EMA_SliceAP=0.1734
  Epoch   9/50 | LR=3.38e-04 | TLoss=28.9619 | VLoss=43.0870 | AP@50=0.0019 | SliceAP=0.2475 | EMA_SliceAP=0.1956
  Epoch  10/50 | LR=3.37e-04 | TLoss=28.8678 | VLoss=41.2947 | AP@50=0.0182 | SliceAP=0.3069 | EMA_SliceAP=0.2290
  Epoch  11/50 | LR=3.36e-04 | TLoss=25.8847 | VLoss=45.4188 | AP@50=0.0066 | SliceAP=0.3861 | EMA_SliceAP=0.2762
  Epoch  12/50 | LR=3.33e-04 | TLoss=24.4944 | VLoss=38.5529 | AP@50=0.0082 | SliceAP=0.4752 | EMA_SliceAP=0.3359
  Epoch  13/50 | LR=3.30e-04 | TLoss=23.9011 | VLoss=40.7172 | AP@50=0.0573 | SliceAP=0.4851 | EMA_SliceAP=0.3807
  Epoch  14/50 | LR=3.26e-04 | TLoss=20.8293 | VLoss=35.3156 | AP@50=0.3265 | SliceAP=0.7030 | EMA_SliceAP=0.4774
  Epoch  15/50 | LR=3.21e-04 | TLoss=20.0334 | VLoss=36.7834 | AP@50=0.1616 | SliceAP=0.6238 | EMA_SliceAP=0.5213
  Epoch  16/50 | LR=3.16e-04 | TLoss=17.0885 | VLoss=39.7392 | AP@50=0.2077 | SliceAP=0.6832 | EMA_SliceAP=0.5698
  Epoch  17/50 | LR=3.09e-04 | TLoss=15.5973 | VLoss=39.4571 | AP@50=0.2039 | SliceAP=0.5248 | EMA_SliceAP=0.5563
  Epoch  18/50 | LR=3.02e-04 | TLoss=14.8840 | VLoss=37.1545 | AP@50=0.2136 | SliceAP=0.5743 | EMA_SliceAP=0.5617
  Epoch  19/50 | LR=2.94e-04 | TLoss=14.3629 | VLoss=36.3159 | AP@50=0.3561 | SliceAP=0.6733 | EMA_SliceAP=0.5952
  Epoch  20/50 | LR=2.85e-04 | TLoss=12.8418 | VLoss=35.1638 | AP@50=0.3454 | SliceAP=0.7030 | EMA_SliceAP=0.6275
  Epoch  21/50 | LR=2.76e-04 | TLoss=14.4489 | VLoss=37.7195 | AP@50=0.1892 | SliceAP=0.5446 | EMA_SliceAP=0.6026
  Epoch  22/50 | LR=2.66e-04 | TLoss=12.0320 | VLoss=36.2095 | AP@50=0.3437 | SliceAP=0.6238 | EMA_SliceAP=0.6090
  Epoch  23/50 | LR=2.56e-04 | TLoss=12.9300 | VLoss=34.6435 | AP@50=0.4460 | SliceAP=0.6733 | EMA_SliceAP=0.6283
  Epoch  24/50 | LR=2.45e-04 | TLoss=11.8187 | VLoss=36.0469 | AP@50=0.3532 | SliceAP=0.6238 | EMA_SliceAP=0.6269
  Epoch  25/50 | LR=2.34e-04 | TLoss=11.2506 | VLoss=36.2508 | AP@50=0.3188 | SliceAP=0.5644 | EMA_SliceAP=0.6081
  Epoch  26/50 | LR=2.22e-04 | TLoss=11.2335 | VLoss=36.3986 | AP@50=0.4344 | SliceAP=0.6931 | EMA_SliceAP=0.6336
  Epoch  27/50 | LR=2.10e-04 | TLoss=10.9378 | VLoss=35.9778 | AP@50=0.2974 | SliceAP=0.6535 | EMA_SliceAP=0.6396
  Epoch  28/50 | LR=1.98e-04 | TLoss=11.0093 | VLoss=37.8830 | AP@50=0.3588 | SliceAP=0.6634 | EMA_SliceAP=0.6467
  Epoch  29/50 | LR=1.86e-04 | TLoss=10.8129 | VLoss=35.4008 | AP@50=0.3057 | SliceAP=0.6733 | EMA_SliceAP=0.6547
  Epoch  30/50 | LR=1.74e-04 | TLoss=9.6193 | VLoss=33.9172 | AP@50=0.3677 | SliceAP=0.6832 | EMA_SliceAP=0.6632
  Epoch  31/50 | LR=1.62e-04 | TLoss=9.4734 | VLoss=36.6284 | AP@50=0.3805 | SliceAP=0.6040 | EMA_SliceAP=0.6454
  Epoch  32/50 | LR=1.49e-04 | TLoss=9.9678 | VLoss=36.7967 | AP@50=0.3458 | SliceAP=0.5545 | EMA_SliceAP=0.6181
  Epoch  33/50 | LR=1.37e-04 | TLoss=9.0005 | VLoss=35.4087 | AP@50=0.3713 | SliceAP=0.6238 | EMA_SliceAP=0.6198
  Epoch  34/50 | LR=1.25e-04 | TLoss=8.9393 | VLoss=36.8146 | AP@50=0.3491 | SliceAP=0.5743 | EMA_SliceAP=0.6062
  Epoch  35/50 | LR=1.14e-04 | TLoss=7.9799 | VLoss=35.3870 | AP@50=0.3681 | SliceAP=0.6139 | EMA_SliceAP=0.6085
  Epoch  36/50 | LR=1.03e-04 | TLoss=8.6996 | VLoss=34.9020 | AP@50=0.4096 | SliceAP=0.6436 | EMA_SliceAP=0.6190
  Epoch  37/50 | LR=9.19e-05 | TLoss=8.1733 | VLoss=35.4991 | AP@50=0.4068 | SliceAP=0.6337 | EMA_SliceAP=0.6234
  Epoch  38/50 | LR=8.15e-05 | TLoss=8.2286 | VLoss=35.2979 | AP@50=0.4197 | SliceAP=0.6337 | EMA_SliceAP=0.6265
  Epoch  39/50 | LR=7.17e-05 | TLoss=7.9749 | VLoss=35.4829 | AP@50=0.3680 | SliceAP=0.6139 | EMA_SliceAP=0.6227
  Epoch  40/50 | LR=6.24e-05 | TLoss=7.9884 | VLoss=34.6272 | AP@50=0.4193 | SliceAP=0.6832 | EMA_SliceAP=0.6408
  Epoch  41/50 | LR=5.37e-05 | TLoss=7.4085 | VLoss=34.4871 | AP@50=0.4444 | SliceAP=0.6535 | EMA_SliceAP=0.6446
  Epoch  42/50 | LR=4.57e-05 | TLoss=7.7904 | VLoss=35.6634 | AP@50=0.3871 | SliceAP=0.5941 | EMA_SliceAP=0.6295
  Epoch  43/50 | LR=3.85e-05 | TLoss=7.5672 | VLoss=35.1510 | AP@50=0.4264 | SliceAP=0.6436 | EMA_SliceAP=0.6337
  Epoch  44/50 | LR=3.19e-05 | TLoss=7.4876 | VLoss=35.1440 | AP@50=0.4128 | SliceAP=0.6139 | EMA_SliceAP=0.6277
  Epoch  45/50 | LR=2.62e-05 | TLoss=7.9476 | VLoss=35.0659 | AP@50=0.3840 | SliceAP=0.5743 | EMA_SliceAP=0.6117
  [Early stop at epoch 45, best EMA SliceAP=0.6632]
  [Checkpoints] top-3 saved → /fs01/home/dhaneshr/code/obj-det-test/checkpoints/hparam_v4/trial_0062/swa_manifest.yaml

[Trial 96] lr=2.05e-04  wd=7.07e-03  stride=10  bs=16  mosaic=0.28  ls=0.118  clahe=True  ssr=True  rbc=False  median=True(limit=5)  speckle=False(medium)  cp_p=0.49
ScanAwareSampler: 13 scans, 2306 total slices, stride=10 → ~236 slices/epoch (10% of training set per epoch)
  Epoch   1/50 | LR=2.05e-05 | TLoss=465.0498 | VLoss=601.4892 | AP@50=0.0001 | SliceAP=0.1782 | EMA_SliceAP=0.1782
  Epoch   2/50 | LR=4.35e-05 | TLoss=408.6972 | VLoss=479.1624 | AP@50=0.0031 | SliceAP=0.4455 | EMA_SliceAP=0.2584
  Epoch   3/50 | LR=6.65e-05 | TLoss=316.9969 | VLoss=360.5447 | AP@50=0.0001 | SliceAP=0.3267 | EMA_SliceAP=0.2789
  Epoch   4/50 | LR=8.96e-05 | TLoss=215.7220 | VLoss=234.9477 | AP@50=0.0008 | SliceAP=0.6733 | EMA_SliceAP=0.3972
  Epoch   5/50 | LR=1.13e-04 | TLoss=128.5230 | VLoss=144.3660 | AP@50=0.0003 | SliceAP=0.5347 | EMA_SliceAP=0.4384
  Epoch   6/50 | LR=1.36e-04 | TLoss=79.7825 | VLoss=87.2094 | AP@50=0.0008 | SliceAP=0.5743 | EMA_SliceAP=0.4792
  Epoch   7/50 | LR=1.59e-04 | TLoss=52.0699 | VLoss=61.1753 | AP@50=0.0002 | SliceAP=0.2970 | EMA_SliceAP=0.4245
  Epoch   8/50 | LR=1.82e-04 | TLoss=41.2169 | VLoss=47.4032 | AP@50=0.0006 | SliceAP=0.2772 | EMA_SliceAP=0.3803
  Epoch   9/50 | LR=2.05e-04 | TLoss=36.1751 | VLoss=45.4011 | AP@50=0.0032 | SliceAP=0.1683 | EMA_SliceAP=0.3167
  Epoch  10/50 | LR=2.04e-04 | TLoss=31.3157 | VLoss=41.0426 | AP@50=0.0007 | SliceAP=0.0495 | EMA_SliceAP=0.2366
  Epoch  11/50 | LR=2.04e-04 | TLoss=28.1463 | VLoss=39.2110 | AP@50=0.0201 | SliceAP=0.2376 | EMA_SliceAP=0.2369
  Epoch  12/50 | LR=2.02e-04 | TLoss=26.0642 | VLoss=41.9365 | AP@50=0.0739 | SliceAP=0.2178 | EMA_SliceAP=0.2312
  Epoch  13/50 | LR=2.00e-04 | TLoss=26.7650 | VLoss=40.0130 | AP@50=0.0276 | SliceAP=0.4257 | EMA_SliceAP=0.2895
  Epoch  14/50 | LR=1.98e-04 | TLoss=24.2634 | VLoss=38.7284 | AP@50=0.2456 | SliceAP=0.5347 | EMA_SliceAP=0.3631
  Epoch  15/50 | LR=1.95e-04 | TLoss=24.6559 | VLoss=37.2283 | AP@50=0.2561 | SliceAP=0.6337 | EMA_SliceAP=0.4443
  Epoch  16/50 | LR=1.92e-04 | TLoss=22.4921 | VLoss=36.9386 | AP@50=0.1009 | SliceAP=0.4257 | EMA_SliceAP=0.4387
  Epoch  17/50 | LR=1.88e-04 | TLoss=20.2480 | VLoss=35.9725 | AP@50=0.2746 | SliceAP=0.5248 | EMA_SliceAP=0.4645
  Epoch  18/50 | LR=1.84e-04 | TLoss=20.1229 | VLoss=34.7471 | AP@50=0.1799 | SliceAP=0.6040 | EMA_SliceAP=0.5063
  Epoch  19/50 | LR=1.79e-04 | TLoss=21.0245 | VLoss=36.4310 | AP@50=0.3241 | SliceAP=0.6436 | EMA_SliceAP=0.5475
  Epoch  20/50 | LR=1.74e-04 | TLoss=18.2931 | VLoss=42.6599 | AP@50=0.1415 | SliceAP=0.3960 | EMA_SliceAP=0.5021
  Epoch  21/50 | LR=1.68e-04 | TLoss=17.8018 | VLoss=36.1924 | AP@50=0.2997 | SliceAP=0.5842 | EMA_SliceAP=0.5267
  Epoch  22/50 | LR=1.62e-04 | TLoss=17.2257 | VLoss=35.1209 | AP@50=0.2006 | SliceAP=0.5743 | EMA_SliceAP=0.5410
  Epoch  23/50 | LR=1.56e-04 | TLoss=16.8654 | VLoss=37.3378 | AP@50=0.2821 | SliceAP=0.6040 | EMA_SliceAP=0.5599
  Epoch  24/50 | LR=1.50e-04 | TLoss=16.3584 | VLoss=34.8211 | AP@50=0.2938 | SliceAP=0.6436 | EMA_SliceAP=0.5850
  Epoch  25/50 | LR=1.43e-04 | TLoss=16.1764 | VLoss=34.5551 | AP@50=0.4617 | SliceAP=0.7030 | EMA_SliceAP=0.6204
  Epoch  26/50 | LR=1.36e-04 | TLoss=14.0012 | VLoss=34.3871 | AP@50=0.2758 | SliceAP=0.6634 | EMA_SliceAP=0.6333
  Epoch  27/50 | LR=1.29e-04 | TLoss=13.7421 | VLoss=34.1390 | AP@50=0.2638 | SliceAP=0.5743 | EMA_SliceAP=0.6156
  Epoch  28/50 | LR=1.22e-04 | TLoss=13.5979 | VLoss=34.6017 | AP@50=0.4163 | SliceAP=0.6832 | EMA_SliceAP=0.6358
  Epoch  29/50 | LR=1.15e-04 | TLoss=14.7195 | VLoss=36.4546 | AP@50=0.3956 | SliceAP=0.5941 | EMA_SliceAP=0.6233
  Epoch  30/50 | LR=1.07e-04 | TLoss=12.7701 | VLoss=34.3818 | AP@50=0.4141 | SliceAP=0.6535 | EMA_SliceAP=0.6324
  Epoch  31/50 | LR=1.00e-04 | TLoss=13.3172 | VLoss=36.6828 | AP@50=0.3354 | SliceAP=0.5743 | EMA_SliceAP=0.6149
  Epoch  32/50 | LR=9.29e-05 | TLoss=12.1893 | VLoss=35.9687 | AP@50=0.2676 | SliceAP=0.5545 | EMA_SliceAP=0.5968
  Epoch  33/50 | LR=8.57e-05 | TLoss=12.2122 | VLoss=34.2013 | AP@50=0.2537 | SliceAP=0.5446 | EMA_SliceAP=0.5811
  Epoch  34/50 | LR=7.87e-05 | TLoss=12.2691 | VLoss=35.9158 | AP@50=0.3373 | SliceAP=0.6238 | EMA_SliceAP=0.5939
  Epoch  35/50 | LR=7.18e-05 | TLoss=11.6351 | VLoss=35.5868 | AP@50=0.4051 | SliceAP=0.6832 | EMA_SliceAP=0.6207
  Epoch  36/50 | LR=6.51e-05 | TLoss=11.7120 | VLoss=34.2675 | AP@50=0.4164 | SliceAP=0.7129 | EMA_SliceAP=0.6483
  Epoch  37/50 | LR=5.87e-05 | TLoss=11.3199 | VLoss=33.8525 | AP@50=0.3370 | SliceAP=0.6535 | EMA_SliceAP=0.6499
  Epoch  38/50 | LR=5.25e-05 | TLoss=11.9479 | VLoss=35.4943 | AP@50=0.3551 | SliceAP=0.6733 | EMA_SliceAP=0.6569
  Epoch  39/50 | LR=4.67e-05 | TLoss=10.8922 | VLoss=35.9291 | AP@50=0.3179 | SliceAP=0.6634 | EMA_SliceAP=0.6588
  Epoch  40/50 | LR=4.11e-05 | TLoss=10.7409 | VLoss=35.8293 | AP@50=0.3516 | SliceAP=0.6832 | EMA_SliceAP=0.6661
  Epoch  41/50 | LR=3.60e-05 | TLoss=11.0458 | VLoss=35.2082 | AP@50=0.3311 | SliceAP=0.6733 | EMA_SliceAP=0.6683
  Epoch  42/50 | LR=3.12e-05 | TLoss=10.2267 | VLoss=35.1347 | AP@50=0.3168 | SliceAP=0.6436 | EMA_SliceAP=0.6609
  Epoch  43/50 | LR=2.69e-05 | TLoss=10.4322 | VLoss=34.2027 | AP@50=0.3196 | SliceAP=0.6832 | EMA_SliceAP=0.6676
  Epoch  44/50 | LR=2.30e-05 | TLoss=10.7247 | VLoss=34.5507 | AP@50=0.3762 | SliceAP=0.6832 | EMA_SliceAP=0.6722
  Epoch  45/50 | LR=1.96e-05 | TLoss=10.3705 | VLoss=34.5675 | AP@50=0.3729 | SliceAP=0.6832 | EMA_SliceAP=0.6755
  Epoch  46/50 | LR=1.67e-05 | TLoss=9.8423 | VLoss=34.8611 | AP@50=0.3376 | SliceAP=0.6931 | EMA_SliceAP=0.6808
  Epoch  47/50 | LR=1.43e-05 | TLoss=10.1375 | VLoss=34.9605 | AP@50=0.3066 | SliceAP=0.6634 | EMA_SliceAP=0.6756
  Epoch  48/50 | LR=1.24e-05 | TLoss=9.9704 | VLoss=35.1192 | AP@50=0.2963 | SliceAP=0.6337 | EMA_SliceAP=0.6630
  Epoch  49/50 | LR=1.11e-05 | TLoss=10.2701 | VLoss=34.7968 | AP@50=0.3391 | SliceAP=0.6832 | EMA_SliceAP=0.6690
  Epoch  50/50 | LR=1.03e-05 | TLoss=10.5663 | VLoss=34.9359 | AP@50=0.3372 | SliceAP=0.6832 | EMA_SliceAP=0.6733
  [Checkpoints] top-3 saved → /fs01/home/dhaneshr/code/obj-det-test/checkpoints/hparam_v4/trial_0096/swa_manifest.yaml

[Trial 131] lr=4.81e-04  wd=1.79e-03  stride=7  bs=16  mosaic=0.26  ls=0.127  clahe=True  ssr=True  rbc=False  median=True(limit=5)  speckle=False(medium)  cp_p=0.12
ScanAwareSampler: 13 scans, 2306 total slices, stride=7 → ~336 slices/epoch (15% of training set per epoch)
  Epoch   1/50 | LR=4.81e-05 | TLoss=442.7414 | VLoss=416.4591 | AP@50=0.0008 | SliceAP=0.1881 | EMA_SliceAP=0.1881
  Epoch   2/50 | LR=1.02e-04 | TLoss=260.5367 | VLoss=211.1872 | AP@50=0.0011 | SliceAP=0.5941 | EMA_SliceAP=0.3099
  Epoch   3/50 | LR=1.56e-04 | TLoss=112.7697 | VLoss=93.0114 | AP@50=0.0014 | SliceAP=0.4950 | EMA_SliceAP=0.3654
  Epoch   4/50 | LR=2.10e-04 | TLoss=53.9009 | VLoss=54.0697 | AP@50=0.0004 | SliceAP=0.2475 | EMA_SliceAP=0.3301
  Epoch   5/50 | LR=2.64e-04 | TLoss=35.8342 | VLoss=45.8966 | AP@50=0.0144 | SliceAP=0.0594 | EMA_SliceAP=0.2489
  Epoch   6/50 | LR=3.19e-04 | TLoss=30.5161 | VLoss=37.6908 | AP@50=0.0057 | SliceAP=0.1287 | EMA_SliceAP=0.2128
  Epoch   7/50 | LR=3.73e-04 | TLoss=28.2145 | VLoss=37.4502 | AP@50=0.1333 | SliceAP=0.2970 | EMA_SliceAP=0.2381
  Epoch   8/50 | LR=4.27e-04 | TLoss=27.8240 | VLoss=38.5395 | AP@50=0.0774 | SliceAP=0.2673 | EMA_SliceAP=0.2469
  Epoch   9/50 | LR=4.81e-04 | TLoss=25.8883 | VLoss=35.9561 | AP@50=0.1046 | SliceAP=0.3960 | EMA_SliceAP=0.2916
  Epoch  10/50 | LR=4.80e-04 | TLoss=23.8363 | VLoss=35.7226 | AP@50=0.2100 | SliceAP=0.4851 | EMA_SliceAP=0.3497
  [Pruned at epoch 10]

[Trial 142] lr=4.96e-03  wd=5.99e-03  stride=10  bs=8  mosaic=0.25  ls=0.121  clahe=True  ssr=True  rbc=False  median=True(limit=3)  speckle=False(medium)  cp_p=0.05
ScanAwareSampler: 13 scans, 2306 total slices, stride=10 → ~236 slices/epoch (10% of training set per epoch)
  Epoch   1/50 | LR=4.96e-04 | TLoss=130.1629 | VLoss=46.3574 | AP@50=0.0000 | SliceAP=0.0000 | EMA_SliceAP=0.0000
  Epoch   2/50 | LR=1.05e-03 | TLoss=40.6064 | VLoss=40.3207 | AP@50=0.0003 | SliceAP=0.0396 | EMA_SliceAP=0.0119
  Epoch   3/50 | LR=1.61e-03 | TLoss=40.8603 | VLoss=43.2218 | AP@50=0.0000 | SliceAP=0.0000 | EMA_SliceAP=0.0083
  Epoch   4/50 | LR=2.17e-03 | TLoss=35.7106 | VLoss=41.1712 | AP@50=0.0000 | SliceAP=0.0000 | EMA_SliceAP=0.0058
  Epoch   5/50 | LR=2.73e-03 | TLoss=34.9859 | VLoss=40.6005 | AP@50=0.0581 | SliceAP=0.2475 | EMA_SliceAP=0.0783
  Epoch   6/50 | LR=3.28e-03 | TLoss=35.5282 | VLoss=40.8114 | AP@50=0.0000 | SliceAP=0.0000 | EMA_SliceAP=0.0548
  Epoch   7/50 | LR=3.84e-03 | TLoss=35.5023 | VLoss=45.8473 | AP@50=0.0157 | SliceAP=0.1980 | EMA_SliceAP=0.0978
  Epoch   8/50 | LR=4.40e-03 | TLoss=31.8422 | VLoss=51.4286 | AP@50=0.0000 | SliceAP=0.0099 | EMA_SliceAP=0.0714
  Epoch   9/50 | LR=4.96e-03 | TLoss=31.8161 | VLoss=41.1991 | AP@50=0.0893 | SliceAP=0.4653 | EMA_SliceAP=0.1896
  Epoch  10/50 | LR=4.95e-03 | TLoss=35.3020 | VLoss=90.0929 | AP@50=0.0000 | SliceAP=0.0000 | EMA_SliceAP=0.1327
  [Pruned at epoch 10]

[Trial 147] lr=2.38e-04  wd=1.35e-03  stride=10  bs=16  mosaic=0.40  ls=0.076  clahe=True  ssr=True  rbc=False  median=True(limit=5)  speckle=False(medium)  cp_p=0.11
ScanAwareSampler: 13 scans, 2306 total slices, stride=10 → ~236 slices/epoch (10% of training set per epoch)
  Epoch   1/50 | LR=2.38e-05 | TLoss=457.4814 | VLoss=557.7910 | AP@50=0.0000 | SliceAP=0.1980 | EMA_SliceAP=0.1980
  Epoch   2/50 | LR=5.06e-05 | TLoss=373.7022 | VLoss=425.0549 | AP@50=0.0021 | SliceAP=0.3465 | EMA_SliceAP=0.2426
  Epoch   3/50 | LR=7.74e-05 | TLoss=278.1783 | VLoss=288.9596 | AP@50=0.0001 | SliceAP=0.5347 | EMA_SliceAP=0.3302
  Epoch   4/50 | LR=1.04e-04 | TLoss=172.1465 | VLoss=177.9607 | AP@50=0.0001 | SliceAP=0.6238 | EMA_SliceAP=0.4183
  Epoch   5/50 | LR=1.31e-04 | TLoss=98.9339 | VLoss=105.2440 | AP@50=0.0007 | SliceAP=0.5347 | EMA_SliceAP=0.4532
  Epoch   6/50 | LR=1.58e-04 | TLoss=62.1087 | VLoss=72.7280 | AP@50=0.0000 | SliceAP=0.3663 | EMA_SliceAP=0.4271
  Epoch   7/50 | LR=1.85e-04 | TLoss=43.7528 | VLoss=52.8608 | AP@50=0.0004 | SliceAP=0.2079 | EMA_SliceAP=0.3614
  Epoch   8/50 | LR=2.11e-04 | TLoss=37.4486 | VLoss=47.7037 | AP@50=0.0004 | SliceAP=0.1188 | EMA_SliceAP=0.2886
  Epoch   9/50 | LR=2.38e-04 | TLoss=32.2309 | VLoss=41.6196 | AP@50=0.0000 | SliceAP=0.0099 | EMA_SliceAP=0.2050
  Epoch  10/50 | LR=2.38e-04 | TLoss=29.1754 | VLoss=39.2255 | AP@50=0.0379 | SliceAP=0.3069 | EMA_SliceAP=0.2356
  [Pruned at epoch 10]

[Trial 152] lr=2.26e-04  wd=1.37e-03  stride=7  bs=16  mosaic=0.33  ls=0.051  clahe=True  ssr=True  rbc=False  median=True(limit=5)  speckle=False(light)  cp_p=0.02
ScanAwareSampler: 13 scans, 2306 total slices, stride=7 → ~336 slices/epoch (15% of training set per epoch)
  Epoch   1/50 | LR=2.26e-05 | TLoss=458.3377 | VLoss=519.4876 | AP@50=0.0000 | SliceAP=0.1980 | EMA_SliceAP=0.1980
  Epoch   2/50 | LR=4.81e-05 | TLoss=362.3319 | VLoss=346.5633 | AP@50=0.0002 | SliceAP=0.3168 | EMA_SliceAP=0.2337
  Epoch   3/50 | LR=7.35e-05 | TLoss=232.3094 | VLoss=218.1293 | AP@50=0.0005 | SliceAP=0.5941 | EMA_SliceAP=0.3418
  Epoch   4/50 | LR=9.90e-05 | TLoss=122.2836 | VLoss=127.0964 | AP@50=0.0003 | SliceAP=0.4950 | EMA_SliceAP=0.3878
  Epoch   5/50 | LR=1.24e-04 | TLoss=69.4585 | VLoss=71.2985 | AP@50=0.0005 | SliceAP=0.4752 | EMA_SliceAP=0.4140
  Epoch   6/50 | LR=1.50e-04 | TLoss=44.4862 | VLoss=50.7022 | AP@50=0.0007 | SliceAP=0.2970 | EMA_SliceAP=0.3789
  Epoch   7/50 | LR=1.75e-04 | TLoss=35.6386 | VLoss=41.7029 | AP@50=0.0000 | SliceAP=0.0099 | EMA_SliceAP=0.2682
  Epoch   8/50 | LR=2.01e-04 | TLoss=34.3847 | VLoss=47.7779 | AP@50=0.0002 | SliceAP=0.0495 | EMA_SliceAP=0.2026
  Epoch   9/50 | LR=2.26e-04 | TLoss=30.8267 | VLoss=39.3809 | AP@50=0.0214 | SliceAP=0.4554 | EMA_SliceAP=0.2785
  Epoch  10/50 | LR=2.26e-04 | TLoss=26.3712 | VLoss=51.4930 | AP@50=0.0173 | SliceAP=0.2673 | EMA_SliceAP=0.2751
  [Pruned at epoch 10]

[Trial 159] lr=1.77e-03  wd=2.95e-03  stride=7  bs=16  mosaic=0.40  ls=0.149  clahe=True  ssr=True  rbc=False  median=True(limit=5)  speckle=False(medium)  cp_p=0.47
ScanAwareSampler: 13 scans, 2306 total slices, stride=7 → ~336 slices/epoch (15% of training set per epoch)
  Epoch   1/50 | LR=1.77e-04 | TLoss=257.5630 | VLoss=190.2595 | AP@50=0.0040 | SliceAP=0.6040 | EMA_SliceAP=0.6040
  Epoch   2/50 | LR=3.77e-04 | TLoss=63.5934 | VLoss=52.4755 | AP@50=0.0006 | SliceAP=0.1782 | EMA_SliceAP=0.4762
  Epoch   3/50 | LR=5.76e-04 | TLoss=36.6335 | VLoss=48.2361 | AP@50=0.0000 | SliceAP=0.0000 | EMA_SliceAP=0.3334
  Epoch   4/50 | LR=7.76e-04 | TLoss=32.9258 | VLoss=39.4947 | AP@50=0.0032 | SliceAP=0.0891 | EMA_SliceAP=0.2601
  Epoch   5/50 | LR=9.75e-04 | TLoss=29.8369 | VLoss=37.3464 | AP@50=0.1551 | SliceAP=0.5050 | EMA_SliceAP=0.3335
  Epoch   6/50 | LR=1.17e-03 | TLoss=29.2009 | VLoss=38.3814 | AP@50=0.0393 | SliceAP=0.4158 | EMA_SliceAP=0.3582
  Epoch   7/50 | LR=1.37e-03 | TLoss=27.0917 | VLoss=44.6105 | AP@50=0.1076 | SliceAP=0.5050 | EMA_SliceAP=0.4023
  Epoch   8/50 | LR=1.57e-03 | TLoss=25.1930 | VLoss=33.2174 | AP@50=0.1932 | SliceAP=0.5842 | EMA_SliceAP=0.4568
  Epoch   9/50 | LR=1.77e-03 | TLoss=25.2624 | VLoss=36.4338 | AP@50=0.0580 | SliceAP=0.5842 | EMA_SliceAP=0.4950
  Epoch  10/50 | LR=1.77e-03 | TLoss=20.5140 | VLoss=37.2302 | AP@50=0.2104 | SliceAP=0.6634 | EMA_SliceAP=0.5455
  Epoch  11/50 | LR=1.76e-03 | TLoss=19.6280 | VLoss=40.8575 | AP@50=0.0825 | SliceAP=0.5743 | EMA_SliceAP=0.5541
  Epoch  12/50 | LR=1.75e-03 | TLoss=21.4924 | VLoss=38.6368 | AP@50=0.1715 | SliceAP=0.4950 | EMA_SliceAP=0.5364
  Epoch  13/50 | LR=1.73e-03 | TLoss=19.4226 | VLoss=36.5970 | AP@50=0.1649 | SliceAP=0.4851 | EMA_SliceAP=0.5210
  Epoch  14/50 | LR=1.71e-03 | TLoss=17.6158 | VLoss=37.7871 | AP@50=0.2805 | SliceAP=0.6931 | EMA_SliceAP=0.5726
  Epoch  15/50 | LR=1.69e-03 | TLoss=15.9780 | VLoss=38.4424 | AP@50=0.2098 | SliceAP=0.6535 | EMA_SliceAP=0.5969
  Epoch  16/50 | LR=1.66e-03 | TLoss=15.0829 | VLoss=44.6719 | AP@50=0.0851 | SliceAP=0.5743 | EMA_SliceAP=0.5901
  [Early stop at epoch 16, best EMA SliceAP=0.6040]
  [Checkpoints] top-3 saved → /fs01/home/dhaneshr/code/obj-det-test/checkpoints/hparam_v4/trial_0159/swa_manifest.yaml

[Trial 173] lr=3.84e-03  wd=9.40e-04  stride=10  bs=8  mosaic=0.24  ls=0.042  clahe=True  ssr=True  rbc=True  median=True(limit=3)  speckle=False(heavy)  cp_p=0.38
ScanAwareSampler: 13 scans, 2306 total slices, stride=10 → ~236 slices/epoch (10% of training set per epoch)
  Epoch   1/50 | LR=3.84e-04 | TLoss=154.1109 | VLoss=52.8563 | AP@50=0.0000 | SliceAP=0.0495 | EMA_SliceAP=0.0495
  Epoch   2/50 | LR=8.16e-04 | TLoss=38.9594 | VLoss=40.4295 | AP@50=0.0000 | SliceAP=0.0000 | EMA_SliceAP=0.0347
  Epoch   3/50 | LR=1.25e-03 | TLoss=37.3250 | VLoss=43.7127 | AP@50=0.0204 | SliceAP=0.2475 | EMA_SliceAP=0.0985
  Epoch   4/50 | LR=1.68e-03 | TLoss=34.8163 | VLoss=48.6899 | AP@50=0.0022 | SliceAP=0.1584 | EMA_SliceAP=0.1165
  Epoch   5/50 | LR=2.11e-03 | TLoss=35.3441 | VLoss=41.6086 | AP@50=0.0000 | SliceAP=0.0000 | EMA_SliceAP=0.0815
  Epoch   6/50 | LR=2.54e-03 | TLoss=33.2962 | VLoss=40.8513 | AP@50=0.0295 | SliceAP=0.3663 | EMA_SliceAP=0.1670
  Epoch   7/50 | LR=2.98e-03 | TLoss=31.4837 | VLoss=42.8863 | AP@50=0.0286 | SliceAP=0.4851 | EMA_SliceAP=0.2624
  Epoch   8/50 | LR=3.41e-03 | TLoss=29.7156 | VLoss=41.2995 | AP@50=0.0532 | SliceAP=0.2871 | EMA_SliceAP=0.2698
  Epoch   9/50 | LR=3.84e-03 | TLoss=30.6053 | VLoss=39.8549 | AP@50=0.0338 | SliceAP=0.3366 | EMA_SliceAP=0.2899
  Epoch  10/50 | LR=3.83e-03 | TLoss=27.3852 | VLoss=37.4034 | AP@50=0.1035 | SliceAP=0.6139 | EMA_SliceAP=0.3871
  Epoch  11/50 | LR=3.82e-03 | TLoss=29.1968 | VLoss=42.6019 | AP@50=0.0905 | SliceAP=0.5347 | EMA_SliceAP=0.4313
  Epoch  12/50 | LR=3.79e-03 | TLoss=26.1302 | VLoss=42.3300 | AP@50=0.0572 | SliceAP=0.5050 | EMA_SliceAP=0.4534
  Epoch  13/50 | LR=3.76e-03 | TLoss=24.1721 | VLoss=37.9691 | AP@50=0.1152 | SliceAP=0.5545 | EMA_SliceAP=0.4837
  Epoch  14/50 | LR=3.71e-03 | TLoss=21.9271 | VLoss=40.2666 | AP@50=0.0605 | SliceAP=0.4752 | EMA_SliceAP=0.4812
  Epoch  15/50 | LR=3.65e-03 | TLoss=22.4500 | VLoss=41.6240 | AP@50=0.1074 | SliceAP=0.4356 | EMA_SliceAP=0.4675
  Epoch  16/50 | LR=3.58e-03 | TLoss=19.4417 | VLoss=39.1485 | AP@50=0.1507 | SliceAP=0.4257 | EMA_SliceAP=0.4550
  Epoch  17/50 | LR=3.51e-03 | TLoss=17.7916 | VLoss=37.2454 | AP@50=0.1512 | SliceAP=0.4554 | EMA_SliceAP=0.4551
  Epoch  18/50 | LR=3.42e-03 | TLoss=18.0933 | VLoss=37.5621 | AP@50=0.1959 | SliceAP=0.6139 | EMA_SliceAP=0.5027
  Epoch  19/50 | LR=3.33e-03 | TLoss=17.8211 | VLoss=37.2277 | AP@50=0.2658 | SliceAP=0.5743 | EMA_SliceAP=0.5242
  Epoch  20/50 | LR=3.23e-03 | TLoss=16.5158 | VLoss=33.3161 | AP@50=0.2789 | SliceAP=0.6337 | EMA_SliceAP=0.5570
  Epoch  21/50 | LR=3.12e-03 | TLoss=16.2059 | VLoss=35.0349 | AP@50=0.2681 | SliceAP=0.5446 | EMA_SliceAP=0.5533
  Epoch  22/50 | LR=3.00e-03 | TLoss=15.6593 | VLoss=35.6215 | AP@50=0.1835 | SliceAP=0.5941 | EMA_SliceAP=0.5655
  Epoch  23/50 | LR=2.88e-03 | TLoss=16.2937 | VLoss=33.9175 | AP@50=0.2535 | SliceAP=0.5743 | EMA_SliceAP=0.5681
  Epoch  24/50 | LR=2.76e-03 | TLoss=15.3943 | VLoss=33.5621 | AP@50=0.2717 | SliceAP=0.6436 | EMA_SliceAP=0.5908
  Epoch  25/50 | LR=2.62e-03 | TLoss=14.8178 | VLoss=34.4113 | AP@50=0.2731 | SliceAP=0.5446 | EMA_SliceAP=0.5769
  Epoch  26/50 | LR=2.49e-03 | TLoss=15.2131 | VLoss=34.0457 | AP@50=0.3173 | SliceAP=0.6832 | EMA_SliceAP=0.6088
  Epoch  27/50 | LR=2.35e-03 | TLoss=14.4351 | VLoss=29.3008 | AP@50=0.4352 | SliceAP=0.7030 | EMA_SliceAP=0.6370
  Epoch  28/50 | LR=2.21e-03 | TLoss=14.7802 | VLoss=34.3516 | AP@50=0.3226 | SliceAP=0.6436 | EMA_SliceAP=0.6390
  Epoch  29/50 | LR=2.07e-03 | TLoss=13.8699 | VLoss=34.2003 | AP@50=0.3823 | SliceAP=0.6634 | EMA_SliceAP=0.6463
  Epoch  30/50 | LR=1.93e-03 | TLoss=13.3567 | VLoss=36.2918 | AP@50=0.3075 | SliceAP=0.5050 | EMA_SliceAP=0.6039
  [Pruned at epoch 30]

[Trial 190] lr=4.57e-03  wd=7.48e-03  stride=10  bs=16  mosaic=0.27  ls=0.022  clahe=True  ssr=True  rbc=False  median=True(limit=5)  speckle=False(medium)  cp_p=0.24
ScanAwareSampler: 13 scans, 2306 total slices, stride=10 → ~236 slices/epoch (10% of training set per epoch)
  Epoch   1/50 | LR=4.57e-04 | TLoss=200.1617 | VLoss=82.1518 | AP@50=0.0001 | SliceAP=0.3762 | EMA_SliceAP=0.3762
  Epoch   2/50 | LR=9.71e-04 | TLoss=44.4757 | VLoss=41.5511 | AP@50=0.0039 | SliceAP=0.2376 | EMA_SliceAP=0.3347
  Epoch   3/50 | LR=1.48e-03 | TLoss=39.1466 | VLoss=41.7658 | AP@50=0.0439 | SliceAP=0.2871 | EMA_SliceAP=0.3204
  Epoch   4/50 | LR=2.00e-03 | TLoss=38.2414 | VLoss=45.2058 | AP@50=0.0000 | SliceAP=0.0000 | EMA_SliceAP=0.2243
  Epoch   5/50 | LR=2.51e-03 | TLoss=34.8849 | VLoss=45.5680 | AP@50=0.0040 | SliceAP=0.2376 | EMA_SliceAP=0.2283
  Epoch   6/50 | LR=3.03e-03 | TLoss=36.0538 | VLoss=40.3440 | AP@50=0.0060 | SliceAP=0.2772 | EMA_SliceAP=0.2430
  Epoch   7/50 | LR=3.54e-03 | TLoss=33.4812 | VLoss=43.4863 | AP@50=0.0514 | SliceAP=0.4554 | EMA_SliceAP=0.3067
  Epoch   8/50 | LR=4.05e-03 | TLoss=34.2226 | VLoss=42.8407 | AP@50=0.0136 | SliceAP=0.3861 | EMA_SliceAP=0.3305
  Epoch   9/50 | LR=4.57e-03 | TLoss=30.4956 | VLoss=39.8013 | AP@50=0.0735 | SliceAP=0.4950 | EMA_SliceAP=0.3799
  Epoch  10/50 | LR=4.56e-03 | TLoss=29.7104 | VLoss=41.1011 | AP@50=0.0073 | SliceAP=0.2178 | EMA_SliceAP=0.3313
  [Pruned at epoch 10]

[Trial 198] lr=4.26e-04  wd=3.47e-03  stride=5  bs=16  mosaic=0.22  ls=0.118  clahe=False  ssr=True  rbc=True  median=True(limit=5)  speckle=True(heavy)  cp_p=0.19
ScanAwareSampler: 13 scans, 2306 total slices, stride=5 → ~467 slices/epoch (20% of training set per epoch)
  Epoch   1/50 | LR=4.26e-05 | TLoss=445.8425 | VLoss=420.4108 | AP@50=0.0028 | SliceAP=0.1782 | EMA_SliceAP=0.1782
  Epoch   2/50 | LR=9.06e-05 | TLoss=246.3172 | VLoss=193.2258 | AP@50=0.0002 | SliceAP=0.4653 | EMA_SliceAP=0.2644
  Epoch   3/50 | LR=1.39e-04 | TLoss=92.9576 | VLoss=72.3665 | AP@50=0.0003 | SliceAP=0.4752 | EMA_SliceAP=0.3276
  Epoch   4/50 | LR=1.87e-04 | TLoss=45.7116 | VLoss=47.0552 | AP@50=0.0000 | SliceAP=0.0198 | EMA_SliceAP=0.2353
  Epoch   5/50 | LR=2.34e-04 | TLoss=32.8078 | VLoss=40.0006 | AP@50=0.0144 | SliceAP=0.2277 | EMA_SliceAP=0.2330
  Epoch   6/50 | LR=2.82e-04 | TLoss=29.9662 | VLoss=41.0083 | AP@50=0.0001 | SliceAP=0.0396 | EMA_SliceAP=0.1750
  Epoch   7/50 | LR=3.30e-04 | TLoss=27.0777 | VLoss=38.7284 | AP@50=0.0940 | SliceAP=0.2475 | EMA_SliceAP=0.1967
  Epoch   8/50 | LR=3.78e-04 | TLoss=26.3318 | VLoss=37.3739 | AP@50=0.2031 | SliceAP=0.6040 | EMA_SliceAP=0.3189
  Epoch   9/50 | LR=4.26e-04 | TLoss=21.4423 | VLoss=42.9253 | AP@50=0.2323 | SliceAP=0.5446 | EMA_SliceAP=0.3866
  Epoch  10/50 | LR=4.26e-04 | TLoss=19.9099 | VLoss=32.9584 | AP@50=0.2738 | SliceAP=0.5743 | EMA_SliceAP=0.4429
  Epoch  11/50 | LR=4.24e-04 | TLoss=18.1365 | VLoss=34.3392 | AP@50=0.1830 | SliceAP=0.6634 | EMA_SliceAP=0.5090
  Epoch  12/50 | LR=4.21e-04 | TLoss=17.1330 | VLoss=39.8112 | AP@50=0.3833 | SliceAP=0.5941 | EMA_SliceAP=0.5345
  Epoch  13/50 | LR=4.17e-04 | TLoss=14.8466 | VLoss=33.6711 | AP@50=0.3431 | SliceAP=0.5941 | EMA_SliceAP=0.5524
  Epoch  14/50 | LR=4.12e-04 | TLoss=13.9681 | VLoss=33.9425 | AP@50=0.4526 | SliceAP=0.6931 | EMA_SliceAP=0.5946
  Epoch  15/50 | LR=4.06e-04 | TLoss=12.8692 | VLoss=35.2823 | AP@50=0.4334 | SliceAP=0.6040 | EMA_SliceAP=0.5974
  Epoch  16/50 | LR=3.98e-04 | TLoss=12.1004 | VLoss=33.8184 | AP@50=0.3150 | SliceAP=0.6337 | EMA_SliceAP=0.6083
  Epoch  17/50 | LR=3.90e-04 | TLoss=11.9806 | VLoss=31.2025 | AP@50=0.3250 | SliceAP=0.5941 | EMA_SliceAP=0.6040
  Epoch  18/50 | LR=3.81e-04 | TLoss=11.7841 | VLoss=34.3405 | AP@50=0.4289 | SliceAP=0.5941 | EMA_SliceAP=0.6010
  Epoch  19/50 | LR=3.71e-04 | TLoss=10.4610 | VLoss=34.2807 | AP@50=0.3683 | SliceAP=0.6436 | EMA_SliceAP=0.6138
  Epoch  20/50 | LR=3.60e-04 | TLoss=10.5948 | VLoss=35.3436 | AP@50=0.3379 | SliceAP=0.5842 | EMA_SliceAP=0.6049
  Epoch  21/50 | LR=3.48e-04 | TLoss=10.8299 | VLoss=32.8653 | AP@50=0.3619 | SliceAP=0.6040 | EMA_SliceAP=0.6046
  Epoch  22/50 | LR=3.35e-04 | TLoss=10.2577 | VLoss=32.7897 | AP@50=0.3692 | SliceAP=0.6634 | EMA_SliceAP=0.6222
  Epoch  23/50 | LR=3.22e-04 | TLoss=9.4261 | VLoss=32.7959 | AP@50=0.4437 | SliceAP=0.6436 | EMA_SliceAP=0.6286
  Epoch  24/50 | LR=3.08e-04 | TLoss=9.0919 | VLoss=30.6457 | AP@50=0.4236 | SliceAP=0.6832 | EMA_SliceAP=0.6450
  Epoch  25/50 | LR=2.94e-04 | TLoss=8.8816 | VLoss=33.9361 | AP@50=0.4783 | SliceAP=0.6436 | EMA_SliceAP=0.6446
  Epoch  26/50 | LR=2.80e-04 | TLoss=9.2947 | VLoss=32.4594 | AP@50=0.3890 | SliceAP=0.5941 | EMA_SliceAP=0.6294
  Epoch  27/50 | LR=2.64e-04 | TLoss=8.8719 | VLoss=31.8127 | AP@50=0.4422 | SliceAP=0.6436 | EMA_SliceAP=0.6337
  Epoch  28/50 | LR=2.49e-04 | TLoss=8.3891 | VLoss=33.7155 | AP@50=0.3496 | SliceAP=0.6238 | EMA_SliceAP=0.6307
  Epoch  29/50 | LR=2.34e-04 | TLoss=8.4939 | VLoss=34.2928 | AP@50=0.4017 | SliceAP=0.6139 | EMA_SliceAP=0.6256
  Epoch  30/50 | LR=2.18e-04 | TLoss=8.0033 | VLoss=33.3021 | AP@50=0.4577 | SliceAP=0.6139 | EMA_SliceAP=0.6221
  [Pruned at epoch 30]

[Trial 220] lr=1.04e-03  wd=6.62e-03  stride=10  bs=8  mosaic=0.31  ls=0.002  clahe=True  ssr=False  rbc=False  median=False(limit=3)  speckle=False(heavy)  cp_p=0.06
ScanAwareSampler: 13 scans, 2306 total slices, stride=10 → ~236 slices/epoch (10% of training set per epoch)
  Epoch   1/50 | LR=1.04e-04 | TLoss=350.2836 | VLoss=243.9029 | AP@50=0.0010 | SliceAP=0.6733 | EMA_SliceAP=0.6733
  Epoch   2/50 | LR=2.22e-04 | TLoss=101.9537 | VLoss=63.6677 | AP@50=0.0007 | SliceAP=0.4059 | EMA_SliceAP=0.5931
  Epoch   3/50 | LR=3.39e-04 | TLoss=40.8010 | VLoss=42.5149 | AP@50=0.0040 | SliceAP=0.2376 | EMA_SliceAP=0.4864
  Epoch   4/50 | LR=4.57e-04 | TLoss=32.7545 | VLoss=38.0192 | AP@50=0.0435 | SliceAP=0.5446 | EMA_SliceAP=0.5039
  Epoch   5/50 | LR=5.74e-04 | TLoss=30.8025 | VLoss=45.4299 | AP@50=0.0022 | SliceAP=0.1287 | EMA_SliceAP=0.3913
  Epoch   6/50 | LR=6.91e-04 | TLoss=29.1205 | VLoss=38.9188 | AP@50=0.0780 | SliceAP=0.4554 | EMA_SliceAP=0.4106
  Epoch   7/50 | LR=8.09e-04 | TLoss=26.6762 | VLoss=39.8716 | AP@50=0.2328 | SliceAP=0.4851 | EMA_SliceAP=0.4329
  Epoch   8/50 | LR=9.26e-04 | TLoss=21.4792 | VLoss=42.5148 | AP@50=0.0865 | SliceAP=0.3366 | EMA_SliceAP=0.4040
  Epoch   9/50 | LR=1.04e-03 | TLoss=21.9006 | VLoss=37.7822 | AP@50=0.2155 | SliceAP=0.6337 | EMA_SliceAP=0.4729
  Epoch  10/50 | LR=1.04e-03 | TLoss=18.3203 | VLoss=41.6214 | AP@50=0.2351 | SliceAP=0.5347 | EMA_SliceAP=0.4914
  [Pruned at epoch 10]

[Trial 227] lr=2.82e-03  wd=3.90e-03  stride=10  bs=16  mosaic=0.28  ls=0.092  clahe=True  ssr=True  rbc=False  median=True(limit=5)  speckle=False(heavy)  cp_p=0.51
ScanAwareSampler: 13 scans, 2306 total slices, stride=10 → ~236 slices/epoch (10% of training set per epoch)
  Epoch   1/50 | LR=2.82e-04 | TLoss=241.5592 | VLoss=153.0183 | AP@50=0.0015 | SliceAP=0.2970 | EMA_SliceAP=0.2970
  Epoch   2/50 | LR=6.00e-04 | TLoss=60.7940 | VLoss=46.4647 | AP@50=0.0000 | SliceAP=0.0000 | EMA_SliceAP=0.2079
  Epoch   3/50 | LR=9.17e-04 | TLoss=38.5894 | VLoss=39.1661 | AP@50=0.0026 | SliceAP=0.3861 | EMA_SliceAP=0.2614
  Epoch   4/50 | LR=1.23e-03 | TLoss=40.3402 | VLoss=41.7638 | AP@50=0.0153 | SliceAP=0.1782 | EMA_SliceAP=0.2364
  Epoch   5/50 | LR=1.55e-03 | TLoss=35.3674 | VLoss=42.3335 | AP@50=0.0171 | SliceAP=0.4455 | EMA_SliceAP=0.2992
  Epoch   6/50 | LR=1.87e-03 | TLoss=34.5919 | VLoss=38.7214 | AP@50=0.0511 | SliceAP=0.1782 | EMA_SliceAP=0.2629
  Epoch   7/50 | LR=2.19e-03 | TLoss=29.6243 | VLoss=36.5049 | AP@50=0.1019 | SliceAP=0.1980 | EMA_SliceAP=0.2434
  Epoch   8/50 | LR=2.50e-03 | TLoss=30.8737 | VLoss=38.5699 | AP@50=0.0223 | SliceAP=0.3168 | EMA_SliceAP=0.2654
  Epoch   9/50 | LR=2.82e-03 | TLoss=31.4459 | VLoss=47.2112 | AP@50=0.1540 | SliceAP=0.4158 | EMA_SliceAP=0.3106
  Epoch  10/50 | LR=2.82e-03 | TLoss=29.2414 | VLoss=42.9498 | AP@50=0.0090 | SliceAP=0.4455 | EMA_SliceAP=0.3511
  Epoch  11/50 | LR=2.81e-03 | TLoss=27.3529 | VLoss=45.7777 | AP@50=0.0588 | SliceAP=0.3762 | EMA_SliceAP=0.3586
  Epoch  12/50 | LR=2.79e-03 | TLoss=26.4803 | VLoss=38.7664 | AP@50=0.1573 | SliceAP=0.5446 | EMA_SliceAP=0.4144
  Epoch  13/50 | LR=2.76e-03 | TLoss=25.9198 | VLoss=40.2833 | AP@50=0.0284 | SliceAP=0.4950 | EMA_SliceAP=0.4386
  Epoch  14/50 | LR=2.73e-03 | TLoss=21.8684 | VLoss=35.2778 | AP@50=0.2709 | SliceAP=0.6337 | EMA_SliceAP=0.4971
  Epoch  15/50 | LR=2.68e-03 | TLoss=23.5398 | VLoss=38.1052 | AP@50=0.1362 | SliceAP=0.4554 | EMA_SliceAP=0.4846
  Epoch  16/50 | LR=2.63e-03 | TLoss=22.5876 | VLoss=35.8668 | AP@50=0.1430 | SliceAP=0.6139 | EMA_SliceAP=0.5234
  Epoch  17/50 | LR=2.58e-03 | TLoss=20.7348 | VLoss=33.7274 | AP@50=0.3703 | SliceAP=0.6337 | EMA_SliceAP=0.5565
  Epoch  18/50 | LR=2.52e-03 | TLoss=19.4517 | VLoss=39.2604 | AP@50=0.3217 | SliceAP=0.6931 | EMA_SliceAP=0.5974
  Epoch  19/50 | LR=2.45e-03 | TLoss=18.3491 | VLoss=39.0320 | AP@50=0.1373 | SliceAP=0.5743 | EMA_SliceAP=0.5905
  Epoch  20/50 | LR=2.37e-03 | TLoss=16.7593 | VLoss=34.0499 | AP@50=0.2802 | SliceAP=0.7129 | EMA_SliceAP=0.6272
  Epoch  21/50 | LR=2.29e-03 | TLoss=18.7692 | VLoss=32.4990 | AP@50=0.2831 | SliceAP=0.6337 | EMA_SliceAP=0.6291
  Epoch  22/50 | LR=2.21e-03 | TLoss=16.5330 | VLoss=37.2586 | AP@50=0.2557 | SliceAP=0.5941 | EMA_SliceAP=0.6186
  Epoch  23/50 | LR=2.12e-03 | TLoss=15.9978 | VLoss=33.9060 | AP@50=0.4016 | SliceAP=0.6139 | EMA_SliceAP=0.6172
  Epoch  24/50 | LR=2.03e-03 | TLoss=15.8179 | VLoss=35.8213 | AP@50=0.3942 | SliceAP=0.7426 | EMA_SliceAP=0.6548
  Epoch  25/50 | LR=1.93e-03 | TLoss=13.8367 | VLoss=35.9875 | AP@50=0.3187 | SliceAP=0.6931 | EMA_SliceAP=0.6663
  Epoch  26/50 | LR=1.83e-03 | TLoss=14.7152 | VLoss=32.3290 | AP@50=0.4115 | SliceAP=0.7129 | EMA_SliceAP=0.6803
  Epoch  27/50 | LR=1.73e-03 | TLoss=13.2642 | VLoss=34.7228 | AP@50=0.3929 | SliceAP=0.6436 | EMA_SliceAP=0.6693
  Epoch  28/50 | LR=1.63e-03 | TLoss=12.9470 | VLoss=33.3832 | AP@50=0.4912 | SliceAP=0.7327 | EMA_SliceAP=0.6883
  Epoch  29/50 | LR=1.52e-03 | TLoss=12.6084 | VLoss=33.4347 | AP@50=0.4184 | SliceAP=0.6337 | EMA_SliceAP=0.6719
  Epoch  30/50 | LR=1.42e-03 | TLoss=12.4892 | VLoss=34.2788 | AP@50=0.3922 | SliceAP=0.6634 | EMA_SliceAP=0.6693
  Epoch  31/50 | LR=1.31e-03 | TLoss=12.8427 | VLoss=34.3737 | AP@50=0.3837 | SliceAP=0.7129 | EMA_SliceAP=0.6824
  Epoch  32/50 | LR=1.21e-03 | TLoss=12.4554 | VLoss=35.8098 | AP@50=0.3526 | SliceAP=0.7030 | EMA_SliceAP=0.6886
  Epoch  33/50 | LR=1.10e-03 | TLoss=11.5492 | VLoss=33.8475 | AP@50=0.4390 | SliceAP=0.6832 | EMA_SliceAP=0.6869
  Epoch  34/50 | LR=1.00e-03 | TLoss=10.8946 | VLoss=34.6303 | AP@50=0.4299 | SliceAP=0.6337 | EMA_SliceAP=0.6710
  Epoch  35/50 | LR=9.02e-04 | TLoss=11.4176 | VLoss=33.4174 | AP@50=0.3882 | SliceAP=0.6436 | EMA_SliceAP=0.6627
  Epoch  36/50 | LR=8.06e-04 | TLoss=11.8232 | VLoss=33.5627 | AP@50=0.4474 | SliceAP=0.6634 | EMA_SliceAP=0.6629
  Epoch  37/50 | LR=7.13e-04 | TLoss=10.4597 | VLoss=34.3778 | AP@50=0.4347 | SliceAP=0.6832 | EMA_SliceAP=0.6690
  Epoch  38/50 | LR=6.24e-04 | TLoss=11.0443 | VLoss=33.5883 | AP@50=0.4309 | SliceAP=0.6634 | EMA_SliceAP=0.6673
  Epoch  39/50 | LR=5.39e-04 | TLoss=10.9789 | VLoss=33.1250 | AP@50=0.3898 | SliceAP=0.6436 | EMA_SliceAP=0.6602
  Epoch  40/50 | LR=4.60e-04 | TLoss=10.4378 | VLoss=33.0777 | AP@50=0.4511 | SliceAP=0.6535 | EMA_SliceAP=0.6582
  Epoch  41/50 | LR=3.85e-04 | TLoss=10.7521 | VLoss=33.2697 | AP@50=0.4536 | SliceAP=0.6634 | EMA_SliceAP=0.6597
  Epoch  42/50 | LR=3.17e-04 | TLoss=10.3066 | VLoss=33.8596 | AP@50=0.4100 | SliceAP=0.6436 | EMA_SliceAP=0.6549
  Epoch  43/50 | LR=2.54e-04 | TLoss=10.5918 | VLoss=33.5101 | AP@50=0.4585 | SliceAP=0.6832 | EMA_SliceAP=0.6634
  [Early stop at epoch 43, best EMA SliceAP=0.6883]
  [Checkpoints] top-3 saved → /fs01/home/dhaneshr/code/obj-det-test/checkpoints/hparam_v4/trial_0227/swa_manifest.yaml

=== Worker done | Completed: 59 | Pruned: 175 ===
Best EMA SliceAP@50 across all workers: 0.7280
Best params: {'learning_rate': 0.00043284502212938834, 'weight_decay': 0.007969454818643935, 'mosaic_prob': 0.39279757672456206, 'label_smooth': 0.08979877262955549, 'copy_paste_p': 0.10921304830970556, 'slice_stride': 10, 'batch_size': 16, 'use_clahe': True, 'use_shift_scale_rotate': True, 'use_brightness_contrast': False, 'use_median_blur': True, 'median_blur_limit': 5, 'use_speckle_noise': False, 'speckle_level': 'medium'}

Saving top-5 configs to train/config/
  Rank  1 | SliceAP=0.7280 | {'learning_rate': 0.00043284502212938834, 'weight_decay': 0.007969454818643935, 'mosaic_prob': 0.39279757672456206, 'label_smooth': 0.08979877262955549, 'copy_paste_p': 0.10921304830970556, 'slice_stride': 10, 'batch_size': 16, 'use_clahe': True, 'use_shift_scale_rotate': True, 'use_brightness_contrast': False, 'use_median_blur': True, 'median_blur_limit': 5, 'use_speckle_noise': False, 'speckle_level': 'medium'} → hparam_v4_rank01_sliceap0.7280.yaml
  Rank  2 | SliceAP=0.7245 | {'learning_rate': 0.0003616590222233483, 'weight_decay': 0.007178761185929164, 'mosaic_prob': 0.2644695481770175, 'label_smooth': 0.09735477728961922, 'copy_paste_p': 0.18738179972028612, 'slice_stride': 5, 'batch_size': 16, 'use_clahe': False, 'use_shift_scale_rotate': True, 'use_brightness_contrast': True, 'use_median_blur': True, 'median_blur_limit': 5, 'use_speckle_noise': True, 'speckle_level': 'heavy'} → hparam_v4_rank02_sliceap0.7245.yaml
  Rank  3 | SliceAP=0.7139 | {'learning_rate': 0.00497966347957706, 'weight_decay': 0.0010727894064751, 'mosaic_prob': 0.2481789990358817, 'label_smooth': 0.11124543885915171, 'copy_paste_p': 0.04553340859454867, 'slice_stride': 10, 'batch_size': 8, 'use_clahe': True, 'use_shift_scale_rotate': True, 'use_brightness_contrast': False, 'use_median_blur': True, 'median_blur_limit': 3, 'use_speckle_noise': False, 'speckle_level': 'medium'} → hparam_v4_rank03_sliceap0.7139.yaml
  Rank  4 | SliceAP=0.7092 | {'learning_rate': 0.003875290062581599, 'weight_decay': 0.007578712006759105, 'mosaic_prob': 0.23395190214868464, 'label_smooth': 0.09801090091713736, 'copy_paste_p': 0.17605654912039856, 'slice_stride': 10, 'batch_size': 16, 'use_clahe': False, 'use_shift_scale_rotate': True, 'use_brightness_contrast': True, 'use_median_blur': True, 'median_blur_limit': 5, 'use_speckle_noise': True, 'speckle_level': 'heavy'} → hparam_v4_rank04_sliceap0.7092.yaml
  Rank  5 | SliceAP=0.7054 | {'learning_rate': 0.00043284502212938834, 'weight_decay': 0.007969454818643935, 'mosaic_prob': 0.39279757672456206, 'label_smooth': 0.08979877262955549, 'copy_paste_p': 0.10921304830970556, 'slice_stride': 10, 'batch_size': 16, 'use_clahe': True, 'use_shift_scale_rotate': True, 'use_brightness_contrast': False, 'use_median_blur': True, 'median_blur_limit': 5, 'use_speckle_noise': False, 'speckle_level': 'medium'} → hparam_v4_rank05_sliceap0.7054.yaml

Best config (EMA SliceAP@50=0.7280) → train/config/best_hyperparams_v4.yaml
Task 14 completed at: Tue Mar 17 04:51:19 PM EDT 2026
