Job array    : 994, task 6
Node         : bn037
Started at   : Thu Mar 19 11:24:03 AM EDT 2026
Config       : train/config/best_hyperparams_v5_pu_loss.yaml
Study        : yoloe_hparam_search_v6 @ sqlite:////fs01/home/dhaneshr/code/obj-det-test/optuna_studies/yoloe_hparam_search_v6.db
Trials       : 15 (this worker)
Epochs/trial : 35 (max, EMA early stopping patience=8)
Checkpoints  : top-3 per trial (min EMA=0.6) → /fs01/home/dhaneshr/code/obj-det-test/checkpoints/hparam_v6
Study name   : yoloe_hparam_search_v6
Storage      : sqlite:////fs01/home/dhaneshr/code/obj-det-test/optuna_studies/yoloe_hparam_search_v6.db
Trials       : 15 (this worker)
Epochs/trial : 35 (max, EMA early stopping patience=8)
EMA alpha    : 0.3
Checkpoints  : top-3 per trial → /fs01/home/dhaneshr/code/obj-det-test/checkpoints/hparam_v6

[Trial 45] lr=4.33e-04  wd=3.68e-02  stride=10  bs=16  mosaic=0.67  ls=0.090  clahe=True  ssr=True  rbc=False  median=True(limit=5)  speckle=False(medium)  cp_p=0.28
ScanAwareSampler: 13 scans, 2306 total slices, stride=10 → ~236 slices/epoch (10% of training set per epoch)
  Epoch   1/35 | LR=4.33e-05 | TLoss=192.2174 | VLoss=212.2245 | AP@50=0.0001 | SliceAP=0.1881 | EMA_SliceAP=0.1881
  Epoch   2/35 | LR=9.20e-05 | TLoss=149.9591 | VLoss=149.0743 | AP@50=0.0006 | SliceAP=0.5347 | EMA_SliceAP=0.2921
  Epoch   3/35 | LR=1.41e-04 | TLoss=81.7968 | VLoss=104.2856 | AP@50=0.0001 | SliceAP=0.4950 | EMA_SliceAP=0.3530
  Epoch   4/35 | LR=1.89e-04 | TLoss=48.5478 | VLoss=67.3064 | AP@50=0.0004 | SliceAP=0.3069 | EMA_SliceAP=0.3392
  Epoch   5/35 | LR=2.38e-04 | TLoss=31.9472 | VLoss=46.0049 | AP@50=0.0002 | SliceAP=0.1287 | EMA_SliceAP=0.2760
  Epoch   6/35 | LR=2.87e-04 | TLoss=25.9258 | VLoss=40.9325 | AP@50=0.0002 | SliceAP=0.0495 | EMA_SliceAP=0.2081
  Epoch   7/35 | LR=3.35e-04 | TLoss=24.9398 | VLoss=45.4903 | AP@50=0.0021 | SliceAP=0.1485 | EMA_SliceAP=0.1902
  Epoch   8/35 | LR=3.84e-04 | TLoss=25.2924 | VLoss=39.7821 | AP@50=0.0032 | SliceAP=0.1584 | EMA_SliceAP=0.1807
  Epoch   9/35 | LR=4.33e-04 | TLoss=22.3590 | VLoss=36.6218 | AP@50=0.0066 | SliceAP=0.2475 | EMA_SliceAP=0.2007
  Epoch  10/35 | LR=4.31e-04 | TLoss=21.7373 | VLoss=32.3017 | AP@50=0.0058 | SliceAP=0.2178 | EMA_SliceAP=0.2059
  Epoch  11/35 | LR=4.27e-04 | TLoss=19.9411 | VLoss=35.5539 | AP@50=0.0262 | SliceAP=0.5347 | EMA_SliceAP=0.3045
  [Early stop at epoch 11, best EMA SliceAP=0.3530]
  [Checkpoints] top-3 saved → /fs01/home/dhaneshr/code/obj-det-test/checkpoints/hparam_v6/trial_0045/swa_manifest.yaml

[Trial 62] lr=7.48e-04  wd=3.97e-03  stride=10  bs=8  mosaic=0.32  ls=0.091  clahe=True  ssr=False  rbc=False  median=False(limit=7)  speckle=False(medium)  cp_p=0.29
ScanAwareSampler: 13 scans, 2306 total slices, stride=10 → ~236 slices/epoch (10% of training set per epoch)
  Epoch   1/35 | LR=7.48e-05 | TLoss=176.1906 | VLoss=142.7259 | AP@50=0.0005 | SliceAP=0.4653 | EMA_SliceAP=0.4653
  Epoch   2/35 | LR=1.59e-04 | TLoss=69.8511 | VLoss=59.1019 | AP@50=0.0026 | SliceAP=0.3861 | EMA_SliceAP=0.4416
  Epoch   3/35 | LR=2.43e-04 | TLoss=35.7250 | VLoss=40.6030 | AP@50=0.0000 | SliceAP=0.0099 | EMA_SliceAP=0.3121
  Epoch   4/35 | LR=3.27e-04 | TLoss=30.4392 | VLoss=37.5201 | AP@50=0.0059 | SliceAP=0.2871 | EMA_SliceAP=0.3046
  Epoch   5/35 | LR=4.11e-04 | TLoss=30.4498 | VLoss=37.6221 | AP@50=0.0000 | SliceAP=0.0000 | EMA_SliceAP=0.2132
  Epoch   6/35 | LR=4.95e-04 | TLoss=29.8353 | VLoss=36.5276 | AP@50=0.0827 | SliceAP=0.3564 | EMA_SliceAP=0.2562
  Epoch   7/35 | LR=5.79e-04 | TLoss=28.5812 | VLoss=33.4060 | AP@50=0.1713 | SliceAP=0.3069 | EMA_SliceAP=0.2714
  Epoch   8/35 | LR=6.63e-04 | TLoss=25.2223 | VLoss=39.0952 | AP@50=0.1411 | SliceAP=0.4059 | EMA_SliceAP=0.3118
  Epoch   9/35 | LR=7.48e-04 | TLoss=23.8463 | VLoss=33.7023 | AP@50=0.0305 | SliceAP=0.5149 | EMA_SliceAP=0.3727
  [Early stop at epoch 9, best EMA SliceAP=0.4653]
  [Checkpoints] top-3 saved → /fs01/home/dhaneshr/code/obj-det-test/checkpoints/hparam_v6/trial_0062/swa_manifest.yaml

[Trial 70] lr=2.09e-03  wd=1.63e-04  stride=5  bs=32  mosaic=0.43  ls=0.140  clahe=False  ssr=False  rbc=True  median=False(limit=7)  speckle=True(light)  cp_p=0.44
ScanAwareSampler: 13 scans, 2306 total slices, stride=5 → ~467 slices/epoch (20% of training set per epoch)
  Epoch   1/35 | LR=2.09e-04 | TLoss=146.0946 | VLoss=116.8567 | AP@50=0.0001 | SliceAP=0.1881 | EMA_SliceAP=0.1881
  Epoch   2/35 | LR=4.44e-04 | TLoss=50.2010 | VLoss=46.2958 | AP@50=0.0008 | SliceAP=0.1584 | EMA_SliceAP=0.1792
  Epoch   3/35 | LR=6.80e-04 | TLoss=26.3392 | VLoss=38.3585 | AP@50=0.0003 | SliceAP=0.0396 | EMA_SliceAP=0.1373
  Epoch   4/35 | LR=9.15e-04 | TLoss=22.8639 | VLoss=42.4008 | AP@50=0.0447 | SliceAP=0.3366 | EMA_SliceAP=0.1971
  Epoch   5/35 | LR=1.15e-03 | TLoss=22.3422 | VLoss=35.1579 | AP@50=0.0842 | SliceAP=0.3564 | EMA_SliceAP=0.2449
  Epoch   6/35 | LR=1.39e-03 | TLoss=19.0605 | VLoss=37.7892 | AP@50=0.1682 | SliceAP=0.4653 | EMA_SliceAP=0.3110
  Epoch   7/35 | LR=1.62e-03 | TLoss=16.8375 | VLoss=35.9277 | AP@50=0.1548 | SliceAP=0.6238 | EMA_SliceAP=0.4049
  Epoch   8/35 | LR=1.86e-03 | TLoss=15.1057 | VLoss=29.9708 | AP@50=0.3556 | SliceAP=0.6337 | EMA_SliceAP=0.4735
  Epoch   9/35 | LR=2.09e-03 | TLoss=13.7661 | VLoss=32.5651 | AP@50=0.1213 | SliceAP=0.6238 | EMA_SliceAP=0.5186
  Epoch  10/35 | LR=2.08e-03 | TLoss=13.4043 | VLoss=34.7716 | AP@50=0.1938 | SliceAP=0.5248 | EMA_SliceAP=0.5204
  Epoch  11/35 | LR=2.06e-03 | TLoss=12.6111 | VLoss=35.0275 | AP@50=0.3045 | SliceAP=0.7030 | EMA_SliceAP=0.5752
  Epoch  12/35 | LR=2.03e-03 | TLoss=11.1838 | VLoss=36.8340 | AP@50=0.1768 | SliceAP=0.4059 | EMA_SliceAP=0.5244
  Epoch  13/35 | LR=1.98e-03 | TLoss=10.1471 | VLoss=28.3141 | AP@50=0.3732 | SliceAP=0.7822 | EMA_SliceAP=0.6017
  Epoch  14/35 | LR=1.92e-03 | TLoss=9.6195 | VLoss=34.1189 | AP@50=0.2614 | SliceAP=0.7327 | EMA_SliceAP=0.6410
  Epoch  15/35 | LR=1.85e-03 | TLoss=9.0801 | VLoss=31.5925 | AP@50=0.4201 | SliceAP=0.6337 | EMA_SliceAP=0.6388
  Epoch  16/35 | LR=1.77e-03 | TLoss=8.1055 | VLoss=33.7643 | AP@50=0.3635 | SliceAP=0.6931 | EMA_SliceAP=0.6551
  Epoch  17/35 | LR=1.67e-03 | TLoss=8.0401 | VLoss=34.6567 | AP@50=0.2016 | SliceAP=0.5347 | EMA_SliceAP=0.6190
  Epoch  18/35 | LR=1.57e-03 | TLoss=7.5461 | VLoss=32.9322 | AP@50=0.2907 | SliceAP=0.5743 | EMA_SliceAP=0.6055
  Epoch  19/35 | LR=1.46e-03 | TLoss=7.2571 | VLoss=33.5933 | AP@50=0.3704 | SliceAP=0.6238 | EMA_SliceAP=0.6110
  Epoch  20/35 | LR=1.35e-03 | TLoss=6.8974 | VLoss=33.2525 | AP@50=0.3353 | SliceAP=0.5446 | EMA_SliceAP=0.5911
  Epoch  21/35 | LR=1.23e-03 | TLoss=5.8573 | VLoss=33.1187 | AP@50=0.3029 | SliceAP=0.5050 | EMA_SliceAP=0.5652
  Epoch  22/35 | LR=1.11e-03 | TLoss=5.7735 | VLoss=34.3049 | AP@50=0.4471 | SliceAP=0.6139 | EMA_SliceAP=0.5798
  Epoch  23/35 | LR=9.90e-04 | TLoss=5.8536 | VLoss=31.3357 | AP@50=0.4206 | SliceAP=0.6337 | EMA_SliceAP=0.5960
  Epoch  24/35 | LR=8.70e-04 | TLoss=5.2908 | VLoss=32.4863 | AP@50=0.3711 | SliceAP=0.6040 | EMA_SliceAP=0.5984
  [Early stop at epoch 24, best EMA SliceAP=0.6551]
  [Checkpoints] top-3 saved → /fs01/home/dhaneshr/code/obj-det-test/checkpoints/hparam_v6/trial_0070/swa_manifest.yaml

[Trial 93] lr=1.17e-03  wd=1.75e-02  stride=7  bs=32  mosaic=0.60  ls=0.108  clahe=False  ssr=False  rbc=True  median=False(limit=3)  speckle=True(heavy)  cp_p=0.34
ScanAwareSampler: 13 scans, 2306 total slices, stride=7 → ~336 slices/epoch (15% of training set per epoch)
  Epoch   1/35 | LR=1.17e-04 | TLoss=178.6414 | VLoss=167.6407 | AP@50=0.0002 | SliceAP=0.1980 | EMA_SliceAP=0.1980
  Epoch   2/35 | LR=2.48e-04 | TLoss=103.3471 | VLoss=106.0051 | AP@50=0.0004 | SliceAP=0.1782 | EMA_SliceAP=0.1921
  Epoch   3/35 | LR=3.79e-04 | TLoss=45.7793 | VLoss=56.7152 | AP@50=0.0000 | SliceAP=0.2871 | EMA_SliceAP=0.2206
  Epoch   4/35 | LR=5.11e-04 | TLoss=29.4531 | VLoss=40.6118 | AP@50=0.0001 | SliceAP=0.0396 | EMA_SliceAP=0.1663
  Epoch   5/35 | LR=6.42e-04 | TLoss=25.1744 | VLoss=36.0663 | AP@50=0.0002 | SliceAP=0.0396 | EMA_SliceAP=0.1283
  Epoch   6/35 | LR=7.73e-04 | TLoss=23.3546 | VLoss=37.1014 | AP@50=0.0000 | SliceAP=0.0099 | EMA_SliceAP=0.0928
  Epoch   7/35 | LR=9.05e-04 | TLoss=19.8063 | VLoss=36.1173 | AP@50=0.0205 | SliceAP=0.4554 | EMA_SliceAP=0.2016
  Epoch   8/35 | LR=1.04e-03 | TLoss=18.1755 | VLoss=37.4217 | AP@50=0.0304 | SliceAP=0.3564 | EMA_SliceAP=0.2480
  Epoch   9/35 | LR=1.17e-03 | TLoss=16.3912 | VLoss=38.3952 | AP@50=0.0472 | SliceAP=0.4752 | EMA_SliceAP=0.3162
  Epoch  10/35 | LR=1.16e-03 | TLoss=15.4534 | VLoss=41.3646 | AP@50=0.0211 | SliceAP=0.3366 | EMA_SliceAP=0.3223
  [Pruned at epoch 10]

[Trial 102] lr=2.71e-04  wd=1.14e-03  stride=7  bs=8  mosaic=0.37  ls=0.016  clahe=False  ssr=True  rbc=True  median=True(limit=7)  speckle=True(heavy)  cp_p=0.51
ScanAwareSampler: 13 scans, 2306 total slices, stride=7 → ~336 slices/epoch (15% of training set per epoch)
  Epoch   1/35 | LR=2.71e-05 | TLoss=188.6772 | VLoss=163.7111 | AP@50=0.0014 | SliceAP=0.4158 | EMA_SliceAP=0.4158
  Epoch   2/35 | LR=5.76e-05 | TLoss=117.3042 | VLoss=110.3652 | AP@50=0.0009 | SliceAP=0.5248 | EMA_SliceAP=0.4485
  Epoch   3/35 | LR=8.81e-05 | TLoss=56.8248 | VLoss=60.1157 | AP@50=0.0043 | SliceAP=0.4653 | EMA_SliceAP=0.4536
  Epoch   4/35 | LR=1.19e-04 | TLoss=36.5340 | VLoss=44.7512 | AP@50=0.0001 | SliceAP=0.0693 | EMA_SliceAP=0.3383
  Epoch   5/35 | LR=1.49e-04 | TLoss=31.4811 | VLoss=36.2729 | AP@50=0.0004 | SliceAP=0.0594 | EMA_SliceAP=0.2546
  Epoch   6/35 | LR=1.80e-04 | TLoss=29.0094 | VLoss=36.0514 | AP@50=0.0109 | SliceAP=0.1485 | EMA_SliceAP=0.2228
  Epoch   7/35 | LR=2.10e-04 | TLoss=26.5066 | VLoss=35.5568 | AP@50=0.0622 | SliceAP=0.3762 | EMA_SliceAP=0.2688
  Epoch   8/35 | LR=2.41e-04 | TLoss=26.2526 | VLoss=33.1358 | AP@50=0.0603 | SliceAP=0.4653 | EMA_SliceAP=0.3278
  Epoch   9/35 | LR=2.71e-04 | TLoss=24.3008 | VLoss=34.7737 | AP@50=0.0369 | SliceAP=0.5446 | EMA_SliceAP=0.3928
  Epoch  10/35 | LR=2.70e-04 | TLoss=20.0000 | VLoss=36.1255 | AP@50=0.2471 | SliceAP=0.6139 | EMA_SliceAP=0.4591
  Epoch  11/35 | LR=2.68e-04 | TLoss=17.9033 | VLoss=37.6118 | AP@50=0.2603 | SliceAP=0.6832 | EMA_SliceAP=0.5263
  Epoch  12/35 | LR=2.63e-04 | TLoss=14.8032 | VLoss=34.5471 | AP@50=0.2004 | SliceAP=0.6634 | EMA_SliceAP=0.5674
  Epoch  13/35 | LR=2.57e-04 | TLoss=14.3517 | VLoss=36.0535 | AP@50=0.3035 | SliceAP=0.7129 | EMA_SliceAP=0.6111
  Epoch  14/35 | LR=2.50e-04 | TLoss=12.8800 | VLoss=32.9176 | AP@50=0.2858 | SliceAP=0.6139 | EMA_SliceAP=0.6119
  Epoch  15/35 | LR=2.41e-04 | TLoss=12.4447 | VLoss=30.1190 | AP@50=0.3212 | SliceAP=0.7228 | EMA_SliceAP=0.6452
  Epoch  16/35 | LR=2.30e-04 | TLoss=12.1051 | VLoss=32.7412 | AP@50=0.2499 | SliceAP=0.6535 | EMA_SliceAP=0.6477
  Epoch  17/35 | LR=2.19e-04 | TLoss=11.6530 | VLoss=30.5131 | AP@50=0.3006 | SliceAP=0.6535 | EMA_SliceAP=0.6494
  Epoch  18/35 | LR=2.06e-04 | TLoss=10.3511 | VLoss=30.8435 | AP@50=0.3331 | SliceAP=0.7327 | EMA_SliceAP=0.6744
  Epoch  19/35 | LR=1.92e-04 | TLoss=10.2244 | VLoss=31.1488 | AP@50=0.3078 | SliceAP=0.6733 | EMA_SliceAP=0.6740
  Epoch  20/35 | LR=1.78e-04 | TLoss=9.8682 | VLoss=32.2342 | AP@50=0.2641 | SliceAP=0.6535 | EMA_SliceAP=0.6679
  Epoch  21/35 | LR=1.63e-04 | TLoss=10.1092 | VLoss=28.8322 | AP@50=0.3161 | SliceAP=0.6436 | EMA_SliceAP=0.6606
  Epoch  22/35 | LR=1.48e-04 | TLoss=8.3903 | VLoss=30.9639 | AP@50=0.3249 | SliceAP=0.7129 | EMA_SliceAP=0.6763
  Epoch  23/35 | LR=1.33e-04 | TLoss=8.9299 | VLoss=33.1321 | AP@50=0.3161 | SliceAP=0.6634 | EMA_SliceAP=0.6724
  Epoch  24/35 | LR=1.18e-04 | TLoss=8.6289 | VLoss=30.0240 | AP@50=0.2860 | SliceAP=0.6139 | EMA_SliceAP=0.6548
  Epoch  25/35 | LR=1.03e-04 | TLoss=8.0602 | VLoss=30.6589 | AP@50=0.2635 | SliceAP=0.6535 | EMA_SliceAP=0.6544
  Epoch  26/35 | LR=8.88e-05 | TLoss=7.1882 | VLoss=30.8583 | AP@50=0.2998 | SliceAP=0.6337 | EMA_SliceAP=0.6482
  [Early stop at epoch 26, best EMA SliceAP=0.6744]
  [Checkpoints] top-3 saved → /fs01/home/dhaneshr/code/obj-det-test/checkpoints/hparam_v6/trial_0102/swa_manifest.yaml

[Trial 129] lr=5.59e-04  wd=2.02e-03  stride=10  bs=8  mosaic=0.70  ls=0.099  clahe=True  ssr=False  rbc=False  median=False(limit=7)  speckle=False(medium)  cp_p=0.26
ScanAwareSampler: 13 scans, 2306 total slices, stride=10 → ~236 slices/epoch (10% of training set per epoch)
  Epoch   1/35 | LR=5.59e-05 | TLoss=173.4270 | VLoss=165.9660 | AP@50=0.0009 | SliceAP=0.3861 | EMA_SliceAP=0.3861
  Epoch   2/35 | LR=1.19e-04 | TLoss=86.4170 | VLoss=97.9665 | AP@50=0.0005 | SliceAP=0.3366 | EMA_SliceAP=0.3713
  Epoch   3/35 | LR=1.82e-04 | TLoss=37.1081 | VLoss=50.8585 | AP@50=0.0000 | SliceAP=0.0099 | EMA_SliceAP=0.2629
  Epoch   4/35 | LR=2.45e-04 | TLoss=25.5706 | VLoss=42.3801 | AP@50=0.0003 | SliceAP=0.0297 | EMA_SliceAP=0.1929
  Epoch   5/35 | LR=3.08e-04 | TLoss=24.7696 | VLoss=38.7202 | AP@50=0.0044 | SliceAP=0.2376 | EMA_SliceAP=0.2063
  Epoch   6/35 | LR=3.71e-04 | TLoss=20.3186 | VLoss=39.8212 | AP@50=0.1114 | SliceAP=0.3564 | EMA_SliceAP=0.2514
  Epoch   7/35 | LR=4.33e-04 | TLoss=19.1377 | VLoss=37.8404 | AP@50=0.0367 | SliceAP=0.4257 | EMA_SliceAP=0.3037
  Epoch   8/35 | LR=4.96e-04 | TLoss=16.3176 | VLoss=39.0749 | AP@50=0.1011 | SliceAP=0.5446 | EMA_SliceAP=0.3759
  Epoch   9/35 | LR=5.59e-04 | TLoss=15.7752 | VLoss=34.6391 | AP@50=0.1307 | SliceAP=0.4356 | EMA_SliceAP=0.3939
  Epoch  10/35 | LR=5.57e-04 | TLoss=13.5936 | VLoss=39.2473 | AP@50=0.1901 | SliceAP=0.3960 | EMA_SliceAP=0.3945
  [Pruned at epoch 10]

[Trial 140] lr=2.01e-04  wd=1.62e-03  stride=7  bs=8  mosaic=0.63  ls=0.018  clahe=False  ssr=True  rbc=True  median=True(limit=7)  speckle=True(heavy)  cp_p=0.58
ScanAwareSampler: 13 scans, 2306 total slices, stride=7 → ~336 slices/epoch (15% of training set per epoch)
  Epoch   1/35 | LR=2.01e-05 | TLoss=183.2277 | VLoss=209.9338 | AP@50=0.0005 | SliceAP=0.3366 | EMA_SliceAP=0.3366
  Epoch   2/35 | LR=4.27e-05 | TLoss=126.4300 | VLoss=109.7693 | AP@50=0.0000 | SliceAP=0.6238 | EMA_SliceAP=0.4228
  Epoch   3/35 | LR=6.54e-05 | TLoss=48.7760 | VLoss=58.5843 | AP@50=0.0000 | SliceAP=0.5050 | EMA_SliceAP=0.4474
  Epoch   4/35 | LR=8.80e-05 | TLoss=32.2577 | VLoss=47.8416 | AP@50=0.0000 | SliceAP=0.4752 | EMA_SliceAP=0.4558
  Epoch   5/35 | LR=1.11e-04 | TLoss=29.8220 | VLoss=44.7996 | AP@50=0.0000 | SliceAP=0.1980 | EMA_SliceAP=0.3784
  Epoch   6/35 | LR=1.33e-04 | TLoss=27.0688 | VLoss=39.2063 | AP@50=0.0001 | SliceAP=0.0792 | EMA_SliceAP=0.2887
  Epoch   7/35 | LR=1.56e-04 | TLoss=25.9396 | VLoss=39.9238 | AP@50=0.0002 | SliceAP=0.1386 | EMA_SliceAP=0.2437
  Epoch   8/35 | LR=1.78e-04 | TLoss=23.4939 | VLoss=43.4156 | AP@50=0.0005 | SliceAP=0.4356 | EMA_SliceAP=0.3013
  Epoch   9/35 | LR=2.01e-04 | TLoss=21.9968 | VLoss=38.9088 | AP@50=0.0044 | SliceAP=0.4455 | EMA_SliceAP=0.3445
  Epoch  10/35 | LR=2.00e-04 | TLoss=19.5305 | VLoss=40.2691 | AP@50=0.0074 | SliceAP=0.5446 | EMA_SliceAP=0.4045
  Epoch  11/35 | LR=1.99e-04 | TLoss=17.4470 | VLoss=34.2800 | AP@50=0.0398 | SliceAP=0.6139 | EMA_SliceAP=0.4673
  Epoch  12/35 | LR=1.95e-04 | TLoss=15.5097 | VLoss=38.3213 | AP@50=0.1456 | SliceAP=0.5644 | EMA_SliceAP=0.4964
  Epoch  13/35 | LR=1.91e-04 | TLoss=12.4908 | VLoss=37.6817 | AP@50=0.0915 | SliceAP=0.4851 | EMA_SliceAP=0.4931
  Epoch  14/35 | LR=1.85e-04 | TLoss=12.3707 | VLoss=37.5903 | AP@50=0.1235 | SliceAP=0.4950 | EMA_SliceAP=0.4937
  Epoch  15/35 | LR=1.79e-04 | TLoss=12.6797 | VLoss=35.0242 | AP@50=0.2735 | SliceAP=0.6733 | EMA_SliceAP=0.5475
  Epoch  16/35 | LR=1.71e-04 | TLoss=10.7837 | VLoss=33.9103 | AP@50=0.1670 | SliceAP=0.6238 | EMA_SliceAP=0.5704
  Epoch  17/35 | LR=1.63e-04 | TLoss=9.8304 | VLoss=31.8599 | AP@50=0.1940 | SliceAP=0.6634 | EMA_SliceAP=0.5983
  Epoch  18/35 | LR=1.53e-04 | TLoss=9.0793 | VLoss=31.4119 | AP@50=0.1858 | SliceAP=0.7228 | EMA_SliceAP=0.6356
  Epoch  19/35 | LR=1.43e-04 | TLoss=8.4185 | VLoss=34.5361 | AP@50=0.1865 | SliceAP=0.6139 | EMA_SliceAP=0.6291
  Epoch  20/35 | LR=1.33e-04 | TLoss=8.6257 | VLoss=29.4398 | AP@50=0.3474 | SliceAP=0.6436 | EMA_SliceAP=0.6334
  Epoch  21/35 | LR=1.22e-04 | TLoss=7.9833 | VLoss=35.0997 | AP@50=0.3173 | SliceAP=0.6535 | EMA_SliceAP=0.6394
  Epoch  22/35 | LR=1.11e-04 | TLoss=7.3729 | VLoss=33.3364 | AP@50=0.2243 | SliceAP=0.5743 | EMA_SliceAP=0.6199
  Epoch  23/35 | LR=1.00e-04 | TLoss=8.0547 | VLoss=32.9537 | AP@50=0.1875 | SliceAP=0.6634 | EMA_SliceAP=0.6329
  Epoch  24/35 | LR=8.90e-05 | TLoss=8.1492 | VLoss=31.5236 | AP@50=0.1391 | SliceAP=0.6634 | EMA_SliceAP=0.6421
  Epoch  25/35 | LR=7.82e-05 | TLoss=7.6620 | VLoss=33.1723 | AP@50=0.2090 | SliceAP=0.6535 | EMA_SliceAP=0.6455
  Epoch  26/35 | LR=6.77e-05 | TLoss=7.1169 | VLoss=33.3361 | AP@50=0.2521 | SliceAP=0.5941 | EMA_SliceAP=0.6301
  Epoch  27/35 | LR=5.78e-05 | TLoss=6.9435 | VLoss=31.3406 | AP@50=0.2013 | SliceAP=0.6337 | EMA_SliceAP=0.6311
  Epoch  28/35 | LR=4.85e-05 | TLoss=6.8201 | VLoss=32.6900 | AP@50=0.2218 | SliceAP=0.6040 | EMA_SliceAP=0.6230
  Epoch  29/35 | LR=4.00e-05 | TLoss=6.3404 | VLoss=32.0404 | AP@50=0.2225 | SliceAP=0.5743 | EMA_SliceAP=0.6084
  Epoch  30/35 | LR=3.24e-05 | TLoss=6.4964 | VLoss=31.1080 | AP@50=0.2150 | SliceAP=0.6040 | EMA_SliceAP=0.6070
  [Pruned at epoch 30]

[Trial 176] lr=2.38e-04  wd=5.02e-04  stride=10  bs=16  mosaic=0.45  ls=0.142  clahe=True  ssr=True  rbc=False  median=True(limit=5)  speckle=False(medium)  cp_p=0.61
ScanAwareSampler: 13 scans, 2306 total slices, stride=10 → ~236 slices/epoch (10% of training set per epoch)
  Epoch   1/35 | LR=2.38e-05 | TLoss=194.6141 | VLoss=206.6353 | AP@50=0.0005 | SliceAP=0.1881 | EMA_SliceAP=0.1881
  Epoch   2/35 | LR=5.07e-05 | TLoss=165.9671 | VLoss=146.8815 | AP@50=0.0005 | SliceAP=0.2277 | EMA_SliceAP=0.2000
  Epoch   3/35 | LR=7.75e-05 | TLoss=114.5573 | VLoss=106.3590 | AP@50=0.0001 | SliceAP=0.6238 | EMA_SliceAP=0.3271
  Epoch   4/35 | LR=1.04e-04 | TLoss=62.5129 | VLoss=71.7213 | AP@50=0.0000 | SliceAP=0.4356 | EMA_SliceAP=0.3597
  Epoch   5/35 | LR=1.31e-04 | TLoss=40.7747 | VLoss=50.0432 | AP@50=0.0002 | SliceAP=0.5347 | EMA_SliceAP=0.4122
  Epoch   6/35 | LR=1.58e-04 | TLoss=34.9017 | VLoss=44.7442 | AP@50=0.0013 | SliceAP=0.5149 | EMA_SliceAP=0.4430
  Epoch   7/35 | LR=1.85e-04 | TLoss=35.5615 | VLoss=42.3443 | AP@50=0.0013 | SliceAP=0.5545 | EMA_SliceAP=0.4764
  Epoch   8/35 | LR=2.12e-04 | TLoss=33.6060 | VLoss=43.3413 | AP@50=0.0002 | SliceAP=0.2178 | EMA_SliceAP=0.3988
  Epoch   9/35 | LR=2.38e-04 | TLoss=30.3984 | VLoss=38.5251 | AP@50=0.0000 | SliceAP=0.0297 | EMA_SliceAP=0.2881
  Epoch  10/35 | LR=2.38e-04 | TLoss=25.8050 | VLoss=37.8724 | AP@50=0.0000 | SliceAP=0.1485 | EMA_SliceAP=0.2462
  [Pruned at epoch 10]

[Trial 192] lr=6.56e-04  wd=1.66e-04  stride=7  bs=16  mosaic=0.56  ls=0.013  clahe=False  ssr=True  rbc=True  median=True(limit=5)  speckle=True(heavy)  cp_p=0.53
ScanAwareSampler: 13 scans, 2306 total slices, stride=7 → ~336 slices/epoch (15% of training set per epoch)
  Epoch   1/35 | LR=6.56e-05 | TLoss=179.5177 | VLoss=165.5964 | AP@50=0.0004 | SliceAP=0.1881 | EMA_SliceAP=0.1881
  Epoch   2/35 | LR=1.39e-04 | TLoss=88.4499 | VLoss=103.7153 | AP@50=0.0007 | SliceAP=0.5743 | EMA_SliceAP=0.3040
  Epoch   3/35 | LR=2.13e-04 | TLoss=44.1268 | VLoss=56.9717 | AP@50=0.0002 | SliceAP=0.2673 | EMA_SliceAP=0.2930
  Epoch   4/35 | LR=2.87e-04 | TLoss=32.3281 | VLoss=42.2721 | AP@50=0.0001 | SliceAP=0.0198 | EMA_SliceAP=0.2110
  Epoch   5/35 | LR=3.61e-04 | TLoss=26.8609 | VLoss=40.9469 | AP@50=0.0001 | SliceAP=0.0297 | EMA_SliceAP=0.1566
  Epoch   6/35 | LR=4.35e-04 | TLoss=25.8242 | VLoss=40.0545 | AP@50=0.0707 | SliceAP=0.4752 | EMA_SliceAP=0.2522
  Epoch   7/35 | LR=5.09e-04 | TLoss=23.2353 | VLoss=34.5800 | AP@50=0.0512 | SliceAP=0.4158 | EMA_SliceAP=0.3013
  Epoch   8/35 | LR=5.82e-04 | TLoss=21.1707 | VLoss=32.6870 | AP@50=0.1190 | SliceAP=0.6238 | EMA_SliceAP=0.3980
  Epoch   9/35 | LR=6.56e-04 | TLoss=20.4132 | VLoss=36.0780 | AP@50=0.1240 | SliceAP=0.5050 | EMA_SliceAP=0.4301
  Epoch  10/35 | LR=6.54e-04 | TLoss=17.2929 | VLoss=39.1923 | AP@50=0.1228 | SliceAP=0.5050 | EMA_SliceAP=0.4526
  Epoch  11/35 | LR=6.47e-04 | TLoss=14.8748 | VLoss=45.5332 | AP@50=0.3033 | SliceAP=0.7327 | EMA_SliceAP=0.5366
  Epoch  12/35 | LR=6.37e-04 | TLoss=14.3757 | VLoss=38.5046 | AP@50=0.2866 | SliceAP=0.7129 | EMA_SliceAP=0.5895
  Epoch  13/35 | LR=6.22e-04 | TLoss=11.8620 | VLoss=32.0097 | AP@50=0.2627 | SliceAP=0.7426 | EMA_SliceAP=0.6354
  Epoch  14/35 | LR=6.03e-04 | TLoss=11.7032 | VLoss=35.0137 | AP@50=0.2282 | SliceAP=0.5644 | EMA_SliceAP=0.6141
  Epoch  15/35 | LR=5.81e-04 | TLoss=11.7331 | VLoss=37.3931 | AP@50=0.3059 | SliceAP=0.7624 | EMA_SliceAP=0.6586
  Epoch  16/35 | LR=5.55e-04 | TLoss=10.9404 | VLoss=37.6730 | AP@50=0.2263 | SliceAP=0.5644 | EMA_SliceAP=0.6303
  Epoch  17/35 | LR=5.26e-04 | TLoss=10.4892 | VLoss=43.0601 | AP@50=0.2772 | SliceAP=0.5842 | EMA_SliceAP=0.6165
  Epoch  18/35 | LR=4.95e-04 | TLoss=9.7548 | VLoss=37.5941 | AP@50=0.2499 | SliceAP=0.6436 | EMA_SliceAP=0.6246
  Epoch  19/35 | LR=4.61e-04 | TLoss=9.7789 | VLoss=40.3042 | AP@50=0.2941 | SliceAP=0.6238 | EMA_SliceAP=0.6243
  Epoch  20/35 | LR=4.26e-04 | TLoss=9.5041 | VLoss=31.5331 | AP@50=0.3940 | SliceAP=0.6931 | EMA_SliceAP=0.6450
  Epoch  21/35 | LR=3.89e-04 | TLoss=8.7406 | VLoss=32.5816 | AP@50=0.2641 | SliceAP=0.6040 | EMA_SliceAP=0.6327
  Epoch  22/35 | LR=3.52e-04 | TLoss=7.9761 | VLoss=31.0524 | AP@50=0.3452 | SliceAP=0.7030 | EMA_SliceAP=0.6538
  Epoch  23/35 | LR=3.14e-04 | TLoss=8.0444 | VLoss=35.5137 | AP@50=0.3197 | SliceAP=0.6535 | EMA_SliceAP=0.6537
  [Early stop at epoch 23, best EMA SliceAP=0.6586]
  [Checkpoints] top-3 saved → /fs01/home/dhaneshr/code/obj-det-test/checkpoints/hparam_v6/trial_0192/swa_manifest.yaml

[Trial 212] lr=2.99e-04  wd=4.25e-02  stride=7  bs=8  mosaic=0.38  ls=0.136  clahe=True  ssr=True  rbc=False  median=True(limit=7)  speckle=False(heavy)  cp_p=0.51
ScanAwareSampler: 13 scans, 2306 total slices, stride=7 → ~336 slices/epoch (15% of training set per epoch)
  Epoch   1/35 | LR=2.99e-05 | TLoss=182.7171 | VLoss=157.6274 | AP@50=0.0002 | SliceAP=0.2673 | EMA_SliceAP=0.2673
  Epoch   2/35 | LR=6.35e-05 | TLoss=96.3132 | VLoss=73.8259 | AP@50=0.0001 | SliceAP=0.5446 | EMA_SliceAP=0.3505
  Epoch   3/35 | LR=9.71e-05 | TLoss=40.0474 | VLoss=47.3361 | AP@50=0.0001 | SliceAP=0.5446 | EMA_SliceAP=0.4087
  Epoch   4/35 | LR=1.31e-04 | TLoss=34.3233 | VLoss=49.5819 | AP@50=0.0000 | SliceAP=0.4950 | EMA_SliceAP=0.4346
  Epoch   5/35 | LR=1.64e-04 | TLoss=31.3546 | VLoss=37.5790 | AP@50=0.0016 | SliceAP=0.2376 | EMA_SliceAP=0.3755
  Epoch   6/35 | LR=1.98e-04 | TLoss=28.1250 | VLoss=35.7805 | AP@50=0.0005 | SliceAP=0.0297 | EMA_SliceAP=0.2718
  Epoch   7/35 | LR=2.32e-04 | TLoss=25.7577 | VLoss=38.1684 | AP@50=0.0115 | SliceAP=0.5644 | EMA_SliceAP=0.3595
  Epoch   8/35 | LR=2.65e-04 | TLoss=23.4593 | VLoss=33.2884 | AP@50=0.1475 | SliceAP=0.6139 | EMA_SliceAP=0.4358
  Epoch   9/35 | LR=2.99e-04 | TLoss=22.4798 | VLoss=34.8092 | AP@50=0.0474 | SliceAP=0.6139 | EMA_SliceAP=0.4892
  Epoch  10/35 | LR=2.98e-04 | TLoss=19.6211 | VLoss=34.3243 | AP@50=0.1389 | SliceAP=0.4356 | EMA_SliceAP=0.4732
  [Pruned at epoch 10]

[Trial 223] lr=4.20e-04  wd=1.20e-04  stride=7  bs=16  mosaic=0.52  ls=0.074  clahe=False  ssr=True  rbc=True  median=True(limit=5)  speckle=True(heavy)  cp_p=0.56
ScanAwareSampler: 13 scans, 2306 total slices, stride=7 → ~336 slices/epoch (15% of training set per epoch)
  Epoch   1/35 | LR=4.20e-05 | TLoss=187.5394 | VLoss=180.2991 | AP@50=0.0004 | SliceAP=0.1782 | EMA_SliceAP=0.1782
  Epoch   2/35 | LR=8.93e-05 | TLoss=133.2957 | VLoss=137.3813 | AP@50=0.0025 | SliceAP=0.8020 | EMA_SliceAP=0.3653
  Epoch   3/35 | LR=1.37e-04 | TLoss=67.4745 | VLoss=88.0631 | AP@50=0.0003 | SliceAP=0.3564 | EMA_SliceAP=0.3627
  Epoch   4/35 | LR=1.84e-04 | TLoss=38.5216 | VLoss=49.6943 | AP@50=0.0004 | SliceAP=0.2178 | EMA_SliceAP=0.3192
  Epoch   5/35 | LR=2.31e-04 | TLoss=29.4614 | VLoss=38.1731 | AP@50=0.0004 | SliceAP=0.0792 | EMA_SliceAP=0.2472
  Epoch   6/35 | LR=2.78e-04 | TLoss=26.1541 | VLoss=39.4904 | AP@50=0.0040 | SliceAP=0.1881 | EMA_SliceAP=0.2295
  Epoch   7/35 | LR=3.26e-04 | TLoss=25.0624 | VLoss=36.6622 | AP@50=0.0299 | SliceAP=0.3366 | EMA_SliceAP=0.2616
  Epoch   8/35 | LR=3.73e-04 | TLoss=23.8706 | VLoss=36.6478 | AP@50=0.1714 | SliceAP=0.3069 | EMA_SliceAP=0.2752
  Epoch   9/35 | LR=4.20e-04 | TLoss=20.4257 | VLoss=38.4590 | AP@50=0.0476 | SliceAP=0.4059 | EMA_SliceAP=0.3144
  Epoch  10/35 | LR=4.19e-04 | TLoss=20.4567 | VLoss=36.0949 | AP@50=0.0773 | SliceAP=0.5644 | EMA_SliceAP=0.3894
  Epoch  11/35 | LR=4.15e-04 | TLoss=17.7774 | VLoss=33.3221 | AP@50=0.0879 | SliceAP=0.5644 | EMA_SliceAP=0.4419
  Epoch  12/35 | LR=4.08e-04 | TLoss=15.2086 | VLoss=33.4038 | AP@50=0.2061 | SliceAP=0.6832 | EMA_SliceAP=0.5143
  Epoch  13/35 | LR=3.99e-04 | TLoss=14.4189 | VLoss=39.5128 | AP@50=0.1940 | SliceAP=0.3861 | EMA_SliceAP=0.4758
  Epoch  14/35 | LR=3.87e-04 | TLoss=14.1199 | VLoss=33.8816 | AP@50=0.1311 | SliceAP=0.5644 | EMA_SliceAP=0.5024
  Epoch  15/35 | LR=3.72e-04 | TLoss=12.2743 | VLoss=35.3671 | AP@50=0.0886 | SliceAP=0.4455 | EMA_SliceAP=0.4853
  Epoch  16/35 | LR=3.56e-04 | TLoss=12.2105 | VLoss=29.2317 | AP@50=0.2289 | SliceAP=0.6139 | EMA_SliceAP=0.5239
  Epoch  17/35 | LR=3.38e-04 | TLoss=12.3944 | VLoss=32.4940 | AP@50=0.1292 | SliceAP=0.6238 | EMA_SliceAP=0.5539
  Epoch  18/35 | LR=3.18e-04 | TLoss=11.2475 | VLoss=31.6186 | AP@50=0.2230 | SliceAP=0.6436 | EMA_SliceAP=0.5808
  Epoch  19/35 | LR=2.96e-04 | TLoss=10.0420 | VLoss=33.6894 | AP@50=0.2460 | SliceAP=0.6634 | EMA_SliceAP=0.6055
  Epoch  20/35 | LR=2.74e-04 | TLoss=10.0237 | VLoss=27.6403 | AP@50=0.4065 | SliceAP=0.7525 | EMA_SliceAP=0.6496
  Epoch  21/35 | LR=2.51e-04 | TLoss=9.9217 | VLoss=30.0391 | AP@50=0.3568 | SliceAP=0.6436 | EMA_SliceAP=0.6478
  Epoch  22/35 | LR=2.27e-04 | TLoss=9.1908 | VLoss=32.3684 | AP@50=0.3229 | SliceAP=0.6436 | EMA_SliceAP=0.6465
  Epoch  23/35 | LR=2.03e-04 | TLoss=8.9709 | VLoss=30.4758 | AP@50=0.2684 | SliceAP=0.6535 | EMA_SliceAP=0.6486
  Epoch  24/35 | LR=1.80e-04 | TLoss=8.6341 | VLoss=31.6216 | AP@50=0.2922 | SliceAP=0.6337 | EMA_SliceAP=0.6441
  Epoch  25/35 | LR=1.56e-04 | TLoss=7.8256 | VLoss=31.9997 | AP@50=0.3462 | SliceAP=0.6832 | EMA_SliceAP=0.6558
  Epoch  26/35 | LR=1.34e-04 | TLoss=9.7279 | VLoss=30.4738 | AP@50=0.3203 | SliceAP=0.6733 | EMA_SliceAP=0.6611
  Epoch  27/35 | LR=1.13e-04 | TLoss=8.4603 | VLoss=32.0402 | AP@50=0.3280 | SliceAP=0.6634 | EMA_SliceAP=0.6618
  Epoch  28/35 | LR=9.27e-05 | TLoss=7.3729 | VLoss=31.8184 | AP@50=0.2994 | SliceAP=0.6436 | EMA_SliceAP=0.6563
  Epoch  29/35 | LR=7.44e-05 | TLoss=7.3456 | VLoss=31.6387 | AP@50=0.2964 | SliceAP=0.6733 | EMA_SliceAP=0.6614
  Epoch  30/35 | LR=5.80e-05 | TLoss=6.9216 | VLoss=32.7785 | AP@50=0.2601 | SliceAP=0.6634 | EMA_SliceAP=0.6620
  [Pruned at epoch 30]

[Trial 253] lr=2.61e-04  wd=2.54e-04  stride=7  bs=8  mosaic=0.62  ls=0.033  clahe=True  ssr=True  rbc=False  median=True(limit=5)  speckle=False(heavy)  cp_p=0.51
ScanAwareSampler: 13 scans, 2306 total slices, stride=7 → ~336 slices/epoch (15% of training set per epoch)
  Epoch   1/35 | LR=2.61e-05 | TLoss=171.5264 | VLoss=162.8017 | AP@50=0.0002 | SliceAP=0.3465 | EMA_SliceAP=0.3465
  Epoch   2/35 | LR=5.54e-05 | TLoss=100.6166 | VLoss=120.6179 | AP@50=0.0004 | SliceAP=0.4257 | EMA_SliceAP=0.3703
  Epoch   3/35 | LR=8.48e-05 | TLoss=48.3865 | VLoss=70.5405 | AP@50=0.0002 | SliceAP=0.2475 | EMA_SliceAP=0.3335
  Epoch   4/35 | LR=1.14e-04 | TLoss=33.0671 | VLoss=49.7629 | AP@50=0.0000 | SliceAP=0.0198 | EMA_SliceAP=0.2394
  Epoch   5/35 | LR=1.44e-04 | TLoss=27.6485 | VLoss=39.5211 | AP@50=0.0005 | SliceAP=0.0693 | EMA_SliceAP=0.1883
  Epoch   6/35 | LR=1.73e-04 | TLoss=26.1806 | VLoss=36.9710 | AP@50=0.0031 | SliceAP=0.0891 | EMA_SliceAP=0.1586
  Epoch   7/35 | LR=2.02e-04 | TLoss=22.5344 | VLoss=37.0170 | AP@50=0.0030 | SliceAP=0.1584 | EMA_SliceAP=0.1585
  Epoch   8/35 | LR=2.32e-04 | TLoss=22.3964 | VLoss=41.3445 | AP@50=0.0593 | SliceAP=0.4851 | EMA_SliceAP=0.2565
  Epoch   9/35 | LR=2.61e-04 | TLoss=20.7551 | VLoss=38.7751 | AP@50=0.0166 | SliceAP=0.4752 | EMA_SliceAP=0.3221
  Epoch  10/35 | LR=2.60e-04 | TLoss=18.9443 | VLoss=35.5105 | AP@50=0.0629 | SliceAP=0.6139 | EMA_SliceAP=0.4097
  Epoch  11/35 | LR=2.58e-04 | TLoss=16.7407 | VLoss=37.0793 | AP@50=0.2631 | SliceAP=0.5149 | EMA_SliceAP=0.4412
  Epoch  12/35 | LR=2.53e-04 | TLoss=14.7334 | VLoss=35.1248 | AP@50=0.2817 | SliceAP=0.6436 | EMA_SliceAP=0.5019
  Epoch  13/35 | LR=2.48e-04 | TLoss=12.4158 | VLoss=38.8341 | AP@50=0.2426 | SliceAP=0.6139 | EMA_SliceAP=0.5355
  Epoch  14/35 | LR=2.40e-04 | TLoss=12.0288 | VLoss=35.8747 | AP@50=0.3350 | SliceAP=0.7030 | EMA_SliceAP=0.5857
  Epoch  15/35 | LR=2.32e-04 | TLoss=11.8057 | VLoss=34.9478 | AP@50=0.3508 | SliceAP=0.7129 | EMA_SliceAP=0.6239
  Epoch  16/35 | LR=2.22e-04 | TLoss=10.2339 | VLoss=35.5650 | AP@50=0.3429 | SliceAP=0.6040 | EMA_SliceAP=0.6179
  Epoch  17/35 | LR=2.10e-04 | TLoss=10.2783 | VLoss=36.8033 | AP@50=0.3608 | SliceAP=0.7129 | EMA_SliceAP=0.6464
  Epoch  18/35 | LR=1.98e-04 | TLoss=9.5389 | VLoss=33.9727 | AP@50=0.4034 | SliceAP=0.6634 | EMA_SliceAP=0.6515
  Epoch  19/35 | LR=1.85e-04 | TLoss=9.1135 | VLoss=34.2877 | AP@50=0.3818 | SliceAP=0.5941 | EMA_SliceAP=0.6343
  Epoch  20/35 | LR=1.71e-04 | TLoss=8.7378 | VLoss=35.5038 | AP@50=0.2334 | SliceAP=0.6733 | EMA_SliceAP=0.6460
  Epoch  21/35 | LR=1.57e-04 | TLoss=8.0818 | VLoss=33.6149 | AP@50=0.3740 | SliceAP=0.6436 | EMA_SliceAP=0.6452
  Epoch  22/35 | LR=1.43e-04 | TLoss=7.5695 | VLoss=37.5843 | AP@50=0.3944 | SliceAP=0.6337 | EMA_SliceAP=0.6418
  Epoch  23/35 | LR=1.28e-04 | TLoss=7.8644 | VLoss=34.2018 | AP@50=0.3140 | SliceAP=0.6832 | EMA_SliceAP=0.6542
  Epoch  24/35 | LR=1.14e-04 | TLoss=7.3370 | VLoss=35.7525 | AP@50=0.3569 | SliceAP=0.6832 | EMA_SliceAP=0.6629
  Epoch  25/35 | LR=9.95e-05 | TLoss=7.2438 | VLoss=32.8285 | AP@50=0.3730 | SliceAP=0.6634 | EMA_SliceAP=0.6630
  Epoch  26/35 | LR=8.58e-05 | TLoss=6.7230 | VLoss=34.0295 | AP@50=0.2902 | SliceAP=0.6337 | EMA_SliceAP=0.6542
  Epoch  27/35 | LR=7.27e-05 | TLoss=7.0563 | VLoss=32.3080 | AP@50=0.3599 | SliceAP=0.6337 | EMA_SliceAP=0.6481
  Epoch  28/35 | LR=6.05e-05 | TLoss=6.5913 | VLoss=33.9877 | AP@50=0.3114 | SliceAP=0.6733 | EMA_SliceAP=0.6556
  Epoch  29/35 | LR=4.94e-05 | TLoss=6.5107 | VLoss=33.7116 | AP@50=0.3464 | SliceAP=0.6832 | EMA_SliceAP=0.6639
  Epoch  30/35 | LR=3.94e-05 | TLoss=6.7452 | VLoss=35.1142 | AP@50=0.2790 | SliceAP=0.6436 | EMA_SliceAP=0.6578
  [Pruned at epoch 30]

[Trial 280] lr=4.61e-04  wd=3.13e-04  stride=7  bs=16  mosaic=0.49  ls=0.147  clahe=True  ssr=True  rbc=False  median=True(limit=5)  speckle=False(heavy)  cp_p=0.52
ScanAwareSampler: 13 scans, 2306 total slices, stride=7 → ~336 slices/epoch (15% of training set per epoch)
  Epoch   1/35 | LR=4.61e-05 | TLoss=181.3188 | VLoss=160.6900 | AP@50=0.0004 | SliceAP=0.1881 | EMA_SliceAP=0.1881
  Epoch   2/35 | LR=9.79e-05 | TLoss=114.9627 | VLoss=113.0470 | AP@50=0.0001 | SliceAP=0.6832 | EMA_SliceAP=0.3366
  Epoch   3/35 | LR=1.50e-04 | TLoss=57.0548 | VLoss=66.9647 | AP@50=0.0000 | SliceAP=0.5248 | EMA_SliceAP=0.3931
  Epoch   4/35 | LR=2.02e-04 | TLoss=36.7526 | VLoss=44.5162 | AP@50=0.0005 | SliceAP=0.4554 | EMA_SliceAP=0.4118
  Epoch   5/35 | LR=2.53e-04 | TLoss=29.7804 | VLoss=37.9487 | AP@50=0.0018 | SliceAP=0.0297 | EMA_SliceAP=0.2972
  Epoch   6/35 | LR=3.05e-04 | TLoss=26.0096 | VLoss=34.0103 | AP@50=0.0023 | SliceAP=0.1683 | EMA_SliceAP=0.2585
  Epoch   7/35 | LR=3.57e-04 | TLoss=25.5995 | VLoss=38.4473 | AP@50=0.0102 | SliceAP=0.2871 | EMA_SliceAP=0.2671
  Epoch   8/35 | LR=4.09e-04 | TLoss=23.2436 | VLoss=37.0777 | AP@50=0.2008 | SliceAP=0.2970 | EMA_SliceAP=0.2761
  Epoch   9/35 | LR=4.61e-04 | TLoss=24.0377 | VLoss=37.4814 | AP@50=0.0419 | SliceAP=0.4752 | EMA_SliceAP=0.3358
  Epoch  10/35 | LR=4.59e-04 | TLoss=21.5973 | VLoss=33.4716 | AP@50=0.2019 | SliceAP=0.6040 | EMA_SliceAP=0.4163
  Epoch  11/35 | LR=4.55e-04 | TLoss=18.7826 | VLoss=34.4449 | AP@50=0.1386 | SliceAP=0.6040 | EMA_SliceAP=0.4726
  Epoch  12/35 | LR=4.47e-04 | TLoss=17.1320 | VLoss=31.2597 | AP@50=0.2952 | SliceAP=0.6535 | EMA_SliceAP=0.5268
  Epoch  13/35 | LR=4.37e-04 | TLoss=16.0278 | VLoss=35.0460 | AP@50=0.1795 | SliceAP=0.6139 | EMA_SliceAP=0.5529
  Epoch  14/35 | LR=4.24e-04 | TLoss=13.6009 | VLoss=34.3435 | AP@50=0.3269 | SliceAP=0.6535 | EMA_SliceAP=0.5831
  Epoch  15/35 | LR=4.08e-04 | TLoss=13.9085 | VLoss=27.8787 | AP@50=0.3618 | SliceAP=0.6436 | EMA_SliceAP=0.6012
  Epoch  16/35 | LR=3.90e-04 | TLoss=12.8015 | VLoss=33.5102 | AP@50=0.2480 | SliceAP=0.6040 | EMA_SliceAP=0.6021
  Epoch  17/35 | LR=3.70e-04 | TLoss=11.7954 | VLoss=36.0610 | AP@50=0.3170 | SliceAP=0.6436 | EMA_SliceAP=0.6145
  Epoch  18/35 | LR=3.48e-04 | TLoss=11.3401 | VLoss=28.3052 | AP@50=0.3284 | SliceAP=0.7030 | EMA_SliceAP=0.6410
  Epoch  19/35 | LR=3.25e-04 | TLoss=10.8480 | VLoss=29.7787 | AP@50=0.1677 | SliceAP=0.6832 | EMA_SliceAP=0.6537
  Epoch  20/35 | LR=3.00e-04 | TLoss=9.8893 | VLoss=30.6712 | AP@50=0.3796 | SliceAP=0.7030 | EMA_SliceAP=0.6685
  Epoch  21/35 | LR=2.74e-04 | TLoss=10.2949 | VLoss=31.4219 | AP@50=0.3192 | SliceAP=0.7030 | EMA_SliceAP=0.6788
  Epoch  22/35 | LR=2.48e-04 | TLoss=9.1863 | VLoss=31.1485 | AP@50=0.4232 | SliceAP=0.7030 | EMA_SliceAP=0.6861
  Epoch  23/35 | LR=2.22e-04 | TLoss=9.1718 | VLoss=30.0468 | AP@50=0.3594 | SliceAP=0.6931 | EMA_SliceAP=0.6882
  Epoch  24/35 | LR=1.96e-04 | TLoss=9.1104 | VLoss=32.2474 | AP@50=0.3196 | SliceAP=0.6832 | EMA_SliceAP=0.6867
  Epoch  25/35 | LR=1.71e-04 | TLoss=8.2637 | VLoss=33.1271 | AP@50=0.2702 | SliceAP=0.6337 | EMA_SliceAP=0.6708
  Epoch  26/35 | LR=1.46e-04 | TLoss=7.8868 | VLoss=32.4080 | AP@50=0.2499 | SliceAP=0.6139 | EMA_SliceAP=0.6537
  Epoch  27/35 | LR=1.23e-04 | TLoss=7.9128 | VLoss=30.0658 | AP@50=0.3671 | SliceAP=0.7030 | EMA_SliceAP=0.6685
  Epoch  28/35 | LR=1.01e-04 | TLoss=7.0833 | VLoss=31.4309 | AP@50=0.3294 | SliceAP=0.6436 | EMA_SliceAP=0.6610
  Epoch  29/35 | LR=8.07e-05 | TLoss=7.5312 | VLoss=30.9038 | AP@50=0.2985 | SliceAP=0.6436 | EMA_SliceAP=0.6558
  Epoch  30/35 | LR=6.27e-05 | TLoss=7.2225 | VLoss=32.4521 | AP@50=0.2748 | SliceAP=0.6535 | EMA_SliceAP=0.6551
  [Pruned at epoch 30]

[Trial 303] lr=3.90e-04  wd=1.72e-04  stride=7  bs=16  mosaic=0.56  ls=0.061  clahe=False  ssr=True  rbc=True  median=True(limit=5)  speckle=True(light)  cp_p=0.67
ScanAwareSampler: 13 scans, 2306 total slices, stride=7 → ~336 slices/epoch (15% of training set per epoch)
  Epoch   1/35 | LR=3.90e-05 | TLoss=182.8189 | VLoss=182.6533 | AP@50=0.0001 | SliceAP=0.1881 | EMA_SliceAP=0.1881
  Epoch   2/35 | LR=8.29e-05 | TLoss=121.8347 | VLoss=95.7137 | AP@50=0.0000 | SliceAP=0.5050 | EMA_SliceAP=0.2832
  Epoch   3/35 | LR=1.27e-04 | TLoss=48.2166 | VLoss=51.1439 | AP@50=0.0000 | SliceAP=0.5149 | EMA_SliceAP=0.3527
  Epoch   4/35 | LR=1.71e-04 | TLoss=32.7570 | VLoss=45.2973 | AP@50=0.0001 | SliceAP=0.5644 | EMA_SliceAP=0.4162
  Epoch   5/35 | LR=2.14e-04 | TLoss=30.8418 | VLoss=44.2352 | AP@50=0.0001 | SliceAP=0.1881 | EMA_SliceAP=0.3478
  Epoch   6/35 | LR=2.58e-04 | TLoss=27.6781 | VLoss=44.7861 | AP@50=0.0001 | SliceAP=0.2277 | EMA_SliceAP=0.3117
  Epoch   7/35 | LR=3.02e-04 | TLoss=25.5466 | VLoss=39.0274 | AP@50=0.0002 | SliceAP=0.0990 | EMA_SliceAP=0.2479
  Epoch   8/35 | LR=3.46e-04 | TLoss=24.6080 | VLoss=39.0900 | AP@50=0.0015 | SliceAP=0.4455 | EMA_SliceAP=0.3072
  Epoch   9/35 | LR=3.90e-04 | TLoss=23.1059 | VLoss=37.3212 | AP@50=0.0016 | SliceAP=0.3762 | EMA_SliceAP=0.3279
  Epoch  10/35 | LR=3.89e-04 | TLoss=21.1408 | VLoss=36.2388 | AP@50=0.0023 | SliceAP=0.4455 | EMA_SliceAP=0.3632
  Epoch  11/35 | LR=3.85e-04 | TLoss=20.3372 | VLoss=34.7653 | AP@50=0.0028 | SliceAP=0.5149 | EMA_SliceAP=0.4087
  Epoch  12/35 | LR=3.79e-04 | TLoss=16.1554 | VLoss=31.7198 | AP@50=0.0026 | SliceAP=0.5347 | EMA_SliceAP=0.4465
  Epoch  13/35 | LR=3.70e-04 | TLoss=15.8998 | VLoss=34.6627 | AP@50=0.0046 | SliceAP=0.6634 | EMA_SliceAP=0.5116
  Epoch  14/35 | LR=3.59e-04 | TLoss=13.2080 | VLoss=35.0394 | AP@50=0.0021 | SliceAP=0.3960 | EMA_SliceAP=0.4769
  Epoch  15/35 | LR=3.46e-04 | TLoss=12.9185 | VLoss=31.8984 | AP@50=0.0026 | SliceAP=0.5545 | EMA_SliceAP=0.5002
  Epoch  16/35 | LR=3.30e-04 | TLoss=11.6779 | VLoss=30.6327 | AP@50=0.0030 | SliceAP=0.5842 | EMA_SliceAP=0.5254
  Epoch  17/35 | LR=3.13e-04 | TLoss=11.7671 | VLoss=33.9165 | AP@50=0.0047 | SliceAP=0.6436 | EMA_SliceAP=0.5608
  Epoch  18/35 | LR=2.95e-04 | TLoss=11.4248 | VLoss=32.8359 | AP@50=0.0031 | SliceAP=0.5941 | EMA_SliceAP=0.5708
  Epoch  19/35 | LR=2.75e-04 | TLoss=10.9879 | VLoss=35.4705 | AP@50=0.0032 | SliceAP=0.5644 | EMA_SliceAP=0.5689
  Epoch  20/35 | LR=2.54e-04 | TLoss=9.9918 | VLoss=32.4850 | AP@50=0.0029 | SliceAP=0.6139 | EMA_SliceAP=0.5824
  Epoch  21/35 | LR=2.33e-04 | TLoss=9.7267 | VLoss=31.6333 | AP@50=0.0032 | SliceAP=0.6139 | EMA_SliceAP=0.5918
  Epoch  22/35 | LR=2.11e-04 | TLoss=9.1154 | VLoss=30.5120 | AP@50=0.0035 | SliceAP=0.6634 | EMA_SliceAP=0.6133
  Epoch  23/35 | LR=1.89e-04 | TLoss=9.5194 | VLoss=33.2232 | AP@50=0.0158 | SliceAP=0.6634 | EMA_SliceAP=0.6283
  Epoch  24/35 | LR=1.67e-04 | TLoss=8.6820 | VLoss=34.9935 | AP@50=0.0124 | SliceAP=0.4950 | EMA_SliceAP=0.5883
  Epoch  25/35 | LR=1.45e-04 | TLoss=8.5074 | VLoss=31.9425 | AP@50=0.0104 | SliceAP=0.5842 | EMA_SliceAP=0.5871
  Epoch  26/35 | LR=1.25e-04 | TLoss=8.0518 | VLoss=30.4897 | AP@50=0.0173 | SliceAP=0.5446 | EMA_SliceAP=0.5743
  Epoch  27/35 | LR=1.05e-04 | TLoss=8.6925 | VLoss=31.0229 | AP@50=0.0191 | SliceAP=0.5743 | EMA_SliceAP=0.5743
  Epoch  28/35 | LR=8.65e-05 | TLoss=7.6730 | VLoss=33.6957 | AP@50=0.0260 | SliceAP=0.5644 | EMA_SliceAP=0.5713
  Epoch  29/35 | LR=6.96e-05 | TLoss=7.9519 | VLoss=34.0009 | AP@50=0.0267 | SliceAP=0.5842 | EMA_SliceAP=0.5752
  Epoch  30/35 | LR=5.44e-05 | TLoss=7.0829 | VLoss=32.4635 | AP@50=0.0312 | SliceAP=0.6139 | EMA_SliceAP=0.5868
  [Pruned at epoch 30]

[Trial 322] lr=1.24e-04  wd=7.99e-03  stride=7  bs=16  mosaic=0.54  ls=0.056  clahe=False  ssr=True  rbc=True  median=True(limit=5)  speckle=True(light)  cp_p=0.57
ScanAwareSampler: 13 scans, 2306 total slices, stride=7 → ~336 slices/epoch (15% of training set per epoch)
  Epoch   1/35 | LR=1.24e-05 | TLoss=200.3491 | VLoss=229.1086 | AP@50=0.0014 | SliceAP=0.1881 | EMA_SliceAP=0.1881
  Epoch   2/35 | LR=2.64e-05 | TLoss=176.7901 | VLoss=186.9926 | AP@50=0.0002 | SliceAP=0.2574 | EMA_SliceAP=0.2089
  Epoch   3/35 | LR=4.04e-05 | TLoss=139.6193 | VLoss=133.8374 | AP@50=0.0005 | SliceAP=0.5050 | EMA_SliceAP=0.2977
  Epoch   4/35 | LR=5.44e-05 | TLoss=88.6774 | VLoss=88.1503 | AP@50=0.0001 | SliceAP=0.5644 | EMA_SliceAP=0.3777
  Epoch   5/35 | LR=6.84e-05 | TLoss=50.9510 | VLoss=61.8380 | AP@50=0.0001 | SliceAP=0.5149 | EMA_SliceAP=0.4189
  Epoch   6/35 | LR=8.24e-05 | TLoss=36.5878 | VLoss=50.9694 | AP@50=0.0003 | SliceAP=0.4554 | EMA_SliceAP=0.4298
  Epoch   7/35 | LR=9.64e-05 | TLoss=32.1236 | VLoss=46.5602 | AP@50=0.0004 | SliceAP=0.5149 | EMA_SliceAP=0.4553
  Epoch   8/35 | LR=1.10e-04 | TLoss=29.8683 | VLoss=45.6158 | AP@50=0.0014 | SliceAP=0.4257 | EMA_SliceAP=0.4465
  Epoch   9/35 | LR=1.24e-04 | TLoss=28.7654 | VLoss=43.9403 | AP@50=0.0012 | SliceAP=0.5248 | EMA_SliceAP=0.4699
  Epoch  10/35 | LR=1.24e-04 | TLoss=27.0613 | VLoss=43.3123 | AP@50=0.0003 | SliceAP=0.2475 | EMA_SliceAP=0.4032
  [Pruned at epoch 10]

=== Worker done | Completed: 138 | Pruned: 143 ===
Best EMA SliceAP@50 across all workers: 0.7450
Best params: {'learning_rate': 0.0004095482789400656, 'weight_decay': 0.00013102820392778454, 'mosaic_prob': 0.5458267320380163, 'label_smooth': 0.07409627285130531, 'copy_paste_p': 0.30065454405608005, 'slice_stride': 7, 'batch_size': 16, 'use_clahe': False, 'use_shift_scale_rotate': True, 'use_brightness_contrast': True, 'use_median_blur': True, 'median_blur_limit': 5, 'use_speckle_noise': True, 'speckle_level': 'heavy'}

Saving top-5 configs to train/config/
  Rank  1 | SliceAP=0.7450 | {'learning_rate': 0.0004095482789400656, 'weight_decay': 0.00013102820392778454, 'mosaic_prob': 0.5458267320380163, 'label_smooth': 0.07409627285130531, 'copy_paste_p': 0.30065454405608005, 'slice_stride': 7, 'batch_size': 16, 'use_clahe': False, 'use_shift_scale_rotate': True, 'use_brightness_contrast': True, 'use_median_blur': True, 'median_blur_limit': 5, 'use_speckle_noise': True, 'speckle_level': 'heavy'} → hparam_v5_rank01_sliceap0.7450.yaml
  Rank  2 | SliceAP=0.7379 | {'learning_rate': 0.000490892937896775, 'weight_decay': 0.0004366909491710489, 'mosaic_prob': 0.33945465882536113, 'label_smooth': 0.03520533173945255, 'copy_paste_p': 0.46927932027077496, 'slice_stride': 7, 'batch_size': 16, 'use_clahe': True, 'use_shift_scale_rotate': True, 'use_brightness_contrast': False, 'use_median_blur': True, 'median_blur_limit': 5, 'use_speckle_noise': False, 'speckle_level': 'heavy'} → hparam_v5_rank02_sliceap0.7379.yaml
  Rank  3 | SliceAP=0.7350 | {'learning_rate': 0.0004186064867053193, 'weight_decay': 0.000813822714897863, 'mosaic_prob': 0.4917453770038845, 'label_smooth': 0.08547387715582948, 'copy_paste_p': 0.6851899024509025, 'slice_stride': 7, 'batch_size': 8, 'use_clahe': True, 'use_shift_scale_rotate': True, 'use_brightness_contrast': False, 'use_median_blur': True, 'median_blur_limit': 7, 'use_speckle_noise': False, 'speckle_level': 'heavy'} → hparam_v5_rank03_sliceap0.7350.yaml
  Rank  4 | SliceAP=0.7307 | {'learning_rate': 0.0004231826823689618, 'weight_decay': 0.00011737297918180591, 'mosaic_prob': 0.5454452465293883, 'label_smooth': 0.04601028200514984, 'copy_paste_p': 0.30065454405608005, 'slice_stride': 7, 'batch_size': 16, 'use_clahe': True, 'use_shift_scale_rotate': True, 'use_brightness_contrast': False, 'use_median_blur': True, 'median_blur_limit': 5, 'use_speckle_noise': False, 'speckle_level': 'heavy'} → hparam_v5_rank04_sliceap0.7307.yaml
  Rank  5 | SliceAP=0.7300 | {'learning_rate': 0.0002789916501431784, 'weight_decay': 0.00010811423680881941, 'mosaic_prob': 0.4794373684145814, 'label_smooth': 0.14987201996693336, 'copy_paste_p': 0.5224811371780523, 'slice_stride': 7, 'batch_size': 16, 'use_clahe': False, 'use_shift_scale_rotate': True, 'use_brightness_contrast': True, 'use_median_blur': True, 'median_blur_limit': 5, 'use_speckle_noise': True, 'speckle_level': 'heavy'} → hparam_v5_rank05_sliceap0.7300.yaml

Best config (EMA SliceAP@50=0.7450) → train/config/best_hyperparams_v5.yaml
Task 6 completed at: Thu Mar 19 02:01:28 PM EDT 2026
