Job array    : 916, task 12
Node         : bn049
Started at   : Tue Mar 17 10:47:24 PM EDT 2026
Config       : train/config/default.yaml
Study        : yoloe_hparam_search_v5 @ sqlite:////fs01/home/dhaneshr/code/obj-det-test/optuna_studies/yoloe_hparam_search_v5.db
Trials       : 15 (this worker)
Epochs/trial : 35 (max, EMA early stopping patience=8)
Checkpoints  : top-3 per trial (min EMA=0.6) → /fs01/home/dhaneshr/code/obj-det-test/checkpoints/hparam_v5
Study name   : yoloe_hparam_search_v5
Storage      : sqlite:////fs01/home/dhaneshr/code/obj-det-test/optuna_studies/yoloe_hparam_search_v5.db
Trials       : 15 (this worker)
Epochs/trial : 35 (max, EMA early stopping patience=8)
EMA alpha    : 0.3
Checkpoints  : top-3 per trial → /fs01/home/dhaneshr/code/obj-det-test/checkpoints/hparam_v5

[Trial 232] lr=7.92e-04  wd=4.14e-02  stride=10  bs=16  mosaic=0.72  ls=0.102  clahe=True  ssr=True  rbc=False  median=True(limit=5)  speckle=False(medium)  cp_p=0.29
ScanAwareSampler: 13 scans, 2306 total slices, stride=10 → ~236 slices/epoch (10% of training set per epoch)
  Epoch   1/35 | LR=7.92e-05 | TLoss=289.6832 | VLoss=376.8176 | AP@50=0.0004 | SliceAP=0.1881 | EMA_SliceAP=0.1881
  Epoch   2/35 | LR=1.68e-04 | TLoss=142.6945 | VLoss=179.9118 | AP@50=0.0000 | SliceAP=0.3366 | EMA_SliceAP=0.2327
  Epoch   3/35 | LR=2.57e-04 | TLoss=59.2558 | VLoss=73.1514 | AP@50=0.0004 | SliceAP=0.3960 | EMA_SliceAP=0.2817
  Epoch   4/35 | LR=3.46e-04 | TLoss=33.7339 | VLoss=46.2560 | AP@50=0.0014 | SliceAP=0.3168 | EMA_SliceAP=0.2922
  Epoch   5/35 | LR=4.35e-04 | TLoss=28.9936 | VLoss=43.3368 | AP@50=0.0010 | SliceAP=0.0891 | EMA_SliceAP=0.2313
  Epoch   6/35 | LR=5.24e-04 | TLoss=26.2401 | VLoss=41.5222 | AP@50=0.0290 | SliceAP=0.6436 | EMA_SliceAP=0.3550
  Epoch   7/35 | LR=6.13e-04 | TLoss=25.9560 | VLoss=42.6683 | AP@50=0.0258 | SliceAP=0.3168 | EMA_SliceAP=0.3435
  Epoch   8/35 | LR=7.03e-04 | TLoss=21.1373 | VLoss=40.0997 | AP@50=0.0278 | SliceAP=0.4950 | EMA_SliceAP=0.3890
  Epoch   9/35 | LR=7.92e-04 | TLoss=22.3978 | VLoss=41.0296 | AP@50=0.1199 | SliceAP=0.5446 | EMA_SliceAP=0.4357
  Epoch  10/35 | LR=7.89e-04 | TLoss=20.3330 | VLoss=44.8087 | AP@50=0.1963 | SliceAP=0.3861 | EMA_SliceAP=0.4208
  [Pruned at epoch 10]

[Trial 245] lr=5.75e-04  wd=6.70e-04  stride=10  bs=16  mosaic=0.51  ls=0.109  clahe=True  ssr=True  rbc=False  median=True(limit=5)  speckle=False(light)  cp_p=0.49
ScanAwareSampler: 13 scans, 2306 total slices, stride=10 → ~236 slices/epoch (10% of training set per epoch)
  Epoch   1/35 | LR=5.75e-05 | TLoss=342.4465 | VLoss=452.7940 | AP@50=0.0004 | SliceAP=0.1782 | EMA_SliceAP=0.1782
  Epoch   2/35 | LR=1.22e-04 | TLoss=210.8471 | VLoss=248.7082 | AP@50=0.0009 | SliceAP=0.6535 | EMA_SliceAP=0.3208
  Epoch   3/35 | LR=1.87e-04 | TLoss=99.8463 | VLoss=122.4835 | AP@50=0.0006 | SliceAP=0.5050 | EMA_SliceAP=0.3760
  Epoch   4/35 | LR=2.52e-04 | TLoss=57.4422 | VLoss=63.2497 | AP@50=0.0001 | SliceAP=0.2277 | EMA_SliceAP=0.3315
  Epoch   5/35 | LR=3.16e-04 | TLoss=33.5844 | VLoss=44.7154 | AP@50=0.0041 | SliceAP=0.1287 | EMA_SliceAP=0.2707
  Epoch   6/35 | LR=3.81e-04 | TLoss=35.7938 | VLoss=49.4725 | AP@50=0.0003 | SliceAP=0.1287 | EMA_SliceAP=0.2281
  Epoch   7/35 | LR=4.46e-04 | TLoss=31.1851 | VLoss=44.2032 | AP@50=0.0012 | SliceAP=0.2871 | EMA_SliceAP=0.2458
  Epoch   8/35 | LR=5.11e-04 | TLoss=29.2922 | VLoss=41.9990 | AP@50=0.0363 | SliceAP=0.4158 | EMA_SliceAP=0.2968
  Epoch   9/35 | LR=5.75e-04 | TLoss=27.3947 | VLoss=44.1650 | AP@50=0.0389 | SliceAP=0.3861 | EMA_SliceAP=0.3236
  Epoch  10/35 | LR=5.74e-04 | TLoss=24.8276 | VLoss=42.1713 | AP@50=0.1048 | SliceAP=0.6337 | EMA_SliceAP=0.4166
  Epoch  11/35 | LR=5.68e-04 | TLoss=22.5738 | VLoss=41.1315 | AP@50=0.2144 | SliceAP=0.4653 | EMA_SliceAP=0.4312
  Epoch  12/35 | LR=5.58e-04 | TLoss=19.5950 | VLoss=40.2279 | AP@50=0.1497 | SliceAP=0.4356 | EMA_SliceAP=0.4326
  Epoch  13/35 | LR=5.45e-04 | TLoss=20.0454 | VLoss=40.7655 | AP@50=0.0611 | SliceAP=0.3663 | EMA_SliceAP=0.4127
  Epoch  14/35 | LR=5.29e-04 | TLoss=17.9880 | VLoss=36.6629 | AP@50=0.1279 | SliceAP=0.5644 | EMA_SliceAP=0.4582
  Epoch  15/35 | LR=5.09e-04 | TLoss=16.9045 | VLoss=35.5830 | AP@50=0.2822 | SliceAP=0.6733 | EMA_SliceAP=0.5227
  Epoch  16/35 | LR=4.87e-04 | TLoss=15.1056 | VLoss=35.0244 | AP@50=0.2211 | SliceAP=0.6238 | EMA_SliceAP=0.5530
  Epoch  17/35 | LR=4.62e-04 | TLoss=14.6608 | VLoss=37.1285 | AP@50=0.1424 | SliceAP=0.6634 | EMA_SliceAP=0.5861
  Epoch  18/35 | LR=4.34e-04 | TLoss=14.6390 | VLoss=33.9794 | AP@50=0.2758 | SliceAP=0.6931 | EMA_SliceAP=0.6182
  Epoch  19/35 | LR=4.05e-04 | TLoss=12.6355 | VLoss=33.1606 | AP@50=0.2830 | SliceAP=0.6436 | EMA_SliceAP=0.6258
  Epoch  20/35 | LR=3.74e-04 | TLoss=11.7769 | VLoss=34.6603 | AP@50=0.2869 | SliceAP=0.6436 | EMA_SliceAP=0.6311
  Epoch  21/35 | LR=3.42e-04 | TLoss=12.2033 | VLoss=32.4793 | AP@50=0.3321 | SliceAP=0.6139 | EMA_SliceAP=0.6260
  Epoch  22/35 | LR=3.09e-04 | TLoss=11.2066 | VLoss=33.5069 | AP@50=0.2465 | SliceAP=0.6436 | EMA_SliceAP=0.6312
  Epoch  23/35 | LR=2.76e-04 | TLoss=11.1298 | VLoss=32.2610 | AP@50=0.3359 | SliceAP=0.6436 | EMA_SliceAP=0.6349
  Epoch  24/35 | LR=2.44e-04 | TLoss=10.2527 | VLoss=34.1351 | AP@50=0.3469 | SliceAP=0.6931 | EMA_SliceAP=0.6524
  Epoch  25/35 | LR=2.12e-04 | TLoss=9.9774 | VLoss=32.9832 | AP@50=0.3458 | SliceAP=0.7129 | EMA_SliceAP=0.6705
  Epoch  26/35 | LR=1.81e-04 | TLoss=10.2238 | VLoss=31.0957 | AP@50=0.3535 | SliceAP=0.7129 | EMA_SliceAP=0.6832
  Epoch  27/35 | LR=1.51e-04 | TLoss=9.9341 | VLoss=32.7382 | AP@50=0.3155 | SliceAP=0.6733 | EMA_SliceAP=0.6802
  Epoch  28/35 | LR=1.24e-04 | TLoss=8.7465 | VLoss=33.2743 | AP@50=0.3139 | SliceAP=0.7030 | EMA_SliceAP=0.6871
  Epoch  29/35 | LR=9.87e-05 | TLoss=10.2185 | VLoss=33.5642 | AP@50=0.3190 | SliceAP=0.6931 | EMA_SliceAP=0.6889
  Epoch  30/35 | LR=7.61e-05 | TLoss=8.4136 | VLoss=32.6213 | AP@50=0.3154 | SliceAP=0.6931 | EMA_SliceAP=0.6901
  Epoch  31/35 | LR=5.65e-05 | TLoss=9.1879 | VLoss=32.9294 | AP@50=0.2910 | SliceAP=0.7327 | EMA_SliceAP=0.7029
  Epoch  32/35 | LR=4.01e-05 | TLoss=8.6328 | VLoss=32.4332 | AP@50=0.3012 | SliceAP=0.7327 | EMA_SliceAP=0.7118
  Epoch  33/35 | LR=2.71e-05 | TLoss=9.0715 | VLoss=32.5039 | AP@50=0.2932 | SliceAP=0.7129 | EMA_SliceAP=0.7121
  Epoch  34/35 | LR=1.76e-05 | TLoss=9.0870 | VLoss=32.4147 | AP@50=0.2965 | SliceAP=0.6931 | EMA_SliceAP=0.7064
  Epoch  35/35 | LR=1.19e-05 | TLoss=9.1950 | VLoss=32.6626 | AP@50=0.2950 | SliceAP=0.6931 | EMA_SliceAP=0.7024
  [Checkpoints] top-3 saved → /fs01/home/dhaneshr/code/obj-det-test/checkpoints/hparam_v5/trial_0245/swa_manifest.yaml

[Trial 282] lr=1.12e-03  wd=3.40e-02  stride=10  bs=16  mosaic=0.47  ls=0.078  clahe=True  ssr=True  rbc=False  median=True(limit=5)  speckle=False(light)  cp_p=0.51
ScanAwareSampler: 13 scans, 2306 total slices, stride=10 → ~236 slices/epoch (10% of training set per epoch)
  Epoch   1/35 | LR=1.12e-04 | TLoss=286.7138 | VLoss=283.1131 | AP@50=0.0000 | SliceAP=0.1782 | EMA_SliceAP=0.1782
  Epoch   2/35 | LR=2.39e-04 | TLoss=110.1556 | VLoss=105.0115 | AP@50=0.0020 | SliceAP=0.4158 | EMA_SliceAP=0.2495
  Epoch   3/35 | LR=3.65e-04 | TLoss=43.7894 | VLoss=52.7977 | AP@50=0.0002 | SliceAP=0.0693 | EMA_SliceAP=0.1954
  Epoch   4/35 | LR=4.91e-04 | TLoss=34.3907 | VLoss=42.2963 | AP@50=0.0009 | SliceAP=0.1683 | EMA_SliceAP=0.1873
  Epoch   5/35 | LR=6.18e-04 | TLoss=31.1625 | VLoss=41.2158 | AP@50=0.0152 | SliceAP=0.3168 | EMA_SliceAP=0.2262
  Epoch   6/35 | LR=7.44e-04 | TLoss=29.3010 | VLoss=42.0582 | AP@50=0.0169 | SliceAP=0.3168 | EMA_SliceAP=0.2534
  Epoch   7/35 | LR=8.70e-04 | TLoss=27.8003 | VLoss=40.0320 | AP@50=0.0421 | SliceAP=0.4257 | EMA_SliceAP=0.3051
  Epoch   8/35 | LR=9.97e-04 | TLoss=28.1873 | VLoss=36.2525 | AP@50=0.0013 | SliceAP=0.0693 | EMA_SliceAP=0.2343
  Epoch   9/35 | LR=1.12e-03 | TLoss=24.8358 | VLoss=34.2245 | AP@50=0.3660 | SliceAP=0.6337 | EMA_SliceAP=0.3541
  Epoch  10/35 | LR=1.12e-03 | TLoss=22.0135 | VLoss=33.7922 | AP@50=0.1778 | SliceAP=0.5743 | EMA_SliceAP=0.4202
  Epoch  11/35 | LR=1.11e-03 | TLoss=19.6790 | VLoss=41.1759 | AP@50=0.0724 | SliceAP=0.5644 | EMA_SliceAP=0.4634
  Epoch  12/35 | LR=1.09e-03 | TLoss=19.6150 | VLoss=35.5015 | AP@50=0.1656 | SliceAP=0.6040 | EMA_SliceAP=0.5056
  Epoch  13/35 | LR=1.06e-03 | TLoss=18.3939 | VLoss=36.2902 | AP@50=0.1053 | SliceAP=0.6436 | EMA_SliceAP=0.5470
  Epoch  14/35 | LR=1.03e-03 | TLoss=16.9594 | VLoss=37.2471 | AP@50=0.2304 | SliceAP=0.5050 | EMA_SliceAP=0.5344
  Epoch  15/35 | LR=9.93e-04 | TLoss=15.6280 | VLoss=39.0257 | AP@50=0.3027 | SliceAP=0.6436 | EMA_SliceAP=0.5671
  Epoch  16/35 | LR=9.49e-04 | TLoss=15.9193 | VLoss=34.8629 | AP@50=0.2900 | SliceAP=0.5347 | EMA_SliceAP=0.5574
  Epoch  17/35 | LR=8.99e-04 | TLoss=14.2571 | VLoss=35.5189 | AP@50=0.2146 | SliceAP=0.5842 | EMA_SliceAP=0.5654
  Epoch  18/35 | LR=8.45e-04 | TLoss=14.1962 | VLoss=38.5672 | AP@50=0.1953 | SliceAP=0.4356 | EMA_SliceAP=0.5265
  Epoch  19/35 | LR=7.87e-04 | TLoss=12.1649 | VLoss=37.4204 | AP@50=0.2874 | SliceAP=0.5446 | EMA_SliceAP=0.5319
  Epoch  20/35 | LR=7.26e-04 | TLoss=12.6581 | VLoss=35.1386 | AP@50=0.4204 | SliceAP=0.7525 | EMA_SliceAP=0.5981
  Epoch  21/35 | LR=6.63e-04 | TLoss=12.5964 | VLoss=33.2689 | AP@50=0.3837 | SliceAP=0.6931 | EMA_SliceAP=0.6266
  Epoch  22/35 | LR=5.99e-04 | TLoss=11.4890 | VLoss=35.3763 | AP@50=0.3508 | SliceAP=0.6436 | EMA_SliceAP=0.6317
  Epoch  23/35 | LR=5.34e-04 | TLoss=11.9639 | VLoss=34.6314 | AP@50=0.4587 | SliceAP=0.7327 | EMA_SliceAP=0.6620
  Epoch  24/35 | LR=4.70e-04 | TLoss=11.0256 | VLoss=35.3351 | AP@50=0.4171 | SliceAP=0.7129 | EMA_SliceAP=0.6772
  Epoch  25/35 | LR=4.07e-04 | TLoss=10.8733 | VLoss=35.2662 | AP@50=0.3804 | SliceAP=0.6931 | EMA_SliceAP=0.6820
  Epoch  26/35 | LR=3.46e-04 | TLoss=10.6518 | VLoss=36.6524 | AP@50=0.3501 | SliceAP=0.6832 | EMA_SliceAP=0.6823
  Epoch  27/35 | LR=2.88e-04 | TLoss=10.7992 | VLoss=35.9797 | AP@50=0.3889 | SliceAP=0.6535 | EMA_SliceAP=0.6737
  Epoch  28/35 | LR=2.34e-04 | TLoss=9.5993 | VLoss=35.8399 | AP@50=0.4023 | SliceAP=0.6832 | EMA_SliceAP=0.6765
  Epoch  29/35 | LR=1.85e-04 | TLoss=9.1487 | VLoss=36.5386 | AP@50=0.3368 | SliceAP=0.6436 | EMA_SliceAP=0.6666
  Epoch  30/35 | LR=1.40e-04 | TLoss=9.1535 | VLoss=35.7941 | AP@50=0.3424 | SliceAP=0.6337 | EMA_SliceAP=0.6567
  [Pruned at epoch 30]

[Trial 312] lr=8.71e-04  wd=2.80e-04  stride=10  bs=16  mosaic=0.67  ls=0.088  clahe=True  ssr=True  rbc=False  median=True(limit=5)  speckle=False(medium)  cp_p=0.22
ScanAwareSampler: 13 scans, 2306 total slices, stride=10 → ~236 slices/epoch (10% of training set per epoch)
  Epoch   1/35 | LR=8.71e-05 | TLoss=319.3615 | VLoss=393.8558 | AP@50=0.0004 | SliceAP=0.1782 | EMA_SliceAP=0.1782
  Epoch   2/35 | LR=1.85e-04 | TLoss=165.4274 | VLoss=180.4817 | AP@50=0.0005 | SliceAP=0.4554 | EMA_SliceAP=0.2614
  Epoch   3/35 | LR=2.83e-04 | TLoss=62.7457 | VLoss=71.8021 | AP@50=0.0000 | SliceAP=0.2970 | EMA_SliceAP=0.2721
  Epoch   4/35 | LR=3.81e-04 | TLoss=34.3648 | VLoss=48.5605 | AP@50=0.0003 | SliceAP=0.0891 | EMA_SliceAP=0.2172
  Epoch   5/35 | LR=4.79e-04 | TLoss=29.9035 | VLoss=44.5348 | AP@50=0.0011 | SliceAP=0.1782 | EMA_SliceAP=0.2055
  Epoch   6/35 | LR=5.77e-04 | TLoss=28.3002 | VLoss=41.2925 | AP@50=0.0128 | SliceAP=0.0891 | EMA_SliceAP=0.1706
  Epoch   7/35 | LR=6.75e-04 | TLoss=28.5933 | VLoss=37.4288 | AP@50=0.0142 | SliceAP=0.1683 | EMA_SliceAP=0.1699
  Epoch   8/35 | LR=7.73e-04 | TLoss=23.9807 | VLoss=45.5357 | AP@50=0.0314 | SliceAP=0.4851 | EMA_SliceAP=0.2645
  Epoch   9/35 | LR=8.71e-04 | TLoss=22.4223 | VLoss=43.5158 | AP@50=0.0624 | SliceAP=0.4950 | EMA_SliceAP=0.3336
  Epoch  10/35 | LR=8.68e-04 | TLoss=20.6099 | VLoss=40.7622 | AP@50=0.2319 | SliceAP=0.4356 | EMA_SliceAP=0.3642
  [Pruned at epoch 10]

[Trial 319] lr=1.22e-03  wd=4.93e-02  stride=5  bs=16  mosaic=0.69  ls=0.071  clahe=False  ssr=False  rbc=False  median=False(limit=5)  speckle=False(medium)  cp_p=0.27
ScanAwareSampler: 13 scans, 2306 total slices, stride=5 → ~467 slices/epoch (20% of training set per epoch)
  Epoch   1/35 | LR=1.22e-04 | TLoss=198.1922 | VLoss=163.1401 | AP@50=0.0005 | SliceAP=0.3960 | EMA_SliceAP=0.3960
  Epoch   2/35 | LR=2.58e-04 | TLoss=45.4268 | VLoss=54.0236 | AP@50=0.0002 | SliceAP=0.0693 | EMA_SliceAP=0.2980
  Epoch   3/35 | LR=3.95e-04 | TLoss=26.4222 | VLoss=37.8340 | AP@50=0.0036 | SliceAP=0.1881 | EMA_SliceAP=0.2650
  Epoch   4/35 | LR=5.32e-04 | TLoss=20.7384 | VLoss=42.4591 | AP@50=0.0329 | SliceAP=0.3366 | EMA_SliceAP=0.2865
  Epoch   5/35 | LR=6.68e-04 | TLoss=19.2476 | VLoss=37.8538 | AP@50=0.1394 | SliceAP=0.5743 | EMA_SliceAP=0.3728
  Epoch   6/35 | LR=8.05e-04 | TLoss=15.7742 | VLoss=37.6232 | AP@50=0.1336 | SliceAP=0.5149 | EMA_SliceAP=0.4154
  Epoch   7/35 | LR=9.42e-04 | TLoss=12.5588 | VLoss=44.1962 | AP@50=0.1095 | SliceAP=0.4653 | EMA_SliceAP=0.4304
  Epoch   8/35 | LR=1.08e-03 | TLoss=10.4776 | VLoss=38.4455 | AP@50=0.2300 | SliceAP=0.5644 | EMA_SliceAP=0.4706
  Epoch   9/35 | LR=1.22e-03 | TLoss=10.8024 | VLoss=40.1705 | AP@50=0.1968 | SliceAP=0.5743 | EMA_SliceAP=0.5017
  Epoch  10/35 | LR=1.21e-03 | TLoss=9.2337 | VLoss=37.1908 | AP@50=0.1575 | SliceAP=0.5545 | EMA_SliceAP=0.5175
  Epoch  11/35 | LR=1.20e-03 | TLoss=8.4452 | VLoss=42.0623 | AP@50=0.1685 | SliceAP=0.5446 | EMA_SliceAP=0.5256
  Epoch  12/35 | LR=1.18e-03 | TLoss=7.8428 | VLoss=32.4466 | AP@50=0.2004 | SliceAP=0.6436 | EMA_SliceAP=0.5610
  Epoch  13/35 | LR=1.15e-03 | TLoss=7.4804 | VLoss=33.7750 | AP@50=0.2292 | SliceAP=0.5941 | EMA_SliceAP=0.5709
  Epoch  14/35 | LR=1.12e-03 | TLoss=6.6160 | VLoss=39.0857 | AP@50=0.3839 | SliceAP=0.5842 | EMA_SliceAP=0.5749
  Epoch  15/35 | LR=1.07e-03 | TLoss=6.4805 | VLoss=34.3401 | AP@50=0.2221 | SliceAP=0.6733 | EMA_SliceAP=0.6044
  Epoch  16/35 | LR=1.03e-03 | TLoss=5.7817 | VLoss=38.3843 | AP@50=0.2350 | SliceAP=0.6436 | EMA_SliceAP=0.6162
  Epoch  17/35 | LR=9.73e-04 | TLoss=5.6354 | VLoss=38.2952 | AP@50=0.3093 | SliceAP=0.5842 | EMA_SliceAP=0.6066
  Epoch  18/35 | LR=9.14e-04 | TLoss=5.6344 | VLoss=37.5467 | AP@50=0.2786 | SliceAP=0.5743 | EMA_SliceAP=0.5969
  Epoch  19/35 | LR=8.51e-04 | TLoss=5.1637 | VLoss=36.3308 | AP@50=0.2647 | SliceAP=0.5842 | EMA_SliceAP=0.5931
  Epoch  20/35 | LR=7.85e-04 | TLoss=5.0670 | VLoss=37.6381 | AP@50=0.2592 | SliceAP=0.6238 | EMA_SliceAP=0.6023
  Epoch  21/35 | LR=7.17e-04 | TLoss=4.4530 | VLoss=37.9157 | AP@50=0.3702 | SliceAP=0.6337 | EMA_SliceAP=0.6117
  Epoch  22/35 | LR=6.48e-04 | TLoss=4.4078 | VLoss=39.0514 | AP@50=0.2968 | SliceAP=0.5941 | EMA_SliceAP=0.6064
  Epoch  23/35 | LR=5.78e-04 | TLoss=4.5402 | VLoss=39.5830 | AP@50=0.2166 | SliceAP=0.5446 | EMA_SliceAP=0.5878
  Epoch  24/35 | LR=5.08e-04 | TLoss=3.8253 | VLoss=38.3392 | AP@50=0.3616 | SliceAP=0.6238 | EMA_SliceAP=0.5986
  [Early stop at epoch 24, best EMA SliceAP=0.6162]
  [Checkpoints] top-3 saved → /fs01/home/dhaneshr/code/obj-det-test/checkpoints/hparam_v5/trial_0319/swa_manifest.yaml

[Trial 341] lr=6.75e-04  wd=4.00e-04  stride=5  bs=16  mosaic=0.66  ls=0.085  clahe=True  ssr=False  rbc=False  median=False(limit=5)  speckle=False(light)  cp_p=0.24
ScanAwareSampler: 13 scans, 2306 total slices, stride=5 → ~467 slices/epoch (20% of training set per epoch)
  Epoch   1/35 | LR=6.75e-05 | TLoss=292.5102 | VLoss=322.7352 | AP@50=0.0003 | SliceAP=0.1881 | EMA_SliceAP=0.1881
  Epoch   2/35 | LR=1.43e-04 | TLoss=105.8824 | VLoss=117.6062 | AP@50=0.0001 | SliceAP=0.2376 | EMA_SliceAP=0.2030
  Epoch   3/35 | LR=2.19e-04 | TLoss=40.4851 | VLoss=51.4260 | AP@50=0.0010 | SliceAP=0.2475 | EMA_SliceAP=0.2163
  Epoch   4/35 | LR=2.95e-04 | TLoss=25.0420 | VLoss=42.7220 | AP@50=0.0760 | SliceAP=0.3069 | EMA_SliceAP=0.2435
  Epoch   5/35 | LR=3.71e-04 | TLoss=22.8506 | VLoss=42.0202 | AP@50=0.0376 | SliceAP=0.3564 | EMA_SliceAP=0.2774
  Epoch   6/35 | LR=4.47e-04 | TLoss=18.4144 | VLoss=43.1620 | AP@50=0.0826 | SliceAP=0.3564 | EMA_SliceAP=0.3011
  Epoch   7/35 | LR=5.23e-04 | TLoss=14.9077 | VLoss=48.3516 | AP@50=0.0100 | SliceAP=0.3069 | EMA_SliceAP=0.3029
  Epoch   8/35 | LR=5.99e-04 | TLoss=13.1587 | VLoss=42.9289 | AP@50=0.2246 | SliceAP=0.5941 | EMA_SliceAP=0.3902
  Epoch   9/35 | LR=6.75e-04 | TLoss=11.7266 | VLoss=42.6187 | AP@50=0.1593 | SliceAP=0.6535 | EMA_SliceAP=0.4692
  Epoch  10/35 | LR=6.73e-04 | TLoss=9.9943 | VLoss=37.1225 | AP@50=0.1888 | SliceAP=0.6436 | EMA_SliceAP=0.5215
  Epoch  11/35 | LR=6.66e-04 | TLoss=8.4829 | VLoss=38.1525 | AP@50=0.1078 | SliceAP=0.4455 | EMA_SliceAP=0.4987
  Epoch  12/35 | LR=6.55e-04 | TLoss=8.3239 | VLoss=36.0456 | AP@50=0.2535 | SliceAP=0.6634 | EMA_SliceAP=0.5481
  Epoch  13/35 | LR=6.40e-04 | TLoss=7.4023 | VLoss=37.5396 | AP@50=0.3506 | SliceAP=0.6337 | EMA_SliceAP=0.5738
  Epoch  14/35 | LR=6.20e-04 | TLoss=7.0230 | VLoss=39.1085 | AP@50=0.2284 | SliceAP=0.6238 | EMA_SliceAP=0.5888
  Epoch  15/35 | LR=5.97e-04 | TLoss=7.4611 | VLoss=38.4404 | AP@50=0.2287 | SliceAP=0.6139 | EMA_SliceAP=0.5963
  Epoch  16/35 | LR=5.71e-04 | TLoss=6.8382 | VLoss=39.2721 | AP@50=0.2554 | SliceAP=0.5347 | EMA_SliceAP=0.5778
  Epoch  17/35 | LR=5.41e-04 | TLoss=6.0795 | VLoss=39.4068 | AP@50=0.1960 | SliceAP=0.4950 | EMA_SliceAP=0.5530
  Epoch  18/35 | LR=5.09e-04 | TLoss=5.6142 | VLoss=38.9783 | AP@50=0.4047 | SliceAP=0.6436 | EMA_SliceAP=0.5802
  Epoch  19/35 | LR=4.74e-04 | TLoss=5.3118 | VLoss=38.2160 | AP@50=0.3723 | SliceAP=0.6337 | EMA_SliceAP=0.5962
  Epoch  20/35 | LR=4.38e-04 | TLoss=4.8689 | VLoss=39.4763 | AP@50=0.3749 | SliceAP=0.6436 | EMA_SliceAP=0.6104
  Epoch  21/35 | LR=4.00e-04 | TLoss=4.7365 | VLoss=37.9169 | AP@50=0.3188 | SliceAP=0.6337 | EMA_SliceAP=0.6174
  Epoch  22/35 | LR=3.62e-04 | TLoss=4.2165 | VLoss=39.3756 | AP@50=0.2602 | SliceAP=0.5743 | EMA_SliceAP=0.6044
  Epoch  23/35 | LR=3.23e-04 | TLoss=3.8397 | VLoss=37.3104 | AP@50=0.2821 | SliceAP=0.6139 | EMA_SliceAP=0.6073
  Epoch  24/35 | LR=2.85e-04 | TLoss=4.3270 | VLoss=38.2793 | AP@50=0.2803 | SliceAP=0.5941 | EMA_SliceAP=0.6033
  Epoch  25/35 | LR=2.47e-04 | TLoss=3.8487 | VLoss=37.2882 | AP@50=0.3160 | SliceAP=0.6139 | EMA_SliceAP=0.6065
  Epoch  26/35 | LR=2.11e-04 | TLoss=3.7582 | VLoss=36.9989 | AP@50=0.3951 | SliceAP=0.6040 | EMA_SliceAP=0.6057
  Epoch  27/35 | LR=1.76e-04 | TLoss=3.6159 | VLoss=37.5371 | AP@50=0.2886 | SliceAP=0.5743 | EMA_SliceAP=0.5963
  Epoch  28/35 | LR=1.44e-04 | TLoss=3.6525 | VLoss=38.2400 | AP@50=0.3669 | SliceAP=0.5842 | EMA_SliceAP=0.5926
  Epoch  29/35 | LR=1.14e-04 | TLoss=3.2210 | VLoss=37.0626 | AP@50=0.3641 | SliceAP=0.5941 | EMA_SliceAP=0.5931
  [Early stop at epoch 29, best EMA SliceAP=0.6174]
  [Checkpoints] top-3 saved → /fs01/home/dhaneshr/code/obj-det-test/checkpoints/hparam_v5/trial_0341/swa_manifest.yaml

[Trial 383] lr=1.27e-03  wd=3.47e-04  stride=10  bs=16  mosaic=0.37  ls=0.095  clahe=True  ssr=True  rbc=False  median=True(limit=5)  speckle=False(light)  cp_p=0.59
ScanAwareSampler: 13 scans, 2306 total slices, stride=10 → ~236 slices/epoch (10% of training set per epoch)
  Epoch   1/35 | LR=1.27e-04 | TLoss=315.0207 | VLoss=316.9351 | AP@50=0.0001 | SliceAP=0.1881 | EMA_SliceAP=0.1881
  Epoch   2/35 | LR=2.69e-04 | TLoss=136.5987 | VLoss=105.5876 | AP@50=0.0002 | SliceAP=0.4554 | EMA_SliceAP=0.2683
  Epoch   3/35 | LR=4.12e-04 | TLoss=46.2434 | VLoss=43.1981 | AP@50=0.0131 | SliceAP=0.4752 | EMA_SliceAP=0.3304
  Epoch   4/35 | LR=5.54e-04 | TLoss=36.2031 | VLoss=37.5876 | AP@50=0.0026 | SliceAP=0.2574 | EMA_SliceAP=0.3085
  Epoch   5/35 | LR=6.97e-04 | TLoss=29.7988 | VLoss=37.7026 | AP@50=0.0170 | SliceAP=0.4554 | EMA_SliceAP=0.3526
  Epoch   6/35 | LR=8.40e-04 | TLoss=29.2373 | VLoss=38.2178 | AP@50=0.0327 | SliceAP=0.3465 | EMA_SliceAP=0.3508
  Epoch   7/35 | LR=9.82e-04 | TLoss=26.3270 | VLoss=37.4749 | AP@50=0.0604 | SliceAP=0.5050 | EMA_SliceAP=0.3970
  Epoch   8/35 | LR=1.12e-03 | TLoss=26.9014 | VLoss=40.6342 | AP@50=0.0614 | SliceAP=0.2970 | EMA_SliceAP=0.3670
  Epoch   9/35 | LR=1.27e-03 | TLoss=24.6856 | VLoss=42.5659 | AP@50=0.0554 | SliceAP=0.5743 | EMA_SliceAP=0.4292
  Epoch  10/35 | LR=1.26e-03 | TLoss=24.0525 | VLoss=35.1329 | AP@50=0.1436 | SliceAP=0.7030 | EMA_SliceAP=0.5113
  Epoch  11/35 | LR=1.25e-03 | TLoss=21.1473 | VLoss=36.3433 | AP@50=0.0510 | SliceAP=0.5446 | EMA_SliceAP=0.5213
  Epoch  12/35 | LR=1.23e-03 | TLoss=20.5918 | VLoss=36.9424 | AP@50=0.1838 | SliceAP=0.6238 | EMA_SliceAP=0.5520
  Epoch  13/35 | LR=1.20e-03 | TLoss=19.1566 | VLoss=41.5002 | AP@50=0.2511 | SliceAP=0.6634 | EMA_SliceAP=0.5854
  Epoch  14/35 | LR=1.16e-03 | TLoss=18.2876 | VLoss=38.2891 | AP@50=0.2549 | SliceAP=0.5347 | EMA_SliceAP=0.5702
  Epoch  15/35 | LR=1.12e-03 | TLoss=17.0141 | VLoss=44.0857 | AP@50=0.0786 | SliceAP=0.5446 | EMA_SliceAP=0.5625
  Epoch  16/35 | LR=1.07e-03 | TLoss=15.9548 | VLoss=40.6714 | AP@50=0.0607 | SliceAP=0.4950 | EMA_SliceAP=0.5423
  Epoch  17/35 | LR=1.01e-03 | TLoss=15.6507 | VLoss=37.7821 | AP@50=0.1843 | SliceAP=0.5050 | EMA_SliceAP=0.5311
  Epoch  18/35 | LR=9.53e-04 | TLoss=14.8112 | VLoss=32.2478 | AP@50=0.2368 | SliceAP=0.6832 | EMA_SliceAP=0.5767
  Epoch  19/35 | LR=8.88e-04 | TLoss=13.9136 | VLoss=37.9096 | AP@50=0.2115 | SliceAP=0.6139 | EMA_SliceAP=0.5878
  Epoch  20/35 | LR=8.19e-04 | TLoss=13.7670 | VLoss=40.6913 | AP@50=0.2948 | SliceAP=0.6733 | EMA_SliceAP=0.6135
  Epoch  21/35 | LR=7.48e-04 | TLoss=13.4660 | VLoss=38.9869 | AP@50=0.2146 | SliceAP=0.5941 | EMA_SliceAP=0.6077
  Epoch  22/35 | LR=6.75e-04 | TLoss=12.3940 | VLoss=36.2881 | AP@50=0.2735 | SliceAP=0.7030 | EMA_SliceAP=0.6362
  Epoch  23/35 | LR=6.02e-04 | TLoss=12.2060 | VLoss=36.1456 | AP@50=0.2619 | SliceAP=0.6040 | EMA_SliceAP=0.6266
  Epoch  24/35 | LR=5.29e-04 | TLoss=12.2172 | VLoss=31.8419 | AP@50=0.2134 | SliceAP=0.6238 | EMA_SliceAP=0.6257
  Epoch  25/35 | LR=4.58e-04 | TLoss=11.2006 | VLoss=34.7687 | AP@50=0.3472 | SliceAP=0.6931 | EMA_SliceAP=0.6459
  Epoch  26/35 | LR=3.90e-04 | TLoss=10.7957 | VLoss=35.8929 | AP@50=0.3754 | SliceAP=0.6436 | EMA_SliceAP=0.6452
  Epoch  27/35 | LR=3.24e-04 | TLoss=10.1140 | VLoss=34.1769 | AP@50=0.4278 | SliceAP=0.7030 | EMA_SliceAP=0.6625
  Epoch  28/35 | LR=2.63e-04 | TLoss=10.2889 | VLoss=35.1413 | AP@50=0.3477 | SliceAP=0.6733 | EMA_SliceAP=0.6658
  Epoch  29/35 | LR=2.07e-04 | TLoss=9.6734 | VLoss=34.6009 | AP@50=0.3390 | SliceAP=0.6436 | EMA_SliceAP=0.6591
  Epoch  30/35 | LR=1.57e-04 | TLoss=9.6313 | VLoss=34.3559 | AP@50=0.3543 | SliceAP=0.7030 | EMA_SliceAP=0.6723
  Epoch  31/35 | LR=1.13e-04 | TLoss=9.4029 | VLoss=34.0706 | AP@50=0.3516 | SliceAP=0.7030 | EMA_SliceAP=0.6815
  Epoch  32/35 | LR=7.69e-05 | TLoss=9.7876 | VLoss=34.3388 | AP@50=0.3641 | SliceAP=0.7030 | EMA_SliceAP=0.6879
  Epoch  33/35 | LR=4.79e-05 | TLoss=9.6839 | VLoss=34.6687 | AP@50=0.3407 | SliceAP=0.6832 | EMA_SliceAP=0.6865
  Epoch  34/35 | LR=2.69e-05 | TLoss=9.0175 | VLoss=34.7163 | AP@50=0.3525 | SliceAP=0.7030 | EMA_SliceAP=0.6914
  Epoch  35/35 | LR=1.43e-05 | TLoss=9.2143 | VLoss=34.6347 | AP@50=0.3558 | SliceAP=0.7030 | EMA_SliceAP=0.6949
  [Checkpoints] top-3 saved → /fs01/home/dhaneshr/code/obj-det-test/checkpoints/hparam_v5/trial_0383/swa_manifest.yaml

[Trial 416] lr=1.19e-03  wd=1.46e-04  stride=10  bs=16  mosaic=0.38  ls=0.094  clahe=False  ssr=True  rbc=False  median=True(limit=5)  speckle=True(heavy)  cp_p=0.60
ScanAwareSampler: 13 scans, 2306 total slices, stride=10 → ~236 slices/epoch (10% of training set per epoch)
  Epoch   1/35 | LR=1.19e-04 | TLoss=304.3247 | VLoss=307.3263 | AP@50=0.0005 | SliceAP=0.1683 | EMA_SliceAP=0.1683
  Epoch   2/35 | LR=2.54e-04 | TLoss=125.7489 | VLoss=104.3512 | AP@50=0.0002 | SliceAP=0.4455 | EMA_SliceAP=0.2515
  Epoch   3/35 | LR=3.88e-04 | TLoss=49.0522 | VLoss=52.9347 | AP@50=0.0002 | SliceAP=0.0891 | EMA_SliceAP=0.2028
  Epoch   4/35 | LR=5.23e-04 | TLoss=33.2860 | VLoss=37.6920 | AP@50=0.0023 | SliceAP=0.1980 | EMA_SliceAP=0.2013
  Epoch   5/35 | LR=6.57e-04 | TLoss=33.1084 | VLoss=43.3081 | AP@50=0.0130 | SliceAP=0.3564 | EMA_SliceAP=0.2479
  Epoch   6/35 | LR=7.91e-04 | TLoss=32.5769 | VLoss=43.1524 | AP@50=0.0230 | SliceAP=0.3069 | EMA_SliceAP=0.2656
  Epoch   7/35 | LR=9.26e-04 | TLoss=32.7197 | VLoss=36.6358 | AP@50=0.0302 | SliceAP=0.4851 | EMA_SliceAP=0.3315
  Epoch   8/35 | LR=1.06e-03 | TLoss=27.6177 | VLoss=39.6818 | AP@50=0.0161 | SliceAP=0.1881 | EMA_SliceAP=0.2885
  Epoch   9/35 | LR=1.19e-03 | TLoss=27.5409 | VLoss=40.1814 | AP@50=0.3182 | SliceAP=0.6832 | EMA_SliceAP=0.4069
  Epoch  10/35 | LR=1.19e-03 | TLoss=27.7827 | VLoss=35.5190 | AP@50=0.2125 | SliceAP=0.5842 | EMA_SliceAP=0.4601
  Epoch  11/35 | LR=1.18e-03 | TLoss=24.7264 | VLoss=43.1116 | AP@50=0.0374 | SliceAP=0.2475 | EMA_SliceAP=0.3963
  Epoch  12/35 | LR=1.16e-03 | TLoss=21.7652 | VLoss=37.2884 | AP@50=0.2017 | SliceAP=0.6634 | EMA_SliceAP=0.4764
  Epoch  13/35 | LR=1.13e-03 | TLoss=19.6555 | VLoss=37.0009 | AP@50=0.2818 | SliceAP=0.6139 | EMA_SliceAP=0.5177
  Epoch  14/35 | LR=1.10e-03 | TLoss=18.4032 | VLoss=32.5411 | AP@50=0.2864 | SliceAP=0.6238 | EMA_SliceAP=0.5495
  Epoch  15/35 | LR=1.06e-03 | TLoss=18.0669 | VLoss=37.3657 | AP@50=0.2040 | SliceAP=0.6733 | EMA_SliceAP=0.5866
  Epoch  16/35 | LR=1.01e-03 | TLoss=16.4228 | VLoss=33.5685 | AP@50=0.2204 | SliceAP=0.5446 | EMA_SliceAP=0.5740
  Epoch  17/35 | LR=9.56e-04 | TLoss=15.3191 | VLoss=37.3742 | AP@50=0.2037 | SliceAP=0.5743 | EMA_SliceAP=0.5741
  Epoch  18/35 | LR=8.98e-04 | TLoss=14.3451 | VLoss=37.5863 | AP@50=0.1941 | SliceAP=0.6436 | EMA_SliceAP=0.5949
  Epoch  19/35 | LR=8.37e-04 | TLoss=14.2094 | VLoss=29.9125 | AP@50=0.2240 | SliceAP=0.7822 | EMA_SliceAP=0.6511
  Epoch  20/35 | LR=7.72e-04 | TLoss=13.4076 | VLoss=31.8521 | AP@50=0.4676 | SliceAP=0.7228 | EMA_SliceAP=0.6726
  Epoch  21/35 | LR=7.05e-04 | TLoss=12.4244 | VLoss=35.4750 | AP@50=0.2107 | SliceAP=0.6139 | EMA_SliceAP=0.6550
  Epoch  22/35 | LR=6.37e-04 | TLoss=12.5827 | VLoss=32.3375 | AP@50=0.4612 | SliceAP=0.6931 | EMA_SliceAP=0.6664
  Epoch  23/35 | LR=5.68e-04 | TLoss=12.0780 | VLoss=33.6995 | AP@50=0.4440 | SliceAP=0.6733 | EMA_SliceAP=0.6685
  Epoch  24/35 | LR=4.99e-04 | TLoss=11.8816 | VLoss=32.8280 | AP@50=0.3413 | SliceAP=0.7129 | EMA_SliceAP=0.6818
  Epoch  25/35 | LR=4.32e-04 | TLoss=11.2911 | VLoss=33.2119 | AP@50=0.4026 | SliceAP=0.6931 | EMA_SliceAP=0.6852
  Epoch  26/35 | LR=3.68e-04 | TLoss=10.2464 | VLoss=32.5572 | AP@50=0.3897 | SliceAP=0.6436 | EMA_SliceAP=0.6727
  Epoch  27/35 | LR=3.06e-04 | TLoss=9.8153 | VLoss=33.0162 | AP@50=0.4412 | SliceAP=0.6535 | EMA_SliceAP=0.6669
  Epoch  28/35 | LR=2.49e-04 | TLoss=10.9143 | VLoss=33.9536 | AP@50=0.3999 | SliceAP=0.6832 | EMA_SliceAP=0.6718
  Epoch  29/35 | LR=1.96e-04 | TLoss=9.9594 | VLoss=33.0836 | AP@50=0.3701 | SliceAP=0.6832 | EMA_SliceAP=0.6752
  Epoch  30/35 | LR=1.49e-04 | TLoss=9.2662 | VLoss=32.1738 | AP@50=0.3674 | SliceAP=0.7030 | EMA_SliceAP=0.6835
  Epoch  31/35 | LR=1.07e-04 | TLoss=9.1197 | VLoss=31.9370 | AP@50=0.3406 | SliceAP=0.6733 | EMA_SliceAP=0.6805
  Epoch  32/35 | LR=7.30e-05 | TLoss=8.7498 | VLoss=32.0121 | AP@50=0.3783 | SliceAP=0.6931 | EMA_SliceAP=0.6842
  [Early stop at epoch 32, best EMA SliceAP=0.6818]
  [Checkpoints] top-3 saved → /fs01/home/dhaneshr/code/obj-det-test/checkpoints/hparam_v5/trial_0416/swa_manifest.yaml

[Trial 446] lr=9.55e-04  wd=4.78e-03  stride=10  bs=16  mosaic=0.52  ls=0.074  clahe=False  ssr=False  rbc=True  median=False(limit=3)  speckle=False(heavy)  cp_p=0.38
ScanAwareSampler: 13 scans, 2306 total slices, stride=10 → ~236 slices/epoch (10% of training set per epoch)
  Epoch   1/35 | LR=9.55e-05 | TLoss=314.0239 | VLoss=334.4913 | AP@50=0.0022 | SliceAP=0.1980 | EMA_SliceAP=0.1980
  Epoch   2/35 | LR=2.03e-04 | TLoss=139.4213 | VLoss=144.9734 | AP@50=0.0001 | SliceAP=0.3366 | EMA_SliceAP=0.2396
  Epoch   3/35 | LR=3.10e-04 | TLoss=55.6144 | VLoss=62.5267 | AP@50=0.0009 | SliceAP=0.1881 | EMA_SliceAP=0.2242
  Epoch   4/35 | LR=4.18e-04 | TLoss=32.3869 | VLoss=44.7335 | AP@50=0.0002 | SliceAP=0.0792 | EMA_SliceAP=0.1807
  Epoch   5/35 | LR=5.25e-04 | TLoss=32.8507 | VLoss=42.9044 | AP@50=0.0001 | SliceAP=0.1089 | EMA_SliceAP=0.1591
  Epoch   6/35 | LR=6.33e-04 | TLoss=27.6085 | VLoss=41.0393 | AP@50=0.0114 | SliceAP=0.1782 | EMA_SliceAP=0.1649
  Epoch   7/35 | LR=7.40e-04 | TLoss=26.0367 | VLoss=38.0226 | AP@50=0.0433 | SliceAP=0.3861 | EMA_SliceAP=0.2312
  Epoch   8/35 | LR=8.48e-04 | TLoss=26.0622 | VLoss=35.5610 | AP@50=0.0917 | SliceAP=0.5842 | EMA_SliceAP=0.3371
  Epoch   9/35 | LR=9.55e-04 | TLoss=24.2803 | VLoss=40.9267 | AP@50=0.1271 | SliceAP=0.5644 | EMA_SliceAP=0.4053
  Epoch  10/35 | LR=9.52e-04 | TLoss=20.2202 | VLoss=39.9681 | AP@50=0.1964 | SliceAP=0.6436 | EMA_SliceAP=0.4768
  Epoch  11/35 | LR=9.42e-04 | TLoss=18.4440 | VLoss=37.8639 | AP@50=0.2032 | SliceAP=0.5941 | EMA_SliceAP=0.5120
  Epoch  12/35 | LR=9.27e-04 | TLoss=17.8140 | VLoss=38.7215 | AP@50=0.1610 | SliceAP=0.6337 | EMA_SliceAP=0.5485
  Epoch  13/35 | LR=9.05e-04 | TLoss=14.7213 | VLoss=39.0489 | AP@50=0.2560 | SliceAP=0.5248 | EMA_SliceAP=0.5414
  Epoch  14/35 | LR=8.77e-04 | TLoss=14.5516 | VLoss=37.9686 | AP@50=0.2887 | SliceAP=0.5743 | EMA_SliceAP=0.5512
  Epoch  15/35 | LR=8.44e-04 | TLoss=12.2781 | VLoss=37.7479 | AP@50=0.2866 | SliceAP=0.6040 | EMA_SliceAP=0.5670
  Epoch  16/35 | LR=8.07e-04 | TLoss=12.4309 | VLoss=34.1587 | AP@50=0.4456 | SliceAP=0.7723 | EMA_SliceAP=0.6286
  Epoch  17/35 | LR=7.65e-04 | TLoss=12.7149 | VLoss=38.0938 | AP@50=0.2260 | SliceAP=0.4950 | EMA_SliceAP=0.5885
  Epoch  18/35 | LR=7.19e-04 | TLoss=11.2968 | VLoss=37.8018 | AP@50=0.4028 | SliceAP=0.6733 | EMA_SliceAP=0.6140
  Epoch  19/35 | LR=6.70e-04 | TLoss=10.7444 | VLoss=35.5642 | AP@50=0.2480 | SliceAP=0.4554 | EMA_SliceAP=0.5664
  Epoch  20/35 | LR=6.18e-04 | TLoss=10.2556 | VLoss=40.2808 | AP@50=0.3556 | SliceAP=0.6040 | EMA_SliceAP=0.5777
  Epoch  21/35 | LR=5.65e-04 | TLoss=9.0375 | VLoss=34.6920 | AP@50=0.4396 | SliceAP=0.6535 | EMA_SliceAP=0.6004
  Epoch  22/35 | LR=5.10e-04 | TLoss=8.4187 | VLoss=37.7759 | AP@50=0.2782 | SliceAP=0.5545 | EMA_SliceAP=0.5866
  Epoch  23/35 | LR=4.55e-04 | TLoss=8.3945 | VLoss=36.2189 | AP@50=0.4366 | SliceAP=0.6535 | EMA_SliceAP=0.6067
  Epoch  24/35 | LR=4.00e-04 | TLoss=7.9531 | VLoss=35.1692 | AP@50=0.3109 | SliceAP=0.5941 | EMA_SliceAP=0.6029
  [Early stop at epoch 24, best EMA SliceAP=0.6286]
  [Checkpoints] top-3 saved → /fs01/home/dhaneshr/code/obj-det-test/checkpoints/hparam_v5/trial_0446/swa_manifest.yaml

[Trial 467] lr=6.42e-04  wd=3.00e-03  stride=10  bs=8  mosaic=0.62  ls=0.117  clahe=False  ssr=True  rbc=False  median=True(limit=7)  speckle=False(light)  cp_p=0.48
ScanAwareSampler: 13 scans, 2306 total slices, stride=10 → ~236 slices/epoch (10% of training set per epoch)
  Epoch   1/35 | LR=6.42e-05 | TLoss=272.4757 | VLoss=307.6329 | AP@50=0.0004 | SliceAP=0.4059 | EMA_SliceAP=0.4059
  Epoch   2/35 | LR=1.36e-04 | TLoss=96.3006 | VLoss=116.9241 | AP@50=0.0001 | SliceAP=0.2574 | EMA_SliceAP=0.3614
  Epoch   3/35 | LR=2.09e-04 | TLoss=40.8988 | VLoss=53.3675 | AP@50=0.0001 | SliceAP=0.1188 | EMA_SliceAP=0.2886
  Epoch   4/35 | LR=2.81e-04 | TLoss=31.4404 | VLoss=44.4922 | AP@50=0.0119 | SliceAP=0.3564 | EMA_SliceAP=0.3090
  Epoch   5/35 | LR=3.53e-04 | TLoss=29.8455 | VLoss=43.8015 | AP@50=0.0035 | SliceAP=0.3861 | EMA_SliceAP=0.3321
  Epoch   6/35 | LR=4.26e-04 | TLoss=27.0599 | VLoss=40.2968 | AP@50=0.0522 | SliceAP=0.4356 | EMA_SliceAP=0.3632
  Epoch   7/35 | LR=4.98e-04 | TLoss=25.9898 | VLoss=45.6323 | AP@50=0.0446 | SliceAP=0.4059 | EMA_SliceAP=0.3760
  Epoch   8/35 | LR=5.70e-04 | TLoss=20.0847 | VLoss=41.5687 | AP@50=0.2041 | SliceAP=0.4752 | EMA_SliceAP=0.4058
  Epoch   9/35 | LR=6.42e-04 | TLoss=22.7166 | VLoss=35.6780 | AP@50=0.2332 | SliceAP=0.5347 | EMA_SliceAP=0.4444
  Epoch  10/35 | LR=6.40e-04 | TLoss=17.8501 | VLoss=38.8673 | AP@50=0.2694 | SliceAP=0.5347 | EMA_SliceAP=0.4715
  Epoch  11/35 | LR=6.34e-04 | TLoss=16.6516 | VLoss=36.5765 | AP@50=0.2191 | SliceAP=0.6733 | EMA_SliceAP=0.5320
  Epoch  12/35 | LR=6.23e-04 | TLoss=15.5119 | VLoss=38.5493 | AP@50=0.2399 | SliceAP=0.5149 | EMA_SliceAP=0.5269
  Epoch  13/35 | LR=6.09e-04 | TLoss=14.8395 | VLoss=40.5338 | AP@50=0.1791 | SliceAP=0.5050 | EMA_SliceAP=0.5203
  Epoch  14/35 | LR=5.90e-04 | TLoss=13.1372 | VLoss=35.4887 | AP@50=0.3421 | SliceAP=0.6634 | EMA_SliceAP=0.5632
  Epoch  15/35 | LR=5.68e-04 | TLoss=12.6881 | VLoss=44.4139 | AP@50=0.2840 | SliceAP=0.5743 | EMA_SliceAP=0.5665
  Epoch  16/35 | LR=5.43e-04 | TLoss=12.3097 | VLoss=36.1282 | AP@50=0.3323 | SliceAP=0.6733 | EMA_SliceAP=0.5986
  Epoch  17/35 | LR=5.15e-04 | TLoss=10.6831 | VLoss=41.0157 | AP@50=0.3622 | SliceAP=0.6337 | EMA_SliceAP=0.6091
  Epoch  18/35 | LR=4.84e-04 | TLoss=11.7845 | VLoss=32.9406 | AP@50=0.3651 | SliceAP=0.6040 | EMA_SliceAP=0.6075
  Epoch  19/35 | LR=4.51e-04 | TLoss=9.9925 | VLoss=37.8397 | AP@50=0.2478 | SliceAP=0.4950 | EMA_SliceAP=0.5738
  Epoch  20/35 | LR=4.17e-04 | TLoss=9.4170 | VLoss=37.3758 | AP@50=0.1698 | SliceAP=0.5743 | EMA_SliceAP=0.5739
  Epoch  21/35 | LR=3.81e-04 | TLoss=9.9617 | VLoss=37.1144 | AP@50=0.2599 | SliceAP=0.6337 | EMA_SliceAP=0.5919
  Epoch  22/35 | LR=3.45e-04 | TLoss=10.1176 | VLoss=36.7560 | AP@50=0.2739 | SliceAP=0.6832 | EMA_SliceAP=0.6192
  Epoch  23/35 | LR=3.08e-04 | TLoss=8.7516 | VLoss=37.5397 | AP@50=0.3384 | SliceAP=0.6040 | EMA_SliceAP=0.6147
  Epoch  24/35 | LR=2.71e-04 | TLoss=9.3594 | VLoss=40.7046 | AP@50=0.2394 | SliceAP=0.5644 | EMA_SliceAP=0.5996
  Epoch  25/35 | LR=2.35e-04 | TLoss=8.6598 | VLoss=38.2519 | AP@50=0.3300 | SliceAP=0.6337 | EMA_SliceAP=0.6098
  Epoch  26/35 | LR=2.01e-04 | TLoss=7.6867 | VLoss=39.9169 | AP@50=0.2844 | SliceAP=0.6139 | EMA_SliceAP=0.6110
  Epoch  27/35 | LR=1.68e-04 | TLoss=8.2361 | VLoss=39.0265 | AP@50=0.3520 | SliceAP=0.6535 | EMA_SliceAP=0.6238
  Epoch  28/35 | LR=1.37e-04 | TLoss=7.8823 | VLoss=39.7883 | AP@50=0.4024 | SliceAP=0.6436 | EMA_SliceAP=0.6297
  Epoch  29/35 | LR=1.09e-04 | TLoss=7.9261 | VLoss=39.4400 | AP@50=0.3160 | SliceAP=0.6337 | EMA_SliceAP=0.6309
  Epoch  30/35 | LR=8.40e-05 | TLoss=7.9096 | VLoss=37.8942 | AP@50=0.3282 | SliceAP=0.6238 | EMA_SliceAP=0.6287
  [Pruned at epoch 30]

[Trial 487] lr=5.65e-04  wd=2.23e-03  stride=5  bs=16  mosaic=0.48  ls=0.082  clahe=True  ssr=True  rbc=False  median=True(limit=5)  speckle=False(medium)  cp_p=0.66
ScanAwareSampler: 13 scans, 2306 total slices, stride=5 → ~467 slices/epoch (20% of training set per epoch)
  Epoch   1/35 | LR=5.65e-05 | TLoss=276.7337 | VLoss=306.7802 | AP@50=0.0028 | SliceAP=0.4851 | EMA_SliceAP=0.4851
  Epoch   2/35 | LR=1.20e-04 | TLoss=113.8884 | VLoss=123.1826 | AP@50=0.0000 | SliceAP=0.4158 | EMA_SliceAP=0.4644
  Epoch   3/35 | LR=1.84e-04 | TLoss=47.6504 | VLoss=54.1822 | AP@50=0.0003 | SliceAP=0.2376 | EMA_SliceAP=0.3963
  Epoch   4/35 | LR=2.47e-04 | TLoss=31.6233 | VLoss=40.9403 | AP@50=0.0175 | SliceAP=0.3861 | EMA_SliceAP=0.3933
  Epoch   5/35 | LR=3.11e-04 | TLoss=28.7663 | VLoss=43.2929 | AP@50=0.0078 | SliceAP=0.3762 | EMA_SliceAP=0.3882
  Epoch   6/35 | LR=3.74e-04 | TLoss=24.7232 | VLoss=44.9343 | AP@50=0.0248 | SliceAP=0.4851 | EMA_SliceAP=0.4173
  Epoch   7/35 | LR=4.38e-04 | TLoss=22.9533 | VLoss=40.5618 | AP@50=0.0668 | SliceAP=0.4752 | EMA_SliceAP=0.4347
  Epoch   8/35 | LR=5.02e-04 | TLoss=21.1173 | VLoss=36.7401 | AP@50=0.1785 | SliceAP=0.6634 | EMA_SliceAP=0.5033
  Epoch   9/35 | LR=5.65e-04 | TLoss=19.1945 | VLoss=34.6990 | AP@50=0.2278 | SliceAP=0.6436 | EMA_SliceAP=0.5454
  Epoch  10/35 | LR=5.63e-04 | TLoss=16.5389 | VLoss=36.8354 | AP@50=0.1668 | SliceAP=0.6535 | EMA_SliceAP=0.5778
  Epoch  11/35 | LR=5.58e-04 | TLoss=14.8049 | VLoss=38.2736 | AP@50=0.2126 | SliceAP=0.6436 | EMA_SliceAP=0.5975
  Epoch  12/35 | LR=5.48e-04 | TLoss=13.2613 | VLoss=35.4982 | AP@50=0.2787 | SliceAP=0.6040 | EMA_SliceAP=0.5995
  Epoch  13/35 | LR=5.36e-04 | TLoss=12.4943 | VLoss=35.0166 | AP@50=0.4178 | SliceAP=0.7030 | EMA_SliceAP=0.6305
  [CheckpointManager] WARNING: failed to save epoch 13 checkpoint ([enforce fail at inline_container.cc:668] . unexpected pos 37745984 vs 37745880); skipping — trial continues.
  Epoch  14/35 | LR=5.20e-04 | TLoss=12.6890 | VLoss=34.0096 | AP@50=0.2732 | SliceAP=0.5941 | EMA_SliceAP=0.6196
  [CheckpointManager] WARNING: failed to save epoch 14 checkpoint ([enforce fail at inline_container.cc:668] . unexpected pos 37745984 vs 37745880); skipping — trial continues.
  Epoch  15/35 | LR=5.00e-04 | TLoss=11.4304 | VLoss=33.3949 | AP@50=0.4516 | SliceAP=0.6337 | EMA_SliceAP=0.6238
  [CheckpointManager] WARNING: failed to save epoch 15 checkpoint ([enforce fail at inline_container.cc:668] . unexpected pos 37745984 vs 37745880); skipping — trial continues.
  Epoch  16/35 | LR=4.78e-04 | TLoss=11.0439 | VLoss=35.3643 | AP@50=0.3176 | SliceAP=0.7129 | EMA_SliceAP=0.6505
  [CheckpointManager] WARNING: failed to save epoch 16 checkpoint ([enforce fail at inline_container.cc:668] . unexpected pos 41806400 vs 41806304); skipping — trial continues.
  Epoch  17/35 | LR=4.53e-04 | TLoss=10.3700 | VLoss=33.3752 | AP@50=0.3818 | SliceAP=0.6832 | EMA_SliceAP=0.6603
  [CheckpointManager] WARNING: failed to save epoch 17 checkpoint ([enforce fail at inline_container.cc:668] . unexpected pos 3772736 vs 3772632); skipping — trial continues.
  Epoch  18/35 | LR=4.26e-04 | TLoss=10.3001 | VLoss=38.2392 | AP@50=0.3699 | SliceAP=0.6337 | EMA_SliceAP=0.6523
  [CheckpointManager] WARNING: failed to save epoch 18 checkpoint ([enforce fail at inline_container.cc:668] . unexpected pos 3772736 vs 3772632); skipping — trial continues.
  Epoch  19/35 | LR=3.98e-04 | TLoss=10.1627 | VLoss=32.7442 | AP@50=0.4443 | SliceAP=0.6733 | EMA_SliceAP=0.6586
  [CheckpointManager] WARNING: failed to save epoch 19 checkpoint ([enforce fail at inline_container.cc:668] . unexpected pos 96768 vs 96664); skipping — trial continues.
  Epoch  20/35 | LR=3.67e-04 | TLoss=9.3112 | VLoss=36.5047 | AP@50=0.3511 | SliceAP=0.6436 | EMA_SliceAP=0.6541
  [CheckpointManager] WARNING: failed to save epoch 20 checkpoint ([enforce fail at inline_container.cc:668] . unexpected pos 96768 vs 96664); skipping — trial continues.
  Epoch  21/35 | LR=3.36e-04 | TLoss=9.0364 | VLoss=33.8675 | AP@50=0.4579 | SliceAP=0.6634 | EMA_SliceAP=0.6569
  [CheckpointManager] WARNING: failed to save epoch 21 checkpoint ([enforce fail at inline_container.cc:668] . unexpected pos 96768 vs 96664); skipping — trial continues.
  Epoch  22/35 | LR=3.04e-04 | TLoss=8.8580 | VLoss=40.6632 | AP@50=0.3883 | SliceAP=0.6436 | EMA_SliceAP=0.6529
  [CheckpointManager] WARNING: failed to save epoch 22 checkpoint ([enforce fail at inline_container.cc:668] . unexpected pos 96768 vs 96664); skipping — trial continues.
  Epoch  23/35 | LR=2.71e-04 | TLoss=8.1404 | VLoss=34.3293 | AP@50=0.4472 | SliceAP=0.6634 | EMA_SliceAP=0.6560
  [CheckpointManager] WARNING: failed to save epoch 23 checkpoint ([enforce fail at inline_container.cc:668] . unexpected pos 96768 vs 96664); skipping — trial continues.
  Epoch  24/35 | LR=2.39e-04 | TLoss=7.9352 | VLoss=36.7959 | AP@50=0.4068 | SliceAP=0.6436 | EMA_SliceAP=0.6523
  [CheckpointManager] WARNING: failed to save epoch 24 checkpoint ([enforce fail at inline_container.cc:668] . unexpected pos 96768 vs 96664); skipping — trial continues.
  Epoch  25/35 | LR=2.08e-04 | TLoss=8.8592 | VLoss=33.2117 | AP@50=0.5316 | SliceAP=0.7129 | EMA_SliceAP=0.6705
  [CheckpointManager] WARNING: failed to save epoch 25 checkpoint ([enforce fail at inline_container.cc:668] . unexpected pos 96768 vs 96664); skipping — trial continues.
  Epoch  26/35 | LR=1.78e-04 | TLoss=7.9803 | VLoss=34.1753 | AP@50=0.4671 | SliceAP=0.6832 | EMA_SliceAP=0.6743
  [CheckpointManager] WARNING: failed to save epoch 26 checkpoint ([enforce fail at inline_container.cc:668] . unexpected pos 96768 vs 96664); skipping — trial continues.
  Epoch  27/35 | LR=1.49e-04 | TLoss=7.3394 | VLoss=34.3921 | AP@50=0.4719 | SliceAP=0.7030 | EMA_SliceAP=0.6829
  [CheckpointManager] WARNING: failed to save epoch 27 checkpoint ([enforce fail at inline_container.cc:668] . unexpected pos 41806400 vs 41806304); skipping — trial continues.
  Epoch  28/35 | LR=1.22e-04 | TLoss=7.3293 | VLoss=36.8108 | AP@50=0.4275 | SliceAP=0.6733 | EMA_SliceAP=0.6800
  [CheckpointManager] WARNING: failed to save epoch 28 checkpoint ([enforce fail at inline_container.cc:668] . unexpected pos 37745984 vs 37745880); skipping — trial continues.
  Epoch  29/35 | LR=9.71e-05 | TLoss=7.0878 | VLoss=33.2770 | AP@50=0.4046 | SliceAP=0.6733 | EMA_SliceAP=0.6780
  [CheckpointManager] WARNING: failed to save epoch 29 checkpoint ([enforce fail at inline_container.cc:668] . unexpected pos 37745984 vs 37745880); skipping — trial continues.
  Epoch  30/35 | LR=7.49e-05 | TLoss=6.8569 | VLoss=36.0518 | AP@50=0.4597 | SliceAP=0.6535 | EMA_SliceAP=0.6706
  [Pruned at epoch 30]

[Trial 508] lr=1.71e-03  wd=9.25e-04  stride=5  bs=8  mosaic=0.47  ls=0.064  clahe=False  ssr=True  rbc=False  median=True(limit=7)  speckle=True(light)  cp_p=0.69
ScanAwareSampler: 13 scans, 2306 total slices, stride=5 → ~467 slices/epoch (20% of training set per epoch)
  Epoch   1/35 | LR=1.71e-04 | TLoss=114.4775 | VLoss=53.6511 | AP@50=0.0001 | SliceAP=0.1782 | EMA_SliceAP=0.1782
  Epoch   2/35 | LR=3.63e-04 | TLoss=32.3106 | VLoss=42.9214 | AP@50=0.0015 | SliceAP=0.4158 | EMA_SliceAP=0.2495
  Epoch   3/35 | LR=5.56e-04 | TLoss=27.5534 | VLoss=39.0606 | AP@50=0.0843 | SliceAP=0.4653 | EMA_SliceAP=0.3143
  Epoch   4/35 | LR=7.48e-04 | TLoss=24.1330 | VLoss=37.2335 | AP@50=0.3009 | SliceAP=0.7129 | EMA_SliceAP=0.4338
  Epoch   5/35 | LR=9.41e-04 | TLoss=19.8410 | VLoss=36.6056 | AP@50=0.1325 | SliceAP=0.6337 | EMA_SliceAP=0.4938
  Epoch   6/35 | LR=1.13e-03 | TLoss=18.7229 | VLoss=32.6513 | AP@50=0.2829 | SliceAP=0.6337 | EMA_SliceAP=0.5358
  Epoch   7/35 | LR=1.33e-03 | TLoss=16.7109 | VLoss=38.4690 | AP@50=0.2952 | SliceAP=0.6139 | EMA_SliceAP=0.5592
  Epoch   8/35 | LR=1.52e-03 | TLoss=16.9336 | VLoss=39.2116 | AP@50=0.1323 | SliceAP=0.5644 | EMA_SliceAP=0.5607
  Epoch   9/35 | LR=1.71e-03 | TLoss=15.4917 | VLoss=37.0702 | AP@50=0.2960 | SliceAP=0.6832 | EMA_SliceAP=0.5975
  Epoch  10/35 | LR=1.70e-03 | TLoss=16.2861 | VLoss=37.2588 | AP@50=0.0746 | SliceAP=0.4554 | EMA_SliceAP=0.5549
  Epoch  11/35 | LR=1.69e-03 | TLoss=14.5070 | VLoss=32.6507 | AP@50=0.2252 | SliceAP=0.7426 | EMA_SliceAP=0.6112
  [CheckpointManager] WARNING: failed to save epoch 11 checkpoint ([enforce fail at inline_container.cc:668] . unexpected pos 7916096 vs 7915992); skipping — trial continues.
  Epoch  12/35 | LR=1.66e-03 | TLoss=12.9844 | VLoss=32.6720 | AP@50=0.3411 | SliceAP=0.6634 | EMA_SliceAP=0.6268
  [CheckpointManager] WARNING: failed to save epoch 12 checkpoint ([enforce fail at inline_container.cc:668] . unexpected pos 20942656 vs 20942552); skipping — trial continues.
  Epoch  13/35 | LR=1.62e-03 | TLoss=13.0094 | VLoss=35.9366 | AP@50=0.2323 | SliceAP=0.6535 | EMA_SliceAP=0.6348
  [CheckpointManager] WARNING: failed to save epoch 13 checkpoint ([enforce fail at inline_container.cc:668] . unexpected pos 20942656 vs 20942552); skipping — trial continues.
  Epoch  14/35 | LR=1.57e-03 | TLoss=12.6960 | VLoss=34.4150 | AP@50=0.2211 | SliceAP=0.7228 | EMA_SliceAP=0.6612
  [CheckpointManager] WARNING: failed to save epoch 14 checkpoint ([enforce fail at inline_container.cc:668] . unexpected pos 20942656 vs 20942552); skipping — trial continues.
  Epoch  15/35 | LR=1.51e-03 | TLoss=11.3737 | VLoss=38.4684 | AP@50=0.1459 | SliceAP=0.5050 | EMA_SliceAP=0.6143
  [CheckpointManager] WARNING: failed to save epoch 15 checkpoint ([enforce fail at inline_container.cc:668] . unexpected pos 20942656 vs 20942552); skipping — trial continues.
  Epoch  16/35 | LR=1.44e-03 | TLoss=11.0798 | VLoss=37.3043 | AP@50=0.2709 | SliceAP=0.6238 | EMA_SliceAP=0.6172
  [CheckpointManager] WARNING: failed to save epoch 16 checkpoint ([enforce fail at inline_container.cc:668] . unexpected pos 20942656 vs 20942552); skipping — trial continues.
  Epoch  17/35 | LR=1.37e-03 | TLoss=10.5633 | VLoss=37.2138 | AP@50=0.3099 | SliceAP=0.6634 | EMA_SliceAP=0.6310
  [CheckpointManager] WARNING: failed to save epoch 17 checkpoint ([enforce fail at inline_container.cc:668] . unexpected pos 20942656 vs 20942552); skipping — trial continues.
  Epoch  18/35 | LR=1.29e-03 | TLoss=9.8742 | VLoss=34.9954 | AP@50=0.3343 | SliceAP=0.5842 | EMA_SliceAP=0.6170
  [CheckpointManager] WARNING: failed to save epoch 18 checkpoint ([enforce fail at inline_container.cc:668] . unexpected pos 20942656 vs 20942552); skipping — trial continues.
  Epoch  19/35 | LR=1.20e-03 | TLoss=9.7476 | VLoss=38.4014 | AP@50=0.3402 | SliceAP=0.5545 | EMA_SliceAP=0.5982
  Epoch  20/35 | LR=1.10e-03 | TLoss=9.0048 | VLoss=35.5019 | AP@50=0.3549 | SliceAP=0.5050 | EMA_SliceAP=0.5702
  Epoch  21/35 | LR=1.01e-03 | TLoss=9.2608 | VLoss=35.5407 | AP@50=0.3353 | SliceAP=0.6535 | EMA_SliceAP=0.5952
  Epoch  22/35 | LR=9.10e-04 | TLoss=8.9628 | VLoss=36.3125 | AP@50=0.4399 | SliceAP=0.6931 | EMA_SliceAP=0.6246
  [CheckpointManager] WARNING: failed to save epoch 22 checkpoint ([enforce fail at inline_container.cc:668] . unexpected pos 12116288 vs 12116184); skipping — trial continues.
  [Early stop at epoch 22, best EMA SliceAP=0.6612]
  [Checkpoints] top-3 saved → /fs01/home/dhaneshr/code/obj-det-test/checkpoints/hparam_v5/trial_0508/swa_manifest.yaml

[Trial 513] lr=8.36e-04  wd=3.73e-03  stride=10  bs=8  mosaic=0.45  ls=0.065  clahe=False  ssr=True  rbc=False  median=True(limit=7)  speckle=False(medium)  cp_p=0.33
ScanAwareSampler: 13 scans, 2306 total slices, stride=10 → ~236 slices/epoch (10% of training set per epoch)
  Epoch   1/35 | LR=8.36e-05 | TLoss=325.3228 | VLoss=300.3216 | AP@50=0.0005 | SliceAP=0.4158 | EMA_SliceAP=0.4158
  Epoch   2/35 | LR=1.78e-04 | TLoss=114.8212 | VLoss=87.9480 | AP@50=0.0002 | SliceAP=0.3762 | EMA_SliceAP=0.4040
  Epoch   3/35 | LR=2.72e-04 | TLoss=43.8560 | VLoss=46.8095 | AP@50=0.0043 | SliceAP=0.3168 | EMA_SliceAP=0.3778
  Epoch   4/35 | LR=3.66e-04 | TLoss=32.9392 | VLoss=40.5351 | AP@50=0.0001 | SliceAP=0.0099 | EMA_SliceAP=0.2674
  Epoch   5/35 | LR=4.60e-04 | TLoss=33.9597 | VLoss=41.2127 | AP@50=0.0087 | SliceAP=0.4950 | EMA_SliceAP=0.3357
  Epoch   6/35 | LR=5.54e-04 | TLoss=31.5225 | VLoss=36.8325 | AP@50=0.1139 | SliceAP=0.4950 | EMA_SliceAP=0.3835
  Epoch   7/35 | LR=6.48e-04 | TLoss=24.3343 | VLoss=37.1328 | AP@50=0.0773 | SliceAP=0.4356 | EMA_SliceAP=0.3992
  Epoch   8/35 | LR=7.42e-04 | TLoss=24.7292 | VLoss=37.3951 | AP@50=0.2958 | SliceAP=0.5446 | EMA_SliceAP=0.4428
  Epoch   9/35 | LR=8.36e-04 | TLoss=22.2785 | VLoss=35.0569 | AP@50=0.2475 | SliceAP=0.7327 | EMA_SliceAP=0.5297
  Epoch  10/35 | LR=8.33e-04 | TLoss=19.8417 | VLoss=38.0800 | AP@50=0.0740 | SliceAP=0.5446 | EMA_SliceAP=0.5342
  [Pruned at epoch 10]

[Trial 516] lr=6.00e-04  wd=1.89e-03  stride=5  bs=8  mosaic=0.51  ls=0.068  clahe=False  ssr=True  rbc=False  median=True(limit=7)  speckle=False(light)  cp_p=0.68
ScanAwareSampler: 13 scans, 2306 total slices, stride=5 → ~467 slices/epoch (20% of training set per epoch)
  Epoch   1/35 | LR=6.00e-05 | TLoss=234.5625 | VLoss=226.2266 | AP@50=0.0004 | SliceAP=0.6436 | EMA_SliceAP=0.6436
  [CheckpointManager] WARNING: failed to save epoch 1 checkpoint ([enforce fail at inline_container.cc:668] . unexpected pos 15538752 vs 15538648); skipping — trial continues.
  Epoch   2/35 | LR=1.27e-04 | TLoss=65.2316 | VLoss=63.5470 | AP@50=0.0012 | SliceAP=0.3663 | EMA_SliceAP=0.5604
  Epoch   3/35 | LR=1.95e-04 | TLoss=31.0872 | VLoss=50.1708 | AP@50=0.0110 | SliceAP=0.2178 | EMA_SliceAP=0.4576
  Epoch   4/35 | LR=2.62e-04 | TLoss=27.4488 | VLoss=40.6732 | AP@50=0.0258 | SliceAP=0.5050 | EMA_SliceAP=0.4718
  Epoch   5/35 | LR=3.30e-04 | TLoss=25.4565 | VLoss=47.2969 | AP@50=0.0838 | SliceAP=0.5446 | EMA_SliceAP=0.4936
  Epoch   6/35 | LR=3.97e-04 | TLoss=20.7114 | VLoss=37.6587 | AP@50=0.2354 | SliceAP=0.6436 | EMA_SliceAP=0.5386
  Epoch   7/35 | LR=4.65e-04 | TLoss=17.1712 | VLoss=35.4585 | AP@50=0.2538 | SliceAP=0.6832 | EMA_SliceAP=0.5820
  Epoch   8/35 | LR=5.32e-04 | TLoss=16.5879 | VLoss=40.8197 | AP@50=0.1150 | SliceAP=0.4851 | EMA_SliceAP=0.5529
  Epoch   9/35 | LR=6.00e-04 | TLoss=14.6542 | VLoss=36.1641 | AP@50=0.1703 | SliceAP=0.5941 | EMA_SliceAP=0.5653
  [Early stop at epoch 9, best EMA SliceAP=0.6436]
  [Checkpoints] top-3 saved → /fs01/home/dhaneshr/code/obj-det-test/checkpoints/hparam_v5/trial_0516/swa_manifest.yaml

[Trial 517] lr=6.36e-04  wd=1.18e-03  stride=5  bs=8  mosaic=0.45  ls=0.066  clahe=False  ssr=True  rbc=False  median=True(limit=7)  speckle=False(light)  cp_p=0.69
ScanAwareSampler: 13 scans, 2306 total slices, stride=5 → ~467 slices/epoch (20% of training set per epoch)
  Epoch   1/35 | LR=6.36e-05 | TLoss=220.0399 | VLoss=213.3876 | AP@50=0.0002 | SliceAP=0.3663 | EMA_SliceAP=0.3663
  Epoch   2/35 | LR=1.35e-04 | TLoss=63.5390 | VLoss=65.4818 | AP@50=0.0008 | SliceAP=0.3069 | EMA_SliceAP=0.3485
  Epoch   3/35 | LR=2.07e-04 | TLoss=35.0318 | VLoss=42.0637 | AP@50=0.0004 | SliceAP=0.0792 | EMA_SliceAP=0.2677
  Epoch   4/35 | LR=2.78e-04 | TLoss=30.5497 | VLoss=37.8017 | AP@50=0.0016 | SliceAP=0.1980 | EMA_SliceAP=0.2468
  Epoch   5/35 | LR=3.50e-04 | TLoss=28.8092 | VLoss=39.7544 | AP@50=0.0057 | SliceAP=0.3366 | EMA_SliceAP=0.2738
  Epoch   6/35 | LR=4.21e-04 | TLoss=24.7219 | VLoss=38.9299 | AP@50=0.2460 | SliceAP=0.5248 | EMA_SliceAP=0.3491
  Epoch   7/35 | LR=4.93e-04 | TLoss=19.8765 | VLoss=40.6337 | AP@50=0.1250 | SliceAP=0.4950 | EMA_SliceAP=0.3929
  Epoch   8/35 | LR=5.64e-04 | TLoss=17.7952 | VLoss=36.1860 | AP@50=0.1392 | SliceAP=0.3960 | EMA_SliceAP=0.3938
  Epoch   9/35 | LR=6.36e-04 | TLoss=17.4538 | VLoss=36.9492 | AP@50=0.2463 | SliceAP=0.7228 | EMA_SliceAP=0.4925
  Epoch  10/35 | LR=6.34e-04 | TLoss=14.6316 | VLoss=34.4760 | AP@50=0.1734 | SliceAP=0.6238 | EMA_SliceAP=0.5319
  Epoch  11/35 | LR=6.27e-04 | TLoss=12.3388 | VLoss=37.3623 | AP@50=0.1778 | SliceAP=0.5446 | EMA_SliceAP=0.5357
  Epoch  12/35 | LR=6.17e-04 | TLoss=12.9127 | VLoss=32.3411 | AP@50=0.3891 | SliceAP=0.6832 | EMA_SliceAP=0.5799
  Epoch  13/35 | LR=6.02e-04 | TLoss=11.2738 | VLoss=37.0834 | AP@50=0.3290 | SliceAP=0.6535 | EMA_SliceAP=0.6020
  [CheckpointManager] WARNING: failed to save epoch 13 checkpoint ([enforce fail at inline_container.cc:668] . unexpected pos 32015680 vs 32015576); skipping — trial continues.
  Epoch  14/35 | LR=5.84e-04 | TLoss=10.4712 | VLoss=31.8051 | AP@50=0.4839 | SliceAP=0.7030 | EMA_SliceAP=0.6323
  [CheckpointManager] WARNING: failed to save epoch 14 checkpoint ([enforce fail at inline_container.cc:668] . unexpected pos 32015680 vs 32015576); skipping — trial continues.
  Epoch  15/35 | LR=5.62e-04 | TLoss=10.7120 | VLoss=33.9227 | AP@50=0.3259 | SliceAP=0.6634 | EMA_SliceAP=0.6416
  [CheckpointManager] WARNING: failed to save epoch 15 checkpoint ([enforce fail at inline_container.cc:668] . unexpected pos 32015680 vs 32015576); skipping — trial continues.
  Epoch  16/35 | LR=5.37e-04 | TLoss=9.7908 | VLoss=35.6440 | AP@50=0.3844 | SliceAP=0.7327 | EMA_SliceAP=0.6689
  [CheckpointManager] WARNING: failed to save epoch 16 checkpoint ([enforce fail at inline_container.cc:668] . unexpected pos 32015680 vs 32015576); skipping — trial continues.
  Epoch  17/35 | LR=5.10e-04 | TLoss=9.5216 | VLoss=36.4697 | AP@50=0.3189 | SliceAP=0.6040 | EMA_SliceAP=0.6494
  [CheckpointManager] WARNING: failed to save epoch 17 checkpoint ([enforce fail at inline_container.cc:668] . unexpected pos 32015680 vs 32015576); skipping — trial continues.
  Epoch  18/35 | LR=4.79e-04 | TLoss=9.0381 | VLoss=35.1449 | AP@50=0.3274 | SliceAP=0.6832 | EMA_SliceAP=0.6596
  [CheckpointManager] WARNING: failed to save epoch 18 checkpoint ([enforce fail at inline_container.cc:668] . unexpected pos 32015680 vs 32015576); skipping — trial continues.
  Epoch  19/35 | LR=4.47e-04 | TLoss=9.1282 | VLoss=33.2693 | AP@50=0.2657 | SliceAP=0.7327 | EMA_SliceAP=0.6815
  [CheckpointManager] WARNING: failed to save epoch 19 checkpoint ([enforce fail at inline_container.cc:668] . unexpected pos 32015680 vs 32015576); skipping — trial continues.
  Epoch  20/35 | LR=4.13e-04 | TLoss=8.9051 | VLoss=35.4966 | AP@50=0.3216 | SliceAP=0.6436 | EMA_SliceAP=0.6701
  [CheckpointManager] WARNING: failed to save epoch 20 checkpoint ([enforce fail at inline_container.cc:668] . unexpected pos 32015680 vs 32015576); skipping — trial continues.
  Epoch  21/35 | LR=3.77e-04 | TLoss=8.4021 | VLoss=33.7954 | AP@50=0.3195 | SliceAP=0.6832 | EMA_SliceAP=0.6740
  [CheckpointManager] WARNING: failed to save epoch 21 checkpoint ([enforce fail at inline_container.cc:668] . unexpected pos 32015680 vs 32015576); skipping — trial continues.
  Epoch  22/35 | LR=3.41e-04 | TLoss=7.9886 | VLoss=38.0976 | AP@50=0.2238 | SliceAP=0.6337 | EMA_SliceAP=0.6619
  [CheckpointManager] WARNING: failed to save epoch 22 checkpoint ([enforce fail at inline_container.cc:668] . unexpected pos 32015680 vs 32015576); skipping — trial continues.
  Epoch  23/35 | LR=3.05e-04 | TLoss=7.6781 | VLoss=33.7440 | AP@50=0.4092 | SliceAP=0.6931 | EMA_SliceAP=0.6713
  [CheckpointManager] WARNING: failed to save epoch 23 checkpoint ([enforce fail at inline_container.cc:668] . unexpected pos 32015680 vs 32015576); skipping — trial continues.
  Epoch  24/35 | LR=2.68e-04 | TLoss=7.4693 | VLoss=35.4037 | AP@50=0.3631 | SliceAP=0.5941 | EMA_SliceAP=0.6481
  [CheckpointManager] WARNING: failed to save epoch 24 checkpoint ([enforce fail at inline_container.cc:668] . unexpected pos 32015680 vs 32015576); skipping — trial continues.
  Epoch  25/35 | LR=2.33e-04 | TLoss=6.9866 | VLoss=35.7240 | AP@50=0.3663 | SliceAP=0.6238 | EMA_SliceAP=0.6408
  [CheckpointManager] WARNING: failed to save epoch 25 checkpoint ([enforce fail at inline_container.cc:668] . unexpected pos 32015680 vs 32015576); skipping — trial continues.
  Epoch  26/35 | LR=1.99e-04 | TLoss=7.0078 | VLoss=35.3257 | AP@50=0.3595 | SliceAP=0.6832 | EMA_SliceAP=0.6535
  [CheckpointManager] WARNING: failed to save epoch 26 checkpoint ([enforce fail at inline_container.cc:668] . unexpected pos 32015680 vs 32015576); skipping — trial continues.
  Epoch  27/35 | LR=1.66e-04 | TLoss=7.1575 | VLoss=36.0846 | AP@50=0.3683 | SliceAP=0.6535 | EMA_SliceAP=0.6535
  [CheckpointManager] WARNING: failed to save epoch 27 checkpoint ([enforce fail at inline_container.cc:668] . unexpected pos 32015680 vs 32015576); skipping — trial continues.
  [Early stop at epoch 27, best EMA SliceAP=0.6815]
  [Checkpoints] top-3 saved → /fs01/home/dhaneshr/code/obj-det-test/checkpoints/hparam_v5/trial_0517/swa_manifest.yaml

=== Worker done | Completed: 202 | Pruned: 235 ===
Best EMA SliceAP@50 across all workers: 0.7500
Best params: {'learning_rate': 0.0008429170022484867, 'weight_decay': 0.003959664482397866, 'mosaic_prob': 0.3236212685407541, 'label_smooth': 0.0785569963656005, 'copy_paste_p': 0.4936612542488167, 'slice_stride': 10, 'batch_size': 16, 'use_clahe': False, 'use_shift_scale_rotate': True, 'use_brightness_contrast': False, 'use_median_blur': True, 'median_blur_limit': 3, 'use_speckle_noise': False, 'speckle_level': 'light'}

Saving top-5 configs to train/config/
  Rank  1 | SliceAP=0.7500 | {'learning_rate': 0.0008429170022484867, 'weight_decay': 0.003959664482397866, 'mosaic_prob': 0.3236212685407541, 'label_smooth': 0.0785569963656005, 'copy_paste_p': 0.4936612542488167, 'slice_stride': 10, 'batch_size': 16, 'use_clahe': False, 'use_shift_scale_rotate': True, 'use_brightness_contrast': False, 'use_median_blur': True, 'median_blur_limit': 3, 'use_speckle_noise': False, 'speckle_level': 'light'} → hparam_v5_rank01_sliceap0.7500.yaml
  Rank  2 | SliceAP=0.7354 | {'learning_rate': 0.0003986356095300661, 'weight_decay': 0.0008184536335034803, 'mosaic_prob': 0.39925159231236523, 'label_smooth': 0.08656560788058495, 'copy_paste_p': 0.2607812711893872, 'slice_stride': 10, 'batch_size': 16, 'use_clahe': True, 'use_shift_scale_rotate': True, 'use_brightness_contrast': False, 'use_median_blur': True, 'median_blur_limit': 5, 'use_speckle_noise': False, 'speckle_level': 'medium'} → hparam_v5_rank02_sliceap0.7354.yaml
  Rank  3 | SliceAP=0.7289 | {'learning_rate': 0.0010573285181248791, 'weight_decay': 0.0009805711381455752, 'mosaic_prob': 0.4849570091206274, 'label_smooth': 0.06826033352830266, 'copy_paste_p': 0.6657024265231213, 'slice_stride': 10, 'batch_size': 16, 'use_clahe': False, 'use_shift_scale_rotate': True, 'use_brightness_contrast': False, 'use_median_blur': True, 'median_blur_limit': 5, 'use_speckle_noise': True, 'speckle_level': 'light'} → hparam_v5_rank03_sliceap0.7289.yaml
  Rank  4 | SliceAP=0.7226 | {'learning_rate': 0.0006111637950915517, 'weight_decay': 0.0013113903481051876, 'mosaic_prob': 0.3811807846071478, 'label_smooth': 0.10324127742588578, 'copy_paste_p': 0.32400213637436137, 'slice_stride': 10, 'batch_size': 8, 'use_clahe': True, 'use_shift_scale_rotate': True, 'use_brightness_contrast': False, 'use_median_blur': True, 'median_blur_limit': 7, 'use_speckle_noise': False, 'speckle_level': 'medium'} → hparam_v5_rank04_sliceap0.7226.yaml
  Rank  5 | SliceAP=0.7200 | {'learning_rate': 0.0008707839533447586, 'weight_decay': 0.0005757261670218325, 'mosaic_prob': 0.6726633168632645, 'label_smooth': 0.08888718601656813, 'copy_paste_p': 0.21558603956491457, 'slice_stride': 10, 'batch_size': 16, 'use_clahe': True, 'use_shift_scale_rotate': True, 'use_brightness_contrast': False, 'use_median_blur': True, 'median_blur_limit': 5, 'use_speckle_noise': False, 'speckle_level': 'medium'} → hparam_v5_rank05_sliceap0.7200.yaml

Best config (EMA SliceAP@50=0.7500) → train/config/best_hyperparams_v5.yaml
Task 12 completed at: Wed Mar 18 01:27:04 AM EDT 2026
