Job array    : 994, task 3
Node         : bn036
Started at   : Thu Mar 19 11:24:03 AM EDT 2026
Config       : train/config/best_hyperparams_v5_pu_loss.yaml
Study        : yoloe_hparam_search_v6 @ sqlite:////fs01/home/dhaneshr/code/obj-det-test/optuna_studies/yoloe_hparam_search_v6.db
Trials       : 15 (this worker)
Epochs/trial : 35 (max, EMA early stopping patience=8)
Checkpoints  : top-3 per trial (min EMA=0.6) → /fs01/home/dhaneshr/code/obj-det-test/checkpoints/hparam_v6
Study name   : yoloe_hparam_search_v6
Storage      : sqlite:////fs01/home/dhaneshr/code/obj-det-test/optuna_studies/yoloe_hparam_search_v6.db
Trials       : 15 (this worker)
Epochs/trial : 35 (max, EMA early stopping patience=8)
EMA alpha    : 0.3
Checkpoints  : top-3 per trial → /fs01/home/dhaneshr/code/obj-det-test/checkpoints/hparam_v6

[Trial 42] lr=4.33e-04  wd=3.68e-02  stride=10  bs=16  mosaic=0.67  ls=0.090  clahe=True  ssr=True  rbc=False  median=True(limit=5)  speckle=False(medium)  cp_p=0.28
ScanAwareSampler: 13 scans, 2306 total slices, stride=10 → ~236 slices/epoch (10% of training set per epoch)
  Epoch   1/35 | LR=4.33e-05 | TLoss=192.5255 | VLoss=201.2581 | AP@50=0.0002 | SliceAP=0.1782 | EMA_SliceAP=0.1782
  Epoch   2/35 | LR=9.20e-05 | TLoss=143.6595 | VLoss=151.7372 | AP@50=0.0103 | SliceAP=0.3663 | EMA_SliceAP=0.2347
  Epoch   3/35 | LR=1.41e-04 | TLoss=85.5012 | VLoss=114.9746 | AP@50=0.0003 | SliceAP=0.3366 | EMA_SliceAP=0.2652
  Epoch   4/35 | LR=1.89e-04 | TLoss=51.8290 | VLoss=71.1605 | AP@50=0.0019 | SliceAP=0.3168 | EMA_SliceAP=0.2807
  Epoch   5/35 | LR=2.38e-04 | TLoss=34.5993 | VLoss=49.5828 | AP@50=0.0002 | SliceAP=0.1287 | EMA_SliceAP=0.2351
  Epoch   6/35 | LR=2.87e-04 | TLoss=27.4547 | VLoss=39.2290 | AP@50=0.0033 | SliceAP=0.2574 | EMA_SliceAP=0.2418
  Epoch   7/35 | LR=3.35e-04 | TLoss=26.6397 | VLoss=38.9414 | AP@50=0.0000 | SliceAP=0.0198 | EMA_SliceAP=0.1752
  Epoch   8/35 | LR=3.84e-04 | TLoss=25.0004 | VLoss=37.6325 | AP@50=0.0016 | SliceAP=0.0990 | EMA_SliceAP=0.1523
  Epoch   9/35 | LR=4.33e-04 | TLoss=24.9446 | VLoss=39.2845 | AP@50=0.0292 | SliceAP=0.2970 | EMA_SliceAP=0.1958
  Epoch  10/35 | LR=4.31e-04 | TLoss=21.7310 | VLoss=37.3209 | AP@50=0.0085 | SliceAP=0.2772 | EMA_SliceAP=0.2202
  Epoch  11/35 | LR=4.27e-04 | TLoss=20.7856 | VLoss=37.7111 | AP@50=0.1175 | SliceAP=0.6139 | EMA_SliceAP=0.3383
  Epoch  12/35 | LR=4.20e-04 | TLoss=19.5834 | VLoss=36.3542 | AP@50=0.1371 | SliceAP=0.4752 | EMA_SliceAP=0.3794
  Epoch  13/35 | LR=4.10e-04 | TLoss=16.2696 | VLoss=29.7656 | AP@50=0.1319 | SliceAP=0.6139 | EMA_SliceAP=0.4497
  Epoch  14/35 | LR=3.98e-04 | TLoss=15.7706 | VLoss=38.0725 | AP@50=0.1542 | SliceAP=0.5446 | EMA_SliceAP=0.4782
  Epoch  15/35 | LR=3.83e-04 | TLoss=13.7092 | VLoss=36.2747 | AP@50=0.1987 | SliceAP=0.4356 | EMA_SliceAP=0.4654
  Epoch  16/35 | LR=3.67e-04 | TLoss=13.7875 | VLoss=36.7410 | AP@50=0.2512 | SliceAP=0.6139 | EMA_SliceAP=0.5099
  Epoch  17/35 | LR=3.48e-04 | TLoss=12.6065 | VLoss=32.8607 | AP@50=0.1253 | SliceAP=0.6139 | EMA_SliceAP=0.5411
  Epoch  18/35 | LR=3.27e-04 | TLoss=11.4900 | VLoss=33.7965 | AP@50=0.1676 | SliceAP=0.5743 | EMA_SliceAP=0.5511
  Epoch  19/35 | LR=3.05e-04 | TLoss=10.9764 | VLoss=33.5698 | AP@50=0.2632 | SliceAP=0.6931 | EMA_SliceAP=0.5937
  Epoch  20/35 | LR=2.82e-04 | TLoss=11.3299 | VLoss=35.8144 | AP@50=0.2674 | SliceAP=0.7129 | EMA_SliceAP=0.6294
  Epoch  21/35 | LR=2.58e-04 | TLoss=9.7838 | VLoss=33.7967 | AP@50=0.1769 | SliceAP=0.6436 | EMA_SliceAP=0.6337
  Epoch  22/35 | LR=2.34e-04 | TLoss=9.2084 | VLoss=34.9136 | AP@50=0.1502 | SliceAP=0.6535 | EMA_SliceAP=0.6396
  Epoch  23/35 | LR=2.09e-04 | TLoss=9.3189 | VLoss=35.3674 | AP@50=0.1888 | SliceAP=0.6238 | EMA_SliceAP=0.6349
  Epoch  24/35 | LR=1.85e-04 | TLoss=9.0333 | VLoss=33.9689 | AP@50=0.1811 | SliceAP=0.6832 | EMA_SliceAP=0.6493
  Epoch  25/35 | LR=1.61e-04 | TLoss=9.2284 | VLoss=31.2702 | AP@50=0.1751 | SliceAP=0.6634 | EMA_SliceAP=0.6536
  Epoch  26/35 | LR=1.38e-04 | TLoss=7.7955 | VLoss=35.1170 | AP@50=0.2050 | SliceAP=0.6238 | EMA_SliceAP=0.6446
  Epoch  27/35 | LR=1.16e-04 | TLoss=8.0898 | VLoss=33.7124 | AP@50=0.2797 | SliceAP=0.6733 | EMA_SliceAP=0.6532
  Epoch  28/35 | LR=9.52e-05 | TLoss=7.9772 | VLoss=32.3228 | AP@50=0.2112 | SliceAP=0.6733 | EMA_SliceAP=0.6592
  Epoch  29/35 | LR=7.63e-05 | TLoss=7.7218 | VLoss=32.7073 | AP@50=0.2710 | SliceAP=0.7129 | EMA_SliceAP=0.6753
  Epoch  30/35 | LR=5.95e-05 | TLoss=7.6973 | VLoss=32.8832 | AP@50=0.3145 | SliceAP=0.7129 | EMA_SliceAP=0.6866
  Epoch  31/35 | LR=4.48e-05 | TLoss=7.6821 | VLoss=33.1019 | AP@50=0.2759 | SliceAP=0.7129 | EMA_SliceAP=0.6945
  Epoch  32/35 | LR=3.25e-05 | TLoss=7.3309 | VLoss=32.7593 | AP@50=0.2430 | SliceAP=0.7030 | EMA_SliceAP=0.6970
  Epoch  33/35 | LR=2.28e-05 | TLoss=7.1307 | VLoss=32.8946 | AP@50=0.2567 | SliceAP=0.7129 | EMA_SliceAP=0.7018
  Epoch  34/35 | LR=1.57e-05 | TLoss=7.6045 | VLoss=32.8237 | AP@50=0.2540 | SliceAP=0.7129 | EMA_SliceAP=0.7051
  Epoch  35/35 | LR=1.14e-05 | TLoss=7.3111 | VLoss=32.9257 | AP@50=0.2682 | SliceAP=0.7030 | EMA_SliceAP=0.7045
  [Checkpoints] top-3 saved → /fs01/home/dhaneshr/code/obj-det-test/checkpoints/hparam_v6/trial_0042/swa_manifest.yaml

[Trial 82] lr=1.80e-03  wd=1.15e-02  stride=5  bs=32  mosaic=0.78  ls=0.057  clahe=False  ssr=False  rbc=True  median=False(limit=3)  speckle=True(light)  cp_p=0.21
ScanAwareSampler: 13 scans, 2306 total slices, stride=5 → ~467 slices/epoch (20% of training set per epoch)
  Epoch   1/35 | LR=1.80e-04 | TLoss=140.4550 | VLoss=103.8448 | AP@50=0.0000 | SliceAP=0.1881 | EMA_SliceAP=0.1881
  Epoch   2/35 | LR=3.83e-04 | TLoss=35.5533 | VLoss=46.3426 | AP@50=0.0000 | SliceAP=0.0792 | EMA_SliceAP=0.1554
  Epoch   3/35 | LR=5.86e-04 | TLoss=24.1263 | VLoss=42.8389 | AP@50=0.0002 | SliceAP=0.2475 | EMA_SliceAP=0.1831
  Epoch   4/35 | LR=7.88e-04 | TLoss=21.1222 | VLoss=38.6793 | AP@50=0.0055 | SliceAP=0.4455 | EMA_SliceAP=0.2618
  Epoch   5/35 | LR=9.91e-04 | TLoss=20.1497 | VLoss=40.0060 | AP@50=0.0060 | SliceAP=0.3564 | EMA_SliceAP=0.2902
  Epoch   6/35 | LR=1.19e-03 | TLoss=16.5233 | VLoss=40.0200 | AP@50=0.0145 | SliceAP=0.3663 | EMA_SliceAP=0.3130
  Epoch   7/35 | LR=1.40e-03 | TLoss=14.0339 | VLoss=31.3614 | AP@50=0.1131 | SliceAP=0.5743 | EMA_SliceAP=0.3914
  Epoch   8/35 | LR=1.60e-03 | TLoss=11.2214 | VLoss=37.7448 | AP@50=0.1123 | SliceAP=0.4257 | EMA_SliceAP=0.4017
  Epoch   9/35 | LR=1.80e-03 | TLoss=10.6646 | VLoss=35.4914 | AP@50=0.2594 | SliceAP=0.5347 | EMA_SliceAP=0.4416
  Epoch  10/35 | LR=1.80e-03 | TLoss=10.2624 | VLoss=34.4548 | AP@50=0.1659 | SliceAP=0.5248 | EMA_SliceAP=0.4665
  Epoch  11/35 | LR=1.78e-03 | TLoss=8.9224 | VLoss=38.3407 | AP@50=0.1091 | SliceAP=0.4158 | EMA_SliceAP=0.4513
  Epoch  12/35 | LR=1.75e-03 | TLoss=7.4824 | VLoss=36.3983 | AP@50=0.0531 | SliceAP=0.3564 | EMA_SliceAP=0.4229
  Epoch  13/35 | LR=1.71e-03 | TLoss=7.4502 | VLoss=36.7322 | AP@50=0.2909 | SliceAP=0.5248 | EMA_SliceAP=0.4534
  Epoch  14/35 | LR=1.65e-03 | TLoss=7.3506 | VLoss=32.3926 | AP@50=0.2926 | SliceAP=0.5644 | EMA_SliceAP=0.4867
  Epoch  15/35 | LR=1.59e-03 | TLoss=6.1403 | VLoss=37.6346 | AP@50=0.2461 | SliceAP=0.4257 | EMA_SliceAP=0.4684
  Epoch  16/35 | LR=1.52e-03 | TLoss=6.2821 | VLoss=34.7914 | AP@50=0.2524 | SliceAP=0.5149 | EMA_SliceAP=0.4823
  Epoch  17/35 | LR=1.44e-03 | TLoss=5.6532 | VLoss=38.2778 | AP@50=0.2700 | SliceAP=0.4950 | EMA_SliceAP=0.4862
  Epoch  18/35 | LR=1.35e-03 | TLoss=5.5436 | VLoss=35.8283 | AP@50=0.1713 | SliceAP=0.4752 | EMA_SliceAP=0.4829
  Epoch  19/35 | LR=1.26e-03 | TLoss=5.1634 | VLoss=34.9880 | AP@50=0.2223 | SliceAP=0.5743 | EMA_SliceAP=0.5103
  Epoch  20/35 | LR=1.16e-03 | TLoss=4.6063 | VLoss=34.3488 | AP@50=0.4066 | SliceAP=0.6040 | EMA_SliceAP=0.5384
  Epoch  21/35 | LR=1.06e-03 | TLoss=4.4566 | VLoss=34.8549 | AP@50=0.2451 | SliceAP=0.5347 | EMA_SliceAP=0.5373
  Epoch  22/35 | LR=9.58e-04 | TLoss=4.2983 | VLoss=34.2633 | AP@50=0.2965 | SliceAP=0.5248 | EMA_SliceAP=0.5335
  Epoch  23/35 | LR=8.54e-04 | TLoss=4.2770 | VLoss=31.7755 | AP@50=0.3393 | SliceAP=0.6436 | EMA_SliceAP=0.5665
  Epoch  24/35 | LR=7.50e-04 | TLoss=3.8484 | VLoss=34.7569 | AP@50=0.2972 | SliceAP=0.5644 | EMA_SliceAP=0.5659
  Epoch  25/35 | LR=6.49e-04 | TLoss=3.5232 | VLoss=35.8562 | AP@50=0.1778 | SliceAP=0.5743 | EMA_SliceAP=0.5684
  Epoch  26/35 | LR=5.51e-04 | TLoss=3.6406 | VLoss=34.3922 | AP@50=0.2530 | SliceAP=0.5743 | EMA_SliceAP=0.5702
  Epoch  27/35 | LR=4.58e-04 | TLoss=3.4140 | VLoss=34.2086 | AP@50=0.2146 | SliceAP=0.5644 | EMA_SliceAP=0.5684
  Epoch  28/35 | LR=3.71e-04 | TLoss=3.3303 | VLoss=34.5321 | AP@50=0.3115 | SliceAP=0.6040 | EMA_SliceAP=0.5791
  Epoch  29/35 | LR=2.91e-04 | TLoss=3.1483 | VLoss=34.6150 | AP@50=0.2512 | SliceAP=0.5545 | EMA_SliceAP=0.5717
  Epoch  30/35 | LR=2.20e-04 | TLoss=2.9468 | VLoss=35.0421 | AP@50=0.2511 | SliceAP=0.5446 | EMA_SliceAP=0.5635
  [Pruned at epoch 30]

[Trial 113] lr=3.30e-04  wd=3.38e-04  stride=10  bs=16  mosaic=0.47  ls=0.149  clahe=True  ssr=True  rbc=False  median=True(limit=5)  speckle=False(medium)  cp_p=0.49
ScanAwareSampler: 13 scans, 2306 total slices, stride=10 → ~236 slices/epoch (10% of training set per epoch)
  Epoch   1/35 | LR=3.30e-05 | TLoss=194.1059 | VLoss=192.4779 | AP@50=0.0010 | SliceAP=0.1782 | EMA_SliceAP=0.1782
  Epoch   2/35 | LR=7.01e-05 | TLoss=163.3089 | VLoss=153.1423 | AP@50=0.0000 | SliceAP=0.2871 | EMA_SliceAP=0.2109
  Epoch   3/35 | LR=1.07e-04 | TLoss=115.9875 | VLoss=126.9332 | AP@50=0.0012 | SliceAP=0.5941 | EMA_SliceAP=0.3258
  Epoch   4/35 | LR=1.44e-04 | TLoss=61.3850 | VLoss=83.0553 | AP@50=0.0002 | SliceAP=0.4257 | EMA_SliceAP=0.3558
  Epoch   5/35 | LR=1.82e-04 | TLoss=42.9665 | VLoss=51.6429 | AP@50=0.0006 | SliceAP=0.3069 | EMA_SliceAP=0.3411
  Epoch   6/35 | LR=2.19e-04 | TLoss=33.5899 | VLoss=44.7724 | AP@50=0.0015 | SliceAP=0.0792 | EMA_SliceAP=0.2626
  Epoch   7/35 | LR=2.56e-04 | TLoss=30.9042 | VLoss=38.5288 | AP@50=0.0003 | SliceAP=0.0495 | EMA_SliceAP=0.1986
  Epoch   8/35 | LR=2.93e-04 | TLoss=27.7041 | VLoss=34.3480 | AP@50=0.0002 | SliceAP=0.0198 | EMA_SliceAP=0.1450
  Epoch   9/35 | LR=3.30e-04 | TLoss=27.2217 | VLoss=40.5288 | AP@50=0.0214 | SliceAP=0.2376 | EMA_SliceAP=0.1728
  Epoch  10/35 | LR=3.29e-04 | TLoss=25.7886 | VLoss=34.6855 | AP@50=0.0554 | SliceAP=0.2574 | EMA_SliceAP=0.1982
  [Pruned at epoch 10]

[Trial 124] lr=2.75e-03  wd=4.92e-02  stride=10  bs=16  mosaic=0.30  ls=0.080  clahe=True  ssr=False  rbc=False  median=False(limit=5)  speckle=False(medium)  cp_p=0.31
ScanAwareSampler: 13 scans, 2306 total slices, stride=10 → ~236 slices/epoch (10% of training set per epoch)
  Epoch   1/35 | LR=2.75e-04 | TLoss=145.5326 | VLoss=108.0504 | AP@50=0.0007 | SliceAP=0.2079 | EMA_SliceAP=0.2079
  Epoch   2/35 | LR=5.84e-04 | TLoss=51.7195 | VLoss=43.2157 | AP@50=0.0002 | SliceAP=0.0891 | EMA_SliceAP=0.1723
  Epoch   3/35 | LR=8.93e-04 | TLoss=34.3622 | VLoss=34.2684 | AP@50=0.0002 | SliceAP=0.0396 | EMA_SliceAP=0.1325
  Epoch   4/35 | LR=1.20e-03 | TLoss=33.9904 | VLoss=40.3123 | AP@50=0.0001 | SliceAP=0.0198 | EMA_SliceAP=0.0987
  Epoch   5/35 | LR=1.51e-03 | TLoss=31.0528 | VLoss=38.1942 | AP@50=0.0116 | SliceAP=0.1683 | EMA_SliceAP=0.1196
  Epoch   6/35 | LR=1.82e-03 | TLoss=29.8376 | VLoss=37.3901 | AP@50=0.0359 | SliceAP=0.5248 | EMA_SliceAP=0.2411
  Epoch   7/35 | LR=2.13e-03 | TLoss=29.2742 | VLoss=37.7394 | AP@50=0.0318 | SliceAP=0.2673 | EMA_SliceAP=0.2490
  Epoch   8/35 | LR=2.44e-03 | TLoss=30.4337 | VLoss=56.8704 | AP@50=0.0009 | SliceAP=0.1980 | EMA_SliceAP=0.2337
  Epoch   9/35 | LR=2.75e-03 | TLoss=30.3249 | VLoss=43.1196 | AP@50=0.0132 | SliceAP=0.0198 | EMA_SliceAP=0.1695
  Epoch  10/35 | LR=2.74e-03 | TLoss=26.6556 | VLoss=39.1930 | AP@50=0.0373 | SliceAP=0.3762 | EMA_SliceAP=0.2315
  Epoch  11/35 | LR=2.71e-03 | TLoss=24.6083 | VLoss=36.3806 | AP@50=0.0446 | SliceAP=0.4752 | EMA_SliceAP=0.3047
  Epoch  12/35 | LR=2.67e-03 | TLoss=22.6222 | VLoss=34.7221 | AP@50=0.2025 | SliceAP=0.5050 | EMA_SliceAP=0.3647
  Epoch  13/35 | LR=2.60e-03 | TLoss=20.2165 | VLoss=35.7205 | AP@50=0.1568 | SliceAP=0.4455 | EMA_SliceAP=0.3890
  Epoch  14/35 | LR=2.52e-03 | TLoss=17.9764 | VLoss=33.9095 | AP@50=0.0278 | SliceAP=0.4950 | EMA_SliceAP=0.4208
  Epoch  15/35 | LR=2.43e-03 | TLoss=18.1077 | VLoss=37.6153 | AP@50=0.0497 | SliceAP=0.2970 | EMA_SliceAP=0.3837
  Epoch  16/35 | LR=2.32e-03 | TLoss=17.1233 | VLoss=35.1666 | AP@50=0.1711 | SliceAP=0.5050 | EMA_SliceAP=0.4201
  Epoch  17/35 | LR=2.20e-03 | TLoss=16.1645 | VLoss=33.6535 | AP@50=0.2471 | SliceAP=0.6139 | EMA_SliceAP=0.4782
  Epoch  18/35 | LR=2.06e-03 | TLoss=14.6271 | VLoss=32.9336 | AP@50=0.3042 | SliceAP=0.7228 | EMA_SliceAP=0.5516
  Epoch  19/35 | LR=1.92e-03 | TLoss=15.2771 | VLoss=31.2167 | AP@50=0.2905 | SliceAP=0.6634 | EMA_SliceAP=0.5851
  Epoch  20/35 | LR=1.77e-03 | TLoss=13.9411 | VLoss=33.0872 | AP@50=0.2446 | SliceAP=0.5644 | EMA_SliceAP=0.5789
  Epoch  21/35 | LR=1.62e-03 | TLoss=13.3571 | VLoss=34.9715 | AP@50=0.2066 | SliceAP=0.6139 | EMA_SliceAP=0.5894
  Epoch  22/35 | LR=1.46e-03 | TLoss=12.4396 | VLoss=31.9287 | AP@50=0.2982 | SliceAP=0.6931 | EMA_SliceAP=0.6205
  Epoch  23/35 | LR=1.30e-03 | TLoss=11.2781 | VLoss=31.9509 | AP@50=0.2451 | SliceAP=0.6238 | EMA_SliceAP=0.6215
  Epoch  24/35 | LR=1.14e-03 | TLoss=11.1079 | VLoss=30.0091 | AP@50=0.3865 | SliceAP=0.7030 | EMA_SliceAP=0.6459
  Epoch  25/35 | LR=9.86e-04 | TLoss=10.2485 | VLoss=33.0607 | AP@50=0.2594 | SliceAP=0.6733 | EMA_SliceAP=0.6541
  Epoch  26/35 | LR=8.37e-04 | TLoss=9.9912 | VLoss=32.6014 | AP@50=0.2804 | SliceAP=0.6832 | EMA_SliceAP=0.6628
  Epoch  27/35 | LR=6.95e-04 | TLoss=10.2332 | VLoss=31.5952 | AP@50=0.3322 | SliceAP=0.6832 | EMA_SliceAP=0.6689
  Epoch  28/35 | LR=5.61e-04 | TLoss=9.6126 | VLoss=32.2346 | AP@50=0.3114 | SliceAP=0.6733 | EMA_SliceAP=0.6702
  Epoch  29/35 | LR=4.40e-04 | TLoss=9.1916 | VLoss=31.4654 | AP@50=0.3411 | SliceAP=0.6733 | EMA_SliceAP=0.6711
  Epoch  30/35 | LR=3.30e-04 | TLoss=8.2473 | VLoss=32.3274 | AP@50=0.3174 | SliceAP=0.6733 | EMA_SliceAP=0.6718
  [Pruned at epoch 30]

[Trial 147] lr=2.05e-04  wd=2.18e-04  stride=7  bs=16  mosaic=0.53  ls=0.020  clahe=True  ssr=True  rbc=False  median=True(limit=5)  speckle=False(heavy)  cp_p=0.56
ScanAwareSampler: 13 scans, 2306 total slices, stride=7 → ~336 slices/epoch (15% of training set per epoch)
  Epoch   1/35 | LR=2.05e-05 | TLoss=197.8343 | VLoss=225.2167 | AP@50=0.0000 | SliceAP=0.1980 | EMA_SliceAP=0.1980
  Epoch   2/35 | LR=4.35e-05 | TLoss=163.6615 | VLoss=160.3917 | AP@50=0.0002 | SliceAP=0.5050 | EMA_SliceAP=0.2901
  Epoch   3/35 | LR=6.65e-05 | TLoss=109.6023 | VLoss=102.0678 | AP@50=0.0000 | SliceAP=0.7327 | EMA_SliceAP=0.4229
  Epoch   4/35 | LR=8.96e-05 | TLoss=54.8266 | VLoss=60.9045 | AP@50=0.0000 | SliceAP=0.4851 | EMA_SliceAP=0.4416
  Epoch   5/35 | LR=1.13e-04 | TLoss=34.5158 | VLoss=47.9658 | AP@50=0.0000 | SliceAP=0.5545 | EMA_SliceAP=0.4754
  Epoch   6/35 | LR=1.36e-04 | TLoss=31.5934 | VLoss=44.5547 | AP@50=0.0000 | SliceAP=0.4158 | EMA_SliceAP=0.4575
  Epoch   7/35 | LR=1.59e-04 | TLoss=29.3727 | VLoss=43.5965 | AP@50=0.0000 | SliceAP=0.2574 | EMA_SliceAP=0.3975
  Epoch   8/35 | LR=1.82e-04 | TLoss=28.6586 | VLoss=46.6177 | AP@50=0.0001 | SliceAP=0.1188 | EMA_SliceAP=0.3139
  Epoch   9/35 | LR=2.05e-04 | TLoss=25.2538 | VLoss=38.6015 | AP@50=0.0011 | SliceAP=0.2277 | EMA_SliceAP=0.2880
  Epoch  10/35 | LR=2.04e-04 | TLoss=26.0486 | VLoss=41.6644 | AP@50=0.0012 | SliceAP=0.3663 | EMA_SliceAP=0.3115
  Epoch  11/35 | LR=2.02e-04 | TLoss=23.6393 | VLoss=40.7316 | AP@50=0.0021 | SliceAP=0.5446 | EMA_SliceAP=0.3814
  Epoch  12/35 | LR=1.99e-04 | TLoss=21.5059 | VLoss=43.4858 | AP@50=0.0008 | SliceAP=0.4356 | EMA_SliceAP=0.3977
  Epoch  13/35 | LR=1.94e-04 | TLoss=20.9590 | VLoss=35.4301 | AP@50=0.0133 | SliceAP=0.6535 | EMA_SliceAP=0.4744
  [Early stop at epoch 13, best EMA SliceAP=0.4754]
  [Checkpoints] top-3 saved → /fs01/home/dhaneshr/code/obj-det-test/checkpoints/hparam_v6/trial_0147/swa_manifest.yaml

[Trial 171] lr=4.84e-04  wd=3.86e-04  stride=7  bs=16  mosaic=0.34  ls=0.042  clahe=True  ssr=True  rbc=False  median=True(limit=5)  speckle=False(heavy)  cp_p=0.47
ScanAwareSampler: 13 scans, 2306 total slices, stride=7 → ~336 slices/epoch (15% of training set per epoch)
  Epoch   1/35 | LR=4.84e-05 | TLoss=191.5188 | VLoss=191.1453 | AP@50=0.0004 | SliceAP=0.1881 | EMA_SliceAP=0.1881
  Epoch   2/35 | LR=1.03e-04 | TLoss=127.1992 | VLoss=124.0093 | AP@50=0.0005 | SliceAP=0.6040 | EMA_SliceAP=0.3129
  Epoch   3/35 | LR=1.57e-04 | TLoss=70.1298 | VLoss=75.8698 | AP@50=0.0005 | SliceAP=0.4950 | EMA_SliceAP=0.3675
  Epoch   4/35 | LR=2.12e-04 | TLoss=44.6456 | VLoss=44.2204 | AP@50=0.0001 | SliceAP=0.0891 | EMA_SliceAP=0.2840
  Epoch   5/35 | LR=2.66e-04 | TLoss=32.2656 | VLoss=38.2322 | AP@50=0.0002 | SliceAP=0.0198 | EMA_SliceAP=0.2047
  Epoch   6/35 | LR=3.21e-04 | TLoss=29.8871 | VLoss=38.6051 | AP@50=0.0296 | SliceAP=0.0891 | EMA_SliceAP=0.1701
  Epoch   7/35 | LR=3.75e-04 | TLoss=25.9591 | VLoss=34.4507 | AP@50=0.0256 | SliceAP=0.3168 | EMA_SliceAP=0.2141
  Epoch   8/35 | LR=4.30e-04 | TLoss=26.1413 | VLoss=36.3895 | AP@50=0.0079 | SliceAP=0.2772 | EMA_SliceAP=0.2330
  Epoch   9/35 | LR=4.84e-04 | TLoss=24.2211 | VLoss=34.6930 | AP@50=0.0245 | SliceAP=0.3069 | EMA_SliceAP=0.2552
  Epoch  10/35 | LR=4.82e-04 | TLoss=23.5983 | VLoss=37.4141 | AP@50=0.0429 | SliceAP=0.4158 | EMA_SliceAP=0.3034
  Epoch  11/35 | LR=4.78e-04 | TLoss=19.7084 | VLoss=35.7362 | AP@50=0.1315 | SliceAP=0.3960 | EMA_SliceAP=0.3312
  [Early stop at epoch 11, best EMA SliceAP=0.3675]
  [Checkpoints] top-3 saved → /fs01/home/dhaneshr/code/obj-det-test/checkpoints/hparam_v6/trial_0171/swa_manifest.yaml

[Trial 179] lr=2.41e-04  wd=5.29e-04  stride=5  bs=16  mosaic=0.45  ls=0.123  clahe=True  ssr=True  rbc=False  median=True(limit=5)  speckle=False(medium)  cp_p=0.61
ScanAwareSampler: 13 scans, 2306 total slices, stride=5 → ~467 slices/epoch (20% of training set per epoch)
  Epoch   1/35 | LR=2.41e-05 | TLoss=186.0020 | VLoss=174.7236 | AP@50=0.0011 | SliceAP=0.1782 | EMA_SliceAP=0.1782
  Epoch   2/35 | LR=5.11e-05 | TLoss=139.2187 | VLoss=147.7375 | AP@50=0.0015 | SliceAP=0.6535 | EMA_SliceAP=0.3208
  Epoch   3/35 | LR=7.82e-05 | TLoss=81.5311 | VLoss=97.4247 | AP@50=0.0026 | SliceAP=0.4950 | EMA_SliceAP=0.3731
  Epoch   4/35 | LR=1.05e-04 | TLoss=46.1703 | VLoss=55.9386 | AP@50=0.0014 | SliceAP=0.4059 | EMA_SliceAP=0.3829
  Epoch   5/35 | LR=1.32e-04 | TLoss=33.4430 | VLoss=43.3053 | AP@50=0.0012 | SliceAP=0.2178 | EMA_SliceAP=0.3334
  Epoch   6/35 | LR=1.59e-04 | TLoss=26.4608 | VLoss=39.9605 | AP@50=0.0041 | SliceAP=0.1485 | EMA_SliceAP=0.2779
  Epoch   7/35 | LR=1.86e-04 | TLoss=26.4308 | VLoss=36.9555 | AP@50=0.0046 | SliceAP=0.1980 | EMA_SliceAP=0.2540
  Epoch   8/35 | LR=2.13e-04 | TLoss=25.3026 | VLoss=31.5861 | AP@50=0.1629 | SliceAP=0.5248 | EMA_SliceAP=0.3352
  Epoch   9/35 | LR=2.41e-04 | TLoss=22.5483 | VLoss=33.0794 | AP@50=0.2086 | SliceAP=0.4455 | EMA_SliceAP=0.3683
  Epoch  10/35 | LR=2.40e-04 | TLoss=19.5922 | VLoss=38.8831 | AP@50=0.1922 | SliceAP=0.4752 | EMA_SliceAP=0.4004
  [Pruned at epoch 10]

[Trial 197] lr=3.25e-04  wd=1.66e-04  stride=7  bs=16  mosaic=0.59  ls=0.028  clahe=True  ssr=True  rbc=False  median=True(limit=5)  speckle=False(heavy)  cp_p=0.50
ScanAwareSampler: 13 scans, 2306 total slices, stride=7 → ~336 slices/epoch (15% of training set per epoch)
  Epoch   1/35 | LR=3.25e-05 | TLoss=187.4450 | VLoss=181.7394 | AP@50=0.0002 | SliceAP=0.1881 | EMA_SliceAP=0.1881
  Epoch   2/35 | LR=6.90e-05 | TLoss=137.3421 | VLoss=125.7778 | AP@50=0.0000 | SliceAP=0.5050 | EMA_SliceAP=0.2832
  Epoch   3/35 | LR=1.06e-04 | TLoss=65.0472 | VLoss=65.3636 | AP@50=0.0000 | SliceAP=0.4752 | EMA_SliceAP=0.3408
  Epoch   4/35 | LR=1.42e-04 | TLoss=34.9410 | VLoss=47.4741 | AP@50=0.0001 | SliceAP=0.4554 | EMA_SliceAP=0.3752
  Epoch   5/35 | LR=1.79e-04 | TLoss=31.0133 | VLoss=42.6124 | AP@50=0.0001 | SliceAP=0.4059 | EMA_SliceAP=0.3844
  Epoch   6/35 | LR=2.15e-04 | TLoss=28.0238 | VLoss=46.4325 | AP@50=0.0000 | SliceAP=0.2079 | EMA_SliceAP=0.3315
  Epoch   7/35 | LR=2.52e-04 | TLoss=25.6497 | VLoss=40.5487 | AP@50=0.0001 | SliceAP=0.1386 | EMA_SliceAP=0.2736
  Epoch   8/35 | LR=2.88e-04 | TLoss=26.0676 | VLoss=42.8678 | AP@50=0.0007 | SliceAP=0.2475 | EMA_SliceAP=0.2658
  Epoch   9/35 | LR=3.25e-04 | TLoss=23.0667 | VLoss=39.1185 | AP@50=0.0008 | SliceAP=0.4257 | EMA_SliceAP=0.3138
  Epoch  10/35 | LR=3.24e-04 | TLoss=22.1453 | VLoss=40.8154 | AP@50=0.0007 | SliceAP=0.3069 | EMA_SliceAP=0.3117
  Epoch  11/35 | LR=3.20e-04 | TLoss=19.5068 | VLoss=35.5086 | AP@50=0.0017 | SliceAP=0.6337 | EMA_SliceAP=0.4083
  Epoch  12/35 | LR=3.15e-04 | TLoss=17.5148 | VLoss=38.4134 | AP@50=0.0012 | SliceAP=0.5248 | EMA_SliceAP=0.4432
  Epoch  13/35 | LR=3.08e-04 | TLoss=15.7399 | VLoss=45.3716 | AP@50=0.0009 | SliceAP=0.5149 | EMA_SliceAP=0.4647
  Epoch  14/35 | LR=2.99e-04 | TLoss=14.3575 | VLoss=32.5688 | AP@50=0.0084 | SliceAP=0.5842 | EMA_SliceAP=0.5006
  Epoch  15/35 | LR=2.88e-04 | TLoss=13.0342 | VLoss=32.7126 | AP@50=0.0164 | SliceAP=0.7030 | EMA_SliceAP=0.5613
  Epoch  16/35 | LR=2.75e-04 | TLoss=12.4551 | VLoss=34.0228 | AP@50=0.0152 | SliceAP=0.6931 | EMA_SliceAP=0.6008
  Epoch  17/35 | LR=2.61e-04 | TLoss=12.6128 | VLoss=33.3177 | AP@50=0.0385 | SliceAP=0.7525 | EMA_SliceAP=0.6463
  Epoch  18/35 | LR=2.46e-04 | TLoss=10.3906 | VLoss=36.3904 | AP@50=0.0244 | SliceAP=0.7129 | EMA_SliceAP=0.6663
  Epoch  19/35 | LR=2.30e-04 | TLoss=9.3410 | VLoss=33.5834 | AP@50=0.0097 | SliceAP=0.7030 | EMA_SliceAP=0.6773
  Epoch  20/35 | LR=2.12e-04 | TLoss=10.1851 | VLoss=35.7718 | AP@50=0.0125 | SliceAP=0.6436 | EMA_SliceAP=0.6672
  Epoch  21/35 | LR=1.95e-04 | TLoss=9.3337 | VLoss=32.5656 | AP@50=0.0283 | SliceAP=0.7624 | EMA_SliceAP=0.6957
  Epoch  22/35 | LR=1.76e-04 | TLoss=9.1379 | VLoss=31.4870 | AP@50=0.0278 | SliceAP=0.7327 | EMA_SliceAP=0.7068
  Epoch  23/35 | LR=1.58e-04 | TLoss=8.7427 | VLoss=30.7262 | AP@50=0.0233 | SliceAP=0.7327 | EMA_SliceAP=0.7146
  Epoch  24/35 | LR=1.40e-04 | TLoss=7.7165 | VLoss=34.2719 | AP@50=0.0236 | SliceAP=0.6931 | EMA_SliceAP=0.7081
  Epoch  25/35 | LR=1.22e-04 | TLoss=7.6580 | VLoss=33.7889 | AP@50=0.0365 | SliceAP=0.7228 | EMA_SliceAP=0.7125
  Epoch  26/35 | LR=1.05e-04 | TLoss=7.9464 | VLoss=33.5550 | AP@50=0.0330 | SliceAP=0.6337 | EMA_SliceAP=0.6889
  Epoch  27/35 | LR=8.87e-05 | TLoss=7.6027 | VLoss=34.3744 | AP@50=0.0230 | SliceAP=0.5941 | EMA_SliceAP=0.6604
  Epoch  28/35 | LR=7.34e-05 | TLoss=8.4780 | VLoss=31.7168 | AP@50=0.0301 | SliceAP=0.6238 | EMA_SliceAP=0.6494
  Epoch  29/35 | LR=5.94e-05 | TLoss=7.3857 | VLoss=33.1529 | AP@50=0.0610 | SliceAP=0.6832 | EMA_SliceAP=0.6595
  Epoch  30/35 | LR=4.68e-05 | TLoss=7.3310 | VLoss=33.2677 | AP@50=0.0331 | SliceAP=0.7129 | EMA_SliceAP=0.6755
  Epoch  31/35 | LR=3.59e-05 | TLoss=7.4278 | VLoss=34.3275 | AP@50=0.0468 | SliceAP=0.7723 | EMA_SliceAP=0.7046
  [Early stop at epoch 31, best EMA SliceAP=0.7146]
  [Checkpoints] top-3 saved → /fs01/home/dhaneshr/code/obj-det-test/checkpoints/hparam_v6/trial_0197/swa_manifest.yaml

[Trial 232] lr=3.00e-04  wd=1.21e-04  stride=7  bs=16  mosaic=0.55  ls=0.039  clahe=True  ssr=True  rbc=False  median=True(limit=5)  speckle=False(heavy)  cp_p=0.48
ScanAwareSampler: 13 scans, 2306 total slices, stride=7 → ~336 slices/epoch (15% of training set per epoch)
  Epoch   1/35 | LR=3.00e-05 | TLoss=190.0865 | VLoss=205.9155 | AP@50=0.0004 | SliceAP=0.1782 | EMA_SliceAP=0.1782
  Epoch   2/35 | LR=6.37e-05 | TLoss=138.9535 | VLoss=147.9215 | AP@50=0.0024 | SliceAP=0.5743 | EMA_SliceAP=0.2970
  Epoch   3/35 | LR=9.74e-05 | TLoss=78.4175 | VLoss=106.3973 | AP@50=0.0005 | SliceAP=0.4356 | EMA_SliceAP=0.3386
  Epoch   4/35 | LR=1.31e-04 | TLoss=50.6968 | VLoss=67.8572 | AP@50=0.0004 | SliceAP=0.3861 | EMA_SliceAP=0.3529
  Epoch   5/35 | LR=1.65e-04 | TLoss=34.8947 | VLoss=47.1858 | AP@50=0.0008 | SliceAP=0.2574 | EMA_SliceAP=0.3242
  Epoch   6/35 | LR=1.99e-04 | TLoss=28.6213 | VLoss=38.4588 | AP@50=0.0049 | SliceAP=0.2673 | EMA_SliceAP=0.3072
  Epoch   7/35 | LR=2.32e-04 | TLoss=26.1267 | VLoss=37.5015 | AP@50=0.0044 | SliceAP=0.2673 | EMA_SliceAP=0.2952
  Epoch   8/35 | LR=2.66e-04 | TLoss=25.9579 | VLoss=37.6015 | AP@50=0.0508 | SliceAP=0.1980 | EMA_SliceAP=0.2661
  Epoch   9/35 | LR=3.00e-04 | TLoss=24.3590 | VLoss=35.6318 | AP@50=0.1196 | SliceAP=0.4059 | EMA_SliceAP=0.3080
  Epoch  10/35 | LR=2.99e-04 | TLoss=20.9008 | VLoss=35.4146 | AP@50=0.0448 | SliceAP=0.6139 | EMA_SliceAP=0.3998
  Epoch  11/35 | LR=2.96e-04 | TLoss=19.1202 | VLoss=38.0791 | AP@50=0.1713 | SliceAP=0.5644 | EMA_SliceAP=0.4491
  Epoch  12/35 | LR=2.91e-04 | TLoss=18.3419 | VLoss=36.4484 | AP@50=0.1230 | SliceAP=0.4851 | EMA_SliceAP=0.4599
  Epoch  13/35 | LR=2.84e-04 | TLoss=16.6832 | VLoss=38.6628 | AP@50=0.1995 | SliceAP=0.6139 | EMA_SliceAP=0.5061
  Epoch  14/35 | LR=2.76e-04 | TLoss=14.9709 | VLoss=33.2948 | AP@50=0.3300 | SliceAP=0.7030 | EMA_SliceAP=0.5652
  Epoch  15/35 | LR=2.66e-04 | TLoss=13.8201 | VLoss=40.3654 | AP@50=0.1799 | SliceAP=0.5347 | EMA_SliceAP=0.5560
  Epoch  16/35 | LR=2.54e-04 | TLoss=13.1065 | VLoss=36.0702 | AP@50=0.2742 | SliceAP=0.5941 | EMA_SliceAP=0.5674
  Epoch  17/35 | LR=2.41e-04 | TLoss=11.8798 | VLoss=37.0456 | AP@50=0.2737 | SliceAP=0.5644 | EMA_SliceAP=0.5665
  Epoch  18/35 | LR=2.27e-04 | TLoss=10.9920 | VLoss=36.2389 | AP@50=0.3025 | SliceAP=0.6931 | EMA_SliceAP=0.6045
  Epoch  19/35 | LR=2.12e-04 | TLoss=10.7923 | VLoss=30.6118 | AP@50=0.2128 | SliceAP=0.5941 | EMA_SliceAP=0.6014
  Epoch  20/35 | LR=1.96e-04 | TLoss=9.7173 | VLoss=31.5188 | AP@50=0.3052 | SliceAP=0.5149 | EMA_SliceAP=0.5754
  Epoch  21/35 | LR=1.80e-04 | TLoss=10.2996 | VLoss=32.1349 | AP@50=0.3427 | SliceAP=0.5842 | EMA_SliceAP=0.5780
  Epoch  22/35 | LR=1.63e-04 | TLoss=9.1129 | VLoss=36.0082 | AP@50=0.2952 | SliceAP=0.6040 | EMA_SliceAP=0.5858
  Epoch  23/35 | LR=1.46e-04 | TLoss=8.9994 | VLoss=33.8969 | AP@50=0.3475 | SliceAP=0.6733 | EMA_SliceAP=0.6120
  Epoch  24/35 | LR=1.30e-04 | TLoss=9.2204 | VLoss=34.9414 | AP@50=0.2995 | SliceAP=0.6139 | EMA_SliceAP=0.6126
  Epoch  25/35 | LR=1.13e-04 | TLoss=8.6137 | VLoss=31.0162 | AP@50=0.3332 | SliceAP=0.6931 | EMA_SliceAP=0.6367
  Epoch  26/35 | LR=9.75e-05 | TLoss=7.9250 | VLoss=32.5777 | AP@50=0.4032 | SliceAP=0.6931 | EMA_SliceAP=0.6536
  Epoch  27/35 | LR=8.24e-05 | TLoss=7.5717 | VLoss=31.6012 | AP@50=0.3611 | SliceAP=0.6832 | EMA_SliceAP=0.6625
  Epoch  28/35 | LR=6.84e-05 | TLoss=7.6946 | VLoss=33.2902 | AP@50=0.3725 | SliceAP=0.6931 | EMA_SliceAP=0.6717
  Epoch  29/35 | LR=5.54e-05 | TLoss=7.4761 | VLoss=33.2677 | AP@50=0.3276 | SliceAP=0.6634 | EMA_SliceAP=0.6692
  Epoch  30/35 | LR=4.39e-05 | TLoss=7.4459 | VLoss=33.5750 | AP@50=0.3608 | SliceAP=0.6634 | EMA_SliceAP=0.6674
  [Pruned at epoch 30]

[Trial 258] lr=5.15e-04  wd=2.68e-04  stride=7  bs=8  mosaic=0.47  ls=0.033  clahe=True  ssr=True  rbc=False  median=True(limit=7)  speckle=False(heavy)  cp_p=0.50
ScanAwareSampler: 13 scans, 2306 total slices, stride=7 → ~336 slices/epoch (15% of training set per epoch)
  Epoch   1/35 | LR=5.15e-05 | TLoss=176.6892 | VLoss=161.1704 | AP@50=0.0002 | SliceAP=0.5347 | EMA_SliceAP=0.5347
  Epoch   2/35 | LR=1.09e-04 | TLoss=66.6820 | VLoss=66.7726 | AP@50=0.0001 | SliceAP=0.2574 | EMA_SliceAP=0.4515
  Epoch   3/35 | LR=1.67e-04 | TLoss=36.6185 | VLoss=40.8505 | AP@50=0.0000 | SliceAP=0.0198 | EMA_SliceAP=0.3220
  Epoch   4/35 | LR=2.25e-04 | TLoss=30.4267 | VLoss=38.3310 | AP@50=0.0052 | SliceAP=0.0594 | EMA_SliceAP=0.2432
  Epoch   5/35 | LR=2.83e-04 | TLoss=29.5026 | VLoss=36.5972 | AP@50=0.0003 | SliceAP=0.0594 | EMA_SliceAP=0.1881
  Epoch   6/35 | LR=3.41e-04 | TLoss=27.8017 | VLoss=36.5946 | AP@50=0.0041 | SliceAP=0.1881 | EMA_SliceAP=0.1881
  Epoch   7/35 | LR=3.99e-04 | TLoss=24.2225 | VLoss=35.7996 | AP@50=0.0909 | SliceAP=0.4554 | EMA_SliceAP=0.2683
  Epoch   8/35 | LR=4.57e-04 | TLoss=21.9900 | VLoss=34.3561 | AP@50=0.1918 | SliceAP=0.6238 | EMA_SliceAP=0.3749
  Epoch   9/35 | LR=5.15e-04 | TLoss=20.1773 | VLoss=37.0954 | AP@50=0.1256 | SliceAP=0.5743 | EMA_SliceAP=0.4347
  [Early stop at epoch 9, best EMA SliceAP=0.5347]
  [Checkpoints] top-3 saved → /fs01/home/dhaneshr/code/obj-det-test/checkpoints/hparam_v6/trial_0258/swa_manifest.yaml

[Trial 266] lr=3.23e-04  wd=1.54e-04  stride=7  bs=16  mosaic=0.57  ls=0.021  clahe=False  ssr=True  rbc=True  median=True(limit=5)  speckle=True(light)  cp_p=0.66
ScanAwareSampler: 13 scans, 2306 total slices, stride=7 → ~336 slices/epoch (15% of training set per epoch)
  Epoch   1/35 | LR=3.23e-05 | TLoss=190.9944 | VLoss=228.1614 | AP@50=0.0004 | SliceAP=0.1881 | EMA_SliceAP=0.1881
  Epoch   2/35 | LR=6.86e-05 | TLoss=139.7901 | VLoss=130.7748 | AP@50=0.0000 | SliceAP=0.4356 | EMA_SliceAP=0.2624
  Epoch   3/35 | LR=1.05e-04 | TLoss=65.1410 | VLoss=66.7772 | AP@50=0.0000 | SliceAP=0.4752 | EMA_SliceAP=0.3262
  Epoch   4/35 | LR=1.41e-04 | TLoss=35.2415 | VLoss=48.2176 | AP@50=0.0001 | SliceAP=0.3564 | EMA_SliceAP=0.3353
  Epoch   5/35 | LR=1.78e-04 | TLoss=30.1490 | VLoss=45.1636 | AP@50=0.0001 | SliceAP=0.4059 | EMA_SliceAP=0.3565
  Epoch   6/35 | LR=2.14e-04 | TLoss=28.7588 | VLoss=46.1381 | AP@50=0.0000 | SliceAP=0.2178 | EMA_SliceAP=0.3149
  Epoch   7/35 | LR=2.50e-04 | TLoss=28.1155 | VLoss=39.8058 | AP@50=0.0005 | SliceAP=0.3267 | EMA_SliceAP=0.3184
  Epoch   8/35 | LR=2.87e-04 | TLoss=26.4478 | VLoss=38.7098 | AP@50=0.0028 | SliceAP=0.4158 | EMA_SliceAP=0.3477
  Epoch   9/35 | LR=3.23e-04 | TLoss=26.3661 | VLoss=39.9652 | AP@50=0.0023 | SliceAP=0.4356 | EMA_SliceAP=0.3741
  Epoch  10/35 | LR=3.22e-04 | TLoss=23.8710 | VLoss=39.1912 | AP@50=0.0038 | SliceAP=0.5050 | EMA_SliceAP=0.4133
  Epoch  11/35 | LR=3.19e-04 | TLoss=21.1496 | VLoss=43.9265 | AP@50=0.0016 | SliceAP=0.4653 | EMA_SliceAP=0.4289
  Epoch  12/35 | LR=3.14e-04 | TLoss=21.0283 | VLoss=39.7309 | AP@50=0.0009 | SliceAP=0.4257 | EMA_SliceAP=0.4280
  Epoch  13/35 | LR=3.06e-04 | TLoss=18.9800 | VLoss=38.9090 | AP@50=0.0050 | SliceAP=0.5050 | EMA_SliceAP=0.4511
  Epoch  14/35 | LR=2.97e-04 | TLoss=16.7099 | VLoss=41.6882 | AP@50=0.0078 | SliceAP=0.6238 | EMA_SliceAP=0.5029
  Epoch  15/35 | LR=2.86e-04 | TLoss=15.0037 | VLoss=33.2037 | AP@50=0.0052 | SliceAP=0.6139 | EMA_SliceAP=0.5362
  Epoch  16/35 | LR=2.74e-04 | TLoss=14.0469 | VLoss=37.2317 | AP@50=0.0048 | SliceAP=0.6337 | EMA_SliceAP=0.5654
  Epoch  17/35 | LR=2.60e-04 | TLoss=13.0349 | VLoss=34.9621 | AP@50=0.0018 | SliceAP=0.5644 | EMA_SliceAP=0.5651
  Epoch  18/35 | LR=2.45e-04 | TLoss=11.7107 | VLoss=31.2978 | AP@50=0.0051 | SliceAP=0.7030 | EMA_SliceAP=0.6065
  Epoch  19/35 | LR=2.28e-04 | TLoss=11.5551 | VLoss=36.9040 | AP@50=0.0117 | SliceAP=0.6337 | EMA_SliceAP=0.6146
  Epoch  20/35 | LR=2.11e-04 | TLoss=11.3130 | VLoss=35.1727 | AP@50=0.0085 | SliceAP=0.6139 | EMA_SliceAP=0.6144
  Epoch  21/35 | LR=1.94e-04 | TLoss=10.8078 | VLoss=32.8781 | AP@50=0.0071 | SliceAP=0.7723 | EMA_SliceAP=0.6618
  Epoch  22/35 | LR=1.76e-04 | TLoss=9.3177 | VLoss=37.7590 | AP@50=0.0452 | SliceAP=0.7525 | EMA_SliceAP=0.6890
  Epoch  23/35 | LR=1.57e-04 | TLoss=9.3286 | VLoss=35.3186 | AP@50=0.0071 | SliceAP=0.6931 | EMA_SliceAP=0.6902
  Epoch  24/35 | LR=1.39e-04 | TLoss=8.6773 | VLoss=37.8405 | AP@50=0.0091 | SliceAP=0.5941 | EMA_SliceAP=0.6614
  Epoch  25/35 | LR=1.22e-04 | TLoss=9.0698 | VLoss=36.2224 | AP@50=0.1050 | SliceAP=0.6733 | EMA_SliceAP=0.6649
  Epoch  26/35 | LR=1.05e-04 | TLoss=8.5413 | VLoss=34.5296 | AP@50=0.0701 | SliceAP=0.7129 | EMA_SliceAP=0.6793
  Epoch  27/35 | LR=8.82e-05 | TLoss=7.8321 | VLoss=36.6986 | AP@50=0.0846 | SliceAP=0.6931 | EMA_SliceAP=0.6834
  Epoch  28/35 | LR=7.30e-05 | TLoss=7.6170 | VLoss=37.6562 | AP@50=0.1202 | SliceAP=0.6634 | EMA_SliceAP=0.6774
  Epoch  29/35 | LR=5.91e-05 | TLoss=8.6202 | VLoss=34.6778 | AP@50=0.1263 | SliceAP=0.7228 | EMA_SliceAP=0.6910
  Epoch  30/35 | LR=4.66e-05 | TLoss=7.4447 | VLoss=36.1385 | AP@50=0.1469 | SliceAP=0.7228 | EMA_SliceAP=0.7005
  Epoch  31/35 | LR=3.57e-05 | TLoss=7.8332 | VLoss=37.9036 | AP@50=0.1029 | SliceAP=0.6733 | EMA_SliceAP=0.6924
  Epoch  32/35 | LR=2.66e-05 | TLoss=7.6380 | VLoss=36.3819 | AP@50=0.2209 | SliceAP=0.7129 | EMA_SliceAP=0.6985
  Epoch  33/35 | LR=1.94e-05 | TLoss=7.2540 | VLoss=36.4038 | AP@50=0.2138 | SliceAP=0.7129 | EMA_SliceAP=0.7028
  Epoch  34/35 | LR=1.42e-05 | TLoss=7.2393 | VLoss=36.0245 | AP@50=0.2161 | SliceAP=0.6931 | EMA_SliceAP=0.6999
  Epoch  35/35 | LR=1.11e-05 | TLoss=7.4656 | VLoss=36.2530 | AP@50=0.2711 | SliceAP=0.7129 | EMA_SliceAP=0.7038
  [Checkpoints] top-3 saved → /fs01/home/dhaneshr/code/obj-det-test/checkpoints/hparam_v6/trial_0266/swa_manifest.yaml

[Trial 298] lr=4.06e-04  wd=1.72e-04  stride=7  bs=16  mosaic=0.56  ls=0.049  clahe=False  ssr=True  rbc=True  median=True(limit=5)  speckle=True(light)  cp_p=0.68
ScanAwareSampler: 13 scans, 2306 total slices, stride=7 → ~336 slices/epoch (15% of training set per epoch)
  Epoch   1/35 | LR=4.06e-05 | TLoss=180.1294 | VLoss=183.0107 | AP@50=0.0007 | SliceAP=0.1881 | EMA_SliceAP=0.1881
  Epoch   2/35 | LR=8.63e-05 | TLoss=109.9844 | VLoss=97.2123 | AP@50=0.0002 | SliceAP=0.6931 | EMA_SliceAP=0.3396
  Epoch   3/35 | LR=1.32e-04 | TLoss=44.3029 | VLoss=54.2649 | AP@50=0.0000 | SliceAP=0.5050 | EMA_SliceAP=0.3892
  Epoch   4/35 | LR=1.78e-04 | TLoss=32.1378 | VLoss=42.9569 | AP@50=0.0000 | SliceAP=0.4554 | EMA_SliceAP=0.4091
  Epoch   5/35 | LR=2.23e-04 | TLoss=28.9959 | VLoss=45.4936 | AP@50=0.0000 | SliceAP=0.4356 | EMA_SliceAP=0.4170
  Epoch   6/35 | LR=2.69e-04 | TLoss=28.4222 | VLoss=41.3484 | AP@50=0.0014 | SliceAP=0.3267 | EMA_SliceAP=0.3900
  Epoch   7/35 | LR=3.15e-04 | TLoss=24.8607 | VLoss=39.1929 | AP@50=0.0016 | SliceAP=0.3267 | EMA_SliceAP=0.3710
  Epoch   8/35 | LR=3.61e-04 | TLoss=23.8079 | VLoss=39.1221 | AP@50=0.0002 | SliceAP=0.3861 | EMA_SliceAP=0.3755
  Epoch   9/35 | LR=4.06e-04 | TLoss=21.9591 | VLoss=40.6369 | AP@50=0.0008 | SliceAP=0.6040 | EMA_SliceAP=0.4441
  Epoch  10/35 | LR=4.05e-04 | TLoss=20.9053 | VLoss=34.9943 | AP@50=0.0032 | SliceAP=0.6535 | EMA_SliceAP=0.5069
  Epoch  11/35 | LR=4.01e-04 | TLoss=17.7133 | VLoss=40.5339 | AP@50=0.0093 | SliceAP=0.6139 | EMA_SliceAP=0.5390
  Epoch  12/35 | LR=3.94e-04 | TLoss=17.2929 | VLoss=34.8935 | AP@50=0.0062 | SliceAP=0.6733 | EMA_SliceAP=0.5793
  Epoch  13/35 | LR=3.85e-04 | TLoss=15.1621 | VLoss=35.0997 | AP@50=0.0220 | SliceAP=0.7030 | EMA_SliceAP=0.6164
  Epoch  14/35 | LR=3.74e-04 | TLoss=14.0340 | VLoss=33.3163 | AP@50=0.0431 | SliceAP=0.7525 | EMA_SliceAP=0.6572
  Epoch  15/35 | LR=3.60e-04 | TLoss=12.3271 | VLoss=34.1542 | AP@50=0.0399 | SliceAP=0.6436 | EMA_SliceAP=0.6531
  Epoch  16/35 | LR=3.44e-04 | TLoss=11.6248 | VLoss=37.2622 | AP@50=0.1696 | SliceAP=0.5842 | EMA_SliceAP=0.6324
  Epoch  17/35 | LR=3.27e-04 | TLoss=11.4469 | VLoss=31.3259 | AP@50=0.2989 | SliceAP=0.6832 | EMA_SliceAP=0.6476
  Epoch  18/35 | LR=3.07e-04 | TLoss=11.0231 | VLoss=32.1544 | AP@50=0.1705 | SliceAP=0.6733 | EMA_SliceAP=0.6553
  Epoch  19/35 | LR=2.87e-04 | TLoss=10.6992 | VLoss=35.8227 | AP@50=0.2419 | SliceAP=0.6733 | EMA_SliceAP=0.6607
  Epoch  20/35 | LR=2.65e-04 | TLoss=9.8316 | VLoss=36.6607 | AP@50=0.0778 | SliceAP=0.6040 | EMA_SliceAP=0.6437
  Epoch  21/35 | LR=2.43e-04 | TLoss=9.5714 | VLoss=32.5519 | AP@50=0.2816 | SliceAP=0.7030 | EMA_SliceAP=0.6615
  Epoch  22/35 | LR=2.20e-04 | TLoss=9.2046 | VLoss=34.6230 | AP@50=0.1670 | SliceAP=0.5941 | EMA_SliceAP=0.6412
  [Early stop at epoch 22, best EMA SliceAP=0.6572]
  [Checkpoints] top-3 saved → /fs01/home/dhaneshr/code/obj-det-test/checkpoints/hparam_v6/trial_0298/swa_manifest.yaml

[Trial 313] lr=2.78e-04  wd=2.46e-04  stride=7  bs=16  mosaic=0.32  ls=0.034  clahe=False  ssr=True  rbc=True  median=True(limit=5)  speckle=True(light)  cp_p=0.70
ScanAwareSampler: 13 scans, 2306 total slices, stride=7 → ~336 slices/epoch (15% of training set per epoch)
  Epoch   1/35 | LR=2.78e-05 | TLoss=195.5506 | VLoss=217.8381 | AP@50=0.0007 | SliceAP=0.1881 | EMA_SliceAP=0.1881
  Epoch   2/35 | LR=5.90e-05 | TLoss=153.6851 | VLoss=154.4424 | AP@50=0.0003 | SliceAP=0.4653 | EMA_SliceAP=0.2713
  Epoch   3/35 | LR=9.03e-05 | TLoss=103.2227 | VLoss=114.5170 | AP@50=0.0005 | SliceAP=0.5545 | EMA_SliceAP=0.3562
  Epoch   4/35 | LR=1.22e-04 | TLoss=61.3227 | VLoss=73.3557 | AP@50=0.0006 | SliceAP=0.4257 | EMA_SliceAP=0.3771
  Epoch   5/35 | LR=1.53e-04 | TLoss=39.8091 | VLoss=48.0845 | AP@50=0.0004 | SliceAP=0.2376 | EMA_SliceAP=0.3352
  Epoch   6/35 | LR=1.84e-04 | TLoss=32.9741 | VLoss=39.9876 | AP@50=0.0003 | SliceAP=0.0990 | EMA_SliceAP=0.2644
  Epoch   7/35 | LR=2.15e-04 | TLoss=28.3380 | VLoss=33.7368 | AP@50=0.0029 | SliceAP=0.0990 | EMA_SliceAP=0.2148
  Epoch   8/35 | LR=2.47e-04 | TLoss=26.9476 | VLoss=42.3720 | AP@50=0.0023 | SliceAP=0.0891 | EMA_SliceAP=0.1771
  Epoch   9/35 | LR=2.78e-04 | TLoss=26.7961 | VLoss=35.0280 | AP@50=0.0864 | SliceAP=0.2772 | EMA_SliceAP=0.2071
  Epoch  10/35 | LR=2.77e-04 | TLoss=24.9114 | VLoss=37.8648 | AP@50=0.0735 | SliceAP=0.5149 | EMA_SliceAP=0.2994
  Epoch  11/35 | LR=2.74e-04 | TLoss=21.7225 | VLoss=34.8045 | AP@50=0.1872 | SliceAP=0.5446 | EMA_SliceAP=0.3730
  Epoch  12/35 | LR=2.70e-04 | TLoss=20.1687 | VLoss=31.0763 | AP@50=0.1083 | SliceAP=0.6337 | EMA_SliceAP=0.4512
  Epoch  13/35 | LR=2.64e-04 | TLoss=19.3502 | VLoss=34.5790 | AP@50=0.2600 | SliceAP=0.5941 | EMA_SliceAP=0.4940
  Epoch  14/35 | LR=2.56e-04 | TLoss=17.2691 | VLoss=38.0633 | AP@50=0.0763 | SliceAP=0.5149 | EMA_SliceAP=0.5003
  Epoch  15/35 | LR=2.46e-04 | TLoss=15.4353 | VLoss=33.6546 | AP@50=0.2422 | SliceAP=0.5842 | EMA_SliceAP=0.5254
  Epoch  16/35 | LR=2.36e-04 | TLoss=15.1820 | VLoss=35.5953 | AP@50=0.1183 | SliceAP=0.5644 | EMA_SliceAP=0.5371
  Epoch  17/35 | LR=2.24e-04 | TLoss=14.7189 | VLoss=36.4412 | AP@50=0.2934 | SliceAP=0.5743 | EMA_SliceAP=0.5483
  Epoch  18/35 | LR=2.11e-04 | TLoss=13.3890 | VLoss=30.2926 | AP@50=0.3666 | SliceAP=0.7030 | EMA_SliceAP=0.5947
  Epoch  19/35 | LR=1.97e-04 | TLoss=13.5204 | VLoss=34.7793 | AP@50=0.2653 | SliceAP=0.6436 | EMA_SliceAP=0.6093
  Epoch  20/35 | LR=1.82e-04 | TLoss=11.7310 | VLoss=34.2098 | AP@50=0.3171 | SliceAP=0.5941 | EMA_SliceAP=0.6048
  Epoch  21/35 | LR=1.67e-04 | TLoss=11.7180 | VLoss=32.6519 | AP@50=0.2085 | SliceAP=0.5941 | EMA_SliceAP=0.6015
  Epoch  22/35 | LR=1.52e-04 | TLoss=12.1032 | VLoss=33.0336 | AP@50=0.2612 | SliceAP=0.6238 | EMA_SliceAP=0.6082
  Epoch  23/35 | LR=1.36e-04 | TLoss=10.5304 | VLoss=30.9828 | AP@50=0.3081 | SliceAP=0.6238 | EMA_SliceAP=0.6129
  Epoch  24/35 | LR=1.21e-04 | TLoss=10.8208 | VLoss=29.7409 | AP@50=0.3174 | SliceAP=0.6634 | EMA_SliceAP=0.6280
  Epoch  25/35 | LR=1.06e-04 | TLoss=10.4291 | VLoss=29.6379 | AP@50=0.3649 | SliceAP=0.6832 | EMA_SliceAP=0.6446
  Epoch  26/35 | LR=9.09e-05 | TLoss=9.5956 | VLoss=31.4715 | AP@50=0.3661 | SliceAP=0.6238 | EMA_SliceAP=0.6383
  Epoch  27/35 | LR=7.70e-05 | TLoss=9.6603 | VLoss=28.9747 | AP@50=0.3966 | SliceAP=0.7030 | EMA_SliceAP=0.6577
  Epoch  28/35 | LR=6.39e-05 | TLoss=9.5201 | VLoss=29.7516 | AP@50=0.3693 | SliceAP=0.7327 | EMA_SliceAP=0.6802
  Epoch  29/35 | LR=5.20e-05 | TLoss=8.7988 | VLoss=31.0576 | AP@50=0.3544 | SliceAP=0.6931 | EMA_SliceAP=0.6841
  Epoch  30/35 | LR=4.13e-05 | TLoss=9.6805 | VLoss=30.6577 | AP@50=0.3301 | SliceAP=0.7129 | EMA_SliceAP=0.6927
  Epoch  31/35 | LR=3.20e-05 | TLoss=8.8726 | VLoss=30.9953 | AP@50=0.3296 | SliceAP=0.6733 | EMA_SliceAP=0.6869
  Epoch  32/35 | LR=2.42e-05 | TLoss=8.2319 | VLoss=31.4196 | AP@50=0.2983 | SliceAP=0.6733 | EMA_SliceAP=0.6828
  Epoch  33/35 | LR=1.81e-05 | TLoss=8.5079 | VLoss=30.9533 | AP@50=0.3037 | SliceAP=0.6832 | EMA_SliceAP=0.6829
  Epoch  34/35 | LR=1.36e-05 | TLoss=8.4233 | VLoss=31.2812 | AP@50=0.2816 | SliceAP=0.6832 | EMA_SliceAP=0.6830
  Epoch  35/35 | LR=1.09e-05 | TLoss=8.4682 | VLoss=30.9788 | AP@50=0.2949 | SliceAP=0.6733 | EMA_SliceAP=0.6801
  [Checkpoints] top-3 saved → /fs01/home/dhaneshr/code/obj-det-test/checkpoints/hparam_v6/trial_0313/swa_manifest.yaml

[Trial 328] lr=1.05e-03  wd=1.35e-04  stride=7  bs=16  mosaic=0.35  ls=0.064  clahe=False  ssr=True  rbc=True  median=True(limit=5)  speckle=True(light)  cp_p=0.27
ScanAwareSampler: 13 scans, 2306 total slices, stride=7 → ~336 slices/epoch (15% of training set per epoch)
  Epoch   1/35 | LR=1.05e-04 | TLoss=174.7740 | VLoss=120.1764 | AP@50=0.0003 | SliceAP=0.1881 | EMA_SliceAP=0.1881
  Epoch   2/35 | LR=2.23e-04 | TLoss=56.1636 | VLoss=47.5354 | AP@50=0.0002 | SliceAP=0.5545 | EMA_SliceAP=0.2980
  Epoch   3/35 | LR=3.41e-04 | TLoss=36.1358 | VLoss=49.5656 | AP@50=0.0002 | SliceAP=0.4059 | EMA_SliceAP=0.3304
  Epoch   4/35 | LR=4.60e-04 | TLoss=34.7805 | VLoss=37.6098 | AP@50=0.0000 | SliceAP=0.0891 | EMA_SliceAP=0.2580
  Epoch   5/35 | LR=5.78e-04 | TLoss=31.1944 | VLoss=37.0046 | AP@50=0.0000 | SliceAP=0.0099 | EMA_SliceAP=0.1836
  Epoch   6/35 | LR=6.96e-04 | TLoss=29.3737 | VLoss=37.1964 | AP@50=0.0001 | SliceAP=0.1485 | EMA_SliceAP=0.1731
  Epoch   7/35 | LR=8.14e-04 | TLoss=29.4772 | VLoss=34.0297 | AP@50=0.0005 | SliceAP=0.3465 | EMA_SliceAP=0.2251
  Epoch   8/35 | LR=9.32e-04 | TLoss=25.2908 | VLoss=34.5993 | AP@50=0.0075 | SliceAP=0.5050 | EMA_SliceAP=0.3091
  Epoch   9/35 | LR=1.05e-03 | TLoss=25.7106 | VLoss=33.2233 | AP@50=0.0016 | SliceAP=0.2970 | EMA_SliceAP=0.3054
  Epoch  10/35 | LR=1.05e-03 | TLoss=22.7840 | VLoss=33.7521 | AP@50=0.0066 | SliceAP=0.4851 | EMA_SliceAP=0.3594
  Epoch  11/35 | LR=1.04e-03 | TLoss=20.9936 | VLoss=36.1062 | AP@50=0.0353 | SliceAP=0.4851 | EMA_SliceAP=0.3971
  Epoch  12/35 | LR=1.02e-03 | TLoss=18.8611 | VLoss=33.3380 | AP@50=0.1041 | SliceAP=0.7525 | EMA_SliceAP=0.5037
  Epoch  13/35 | LR=9.95e-04 | TLoss=16.2488 | VLoss=33.2629 | AP@50=0.1955 | SliceAP=0.5743 | EMA_SliceAP=0.5249
  Epoch  14/35 | LR=9.65e-04 | TLoss=15.5004 | VLoss=31.6153 | AP@50=0.1311 | SliceAP=0.6436 | EMA_SliceAP=0.5605
  Epoch  15/35 | LR=9.29e-04 | TLoss=13.8347 | VLoss=35.4978 | AP@50=0.1276 | SliceAP=0.5446 | EMA_SliceAP=0.5557
  Epoch  16/35 | LR=8.87e-04 | TLoss=14.4167 | VLoss=28.4231 | AP@50=0.3660 | SliceAP=0.7822 | EMA_SliceAP=0.6236
  Epoch  17/35 | LR=8.41e-04 | TLoss=12.9271 | VLoss=40.2792 | AP@50=0.1339 | SliceAP=0.5347 | EMA_SliceAP=0.5969
  Epoch  18/35 | LR=7.90e-04 | TLoss=11.9350 | VLoss=33.3915 | AP@50=0.2223 | SliceAP=0.6832 | EMA_SliceAP=0.6228
  Epoch  19/35 | LR=7.36e-04 | TLoss=12.4724 | VLoss=31.7211 | AP@50=0.2120 | SliceAP=0.6040 | EMA_SliceAP=0.6172
  Epoch  20/35 | LR=6.79e-04 | TLoss=11.0019 | VLoss=35.6829 | AP@50=0.2241 | SliceAP=0.6436 | EMA_SliceAP=0.6251
  Epoch  21/35 | LR=6.21e-04 | TLoss=10.5912 | VLoss=37.2602 | AP@50=0.1845 | SliceAP=0.6436 | EMA_SliceAP=0.6306
  Epoch  22/35 | LR=5.61e-04 | TLoss=10.4434 | VLoss=32.8785 | AP@50=0.1874 | SliceAP=0.7129 | EMA_SliceAP=0.6553
  Epoch  23/35 | LR=5.00e-04 | TLoss=9.9661 | VLoss=34.4708 | AP@50=0.3630 | SliceAP=0.6931 | EMA_SliceAP=0.6666
  Epoch  24/35 | LR=4.40e-04 | TLoss=9.7338 | VLoss=34.7879 | AP@50=0.1985 | SliceAP=0.5050 | EMA_SliceAP=0.6181
  Epoch  25/35 | LR=3.81e-04 | TLoss=9.3844 | VLoss=34.3896 | AP@50=0.1820 | SliceAP=0.5545 | EMA_SliceAP=0.5990
  Epoch  26/35 | LR=3.24e-04 | TLoss=8.7873 | VLoss=32.0401 | AP@50=0.3445 | SliceAP=0.6634 | EMA_SliceAP=0.6183
  Epoch  27/35 | LR=2.70e-04 | TLoss=8.6835 | VLoss=32.8559 | AP@50=0.4087 | SliceAP=0.7228 | EMA_SliceAP=0.6497
  Epoch  28/35 | LR=2.20e-04 | TLoss=8.7083 | VLoss=33.1625 | AP@50=0.4663 | SliceAP=0.6733 | EMA_SliceAP=0.6567
  Epoch  29/35 | LR=1.73e-04 | TLoss=8.4259 | VLoss=35.7842 | AP@50=0.3151 | SliceAP=0.6436 | EMA_SliceAP=0.6528
  Epoch  30/35 | LR=1.32e-04 | TLoss=8.2464 | VLoss=34.3924 | AP@50=0.3113 | SliceAP=0.6634 | EMA_SliceAP=0.6560
  [Pruned at epoch 30]

[Trial 335] lr=5.02e-04  wd=1.11e-04  stride=7  bs=8  mosaic=0.33  ls=0.077  clahe=True  ssr=True  rbc=False  median=True(limit=5)  speckle=False(light)  cp_p=0.64
ScanAwareSampler: 13 scans, 2306 total slices, stride=7 → ~336 slices/epoch (15% of training set per epoch)
  Epoch   1/35 | LR=5.02e-05 | TLoss=157.9332 | VLoss=107.2976 | AP@50=0.0002 | SliceAP=0.6139 | EMA_SliceAP=0.6139
  Epoch   2/35 | LR=1.07e-04 | TLoss=52.2794 | VLoss=49.6638 | AP@50=0.0003 | SliceAP=0.4257 | EMA_SliceAP=0.5574
  Epoch   3/35 | LR=1.63e-04 | TLoss=39.2984 | VLoss=42.1346 | AP@50=0.0001 | SliceAP=0.3267 | EMA_SliceAP=0.4882
  Epoch   4/35 | LR=2.19e-04 | TLoss=34.3379 | VLoss=40.7586 | AP@50=0.0000 | SliceAP=0.0396 | EMA_SliceAP=0.3536
  Epoch   5/35 | LR=2.76e-04 | TLoss=32.2097 | VLoss=36.5909 | AP@50=0.0000 | SliceAP=0.1089 | EMA_SliceAP=0.2802
  Epoch   6/35 | LR=3.32e-04 | TLoss=27.5936 | VLoss=36.5905 | AP@50=0.0003 | SliceAP=0.2376 | EMA_SliceAP=0.2674
  Epoch   7/35 | LR=3.89e-04 | TLoss=25.8155 | VLoss=32.4833 | AP@50=0.0017 | SliceAP=0.4851 | EMA_SliceAP=0.3328
  Epoch   8/35 | LR=4.45e-04 | TLoss=21.1731 | VLoss=37.2999 | AP@50=0.0019 | SliceAP=0.5050 | EMA_SliceAP=0.3844
  Epoch   9/35 | LR=5.02e-04 | TLoss=20.3667 | VLoss=32.7499 | AP@50=0.1199 | SliceAP=0.6634 | EMA_SliceAP=0.4681
  [Early stop at epoch 9, best EMA SliceAP=0.6139]
  [Checkpoints] top-3 saved → /fs01/home/dhaneshr/code/obj-det-test/checkpoints/hparam_v6/trial_0335/swa_manifest.yaml

=== Worker done | Completed: 148 | Pruned: 149 ===
Best EMA SliceAP@50 across all workers: 0.7450
Best params: {'learning_rate': 0.0004095482789400656, 'weight_decay': 0.00013102820392778454, 'mosaic_prob': 0.5458267320380163, 'label_smooth': 0.07409627285130531, 'copy_paste_p': 0.30065454405608005, 'slice_stride': 7, 'batch_size': 16, 'use_clahe': False, 'use_shift_scale_rotate': True, 'use_brightness_contrast': True, 'use_median_blur': True, 'median_blur_limit': 5, 'use_speckle_noise': True, 'speckle_level': 'heavy'}

Saving top-5 configs to train/config/
  Rank  1 | SliceAP=0.7450 | {'learning_rate': 0.0004095482789400656, 'weight_decay': 0.00013102820392778454, 'mosaic_prob': 0.5458267320380163, 'label_smooth': 0.07409627285130531, 'copy_paste_p': 0.30065454405608005, 'slice_stride': 7, 'batch_size': 16, 'use_clahe': False, 'use_shift_scale_rotate': True, 'use_brightness_contrast': True, 'use_median_blur': True, 'median_blur_limit': 5, 'use_speckle_noise': True, 'speckle_level': 'heavy'} → hparam_v5_rank01_sliceap0.7450.yaml
  Rank  2 | SliceAP=0.7379 | {'learning_rate': 0.000490892937896775, 'weight_decay': 0.0004366909491710489, 'mosaic_prob': 0.33945465882536113, 'label_smooth': 0.03520533173945255, 'copy_paste_p': 0.46927932027077496, 'slice_stride': 7, 'batch_size': 16, 'use_clahe': True, 'use_shift_scale_rotate': True, 'use_brightness_contrast': False, 'use_median_blur': True, 'median_blur_limit': 5, 'use_speckle_noise': False, 'speckle_level': 'heavy'} → hparam_v5_rank02_sliceap0.7379.yaml
  Rank  3 | SliceAP=0.7350 | {'learning_rate': 0.0004186064867053193, 'weight_decay': 0.000813822714897863, 'mosaic_prob': 0.4917453770038845, 'label_smooth': 0.08547387715582948, 'copy_paste_p': 0.6851899024509025, 'slice_stride': 7, 'batch_size': 8, 'use_clahe': True, 'use_shift_scale_rotate': True, 'use_brightness_contrast': False, 'use_median_blur': True, 'median_blur_limit': 7, 'use_speckle_noise': False, 'speckle_level': 'heavy'} → hparam_v5_rank03_sliceap0.7350.yaml
  Rank  4 | SliceAP=0.7322 | {'learning_rate': 0.0005748863225567111, 'weight_decay': 0.00023932014565840494, 'mosaic_prob': 0.54354704642898, 'label_smooth': 0.08525694863562076, 'copy_paste_p': 0.636963955422829, 'slice_stride': 7, 'batch_size': 16, 'use_clahe': False, 'use_shift_scale_rotate': True, 'use_brightness_contrast': True, 'use_median_blur': True, 'median_blur_limit': 5, 'use_speckle_noise': True, 'speckle_level': 'light'} → hparam_v5_rank04_sliceap0.7322.yaml
  Rank  5 | SliceAP=0.7307 | {'learning_rate': 0.0004231826823689618, 'weight_decay': 0.00011737297918180591, 'mosaic_prob': 0.5454452465293883, 'label_smooth': 0.04601028200514984, 'copy_paste_p': 0.30065454405608005, 'slice_stride': 7, 'batch_size': 16, 'use_clahe': True, 'use_shift_scale_rotate': True, 'use_brightness_contrast': False, 'use_median_blur': True, 'median_blur_limit': 5, 'use_speckle_noise': False, 'speckle_level': 'heavy'} → hparam_v5_rank05_sliceap0.7307.yaml

Best config (EMA SliceAP@50=0.7450) → train/config/best_hyperparams_v5.yaml
Task 3 completed at: Thu Mar 19 02:21:01 PM EDT 2026
