Job array    : 994, task 12
Node         : bn039
Started at   : Thu Mar 19 11:24:03 AM EDT 2026
Config       : train/config/best_hyperparams_v5_pu_loss.yaml
Study        : yoloe_hparam_search_v6 @ sqlite:////fs01/home/dhaneshr/code/obj-det-test/optuna_studies/yoloe_hparam_search_v6.db
Trials       : 15 (this worker)
Epochs/trial : 35 (max, EMA early stopping patience=8)
Checkpoints  : top-3 per trial (min EMA=0.6) → /fs01/home/dhaneshr/code/obj-det-test/checkpoints/hparam_v6
Study name   : yoloe_hparam_search_v6
Storage      : sqlite:////fs01/home/dhaneshr/code/obj-det-test/optuna_studies/yoloe_hparam_search_v6.db
Trials       : 15 (this worker)
Epochs/trial : 35 (max, EMA early stopping patience=8)
EMA alpha    : 0.3
Checkpoints  : top-3 per trial → /fs01/home/dhaneshr/code/obj-det-test/checkpoints/hparam_v6

[Trial 54] lr=4.33e-04  wd=3.68e-02  stride=10  bs=16  mosaic=0.67  ls=0.090  clahe=True  ssr=True  rbc=False  median=True(limit=5)  speckle=False(medium)  cp_p=0.28
ScanAwareSampler: 13 scans, 2306 total slices, stride=10 → ~236 slices/epoch (10% of training set per epoch)
  Epoch   1/35 | LR=4.33e-05 | TLoss=193.1311 | VLoss=206.5303 | AP@50=0.0007 | SliceAP=0.1782 | EMA_SliceAP=0.1782
  Epoch   2/35 | LR=9.20e-05 | TLoss=135.3694 | VLoss=152.1075 | AP@50=0.0001 | SliceAP=0.4851 | EMA_SliceAP=0.2703
  Epoch   3/35 | LR=1.41e-04 | TLoss=75.4082 | VLoss=109.4310 | AP@50=0.0005 | SliceAP=0.3465 | EMA_SliceAP=0.2932
  Epoch   4/35 | LR=1.89e-04 | TLoss=50.4878 | VLoss=72.6270 | AP@50=0.0004 | SliceAP=0.3069 | EMA_SliceAP=0.2973
  Epoch   5/35 | LR=2.38e-04 | TLoss=35.1477 | VLoss=48.0083 | AP@50=0.0007 | SliceAP=0.2673 | EMA_SliceAP=0.2883
  Epoch   6/35 | LR=2.87e-04 | TLoss=28.1389 | VLoss=38.1799 | AP@50=0.0000 | SliceAP=0.0099 | EMA_SliceAP=0.2048
  Epoch   7/35 | LR=3.35e-04 | TLoss=27.1386 | VLoss=41.0488 | AP@50=0.0000 | SliceAP=0.0198 | EMA_SliceAP=0.1493
  Epoch   8/35 | LR=3.84e-04 | TLoss=24.6818 | VLoss=37.5414 | AP@50=0.0000 | SliceAP=0.0099 | EMA_SliceAP=0.1075
  Epoch   9/35 | LR=4.33e-04 | TLoss=22.9926 | VLoss=44.4630 | AP@50=0.0033 | SliceAP=0.3762 | EMA_SliceAP=0.1881
  Epoch  10/35 | LR=4.31e-04 | TLoss=20.6995 | VLoss=37.4845 | AP@50=0.0964 | SliceAP=0.3366 | EMA_SliceAP=0.2327
  Epoch  11/35 | LR=4.27e-04 | TLoss=18.8621 | VLoss=36.3738 | AP@50=0.0272 | SliceAP=0.3069 | EMA_SliceAP=0.2549
  [Early stop at epoch 11, best EMA SliceAP=0.2932]
  [Checkpoints] top-3 saved → /fs01/home/dhaneshr/code/obj-det-test/checkpoints/hparam_v6/trial_0054/swa_manifest.yaml

[Trial 63] lr=7.48e-04  wd=3.97e-03  stride=10  bs=8  mosaic=0.32  ls=0.091  clahe=True  ssr=False  rbc=False  median=False(limit=7)  speckle=False(medium)  cp_p=0.29
ScanAwareSampler: 13 scans, 2306 total slices, stride=10 → ~236 slices/epoch (10% of training set per epoch)
  Epoch   1/35 | LR=7.48e-05 | TLoss=180.5531 | VLoss=141.9887 | AP@50=0.0003 | SliceAP=0.5743 | EMA_SliceAP=0.5743
  Epoch   2/35 | LR=1.59e-04 | TLoss=77.7966 | VLoss=65.9635 | AP@50=0.0009 | SliceAP=0.3960 | EMA_SliceAP=0.5208
  Epoch   3/35 | LR=2.43e-04 | TLoss=35.9291 | VLoss=41.6512 | AP@50=0.0004 | SliceAP=0.1386 | EMA_SliceAP=0.4061
  Epoch   4/35 | LR=3.27e-04 | TLoss=30.3363 | VLoss=39.7931 | AP@50=0.0023 | SliceAP=0.1188 | EMA_SliceAP=0.3199
  Epoch   5/35 | LR=4.11e-04 | TLoss=32.6616 | VLoss=35.1414 | AP@50=0.0000 | SliceAP=0.0000 | EMA_SliceAP=0.2240
  Epoch   6/35 | LR=4.95e-04 | TLoss=26.4217 | VLoss=37.9609 | AP@50=0.0153 | SliceAP=0.3762 | EMA_SliceAP=0.2696
  Epoch   7/35 | LR=5.79e-04 | TLoss=27.1598 | VLoss=40.3919 | AP@50=0.0134 | SliceAP=0.1881 | EMA_SliceAP=0.2452
  Epoch   8/35 | LR=6.63e-04 | TLoss=25.3626 | VLoss=35.3963 | AP@50=0.1628 | SliceAP=0.3861 | EMA_SliceAP=0.2875
  Epoch   9/35 | LR=7.48e-04 | TLoss=22.4347 | VLoss=37.3418 | AP@50=0.1244 | SliceAP=0.2970 | EMA_SliceAP=0.2903
  [Early stop at epoch 9, best EMA SliceAP=0.5743]
  [Checkpoints] top-3 saved → /fs01/home/dhaneshr/code/obj-det-test/checkpoints/hparam_v6/trial_0063/swa_manifest.yaml

[Trial 71] lr=2.09e-03  wd=1.92e-03  stride=5  bs=8  mosaic=0.30  ls=0.134  clahe=False  ssr=False  rbc=True  median=False(limit=7)  speckle=True(light)  cp_p=0.41
ScanAwareSampler: 13 scans, 2306 total slices, stride=5 → ~467 slices/epoch (20% of training set per epoch)
  Epoch   1/35 | LR=2.09e-04 | TLoss=88.8977 | VLoss=43.4785 | AP@50=0.0001 | SliceAP=0.0594 | EMA_SliceAP=0.0594
  Epoch   2/35 | LR=4.44e-04 | TLoss=31.4197 | VLoss=43.3698 | AP@50=0.0053 | SliceAP=0.0396 | EMA_SliceAP=0.0535
  Epoch   3/35 | LR=6.80e-04 | TLoss=29.2315 | VLoss=36.5195 | AP@50=0.0246 | SliceAP=0.4455 | EMA_SliceAP=0.1711
  Epoch   4/35 | LR=9.15e-04 | TLoss=24.6968 | VLoss=38.4975 | AP@50=0.0136 | SliceAP=0.4950 | EMA_SliceAP=0.2683
  Epoch   5/35 | LR=1.15e-03 | TLoss=21.4383 | VLoss=35.1507 | AP@50=0.2126 | SliceAP=0.4950 | EMA_SliceAP=0.3363
  Epoch   6/35 | LR=1.39e-03 | TLoss=17.0935 | VLoss=37.0607 | AP@50=0.1623 | SliceAP=0.5248 | EMA_SliceAP=0.3928
  Epoch   7/35 | LR=1.62e-03 | TLoss=15.5872 | VLoss=34.8951 | AP@50=0.2007 | SliceAP=0.5644 | EMA_SliceAP=0.4443
  Epoch   8/35 | LR=1.86e-03 | TLoss=16.8014 | VLoss=34.2894 | AP@50=0.1532 | SliceAP=0.5842 | EMA_SliceAP=0.4863
  Epoch   9/35 | LR=2.09e-03 | TLoss=17.2124 | VLoss=32.1827 | AP@50=0.1446 | SliceAP=0.6733 | EMA_SliceAP=0.5424
  Epoch  10/35 | LR=2.08e-03 | TLoss=14.6975 | VLoss=30.2596 | AP@50=0.2880 | SliceAP=0.7129 | EMA_SliceAP=0.5935
  Epoch  11/35 | LR=2.06e-03 | TLoss=12.7224 | VLoss=34.2474 | AP@50=0.1810 | SliceAP=0.5050 | EMA_SliceAP=0.5669
  Epoch  12/35 | LR=2.03e-03 | TLoss=12.0293 | VLoss=31.2718 | AP@50=0.1700 | SliceAP=0.6535 | EMA_SliceAP=0.5929
  Epoch  13/35 | LR=1.98e-03 | TLoss=11.0535 | VLoss=31.3711 | AP@50=0.2967 | SliceAP=0.6337 | EMA_SliceAP=0.6051
  Epoch  14/35 | LR=1.92e-03 | TLoss=10.5664 | VLoss=30.1306 | AP@50=0.3145 | SliceAP=0.6436 | EMA_SliceAP=0.6167
  Epoch  15/35 | LR=1.85e-03 | TLoss=9.8106 | VLoss=26.2090 | AP@50=0.1154 | SliceAP=0.5446 | EMA_SliceAP=0.5950
  Epoch  16/35 | LR=1.77e-03 | TLoss=9.3952 | VLoss=30.0367 | AP@50=0.1881 | SliceAP=0.6040 | EMA_SliceAP=0.5977
  Epoch  17/35 | LR=1.67e-03 | TLoss=8.6119 | VLoss=32.1110 | AP@50=0.2278 | SliceAP=0.6040 | EMA_SliceAP=0.5996
  Epoch  18/35 | LR=1.57e-03 | TLoss=8.3232 | VLoss=30.8348 | AP@50=0.2989 | SliceAP=0.6436 | EMA_SliceAP=0.6128
  Epoch  19/35 | LR=1.46e-03 | TLoss=7.6545 | VLoss=31.6356 | AP@50=0.3690 | SliceAP=0.6733 | EMA_SliceAP=0.6309
  Epoch  20/35 | LR=1.35e-03 | TLoss=7.2394 | VLoss=30.1829 | AP@50=0.2928 | SliceAP=0.6931 | EMA_SliceAP=0.6496
  Epoch  21/35 | LR=1.23e-03 | TLoss=7.2613 | VLoss=28.7240 | AP@50=0.2773 | SliceAP=0.6238 | EMA_SliceAP=0.6418
  Epoch  22/35 | LR=1.11e-03 | TLoss=6.3767 | VLoss=30.6768 | AP@50=0.2411 | SliceAP=0.5941 | EMA_SliceAP=0.6275
  Epoch  23/35 | LR=9.90e-04 | TLoss=5.8586 | VLoss=30.5838 | AP@50=0.2475 | SliceAP=0.5545 | EMA_SliceAP=0.6056
  Epoch  24/35 | LR=8.70e-04 | TLoss=5.6080 | VLoss=30.7894 | AP@50=0.1930 | SliceAP=0.5941 | EMA_SliceAP=0.6021
  Epoch  25/35 | LR=7.52e-04 | TLoss=5.2591 | VLoss=32.2576 | AP@50=0.2108 | SliceAP=0.5248 | EMA_SliceAP=0.5789
  Epoch  26/35 | LR=6.39e-04 | TLoss=5.3428 | VLoss=30.0404 | AP@50=0.2304 | SliceAP=0.5149 | EMA_SliceAP=0.5597
  Epoch  27/35 | LR=5.30e-04 | TLoss=4.9490 | VLoss=30.6950 | AP@50=0.2510 | SliceAP=0.4950 | EMA_SliceAP=0.5403
  Epoch  28/35 | LR=4.29e-04 | TLoss=4.9243 | VLoss=29.8283 | AP@50=0.3519 | SliceAP=0.5347 | EMA_SliceAP=0.5386
  [Early stop at epoch 28, best EMA SliceAP=0.6496]
  [Checkpoints] top-3 saved → /fs01/home/dhaneshr/code/obj-det-test/checkpoints/hparam_v6/trial_0071/swa_manifest.yaml

[Trial 96] lr=4.12e-03  wd=1.13e-04  stride=7  bs=32  mosaic=0.60  ls=0.115  clahe=False  ssr=True  rbc=True  median=True(limit=7)  speckle=True(light)  cp_p=0.34
ScanAwareSampler: 13 scans, 2306 total slices, stride=7 → ~336 slices/epoch (15% of training set per epoch)
  Epoch   1/35 | LR=4.12e-04 | TLoss=117.7048 | VLoss=68.8115 | AP@50=0.0004 | SliceAP=0.1881 | EMA_SliceAP=0.1881
  Epoch   2/35 | LR=8.75e-04 | TLoss=33.5611 | VLoss=50.2069 | AP@50=0.0001 | SliceAP=0.1386 | EMA_SliceAP=0.1733
  Epoch   3/35 | LR=1.34e-03 | TLoss=30.0564 | VLoss=46.9685 | AP@50=0.0005 | SliceAP=0.3168 | EMA_SliceAP=0.2163
  Epoch   4/35 | LR=1.80e-03 | TLoss=30.3380 | VLoss=45.8903 | AP@50=0.0000 | SliceAP=0.0000 | EMA_SliceAP=0.1514
  Epoch   5/35 | LR=2.26e-03 | TLoss=28.7980 | VLoss=37.5751 | AP@50=0.0000 | SliceAP=0.0000 | EMA_SliceAP=0.1060
  Epoch   6/35 | LR=2.73e-03 | TLoss=29.4057 | VLoss=42.8847 | AP@50=0.0000 | SliceAP=0.0000 | EMA_SliceAP=0.0742
  Epoch   7/35 | LR=3.19e-03 | TLoss=27.8337 | VLoss=37.8151 | AP@50=0.0000 | SliceAP=0.0198 | EMA_SliceAP=0.0579
  Epoch   8/35 | LR=3.65e-03 | TLoss=24.2272 | VLoss=41.3745 | AP@50=0.0000 | SliceAP=0.0792 | EMA_SliceAP=0.0643
  Epoch   9/35 | LR=4.12e-03 | TLoss=24.5561 | VLoss=41.6088 | AP@50=0.0000 | SliceAP=0.0495 | EMA_SliceAP=0.0598
  Epoch  10/35 | LR=4.10e-03 | TLoss=24.4241 | VLoss=47.6680 | AP@50=0.0000 | SliceAP=0.0000 | EMA_SliceAP=0.0419
  Epoch  11/35 | LR=4.06e-03 | TLoss=24.6509 | VLoss=43.9013 | AP@50=0.0631 | SliceAP=0.1287 | EMA_SliceAP=0.0679
  [Early stop at epoch 11, best EMA SliceAP=0.2163]
  [Checkpoints] top-3 saved → /fs01/home/dhaneshr/code/obj-det-test/checkpoints/hparam_v6/trial_0096/swa_manifest.yaml

[Trial 110] lr=3.10e-04  wd=3.02e-04  stride=5  bs=16  mosaic=0.36  ls=0.148  clahe=True  ssr=True  rbc=False  median=True(limit=5)  speckle=False(heavy)  cp_p=0.51
ScanAwareSampler: 13 scans, 2306 total slices, stride=5 → ~467 slices/epoch (20% of training set per epoch)
  Epoch   1/35 | LR=3.10e-05 | TLoss=193.7771 | VLoss=192.1687 | AP@50=0.0003 | SliceAP=0.1782 | EMA_SliceAP=0.1782
  Epoch   2/35 | LR=6.58e-05 | TLoss=124.8274 | VLoss=114.7879 | AP@50=0.0002 | SliceAP=0.6337 | EMA_SliceAP=0.3149
  Epoch   3/35 | LR=1.01e-04 | TLoss=63.5293 | VLoss=76.8982 | AP@50=0.0002 | SliceAP=0.4257 | EMA_SliceAP=0.3481
  Epoch   4/35 | LR=1.35e-04 | TLoss=40.3592 | VLoss=44.9017 | AP@50=0.0004 | SliceAP=0.1584 | EMA_SliceAP=0.2912
  Epoch   5/35 | LR=1.70e-04 | TLoss=28.4927 | VLoss=37.3361 | AP@50=0.0008 | SliceAP=0.0495 | EMA_SliceAP=0.2187
  Epoch   6/35 | LR=2.05e-04 | TLoss=25.4692 | VLoss=37.3573 | AP@50=0.0341 | SliceAP=0.3366 | EMA_SliceAP=0.2541
  Epoch   7/35 | LR=2.40e-04 | TLoss=25.7188 | VLoss=36.2608 | AP@50=0.0902 | SliceAP=0.3663 | EMA_SliceAP=0.2878
  Epoch   8/35 | LR=2.75e-04 | TLoss=23.2429 | VLoss=38.1831 | AP@50=0.0570 | SliceAP=0.4059 | EMA_SliceAP=0.3232
  Epoch   9/35 | LR=3.10e-04 | TLoss=22.7743 | VLoss=39.0516 | AP@50=0.1405 | SliceAP=0.5446 | EMA_SliceAP=0.3896
  Epoch  10/35 | LR=3.09e-04 | TLoss=19.6981 | VLoss=35.9520 | AP@50=0.1828 | SliceAP=0.4554 | EMA_SliceAP=0.4094
  [Pruned at epoch 10]

[Trial 123] lr=5.49e-04  wd=2.69e-02  stride=10  bs=16  mosaic=0.70  ls=0.080  clahe=True  ssr=True  rbc=False  median=True(limit=5)  speckle=False(medium)  cp_p=0.26
ScanAwareSampler: 13 scans, 2306 total slices, stride=10 → ~236 slices/epoch (10% of training set per epoch)
  Epoch   1/35 | LR=5.49e-05 | TLoss=185.0306 | VLoss=185.9969 | AP@50=0.0004 | SliceAP=0.1980 | EMA_SliceAP=0.1980
  Epoch   2/35 | LR=1.17e-04 | TLoss=128.9629 | VLoss=143.7016 | AP@50=0.0004 | SliceAP=0.5941 | EMA_SliceAP=0.3168
  Epoch   3/35 | LR=1.78e-04 | TLoss=66.7356 | VLoss=96.2568 | AP@50=0.0000 | SliceAP=0.3960 | EMA_SliceAP=0.3406
  Epoch   4/35 | LR=2.40e-04 | TLoss=39.6559 | VLoss=61.6755 | AP@50=0.0000 | SliceAP=0.1188 | EMA_SliceAP=0.2741
  Epoch   5/35 | LR=3.02e-04 | TLoss=28.8274 | VLoss=45.2344 | AP@50=0.0001 | SliceAP=0.0297 | EMA_SliceAP=0.2008
  Epoch   6/35 | LR=3.64e-04 | TLoss=26.3262 | VLoss=41.2626 | AP@50=0.0001 | SliceAP=0.0396 | EMA_SliceAP=0.1524
  Epoch   7/35 | LR=4.26e-04 | TLoss=24.2933 | VLoss=40.0104 | AP@50=0.0008 | SliceAP=0.0990 | EMA_SliceAP=0.1364
  Epoch   8/35 | LR=4.87e-04 | TLoss=22.2173 | VLoss=40.6234 | AP@50=0.0618 | SliceAP=0.1683 | EMA_SliceAP=0.1460
  Epoch   9/35 | LR=5.49e-04 | TLoss=22.8402 | VLoss=34.8849 | AP@50=0.0537 | SliceAP=0.2871 | EMA_SliceAP=0.1883
  Epoch  10/35 | LR=5.47e-04 | TLoss=21.6738 | VLoss=39.6051 | AP@50=0.0497 | SliceAP=0.2772 | EMA_SliceAP=0.2150
  [Pruned at epoch 10]

[Trial 132] lr=9.60e-04  wd=1.95e-03  stride=10  bs=8  mosaic=0.63  ls=0.097  clahe=True  ssr=False  rbc=False  median=False(limit=7)  speckle=False(medium)  cp_p=0.24
ScanAwareSampler: 13 scans, 2306 total slices, stride=10 → ~236 slices/epoch (10% of training set per epoch)
  Epoch   1/35 | LR=9.60e-05 | TLoss=144.7631 | VLoss=131.0755 | AP@50=0.0022 | SliceAP=0.6337 | EMA_SliceAP=0.6337
  Epoch   2/35 | LR=2.04e-04 | TLoss=50.5463 | VLoss=51.2027 | AP@50=0.0002 | SliceAP=0.1782 | EMA_SliceAP=0.4970
  Epoch   3/35 | LR=3.12e-04 | TLoss=28.7242 | VLoss=41.0227 | AP@50=0.0000 | SliceAP=0.0198 | EMA_SliceAP=0.3539
  Epoch   4/35 | LR=4.20e-04 | TLoss=26.7471 | VLoss=40.4130 | AP@50=0.0003 | SliceAP=0.0297 | EMA_SliceAP=0.2566
  Epoch   5/35 | LR=5.28e-04 | TLoss=24.3531 | VLoss=48.0535 | AP@50=0.0010 | SliceAP=0.0792 | EMA_SliceAP=0.2034
  Epoch   6/35 | LR=6.36e-04 | TLoss=19.7461 | VLoss=36.7875 | AP@50=0.0631 | SliceAP=0.5446 | EMA_SliceAP=0.3057
  Epoch   7/35 | LR=7.44e-04 | TLoss=18.0353 | VLoss=39.6681 | AP@50=0.0246 | SliceAP=0.4059 | EMA_SliceAP=0.3358
  Epoch   8/35 | LR=8.52e-04 | TLoss=16.3071 | VLoss=34.2900 | AP@50=0.1335 | SliceAP=0.3960 | EMA_SliceAP=0.3539
  Epoch   9/35 | LR=9.60e-04 | TLoss=15.0062 | VLoss=35.1127 | AP@50=0.2459 | SliceAP=0.7228 | EMA_SliceAP=0.4645
  [Early stop at epoch 9, best EMA SliceAP=0.6337]
  [Checkpoints] top-3 saved → /fs01/home/dhaneshr/code/obj-det-test/checkpoints/hparam_v6/trial_0132/swa_manifest.yaml

[Trial 143] lr=2.20e-04  wd=3.07e-03  stride=7  bs=16  mosaic=0.53  ls=0.007  clahe=False  ssr=True  rbc=True  median=True(limit=5)  speckle=True(heavy)  cp_p=0.57
ScanAwareSampler: 13 scans, 2306 total slices, stride=7 → ~336 slices/epoch (15% of training set per epoch)
  Epoch   1/35 | LR=2.20e-05 | TLoss=194.0806 | VLoss=202.3706 | AP@50=0.0005 | SliceAP=0.1980 | EMA_SliceAP=0.1980
  Epoch   2/35 | LR=4.67e-05 | TLoss=163.3347 | VLoss=154.3999 | AP@50=0.0000 | SliceAP=0.4356 | EMA_SliceAP=0.2693
  Epoch   3/35 | LR=7.14e-05 | TLoss=106.8710 | VLoss=114.1507 | AP@50=0.0001 | SliceAP=0.6931 | EMA_SliceAP=0.3964
  Epoch   4/35 | LR=9.61e-05 | TLoss=58.5128 | VLoss=81.6218 | AP@50=0.0001 | SliceAP=0.4653 | EMA_SliceAP=0.4171
  Epoch   5/35 | LR=1.21e-04 | TLoss=44.3676 | VLoss=59.3879 | AP@50=0.0005 | SliceAP=0.3960 | EMA_SliceAP=0.4108
  Epoch   6/35 | LR=1.46e-04 | TLoss=33.8478 | VLoss=45.0793 | AP@50=0.0007 | SliceAP=0.4752 | EMA_SliceAP=0.4301
  Epoch   7/35 | LR=1.70e-04 | TLoss=30.0194 | VLoss=38.7579 | AP@50=0.0032 | SliceAP=0.2574 | EMA_SliceAP=0.3783
  Epoch   8/35 | LR=1.95e-04 | TLoss=27.0966 | VLoss=36.0535 | AP@50=0.0306 | SliceAP=0.3762 | EMA_SliceAP=0.3777
  Epoch   9/35 | LR=2.20e-04 | TLoss=25.6281 | VLoss=35.9912 | AP@50=0.0076 | SliceAP=0.2673 | EMA_SliceAP=0.3446
  Epoch  10/35 | LR=2.19e-04 | TLoss=23.8176 | VLoss=37.1677 | AP@50=0.0000 | SliceAP=0.0198 | EMA_SliceAP=0.2471
  [Pruned at epoch 10]

[Trial 162] lr=3.82e-04  wd=2.21e-04  stride=7  bs=16  mosaic=0.45  ls=0.037  clahe=True  ssr=True  rbc=False  median=True(limit=5)  speckle=False(heavy)  cp_p=0.54
ScanAwareSampler: 13 scans, 2306 total slices, stride=7 → ~336 slices/epoch (15% of training set per epoch)
  Epoch   1/35 | LR=3.82e-05 | TLoss=191.3692 | VLoss=203.2801 | AP@50=0.0004 | SliceAP=0.1881 | EMA_SliceAP=0.1881
  Epoch   2/35 | LR=8.12e-05 | TLoss=144.9138 | VLoss=149.3754 | AP@50=0.0010 | SliceAP=0.4851 | EMA_SliceAP=0.2772
  Epoch   3/35 | LR=1.24e-04 | TLoss=79.5847 | VLoss=93.0834 | AP@50=0.0003 | SliceAP=0.4950 | EMA_SliceAP=0.3426
  Epoch   4/35 | LR=1.67e-04 | TLoss=43.3825 | VLoss=52.1086 | AP@50=0.0005 | SliceAP=0.3366 | EMA_SliceAP=0.3408
  Epoch   5/35 | LR=2.10e-04 | TLoss=31.6445 | VLoss=40.8690 | AP@50=0.0016 | SliceAP=0.1683 | EMA_SliceAP=0.2890
  Epoch   6/35 | LR=2.53e-04 | TLoss=28.5518 | VLoss=37.2346 | AP@50=0.0001 | SliceAP=0.0198 | EMA_SliceAP=0.2083
  Epoch   7/35 | LR=2.96e-04 | TLoss=29.5431 | VLoss=35.6300 | AP@50=0.0129 | SliceAP=0.2673 | EMA_SliceAP=0.2260
  Epoch   8/35 | LR=3.39e-04 | TLoss=26.1879 | VLoss=34.8921 | AP@50=0.1400 | SliceAP=0.5248 | EMA_SliceAP=0.3156
  Epoch   9/35 | LR=3.82e-04 | TLoss=23.5641 | VLoss=36.6966 | AP@50=0.0549 | SliceAP=0.4059 | EMA_SliceAP=0.3427
  Epoch  10/35 | LR=3.81e-04 | TLoss=21.5735 | VLoss=32.0073 | AP@50=0.2193 | SliceAP=0.5941 | EMA_SliceAP=0.4181
  Epoch  11/35 | LR=3.77e-04 | TLoss=19.3865 | VLoss=34.8554 | AP@50=0.2351 | SliceAP=0.6535 | EMA_SliceAP=0.4887
  Epoch  12/35 | LR=3.71e-04 | TLoss=17.3346 | VLoss=28.6330 | AP@50=0.2016 | SliceAP=0.6733 | EMA_SliceAP=0.5441
  Epoch  13/35 | LR=3.62e-04 | TLoss=16.0256 | VLoss=36.0256 | AP@50=0.1635 | SliceAP=0.5149 | EMA_SliceAP=0.5353
  Epoch  14/35 | LR=3.52e-04 | TLoss=15.7955 | VLoss=35.4143 | AP@50=0.2080 | SliceAP=0.6337 | EMA_SliceAP=0.5648
  Epoch  15/35 | LR=3.39e-04 | TLoss=14.8896 | VLoss=37.2750 | AP@50=0.3260 | SliceAP=0.5644 | EMA_SliceAP=0.5647
  Epoch  16/35 | LR=3.24e-04 | TLoss=12.4586 | VLoss=25.0903 | AP@50=0.3384 | SliceAP=0.6832 | EMA_SliceAP=0.6002
  Epoch  17/35 | LR=3.07e-04 | TLoss=12.6136 | VLoss=31.2933 | AP@50=0.3757 | SliceAP=0.6931 | EMA_SliceAP=0.6281
  Epoch  18/35 | LR=2.89e-04 | TLoss=11.4128 | VLoss=30.3490 | AP@50=0.3229 | SliceAP=0.6832 | EMA_SliceAP=0.6446
  Epoch  19/35 | LR=2.70e-04 | TLoss=10.4357 | VLoss=27.7130 | AP@50=0.2747 | SliceAP=0.6634 | EMA_SliceAP=0.6502
  Epoch  20/35 | LR=2.50e-04 | TLoss=10.2524 | VLoss=29.7204 | AP@50=0.2786 | SliceAP=0.6832 | EMA_SliceAP=0.6601
  Epoch  21/35 | LR=2.28e-04 | TLoss=9.5374 | VLoss=30.7281 | AP@50=0.2707 | SliceAP=0.6535 | EMA_SliceAP=0.6581
  Epoch  22/35 | LR=2.07e-04 | TLoss=9.4632 | VLoss=28.5752 | AP@50=0.3207 | SliceAP=0.7030 | EMA_SliceAP=0.6716
  Epoch  23/35 | LR=1.85e-04 | TLoss=9.0209 | VLoss=30.6952 | AP@50=0.3583 | SliceAP=0.6931 | EMA_SliceAP=0.6780
  Epoch  24/35 | LR=1.64e-04 | TLoss=9.1742 | VLoss=29.5218 | AP@50=0.3939 | SliceAP=0.6832 | EMA_SliceAP=0.6796
  Epoch  25/35 | LR=1.43e-04 | TLoss=9.2496 | VLoss=31.0631 | AP@50=0.3247 | SliceAP=0.6634 | EMA_SliceAP=0.6747
  Epoch  26/35 | LR=1.22e-04 | TLoss=8.4406 | VLoss=31.9825 | AP@50=0.4518 | SliceAP=0.6832 | EMA_SliceAP=0.6772
  Epoch  27/35 | LR=1.03e-04 | TLoss=7.6951 | VLoss=32.6145 | AP@50=0.3689 | SliceAP=0.6436 | EMA_SliceAP=0.6671
  Epoch  28/35 | LR=8.50e-05 | TLoss=7.8015 | VLoss=32.0201 | AP@50=0.4335 | SliceAP=0.6634 | EMA_SliceAP=0.6660
  Epoch  29/35 | LR=6.84e-05 | TLoss=7.3967 | VLoss=31.5022 | AP@50=0.4049 | SliceAP=0.6832 | EMA_SliceAP=0.6712
  Epoch  30/35 | LR=5.35e-05 | TLoss=7.3203 | VLoss=31.7449 | AP@50=0.4347 | SliceAP=0.6832 | EMA_SliceAP=0.6748
  Epoch  31/35 | LR=4.06e-05 | TLoss=7.5503 | VLoss=32.4122 | AP@50=0.4340 | SliceAP=0.6931 | EMA_SliceAP=0.6803
  [Early stop at epoch 31, best EMA SliceAP=0.6780]
  [Checkpoints] top-3 saved → /fs01/home/dhaneshr/code/obj-det-test/checkpoints/hparam_v6/trial_0162/swa_manifest.yaml

[Trial 195] lr=6.31e-04  wd=1.01e-04  stride=7  bs=16  mosaic=0.57  ls=0.012  clahe=True  ssr=True  rbc=False  median=True(limit=5)  speckle=False(heavy)  cp_p=0.53
ScanAwareSampler: 13 scans, 2306 total slices, stride=7 → ~336 slices/epoch (15% of training set per epoch)
  Epoch   1/35 | LR=6.31e-05 | TLoss=178.5725 | VLoss=163.6173 | AP@50=0.0018 | SliceAP=0.1881 | EMA_SliceAP=0.1881
  Epoch   2/35 | LR=1.34e-04 | TLoss=94.9025 | VLoss=114.1473 | AP@50=0.0004 | SliceAP=0.4158 | EMA_SliceAP=0.2564
  Epoch   3/35 | LR=2.05e-04 | TLoss=46.6486 | VLoss=49.4871 | AP@50=0.0044 | SliceAP=0.5248 | EMA_SliceAP=0.3369
  Epoch   4/35 | LR=2.76e-04 | TLoss=30.0450 | VLoss=39.9385 | AP@50=0.0004 | SliceAP=0.0396 | EMA_SliceAP=0.2477
  Epoch   5/35 | LR=3.47e-04 | TLoss=26.8921 | VLoss=37.9411 | AP@50=0.0335 | SliceAP=0.2277 | EMA_SliceAP=0.2417
  Epoch   6/35 | LR=4.18e-04 | TLoss=24.3852 | VLoss=37.7747 | AP@50=0.0114 | SliceAP=0.1980 | EMA_SliceAP=0.2286
  Epoch   7/35 | LR=4.89e-04 | TLoss=25.6815 | VLoss=34.5183 | AP@50=0.1215 | SliceAP=0.4653 | EMA_SliceAP=0.2996
  Epoch   8/35 | LR=5.60e-04 | TLoss=22.8921 | VLoss=35.6829 | AP@50=0.1287 | SliceAP=0.6436 | EMA_SliceAP=0.4028
  Epoch   9/35 | LR=6.31e-04 | TLoss=21.0910 | VLoss=40.6102 | AP@50=0.1222 | SliceAP=0.4158 | EMA_SliceAP=0.4067
  Epoch  10/35 | LR=6.29e-04 | TLoss=18.9819 | VLoss=38.9555 | AP@50=0.0468 | SliceAP=0.3663 | EMA_SliceAP=0.3946
  Epoch  11/35 | LR=6.23e-04 | TLoss=16.1295 | VLoss=36.6975 | AP@50=0.2074 | SliceAP=0.5941 | EMA_SliceAP=0.4544
  Epoch  12/35 | LR=6.12e-04 | TLoss=13.7342 | VLoss=38.9794 | AP@50=0.2339 | SliceAP=0.6040 | EMA_SliceAP=0.4993
  Epoch  13/35 | LR=5.98e-04 | TLoss=13.5740 | VLoss=32.5729 | AP@50=0.1916 | SliceAP=0.6436 | EMA_SliceAP=0.5426
  Epoch  14/35 | LR=5.80e-04 | TLoss=11.8008 | VLoss=33.9189 | AP@50=0.2301 | SliceAP=0.6634 | EMA_SliceAP=0.5788
  Epoch  15/35 | LR=5.58e-04 | TLoss=11.9823 | VLoss=31.5727 | AP@50=0.3215 | SliceAP=0.7030 | EMA_SliceAP=0.6161
  Epoch  16/35 | LR=5.34e-04 | TLoss=10.4986 | VLoss=35.1526 | AP@50=0.2368 | SliceAP=0.6337 | EMA_SliceAP=0.6213
  Epoch  17/35 | LR=5.06e-04 | TLoss=10.2597 | VLoss=37.5355 | AP@50=0.2085 | SliceAP=0.6337 | EMA_SliceAP=0.6250
  Epoch  18/35 | LR=4.76e-04 | TLoss=10.1427 | VLoss=33.0722 | AP@50=0.3519 | SliceAP=0.7030 | EMA_SliceAP=0.6484
  Epoch  19/35 | LR=4.43e-04 | TLoss=8.9677 | VLoss=32.9665 | AP@50=0.2888 | SliceAP=0.6436 | EMA_SliceAP=0.6470
  Epoch  20/35 | LR=4.10e-04 | TLoss=8.5328 | VLoss=32.9972 | AP@50=0.2804 | SliceAP=0.6436 | EMA_SliceAP=0.6459
  Epoch  21/35 | LR=3.74e-04 | TLoss=9.1291 | VLoss=34.2121 | AP@50=0.2118 | SliceAP=0.6337 | EMA_SliceAP=0.6423
  Epoch  22/35 | LR=3.39e-04 | TLoss=8.5613 | VLoss=33.3015 | AP@50=0.3492 | SliceAP=0.6337 | EMA_SliceAP=0.6397
  Epoch  23/35 | LR=3.02e-04 | TLoss=8.7034 | VLoss=34.4174 | AP@50=0.3488 | SliceAP=0.6931 | EMA_SliceAP=0.6557
  Epoch  24/35 | LR=2.67e-04 | TLoss=7.8267 | VLoss=33.8174 | AP@50=0.2916 | SliceAP=0.6832 | EMA_SliceAP=0.6639
  Epoch  25/35 | LR=2.31e-04 | TLoss=7.3979 | VLoss=33.5261 | AP@50=0.3401 | SliceAP=0.6634 | EMA_SliceAP=0.6638
  Epoch  26/35 | LR=1.98e-04 | TLoss=7.4423 | VLoss=33.5267 | AP@50=0.3398 | SliceAP=0.6733 | EMA_SliceAP=0.6666
  Epoch  27/35 | LR=1.65e-04 | TLoss=7.2126 | VLoss=32.9642 | AP@50=0.3165 | SliceAP=0.6337 | EMA_SliceAP=0.6567
  Epoch  28/35 | LR=1.35e-04 | TLoss=6.9165 | VLoss=34.1018 | AP@50=0.3430 | SliceAP=0.6436 | EMA_SliceAP=0.6528
  Epoch  29/35 | LR=1.07e-04 | TLoss=6.5019 | VLoss=33.2838 | AP@50=0.2655 | SliceAP=0.6535 | EMA_SliceAP=0.6530
  Epoch  30/35 | LR=8.26e-05 | TLoss=6.9710 | VLoss=34.2856 | AP@50=0.2949 | SliceAP=0.6832 | EMA_SliceAP=0.6620
  Epoch  31/35 | LR=6.11e-05 | TLoss=6.8387 | VLoss=33.4537 | AP@50=0.3117 | SliceAP=0.7228 | EMA_SliceAP=0.6803
  Epoch  32/35 | LR=4.30e-05 | TLoss=6.9577 | VLoss=33.4985 | AP@50=0.3050 | SliceAP=0.6733 | EMA_SliceAP=0.6782
  Epoch  33/35 | LR=2.87e-05 | TLoss=6.4919 | VLoss=33.5136 | AP@50=0.3125 | SliceAP=0.6832 | EMA_SliceAP=0.6797
  Epoch  34/35 | LR=1.84e-05 | TLoss=6.5129 | VLoss=33.8195 | AP@50=0.3153 | SliceAP=0.6733 | EMA_SliceAP=0.6777
  Epoch  35/35 | LR=1.21e-05 | TLoss=6.7521 | VLoss=33.8813 | AP@50=0.3141 | SliceAP=0.6832 | EMA_SliceAP=0.6794
  [Checkpoints] top-3 saved → /fs01/home/dhaneshr/code/obj-det-test/checkpoints/hparam_v6/trial_0195/swa_manifest.yaml

[Trial 225] lr=6.07e-04  wd=1.20e-04  stride=7  bs=16  mosaic=0.55  ls=0.074  clahe=True  ssr=True  rbc=False  median=True(limit=5)  speckle=False(heavy)  cp_p=0.49
ScanAwareSampler: 13 scans, 2306 total slices, stride=7 → ~336 slices/epoch (15% of training set per epoch)
  Epoch   1/35 | LR=6.07e-05 | TLoss=176.6650 | VLoss=157.9284 | AP@50=0.0004 | SliceAP=0.1980 | EMA_SliceAP=0.1980
  Epoch   2/35 | LR=1.29e-04 | TLoss=90.3683 | VLoss=78.1585 | AP@50=0.0000 | SliceAP=0.4752 | EMA_SliceAP=0.2812
  Epoch   3/35 | LR=1.97e-04 | TLoss=36.3333 | VLoss=43.3043 | AP@50=0.0001 | SliceAP=0.5842 | EMA_SliceAP=0.3721
  Epoch   4/35 | LR=2.66e-04 | TLoss=30.6877 | VLoss=39.3317 | AP@50=0.0001 | SliceAP=0.4554 | EMA_SliceAP=0.3971
  Epoch   5/35 | LR=3.34e-04 | TLoss=29.5524 | VLoss=36.7693 | AP@50=0.0012 | SliceAP=0.5050 | EMA_SliceAP=0.4294
  Epoch   6/35 | LR=4.02e-04 | TLoss=26.3824 | VLoss=35.4883 | AP@50=0.0000 | SliceAP=0.2178 | EMA_SliceAP=0.3660
  Epoch   7/35 | LR=4.71e-04 | TLoss=23.5110 | VLoss=38.3369 | AP@50=0.0052 | SliceAP=0.6238 | EMA_SliceAP=0.4433
  Epoch   8/35 | LR=5.39e-04 | TLoss=23.6446 | VLoss=42.6142 | AP@50=0.0049 | SliceAP=0.5050 | EMA_SliceAP=0.4618
  Epoch   9/35 | LR=6.07e-04 | TLoss=21.0505 | VLoss=42.9895 | AP@50=0.0039 | SliceAP=0.6337 | EMA_SliceAP=0.5134
  Epoch  10/35 | LR=6.05e-04 | TLoss=20.7424 | VLoss=35.6965 | AP@50=0.0058 | SliceAP=0.5941 | EMA_SliceAP=0.5376
  Epoch  11/35 | LR=5.99e-04 | TLoss=17.9775 | VLoss=38.5851 | AP@50=0.1637 | SliceAP=0.6139 | EMA_SliceAP=0.5605
  Epoch  12/35 | LR=5.89e-04 | TLoss=16.9408 | VLoss=32.5749 | AP@50=0.2649 | SliceAP=0.7129 | EMA_SliceAP=0.6062
  Epoch  13/35 | LR=5.76e-04 | TLoss=15.3872 | VLoss=33.8427 | AP@50=0.2480 | SliceAP=0.5842 | EMA_SliceAP=0.5996
  Epoch  14/35 | LR=5.58e-04 | TLoss=14.1931 | VLoss=34.0938 | AP@50=0.1804 | SliceAP=0.6832 | EMA_SliceAP=0.6247
  Epoch  15/35 | LR=5.37e-04 | TLoss=12.7865 | VLoss=35.4390 | AP@50=0.1899 | SliceAP=0.5842 | EMA_SliceAP=0.6125
  Epoch  16/35 | LR=5.14e-04 | TLoss=12.8568 | VLoss=37.9488 | AP@50=0.2105 | SliceAP=0.6238 | EMA_SliceAP=0.6159
  Epoch  17/35 | LR=4.87e-04 | TLoss=10.7207 | VLoss=35.6062 | AP@50=0.2663 | SliceAP=0.6337 | EMA_SliceAP=0.6212
  Epoch  18/35 | LR=4.58e-04 | TLoss=10.3311 | VLoss=37.6542 | AP@50=0.2564 | SliceAP=0.6436 | EMA_SliceAP=0.6279
  Epoch  19/35 | LR=4.27e-04 | TLoss=10.1449 | VLoss=35.5030 | AP@50=0.2638 | SliceAP=0.5347 | EMA_SliceAP=0.5999
  Epoch  20/35 | LR=3.94e-04 | TLoss=9.8153 | VLoss=33.8824 | AP@50=0.2599 | SliceAP=0.5644 | EMA_SliceAP=0.5893
  Epoch  21/35 | LR=3.61e-04 | TLoss=9.1974 | VLoss=35.3792 | AP@50=0.2753 | SliceAP=0.5644 | EMA_SliceAP=0.5818
  Epoch  22/35 | LR=3.26e-04 | TLoss=9.6135 | VLoss=33.0867 | AP@50=0.2740 | SliceAP=0.6535 | EMA_SliceAP=0.6033
  [Early stop at epoch 22, best EMA SliceAP=0.6247]
  [Checkpoints] top-3 saved → /fs01/home/dhaneshr/code/obj-det-test/checkpoints/hparam_v6/trial_0225/swa_manifest.yaml

[Trial 248] lr=3.59e-04  wd=9.77e-04  stride=7  bs=8  mosaic=0.46  ls=0.025  clahe=True  ssr=True  rbc=False  median=True(limit=7)  speckle=False(heavy)  cp_p=0.49
ScanAwareSampler: 13 scans, 2306 total slices, stride=7 → ~336 slices/epoch (15% of training set per epoch)
  Epoch   1/35 | LR=3.59e-05 | TLoss=180.6810 | VLoss=157.8124 | AP@50=0.0003 | SliceAP=0.3564 | EMA_SliceAP=0.3564
  Epoch   2/35 | LR=7.63e-05 | TLoss=95.3755 | VLoss=103.1154 | AP@50=0.0008 | SliceAP=0.5446 | EMA_SliceAP=0.4129
  Epoch   3/35 | LR=1.17e-04 | TLoss=48.6026 | VLoss=50.1470 | AP@50=0.0004 | SliceAP=0.2376 | EMA_SliceAP=0.3603
  Epoch   4/35 | LR=1.57e-04 | TLoss=33.0031 | VLoss=39.7068 | AP@50=0.0016 | SliceAP=0.1584 | EMA_SliceAP=0.2997
  Epoch   5/35 | LR=1.97e-04 | TLoss=30.2878 | VLoss=35.5561 | AP@50=0.0007 | SliceAP=0.0693 | EMA_SliceAP=0.2306
  Epoch   6/35 | LR=2.38e-04 | TLoss=25.4119 | VLoss=36.6888 | AP@50=0.0076 | SliceAP=0.2475 | EMA_SliceAP=0.2357
  Epoch   7/35 | LR=2.78e-04 | TLoss=22.4657 | VLoss=40.0816 | AP@50=0.1103 | SliceAP=0.6436 | EMA_SliceAP=0.3580
  Epoch   8/35 | LR=3.19e-04 | TLoss=19.4511 | VLoss=34.1474 | AP@50=0.0533 | SliceAP=0.4950 | EMA_SliceAP=0.3991
  Epoch   9/35 | LR=3.59e-04 | TLoss=19.4899 | VLoss=34.5573 | AP@50=0.1844 | SliceAP=0.6139 | EMA_SliceAP=0.4636
  Epoch  10/35 | LR=3.58e-04 | TLoss=17.0215 | VLoss=30.8079 | AP@50=0.0945 | SliceAP=0.6733 | EMA_SliceAP=0.5265
  Epoch  11/35 | LR=3.54e-04 | TLoss=15.8186 | VLoss=32.4044 | AP@50=0.1114 | SliceAP=0.5941 | EMA_SliceAP=0.5467
  Epoch  12/35 | LR=3.49e-04 | TLoss=13.9767 | VLoss=32.1003 | AP@50=0.2865 | SliceAP=0.6436 | EMA_SliceAP=0.5758
  Epoch  13/35 | LR=3.40e-04 | TLoss=13.1881 | VLoss=34.4392 | AP@50=0.2910 | SliceAP=0.6931 | EMA_SliceAP=0.6110
  Epoch  14/35 | LR=3.30e-04 | TLoss=12.6169 | VLoss=29.4314 | AP@50=0.3395 | SliceAP=0.6040 | EMA_SliceAP=0.6089
  Epoch  15/35 | LR=3.18e-04 | TLoss=11.8989 | VLoss=32.3593 | AP@50=0.3007 | SliceAP=0.6535 | EMA_SliceAP=0.6222
  Epoch  16/35 | LR=3.04e-04 | TLoss=11.1087 | VLoss=30.2906 | AP@50=0.3594 | SliceAP=0.7327 | EMA_SliceAP=0.6554
  Epoch  17/35 | LR=2.89e-04 | TLoss=9.8686 | VLoss=30.0983 | AP@50=0.2616 | SliceAP=0.6733 | EMA_SliceAP=0.6607
  Epoch  18/35 | LR=2.72e-04 | TLoss=10.0995 | VLoss=28.6475 | AP@50=0.3095 | SliceAP=0.6634 | EMA_SliceAP=0.6615
  Epoch  19/35 | LR=2.54e-04 | TLoss=9.2158 | VLoss=30.6558 | AP@50=0.2325 | SliceAP=0.6436 | EMA_SliceAP=0.6561
  Epoch  20/35 | LR=2.35e-04 | TLoss=8.8863 | VLoss=32.3610 | AP@50=0.3382 | SliceAP=0.6337 | EMA_SliceAP=0.6494
  Epoch  21/35 | LR=2.15e-04 | TLoss=8.7915 | VLoss=32.0988 | AP@50=0.3782 | SliceAP=0.6733 | EMA_SliceAP=0.6566
  Epoch  22/35 | LR=1.95e-04 | TLoss=8.7939 | VLoss=31.5721 | AP@50=0.3809 | SliceAP=0.6337 | EMA_SliceAP=0.6497
  Epoch  23/35 | LR=1.74e-04 | TLoss=8.2418 | VLoss=29.3989 | AP@50=0.4521 | SliceAP=0.7129 | EMA_SliceAP=0.6686
  Epoch  24/35 | LR=1.54e-04 | TLoss=8.4154 | VLoss=28.7125 | AP@50=0.4582 | SliceAP=0.7327 | EMA_SliceAP=0.6879
  Epoch  25/35 | LR=1.34e-04 | TLoss=8.1018 | VLoss=29.9538 | AP@50=0.3962 | SliceAP=0.6832 | EMA_SliceAP=0.6864
  Epoch  26/35 | LR=1.15e-04 | TLoss=7.6442 | VLoss=30.8793 | AP@50=0.3885 | SliceAP=0.6436 | EMA_SliceAP=0.6736
  Epoch  27/35 | LR=9.73e-05 | TLoss=7.4625 | VLoss=32.0923 | AP@50=0.4151 | SliceAP=0.7030 | EMA_SliceAP=0.6824
  Epoch  28/35 | LR=8.03e-05 | TLoss=7.0599 | VLoss=33.7161 | AP@50=0.3600 | SliceAP=0.6337 | EMA_SliceAP=0.6678
  Epoch  29/35 | LR=6.48e-05 | TLoss=7.2513 | VLoss=32.3870 | AP@50=0.3335 | SliceAP=0.6337 | EMA_SliceAP=0.6575
  Epoch  30/35 | LR=5.08e-05 | TLoss=6.3812 | VLoss=32.8208 | AP@50=0.3544 | SliceAP=0.6535 | EMA_SliceAP=0.6563
  [Pruned at epoch 30]

[Trial 277] lr=4.67e-04  wd=3.13e-04  stride=7  bs=16  mosaic=0.49  ls=0.147  clahe=True  ssr=True  rbc=False  median=True(limit=7)  speckle=False(heavy)  cp_p=0.63
ScanAwareSampler: 13 scans, 2306 total slices, stride=7 → ~336 slices/epoch (15% of training set per epoch)
  Epoch   1/35 | LR=4.67e-05 | TLoss=179.9178 | VLoss=173.4946 | AP@50=0.0000 | SliceAP=0.1881 | EMA_SliceAP=0.1881
  Epoch   2/35 | LR=9.92e-05 | TLoss=102.0983 | VLoss=83.3776 | AP@50=0.0000 | SliceAP=0.6436 | EMA_SliceAP=0.3248
  Epoch   3/35 | LR=1.52e-04 | TLoss=42.6152 | VLoss=47.6065 | AP@50=0.0000 | SliceAP=0.5545 | EMA_SliceAP=0.3937
  Epoch   4/35 | LR=2.04e-04 | TLoss=31.7676 | VLoss=43.3266 | AP@50=0.0001 | SliceAP=0.4158 | EMA_SliceAP=0.4003
  Epoch   5/35 | LR=2.57e-04 | TLoss=28.9882 | VLoss=40.3931 | AP@50=0.0000 | SliceAP=0.3069 | EMA_SliceAP=0.3723
  Epoch   6/35 | LR=3.09e-04 | TLoss=30.9142 | VLoss=37.3618 | AP@50=0.0001 | SliceAP=0.0990 | EMA_SliceAP=0.2903
  Epoch   7/35 | LR=3.62e-04 | TLoss=29.1142 | VLoss=37.5034 | AP@50=0.0003 | SliceAP=0.1188 | EMA_SliceAP=0.2389
  Epoch   8/35 | LR=4.14e-04 | TLoss=27.8670 | VLoss=37.3513 | AP@50=0.0001 | SliceAP=0.1881 | EMA_SliceAP=0.2236
  Epoch   9/35 | LR=4.67e-04 | TLoss=24.8291 | VLoss=36.5296 | AP@50=0.0012 | SliceAP=0.4059 | EMA_SliceAP=0.2783
  Epoch  10/35 | LR=4.65e-04 | TLoss=22.8656 | VLoss=36.4310 | AP@50=0.0026 | SliceAP=0.7030 | EMA_SliceAP=0.4057
  Epoch  11/35 | LR=4.61e-04 | TLoss=21.2270 | VLoss=35.3719 | AP@50=0.0358 | SliceAP=0.5743 | EMA_SliceAP=0.4563
  Epoch  12/35 | LR=4.53e-04 | TLoss=18.3788 | VLoss=33.8233 | AP@50=0.0096 | SliceAP=0.6040 | EMA_SliceAP=0.5006
  Epoch  13/35 | LR=4.43e-04 | TLoss=14.9818 | VLoss=30.8061 | AP@50=0.0150 | SliceAP=0.7426 | EMA_SliceAP=0.5732
  Epoch  14/35 | LR=4.29e-04 | TLoss=14.3040 | VLoss=37.8406 | AP@50=0.0066 | SliceAP=0.5446 | EMA_SliceAP=0.5646
  Epoch  15/35 | LR=4.13e-04 | TLoss=14.1456 | VLoss=31.5396 | AP@50=0.0165 | SliceAP=0.5545 | EMA_SliceAP=0.5616
  Epoch  16/35 | LR=3.95e-04 | TLoss=13.3811 | VLoss=32.6422 | AP@50=0.0616 | SliceAP=0.6139 | EMA_SliceAP=0.5772
  Epoch  17/35 | LR=3.75e-04 | TLoss=12.1479 | VLoss=31.8636 | AP@50=0.2660 | SliceAP=0.6535 | EMA_SliceAP=0.6001
  Epoch  18/35 | LR=3.53e-04 | TLoss=11.2772 | VLoss=30.3056 | AP@50=0.1813 | SliceAP=0.6931 | EMA_SliceAP=0.6280
  Epoch  19/35 | LR=3.29e-04 | TLoss=10.8351 | VLoss=31.2938 | AP@50=0.2594 | SliceAP=0.6139 | EMA_SliceAP=0.6238
  Epoch  20/35 | LR=3.04e-04 | TLoss=11.0823 | VLoss=34.3860 | AP@50=0.3030 | SliceAP=0.6337 | EMA_SliceAP=0.6267
  Epoch  21/35 | LR=2.78e-04 | TLoss=10.6787 | VLoss=33.5587 | AP@50=0.1477 | SliceAP=0.6634 | EMA_SliceAP=0.6377
  Epoch  22/35 | LR=2.52e-04 | TLoss=9.5716 | VLoss=35.3007 | AP@50=0.3160 | SliceAP=0.6040 | EMA_SliceAP=0.6276
  Epoch  23/35 | LR=2.25e-04 | TLoss=9.2509 | VLoss=32.5268 | AP@50=0.1334 | SliceAP=0.6535 | EMA_SliceAP=0.6354
  Epoch  24/35 | LR=1.99e-04 | TLoss=9.2842 | VLoss=31.3380 | AP@50=0.3137 | SliceAP=0.6733 | EMA_SliceAP=0.6467
  Epoch  25/35 | LR=1.73e-04 | TLoss=8.9957 | VLoss=32.2176 | AP@50=0.4150 | SliceAP=0.6337 | EMA_SliceAP=0.6428
  Epoch  26/35 | LR=1.48e-04 | TLoss=8.5491 | VLoss=32.8587 | AP@50=0.3411 | SliceAP=0.6139 | EMA_SliceAP=0.6341
  Epoch  27/35 | LR=1.24e-04 | TLoss=8.2650 | VLoss=33.1440 | AP@50=0.4129 | SliceAP=0.6634 | EMA_SliceAP=0.6429
  Epoch  28/35 | LR=1.02e-04 | TLoss=7.6605 | VLoss=33.4595 | AP@50=0.4063 | SliceAP=0.6238 | EMA_SliceAP=0.6372
  Epoch  29/35 | LR=8.17e-05 | TLoss=8.0547 | VLoss=32.9088 | AP@50=0.4244 | SliceAP=0.6436 | EMA_SliceAP=0.6391
  Epoch  30/35 | LR=6.34e-05 | TLoss=7.6233 | VLoss=33.2063 | AP@50=0.3685 | SliceAP=0.6634 | EMA_SliceAP=0.6464
  [Pruned at epoch 30]

[Trial 304] lr=3.90e-04  wd=1.72e-04  stride=7  bs=16  mosaic=0.56  ls=0.061  clahe=False  ssr=True  rbc=True  median=True(limit=5)  speckle=True(light)  cp_p=0.67
ScanAwareSampler: 13 scans, 2306 total slices, stride=7 → ~336 slices/epoch (15% of training set per epoch)
  Epoch   1/35 | LR=3.90e-05 | TLoss=176.3654 | VLoss=168.0126 | AP@50=0.0000 | SliceAP=0.1881 | EMA_SliceAP=0.1881
  Epoch   2/35 | LR=8.29e-05 | TLoss=122.7372 | VLoss=134.0083 | AP@50=0.0020 | SliceAP=0.7426 | EMA_SliceAP=0.3545
  Epoch   3/35 | LR=1.27e-04 | TLoss=60.9200 | VLoss=86.5906 | AP@50=0.0004 | SliceAP=0.3366 | EMA_SliceAP=0.3491
  Epoch   4/35 | LR=1.71e-04 | TLoss=38.6405 | VLoss=49.5452 | AP@50=0.0007 | SliceAP=0.2475 | EMA_SliceAP=0.3186
  Epoch   5/35 | LR=2.14e-04 | TLoss=29.5073 | VLoss=40.6246 | AP@50=0.0000 | SliceAP=0.0099 | EMA_SliceAP=0.2260
  Epoch   6/35 | LR=2.58e-04 | TLoss=24.8982 | VLoss=36.9098 | AP@50=0.0480 | SliceAP=0.4851 | EMA_SliceAP=0.3038
  Epoch   7/35 | LR=3.02e-04 | TLoss=24.5164 | VLoss=34.9780 | AP@50=0.0105 | SliceAP=0.3861 | EMA_SliceAP=0.3285
  Epoch   8/35 | LR=3.46e-04 | TLoss=21.7862 | VLoss=40.0479 | AP@50=0.0156 | SliceAP=0.3861 | EMA_SliceAP=0.3458
  Epoch   9/35 | LR=3.90e-04 | TLoss=20.9651 | VLoss=35.2848 | AP@50=0.1085 | SliceAP=0.5050 | EMA_SliceAP=0.3935
  Epoch  10/35 | LR=3.89e-04 | TLoss=19.3471 | VLoss=36.0818 | AP@50=0.2377 | SliceAP=0.5644 | EMA_SliceAP=0.4448
  Epoch  11/35 | LR=3.85e-04 | TLoss=17.4840 | VLoss=37.5887 | AP@50=0.1594 | SliceAP=0.5941 | EMA_SliceAP=0.4896
  Epoch  12/35 | LR=3.79e-04 | TLoss=15.7006 | VLoss=35.1416 | AP@50=0.1769 | SliceAP=0.6832 | EMA_SliceAP=0.5476
  Epoch  13/35 | LR=3.70e-04 | TLoss=14.8857 | VLoss=32.2011 | AP@50=0.2059 | SliceAP=0.5941 | EMA_SliceAP=0.5616
  Epoch  14/35 | LR=3.59e-04 | TLoss=13.9252 | VLoss=32.2918 | AP@50=0.3310 | SliceAP=0.6337 | EMA_SliceAP=0.5832
  Epoch  15/35 | LR=3.46e-04 | TLoss=12.9979 | VLoss=30.6295 | AP@50=0.3601 | SliceAP=0.6634 | EMA_SliceAP=0.6072
  Epoch  16/35 | LR=3.30e-04 | TLoss=12.3159 | VLoss=31.6167 | AP@50=0.3286 | SliceAP=0.6832 | EMA_SliceAP=0.6300
  Epoch  17/35 | LR=3.13e-04 | TLoss=11.2406 | VLoss=32.0677 | AP@50=0.2509 | SliceAP=0.6535 | EMA_SliceAP=0.6371
  Epoch  18/35 | LR=2.95e-04 | TLoss=11.4284 | VLoss=30.9084 | AP@50=0.3941 | SliceAP=0.5743 | EMA_SliceAP=0.6182
  Epoch  19/35 | LR=2.75e-04 | TLoss=10.3803 | VLoss=31.1892 | AP@50=0.4193 | SliceAP=0.7525 | EMA_SliceAP=0.6585
  Epoch  20/35 | LR=2.54e-04 | TLoss=9.7166 | VLoss=32.1380 | AP@50=0.2860 | SliceAP=0.7030 | EMA_SliceAP=0.6718
  Epoch  21/35 | LR=2.33e-04 | TLoss=9.4123 | VLoss=29.4215 | AP@50=0.4908 | SliceAP=0.7723 | EMA_SliceAP=0.7020
  Epoch  22/35 | LR=2.11e-04 | TLoss=8.7891 | VLoss=31.5598 | AP@50=0.3765 | SliceAP=0.5842 | EMA_SliceAP=0.6666
  Epoch  23/35 | LR=1.89e-04 | TLoss=8.3104 | VLoss=34.0134 | AP@50=0.3099 | SliceAP=0.6832 | EMA_SliceAP=0.6716
  Epoch  24/35 | LR=1.67e-04 | TLoss=8.8320 | VLoss=32.5270 | AP@50=0.3887 | SliceAP=0.6832 | EMA_SliceAP=0.6751
  Epoch  25/35 | LR=1.45e-04 | TLoss=8.3066 | VLoss=33.7277 | AP@50=0.3301 | SliceAP=0.5347 | EMA_SliceAP=0.6329
  Epoch  26/35 | LR=1.25e-04 | TLoss=8.2458 | VLoss=31.5649 | AP@50=0.3223 | SliceAP=0.6832 | EMA_SliceAP=0.6480
  Epoch  27/35 | LR=1.05e-04 | TLoss=8.0065 | VLoss=31.1720 | AP@50=0.3517 | SliceAP=0.7129 | EMA_SliceAP=0.6675
  Epoch  28/35 | LR=8.65e-05 | TLoss=7.8419 | VLoss=30.4475 | AP@50=0.3857 | SliceAP=0.6931 | EMA_SliceAP=0.6751
  Epoch  29/35 | LR=6.96e-05 | TLoss=7.5454 | VLoss=35.0616 | AP@50=0.3630 | SliceAP=0.6634 | EMA_SliceAP=0.6716
  [Early stop at epoch 29, best EMA SliceAP=0.7020]
  [Checkpoints] top-3 saved → /fs01/home/dhaneshr/code/obj-det-test/checkpoints/hparam_v6/trial_0304/swa_manifest.yaml

[Trial 321] lr=1.24e-04  wd=7.99e-03  stride=7  bs=16  mosaic=0.54  ls=0.056  clahe=False  ssr=True  rbc=True  median=True(limit=5)  speckle=True(light)  cp_p=0.57
ScanAwareSampler: 13 scans, 2306 total slices, stride=7 → ~336 slices/epoch (15% of training set per epoch)
  Epoch   1/35 | LR=1.24e-05 | TLoss=198.1569 | VLoss=233.3840 | AP@50=0.0000 | SliceAP=0.1782 | EMA_SliceAP=0.1782
  Epoch   2/35 | LR=2.64e-05 | TLoss=178.9134 | VLoss=204.8629 | AP@50=0.0018 | SliceAP=0.3861 | EMA_SliceAP=0.2406
  Epoch   3/35 | LR=4.04e-05 | TLoss=147.2470 | VLoss=159.7275 | AP@50=0.0001 | SliceAP=0.5050 | EMA_SliceAP=0.3199
  Epoch   4/35 | LR=5.44e-05 | TLoss=108.0955 | VLoss=129.5637 | AP@50=0.0006 | SliceAP=0.6238 | EMA_SliceAP=0.4111
  Epoch   5/35 | LR=6.84e-05 | TLoss=66.5193 | VLoss=107.6522 | AP@50=0.0002 | SliceAP=0.3762 | EMA_SliceAP=0.4006
  Epoch   6/35 | LR=8.24e-05 | TLoss=51.6703 | VLoss=77.4635 | AP@50=0.0003 | SliceAP=0.4356 | EMA_SliceAP=0.4111
  Epoch   7/35 | LR=9.64e-05 | TLoss=36.7449 | VLoss=57.4414 | AP@50=0.0003 | SliceAP=0.2772 | EMA_SliceAP=0.3710
  Epoch   8/35 | LR=1.10e-04 | TLoss=31.5225 | VLoss=48.0220 | AP@50=0.0004 | SliceAP=0.1782 | EMA_SliceAP=0.3131
  Epoch   9/35 | LR=1.24e-04 | TLoss=28.4872 | VLoss=42.5242 | AP@50=0.0002 | SliceAP=0.0792 | EMA_SliceAP=0.2430
  Epoch  10/35 | LR=1.24e-04 | TLoss=27.3877 | VLoss=39.0225 | AP@50=0.0024 | SliceAP=0.1881 | EMA_SliceAP=0.2265
  [Pruned at epoch 10]

=== Worker done | Completed: 137 | Pruned: 141 ===
Best EMA SliceAP@50 across all workers: 0.7450
Best params: {'learning_rate': 0.0004095482789400656, 'weight_decay': 0.00013102820392778454, 'mosaic_prob': 0.5458267320380163, 'label_smooth': 0.07409627285130531, 'copy_paste_p': 0.30065454405608005, 'slice_stride': 7, 'batch_size': 16, 'use_clahe': False, 'use_shift_scale_rotate': True, 'use_brightness_contrast': True, 'use_median_blur': True, 'median_blur_limit': 5, 'use_speckle_noise': True, 'speckle_level': 'heavy'}

Saving top-5 configs to train/config/
  Rank  1 | SliceAP=0.7450 | {'learning_rate': 0.0004095482789400656, 'weight_decay': 0.00013102820392778454, 'mosaic_prob': 0.5458267320380163, 'label_smooth': 0.07409627285130531, 'copy_paste_p': 0.30065454405608005, 'slice_stride': 7, 'batch_size': 16, 'use_clahe': False, 'use_shift_scale_rotate': True, 'use_brightness_contrast': True, 'use_median_blur': True, 'median_blur_limit': 5, 'use_speckle_noise': True, 'speckle_level': 'heavy'} → hparam_v5_rank01_sliceap0.7450.yaml
  Rank  2 | SliceAP=0.7379 | {'learning_rate': 0.000490892937896775, 'weight_decay': 0.0004366909491710489, 'mosaic_prob': 0.33945465882536113, 'label_smooth': 0.03520533173945255, 'copy_paste_p': 0.46927932027077496, 'slice_stride': 7, 'batch_size': 16, 'use_clahe': True, 'use_shift_scale_rotate': True, 'use_brightness_contrast': False, 'use_median_blur': True, 'median_blur_limit': 5, 'use_speckle_noise': False, 'speckle_level': 'heavy'} → hparam_v5_rank02_sliceap0.7379.yaml
  Rank  3 | SliceAP=0.7350 | {'learning_rate': 0.0004186064867053193, 'weight_decay': 0.000813822714897863, 'mosaic_prob': 0.4917453770038845, 'label_smooth': 0.08547387715582948, 'copy_paste_p': 0.6851899024509025, 'slice_stride': 7, 'batch_size': 8, 'use_clahe': True, 'use_shift_scale_rotate': True, 'use_brightness_contrast': False, 'use_median_blur': True, 'median_blur_limit': 7, 'use_speckle_noise': False, 'speckle_level': 'heavy'} → hparam_v5_rank03_sliceap0.7350.yaml
  Rank  4 | SliceAP=0.7307 | {'learning_rate': 0.0004231826823689618, 'weight_decay': 0.00011737297918180591, 'mosaic_prob': 0.5454452465293883, 'label_smooth': 0.04601028200514984, 'copy_paste_p': 0.30065454405608005, 'slice_stride': 7, 'batch_size': 16, 'use_clahe': True, 'use_shift_scale_rotate': True, 'use_brightness_contrast': False, 'use_median_blur': True, 'median_blur_limit': 5, 'use_speckle_noise': False, 'speckle_level': 'heavy'} → hparam_v5_rank04_sliceap0.7307.yaml
  Rank  5 | SliceAP=0.7300 | {'learning_rate': 0.0002789916501431784, 'weight_decay': 0.00010811423680881941, 'mosaic_prob': 0.4794373684145814, 'label_smooth': 0.14987201996693336, 'copy_paste_p': 0.5224811371780523, 'slice_stride': 7, 'batch_size': 16, 'use_clahe': False, 'use_shift_scale_rotate': True, 'use_brightness_contrast': True, 'use_median_blur': True, 'median_blur_limit': 5, 'use_speckle_noise': True, 'speckle_level': 'heavy'} → hparam_v5_rank05_sliceap0.7300.yaml

Best config (EMA SliceAP@50=0.7450) → train/config/best_hyperparams_v5.yaml
Task 12 completed at: Thu Mar 19 01:59:09 PM EDT 2026
