Job started at: Fri Mar 13 11:24:30 PM EDT 2026
Running on node: bn001
Activating virtual environment...
Starting training...
Using config file: train/config/default.yaml
Using device: cuda
Loading datasets...
Train dataset size: 2306
Validation dataset size: 357
ScanAwareSampler: 13 scans, 2306 total slices, stride=8 → ~294 slices/epoch (13% of training set per epoch)
Building YOLOE model (size: s)...
Starting training for 100 epochs...
Epoch [1/100] Time: 24.56s | LR: 0.000050 | Train Loss: 440.0615 | Val Loss: 303.5060 | AP@50: 0.0010 | SliceAP@50: 0.5149 | Prec: 0.0032 | Recall: 0.2381 | Recall@100: 0.0588
--> Saved new best model with AP@50: 0.0010 (Val Loss: 303.5060)
Epoch [2/100] Time: 19.96s | LR: 0.000200 | Train Loss: 135.8124 | Val Loss: 55.8417 | AP@50: 0.0026 | SliceAP@50: 0.4356 | Prec: 0.0000 | Recall: 0.0000 | Recall@100: 0.0840
--> Saved new best model with AP@50: 0.0026 (Val Loss: 55.8417)
Epoch [3/100] Time: 17.10s | LR: 0.000350 | Train Loss: 41.8439 | Val Loss: 36.7586 | AP@50: 0.0001 | SliceAP@50: 0.0297 | Prec: 0.0000 | Recall: 0.0000 | Recall@100: 0.0067
Epoch [4/100] Time: 17.54s | LR: 0.000500 | Train Loss: 37.0320 | Val Loss: 38.3907 | AP@50: 0.0147 | SliceAP@50: 0.3366 | Prec: 0.0000 | Recall: 0.0000 | Recall@100: 0.0812
--> Saved new best model with AP@50: 0.0147 (Val Loss: 38.3907)
Epoch [5/100] Time: 17.23s | LR: 0.000500 | Train Loss: 33.2239 | Val Loss: 40.4093 | AP@50: 0.0484 | SliceAP@50: 0.3564 | Prec: 0.1859 | Recall: 0.1036 | Recall@100: 0.1249
--> Saved new best model with AP@50: 0.0484 (Val Loss: 40.4093)
Epoch [6/100] Time: 17.10s | LR: 0.000499 | Train Loss: 30.7970 | Val Loss: 38.5216 | AP@50: 0.0479 | SliceAP@50: 0.3366 | Prec: 0.0000 | Recall: 0.0000 | Recall@100: 0.1499
Epoch [7/100] Time: 17.40s | LR: 0.000499 | Train Loss: 25.8302 | Val Loss: 38.7937 | AP@50: 0.1686 | SliceAP@50: 0.5743 | Prec: 0.3688 | Recall: 0.2717 | Recall@100: 0.1776
--> Saved new best model with AP@50: 0.1686 (Val Loss: 38.7937)
Epoch [8/100] Time: 17.73s | LR: 0.000498 | Train Loss: 22.9447 | Val Loss: 33.1123 | AP@50: 0.1447 | SliceAP@50: 0.6040 | Prec: 0.1843 | Recall: 0.2689 | Recall@100: 0.1857
Epoch [9/100] Time: 17.81s | LR: 0.000497 | Train Loss: 22.3858 | Val Loss: 33.9879 | AP@50: 0.1366 | SliceAP@50: 0.5941 | Prec: 0.2533 | Recall: 0.2129 | Recall@100: 0.2958
Epoch [10/100] Time: 17.41s | LR: 0.000495 | Train Loss: 19.7673 | Val Loss: 30.9646 | AP@50: 0.2429 | SliceAP@50: 0.5941 | Prec: 0.3830 | Recall: 0.3669 | Recall@100: 0.2597
--> Saved new best model with AP@50: 0.2429 (Val Loss: 30.9646)
Epoch [11/100] Time: 17.47s | LR: 0.000494 | Train Loss: 18.9962 | Val Loss: 31.0623 | AP@50: 0.2661 | SliceAP@50: 0.6139 | Prec: 0.4286 | Recall: 0.2521 | Recall@100: 0.2720
--> Saved new best model with AP@50: 0.2661 (Val Loss: 31.0623)
Epoch [12/100] Time: 17.62s | LR: 0.000492 | Train Loss: 16.5434 | Val Loss: 36.2359 | AP@50: 0.1981 | SliceAP@50: 0.3663 | Prec: 0.4372 | Recall: 0.2829 | Recall@100: 0.1843
Epoch [13/100] Time: 17.61s | LR: 0.000490 | Train Loss: 15.8124 | Val Loss: 30.6425 | AP@50: 0.2504 | SliceAP@50: 0.4851 | Prec: 0.5185 | Recall: 0.2745 | Recall@100: 0.2171
Epoch [14/100] Time: 17.56s | LR: 0.000487 | Train Loss: 15.3266 | Val Loss: 34.5762 | AP@50: 0.2274 | SliceAP@50: 0.5149 | Prec: 0.4368 | Recall: 0.3193 | Recall@100: 0.2796
Epoch [15/100] Time: 18.24s | LR: 0.000485 | Train Loss: 14.6072 | Val Loss: 28.6976 | AP@50: 0.3343 | SliceAP@50: 0.6238 | Prec: 0.2722 | Recall: 0.4902 | Recall@100: 0.2619
--> Saved new best model with AP@50: 0.3343 (Val Loss: 28.6976)
Epoch [16/100] Time: 17.92s | LR: 0.000482 | Train Loss: 15.3317 | Val Loss: 31.7968 | AP@50: 0.3449 | SliceAP@50: 0.6634 | Prec: 0.4719 | Recall: 0.4706 | Recall@100: 0.3283
--> Saved new best model with AP@50: 0.3449 (Val Loss: 31.7968)
Epoch [17/100] Time: 17.66s | LR: 0.000479 | Train Loss: 13.6919 | Val Loss: 33.4762 | AP@50: 0.2626 | SliceAP@50: 0.5644 | Prec: 0.2639 | Recall: 0.4258 | Recall@100: 0.2801
Epoch [18/100] Time: 17.76s | LR: 0.000475 | Train Loss: 13.1527 | Val Loss: 35.2339 | AP@50: 0.2721 | SliceAP@50: 0.5248 | Prec: 0.3983 | Recall: 0.3894 | Recall@100: 0.2611
Epoch [19/100] Time: 17.55s | LR: 0.000472 | Train Loss: 13.3428 | Val Loss: 30.4038 | AP@50: 0.3237 | SliceAP@50: 0.5743 | Prec: 0.4447 | Recall: 0.4846 | Recall@100: 0.2818
Epoch [20/100] Time: 17.72s | LR: 0.000468 | Train Loss: 12.4459 | Val Loss: 29.3319 | AP@50: 0.4150 | SliceAP@50: 0.5743 | Prec: 0.4836 | Recall: 0.4958 | Recall@100: 0.2927
--> Saved new best model with AP@50: 0.4150 (Val Loss: 29.3319)
Epoch [21/100] Time: 18.06s | LR: 0.000464 | Train Loss: 12.0099 | Val Loss: 31.6941 | AP@50: 0.3739 | SliceAP@50: 0.6337 | Prec: 0.3352 | Recall: 0.5098 | Recall@100: 0.2686
Epoch [22/100] Time: 17.73s | LR: 0.000460 | Train Loss: 12.3366 | Val Loss: 33.0059 | AP@50: 0.3224 | SliceAP@50: 0.5446 | Prec: 0.4122 | Recall: 0.4342 | Recall@100: 0.2686
Epoch [23/100] Time: 17.47s | LR: 0.000455 | Train Loss: 12.5471 | Val Loss: 30.6501 | AP@50: 0.3690 | SliceAP@50: 0.5050 | Prec: 0.6388 | Recall: 0.4062 | Recall@100: 0.2375
Epoch [24/100] Time: 17.56s | LR: 0.000450 | Train Loss: 12.2733 | Val Loss: 33.1316 | AP@50: 0.3012 | SliceAP@50: 0.5842 | Prec: 0.5311 | Recall: 0.3109 | Recall@100: 0.3048
Epoch [25/100] Time: 17.50s | LR: 0.000445 | Train Loss: 12.2380 | Val Loss: 25.2875 | AP@50: 0.3254 | SliceAP@50: 0.6139 | Prec: 0.4338 | Recall: 0.4314 | Recall@100: 0.2824
Epoch [26/100] Time: 17.60s | LR: 0.000440 | Train Loss: 11.3276 | Val Loss: 28.7704 | AP@50: 0.3588 | SliceAP@50: 0.5842 | Prec: 0.5473 | Recall: 0.4538 | Recall@100: 0.3000
Epoch [27/100] Time: 17.54s | LR: 0.000435 | Train Loss: 10.8848 | Val Loss: 29.4121 | AP@50: 0.4193 | SliceAP@50: 0.6535 | Prec: 0.5028 | Recall: 0.4986 | Recall@100: 0.3289
--> Saved new best model with AP@50: 0.4193 (Val Loss: 29.4121)
Epoch [28/100] Time: 17.51s | LR: 0.000430 | Train Loss: 11.1995 | Val Loss: 27.6851 | AP@50: 0.3680 | SliceAP@50: 0.6238 | Prec: 0.4169 | Recall: 0.4566 | Recall@100: 0.3084
Epoch [29/100] Time: 17.84s | LR: 0.000424 | Train Loss: 11.4572 | Val Loss: 28.3939 | AP@50: 0.3889 | SliceAP@50: 0.5644 | Prec: 0.3933 | Recall: 0.4902 | Recall@100: 0.2496
Epoch [30/100] Time: 17.16s | LR: 0.000418 | Train Loss: 10.3313 | Val Loss: 26.8057 | AP@50: 0.4404 | SliceAP@50: 0.6139 | Prec: 0.5915 | Recall: 0.4706 | Recall@100: 0.3000
--> Saved new best model with AP@50: 0.4404 (Val Loss: 26.8057)
Epoch [31/100] Time: 17.52s | LR: 0.000412 | Train Loss: 10.0923 | Val Loss: 25.1536 | AP@50: 0.3922 | SliceAP@50: 0.6139 | Prec: 0.6468 | Recall: 0.4874 | Recall@100: 0.3269
Epoch [32/100] Time: 17.66s | LR: 0.000406 | Train Loss: 10.4557 | Val Loss: 28.0085 | AP@50: 0.3635 | SliceAP@50: 0.6139 | Prec: 0.4648 | Recall: 0.4986 | Recall@100: 0.2675
Epoch [33/100] Time: 17.63s | LR: 0.000400 | Train Loss: 10.1865 | Val Loss: 29.6014 | AP@50: 0.3781 | SliceAP@50: 0.6238 | Prec: 0.4450 | Recall: 0.4762 | Recall@100: 0.3289
Epoch [34/100] Time: 17.51s | LR: 0.000393 | Train Loss: 10.2039 | Val Loss: 32.1905 | AP@50: 0.3463 | SliceAP@50: 0.6040 | Prec: 0.3644 | Recall: 0.5042 | Recall@100: 0.2664
Epoch [35/100] Time: 17.54s | LR: 0.000387 | Train Loss: 9.4398 | Val Loss: 28.1647 | AP@50: 0.3709 | SliceAP@50: 0.5743 | Prec: 0.5113 | Recall: 0.5070 | Recall@100: 0.3134
Epoch [36/100] Time: 17.16s | LR: 0.000380 | Train Loss: 8.9363 | Val Loss: 28.3985 | AP@50: 0.3833 | SliceAP@50: 0.5446 | Prec: 0.6214 | Recall: 0.4874 | Recall@100: 0.2518
Epoch [37/100] Time: 17.55s | LR: 0.000373 | Train Loss: 9.3350 | Val Loss: 27.1554 | AP@50: 0.3223 | SliceAP@50: 0.5842 | Prec: 0.4076 | Recall: 0.4202 | Recall@100: 0.3115
Epoch [38/100] Time: 17.85s | LR: 0.000366 | Train Loss: 9.5647 | Val Loss: 29.5057 | AP@50: 0.3363 | SliceAP@50: 0.5743 | Prec: 0.4429 | Recall: 0.4342 | Recall@100: 0.2468
Epoch [39/100] Time: 17.50s | LR: 0.000359 | Train Loss: 9.7732 | Val Loss: 30.1257 | AP@50: 0.4001 | SliceAP@50: 0.6040 | Prec: 0.4803 | Recall: 0.5126 | Recall@100: 0.2919
Epoch [40/100] Time: 17.26s | LR: 0.000351 | Train Loss: 8.8704 | Val Loss: 30.3862 | AP@50: 0.3229 | SliceAP@50: 0.5743 | Prec: 0.3787 | Recall: 0.4678 | Recall@100: 0.2958
Epoch [41/100] Time: 17.79s | LR: 0.000344 | Train Loss: 9.5768 | Val Loss: 30.2262 | AP@50: 0.4078 | SliceAP@50: 0.6139 | Prec: 0.4091 | Recall: 0.4790 | Recall@100: 0.3345
Epoch [42/100] Time: 17.62s | LR: 0.000337 | Train Loss: 8.5919 | Val Loss: 29.0897 | AP@50: 0.4109 | SliceAP@50: 0.6139 | Prec: 0.4973 | Recall: 0.5098 | Recall@100: 0.3574
Epoch [43/100] Time: 17.78s | LR: 0.000329 | Train Loss: 8.7296 | Val Loss: 29.4564 | AP@50: 0.3809 | SliceAP@50: 0.6337 | Prec: 0.4282 | Recall: 0.4594 | Recall@100: 0.3269
Epoch [44/100] Time: 17.49s | LR: 0.000322 | Train Loss: 8.5934 | Val Loss: 26.3870 | AP@50: 0.2884 | SliceAP@50: 0.5446 | Prec: 0.5251 | Recall: 0.3810 | Recall@100: 0.2947
Epoch [45/100] Time: 17.84s | LR: 0.000314 | Train Loss: 8.4135 | Val Loss: 24.3721 | AP@50: 0.4329 | SliceAP@50: 0.6337 | Prec: 0.4812 | Recall: 0.5014 | Recall@100: 0.3182
Epoch [46/100] Time: 17.74s | LR: 0.000306 | Train Loss: 8.2853 | Val Loss: 27.4678 | AP@50: 0.3600 | SliceAP@50: 0.6040 | Prec: 0.3595 | Recall: 0.4622 | Recall@100: 0.3134
Epoch [47/100] Time: 17.47s | LR: 0.000298 | Train Loss: 7.7915 | Val Loss: 29.6344 | AP@50: 0.4402 | SliceAP@50: 0.6040 | Prec: 0.4101 | Recall: 0.4986 | Recall@100: 0.3185
Epoch [48/100] Time: 17.46s | LR: 0.000291 | Train Loss: 8.5220 | Val Loss: 28.7419 | AP@50: 0.3797 | SliceAP@50: 0.5941 | Prec: 0.4860 | Recall: 0.4874 | Recall@100: 0.3322
Epoch [49/100] Time: 17.46s | LR: 0.000283 | Train Loss: 7.6561 | Val Loss: 27.1910 | AP@50: 0.4558 | SliceAP@50: 0.6139 | Prec: 0.5071 | Recall: 0.5014 | Recall@100: 0.3078
--> Saved new best model with AP@50: 0.4558 (Val Loss: 27.1910)
Epoch [50/100] Time: 17.50s | LR: 0.000275 | Train Loss: 7.6633 | Val Loss: 27.7371 | AP@50: 0.4779 | SliceAP@50: 0.6040 | Prec: 0.4753 | Recall: 0.4846 | Recall@100: 0.3162
--> Saved new best model with AP@50: 0.4779 (Val Loss: 27.7371)
Epoch [51/100] Time: 17.42s | LR: 0.000267 | Train Loss: 7.5768 | Val Loss: 28.7487 | AP@50: 0.4034 | SliceAP@50: 0.5941 | Prec: 0.4928 | Recall: 0.4762 | Recall@100: 0.3347
Epoch [52/100] Time: 17.62s | LR: 0.000259 | Train Loss: 7.4801 | Val Loss: 31.1435 | AP@50: 0.4282 | SliceAP@50: 0.5248 | Prec: 0.5484 | Recall: 0.4286 | Recall@100: 0.2625
Epoch [53/100] Time: 17.67s | LR: 0.000251 | Train Loss: 7.3260 | Val Loss: 26.6702 | AP@50: 0.4156 | SliceAP@50: 0.6040 | Prec: 0.4925 | Recall: 0.5490 | Recall@100: 0.3311
Epoch [54/100] Time: 18.13s | LR: 0.000243 | Train Loss: 7.0923 | Val Loss: 30.7447 | AP@50: 0.4034 | SliceAP@50: 0.5941 | Prec: 0.4265 | Recall: 0.4958 | Recall@100: 0.3375
Epoch [55/100] Time: 17.21s | LR: 0.000235 | Train Loss: 7.4085 | Val Loss: 30.6781 | AP@50: 0.4176 | SliceAP@50: 0.6040 | Prec: 0.5467 | Recall: 0.4594 | Recall@100: 0.3681
Epoch [56/100] Time: 17.03s | LR: 0.000227 | Train Loss: 7.0675 | Val Loss: 28.3881 | AP@50: 0.4347 | SliceAP@50: 0.6040 | Prec: 0.4619 | Recall: 0.4930 | Recall@100: 0.3328
Epoch [57/100] Time: 16.72s | LR: 0.000219 | Train Loss: 6.8480 | Val Loss: 28.5660 | AP@50: 0.4290 | SliceAP@50: 0.5941 | Prec: 0.5975 | Recall: 0.5406 | Recall@100: 0.3025
Epoch [58/100] Time: 16.65s | LR: 0.000212 | Train Loss: 6.8712 | Val Loss: 27.9056 | AP@50: 0.3707 | SliceAP@50: 0.5248 | Prec: 0.4187 | Recall: 0.4398 | Recall@100: 0.2986
Epoch [59/100] Time: 16.97s | LR: 0.000204 | Train Loss: 6.9247 | Val Loss: 30.4886 | AP@50: 0.3955 | SliceAP@50: 0.5644 | Prec: 0.4687 | Recall: 0.4818 | Recall@100: 0.3339
Epoch [60/100] Time: 16.91s | LR: 0.000196 | Train Loss: 6.8200 | Val Loss: 28.8416 | AP@50: 0.4028 | SliceAP@50: 0.5248 | Prec: 0.5440 | Recall: 0.4678 | Recall@100: 0.2902
Epoch [61/100] Time: 17.34s | LR: 0.000188 | Train Loss: 6.7656 | Val Loss: 30.6033 | AP@50: 0.3859 | SliceAP@50: 0.5347 | Prec: 0.4932 | Recall: 0.4034 | Recall@100: 0.2950
Epoch [62/100] Time: 16.91s | LR: 0.000181 | Train Loss: 6.7946 | Val Loss: 30.0608 | AP@50: 0.3862 | SliceAP@50: 0.5446 | Prec: 0.5077 | Recall: 0.4622 | Recall@100: 0.3120
Epoch [63/100] Time: 17.33s | LR: 0.000173 | Train Loss: 6.8856 | Val Loss: 31.5276 | AP@50: 0.3567 | SliceAP@50: 0.5743 | Prec: 0.4488 | Recall: 0.4538 | Recall@100: 0.3140
Epoch [64/100] Time: 17.05s | LR: 0.000166 | Train Loss: 6.2402 | Val Loss: 28.9618 | AP@50: 0.4248 | SliceAP@50: 0.5644 | Prec: 0.5437 | Recall: 0.4706 | Recall@100: 0.3252
Epoch [65/100] Time: 17.30s | LR: 0.000159 | Train Loss: 6.5243 | Val Loss: 28.9885 | AP@50: 0.4229 | SliceAP@50: 0.5743 | Prec: 0.5028 | Recall: 0.5098 | Recall@100: 0.3541
Epoch [66/100] Time: 17.32s | LR: 0.000151 | Train Loss: 6.3027 | Val Loss: 29.0967 | AP@50: 0.4109 | SliceAP@50: 0.5743 | Prec: 0.4534 | Recall: 0.4902 | Recall@100: 0.3336
Epoch [67/100] Time: 17.58s | LR: 0.000144 | Train Loss: 6.1414 | Val Loss: 29.1681 | AP@50: 0.4449 | SliceAP@50: 0.5842 | Prec: 0.4333 | Recall: 0.5182 | Recall@100: 0.3496
Epoch [68/100] Time: 17.44s | LR: 0.000137 | Train Loss: 6.0130 | Val Loss: 30.2222 | AP@50: 0.3701 | SliceAP@50: 0.5743 | Prec: 0.4597 | Recall: 0.4790 | Recall@100: 0.3482
Epoch [69/100] Time: 17.60s | LR: 0.000130 | Train Loss: 6.0186 | Val Loss: 29.6833 | AP@50: 0.3759 | SliceAP@50: 0.5842 | Prec: 0.4837 | Recall: 0.4986 | Recall@100: 0.3465
Epoch [70/100] Time: 17.28s | LR: 0.000123 | Train Loss: 5.8357 | Val Loss: 30.3563 | AP@50: 0.3323 | SliceAP@50: 0.5545 | Prec: 0.4040 | Recall: 0.4538 | Recall@100: 0.3370
Early stopping triggered: AP@50 did not improve for 20 epochs.
Training complete!
Best AP@50: 0.4779 at Epoch 50
Run summary saved to results/training_run_20260313_232445.json
Job completed at: Fri Mar 13 11:45:24 PM EDT 2026
