Job array  : 732, task 10
Node       : bn045
Started at : Tue Mar 17 10:46:12 AM EDT 2026
Config     : train/config/default.yaml
Study      : yoloe_hparam_search_v3 @ sqlite:////fs01/home/dhaneshr/code/obj-det-test/optuna_studies/yoloe_hparam_search_v3.db
Trials     : 15 (this worker)
Study name : yoloe_hparam_search_v3
Storage    : sqlite:////fs01/home/dhaneshr/code/obj-det-test/optuna_studies/yoloe_hparam_search_v3.db
Trials     : 15 (this worker)
Epochs/trial: 50 (max, early stopping at patience=25)

[Trial 9] lr=4.33e-04  wd=7.97e-03  stride=5  bs=32  mosaic=0.34  ls=0.106  clahe=False  ssr=True  rbc=False  median=False(limit=7)  speckle=False(heavy)  cp_p=0.14
ScanAwareSampler: 13 scans, 2306 total slices, stride=5 → ~467 slices/epoch (20% of training set per epoch)
  Epoch   1/50 | LR=4.33e-05 | TLoss=405.2091 | VLoss=468.7224 | AP@50=0.0000
  Epoch   2/50 | LR=9.20e-05 | TLoss=292.3785 | VLoss=268.9812 | AP@50=0.0006
  Epoch   3/50 | LR=1.41e-04 | TLoss=148.0305 | VLoss=140.2007 | AP@50=0.0001
  Epoch   4/50 | LR=1.89e-04 | TLoss=72.3197 | VLoss=75.6574 | AP@50=0.0007
  Epoch   5/50 | LR=2.38e-04 | TLoss=45.0812 | VLoss=48.7531 | AP@50=0.0002
  Epoch   6/50 | LR=2.87e-04 | TLoss=33.9481 | VLoss=39.8143 | AP@50=0.0009
  Epoch   7/50 | LR=3.35e-04 | TLoss=28.4357 | VLoss=37.2884 | AP@50=0.1055
  Epoch   8/50 | LR=3.84e-04 | TLoss=26.2747 | VLoss=35.6960 | AP@50=0.0901
  Epoch   9/50 | LR=4.33e-04 | TLoss=23.3322 | VLoss=35.7717 | AP@50=0.0278
  Epoch  10/50 | LR=4.32e-04 | TLoss=22.2004 | VLoss=36.4436 | AP@50=0.1323
  Epoch  11/50 | LR=4.30e-04 | TLoss=19.6648 | VLoss=33.7313 | AP@50=0.2266
  Epoch  12/50 | LR=4.28e-04 | TLoss=18.7804 | VLoss=36.9516 | AP@50=0.2037
  Epoch  13/50 | LR=4.23e-04 | TLoss=16.2553 | VLoss=32.9726 | AP@50=0.1828
  Epoch  14/50 | LR=4.18e-04 | TLoss=15.3116 | VLoss=34.1456 | AP@50=0.1995
  Epoch  15/50 | LR=4.12e-04 | TLoss=13.7215 | VLoss=35.0656 | AP@50=0.2355
  Epoch  16/50 | LR=4.05e-04 | TLoss=13.5375 | VLoss=34.1184 | AP@50=0.2978
  Epoch  17/50 | LR=3.96e-04 | TLoss=12.2185 | VLoss=35.8272 | AP@50=0.4203
  Epoch  18/50 | LR=3.87e-04 | TLoss=12.1415 | VLoss=29.7925 | AP@50=0.3826
  Epoch  19/50 | LR=3.76e-04 | TLoss=10.7780 | VLoss=32.1250 | AP@50=0.3274
  Epoch  20/50 | LR=3.65e-04 | TLoss=11.0243 | VLoss=33.7049 | AP@50=0.3530
  Epoch  21/50 | LR=3.53e-04 | TLoss=9.8127 | VLoss=29.7305 | AP@50=0.3151
  Epoch  22/50 | LR=3.41e-04 | TLoss=10.0129 | VLoss=33.8408 | AP@50=0.3288
  Epoch  23/50 | LR=3.27e-04 | TLoss=10.0800 | VLoss=34.2923 | AP@50=0.3834
  Epoch  24/50 | LR=3.13e-04 | TLoss=9.2583 | VLoss=32.8929 | AP@50=0.3897
  Epoch  25/50 | LR=2.99e-04 | TLoss=9.2404 | VLoss=31.6338 | AP@50=0.3772
  Epoch  26/50 | LR=2.84e-04 | TLoss=8.9503 | VLoss=33.9267 | AP@50=0.3376
  Epoch  27/50 | LR=2.68e-04 | TLoss=8.8568 | VLoss=31.8544 | AP@50=0.2621
  Epoch  28/50 | LR=2.53e-04 | TLoss=8.6051 | VLoss=33.1752 | AP@50=0.2730
  Epoch  29/50 | LR=2.37e-04 | TLoss=7.9643 | VLoss=32.6752 | AP@50=0.4245
  Epoch  30/50 | LR=2.21e-04 | TLoss=7.8408 | VLoss=33.0416 | AP@50=0.4037
  Epoch  31/50 | LR=2.06e-04 | TLoss=7.6357 | VLoss=31.5321 | AP@50=0.4015
  Epoch  32/50 | LR=1.90e-04 | TLoss=7.4115 | VLoss=31.6796 | AP@50=0.3216
  Epoch  33/50 | LR=1.74e-04 | TLoss=7.5502 | VLoss=34.0505 | AP@50=0.3173
  Epoch  34/50 | LR=1.59e-04 | TLoss=7.1765 | VLoss=33.7219 | AP@50=0.3530
  Epoch  35/50 | LR=1.44e-04 | TLoss=6.8632 | VLoss=33.3202 | AP@50=0.4785
  Epoch  36/50 | LR=1.30e-04 | TLoss=6.8801 | VLoss=34.4753 | AP@50=0.3501
  Epoch  37/50 | LR=1.16e-04 | TLoss=6.7307 | VLoss=33.0158 | AP@50=0.3812
  Epoch  38/50 | LR=1.02e-04 | TLoss=6.2586 | VLoss=33.5658 | AP@50=0.3754
  Epoch  39/50 | LR=8.96e-05 | TLoss=6.7047 | VLoss=33.8881 | AP@50=0.3556
  Epoch  40/50 | LR=7.76e-05 | TLoss=6.5937 | VLoss=33.3667 | AP@50=0.3905
  Epoch  41/50 | LR=6.64e-05 | TLoss=6.3745 | VLoss=34.0784 | AP@50=0.3357
  Epoch  42/50 | LR=5.61e-05 | TLoss=6.4277 | VLoss=33.9596 | AP@50=0.2977
  Epoch  43/50 | LR=4.67e-05 | TLoss=6.1843 | VLoss=33.5297 | AP@50=0.3183
  Epoch  44/50 | LR=3.83e-05 | TLoss=5.8923 | VLoss=33.2685 | AP@50=0.3277
  Epoch  45/50 | LR=3.09e-05 | TLoss=5.7437 | VLoss=33.9001 | AP@50=0.3012
  Epoch  46/50 | LR=2.46e-05 | TLoss=5.4155 | VLoss=33.9836 | AP@50=0.2912
  Epoch  47/50 | LR=1.94e-05 | TLoss=5.9963 | VLoss=34.0406 | AP@50=0.3115
  Epoch  48/50 | LR=1.53e-05 | TLoss=5.7061 | VLoss=33.8367 | AP@50=0.3048
  Epoch  49/50 | LR=1.24e-05 | TLoss=5.6891 | VLoss=34.2384 | AP@50=0.2873
  Epoch  50/50 | LR=1.06e-05 | TLoss=5.3792 | VLoss=34.2806 | AP@50=0.2847

[Trial 29] lr=1.23e-04  wd=1.31e-03  stride=7  bs=8  mosaic=0.48  ls=0.055  clahe=True  ssr=False  rbc=True  median=True(limit=3)  speckle=True(medium)  cp_p=0.37
ScanAwareSampler: 13 scans, 2306 total slices, stride=7 → ~336 slices/epoch (15% of training set per epoch)
  Epoch   1/50 | LR=1.23e-05 | TLoss=365.3974 | VLoss=469.3934 | AP@50=0.0031
  Epoch   2/50 | LR=2.61e-05 | TLoss=277.6062 | VLoss=326.2022 | AP@50=0.0001
  Epoch   3/50 | LR=3.99e-05 | TLoss=171.6984 | VLoss=192.9100 | AP@50=0.0004
  Epoch   4/50 | LR=5.37e-05 | TLoss=89.3688 | VLoss=113.1897 | AP@50=0.0001
  Epoch   5/50 | LR=6.76e-05 | TLoss=54.5271 | VLoss=68.5274 | AP@50=0.0005
  Epoch   6/50 | LR=8.14e-05 | TLoss=37.4196 | VLoss=55.0745 | AP@50=0.0006
  Epoch   7/50 | LR=9.52e-05 | TLoss=31.5090 | VLoss=47.6305 | AP@50=0.0003
  Epoch   8/50 | LR=1.09e-04 | TLoss=26.6966 | VLoss=42.2749 | AP@50=0.0084
  Epoch   9/50 | LR=1.23e-04 | TLoss=25.7556 | VLoss=42.4897 | AP@50=0.0050
  Epoch  10/50 | LR=1.23e-04 | TLoss=22.0658 | VLoss=40.4951 | AP@50=0.0134
  [Pruned at epoch 10]

[Trial 52] lr=1.13e-03  wd=5.67e-03  stride=5  bs=16  mosaic=0.30  ls=0.090  clahe=False  ssr=True  rbc=False  median=False(limit=5)  speckle=False(heavy)  cp_p=0.03
ScanAwareSampler: 13 scans, 2306 total slices, stride=5 → ~467 slices/epoch (20% of training set per epoch)
  Epoch   1/50 | LR=1.13e-04 | TLoss=254.3827 | VLoss=157.3822 | AP@50=0.0002
  Epoch   2/50 | LR=2.41e-04 | TLoss=63.3884 | VLoss=49.6739 | AP@50=0.0002
  Epoch   3/50 | LR=3.69e-04 | TLoss=34.1657 | VLoss=37.9525 | AP@50=0.0278
  Epoch   4/50 | LR=4.96e-04 | TLoss=30.8144 | VLoss=38.4415 | AP@50=0.0036
  Epoch   5/50 | LR=6.24e-04 | TLoss=27.5763 | VLoss=38.8214 | AP@50=0.0154
  Epoch   6/50 | LR=7.52e-04 | TLoss=24.6245 | VLoss=36.2202 | AP@50=0.1258
  Epoch   7/50 | LR=8.79e-04 | TLoss=22.3795 | VLoss=39.0455 | AP@50=0.1404
  Epoch   8/50 | LR=1.01e-03 | TLoss=20.7894 | VLoss=34.7775 | AP@50=0.1591
  Epoch   9/50 | LR=1.13e-03 | TLoss=19.0282 | VLoss=36.0986 | AP@50=0.1350
  Epoch  10/50 | LR=1.13e-03 | TLoss=16.8794 | VLoss=34.0511 | AP@50=0.2666
  Epoch  11/50 | LR=1.13e-03 | TLoss=14.8607 | VLoss=32.5862 | AP@50=0.2171
  Epoch  12/50 | LR=1.12e-03 | TLoss=14.0056 | VLoss=33.2307 | AP@50=0.2492
  Epoch  13/50 | LR=1.11e-03 | TLoss=13.8496 | VLoss=32.7694 | AP@50=0.1695
  Epoch  14/50 | LR=1.10e-03 | TLoss=12.2916 | VLoss=38.0192 | AP@50=0.3489
  Epoch  15/50 | LR=1.08e-03 | TLoss=11.5394 | VLoss=37.5495 | AP@50=0.2013
  Epoch  16/50 | LR=1.06e-03 | TLoss=12.9593 | VLoss=33.9572 | AP@50=0.2690
  Epoch  17/50 | LR=1.04e-03 | TLoss=11.4502 | VLoss=36.3666 | AP@50=0.2121
  Epoch  18/50 | LR=1.01e-03 | TLoss=11.1247 | VLoss=34.2688 | AP@50=0.2198
  [Pruned at epoch 18]

[Trial 72] lr=3.47e-04  wd=9.87e-03  stride=5  bs=32  mosaic=0.37  ls=0.117  clahe=False  ssr=True  rbc=False  median=False(limit=7)  speckle=False(heavy)  cp_p=0.10
ScanAwareSampler: 13 scans, 2306 total slices, stride=5 → ~467 slices/epoch (20% of training set per epoch)
  Epoch   1/50 | LR=3.47e-05 | TLoss=445.6067 | VLoss=517.4334 | AP@50=0.0000
  Epoch   2/50 | LR=7.38e-05 | TLoss=330.9863 | VLoss=332.4416 | AP@50=0.0007
  Epoch   3/50 | LR=1.13e-04 | TLoss=195.1866 | VLoss=200.4864 | AP@50=0.0005
  Epoch   4/50 | LR=1.52e-04 | TLoss=105.7771 | VLoss=110.9907 | AP@50=0.0001
  Epoch   5/50 | LR=1.91e-04 | TLoss=58.7615 | VLoss=65.0936 | AP@50=0.0003
  Epoch   6/50 | LR=2.30e-04 | TLoss=39.5231 | VLoss=46.6446 | AP@50=0.0002
  Epoch   7/50 | LR=2.69e-04 | TLoss=30.4572 | VLoss=41.6290 | AP@50=0.0058
  Epoch   8/50 | LR=3.08e-04 | TLoss=27.5691 | VLoss=41.8508 | AP@50=0.0052
  Epoch   9/50 | LR=3.47e-04 | TLoss=26.4680 | VLoss=38.2471 | AP@50=0.0945
  Epoch  10/50 | LR=3.47e-04 | TLoss=24.6969 | VLoss=36.4849 | AP@50=0.0722
  [Pruned at epoch 10]

[Trial 82] lr=5.60e-04  wd=5.02e-04  stride=5  bs=32  mosaic=0.35  ls=0.099  clahe=False  ssr=True  rbc=False  median=False(limit=7)  speckle=False(heavy)  cp_p=0.16
ScanAwareSampler: 13 scans, 2306 total slices, stride=5 → ~467 slices/epoch (20% of training set per epoch)
  Epoch   1/50 | LR=5.60e-05 | TLoss=399.9934 | VLoss=424.1057 | AP@50=0.0000
  Epoch   2/50 | LR=1.19e-04 | TLoss=268.9469 | VLoss=241.7676 | AP@50=0.0005
  Epoch   3/50 | LR=1.82e-04 | TLoss=125.2283 | VLoss=111.3548 | AP@50=0.0005
  Epoch   4/50 | LR=2.45e-04 | TLoss=55.5813 | VLoss=62.1257 | AP@50=0.0006
  Epoch   5/50 | LR=3.08e-04 | TLoss=34.4686 | VLoss=40.9409 | AP@50=0.0062
  Epoch   6/50 | LR=3.71e-04 | TLoss=29.4800 | VLoss=37.8351 | AP@50=0.0179
  Epoch   7/50 | LR=4.34e-04 | TLoss=27.5133 | VLoss=37.9912 | AP@50=0.0415
  Epoch   8/50 | LR=4.97e-04 | TLoss=26.3071 | VLoss=35.7217 | AP@50=0.0470
  Epoch   9/50 | LR=5.60e-04 | TLoss=23.1570 | VLoss=34.7784 | AP@50=0.0746
  Epoch  10/50 | LR=5.59e-04 | TLoss=20.2594 | VLoss=37.2268 | AP@50=0.1680
  Epoch  11/50 | LR=5.57e-04 | TLoss=17.8820 | VLoss=36.8815 | AP@50=0.1353
  [Pruned at epoch 11]

[Trial 92] lr=2.40e-04  wd=6.89e-03  stride=5  bs=32  mosaic=0.32  ls=0.109  clahe=False  ssr=True  rbc=False  median=False(limit=7)  speckle=False(heavy)  cp_p=0.16
ScanAwareSampler: 13 scans, 2306 total slices, stride=5 → ~467 slices/epoch (20% of training set per epoch)
  Epoch   1/50 | LR=2.40e-05 | TLoss=458.5384 | VLoss=520.5433 | AP@50=0.0002
  Epoch   2/50 | LR=5.10e-05 | TLoss=376.3857 | VLoss=384.6043 | AP@50=0.0007
  Epoch   3/50 | LR=7.80e-05 | TLoss=255.0950 | VLoss=257.3111 | AP@50=0.0007
  Epoch   4/50 | LR=1.05e-04 | TLoss=154.5275 | VLoss=159.7784 | AP@50=0.0002
  Epoch   5/50 | LR=1.32e-04 | TLoss=91.5406 | VLoss=95.8012 | AP@50=0.0002
  Epoch   6/50 | LR=1.59e-04 | TLoss=53.1157 | VLoss=61.4583 | AP@50=0.0006
  Epoch   7/50 | LR=1.86e-04 | TLoss=37.9539 | VLoss=47.5113 | AP@50=0.0011
  Epoch   8/50 | LR=2.13e-04 | TLoss=32.0777 | VLoss=42.7391 | AP@50=0.0041
  Epoch   9/50 | LR=2.40e-04 | TLoss=27.0798 | VLoss=38.5033 | AP@50=0.0175
  Epoch  10/50 | LR=2.40e-04 | TLoss=24.8483 | VLoss=36.2400 | AP@50=0.1118
  [Pruned at epoch 10]

[Trial 103] lr=4.56e-04  wd=8.26e-03  stride=5  bs=32  mosaic=0.33  ls=0.069  clahe=False  ssr=True  rbc=False  median=False(limit=7)  speckle=False(light)  cp_p=0.12
ScanAwareSampler: 13 scans, 2306 total slices, stride=5 → ~467 slices/epoch (20% of training set per epoch)
  Epoch   1/50 | LR=4.56e-05 | TLoss=417.7493 | VLoss=463.3671 | AP@50=0.0004
  Epoch   2/50 | LR=9.68e-05 | TLoss=277.6393 | VLoss=252.2846 | AP@50=0.0009
  Epoch   3/50 | LR=1.48e-04 | TLoss=146.7127 | VLoss=130.2032 | AP@50=0.0007
  Epoch   4/50 | LR=1.99e-04 | TLoss=68.6926 | VLoss=69.2293 | AP@50=0.0004
  Epoch   5/50 | LR=2.51e-04 | TLoss=39.4387 | VLoss=46.6521 | AP@50=0.0006
  Epoch   6/50 | LR=3.02e-04 | TLoss=28.7713 | VLoss=42.0172 | AP@50=0.0003
  Epoch   7/50 | LR=3.53e-04 | TLoss=27.4198 | VLoss=44.8648 | AP@50=0.0233
  Epoch   8/50 | LR=4.04e-04 | TLoss=25.3016 | VLoss=38.2412 | AP@50=0.0653
  Epoch   9/50 | LR=4.56e-04 | TLoss=24.0381 | VLoss=37.1487 | AP@50=0.1003
  Epoch  10/50 | LR=4.55e-04 | TLoss=22.2941 | VLoss=35.1625 | AP@50=0.2551
  Epoch  11/50 | LR=4.53e-04 | TLoss=19.2984 | VLoss=39.3073 | AP@50=0.1109
  Epoch  12/50 | LR=4.50e-04 | TLoss=18.3811 | VLoss=34.1021 | AP@50=0.1219
  Epoch  13/50 | LR=4.46e-04 | TLoss=16.9174 | VLoss=32.8230 | AP@50=0.2894
  Epoch  14/50 | LR=4.40e-04 | TLoss=15.5280 | VLoss=35.2049 | AP@50=0.2844
  [Pruned at epoch 14]

[Trial 121] lr=3.77e-04  wd=8.60e-03  stride=7  bs=32  mosaic=0.35  ls=0.124  clahe=False  ssr=True  rbc=False  median=False(limit=5)  speckle=False(heavy)  cp_p=0.14
ScanAwareSampler: 13 scans, 2306 total slices, stride=7 → ~336 slices/epoch (15% of training set per epoch)
  Epoch   1/50 | LR=3.77e-05 | TLoss=471.8759 | VLoss=565.5141 | AP@50=0.0006
  Epoch   2/50 | LR=8.02e-05 | TLoss=404.1154 | VLoss=409.8661 | AP@50=0.0006
  Epoch   3/50 | LR=1.23e-04 | TLoss=269.3646 | VLoss=275.7195 | AP@50=0.0006
  Epoch   4/50 | LR=1.65e-04 | TLoss=157.6674 | VLoss=162.3171 | AP@50=0.0005
  Epoch   5/50 | LR=2.08e-04 | TLoss=88.5487 | VLoss=91.7764 | AP@50=0.0002
  Epoch   6/50 | LR=2.50e-04 | TLoss=51.6375 | VLoss=57.1927 | AP@50=0.0002
  Epoch   7/50 | LR=2.92e-04 | TLoss=37.8886 | VLoss=48.8039 | AP@50=0.0001
  Epoch   8/50 | LR=3.35e-04 | TLoss=34.9899 | VLoss=43.2546 | AP@50=0.0011
  Epoch   9/50 | LR=3.77e-04 | TLoss=28.5015 | VLoss=37.3519 | AP@50=0.0024
  Epoch  10/50 | LR=3.77e-04 | TLoss=25.1642 | VLoss=36.5353 | AP@50=0.0792
  [Pruned at epoch 10]

[Trial 129] lr=4.12e-04  wd=6.33e-03  stride=5  bs=16  mosaic=0.27  ls=0.095  clahe=False  ssr=True  rbc=False  median=False(limit=7)  speckle=False(heavy)  cp_p=0.14
ScanAwareSampler: 13 scans, 2306 total slices, stride=5 → ~467 slices/epoch (20% of training set per epoch)
  Epoch   1/50 | LR=4.12e-05 | TLoss=414.6494 | VLoss=398.7306 | AP@50=0.0011
  Epoch   2/50 | LR=8.76e-05 | TLoss=231.6282 | VLoss=182.1079 | AP@50=0.0003
  Epoch   3/50 | LR=1.34e-04 | TLoss=88.6914 | VLoss=75.8835 | AP@50=0.0020
  Epoch   4/50 | LR=1.80e-04 | TLoss=44.8583 | VLoss=48.6730 | AP@50=0.0044
  Epoch   5/50 | LR=2.27e-04 | TLoss=31.9470 | VLoss=44.2672 | AP@50=0.0211
  Epoch   6/50 | LR=2.73e-04 | TLoss=27.6442 | VLoss=40.5879 | AP@50=0.0801
  Epoch   7/50 | LR=3.19e-04 | TLoss=27.1363 | VLoss=39.8220 | AP@50=0.0028
  Epoch   8/50 | LR=3.66e-04 | TLoss=23.2471 | VLoss=37.1432 | AP@50=0.0392
  Epoch   9/50 | LR=4.12e-04 | TLoss=21.3717 | VLoss=32.8257 | AP@50=0.2542
  Epoch  10/50 | LR=4.12e-04 | TLoss=19.2905 | VLoss=31.8430 | AP@50=0.2715
  Epoch  11/50 | LR=4.10e-04 | TLoss=17.2022 | VLoss=34.5624 | AP@50=0.1211
  Epoch  12/50 | LR=4.07e-04 | TLoss=15.4902 | VLoss=38.2808 | AP@50=0.2797
  Epoch  13/50 | LR=4.03e-04 | TLoss=14.6778 | VLoss=35.1798 | AP@50=0.2917
  Epoch  14/50 | LR=3.98e-04 | TLoss=13.1196 | VLoss=29.0371 | AP@50=0.4565
  Epoch  15/50 | LR=3.92e-04 | TLoss=12.7359 | VLoss=35.0743 | AP@50=0.2787
  Epoch  16/50 | LR=3.85e-04 | TLoss=13.0009 | VLoss=34.9399 | AP@50=0.3201
  Epoch  17/50 | LR=3.77e-04 | TLoss=10.7755 | VLoss=33.7984 | AP@50=0.3560
  Epoch  18/50 | LR=3.68e-04 | TLoss=11.3584 | VLoss=29.0484 | AP@50=0.3928
  Epoch  19/50 | LR=3.59e-04 | TLoss=10.6589 | VLoss=30.5536 | AP@50=0.5184
  Epoch  20/50 | LR=3.48e-04 | TLoss=9.7395 | VLoss=33.3445 | AP@50=0.3907
  Epoch  21/50 | LR=3.36e-04 | TLoss=9.8786 | VLoss=32.7010 | AP@50=0.4119
  Epoch  22/50 | LR=3.24e-04 | TLoss=9.3079 | VLoss=31.6941 | AP@50=0.3757
  Epoch  23/50 | LR=3.12e-04 | TLoss=9.6261 | VLoss=30.7929 | AP@50=0.4482
  Epoch  24/50 | LR=2.98e-04 | TLoss=8.8031 | VLoss=32.6543 | AP@50=0.4587
  Epoch  25/50 | LR=2.85e-04 | TLoss=8.6251 | VLoss=32.5369 | AP@50=0.4449
  Epoch  26/50 | LR=2.70e-04 | TLoss=8.4697 | VLoss=30.5987 | AP@50=0.5097
  Epoch  27/50 | LR=2.56e-04 | TLoss=8.5308 | VLoss=32.0280 | AP@50=0.3940
  Epoch  28/50 | LR=2.41e-04 | TLoss=8.2134 | VLoss=30.4310 | AP@50=0.4441
  Epoch  29/50 | LR=2.26e-04 | TLoss=7.5603 | VLoss=32.9914 | AP@50=0.4385
  Epoch  30/50 | LR=2.11e-04 | TLoss=7.8469 | VLoss=31.8191 | AP@50=0.3946
  Epoch  31/50 | LR=1.96e-04 | TLoss=7.3706 | VLoss=30.8569 | AP@50=0.4779
  Epoch  32/50 | LR=1.81e-04 | TLoss=7.6793 | VLoss=27.4483 | AP@50=0.5588
  Epoch  33/50 | LR=1.66e-04 | TLoss=7.0799 | VLoss=32.3871 | AP@50=0.4284
  Epoch  34/50 | LR=1.52e-04 | TLoss=6.7892 | VLoss=32.0679 | AP@50=0.4486
  Epoch  35/50 | LR=1.38e-04 | TLoss=6.8139 | VLoss=31.3467 | AP@50=0.4638
  Epoch  36/50 | LR=1.24e-04 | TLoss=6.5263 | VLoss=31.8227 | AP@50=0.4089
  Epoch  37/50 | LR=1.11e-04 | TLoss=6.6181 | VLoss=33.1435 | AP@50=0.4315
  Epoch  38/50 | LR=9.78e-05 | TLoss=6.2060 | VLoss=32.7661 | AP@50=0.3628
  Epoch  39/50 | LR=8.57e-05 | TLoss=6.1272 | VLoss=30.0764 | AP@50=0.5012
  Epoch  40/50 | LR=7.43e-05 | TLoss=5.9174 | VLoss=33.0823 | AP@50=0.4447
  Epoch  41/50 | LR=6.37e-05 | TLoss=5.7553 | VLoss=31.4475 | AP@50=0.4900
  Epoch  42/50 | LR=5.39e-05 | TLoss=5.8025 | VLoss=31.2799 | AP@50=0.4976
  Epoch  43/50 | LR=4.49e-05 | TLoss=5.5591 | VLoss=32.6596 | AP@50=0.4441
  Epoch  44/50 | LR=3.69e-05 | TLoss=5.9476 | VLoss=32.9778 | AP@50=0.4272
  Epoch  45/50 | LR=2.99e-05 | TLoss=5.7833 | VLoss=32.6516 | AP@50=0.4571
  Epoch  46/50 | LR=2.39e-05 | TLoss=5.7271 | VLoss=32.6689 | AP@50=0.4517
  Epoch  47/50 | LR=1.89e-05 | TLoss=5.4420 | VLoss=32.4715 | AP@50=0.4590
  Epoch  48/50 | LR=1.50e-05 | TLoss=6.0063 | VLoss=33.0112 | AP@50=0.4417
  Epoch  49/50 | LR=1.22e-05 | TLoss=5.4020 | VLoss=32.5446 | AP@50=0.4468
  Epoch  50/50 | LR=1.06e-05 | TLoss=5.7091 | VLoss=32.5333 | AP@50=0.4537

[Trial 162] lr=2.39e-03  wd=7.48e-03  stride=5  bs=32  mosaic=0.25  ls=0.002  clahe=False  ssr=True  rbc=False  median=False(limit=5)  speckle=False(light)  cp_p=0.11
ScanAwareSampler: 13 scans, 2306 total slices, stride=5 → ~467 slices/epoch (20% of training set per epoch)
  Epoch   1/50 | LR=2.39e-04 | TLoss=336.6656 | VLoss=204.6127 | AP@50=0.0001
  Epoch   2/50 | LR=5.09e-04 | TLoss=81.6515 | VLoss=47.8251 | AP@50=0.0000
  Epoch   3/50 | LR=7.78e-04 | TLoss=34.8116 | VLoss=36.1634 | AP@50=0.0496
  Epoch   4/50 | LR=1.05e-03 | TLoss=31.8639 | VLoss=36.3150 | AP@50=0.0049
  Epoch   5/50 | LR=1.32e-03 | TLoss=28.1198 | VLoss=33.8821 | AP@50=0.0074
  Epoch   6/50 | LR=1.59e-03 | TLoss=24.7408 | VLoss=38.0850 | AP@50=0.0910
  Epoch   7/50 | LR=1.86e-03 | TLoss=22.2924 | VLoss=32.3550 | AP@50=0.1984
  Epoch   8/50 | LR=2.13e-03 | TLoss=22.2037 | VLoss=35.9278 | AP@50=0.0744
  Epoch   9/50 | LR=2.39e-03 | TLoss=20.3635 | VLoss=35.0254 | AP@50=0.1977
  Epoch  10/50 | LR=2.39e-03 | TLoss=18.7000 | VLoss=39.6516 | AP@50=0.1271
  Epoch  11/50 | LR=2.38e-03 | TLoss=18.1973 | VLoss=33.1928 | AP@50=0.1781
  [Pruned at epoch 11]

[Trial 173] lr=4.24e-04  wd=9.09e-03  stride=10  bs=16  mosaic=0.26  ls=0.107  clahe=False  ssr=True  rbc=False  median=False(limit=3)  speckle=False(heavy)  cp_p=0.11
ScanAwareSampler: 13 scans, 2306 total slices, stride=10 → ~236 slices/epoch (10% of training set per epoch)
  Epoch   1/50 | LR=4.24e-05 | TLoss=469.6883 | VLoss=492.8881 | AP@50=0.0001
  Epoch   2/50 | LR=9.01e-05 | TLoss=335.5723 | VLoss=295.3322 | AP@50=0.0015
  Epoch   3/50 | LR=1.38e-04 | TLoss=180.8423 | VLoss=158.6091 | AP@50=0.0007
  Epoch   4/50 | LR=1.85e-04 | TLoss=86.5800 | VLoss=78.5893 | AP@50=0.0008
  Epoch   5/50 | LR=2.33e-04 | TLoss=48.9025 | VLoss=50.6646 | AP@50=0.0002
  Epoch   6/50 | LR=2.81e-04 | TLoss=35.3589 | VLoss=38.1188 | AP@50=0.0003
  Epoch   7/50 | LR=3.29e-04 | TLoss=32.2457 | VLoss=40.9159 | AP@50=0.0484
  Epoch   8/50 | LR=3.76e-04 | TLoss=32.1636 | VLoss=37.2403 | AP@50=0.0036
  Epoch   9/50 | LR=4.24e-04 | TLoss=28.3083 | VLoss=37.5007 | AP@50=0.0821
  Epoch  10/50 | LR=4.23e-04 | TLoss=26.5779 | VLoss=37.2070 | AP@50=0.2271
  Epoch  11/50 | LR=4.22e-04 | TLoss=27.4117 | VLoss=39.3694 | AP@50=0.0291
  Epoch  12/50 | LR=4.19e-04 | TLoss=25.8206 | VLoss=35.9053 | AP@50=0.1951
  [Pruned at epoch 12]

[Trial 184] lr=8.29e-04  wd=6.81e-03  stride=5  bs=16  mosaic=0.30  ls=0.088  clahe=True  ssr=False  rbc=False  median=False(limit=7)  speckle=False(heavy)  cp_p=0.13
ScanAwareSampler: 13 scans, 2306 total slices, stride=5 → ~467 slices/epoch (20% of training set per epoch)
  Epoch   1/50 | LR=8.29e-05 | TLoss=344.9929 | VLoss=259.0218 | AP@50=0.0004
  Epoch   2/50 | LR=1.76e-04 | TLoss=110.0067 | VLoss=76.4235 | AP@50=0.0003
  Epoch   3/50 | LR=2.70e-04 | TLoss=38.0649 | VLoss=45.6753 | AP@50=0.0016
  Epoch   4/50 | LR=3.63e-04 | TLoss=28.0689 | VLoss=36.6081 | AP@50=0.0118
  Epoch   5/50 | LR=4.56e-04 | TLoss=25.0321 | VLoss=37.1389 | AP@50=0.1246
  Epoch   6/50 | LR=5.49e-04 | TLoss=21.8035 | VLoss=37.0200 | AP@50=0.1778
  Epoch   7/50 | LR=6.43e-04 | TLoss=18.2216 | VLoss=36.4131 | AP@50=0.0707
  Epoch   8/50 | LR=7.36e-04 | TLoss=16.3599 | VLoss=38.3896 | AP@50=0.2179
  Epoch   9/50 | LR=8.29e-04 | TLoss=14.6715 | VLoss=38.9948 | AP@50=0.2813
  Epoch  10/50 | LR=8.28e-04 | TLoss=13.2739 | VLoss=38.2882 | AP@50=0.2434
  Epoch  11/50 | LR=8.25e-04 | TLoss=11.3553 | VLoss=36.3064 | AP@50=0.3046
  Epoch  12/50 | LR=8.19e-04 | TLoss=10.7851 | VLoss=38.2462 | AP@50=0.2663
  Epoch  13/50 | LR=8.11e-04 | TLoss=10.0224 | VLoss=38.1561 | AP@50=0.3767
  Epoch  14/50 | LR=8.01e-04 | TLoss=9.2105 | VLoss=37.3919 | AP@50=0.2807
  Epoch  15/50 | LR=7.89e-04 | TLoss=9.5429 | VLoss=34.7829 | AP@50=0.3298
  Epoch  16/50 | LR=7.75e-04 | TLoss=8.6902 | VLoss=34.9690 | AP@50=0.3923
  Epoch  17/50 | LR=7.58e-04 | TLoss=7.7001 | VLoss=34.8345 | AP@50=0.3134
  Epoch  18/50 | LR=7.40e-04 | TLoss=7.9766 | VLoss=34.1484 | AP@50=0.3851
  Epoch  19/50 | LR=7.20e-04 | TLoss=7.0065 | VLoss=36.3182 | AP@50=0.3585
  Epoch  20/50 | LR=6.98e-04 | TLoss=6.7512 | VLoss=37.0322 | AP@50=0.2526
  Epoch  21/50 | LR=6.75e-04 | TLoss=6.5726 | VLoss=37.8062 | AP@50=0.3056
  Epoch  22/50 | LR=6.51e-04 | TLoss=6.1735 | VLoss=36.1332 | AP@50=0.3563
  Epoch  23/50 | LR=6.25e-04 | TLoss=5.7937 | VLoss=35.9975 | AP@50=0.3573
  Epoch  24/50 | LR=5.97e-04 | TLoss=5.4091 | VLoss=34.3851 | AP@50=0.4308
  Epoch  25/50 | LR=5.69e-04 | TLoss=5.3193 | VLoss=32.4040 | AP@50=0.4944
  Epoch  26/50 | LR=5.40e-04 | TLoss=5.2571 | VLoss=34.2617 | AP@50=0.3854
  Epoch  27/50 | LR=5.11e-04 | TLoss=5.1295 | VLoss=32.3125 | AP@50=0.4923
  Epoch  28/50 | LR=4.81e-04 | TLoss=5.0628 | VLoss=34.3923 | AP@50=0.4045
  Epoch  29/50 | LR=4.50e-04 | TLoss=4.6706 | VLoss=34.1092 | AP@50=0.4300
  Epoch  30/50 | LR=4.20e-04 | TLoss=4.7230 | VLoss=35.3738 | AP@50=0.4333
  Epoch  31/50 | LR=3.89e-04 | TLoss=4.3760 | VLoss=34.9164 | AP@50=0.4393
  Epoch  32/50 | LR=3.59e-04 | TLoss=4.3460 | VLoss=34.7705 | AP@50=0.3754
  Epoch  33/50 | LR=3.29e-04 | TLoss=4.1306 | VLoss=34.5065 | AP@50=0.4308
  Epoch  34/50 | LR=2.99e-04 | TLoss=4.0030 | VLoss=33.6304 | AP@50=0.4026
  Epoch  35/50 | LR=2.70e-04 | TLoss=3.8510 | VLoss=34.6734 | AP@50=0.4407
  Epoch  36/50 | LR=2.42e-04 | TLoss=3.7678 | VLoss=33.8282 | AP@50=0.4491
  Epoch  37/50 | LR=2.15e-04 | TLoss=3.6642 | VLoss=34.3200 | AP@50=0.4266
  Epoch  38/50 | LR=1.89e-04 | TLoss=3.3169 | VLoss=34.6338 | AP@50=0.4193
  Epoch  39/50 | LR=1.64e-04 | TLoss=3.3006 | VLoss=34.6749 | AP@50=0.4370
  Epoch  40/50 | LR=1.41e-04 | TLoss=3.2142 | VLoss=34.7175 | AP@50=0.4161
  Epoch  41/50 | LR=1.19e-04 | TLoss=3.1026 | VLoss=35.4839 | AP@50=0.3999
  Epoch  42/50 | LR=9.94e-05 | TLoss=3.1946 | VLoss=35.3979 | AP@50=0.4388
  Epoch  43/50 | LR=8.12e-05 | TLoss=3.0611 | VLoss=35.6087 | AP@50=0.4275
  Epoch  44/50 | LR=6.49e-05 | TLoss=2.9387 | VLoss=35.3479 | AP@50=0.4141
  Epoch  45/50 | LR=5.06e-05 | TLoss=3.0719 | VLoss=35.1729 | AP@50=0.4265
  Epoch  46/50 | LR=3.83e-05 | TLoss=2.7730 | VLoss=34.9333 | AP@50=0.4264
  Epoch  47/50 | LR=2.82e-05 | TLoss=2.7890 | VLoss=35.2319 | AP@50=0.4228
  Epoch  48/50 | LR=2.03e-05 | TLoss=2.7052 | VLoss=35.3895 | AP@50=0.4327
  Epoch  49/50 | LR=1.46e-05 | TLoss=2.6401 | VLoss=35.2141 | AP@50=0.4272
  Epoch  50/50 | LR=1.11e-05 | TLoss=2.7093 | VLoss=35.2303 | AP@50=0.4288
  [Early stop at epoch 50, best AP@50=0.4944]

[Trial 224] lr=6.09e-04  wd=8.11e-03  stride=5  bs=32  mosaic=0.34  ls=0.109  clahe=False  ssr=True  rbc=False  median=False(limit=7)  speckle=False(heavy)  cp_p=0.16
ScanAwareSampler: 13 scans, 2306 total slices, stride=5 → ~467 slices/epoch (20% of training set per epoch)
  Epoch   1/50 | LR=6.09e-05 | TLoss=431.7259 | VLoss=449.2833 | AP@50=0.0000
  Epoch   2/50 | LR=1.29e-04 | TLoss=258.5756 | VLoss=228.5035 | AP@50=0.0005
  Epoch   3/50 | LR=1.98e-04 | TLoss=115.4015 | VLoss=105.7452 | AP@50=0.0005
  Epoch   4/50 | LR=2.66e-04 | TLoss=56.0370 | VLoss=56.1477 | AP@50=0.0002
  Epoch   5/50 | LR=3.35e-04 | TLoss=34.6313 | VLoss=41.8008 | AP@50=0.0133
  Epoch   6/50 | LR=4.03e-04 | TLoss=28.4939 | VLoss=38.4447 | AP@50=0.0488
  Epoch   7/50 | LR=4.72e-04 | TLoss=25.8031 | VLoss=37.0441 | AP@50=0.0555
  Epoch   8/50 | LR=5.40e-04 | TLoss=23.6703 | VLoss=35.8985 | AP@50=0.3229
  Epoch   9/50 | LR=6.09e-04 | TLoss=22.1119 | VLoss=35.0434 | AP@50=0.1481
  Epoch  10/50 | LR=6.08e-04 | TLoss=21.2343 | VLoss=34.6670 | AP@50=0.1972
  Epoch  11/50 | LR=6.05e-04 | TLoss=19.1620 | VLoss=39.3381 | AP@50=0.1913
  Epoch  12/50 | LR=6.01e-04 | TLoss=16.9171 | VLoss=36.0966 | AP@50=0.1431
  Epoch  13/50 | LR=5.95e-04 | TLoss=15.9845 | VLoss=34.5529 | AP@50=0.2605
  Epoch  14/50 | LR=5.88e-04 | TLoss=15.2426 | VLoss=32.9749 | AP@50=0.1347
  Epoch  15/50 | LR=5.79e-04 | TLoss=13.1006 | VLoss=34.2746 | AP@50=0.2856
  Epoch  16/50 | LR=5.69e-04 | TLoss=12.7603 | VLoss=34.2737 | AP@50=0.2735
  Epoch  17/50 | LR=5.57e-04 | TLoss=11.8017 | VLoss=35.8135 | AP@50=0.3262
  [Pruned at epoch 17]

[Trial 241] lr=7.70e-04  wd=1.16e-04  stride=5  bs=16  mosaic=0.25  ls=0.106  clahe=False  ssr=True  rbc=False  median=False(limit=7)  speckle=False(heavy)  cp_p=0.12
ScanAwareSampler: 13 scans, 2306 total slices, stride=5 → ~467 slices/epoch (20% of training set per epoch)
  Epoch   1/50 | LR=7.70e-05 | TLoss=315.9502 | VLoss=226.8376 | AP@50=0.0030
  Epoch   2/50 | LR=1.64e-04 | TLoss=102.5522 | VLoss=65.3419 | AP@50=0.0010
  Epoch   3/50 | LR=2.50e-04 | TLoss=38.9168 | VLoss=40.5206 | AP@50=0.0068
  Epoch   4/50 | LR=3.37e-04 | TLoss=32.9916 | VLoss=40.9259 | AP@50=0.0187
  Epoch   5/50 | LR=4.24e-04 | TLoss=28.2823 | VLoss=38.5793 | AP@50=0.0152
  Epoch   6/50 | LR=5.10e-04 | TLoss=28.7278 | VLoss=38.4397 | AP@50=0.0408
  Epoch   7/50 | LR=5.97e-04 | TLoss=24.2887 | VLoss=38.5306 | AP@50=0.0510
  Epoch   8/50 | LR=6.83e-04 | TLoss=23.1644 | VLoss=43.6414 | AP@50=0.2252
  Epoch   9/50 | LR=7.70e-04 | TLoss=20.0507 | VLoss=36.1140 | AP@50=0.3114
  Epoch  10/50 | LR=7.69e-04 | TLoss=18.5684 | VLoss=41.5617 | AP@50=0.1762
  Epoch  11/50 | LR=7.66e-04 | TLoss=17.0915 | VLoss=33.5262 | AP@50=0.3244
  Epoch  12/50 | LR=7.61e-04 | TLoss=14.5655 | VLoss=37.5774 | AP@50=0.1035
  Epoch  13/50 | LR=7.53e-04 | TLoss=13.9586 | VLoss=37.1342 | AP@50=0.2767
  Epoch  14/50 | LR=7.44e-04 | TLoss=13.5590 | VLoss=37.7083 | AP@50=0.1239
  Epoch  15/50 | LR=7.32e-04 | TLoss=12.8899 | VLoss=32.9317 | AP@50=0.4351
  Epoch  16/50 | LR=7.19e-04 | TLoss=12.2479 | VLoss=35.9344 | AP@50=0.2547
  Epoch  17/50 | LR=7.04e-04 | TLoss=11.7974 | VLoss=34.7853 | AP@50=0.4681
  Epoch  18/50 | LR=6.87e-04 | TLoss=10.8361 | VLoss=31.7550 | AP@50=0.3435
  Epoch  19/50 | LR=6.69e-04 | TLoss=11.2354 | VLoss=31.2877 | AP@50=0.4408
  Epoch  20/50 | LR=6.49e-04 | TLoss=11.0723 | VLoss=35.3730 | AP@50=0.4190
  Epoch  21/50 | LR=6.27e-04 | TLoss=10.2705 | VLoss=33.6487 | AP@50=0.3650
  Epoch  22/50 | LR=6.04e-04 | TLoss=10.4145 | VLoss=34.9985 | AP@50=0.4701
  Epoch  23/50 | LR=5.80e-04 | TLoss=10.3767 | VLoss=28.1216 | AP@50=0.4395
  Epoch  24/50 | LR=5.55e-04 | TLoss=9.5441 | VLoss=33.6736 | AP@50=0.4493
  Epoch  25/50 | LR=5.29e-04 | TLoss=9.3120 | VLoss=32.4285 | AP@50=0.3344
  Epoch  26/50 | LR=5.02e-04 | TLoss=9.1982 | VLoss=32.0271 | AP@50=0.5268
  Epoch  27/50 | LR=4.75e-04 | TLoss=8.7174 | VLoss=31.6961 | AP@50=0.4431
  Epoch  28/50 | LR=4.47e-04 | TLoss=8.9144 | VLoss=32.7946 | AP@50=0.4131
  Epoch  29/50 | LR=4.18e-04 | TLoss=8.5398 | VLoss=34.4214 | AP@50=0.4003
  Epoch  30/50 | LR=3.90e-04 | TLoss=7.6324 | VLoss=32.3556 | AP@50=0.4422
  Epoch  31/50 | LR=3.62e-04 | TLoss=7.9309 | VLoss=31.9966 | AP@50=0.3927
  Epoch  32/50 | LR=3.33e-04 | TLoss=7.4650 | VLoss=29.0656 | AP@50=0.5445
  Epoch  33/50 | LR=3.05e-04 | TLoss=7.1626 | VLoss=31.7720 | AP@50=0.4727
  Epoch  34/50 | LR=2.78e-04 | TLoss=7.1913 | VLoss=33.2543 | AP@50=0.4559
  Epoch  35/50 | LR=2.51e-04 | TLoss=6.5265 | VLoss=33.1250 | AP@50=0.4540
  Epoch  36/50 | LR=2.25e-04 | TLoss=7.0082 | VLoss=33.9233 | AP@50=0.4523
  Epoch  37/50 | LR=2.00e-04 | TLoss=6.4829 | VLoss=33.7732 | AP@50=0.4944
  Epoch  38/50 | LR=1.76e-04 | TLoss=6.5313 | VLoss=33.8296 | AP@50=0.4943
  Epoch  39/50 | LR=1.53e-04 | TLoss=6.2935 | VLoss=32.6538 | AP@50=0.4929
  Epoch  40/50 | LR=1.32e-04 | TLoss=6.2839 | VLoss=33.9881 | AP@50=0.4588
  Epoch  41/50 | LR=1.11e-04 | TLoss=5.8566 | VLoss=33.7832 | AP@50=0.5077
  Epoch  42/50 | LR=9.29e-05 | TLoss=5.8400 | VLoss=32.3985 | AP@50=0.5004
  Epoch  43/50 | LR=7.60e-05 | TLoss=5.8758 | VLoss=33.2360 | AP@50=0.4950
  Epoch  44/50 | LR=6.09e-05 | TLoss=5.9230 | VLoss=33.2945 | AP@50=0.5170
  Epoch  45/50 | LR=4.76e-05 | TLoss=5.6905 | VLoss=32.8294 | AP@50=0.4984
  Epoch  46/50 | LR=3.63e-05 | TLoss=5.5645 | VLoss=32.2584 | AP@50=0.5128
  Epoch  47/50 | LR=2.69e-05 | TLoss=5.4037 | VLoss=32.7511 | AP@50=0.5040
  Epoch  48/50 | LR=1.95e-05 | TLoss=5.6234 | VLoss=32.8054 | AP@50=0.4990
  Epoch  49/50 | LR=1.42e-05 | TLoss=5.3070 | VLoss=33.0950 | AP@50=0.4920
  Epoch  50/50 | LR=1.11e-05 | TLoss=5.4635 | VLoss=33.1872 | AP@50=0.4981

[Trial 257] lr=6.73e-04  wd=1.70e-04  stride=5  bs=8  mosaic=0.25  ls=0.065  clahe=False  ssr=True  rbc=False  median=False(limit=7)  speckle=False(heavy)  cp_p=0.12
ScanAwareSampler: 13 scans, 2306 total slices, stride=5 → ~467 slices/epoch (20% of training set per epoch)
  Epoch   1/50 | LR=6.73e-05 | TLoss=285.3723 | VLoss=169.2875 | AP@50=0.0005
  Epoch   2/50 | LR=1.43e-04 | TLoss=66.2490 | VLoss=51.9119 | AP@50=0.0005
  Epoch   3/50 | LR=2.19e-04 | TLoss=34.6425 | VLoss=43.1242 | AP@50=0.0000
  Epoch   4/50 | LR=2.95e-04 | TLoss=30.4365 | VLoss=39.2645 | AP@50=0.0245
  Epoch   5/50 | LR=3.70e-04 | TLoss=28.2942 | VLoss=36.1287 | AP@50=0.0987
  Epoch   6/50 | LR=4.46e-04 | TLoss=24.5418 | VLoss=38.7174 | AP@50=0.2041
  Epoch   7/50 | LR=5.22e-04 | TLoss=21.8412 | VLoss=37.9886 | AP@50=0.4254
  Epoch   8/50 | LR=5.98e-04 | TLoss=19.4415 | VLoss=31.3939 | AP@50=0.2358
  Epoch   9/50 | LR=6.73e-04 | TLoss=18.1275 | VLoss=36.4889 | AP@50=0.2863
  Epoch  10/50 | LR=6.73e-04 | TLoss=16.0800 | VLoss=38.1420 | AP@50=0.2633
  Epoch  11/50 | LR=6.70e-04 | TLoss=15.4893 | VLoss=36.5210 | AP@50=0.2019
  Epoch  12/50 | LR=6.65e-04 | TLoss=14.1262 | VLoss=31.4664 | AP@50=0.3463
  Epoch  13/50 | LR=6.59e-04 | TLoss=13.3040 | VLoss=33.8367 | AP@50=0.2982
  Epoch  14/50 | LR=6.51e-04 | TLoss=12.5698 | VLoss=36.6458 | AP@50=0.2845
  Epoch  15/50 | LR=6.41e-04 | TLoss=12.5775 | VLoss=33.7304 | AP@50=0.4858
  Epoch  16/50 | LR=6.29e-04 | TLoss=11.8864 | VLoss=33.3849 | AP@50=0.3119
  Epoch  17/50 | LR=6.16e-04 | TLoss=10.6763 | VLoss=31.2610 | AP@50=0.4815
  Epoch  18/50 | LR=6.01e-04 | TLoss=10.8102 | VLoss=32.7075 | AP@50=0.3503
  Epoch  19/50 | LR=5.85e-04 | TLoss=11.0708 | VLoss=32.6545 | AP@50=0.5372
  Epoch  20/50 | LR=5.67e-04 | TLoss=10.2233 | VLoss=32.1323 | AP@50=0.4803
  Epoch  21/50 | LR=5.49e-04 | TLoss=9.8059 | VLoss=32.1778 | AP@50=0.3103
  Epoch  22/50 | LR=5.29e-04 | TLoss=10.3220 | VLoss=31.2440 | AP@50=0.4303
  Epoch  23/50 | LR=5.08e-04 | TLoss=9.2331 | VLoss=34.9441 | AP@50=0.4132
  Epoch  24/50 | LR=4.86e-04 | TLoss=9.4047 | VLoss=30.9237 | AP@50=0.5149
  Epoch  25/50 | LR=4.63e-04 | TLoss=8.5489 | VLoss=32.6122 | AP@50=0.4525
  Epoch  26/50 | LR=4.39e-04 | TLoss=8.8250 | VLoss=35.5209 | AP@50=0.4804
  Epoch  27/50 | LR=4.16e-04 | TLoss=8.4585 | VLoss=32.5020 | AP@50=0.4127
  Epoch  28/50 | LR=3.91e-04 | TLoss=8.3224 | VLoss=31.0718 | AP@50=0.5243
  Epoch  29/50 | LR=3.67e-04 | TLoss=8.0025 | VLoss=34.5403 | AP@50=0.4876
  Epoch  30/50 | LR=3.42e-04 | TLoss=7.6621 | VLoss=35.1459 | AP@50=0.4273
  Epoch  31/50 | LR=3.17e-04 | TLoss=7.2782 | VLoss=36.4904 | AP@50=0.5074
  Epoch  32/50 | LR=2.92e-04 | TLoss=7.4719 | VLoss=33.1373 | AP@50=0.4915
  Epoch  33/50 | LR=2.68e-04 | TLoss=7.1747 | VLoss=35.5821 | AP@50=0.5273
  Epoch  34/50 | LR=2.44e-04 | TLoss=7.4464 | VLoss=33.3893 | AP@50=0.5271
  Epoch  35/50 | LR=2.21e-04 | TLoss=6.8189 | VLoss=35.5351 | AP@50=0.5071
  Epoch  36/50 | LR=1.98e-04 | TLoss=6.8153 | VLoss=33.9856 | AP@50=0.5465
  Epoch  37/50 | LR=1.76e-04 | TLoss=6.5549 | VLoss=34.5227 | AP@50=0.4800
  Epoch  38/50 | LR=1.55e-04 | TLoss=6.6486 | VLoss=35.4368 | AP@50=0.4765
  Epoch  39/50 | LR=1.35e-04 | TLoss=6.1701 | VLoss=34.1361 | AP@50=0.5067
  Epoch  40/50 | LR=1.16e-04 | TLoss=5.8422 | VLoss=34.2634 | AP@50=0.4967
  Epoch  41/50 | LR=9.86e-05 | TLoss=6.1706 | VLoss=35.8253 | AP@50=0.4759
  Epoch  42/50 | LR=8.24e-05 | TLoss=6.1516 | VLoss=34.5624 | AP@50=0.5330
  Epoch  43/50 | LR=6.76e-05 | TLoss=6.2461 | VLoss=35.4964 | AP@50=0.4771
  Epoch  44/50 | LR=5.44e-05 | TLoss=5.9017 | VLoss=34.5957 | AP@50=0.5109
  Epoch  45/50 | LR=4.29e-05 | TLoss=5.9163 | VLoss=34.3180 | AP@50=0.5087
  Epoch  46/50 | LR=3.29e-05 | TLoss=5.6042 | VLoss=34.6985 | AP@50=0.5188
  Epoch  47/50 | LR=2.47e-05 | TLoss=5.3303 | VLoss=35.0411 | AP@50=0.5083
  Epoch  48/50 | LR=1.83e-05 | TLoss=5.4803 | VLoss=35.2937 | AP@50=0.5159
  Epoch  49/50 | LR=1.37e-05 | TLoss=5.4568 | VLoss=35.1553 | AP@50=0.5167
  Epoch  50/50 | LR=1.09e-05 | TLoss=5.4895 | VLoss=35.2465 | AP@50=0.5146

=== Worker done | Completed: 80 | Pruned: 183 ===
Best AP@50 across all workers: 0.6187
Best params: {'learning_rate': 0.00043284502212938834, 'weight_decay': 0.007969454818643935, 'slice_stride': 5, 'batch_size': 32, 'mosaic_prob': 0.34044600469728353, 'label_smooth': 0.10621088666940683, 'use_clahe': False, 'use_shift_scale_rotate': True, 'use_brightness_contrast': False, 'use_median_blur': False, 'median_blur_limit': 7, 'use_speckle_noise': False, 'speckle_level': 'heavy', 'copy_paste_p': 0.1397716475108518}

Saving top-5 configs to train/config/
  Rank  1 | AP@50=0.6187 | {'learning_rate': 0.00043284502212938834, 'weight_decay': 0.007969454818643935, 'slice_stride': 5, 'batch_size': 32, 'mosaic_prob': 0.34044600469728353, 'label_smooth': 0.10621088666940683, 'use_clahe': False, 'use_shift_scale_rotate': True, 'use_brightness_contrast': False, 'use_median_blur': False, 'median_blur_limit': 7, 'use_speckle_noise': False, 'speckle_level': 'heavy', 'copy_paste_p': 0.1397716475108518} → hparam_v3_rank01_ap50_0.6187.yaml
  Rank  2 | AP@50=0.5711 | {'learning_rate': 0.0028118872210255064, 'weight_decay': 0.008450378971119275, 'slice_stride': 5, 'batch_size': 32, 'mosaic_prob': 0.33718855614370524, 'label_smooth': 0.07443075042506067, 'use_clahe': False, 'use_shift_scale_rotate': True, 'use_brightness_contrast': False, 'use_median_blur': False, 'median_blur_limit': 7, 'use_speckle_noise': False, 'speckle_level': 'light', 'copy_paste_p': 0.12501459947053223} → hparam_v3_rank02_ap50_0.5711.yaml
  Rank  3 | AP@50=0.5654 | {'learning_rate': 0.000979241645768424, 'weight_decay': 0.00016773979057417378, 'slice_stride': 5, 'batch_size': 8, 'mosaic_prob': 0.25005735837217835, 'label_smooth': 0.0943561631431126, 'use_clahe': False, 'use_shift_scale_rotate': True, 'use_brightness_contrast': False, 'use_median_blur': False, 'median_blur_limit': 7, 'use_speckle_noise': False, 'speckle_level': 'heavy', 'copy_paste_p': 0.33367799493323197} → hparam_v3_rank03_ap50_0.5654.yaml
  Rank  4 | AP@50=0.5641 | {'learning_rate': 0.00047470253880435933, 'weight_decay': 0.007006994807999471, 'slice_stride': 5, 'batch_size': 32, 'mosaic_prob': 0.3534813052197135, 'label_smooth': 0.12053559927096814, 'use_clahe': False, 'use_shift_scale_rotate': True, 'use_brightness_contrast': False, 'use_median_blur': False, 'median_blur_limit': 7, 'use_speckle_noise': False, 'speckle_level': 'heavy', 'copy_paste_p': 0.2650344108461416} → hparam_v3_rank04_ap50_0.5641.yaml
  Rank  5 | AP@50=0.5588 | {'learning_rate': 0.0004121868020758005, 'weight_decay': 0.006329750632925519, 'slice_stride': 5, 'batch_size': 16, 'mosaic_prob': 0.2737624297701444, 'label_smooth': 0.09524959365033166, 'use_clahe': False, 'use_shift_scale_rotate': True, 'use_brightness_contrast': False, 'use_median_blur': False, 'median_blur_limit': 7, 'use_speckle_noise': False, 'speckle_level': 'heavy', 'copy_paste_p': 0.14410512956607277} → hparam_v3_rank05_ap50_0.5588.yaml

Best config (AP@50=0.6187) → train/config/best_hyperparams_v3.yaml
Task 10 completed at: Tue Mar 17 01:38:08 PM EDT 2026
