Job array    : 916, task 18
Node         : bn060
Started at   : Tue Mar 17 10:47:24 PM EDT 2026
Config       : train/config/default.yaml
Study        : yoloe_hparam_search_v5 @ sqlite:////fs01/home/dhaneshr/code/obj-det-test/optuna_studies/yoloe_hparam_search_v5.db
Trials       : 15 (this worker)
Epochs/trial : 35 (max, EMA early stopping patience=8)
Checkpoints  : top-3 per trial (min EMA=0.6) → /fs01/home/dhaneshr/code/obj-det-test/checkpoints/hparam_v5
Study name   : yoloe_hparam_search_v5
Storage      : sqlite:////fs01/home/dhaneshr/code/obj-det-test/optuna_studies/yoloe_hparam_search_v5.db
Trials       : 15 (this worker)
Epochs/trial : 35 (max, EMA early stopping patience=8)
EMA alpha    : 0.3
Checkpoints  : top-3 per trial → /fs01/home/dhaneshr/code/obj-det-test/checkpoints/hparam_v5

[Trial 237] lr=7.92e-04  wd=4.14e-02  stride=10  bs=16  mosaic=0.72  ls=0.102  clahe=True  ssr=True  rbc=False  median=True(limit=5)  speckle=False(medium)  cp_p=0.29
ScanAwareSampler: 13 scans, 2306 total slices, stride=10 → ~236 slices/epoch (10% of training set per epoch)
  Epoch   1/35 | LR=7.92e-05 | TLoss=309.2008 | VLoss=442.5100 | AP@50=0.0005 | SliceAP=0.1782 | EMA_SliceAP=0.1782
  Epoch   2/35 | LR=1.68e-04 | TLoss=177.7481 | VLoss=219.2252 | AP@50=0.0001 | SliceAP=0.4950 | EMA_SliceAP=0.2733
  Epoch   3/35 | LR=2.57e-04 | TLoss=74.4606 | VLoss=97.7385 | AP@50=0.0000 | SliceAP=0.1782 | EMA_SliceAP=0.2448
  Epoch   4/35 | LR=3.46e-04 | TLoss=37.1006 | VLoss=47.9162 | AP@50=0.0003 | SliceAP=0.2079 | EMA_SliceAP=0.2337
  Epoch   5/35 | LR=4.35e-04 | TLoss=30.5610 | VLoss=46.3726 | AP@50=0.0029 | SliceAP=0.1980 | EMA_SliceAP=0.2230
  Epoch   6/35 | LR=5.24e-04 | TLoss=26.8021 | VLoss=42.1192 | AP@50=0.0038 | SliceAP=0.1584 | EMA_SliceAP=0.2036
  Epoch   7/35 | LR=6.13e-04 | TLoss=26.5253 | VLoss=38.0351 | AP@50=0.0152 | SliceAP=0.3861 | EMA_SliceAP=0.2584
  Epoch   8/35 | LR=7.03e-04 | TLoss=23.9558 | VLoss=41.1039 | AP@50=0.0143 | SliceAP=0.1584 | EMA_SliceAP=0.2284
  Epoch   9/35 | LR=7.92e-04 | TLoss=21.0294 | VLoss=39.9325 | AP@50=0.0653 | SliceAP=0.2772 | EMA_SliceAP=0.2430
  Epoch  10/35 | LR=7.89e-04 | TLoss=20.5246 | VLoss=43.2931 | AP@50=0.0890 | SliceAP=0.2673 | EMA_SliceAP=0.2503
  [Pruned at epoch 10]

[Trial 246] lr=5.75e-04  wd=6.70e-04  stride=10  bs=16  mosaic=0.51  ls=0.109  clahe=True  ssr=True  rbc=False  median=True(limit=5)  speckle=False(light)  cp_p=0.49
ScanAwareSampler: 13 scans, 2306 total slices, stride=10 → ~236 slices/epoch (10% of training set per epoch)
  Epoch   1/35 | LR=5.75e-05 | TLoss=333.9688 | VLoss=453.7777 | AP@50=0.0004 | SliceAP=0.1881 | EMA_SliceAP=0.1881
  Epoch   2/35 | LR=1.22e-04 | TLoss=207.2877 | VLoss=250.8315 | AP@50=0.0002 | SliceAP=0.4455 | EMA_SliceAP=0.2653
  Epoch   3/35 | LR=1.87e-04 | TLoss=103.3309 | VLoss=122.2055 | AP@50=0.0001 | SliceAP=0.3960 | EMA_SliceAP=0.3046
  Epoch   4/35 | LR=2.52e-04 | TLoss=56.6136 | VLoss=61.8867 | AP@50=0.0024 | SliceAP=0.4455 | EMA_SliceAP=0.3469
  Epoch   5/35 | LR=3.16e-04 | TLoss=38.1618 | VLoss=48.4873 | AP@50=0.0044 | SliceAP=0.2277 | EMA_SliceAP=0.3111
  Epoch   6/35 | LR=3.81e-04 | TLoss=30.1982 | VLoss=45.0703 | AP@50=0.0007 | SliceAP=0.1089 | EMA_SliceAP=0.2505
  Epoch   7/35 | LR=4.46e-04 | TLoss=29.9897 | VLoss=39.6104 | AP@50=0.0679 | SliceAP=0.5050 | EMA_SliceAP=0.3268
  Epoch   8/35 | LR=5.11e-04 | TLoss=28.0477 | VLoss=43.1248 | AP@50=0.0281 | SliceAP=0.2277 | EMA_SliceAP=0.2971
  Epoch   9/35 | LR=5.75e-04 | TLoss=26.8530 | VLoss=39.5826 | AP@50=0.1077 | SliceAP=0.5941 | EMA_SliceAP=0.3862
  Epoch  10/35 | LR=5.74e-04 | TLoss=25.6855 | VLoss=40.2273 | AP@50=0.0541 | SliceAP=0.5743 | EMA_SliceAP=0.4426
  Epoch  11/35 | LR=5.68e-04 | TLoss=21.9473 | VLoss=39.5912 | AP@50=0.0716 | SliceAP=0.3564 | EMA_SliceAP=0.4167
  Epoch  12/35 | LR=5.58e-04 | TLoss=19.8415 | VLoss=44.3322 | AP@50=0.0878 | SliceAP=0.4257 | EMA_SliceAP=0.4194
  Epoch  13/35 | LR=5.45e-04 | TLoss=19.2509 | VLoss=39.5585 | AP@50=0.1944 | SliceAP=0.4950 | EMA_SliceAP=0.4421
  Epoch  14/35 | LR=5.29e-04 | TLoss=17.5602 | VLoss=38.5731 | AP@50=0.2072 | SliceAP=0.4851 | EMA_SliceAP=0.4550
  Epoch  15/35 | LR=5.09e-04 | TLoss=16.0326 | VLoss=36.6310 | AP@50=0.2459 | SliceAP=0.4950 | EMA_SliceAP=0.4670
  Epoch  16/35 | LR=4.87e-04 | TLoss=16.4360 | VLoss=35.5596 | AP@50=0.1718 | SliceAP=0.5842 | EMA_SliceAP=0.5022
  Epoch  17/35 | LR=4.62e-04 | TLoss=15.1521 | VLoss=35.3380 | AP@50=0.3073 | SliceAP=0.6634 | EMA_SliceAP=0.5505
  Epoch  18/35 | LR=4.34e-04 | TLoss=13.6049 | VLoss=37.0571 | AP@50=0.2295 | SliceAP=0.5941 | EMA_SliceAP=0.5636
  Epoch  19/35 | LR=4.05e-04 | TLoss=13.2889 | VLoss=34.9523 | AP@50=0.2908 | SliceAP=0.6733 | EMA_SliceAP=0.5965
  Epoch  20/35 | LR=3.74e-04 | TLoss=13.3578 | VLoss=33.9335 | AP@50=0.2789 | SliceAP=0.4752 | EMA_SliceAP=0.5601
  Epoch  21/35 | LR=3.42e-04 | TLoss=12.3545 | VLoss=38.3191 | AP@50=0.2432 | SliceAP=0.5050 | EMA_SliceAP=0.5436
  Epoch  22/35 | LR=3.09e-04 | TLoss=11.0006 | VLoss=37.9687 | AP@50=0.2682 | SliceAP=0.6436 | EMA_SliceAP=0.5736
  Epoch  23/35 | LR=2.76e-04 | TLoss=11.1645 | VLoss=36.7038 | AP@50=0.3138 | SliceAP=0.6337 | EMA_SliceAP=0.5916
  Epoch  24/35 | LR=2.44e-04 | TLoss=11.9686 | VLoss=35.7243 | AP@50=0.3397 | SliceAP=0.6436 | EMA_SliceAP=0.6072
  Epoch  25/35 | LR=2.12e-04 | TLoss=10.9194 | VLoss=37.5951 | AP@50=0.3328 | SliceAP=0.6238 | EMA_SliceAP=0.6122
  Epoch  26/35 | LR=1.81e-04 | TLoss=10.1383 | VLoss=34.2011 | AP@50=0.4234 | SliceAP=0.6931 | EMA_SliceAP=0.6364
  Epoch  27/35 | LR=1.51e-04 | TLoss=10.8436 | VLoss=35.7085 | AP@50=0.3475 | SliceAP=0.6238 | EMA_SliceAP=0.6326
  Epoch  28/35 | LR=1.24e-04 | TLoss=9.9999 | VLoss=35.2908 | AP@50=0.4376 | SliceAP=0.7030 | EMA_SliceAP=0.6537
  Epoch  29/35 | LR=9.87e-05 | TLoss=9.6488 | VLoss=37.7761 | AP@50=0.3190 | SliceAP=0.6436 | EMA_SliceAP=0.6507
  Epoch  30/35 | LR=7.61e-05 | TLoss=9.7944 | VLoss=36.3621 | AP@50=0.3974 | SliceAP=0.6832 | EMA_SliceAP=0.6604
  Epoch  31/35 | LR=5.65e-05 | TLoss=9.2611 | VLoss=36.8688 | AP@50=0.3640 | SliceAP=0.6238 | EMA_SliceAP=0.6494
  Epoch  32/35 | LR=4.01e-05 | TLoss=8.3431 | VLoss=36.8787 | AP@50=0.3847 | SliceAP=0.6535 | EMA_SliceAP=0.6506
  Epoch  33/35 | LR=2.71e-05 | TLoss=9.0485 | VLoss=36.4997 | AP@50=0.3856 | SliceAP=0.6634 | EMA_SliceAP=0.6545
  Epoch  34/35 | LR=1.76e-05 | TLoss=9.0416 | VLoss=35.9075 | AP@50=0.4030 | SliceAP=0.6832 | EMA_SliceAP=0.6631
  Epoch  35/35 | LR=1.19e-05 | TLoss=8.7158 | VLoss=35.9573 | AP@50=0.3927 | SliceAP=0.6535 | EMA_SliceAP=0.6602
  [Checkpoints] top-3 saved → /fs01/home/dhaneshr/code/obj-det-test/checkpoints/hparam_v5/trial_0246/swa_manifest.yaml

[Trial 280] lr=1.10e-03  wd=2.25e-02  stride=7  bs=8  mosaic=0.47  ls=0.078  clahe=False  ssr=True  rbc=True  median=True(limit=7)  speckle=False(medium)  cp_p=0.32
ScanAwareSampler: 13 scans, 2306 total slices, stride=7 → ~336 slices/epoch (15% of training set per epoch)
  Epoch   1/35 | LR=1.10e-04 | TLoss=210.1031 | VLoss=132.4557 | AP@50=0.0003 | SliceAP=0.5050 | EMA_SliceAP=0.5050
  Epoch   2/35 | LR=2.35e-04 | TLoss=48.1778 | VLoss=45.9585 | AP@50=0.0058 | SliceAP=0.2574 | EMA_SliceAP=0.4307
  Epoch   3/35 | LR=3.59e-04 | TLoss=34.4451 | VLoss=38.6169 | AP@50=0.0130 | SliceAP=0.4950 | EMA_SliceAP=0.4500
  Epoch   4/35 | LR=4.83e-04 | TLoss=33.2380 | VLoss=37.8163 | AP@50=0.0339 | SliceAP=0.2376 | EMA_SliceAP=0.3863
  Epoch   5/35 | LR=6.07e-04 | TLoss=30.4869 | VLoss=37.1985 | AP@50=0.0568 | SliceAP=0.3960 | EMA_SliceAP=0.3892
  Epoch   6/35 | LR=7.31e-04 | TLoss=24.5630 | VLoss=38.3439 | AP@50=0.1104 | SliceAP=0.4752 | EMA_SliceAP=0.4150
  Epoch   7/35 | LR=8.55e-04 | TLoss=23.8370 | VLoss=40.2442 | AP@50=0.1118 | SliceAP=0.5347 | EMA_SliceAP=0.4509
  Epoch   8/35 | LR=9.80e-04 | TLoss=19.5320 | VLoss=40.0927 | AP@50=0.1728 | SliceAP=0.7525 | EMA_SliceAP=0.5414
  Epoch   9/35 | LR=1.10e-03 | TLoss=17.7874 | VLoss=32.2870 | AP@50=0.2705 | SliceAP=0.6931 | EMA_SliceAP=0.5869
  Epoch  10/35 | LR=1.10e-03 | TLoss=18.4872 | VLoss=43.0680 | AP@50=0.1533 | SliceAP=0.6436 | EMA_SliceAP=0.6039
  Epoch  11/35 | LR=1.09e-03 | TLoss=17.1615 | VLoss=38.4457 | AP@50=0.1614 | SliceAP=0.5644 | EMA_SliceAP=0.5920
  Epoch  12/35 | LR=1.07e-03 | TLoss=15.6018 | VLoss=32.2412 | AP@50=0.3516 | SliceAP=0.6931 | EMA_SliceAP=0.6223
  Epoch  13/35 | LR=1.05e-03 | TLoss=13.0147 | VLoss=36.2447 | AP@50=0.1134 | SliceAP=0.6040 | EMA_SliceAP=0.6168
  Epoch  14/35 | LR=1.01e-03 | TLoss=13.3972 | VLoss=38.6108 | AP@50=0.1982 | SliceAP=0.6337 | EMA_SliceAP=0.6219
  Epoch  15/35 | LR=9.76e-04 | TLoss=12.4672 | VLoss=33.4825 | AP@50=0.1319 | SliceAP=0.6733 | EMA_SliceAP=0.6373
  Epoch  16/35 | LR=9.32e-04 | TLoss=11.7493 | VLoss=38.3887 | AP@50=0.2456 | SliceAP=0.6634 | EMA_SliceAP=0.6451
  Epoch  17/35 | LR=8.83e-04 | TLoss=10.8299 | VLoss=38.4827 | AP@50=0.2384 | SliceAP=0.6040 | EMA_SliceAP=0.6328
  Epoch  18/35 | LR=8.30e-04 | TLoss=11.7553 | VLoss=32.4974 | AP@50=0.4429 | SliceAP=0.7228 | EMA_SliceAP=0.6598
  Epoch  19/35 | LR=7.74e-04 | TLoss=11.3193 | VLoss=36.6051 | AP@50=0.2753 | SliceAP=0.6733 | EMA_SliceAP=0.6638
  Epoch  20/35 | LR=7.14e-04 | TLoss=10.1330 | VLoss=37.0420 | AP@50=0.2973 | SliceAP=0.6238 | EMA_SliceAP=0.6518
  Epoch  21/35 | LR=6.52e-04 | TLoss=9.7759 | VLoss=31.1758 | AP@50=0.2066 | SliceAP=0.6337 | EMA_SliceAP=0.6464
  Epoch  22/35 | LR=5.89e-04 | TLoss=9.5280 | VLoss=34.1150 | AP@50=0.3865 | SliceAP=0.7030 | EMA_SliceAP=0.6633
  Epoch  23/35 | LR=5.25e-04 | TLoss=9.4834 | VLoss=36.2869 | AP@50=0.4304 | SliceAP=0.6535 | EMA_SliceAP=0.6604
  Epoch  24/35 | LR=4.62e-04 | TLoss=9.0520 | VLoss=35.0049 | AP@50=0.4569 | SliceAP=0.6634 | EMA_SliceAP=0.6613
  Epoch  25/35 | LR=4.00e-04 | TLoss=8.6140 | VLoss=32.7738 | AP@50=0.4147 | SliceAP=0.6733 | EMA_SliceAP=0.6649
  Epoch  26/35 | LR=3.40e-04 | TLoss=8.5279 | VLoss=33.5467 | AP@50=0.4058 | SliceAP=0.6535 | EMA_SliceAP=0.6615
  Epoch  27/35 | LR=2.83e-04 | TLoss=8.6624 | VLoss=34.6057 | AP@50=0.4579 | SliceAP=0.6436 | EMA_SliceAP=0.6561
  Epoch  28/35 | LR=2.30e-04 | TLoss=8.0830 | VLoss=34.2125 | AP@50=0.3977 | SliceAP=0.6535 | EMA_SliceAP=0.6553
  Epoch  29/35 | LR=1.82e-04 | TLoss=7.9311 | VLoss=33.9040 | AP@50=0.4032 | SliceAP=0.6337 | EMA_SliceAP=0.6488
  Epoch  30/35 | LR=1.38e-04 | TLoss=7.5813 | VLoss=34.5331 | AP@50=0.4116 | SliceAP=0.6238 | EMA_SliceAP=0.6413
  [Pruned at epoch 30]

[Trial 311] lr=8.71e-04  wd=2.80e-04  stride=10  bs=16  mosaic=0.67  ls=0.088  clahe=True  ssr=True  rbc=False  median=True(limit=5)  speckle=False(medium)  cp_p=0.22
ScanAwareSampler: 13 scans, 2306 total slices, stride=10 → ~236 slices/epoch (10% of training set per epoch)
  Epoch   1/35 | LR=8.71e-05 | TLoss=320.2069 | VLoss=401.3470 | AP@50=0.0000 | SliceAP=0.1881 | EMA_SliceAP=0.1881
  Epoch   2/35 | LR=1.85e-04 | TLoss=161.1059 | VLoss=184.5395 | AP@50=0.0002 | SliceAP=0.4554 | EMA_SliceAP=0.2683
  Epoch   3/35 | LR=2.83e-04 | TLoss=60.8886 | VLoss=75.1400 | AP@50=0.0001 | SliceAP=0.2079 | EMA_SliceAP=0.2502
  Epoch   4/35 | LR=3.81e-04 | TLoss=35.2237 | VLoss=49.9519 | AP@50=0.0001 | SliceAP=0.0792 | EMA_SliceAP=0.1989
  Epoch   5/35 | LR=4.79e-04 | TLoss=27.9840 | VLoss=46.5091 | AP@50=0.0012 | SliceAP=0.1683 | EMA_SliceAP=0.1897
  Epoch   6/35 | LR=5.77e-04 | TLoss=26.9649 | VLoss=39.1777 | AP@50=0.0729 | SliceAP=0.4752 | EMA_SliceAP=0.2754
  Epoch   7/35 | LR=6.75e-04 | TLoss=24.6087 | VLoss=37.9454 | AP@50=0.0783 | SliceAP=0.2772 | EMA_SliceAP=0.2759
  Epoch   8/35 | LR=7.73e-04 | TLoss=21.6624 | VLoss=42.7996 | AP@50=0.1447 | SliceAP=0.4059 | EMA_SliceAP=0.3149
  Epoch   9/35 | LR=8.71e-04 | TLoss=19.1540 | VLoss=39.4318 | AP@50=0.1980 | SliceAP=0.6238 | EMA_SliceAP=0.4076
  Epoch  10/35 | LR=8.68e-04 | TLoss=17.6439 | VLoss=40.5265 | AP@50=0.0907 | SliceAP=0.4059 | EMA_SliceAP=0.4071
  Epoch  11/35 | LR=8.60e-04 | TLoss=16.4951 | VLoss=37.7024 | AP@50=0.1482 | SliceAP=0.5050 | EMA_SliceAP=0.4364
  Epoch  12/35 | LR=8.45e-04 | TLoss=15.3829 | VLoss=37.2700 | AP@50=0.3899 | SliceAP=0.6634 | EMA_SliceAP=0.5045
  Epoch  13/35 | LR=8.26e-04 | TLoss=15.0887 | VLoss=39.0230 | AP@50=0.2356 | SliceAP=0.6436 | EMA_SliceAP=0.5462
  Epoch  14/35 | LR=8.01e-04 | TLoss=14.0522 | VLoss=37.5741 | AP@50=0.1585 | SliceAP=0.6337 | EMA_SliceAP=0.5725
  Epoch  15/35 | LR=7.71e-04 | TLoss=12.5000 | VLoss=36.9891 | AP@50=0.2847 | SliceAP=0.6634 | EMA_SliceAP=0.5997
  Epoch  16/35 | LR=7.36e-04 | TLoss=12.8391 | VLoss=36.0455 | AP@50=0.1442 | SliceAP=0.5842 | EMA_SliceAP=0.5951
  Epoch  17/35 | LR=6.98e-04 | TLoss=12.4203 | VLoss=38.6498 | AP@50=0.3074 | SliceAP=0.6436 | EMA_SliceAP=0.6096
  Epoch  18/35 | LR=6.56e-04 | TLoss=11.6156 | VLoss=39.0556 | AP@50=0.2576 | SliceAP=0.6634 | EMA_SliceAP=0.6257
  Epoch  19/35 | LR=6.11e-04 | TLoss=11.3307 | VLoss=38.8248 | AP@50=0.3046 | SliceAP=0.6238 | EMA_SliceAP=0.6251
  Epoch  20/35 | LR=5.64e-04 | TLoss=11.4838 | VLoss=37.3056 | AP@50=0.3985 | SliceAP=0.6535 | EMA_SliceAP=0.6336
  Epoch  21/35 | LR=5.15e-04 | TLoss=9.8626 | VLoss=37.2934 | AP@50=0.5118 | SliceAP=0.7327 | EMA_SliceAP=0.6634
  Epoch  22/35 | LR=4.66e-04 | TLoss=8.9732 | VLoss=37.7996 | AP@50=0.2063 | SliceAP=0.7129 | EMA_SliceAP=0.6782
  Epoch  23/35 | LR=4.16e-04 | TLoss=9.0611 | VLoss=37.2876 | AP@50=0.3851 | SliceAP=0.7228 | EMA_SliceAP=0.6916
  Epoch  24/35 | LR=3.66e-04 | TLoss=9.7928 | VLoss=39.4595 | AP@50=0.4431 | SliceAP=0.7228 | EMA_SliceAP=0.7009
  Epoch  25/35 | LR=3.17e-04 | TLoss=9.4863 | VLoss=38.0586 | AP@50=0.4467 | SliceAP=0.7327 | EMA_SliceAP=0.7105
  Epoch  26/35 | LR=2.70e-04 | TLoss=8.3745 | VLoss=37.0586 | AP@50=0.3815 | SliceAP=0.7228 | EMA_SliceAP=0.7142
  Epoch  27/35 | LR=2.25e-04 | TLoss=7.6555 | VLoss=36.7705 | AP@50=0.4665 | SliceAP=0.7228 | EMA_SliceAP=0.7167
  Epoch  28/35 | LR=1.83e-04 | TLoss=7.3810 | VLoss=36.9722 | AP@50=0.4980 | SliceAP=0.7228 | EMA_SliceAP=0.7185
  Epoch  29/35 | LR=1.45e-04 | TLoss=8.4190 | VLoss=37.7212 | AP@50=0.3868 | SliceAP=0.6634 | EMA_SliceAP=0.7020
  Epoch  30/35 | LR=1.11e-04 | TLoss=7.3531 | VLoss=37.5200 | AP@50=0.4652 | SliceAP=0.6733 | EMA_SliceAP=0.6934
  Epoch  31/35 | LR=8.09e-05 | TLoss=7.6241 | VLoss=36.3935 | AP@50=0.4531 | SliceAP=0.6931 | EMA_SliceAP=0.6933
  Epoch  32/35 | LR=5.58e-05 | TLoss=7.2654 | VLoss=36.7012 | AP@50=0.4714 | SliceAP=0.7129 | EMA_SliceAP=0.6992
  Epoch  33/35 | LR=3.60e-05 | TLoss=7.6539 | VLoss=37.1443 | AP@50=0.4461 | SliceAP=0.6931 | EMA_SliceAP=0.6973
  Epoch  34/35 | LR=2.16e-05 | TLoss=7.8972 | VLoss=37.0519 | AP@50=0.4714 | SliceAP=0.7030 | EMA_SliceAP=0.6990
  Epoch  35/35 | LR=1.29e-05 | TLoss=7.4958 | VLoss=36.9766 | AP@50=0.4772 | SliceAP=0.6931 | EMA_SliceAP=0.6972
  [Early stop at epoch 35, best EMA SliceAP=0.7167]
  [Checkpoints] top-3 saved → /fs01/home/dhaneshr/code/obj-det-test/checkpoints/hparam_v5/trial_0311/swa_manifest.yaml

[Trial 337] lr=1.40e-03  wd=9.53e-04  stride=10  bs=16  mosaic=0.69  ls=0.086  clahe=True  ssr=False  rbc=False  median=False(limit=5)  speckle=False(medium)  cp_p=0.28
ScanAwareSampler: 13 scans, 2306 total slices, stride=10 → ~236 slices/epoch (10% of training set per epoch)
  Epoch   1/35 | LR=1.40e-04 | TLoss=271.3784 | VLoss=268.4567 | AP@50=0.0003 | SliceAP=0.1584 | EMA_SliceAP=0.1584
  Epoch   2/35 | LR=2.98e-04 | TLoss=85.8346 | VLoss=95.1028 | AP@50=0.0001 | SliceAP=0.3861 | EMA_SliceAP=0.2267
  Epoch   3/35 | LR=4.56e-04 | TLoss=34.3101 | VLoss=49.1711 | AP@50=0.0003 | SliceAP=0.0396 | EMA_SliceAP=0.1706
  Epoch   4/35 | LR=6.13e-04 | TLoss=26.0173 | VLoss=43.5980 | AP@50=0.0080 | SliceAP=0.3465 | EMA_SliceAP=0.2234
  Epoch   5/35 | LR=7.71e-04 | TLoss=23.0918 | VLoss=42.6165 | AP@50=0.1617 | SliceAP=0.4356 | EMA_SliceAP=0.2871
  Epoch   6/35 | LR=9.29e-04 | TLoss=21.4127 | VLoss=38.2634 | AP@50=0.0603 | SliceAP=0.3168 | EMA_SliceAP=0.2960
  Epoch   7/35 | LR=1.09e-03 | TLoss=20.7310 | VLoss=38.8158 | AP@50=0.1899 | SliceAP=0.3366 | EMA_SliceAP=0.3082
  Epoch   8/35 | LR=1.24e-03 | TLoss=18.4429 | VLoss=41.7713 | AP@50=0.1876 | SliceAP=0.3762 | EMA_SliceAP=0.3286
  Epoch   9/35 | LR=1.40e-03 | TLoss=17.0569 | VLoss=38.5275 | AP@50=0.2482 | SliceAP=0.4653 | EMA_SliceAP=0.3696
  Epoch  10/35 | LR=1.40e-03 | TLoss=14.5629 | VLoss=38.9952 | AP@50=0.3205 | SliceAP=0.5050 | EMA_SliceAP=0.4102
  [Pruned at epoch 10]

[Trial 346] lr=6.68e-04  wd=4.00e-04  stride=10  bs=16  mosaic=0.39  ls=0.081  clahe=True  ssr=True  rbc=False  median=True(limit=5)  speckle=False(light)  cp_p=0.24
ScanAwareSampler: 13 scans, 2306 total slices, stride=10 → ~236 slices/epoch (10% of training set per epoch)
  Epoch   1/35 | LR=6.68e-05 | TLoss=399.0616 | VLoss=454.9145 | AP@50=0.0003 | SliceAP=0.1881 | EMA_SliceAP=0.1881
  Epoch   2/35 | LR=1.42e-04 | TLoss=246.3152 | VLoss=218.3260 | AP@50=0.0006 | SliceAP=0.5050 | EMA_SliceAP=0.2832
  Epoch   3/35 | LR=2.17e-04 | TLoss=110.6442 | VLoss=100.7311 | AP@50=0.0003 | SliceAP=0.4950 | EMA_SliceAP=0.3467
  Epoch   4/35 | LR=2.92e-04 | TLoss=54.2434 | VLoss=56.7350 | AP@50=0.0010 | SliceAP=0.3861 | EMA_SliceAP=0.3586
  Epoch   5/35 | LR=3.67e-04 | TLoss=37.5669 | VLoss=44.3195 | AP@50=0.0003 | SliceAP=0.0792 | EMA_SliceAP=0.2748
  Epoch   6/35 | LR=4.43e-04 | TLoss=34.3898 | VLoss=43.8100 | AP@50=0.0053 | SliceAP=0.0990 | EMA_SliceAP=0.2220
  Epoch   7/35 | LR=5.18e-04 | TLoss=30.8173 | VLoss=43.3634 | AP@50=0.0034 | SliceAP=0.4059 | EMA_SliceAP=0.2772
  Epoch   8/35 | LR=5.93e-04 | TLoss=30.9153 | VLoss=38.2023 | AP@50=0.0255 | SliceAP=0.3069 | EMA_SliceAP=0.2861
  Epoch   9/35 | LR=6.68e-04 | TLoss=29.7290 | VLoss=40.4788 | AP@50=0.0168 | SliceAP=0.2871 | EMA_SliceAP=0.2864
  Epoch  10/35 | LR=6.66e-04 | TLoss=25.1360 | VLoss=41.8992 | AP@50=0.1243 | SliceAP=0.4752 | EMA_SliceAP=0.3431
  Epoch  11/35 | LR=6.59e-04 | TLoss=22.3316 | VLoss=37.5229 | AP@50=0.1862 | SliceAP=0.5743 | EMA_SliceAP=0.4124
  Epoch  12/35 | LR=6.48e-04 | TLoss=21.7193 | VLoss=39.1133 | AP@50=0.1365 | SliceAP=0.5545 | EMA_SliceAP=0.4550
  Epoch  13/35 | LR=6.33e-04 | TLoss=19.4449 | VLoss=38.2393 | AP@50=0.2210 | SliceAP=0.6832 | EMA_SliceAP=0.5235
  Epoch  14/35 | LR=6.14e-04 | TLoss=19.6728 | VLoss=39.3693 | AP@50=0.2663 | SliceAP=0.6337 | EMA_SliceAP=0.5565
  Epoch  15/35 | LR=5.91e-04 | TLoss=16.7723 | VLoss=36.0591 | AP@50=0.2479 | SliceAP=0.5941 | EMA_SliceAP=0.5678
  Epoch  16/35 | LR=5.65e-04 | TLoss=15.1340 | VLoss=38.2173 | AP@50=0.2821 | SliceAP=0.6832 | EMA_SliceAP=0.6024
  Epoch  17/35 | LR=5.35e-04 | TLoss=14.3117 | VLoss=37.4722 | AP@50=0.2399 | SliceAP=0.6238 | EMA_SliceAP=0.6088
  Epoch  18/35 | LR=5.04e-04 | TLoss=14.1888 | VLoss=39.2843 | AP@50=0.2724 | SliceAP=0.6634 | EMA_SliceAP=0.6252
  Epoch  19/35 | LR=4.69e-04 | TLoss=13.6435 | VLoss=36.8107 | AP@50=0.2363 | SliceAP=0.7129 | EMA_SliceAP=0.6515
  Epoch  20/35 | LR=4.33e-04 | TLoss=14.0494 | VLoss=37.1295 | AP@50=0.3183 | SliceAP=0.6931 | EMA_SliceAP=0.6640
  Epoch  21/35 | LR=3.96e-04 | TLoss=12.2064 | VLoss=35.8861 | AP@50=0.2561 | SliceAP=0.5545 | EMA_SliceAP=0.6311
  Epoch  22/35 | LR=3.58e-04 | TLoss=11.1023 | VLoss=29.3850 | AP@50=0.3952 | SliceAP=0.7525 | EMA_SliceAP=0.6675
  Epoch  23/35 | LR=3.20e-04 | TLoss=11.6219 | VLoss=35.8900 | AP@50=0.3230 | SliceAP=0.6535 | EMA_SliceAP=0.6633
  Epoch  24/35 | LR=2.82e-04 | TLoss=10.8012 | VLoss=33.9407 | AP@50=0.3249 | SliceAP=0.7129 | EMA_SliceAP=0.6782
  Epoch  25/35 | LR=2.45e-04 | TLoss=9.8983 | VLoss=35.3349 | AP@50=0.3344 | SliceAP=0.6436 | EMA_SliceAP=0.6678
  Epoch  26/35 | LR=2.09e-04 | TLoss=10.7570 | VLoss=34.5202 | AP@50=0.3559 | SliceAP=0.6931 | EMA_SliceAP=0.6754
  Epoch  27/35 | LR=1.75e-04 | TLoss=9.8826 | VLoss=38.5701 | AP@50=0.3334 | SliceAP=0.6634 | EMA_SliceAP=0.6718
  Epoch  28/35 | LR=1.43e-04 | TLoss=10.4760 | VLoss=36.8887 | AP@50=0.3143 | SliceAP=0.6535 | EMA_SliceAP=0.6663
  Epoch  29/35 | LR=1.13e-04 | TLoss=9.8167 | VLoss=34.8881 | AP@50=0.3937 | SliceAP=0.6535 | EMA_SliceAP=0.6624
  Epoch  30/35 | LR=8.70e-05 | TLoss=9.6674 | VLoss=34.8422 | AP@50=0.3648 | SliceAP=0.7030 | EMA_SliceAP=0.6746
  Epoch  31/35 | LR=6.41e-05 | TLoss=8.8486 | VLoss=35.6678 | AP@50=0.3693 | SliceAP=0.6832 | EMA_SliceAP=0.6772
  Epoch  32/35 | LR=4.50e-05 | TLoss=9.5659 | VLoss=34.9201 | AP@50=0.4001 | SliceAP=0.6931 | EMA_SliceAP=0.6819
  [Early stop at epoch 32, best EMA SliceAP=0.6782]
  [Checkpoints] top-3 saved → /fs01/home/dhaneshr/code/obj-det-test/checkpoints/hparam_v5/trial_0346/swa_manifest.yaml

[Trial 378] lr=1.16e-03  wd=1.73e-04  stride=10  bs=16  mosaic=0.37  ls=0.095  clahe=True  ssr=True  rbc=False  median=True(limit=5)  speckle=False(medium)  cp_p=0.23
ScanAwareSampler: 13 scans, 2306 total slices, stride=10 → ~236 slices/epoch (10% of training set per epoch)
  Epoch   1/35 | LR=1.16e-04 | TLoss=371.1407 | VLoss=359.3603 | AP@50=0.0002 | SliceAP=0.1881 | EMA_SliceAP=0.1881
  Epoch   2/35 | LR=2.47e-04 | TLoss=172.0351 | VLoss=130.8687 | AP@50=0.0004 | SliceAP=0.5446 | EMA_SliceAP=0.2950
  Epoch   3/35 | LR=3.77e-04 | TLoss=57.4730 | VLoss=52.9127 | AP@50=0.0013 | SliceAP=0.3762 | EMA_SliceAP=0.3194
  Epoch   4/35 | LR=5.08e-04 | TLoss=38.7587 | VLoss=44.0097 | AP@50=0.0029 | SliceAP=0.2475 | EMA_SliceAP=0.2978
  Epoch   5/35 | LR=6.38e-04 | TLoss=37.8542 | VLoss=41.9119 | AP@50=0.0049 | SliceAP=0.1089 | EMA_SliceAP=0.2412
  Epoch   6/35 | LR=7.69e-04 | TLoss=31.0789 | VLoss=42.5882 | AP@50=0.0066 | SliceAP=0.3069 | EMA_SliceAP=0.2609
  Epoch   7/35 | LR=8.99e-04 | TLoss=31.3682 | VLoss=42.1333 | AP@50=0.0000 | SliceAP=0.0000 | EMA_SliceAP=0.1826
  Epoch   8/35 | LR=1.03e-03 | TLoss=30.6644 | VLoss=36.8061 | AP@50=0.1387 | SliceAP=0.6634 | EMA_SliceAP=0.3268
  Epoch   9/35 | LR=1.16e-03 | TLoss=27.0820 | VLoss=36.0399 | AP@50=0.0335 | SliceAP=0.3267 | EMA_SliceAP=0.3268
  Epoch  10/35 | LR=1.16e-03 | TLoss=24.1222 | VLoss=39.9464 | AP@50=0.1785 | SliceAP=0.4554 | EMA_SliceAP=0.3654
  [Pruned at epoch 10]

[Trial 388] lr=6.01e-04  wd=2.98e-03  stride=10  bs=16  mosaic=0.34  ls=0.099  clahe=True  ssr=True  rbc=False  median=True(limit=5)  speckle=False(light)  cp_p=0.58
ScanAwareSampler: 13 scans, 2306 total slices, stride=10 → ~236 slices/epoch (10% of training set per epoch)
  Epoch   1/35 | LR=6.01e-05 | TLoss=354.6095 | VLoss=449.1040 | AP@50=0.0001 | SliceAP=0.1782 | EMA_SliceAP=0.1782
  Epoch   2/35 | LR=1.28e-04 | TLoss=226.2583 | VLoss=241.0863 | AP@50=0.0003 | SliceAP=0.5545 | EMA_SliceAP=0.2911
  Epoch   3/35 | LR=1.95e-04 | TLoss=111.9182 | VLoss=116.7307 | AP@50=0.0005 | SliceAP=0.3861 | EMA_SliceAP=0.3196
  Epoch   4/35 | LR=2.63e-04 | TLoss=54.6491 | VLoss=57.4712 | AP@50=0.0044 | SliceAP=0.4554 | EMA_SliceAP=0.3604
  Epoch   5/35 | LR=3.30e-04 | TLoss=37.0180 | VLoss=47.3162 | AP@50=0.0004 | SliceAP=0.1089 | EMA_SliceAP=0.2849
  Epoch   6/35 | LR=3.98e-04 | TLoss=33.3558 | VLoss=42.6716 | AP@50=0.0000 | SliceAP=0.0099 | EMA_SliceAP=0.2024
  Epoch   7/35 | LR=4.65e-04 | TLoss=33.9939 | VLoss=38.5454 | AP@50=0.0000 | SliceAP=0.0099 | EMA_SliceAP=0.1447
  Epoch   8/35 | LR=5.33e-04 | TLoss=28.2636 | VLoss=44.2815 | AP@50=0.1551 | SliceAP=0.4950 | EMA_SliceAP=0.2498
  Epoch   9/35 | LR=6.01e-04 | TLoss=28.0428 | VLoss=44.9707 | AP@50=0.0175 | SliceAP=0.2475 | EMA_SliceAP=0.2491
  Epoch  10/35 | LR=5.99e-04 | TLoss=25.0260 | VLoss=38.1803 | AP@50=0.1132 | SliceAP=0.5248 | EMA_SliceAP=0.3318
  [Pruned at epoch 10]

[Trial 396] lr=6.18e-04  wd=3.37e-04  stride=10  bs=16  mosaic=0.52  ls=0.094  clahe=True  ssr=True  rbc=True  median=True(limit=5)  speckle=False(medium)  cp_p=0.69
ScanAwareSampler: 13 scans, 2306 total slices, stride=10 → ~236 slices/epoch (10% of training set per epoch)
  Epoch   1/35 | LR=6.18e-05 | TLoss=294.3269 | VLoss=385.7772 | AP@50=0.0005 | SliceAP=0.1980 | EMA_SliceAP=0.1980
  Epoch   2/35 | LR=1.31e-04 | TLoss=189.1900 | VLoss=207.3411 | AP@50=0.0008 | SliceAP=0.6238 | EMA_SliceAP=0.3257
  Epoch   3/35 | LR=2.01e-04 | TLoss=79.0899 | VLoss=98.4159 | AP@50=0.0000 | SliceAP=0.3960 | EMA_SliceAP=0.3468
  Epoch   4/35 | LR=2.70e-04 | TLoss=45.7136 | VLoss=54.4551 | AP@50=0.0002 | SliceAP=0.3168 | EMA_SliceAP=0.3378
  Epoch   5/35 | LR=3.40e-04 | TLoss=33.1900 | VLoss=44.9989 | AP@50=0.0000 | SliceAP=0.0198 | EMA_SliceAP=0.2424
  Epoch   6/35 | LR=4.09e-04 | TLoss=29.7275 | VLoss=43.1522 | AP@50=0.0051 | SliceAP=0.2871 | EMA_SliceAP=0.2558
  Epoch   7/35 | LR=4.79e-04 | TLoss=29.8329 | VLoss=43.5728 | AP@50=0.0149 | SliceAP=0.4653 | EMA_SliceAP=0.3187
  Epoch   8/35 | LR=5.48e-04 | TLoss=25.9775 | VLoss=40.8400 | AP@50=0.0619 | SliceAP=0.5842 | EMA_SliceAP=0.3983
  Epoch   9/35 | LR=6.18e-04 | TLoss=25.5097 | VLoss=35.0670 | AP@50=0.1235 | SliceAP=0.4554 | EMA_SliceAP=0.4155
  Epoch  10/35 | LR=6.16e-04 | TLoss=23.8603 | VLoss=41.7315 | AP@50=0.1933 | SliceAP=0.5941 | EMA_SliceAP=0.4690
  Epoch  11/35 | LR=6.10e-04 | TLoss=22.3999 | VLoss=36.4676 | AP@50=0.1091 | SliceAP=0.6931 | EMA_SliceAP=0.5363
  Epoch  12/35 | LR=5.99e-04 | TLoss=22.7157 | VLoss=38.9749 | AP@50=0.1033 | SliceAP=0.6040 | EMA_SliceAP=0.5566
  Epoch  13/35 | LR=5.85e-04 | TLoss=20.4550 | VLoss=36.0361 | AP@50=0.2302 | SliceAP=0.5743 | EMA_SliceAP=0.5619
  Epoch  14/35 | LR=5.68e-04 | TLoss=18.4683 | VLoss=42.9105 | AP@50=0.1884 | SliceAP=0.6238 | EMA_SliceAP=0.5804
  Epoch  15/35 | LR=5.47e-04 | TLoss=16.3770 | VLoss=36.9820 | AP@50=0.3328 | SliceAP=0.7030 | EMA_SliceAP=0.6172
  Epoch  16/35 | LR=5.22e-04 | TLoss=16.2623 | VLoss=35.8907 | AP@50=0.3259 | SliceAP=0.6931 | EMA_SliceAP=0.6400
  Epoch  17/35 | LR=4.95e-04 | TLoss=15.0098 | VLoss=37.7281 | AP@50=0.3688 | SliceAP=0.7129 | EMA_SliceAP=0.6618
  Epoch  18/35 | LR=4.66e-04 | TLoss=13.0422 | VLoss=39.9500 | AP@50=0.3565 | SliceAP=0.6337 | EMA_SliceAP=0.6534
  Epoch  19/35 | LR=4.34e-04 | TLoss=13.1751 | VLoss=33.3753 | AP@50=0.3443 | SliceAP=0.6733 | EMA_SliceAP=0.6593
  Epoch  20/35 | LR=4.01e-04 | TLoss=12.5324 | VLoss=36.4844 | AP@50=0.3161 | SliceAP=0.7030 | EMA_SliceAP=0.6724
  Epoch  21/35 | LR=3.67e-04 | TLoss=12.3378 | VLoss=37.7164 | AP@50=0.3745 | SliceAP=0.6535 | EMA_SliceAP=0.6667
  Epoch  22/35 | LR=3.32e-04 | TLoss=11.8891 | VLoss=35.0215 | AP@50=0.4504 | SliceAP=0.7228 | EMA_SliceAP=0.6836
  Epoch  23/35 | LR=2.96e-04 | TLoss=11.8633 | VLoss=32.8647 | AP@50=0.5166 | SliceAP=0.7426 | EMA_SliceAP=0.7013
  Epoch  24/35 | LR=2.61e-04 | TLoss=11.3240 | VLoss=33.3497 | AP@50=0.4791 | SliceAP=0.7129 | EMA_SliceAP=0.7047
  Epoch  25/35 | LR=2.27e-04 | TLoss=10.5089 | VLoss=36.5024 | AP@50=0.4571 | SliceAP=0.7030 | EMA_SliceAP=0.7042
  Epoch  26/35 | LR=1.94e-04 | TLoss=10.2189 | VLoss=36.3675 | AP@50=0.4559 | SliceAP=0.6832 | EMA_SliceAP=0.6979
  Epoch  27/35 | LR=1.62e-04 | TLoss=9.8583 | VLoss=36.8434 | AP@50=0.4127 | SliceAP=0.6832 | EMA_SliceAP=0.6935
  Epoch  28/35 | LR=1.32e-04 | TLoss=10.3322 | VLoss=34.6411 | AP@50=0.4503 | SliceAP=0.6832 | EMA_SliceAP=0.6904
  Epoch  29/35 | LR=1.05e-04 | TLoss=10.0475 | VLoss=34.9090 | AP@50=0.4444 | SliceAP=0.6832 | EMA_SliceAP=0.6882
  Epoch  30/35 | LR=8.11e-05 | TLoss=9.8046 | VLoss=35.0806 | AP@50=0.4786 | SliceAP=0.7030 | EMA_SliceAP=0.6926
  Epoch  31/35 | LR=6.00e-05 | TLoss=9.3027 | VLoss=34.4013 | AP@50=0.4062 | SliceAP=0.6832 | EMA_SliceAP=0.6898
  [Early stop at epoch 31, best EMA SliceAP=0.7013]
  [Checkpoints] top-3 saved → /fs01/home/dhaneshr/code/obj-det-test/checkpoints/hparam_v5/trial_0396/swa_manifest.yaml

[Trial 426] lr=1.24e-03  wd=3.20e-04  stride=10  bs=16  mosaic=0.55  ls=0.112  clahe=True  ssr=True  rbc=True  median=True(limit=5)  speckle=False(light)  cp_p=0.63
ScanAwareSampler: 13 scans, 2306 total slices, stride=10 → ~236 slices/epoch (10% of training set per epoch)
  Epoch   1/35 | LR=1.24e-04 | TLoss=294.9999 | VLoss=342.9854 | AP@50=0.0004 | SliceAP=0.1881 | EMA_SliceAP=0.1881
  Epoch   2/35 | LR=2.64e-04 | TLoss=123.4790 | VLoss=121.0057 | AP@50=0.0005 | SliceAP=0.4752 | EMA_SliceAP=0.2743
  Epoch   3/35 | LR=4.04e-04 | TLoss=46.3811 | VLoss=52.2234 | AP@50=0.0004 | SliceAP=0.2475 | EMA_SliceAP=0.2662
  Epoch   4/35 | LR=5.44e-04 | TLoss=32.7278 | VLoss=45.9769 | AP@50=0.0002 | SliceAP=0.1188 | EMA_SliceAP=0.2220
  Epoch   5/35 | LR=6.84e-04 | TLoss=30.7223 | VLoss=48.1510 | AP@50=0.0054 | SliceAP=0.1881 | EMA_SliceAP=0.2118
  Epoch   6/35 | LR=8.24e-04 | TLoss=29.3022 | VLoss=41.5513 | AP@50=0.0292 | SliceAP=0.3267 | EMA_SliceAP=0.2463
  Epoch   7/35 | LR=9.64e-04 | TLoss=27.8445 | VLoss=43.7921 | AP@50=0.0239 | SliceAP=0.3069 | EMA_SliceAP=0.2645
  Epoch   8/35 | LR=1.10e-03 | TLoss=27.3321 | VLoss=42.2973 | AP@50=0.0009 | SliceAP=0.1089 | EMA_SliceAP=0.2178
  Epoch   9/35 | LR=1.24e-03 | TLoss=25.2339 | VLoss=43.0150 | AP@50=0.1458 | SliceAP=0.4554 | EMA_SliceAP=0.2891
  Epoch  10/35 | LR=1.24e-03 | TLoss=21.4492 | VLoss=39.5056 | AP@50=0.1675 | SliceAP=0.5842 | EMA_SliceAP=0.3776
  Epoch  11/35 | LR=1.23e-03 | TLoss=20.4077 | VLoss=40.3958 | AP@50=0.2733 | SliceAP=0.5842 | EMA_SliceAP=0.4396
  Epoch  12/35 | LR=1.21e-03 | TLoss=18.7619 | VLoss=37.9526 | AP@50=0.1822 | SliceAP=0.7129 | EMA_SliceAP=0.5216
  Epoch  13/35 | LR=1.18e-03 | TLoss=17.6296 | VLoss=41.7689 | AP@50=0.0893 | SliceAP=0.4653 | EMA_SliceAP=0.5047
  Epoch  14/35 | LR=1.14e-03 | TLoss=17.2874 | VLoss=38.4978 | AP@50=0.1853 | SliceAP=0.6634 | EMA_SliceAP=0.5523
  Epoch  15/35 | LR=1.10e-03 | TLoss=15.6289 | VLoss=37.7526 | AP@50=0.2768 | SliceAP=0.6436 | EMA_SliceAP=0.5797
  Epoch  16/35 | LR=1.05e-03 | TLoss=14.3308 | VLoss=39.3696 | AP@50=0.3999 | SliceAP=0.6733 | EMA_SliceAP=0.6078
  Epoch  17/35 | LR=9.95e-04 | TLoss=13.6152 | VLoss=38.7567 | AP@50=0.2648 | SliceAP=0.6634 | EMA_SliceAP=0.6244
  Epoch  18/35 | LR=9.35e-04 | TLoss=13.2585 | VLoss=38.7385 | AP@50=0.2845 | SliceAP=0.6337 | EMA_SliceAP=0.6272
  Epoch  19/35 | LR=8.71e-04 | TLoss=13.1232 | VLoss=37.6653 | AP@50=0.3701 | SliceAP=0.6832 | EMA_SliceAP=0.6440
  Epoch  20/35 | LR=8.04e-04 | TLoss=12.0693 | VLoss=37.5090 | AP@50=0.3500 | SliceAP=0.6832 | EMA_SliceAP=0.6557
  Epoch  21/35 | LR=7.34e-04 | TLoss=10.8071 | VLoss=41.3952 | AP@50=0.2009 | SliceAP=0.6436 | EMA_SliceAP=0.6521
  Epoch  22/35 | LR=6.63e-04 | TLoss=11.2587 | VLoss=37.7895 | AP@50=0.3335 | SliceAP=0.6832 | EMA_SliceAP=0.6614
  Epoch  23/35 | LR=5.91e-04 | TLoss=9.9768 | VLoss=39.1992 | AP@50=0.3798 | SliceAP=0.6436 | EMA_SliceAP=0.6561
  Epoch  24/35 | LR=5.20e-04 | TLoss=10.2672 | VLoss=39.9086 | AP@50=0.3017 | SliceAP=0.6238 | EMA_SliceAP=0.6464
  Epoch  25/35 | LR=4.50e-04 | TLoss=9.8406 | VLoss=38.1294 | AP@50=0.3724 | SliceAP=0.6832 | EMA_SliceAP=0.6574
  Epoch  26/35 | LR=3.83e-04 | TLoss=10.9637 | VLoss=36.0849 | AP@50=0.4738 | SliceAP=0.6535 | EMA_SliceAP=0.6562
  Epoch  27/35 | LR=3.18e-04 | TLoss=9.2931 | VLoss=36.2238 | AP@50=0.4474 | SliceAP=0.6832 | EMA_SliceAP=0.6643
  Epoch  28/35 | LR=2.59e-04 | TLoss=9.7598 | VLoss=38.4618 | AP@50=0.4704 | SliceAP=0.7030 | EMA_SliceAP=0.6759
  Epoch  29/35 | LR=2.04e-04 | TLoss=9.4303 | VLoss=40.1535 | AP@50=0.3520 | SliceAP=0.6337 | EMA_SliceAP=0.6632
  Epoch  30/35 | LR=1.54e-04 | TLoss=9.2150 | VLoss=39.7446 | AP@50=0.4414 | SliceAP=0.6832 | EMA_SliceAP=0.6692
  Epoch  31/35 | LR=1.11e-04 | TLoss=8.6951 | VLoss=37.8383 | AP@50=0.4176 | SliceAP=0.6535 | EMA_SliceAP=0.6645
  Epoch  32/35 | LR=7.56e-05 | TLoss=8.8059 | VLoss=37.9188 | AP@50=0.4635 | SliceAP=0.6832 | EMA_SliceAP=0.6701
  Epoch  33/35 | LR=4.72e-05 | TLoss=8.8061 | VLoss=37.7390 | AP@50=0.4668 | SliceAP=0.6832 | EMA_SliceAP=0.6740
  Epoch  34/35 | LR=2.66e-05 | TLoss=8.2337 | VLoss=37.9729 | AP@50=0.4565 | SliceAP=0.6634 | EMA_SliceAP=0.6708
  Epoch  35/35 | LR=1.42e-05 | TLoss=8.4313 | VLoss=38.1356 | AP@50=0.4588 | SliceAP=0.6634 | EMA_SliceAP=0.6686
  [Checkpoints] top-3 saved → /fs01/home/dhaneshr/code/obj-det-test/checkpoints/hparam_v5/trial_0426/swa_manifest.yaml

[Trial 458] lr=7.03e-04  wd=3.08e-03  stride=10  bs=16  mosaic=0.52  ls=0.078  clahe=False  ssr=True  rbc=False  median=True(limit=5)  speckle=False(heavy)  cp_p=0.48
ScanAwareSampler: 13 scans, 2306 total slices, stride=10 → ~236 slices/epoch (10% of training set per epoch)
  Epoch   1/35 | LR=7.03e-05 | TLoss=362.8140 | VLoss=474.1785 | AP@50=0.0018 | SliceAP=0.1980 | EMA_SliceAP=0.1980
  Epoch   2/35 | LR=1.49e-04 | TLoss=216.6558 | VLoss=252.3252 | AP@50=0.0004 | SliceAP=0.7327 | EMA_SliceAP=0.3584
  Epoch   3/35 | LR=2.28e-04 | TLoss=89.2805 | VLoss=99.1552 | AP@50=0.0002 | SliceAP=0.3861 | EMA_SliceAP=0.3667
  Epoch   4/35 | LR=3.08e-04 | TLoss=43.6940 | VLoss=46.5815 | AP@50=0.0007 | SliceAP=0.1782 | EMA_SliceAP=0.3102
  Epoch   5/35 | LR=3.87e-04 | TLoss=33.7039 | VLoss=42.7276 | AP@50=0.0005 | SliceAP=0.0792 | EMA_SliceAP=0.2409
  Epoch   6/35 | LR=4.66e-04 | TLoss=29.0672 | VLoss=40.0062 | AP@50=0.0534 | SliceAP=0.3366 | EMA_SliceAP=0.2696
  Epoch   7/35 | LR=5.45e-04 | TLoss=28.4127 | VLoss=35.7760 | AP@50=0.0923 | SliceAP=0.5743 | EMA_SliceAP=0.3610
  Epoch   8/35 | LR=6.24e-04 | TLoss=24.5472 | VLoss=42.9000 | AP@50=0.2005 | SliceAP=0.5743 | EMA_SliceAP=0.4250
  Epoch   9/35 | LR=7.03e-04 | TLoss=22.0851 | VLoss=38.8035 | AP@50=0.2179 | SliceAP=0.6337 | EMA_SliceAP=0.4876
  Epoch  10/35 | LR=7.01e-04 | TLoss=19.7451 | VLoss=35.2476 | AP@50=0.1006 | SliceAP=0.6436 | EMA_SliceAP=0.5344
  Epoch  11/35 | LR=6.94e-04 | TLoss=18.8815 | VLoss=34.5858 | AP@50=0.3160 | SliceAP=0.6337 | EMA_SliceAP=0.5642
  Epoch  12/35 | LR=6.82e-04 | TLoss=16.0610 | VLoss=36.1333 | AP@50=0.1569 | SliceAP=0.6238 | EMA_SliceAP=0.5820
  Epoch  13/35 | LR=6.66e-04 | TLoss=17.4617 | VLoss=36.4334 | AP@50=0.1451 | SliceAP=0.5842 | EMA_SliceAP=0.5827
  Epoch  14/35 | LR=6.46e-04 | TLoss=14.6701 | VLoss=34.5758 | AP@50=0.2324 | SliceAP=0.6436 | EMA_SliceAP=0.6009
  Epoch  15/35 | LR=6.22e-04 | TLoss=14.3473 | VLoss=36.2368 | AP@50=0.3093 | SliceAP=0.6832 | EMA_SliceAP=0.6256
  Epoch  16/35 | LR=5.94e-04 | TLoss=12.9184 | VLoss=37.4346 | AP@50=0.2463 | SliceAP=0.7129 | EMA_SliceAP=0.6518
  Epoch  17/35 | LR=5.63e-04 | TLoss=12.5808 | VLoss=37.3520 | AP@50=0.1919 | SliceAP=0.5941 | EMA_SliceAP=0.6345
  Epoch  18/35 | LR=5.30e-04 | TLoss=12.5776 | VLoss=36.0564 | AP@50=0.3042 | SliceAP=0.7525 | EMA_SliceAP=0.6699
  Epoch  19/35 | LR=4.94e-04 | TLoss=11.2704 | VLoss=36.5915 | AP@50=0.2510 | SliceAP=0.6040 | EMA_SliceAP=0.6501
  Epoch  20/35 | LR=4.56e-04 | TLoss=11.2434 | VLoss=35.3650 | AP@50=0.3873 | SliceAP=0.7228 | EMA_SliceAP=0.6719
  Epoch  21/35 | LR=4.17e-04 | TLoss=10.9184 | VLoss=37.6169 | AP@50=0.2766 | SliceAP=0.6337 | EMA_SliceAP=0.6604
  Epoch  22/35 | LR=3.77e-04 | TLoss=10.0322 | VLoss=35.9219 | AP@50=0.2991 | SliceAP=0.6733 | EMA_SliceAP=0.6643
  Epoch  23/35 | LR=3.36e-04 | TLoss=10.4912 | VLoss=34.9577 | AP@50=0.2898 | SliceAP=0.6040 | EMA_SliceAP=0.6462
  Epoch  24/35 | LR=2.96e-04 | TLoss=9.9186 | VLoss=37.1628 | AP@50=0.3062 | SliceAP=0.6634 | EMA_SliceAP=0.6513
  Epoch  25/35 | LR=2.57e-04 | TLoss=9.7100 | VLoss=35.9626 | AP@50=0.3125 | SliceAP=0.6931 | EMA_SliceAP=0.6639
  Epoch  26/35 | LR=2.19e-04 | TLoss=9.9048 | VLoss=34.8982 | AP@50=0.3566 | SliceAP=0.7030 | EMA_SliceAP=0.6756
  Epoch  27/35 | LR=1.83e-04 | TLoss=8.9019 | VLoss=35.5580 | AP@50=0.2629 | SliceAP=0.6733 | EMA_SliceAP=0.6749
  Epoch  28/35 | LR=1.50e-04 | TLoss=8.6105 | VLoss=35.6264 | AP@50=0.3557 | SliceAP=0.6832 | EMA_SliceAP=0.6774
  Epoch  29/35 | LR=1.19e-04 | TLoss=8.5405 | VLoss=36.0533 | AP@50=0.3631 | SliceAP=0.6832 | EMA_SliceAP=0.6791
  Epoch  30/35 | LR=9.11e-05 | TLoss=8.1392 | VLoss=36.8232 | AP@50=0.3198 | SliceAP=0.6634 | EMA_SliceAP=0.6744
  Epoch  31/35 | LR=6.70e-05 | TLoss=9.1121 | VLoss=36.4051 | AP@50=0.2867 | SliceAP=0.6931 | EMA_SliceAP=0.6800
  Epoch  32/35 | LR=4.69e-05 | TLoss=7.5638 | VLoss=35.7106 | AP@50=0.3672 | SliceAP=0.6832 | EMA_SliceAP=0.6809
  Epoch  33/35 | LR=3.09e-05 | TLoss=7.8340 | VLoss=35.6515 | AP@50=0.3724 | SliceAP=0.6931 | EMA_SliceAP=0.6846
  Epoch  34/35 | LR=1.93e-05 | TLoss=7.7271 | VLoss=35.7171 | AP@50=0.3736 | SliceAP=0.7030 | EMA_SliceAP=0.6901
  Epoch  35/35 | LR=1.23e-05 | TLoss=8.1645 | VLoss=35.8149 | AP@50=0.3708 | SliceAP=0.7030 | EMA_SliceAP=0.6940
  [Checkpoints] top-3 saved → /fs01/home/dhaneshr/code/obj-det-test/checkpoints/hparam_v5/trial_0458/swa_manifest.yaml

[Trial 484] lr=5.71e-04  wd=1.83e-02  stride=5  bs=16  mosaic=0.49  ls=0.064  clahe=False  ssr=True  rbc=False  median=True(limit=5)  speckle=False(medium)  cp_p=0.57
ScanAwareSampler: 13 scans, 2306 total slices, stride=5 → ~467 slices/epoch (20% of training set per epoch)
  Epoch   1/35 | LR=5.71e-05 | TLoss=283.3398 | VLoss=311.5910 | AP@50=0.0030 | SliceAP=0.2772 | EMA_SliceAP=0.2772
  Epoch   2/35 | LR=1.21e-04 | TLoss=114.3871 | VLoss=114.4639 | AP@50=0.0003 | SliceAP=0.4059 | EMA_SliceAP=0.3158
  Epoch   3/35 | LR=1.86e-04 | TLoss=44.3019 | VLoss=62.3653 | AP@50=0.0000 | SliceAP=0.0495 | EMA_SliceAP=0.2359
  Epoch   4/35 | LR=2.50e-04 | TLoss=32.8736 | VLoss=44.0603 | AP@50=0.0006 | SliceAP=0.2178 | EMA_SliceAP=0.2305
  Epoch   5/35 | LR=3.14e-04 | TLoss=28.3070 | VLoss=44.2117 | AP@50=0.0014 | SliceAP=0.1089 | EMA_SliceAP=0.1940
  Epoch   6/35 | LR=3.79e-04 | TLoss=26.6416 | VLoss=38.6291 | AP@50=0.0793 | SliceAP=0.5644 | EMA_SliceAP=0.3051
  Epoch   7/35 | LR=4.43e-04 | TLoss=23.3955 | VLoss=41.6769 | AP@50=0.0474 | SliceAP=0.4851 | EMA_SliceAP=0.3591
  Epoch   8/35 | LR=5.07e-04 | TLoss=21.3806 | VLoss=35.0933 | AP@50=0.1852 | SliceAP=0.6337 | EMA_SliceAP=0.4415
  Epoch   9/35 | LR=5.71e-04 | TLoss=18.7695 | VLoss=36.4215 | AP@50=0.1112 | SliceAP=0.4752 | EMA_SliceAP=0.4516
  Epoch  10/35 | LR=5.70e-04 | TLoss=16.5633 | VLoss=38.1560 | AP@50=0.2528 | SliceAP=0.6535 | EMA_SliceAP=0.5122
  Epoch  11/35 | LR=5.64e-04 | TLoss=16.2428 | VLoss=38.2054 | AP@50=0.2844 | SliceAP=0.5842 | EMA_SliceAP=0.5338
  Epoch  12/35 | LR=5.55e-04 | TLoss=13.7340 | VLoss=34.9906 | AP@50=0.2173 | SliceAP=0.6535 | EMA_SliceAP=0.5697
  Epoch  13/35 | LR=5.42e-04 | TLoss=12.7672 | VLoss=33.4563 | AP@50=0.3875 | SliceAP=0.6436 | EMA_SliceAP=0.5918
  Epoch  14/35 | LR=5.25e-04 | TLoss=10.9701 | VLoss=38.1724 | AP@50=0.2828 | SliceAP=0.6337 | EMA_SliceAP=0.6044
  Epoch  15/35 | LR=5.06e-04 | TLoss=11.4587 | VLoss=36.4110 | AP@50=0.3757 | SliceAP=0.6535 | EMA_SliceAP=0.6191
  Epoch  16/35 | LR=4.83e-04 | TLoss=10.0588 | VLoss=31.5284 | AP@50=0.3786 | SliceAP=0.6832 | EMA_SliceAP=0.6383
  [CheckpointManager] WARNING: failed to save epoch 16 checkpoint ([enforce fail at inline_container.cc:668] . unexpected pos 29038656 vs 29038552); skipping — trial continues.
  Epoch  17/35 | LR=4.58e-04 | TLoss=9.5921 | VLoss=38.6789 | AP@50=0.3138 | SliceAP=0.6337 | EMA_SliceAP=0.6369
  [CheckpointManager] WARNING: failed to save epoch 17 checkpoint ([enforce fail at inline_container.cc:668] . unexpected pos 37745984 vs 37745880); skipping — trial continues.
  Epoch  18/35 | LR=4.31e-04 | TLoss=9.6685 | VLoss=34.4032 | AP@50=0.3506 | SliceAP=0.6634 | EMA_SliceAP=0.6449
  [CheckpointManager] WARNING: failed to save epoch 18 checkpoint ([enforce fail at inline_container.cc:668] . unexpected pos 37745984 vs 37745880); skipping — trial continues.
  Epoch  19/35 | LR=4.02e-04 | TLoss=8.6267 | VLoss=38.9306 | AP@50=0.4253 | SliceAP=0.6832 | EMA_SliceAP=0.6564
  [CheckpointManager] WARNING: failed to save epoch 19 checkpoint ([enforce fail at inline_container.cc:668] . unexpected pos 37745984 vs 37745880); skipping — trial continues.
  Epoch  20/35 | LR=3.71e-04 | TLoss=8.7926 | VLoss=37.1643 | AP@50=0.3834 | SliceAP=0.6337 | EMA_SliceAP=0.6495
  [CheckpointManager] WARNING: failed to save epoch 20 checkpoint ([enforce fail at inline_container.cc:668] . unexpected pos 37745984 vs 37745880); skipping — trial continues.
  Epoch  21/35 | LR=3.39e-04 | TLoss=8.5769 | VLoss=35.9979 | AP@50=0.4010 | SliceAP=0.6436 | EMA_SliceAP=0.6478
  Epoch  22/35 | LR=3.07e-04 | TLoss=7.9488 | VLoss=37.0650 | AP@50=0.4069 | SliceAP=0.6535 | EMA_SliceAP=0.6495
  [CheckpointManager] WARNING: failed to save epoch 22 checkpoint ([enforce fail at inline_container.cc:668] . unexpected pos 3772736 vs 3772632); skipping — trial continues.
  Epoch  23/35 | LR=2.74e-04 | TLoss=7.6597 | VLoss=35.0086 | AP@50=0.3894 | SliceAP=0.6436 | EMA_SliceAP=0.6477
  [CheckpointManager] WARNING: failed to save epoch 23 checkpoint ([enforce fail at inline_container.cc:668] . unexpected pos 3772736 vs 3772632); skipping — trial continues.
  Epoch  24/35 | LR=2.42e-04 | TLoss=7.8844 | VLoss=36.5117 | AP@50=0.4243 | SliceAP=0.6535 | EMA_SliceAP=0.6494
  [CheckpointManager] WARNING: failed to save epoch 24 checkpoint ([enforce fail at inline_container.cc:668] . unexpected pos 96768 vs 96664); skipping — trial continues.
  Epoch  25/35 | LR=2.10e-04 | TLoss=7.9937 | VLoss=36.1625 | AP@50=0.4195 | SliceAP=0.6436 | EMA_SliceAP=0.6477
  [CheckpointManager] WARNING: failed to save epoch 25 checkpoint ([enforce fail at inline_container.cc:668] . unexpected pos 96768 vs 96664); skipping — trial continues.
  Epoch  26/35 | LR=1.80e-04 | TLoss=7.0587 | VLoss=36.4059 | AP@50=0.4067 | SliceAP=0.6634 | EMA_SliceAP=0.6524
  [CheckpointManager] WARNING: failed to save epoch 26 checkpoint ([enforce fail at inline_container.cc:668] . unexpected pos 96768 vs 96664); skipping — trial continues.
  Epoch  27/35 | LR=1.50e-04 | TLoss=6.9152 | VLoss=36.6431 | AP@50=0.3864 | SliceAP=0.6337 | EMA_SliceAP=0.6468
  [CheckpointManager] WARNING: failed to save epoch 27 checkpoint ([enforce fail at inline_container.cc:668] . unexpected pos 96768 vs 96664); skipping — trial continues.
  [Early stop at epoch 27, best EMA SliceAP=0.6564]
  [Checkpoints] top-3 saved → /fs01/home/dhaneshr/code/obj-det-test/checkpoints/hparam_v5/trial_0484/swa_manifest.yaml

[Trial 499] lr=5.40e-04  wd=9.64e-04  stride=5  bs=8  mosaic=0.47  ls=0.065  clahe=False  ssr=True  rbc=False  median=True(limit=7)  speckle=True(light)  cp_p=0.69
ScanAwareSampler: 13 scans, 2306 total slices, stride=5 → ~467 slices/epoch (20% of training set per epoch)
  Epoch   1/35 | LR=5.40e-05 | TLoss=232.3537 | VLoss=210.3044 | AP@50=0.0002 | SliceAP=0.4158 | EMA_SliceAP=0.4158
  Epoch   2/35 | LR=1.15e-04 | TLoss=63.4631 | VLoss=60.9146 | AP@50=0.0050 | SliceAP=0.4950 | EMA_SliceAP=0.4396
  Epoch   3/35 | LR=1.75e-04 | TLoss=33.5117 | VLoss=41.2201 | AP@50=0.0005 | SliceAP=0.1584 | EMA_SliceAP=0.3552
  Epoch   4/35 | LR=2.36e-04 | TLoss=29.7864 | VLoss=41.1524 | AP@50=0.0169 | SliceAP=0.5149 | EMA_SliceAP=0.4031
  Epoch   5/35 | LR=2.97e-04 | TLoss=26.0242 | VLoss=43.3613 | AP@50=0.1007 | SliceAP=0.4950 | EMA_SliceAP=0.4307
  Epoch   6/35 | LR=3.58e-04 | TLoss=23.6076 | VLoss=37.3398 | AP@50=0.1918 | SliceAP=0.6337 | EMA_SliceAP=0.4916
  Epoch   7/35 | LR=4.18e-04 | TLoss=19.6321 | VLoss=39.1042 | AP@50=0.2141 | SliceAP=0.7129 | EMA_SliceAP=0.5580
  Epoch   8/35 | LR=4.79e-04 | TLoss=16.2910 | VLoss=37.8214 | AP@50=0.2224 | SliceAP=0.6733 | EMA_SliceAP=0.5926
  Epoch   9/35 | LR=5.40e-04 | TLoss=15.4283 | VLoss=35.8787 | AP@50=0.4404 | SliceAP=0.6832 | EMA_SliceAP=0.6197
  [CheckpointManager] WARNING: failed to save epoch 9 checkpoint ([enforce fail at inline_container.cc:668] . unexpected pos 32015680 vs 32015576); skipping — trial continues.
  Epoch  10/35 | LR=5.38e-04 | TLoss=13.6275 | VLoss=34.2310 | AP@50=0.4764 | SliceAP=0.7327 | EMA_SliceAP=0.6536
  [CheckpointManager] WARNING: failed to save epoch 10 checkpoint ([enforce fail at inline_container.cc:668] . unexpected pos 32015680 vs 32015576); skipping — trial continues.
  Epoch  11/35 | LR=5.33e-04 | TLoss=12.6037 | VLoss=38.0683 | AP@50=0.3695 | SliceAP=0.7327 | EMA_SliceAP=0.6773
  [CheckpointManager] WARNING: failed to save epoch 11 checkpoint ([enforce fail at inline_container.cc:668] . unexpected pos 37745984 vs 37745880); skipping — trial continues.
  Epoch  12/35 | LR=5.24e-04 | TLoss=11.6568 | VLoss=40.2934 | AP@50=0.3291 | SliceAP=0.6139 | EMA_SliceAP=0.6583
  [CheckpointManager] WARNING: failed to save epoch 12 checkpoint ([enforce fail at inline_container.cc:668] . unexpected pos 41806400 vs 41806304); skipping — trial continues.
  Epoch  13/35 | LR=5.12e-04 | TLoss=11.1962 | VLoss=33.1154 | AP@50=0.4640 | SliceAP=0.6931 | EMA_SliceAP=0.6687
  [CheckpointManager] WARNING: failed to save epoch 13 checkpoint ([enforce fail at inline_container.cc:668] . unexpected pos 7916096 vs 7915992); skipping — trial continues.
  Epoch  14/35 | LR=4.96e-04 | TLoss=11.3192 | VLoss=37.9952 | AP@50=0.4245 | SliceAP=0.6337 | EMA_SliceAP=0.6582
  [CheckpointManager] WARNING: failed to save epoch 14 checkpoint ([enforce fail at inline_container.cc:668] . unexpected pos 7916096 vs 7915992); skipping — trial continues.
  Epoch  15/35 | LR=4.78e-04 | TLoss=10.1727 | VLoss=37.5473 | AP@50=0.4325 | SliceAP=0.6733 | EMA_SliceAP=0.6627
  [CheckpointManager] WARNING: failed to save epoch 15 checkpoint ([enforce fail at inline_container.cc:668] . unexpected pos 7916096 vs 7915992); skipping — trial continues.
  Epoch  16/35 | LR=4.57e-04 | TLoss=10.6113 | VLoss=33.3372 | AP@50=0.3110 | SliceAP=0.7327 | EMA_SliceAP=0.6837
  [CheckpointManager] WARNING: failed to save epoch 16 checkpoint ([enforce fail at inline_container.cc:668] . unexpected pos 20942656 vs 20942552); skipping — trial continues.
  Epoch  17/35 | LR=4.33e-04 | TLoss=9.5634 | VLoss=40.2714 | AP@50=0.4233 | SliceAP=0.6436 | EMA_SliceAP=0.6717
  [CheckpointManager] WARNING: failed to save epoch 17 checkpoint ([enforce fail at inline_container.cc:668] . unexpected pos 20942656 vs 20942552); skipping — trial continues.
  Epoch  18/35 | LR=4.07e-04 | TLoss=9.2039 | VLoss=40.1081 | AP@50=0.3374 | SliceAP=0.5941 | EMA_SliceAP=0.6484
  [CheckpointManager] WARNING: failed to save epoch 18 checkpoint ([enforce fail at inline_container.cc:668] . unexpected pos 20942656 vs 20942552); skipping — trial continues.
  Epoch  19/35 | LR=3.80e-04 | TLoss=8.6070 | VLoss=38.2805 | AP@50=0.4800 | SliceAP=0.7030 | EMA_SliceAP=0.6648
  [CheckpointManager] WARNING: failed to save epoch 19 checkpoint ([enforce fail at inline_container.cc:668] . unexpected pos 20942656 vs 20942552); skipping — trial continues.
  Epoch  20/35 | LR=3.51e-04 | TLoss=8.0703 | VLoss=36.2206 | AP@50=0.3750 | SliceAP=0.6040 | EMA_SliceAP=0.6465
  [CheckpointManager] WARNING: failed to save epoch 20 checkpoint ([enforce fail at inline_container.cc:668] . unexpected pos 20942656 vs 20942552); skipping — trial continues.
  Epoch  21/35 | LR=3.21e-04 | TLoss=8.6300 | VLoss=38.6616 | AP@50=0.5419 | SliceAP=0.7129 | EMA_SliceAP=0.6664
  [CheckpointManager] WARNING: failed to save epoch 21 checkpoint ([enforce fail at inline_container.cc:668] . unexpected pos 20942656 vs 20942552); skipping — trial continues.
  Epoch  22/35 | LR=2.90e-04 | TLoss=8.0660 | VLoss=36.5306 | AP@50=0.4559 | SliceAP=0.6733 | EMA_SliceAP=0.6685
  [CheckpointManager] WARNING: failed to save epoch 22 checkpoint ([enforce fail at inline_container.cc:668] . unexpected pos 20942656 vs 20942552); skipping — trial continues.
  Epoch  23/35 | LR=2.60e-04 | TLoss=7.8136 | VLoss=35.5076 | AP@50=0.5137 | SliceAP=0.7129 | EMA_SliceAP=0.6818
  [CheckpointManager] WARNING: failed to save epoch 23 checkpoint ([enforce fail at inline_container.cc:668] . unexpected pos 20942656 vs 20942552); skipping — trial continues.
  Epoch  24/35 | LR=2.29e-04 | TLoss=7.5054 | VLoss=36.5607 | AP@50=0.5130 | SliceAP=0.7327 | EMA_SliceAP=0.6971
  [CheckpointManager] WARNING: failed to save epoch 24 checkpoint ([enforce fail at inline_container.cc:668] . unexpected pos 20942656 vs 20942552); skipping — trial continues.
  Epoch  25/35 | LR=1.99e-04 | TLoss=7.2159 | VLoss=38.3570 | AP@50=0.4066 | SliceAP=0.6337 | EMA_SliceAP=0.6780
  [CheckpointManager] WARNING: failed to save epoch 25 checkpoint ([enforce fail at inline_container.cc:668] . unexpected pos 20942656 vs 20942552); skipping — trial continues.
  Epoch  26/35 | LR=1.70e-04 | TLoss=7.3391 | VLoss=35.8088 | AP@50=0.5283 | SliceAP=0.6832 | EMA_SliceAP=0.6796
  [CheckpointManager] WARNING: failed to save epoch 26 checkpoint ([enforce fail at inline_container.cc:668] . unexpected pos 20942656 vs 20942552); skipping — trial continues.
  Epoch  27/35 | LR=1.42e-04 | TLoss=6.6084 | VLoss=37.2606 | AP@50=0.4459 | SliceAP=0.6436 | EMA_SliceAP=0.6688
  [CheckpointManager] WARNING: failed to save epoch 27 checkpoint ([enforce fail at inline_container.cc:668] . unexpected pos 20942656 vs 20942552); skipping — trial continues.
  Epoch  28/35 | LR=1.17e-04 | TLoss=6.5912 | VLoss=37.6795 | AP@50=0.5097 | SliceAP=0.6733 | EMA_SliceAP=0.6701
  [CheckpointManager] WARNING: failed to save epoch 28 checkpoint ([enforce fail at inline_container.cc:668] . unexpected pos 20942656 vs 20942552); skipping — trial continues.
  Epoch  29/35 | LR=9.31e-05 | TLoss=6.2380 | VLoss=37.7014 | AP@50=0.4752 | SliceAP=0.6436 | EMA_SliceAP=0.6622
  [CheckpointManager] WARNING: failed to save epoch 29 checkpoint ([enforce fail at inline_container.cc:668] . unexpected pos 29038656 vs 29038552); skipping — trial continues.
  Epoch  30/35 | LR=7.20e-05 | TLoss=6.3235 | VLoss=38.2522 | AP@50=0.5549 | SliceAP=0.7030 | EMA_SliceAP=0.6744
  [CheckpointManager] WARNING: failed to save epoch 30 checkpoint ([enforce fail at inline_container.cc:668] . unexpected pos 37745984 vs 37745880); skipping — trial continues.
  Epoch  31/35 | LR=5.36e-05 | TLoss=6.2155 | VLoss=36.9514 | AP@50=0.5174 | SliceAP=0.7030 | EMA_SliceAP=0.6830
  Epoch  32/35 | LR=3.82e-05 | TLoss=6.2360 | VLoss=36.9440 | AP@50=0.5186 | SliceAP=0.7030 | EMA_SliceAP=0.6890
  [CheckpointManager] WARNING: failed to save epoch 32 checkpoint ([enforce fail at inline_container.cc:668] . unexpected pos 12116288 vs 12116184); skipping — trial continues.
  [Early stop at epoch 32, best EMA SliceAP=0.6971]
  [Checkpoints] top-3 saved → /fs01/home/dhaneshr/code/obj-det-test/checkpoints/hparam_v5/trial_0499/swa_manifest.yaml

[Trial 514] lr=6.46e-04  wd=1.89e-03  stride=5  bs=8  mosaic=0.51  ls=0.068  clahe=False  ssr=True  rbc=False  median=True(limit=7)  speckle=False(light)  cp_p=0.68
ScanAwareSampler: 13 scans, 2306 total slices, stride=5 → ~467 slices/epoch (20% of training set per epoch)
  Epoch   1/35 | LR=6.46e-05 | TLoss=220.1207 | VLoss=175.2589 | AP@50=0.0004 | SliceAP=0.4752 | EMA_SliceAP=0.4752
  Epoch   2/35 | LR=1.37e-04 | TLoss=56.7741 | VLoss=57.0518 | AP@50=0.0004 | SliceAP=0.2079 | EMA_SliceAP=0.3950
  Epoch   3/35 | LR=2.10e-04 | TLoss=33.6288 | VLoss=41.3049 | AP@50=0.0022 | SliceAP=0.1584 | EMA_SliceAP=0.3241
  Epoch   4/35 | LR=2.83e-04 | TLoss=28.6697 | VLoss=40.0640 | AP@50=0.0205 | SliceAP=0.4257 | EMA_SliceAP=0.3546
  Epoch   5/35 | LR=3.55e-04 | TLoss=26.0163 | VLoss=39.9896 | AP@50=0.1602 | SliceAP=0.5842 | EMA_SliceAP=0.4234
  Epoch   6/35 | LR=4.28e-04 | TLoss=21.0955 | VLoss=40.5439 | AP@50=0.0801 | SliceAP=0.3960 | EMA_SliceAP=0.4152
  Epoch   7/35 | LR=5.01e-04 | TLoss=18.4164 | VLoss=42.5442 | AP@50=0.1208 | SliceAP=0.7228 | EMA_SliceAP=0.5075
  Epoch   8/35 | LR=5.74e-04 | TLoss=16.0686 | VLoss=34.4909 | AP@50=0.2471 | SliceAP=0.6139 | EMA_SliceAP=0.5394
  Epoch   9/35 | LR=6.46e-04 | TLoss=14.7828 | VLoss=40.0257 | AP@50=0.1562 | SliceAP=0.6337 | EMA_SliceAP=0.5677
  Epoch  10/35 | LR=6.44e-04 | TLoss=14.3650 | VLoss=40.2434 | AP@50=0.1665 | SliceAP=0.5545 | EMA_SliceAP=0.5637
  Epoch  11/35 | LR=6.38e-04 | TLoss=13.0979 | VLoss=38.5226 | AP@50=0.2750 | SliceAP=0.6535 | EMA_SliceAP=0.5906
  Epoch  12/35 | LR=6.27e-04 | TLoss=12.4576 | VLoss=36.5549 | AP@50=0.2202 | SliceAP=0.6733 | EMA_SliceAP=0.6154
  [CheckpointManager] WARNING: failed to save epoch 12 checkpoint ([enforce fail at inline_container.cc:668] . unexpected pos 12116288 vs 12116184); skipping — trial continues.
  Epoch  13/35 | LR=6.12e-04 | TLoss=10.4978 | VLoss=36.6242 | AP@50=0.1016 | SliceAP=0.5743 | EMA_SliceAP=0.6031
  [CheckpointManager] WARNING: failed to save epoch 13 checkpoint ([enforce fail at inline_container.cc:668] . unexpected pos 12116288 vs 12116184); skipping — trial continues.
  Epoch  14/35 | LR=5.94e-04 | TLoss=10.9293 | VLoss=34.3005 | AP@50=0.4456 | SliceAP=0.6832 | EMA_SliceAP=0.6271
  [CheckpointManager] WARNING: failed to save epoch 14 checkpoint ([enforce fail at inline_container.cc:668] . unexpected pos 12116288 vs 12116184); skipping — trial continues.
  Epoch  15/35 | LR=5.72e-04 | TLoss=10.6318 | VLoss=31.3659 | AP@50=0.4258 | SliceAP=0.7129 | EMA_SliceAP=0.6528
  [CheckpointManager] WARNING: failed to save epoch 15 checkpoint ([enforce fail at inline_container.cc:668] . unexpected pos 12116288 vs 12116184); skipping — trial continues.
  Epoch  16/35 | LR=5.47e-04 | TLoss=10.2745 | VLoss=29.4989 | AP@50=0.4205 | SliceAP=0.6931 | EMA_SliceAP=0.6649
  [CheckpointManager] WARNING: failed to save epoch 16 checkpoint ([enforce fail at inline_container.cc:668] . unexpected pos 12116288 vs 12116184); skipping — trial continues.
  Epoch  17/35 | LR=5.18e-04 | TLoss=9.3619 | VLoss=27.2839 | AP@50=0.3808 | SliceAP=0.7327 | EMA_SliceAP=0.6852
  [CheckpointManager] WARNING: failed to save epoch 17 checkpoint ([enforce fail at inline_container.cc:668] . unexpected pos 12116288 vs 12116184); skipping — trial continues.
  Epoch  18/35 | LR=4.87e-04 | TLoss=8.9438 | VLoss=34.8090 | AP@50=0.2589 | SliceAP=0.6733 | EMA_SliceAP=0.6816
  [CheckpointManager] WARNING: failed to save epoch 18 checkpoint ([enforce fail at inline_container.cc:668] . unexpected pos 20942656 vs 20942552); skipping — trial continues.
  Epoch  19/35 | LR=4.54e-04 | TLoss=9.1577 | VLoss=34.8507 | AP@50=0.3463 | SliceAP=0.6337 | EMA_SliceAP=0.6673
  [CheckpointManager] WARNING: failed to save epoch 19 checkpoint ([enforce fail at inline_container.cc:668] . unexpected pos 20942656 vs 20942552); skipping — trial continues.
  Epoch  20/35 | LR=4.19e-04 | TLoss=8.5082 | VLoss=36.8072 | AP@50=0.3636 | SliceAP=0.6040 | EMA_SliceAP=0.6483
  [CheckpointManager] WARNING: failed to save epoch 20 checkpoint ([enforce fail at inline_container.cc:668] . unexpected pos 20942656 vs 20942552); skipping — trial continues.
  Epoch  21/35 | LR=3.83e-04 | TLoss=8.0492 | VLoss=36.3468 | AP@50=0.3275 | SliceAP=0.5446 | EMA_SliceAP=0.6172
  [CheckpointManager] WARNING: failed to save epoch 21 checkpoint ([enforce fail at inline_container.cc:668] . unexpected pos 20942656 vs 20942552); skipping — trial continues.
  Epoch  22/35 | LR=3.47e-04 | TLoss=8.2557 | VLoss=36.8212 | AP@50=0.2757 | SliceAP=0.5446 | EMA_SliceAP=0.5954
  Epoch  23/35 | LR=3.10e-04 | TLoss=7.7229 | VLoss=34.9321 | AP@50=0.4004 | SliceAP=0.6238 | EMA_SliceAP=0.6039
  [CheckpointManager] WARNING: failed to save epoch 23 checkpoint ([enforce fail at inline_container.cc:668] . unexpected pos 20942656 vs 20942552); skipping — trial continues.
  Epoch  24/35 | LR=2.73e-04 | TLoss=7.5909 | VLoss=34.2495 | AP@50=0.4128 | SliceAP=0.6436 | EMA_SliceAP=0.6158
  [CheckpointManager] WARNING: failed to save epoch 24 checkpoint ([enforce fail at inline_container.cc:668] . unexpected pos 20942656 vs 20942552); skipping — trial continues.
  Epoch  25/35 | LR=2.37e-04 | TLoss=6.9469 | VLoss=34.7561 | AP@50=0.3459 | SliceAP=0.6238 | EMA_SliceAP=0.6182
  [CheckpointManager] WARNING: failed to save epoch 25 checkpoint ([enforce fail at inline_container.cc:668] . unexpected pos 20942656 vs 20942552); skipping — trial continues.
  [Early stop at epoch 25, best EMA SliceAP=0.6852]
  [Checkpoints] top-3 saved → /fs01/home/dhaneshr/code/obj-det-test/checkpoints/hparam_v5/trial_0514/swa_manifest.yaml

[Trial 518] lr=6.21e-04  wd=1.18e-03  stride=5  bs=8  mosaic=0.45  ls=0.066  clahe=False  ssr=True  rbc=False  median=True(limit=7)  speckle=True(light)  cp_p=0.62
ScanAwareSampler: 13 scans, 2306 total slices, stride=5 → ~467 slices/epoch (20% of training set per epoch)
  Epoch   1/35 | LR=6.21e-05 | TLoss=232.8939 | VLoss=194.6628 | AP@50=0.0009 | SliceAP=0.5347 | EMA_SliceAP=0.5347
  Epoch   2/35 | LR=1.32e-04 | TLoss=60.0642 | VLoss=55.5653 | AP@50=0.0002 | SliceAP=0.1980 | EMA_SliceAP=0.4337
  Epoch   3/35 | LR=2.02e-04 | TLoss=34.5202 | VLoss=40.4256 | AP@50=0.0130 | SliceAP=0.2079 | EMA_SliceAP=0.3659
  Epoch   4/35 | LR=2.72e-04 | TLoss=29.5142 | VLoss=38.5545 | AP@50=0.1997 | SliceAP=0.6634 | EMA_SliceAP=0.4552
  Epoch   5/35 | LR=3.41e-04 | TLoss=25.9520 | VLoss=40.1364 | AP@50=0.0829 | SliceAP=0.5446 | EMA_SliceAP=0.4820
  Epoch   6/35 | LR=4.11e-04 | TLoss=21.8910 | VLoss=47.2754 | AP@50=0.1946 | SliceAP=0.6436 | EMA_SliceAP=0.5305
  Epoch   7/35 | LR=4.81e-04 | TLoss=18.0240 | VLoss=39.4055 | AP@50=0.1031 | SliceAP=0.4257 | EMA_SliceAP=0.4990
  Epoch   8/35 | LR=5.51e-04 | TLoss=15.7491 | VLoss=40.4202 | AP@50=0.1915 | SliceAP=0.6436 | EMA_SliceAP=0.5424
  Epoch   9/35 | LR=6.21e-04 | TLoss=15.6387 | VLoss=37.5099 | AP@50=0.2552 | SliceAP=0.6436 | EMA_SliceAP=0.5727
  Epoch  10/35 | LR=6.19e-04 | TLoss=13.1629 | VLoss=38.8701 | AP@50=0.2483 | SliceAP=0.6139 | EMA_SliceAP=0.5851
  Epoch  11/35 | LR=6.13e-04 | TLoss=13.0291 | VLoss=37.4119 | AP@50=0.0730 | SliceAP=0.5644 | EMA_SliceAP=0.5789
  Epoch  12/35 | LR=6.02e-04 | TLoss=11.0234 | VLoss=32.0076 | AP@50=0.3459 | SliceAP=0.6634 | EMA_SliceAP=0.6042
  [CheckpointManager] WARNING: failed to save epoch 12 checkpoint ([enforce fail at inline_container.cc:668] . unexpected pos 32015680 vs 32015576); skipping — trial continues.
  Epoch  13/35 | LR=5.88e-04 | TLoss=10.6760 | VLoss=34.5183 | AP@50=0.3336 | SliceAP=0.6931 | EMA_SliceAP=0.6309
  [CheckpointManager] WARNING: failed to save epoch 13 checkpoint ([enforce fail at inline_container.cc:668] . unexpected pos 32015680 vs 32015576); skipping — trial continues.
  Epoch  14/35 | LR=5.71e-04 | TLoss=10.7743 | VLoss=33.4766 | AP@50=0.2404 | SliceAP=0.6832 | EMA_SliceAP=0.6466
  [CheckpointManager] WARNING: failed to save epoch 14 checkpoint ([enforce fail at inline_container.cc:668] . unexpected pos 32015680 vs 32015576); skipping — trial continues.
  Epoch  15/35 | LR=5.49e-04 | TLoss=9.9109 | VLoss=36.4531 | AP@50=0.4045 | SliceAP=0.6733 | EMA_SliceAP=0.6546
  [CheckpointManager] WARNING: failed to save epoch 15 checkpoint ([enforce fail at inline_container.cc:668] . unexpected pos 32015680 vs 32015576); skipping — trial continues.
  Epoch  16/35 | LR=5.25e-04 | TLoss=9.6421 | VLoss=37.1729 | AP@50=0.4289 | SliceAP=0.6535 | EMA_SliceAP=0.6542
  [CheckpointManager] WARNING: failed to save epoch 16 checkpoint ([enforce fail at inline_container.cc:668] . unexpected pos 32015680 vs 32015576); skipping — trial continues.
  Epoch  17/35 | LR=4.98e-04 | TLoss=9.8382 | VLoss=37.8165 | AP@50=0.3217 | SliceAP=0.6436 | EMA_SliceAP=0.6510
  [CheckpointManager] WARNING: failed to save epoch 17 checkpoint ([enforce fail at inline_container.cc:668] . unexpected pos 32015680 vs 32015576); skipping — trial continues.
  Epoch  18/35 | LR=4.68e-04 | TLoss=9.3784 | VLoss=39.7459 | AP@50=0.2442 | SliceAP=0.6535 | EMA_SliceAP=0.6518
  [CheckpointManager] WARNING: failed to save epoch 18 checkpoint ([enforce fail at inline_container.cc:668] . unexpected pos 32015680 vs 32015576); skipping — trial continues.
  Epoch  19/35 | LR=4.36e-04 | TLoss=8.4052 | VLoss=35.4697 | AP@50=0.3459 | SliceAP=0.5941 | EMA_SliceAP=0.6345
  [CheckpointManager] WARNING: failed to save epoch 19 checkpoint ([enforce fail at inline_container.cc:668] . unexpected pos 32015680 vs 32015576); skipping — trial continues.
  Epoch  20/35 | LR=4.03e-04 | TLoss=8.4607 | VLoss=35.6218 | AP@50=0.4677 | SliceAP=0.6139 | EMA_SliceAP=0.6283
  [CheckpointManager] WARNING: failed to save epoch 20 checkpoint ([enforce fail at inline_container.cc:668] . unexpected pos 32015680 vs 32015576); skipping — trial continues.
  Epoch  21/35 | LR=3.68e-04 | TLoss=8.4858 | VLoss=42.1286 | AP@50=0.2944 | SliceAP=0.5446 | EMA_SliceAP=0.6032
  [CheckpointManager] WARNING: failed to save epoch 21 checkpoint ([enforce fail at inline_container.cc:668] . unexpected pos 41806400 vs 41806304); skipping — trial continues.
  Epoch  22/35 | LR=3.33e-04 | TLoss=8.2869 | VLoss=33.8470 | AP@50=0.3484 | SliceAP=0.6535 | EMA_SliceAP=0.6183
  [CheckpointManager] WARNING: failed to save epoch 22 checkpoint ([enforce fail at inline_container.cc:668] . unexpected pos 41806400 vs 41806304); skipping — trial continues.
  Epoch  23/35 | LR=2.98e-04 | TLoss=7.6411 | VLoss=43.1128 | AP@50=0.2411 | SliceAP=0.5545 | EMA_SliceAP=0.5991
  [Early stop at epoch 23, best EMA SliceAP=0.6546]
  [Checkpoints] top-3 saved → /fs01/home/dhaneshr/code/obj-det-test/checkpoints/hparam_v5/trial_0518/swa_manifest.yaml

=== Worker done | Completed: 203 | Pruned: 235 ===
Best EMA SliceAP@50 across all workers: 0.7500
Best params: {'learning_rate': 0.0008429170022484867, 'weight_decay': 0.003959664482397866, 'mosaic_prob': 0.3236212685407541, 'label_smooth': 0.0785569963656005, 'copy_paste_p': 0.4936612542488167, 'slice_stride': 10, 'batch_size': 16, 'use_clahe': False, 'use_shift_scale_rotate': True, 'use_brightness_contrast': False, 'use_median_blur': True, 'median_blur_limit': 3, 'use_speckle_noise': False, 'speckle_level': 'light'}

Saving top-5 configs to train/config/
  Rank  1 | SliceAP=0.7500 | {'learning_rate': 0.0008429170022484867, 'weight_decay': 0.003959664482397866, 'mosaic_prob': 0.3236212685407541, 'label_smooth': 0.0785569963656005, 'copy_paste_p': 0.4936612542488167, 'slice_stride': 10, 'batch_size': 16, 'use_clahe': False, 'use_shift_scale_rotate': True, 'use_brightness_contrast': False, 'use_median_blur': True, 'median_blur_limit': 3, 'use_speckle_noise': False, 'speckle_level': 'light'} → hparam_v5_rank01_sliceap0.7500.yaml
  Rank  2 | SliceAP=0.7354 | {'learning_rate': 0.0003986356095300661, 'weight_decay': 0.0008184536335034803, 'mosaic_prob': 0.39925159231236523, 'label_smooth': 0.08656560788058495, 'copy_paste_p': 0.2607812711893872, 'slice_stride': 10, 'batch_size': 16, 'use_clahe': True, 'use_shift_scale_rotate': True, 'use_brightness_contrast': False, 'use_median_blur': True, 'median_blur_limit': 5, 'use_speckle_noise': False, 'speckle_level': 'medium'} → hparam_v5_rank02_sliceap0.7354.yaml
  Rank  3 | SliceAP=0.7289 | {'learning_rate': 0.0010573285181248791, 'weight_decay': 0.0009805711381455752, 'mosaic_prob': 0.4849570091206274, 'label_smooth': 0.06826033352830266, 'copy_paste_p': 0.6657024265231213, 'slice_stride': 10, 'batch_size': 16, 'use_clahe': False, 'use_shift_scale_rotate': True, 'use_brightness_contrast': False, 'use_median_blur': True, 'median_blur_limit': 5, 'use_speckle_noise': True, 'speckle_level': 'light'} → hparam_v5_rank03_sliceap0.7289.yaml
  Rank  4 | SliceAP=0.7226 | {'learning_rate': 0.0006111637950915517, 'weight_decay': 0.0013113903481051876, 'mosaic_prob': 0.3811807846071478, 'label_smooth': 0.10324127742588578, 'copy_paste_p': 0.32400213637436137, 'slice_stride': 10, 'batch_size': 8, 'use_clahe': True, 'use_shift_scale_rotate': True, 'use_brightness_contrast': False, 'use_median_blur': True, 'median_blur_limit': 7, 'use_speckle_noise': False, 'speckle_level': 'medium'} → hparam_v5_rank04_sliceap0.7226.yaml
  Rank  5 | SliceAP=0.7200 | {'learning_rate': 0.0008707839533447586, 'weight_decay': 0.0005757261670218325, 'mosaic_prob': 0.6726633168632645, 'label_smooth': 0.08888718601656813, 'copy_paste_p': 0.21558603956491457, 'slice_stride': 10, 'batch_size': 16, 'use_clahe': True, 'use_shift_scale_rotate': True, 'use_brightness_contrast': False, 'use_median_blur': True, 'median_blur_limit': 5, 'use_speckle_noise': False, 'speckle_level': 'medium'} → hparam_v5_rank05_sliceap0.7200.yaml

Best config (EMA SliceAP@50=0.7500) → train/config/best_hyperparams_v5.yaml
Task 18 completed at: Wed Mar 18 01:28:09 AM EDT 2026
