Job array  : 732, task 3
Node       : bn033
Started at : Tue Mar 17 10:46:13 AM EDT 2026
Config     : train/config/default.yaml
Study      : yoloe_hparam_search_v3 @ sqlite:////fs01/home/dhaneshr/code/obj-det-test/optuna_studies/yoloe_hparam_search_v3.db
Trials     : 15 (this worker)
Study name : yoloe_hparam_search_v3
Storage    : sqlite:////fs01/home/dhaneshr/code/obj-det-test/optuna_studies/yoloe_hparam_search_v3.db
Trials     : 15 (this worker)
Epochs/trial: 50 (max, early stopping at patience=25)

[Trial 2] lr=4.33e-04  wd=7.97e-03  stride=5  bs=32  mosaic=0.34  ls=0.106  clahe=False  ssr=True  rbc=False  median=False(limit=7)  speckle=False(heavy)  cp_p=0.14
ScanAwareSampler: 13 scans, 2306 total slices, stride=5 → ~467 slices/epoch (20% of training set per epoch)
  Epoch   1/50 | LR=4.33e-05 | TLoss=410.5237 | VLoss=428.2331 | AP@50=0.0003
  Epoch   2/50 | LR=9.20e-05 | TLoss=291.2957 | VLoss=265.5914 | AP@50=0.0013
  Epoch   3/50 | LR=1.41e-04 | TLoss=146.2861 | VLoss=140.3938 | AP@50=0.0002
  Epoch   4/50 | LR=1.89e-04 | TLoss=74.6996 | VLoss=75.0258 | AP@50=0.0002
  Epoch   5/50 | LR=2.38e-04 | TLoss=43.7807 | VLoss=49.3007 | AP@50=0.0001
  Epoch   6/50 | LR=2.87e-04 | TLoss=32.2075 | VLoss=42.6043 | AP@50=0.0117
  Epoch   7/50 | LR=3.35e-04 | TLoss=27.1371 | VLoss=38.1655 | AP@50=0.1091
  Epoch   8/50 | LR=3.84e-04 | TLoss=24.7889 | VLoss=35.5072 | AP@50=0.1015
  Epoch   9/50 | LR=4.33e-04 | TLoss=22.7276 | VLoss=36.0845 | AP@50=0.0482
  Epoch  10/50 | LR=4.32e-04 | TLoss=20.5059 | VLoss=43.5085 | AP@50=0.1756
  Epoch  11/50 | LR=4.30e-04 | TLoss=18.6651 | VLoss=35.0382 | AP@50=0.1880
  Epoch  12/50 | LR=4.28e-04 | TLoss=17.2189 | VLoss=34.3256 | AP@50=0.2070
  Epoch  13/50 | LR=4.23e-04 | TLoss=15.1950 | VLoss=37.2100 | AP@50=0.1402
  Epoch  14/50 | LR=4.18e-04 | TLoss=13.6129 | VLoss=34.5510 | AP@50=0.3142
  Epoch  15/50 | LR=4.12e-04 | TLoss=12.5384 | VLoss=36.5247 | AP@50=0.2938
  Epoch  16/50 | LR=4.05e-04 | TLoss=11.7788 | VLoss=36.0776 | AP@50=0.2003
  Epoch  17/50 | LR=3.96e-04 | TLoss=12.2757 | VLoss=35.1115 | AP@50=0.2765
  Epoch  18/50 | LR=3.87e-04 | TLoss=11.2999 | VLoss=34.3177 | AP@50=0.2543
  Epoch  19/50 | LR=3.76e-04 | TLoss=11.1105 | VLoss=35.9104 | AP@50=0.4350
  Epoch  20/50 | LR=3.65e-04 | TLoss=10.8426 | VLoss=33.0385 | AP@50=0.2839
  Epoch  21/50 | LR=3.53e-04 | TLoss=10.5634 | VLoss=33.8385 | AP@50=0.3895
  Epoch  22/50 | LR=3.41e-04 | TLoss=9.4317 | VLoss=32.3515 | AP@50=0.3971
  Epoch  23/50 | LR=3.27e-04 | TLoss=9.0807 | VLoss=33.6049 | AP@50=0.3357
  Epoch  24/50 | LR=3.13e-04 | TLoss=9.0527 | VLoss=34.4967 | AP@50=0.4260
  Epoch  25/50 | LR=2.99e-04 | TLoss=8.6438 | VLoss=32.8527 | AP@50=0.3924
  Epoch  26/50 | LR=2.84e-04 | TLoss=7.9736 | VLoss=35.2925 | AP@50=0.2274
  Epoch  27/50 | LR=2.68e-04 | TLoss=8.2873 | VLoss=31.5410 | AP@50=0.3284
  Epoch  28/50 | LR=2.53e-04 | TLoss=8.1969 | VLoss=32.8479 | AP@50=0.3674
  Epoch  29/50 | LR=2.37e-04 | TLoss=7.8771 | VLoss=30.8380 | AP@50=0.3977
  Epoch  30/50 | LR=2.21e-04 | TLoss=7.4022 | VLoss=31.6197 | AP@50=0.3384
  Epoch  31/50 | LR=2.06e-04 | TLoss=7.6200 | VLoss=33.5430 | AP@50=0.4288
  Epoch  32/50 | LR=1.90e-04 | TLoss=7.5323 | VLoss=32.1670 | AP@50=0.3514
  Epoch  33/50 | LR=1.74e-04 | TLoss=7.6124 | VLoss=31.6983 | AP@50=0.3818
  Epoch  34/50 | LR=1.59e-04 | TLoss=7.2578 | VLoss=33.9124 | AP@50=0.3130
  Epoch  35/50 | LR=1.44e-04 | TLoss=6.8025 | VLoss=30.8751 | AP@50=0.2984
  Epoch  36/50 | LR=1.30e-04 | TLoss=6.9393 | VLoss=32.3693 | AP@50=0.3870
  Epoch  37/50 | LR=1.16e-04 | TLoss=6.6731 | VLoss=32.0729 | AP@50=0.3437
  Epoch  38/50 | LR=1.02e-04 | TLoss=6.5009 | VLoss=32.1008 | AP@50=0.3819
  Epoch  39/50 | LR=8.96e-05 | TLoss=6.5801 | VLoss=33.1705 | AP@50=0.3233
  Epoch  40/50 | LR=7.76e-05 | TLoss=6.7453 | VLoss=33.0208 | AP@50=0.3971
  Epoch  41/50 | LR=6.64e-05 | TLoss=6.1885 | VLoss=32.5429 | AP@50=0.4151
  Epoch  42/50 | LR=5.61e-05 | TLoss=6.0400 | VLoss=32.0385 | AP@50=0.4055
  Epoch  43/50 | LR=4.67e-05 | TLoss=5.9734 | VLoss=31.8423 | AP@50=0.3889
  Epoch  44/50 | LR=3.83e-05 | TLoss=6.0882 | VLoss=32.1872 | AP@50=0.3843
  [Early stop at epoch 44, best AP@50=0.4350]

[Trial 20] lr=7.48e-04  wd=1.53e-03  stride=7  bs=32  mosaic=0.42  ls=0.046  clahe=False  ssr=True  rbc=True  median=True(limit=3)  speckle=True(light)  cp_p=0.63
ScanAwareSampler: 13 scans, 2306 total slices, stride=7 → ~336 slices/epoch (15% of training set per epoch)
  Epoch   1/50 | LR=7.48e-05 | TLoss=364.9910 | VLoss=454.6606 | AP@50=0.0000
  Epoch   2/50 | LR=1.59e-04 | TLoss=218.9808 | VLoss=258.7091 | AP@50=0.0003
  Epoch   3/50 | LR=2.43e-04 | TLoss=112.1555 | VLoss=124.7141 | AP@50=0.0003
  Epoch   4/50 | LR=3.27e-04 | TLoss=61.0039 | VLoss=66.4307 | AP@50=0.0001
  Epoch   5/50 | LR=4.11e-04 | TLoss=37.2254 | VLoss=45.8078 | AP@50=0.0007
  Epoch   6/50 | LR=4.95e-04 | TLoss=32.1930 | VLoss=37.9978 | AP@50=0.0059
  Epoch   7/50 | LR=5.79e-04 | TLoss=30.4315 | VLoss=39.4529 | AP@50=0.0090
  Epoch   8/50 | LR=6.63e-04 | TLoss=29.2944 | VLoss=38.2355 | AP@50=0.0109
  Epoch   9/50 | LR=7.48e-04 | TLoss=26.9049 | VLoss=42.1541 | AP@50=0.0246
  Epoch  10/50 | LR=7.47e-04 | TLoss=26.5743 | VLoss=36.1231 | AP@50=0.0596
  [Pruned at epoch 10]

[Trial 39] lr=1.54e-04  wd=3.60e-03  stride=10  bs=8  mosaic=0.23  ls=0.136  clahe=True  ssr=False  rbc=True  median=True(limit=5)  speckle=True(medium)  cp_p=0.25
ScanAwareSampler: 13 scans, 2306 total slices, stride=10 → ~236 slices/epoch (10% of training set per epoch)
  Epoch   1/50 | LR=1.54e-05 | TLoss=473.7577 | VLoss=536.9765 | AP@50=0.0018
  Epoch   2/50 | LR=3.28e-05 | TLoss=388.3187 | VLoss=383.8836 | AP@50=0.0004
  Epoch   3/50 | LR=5.01e-05 | TLoss=253.4572 | VLoss=231.2075 | AP@50=0.0007
  Epoch   4/50 | LR=6.75e-05 | TLoss=141.6756 | VLoss=130.7286 | AP@50=0.0002
  Epoch   5/50 | LR=8.48e-05 | TLoss=74.3115 | VLoss=78.7397 | AP@50=0.0003
  Epoch   6/50 | LR=1.02e-04 | TLoss=46.4595 | VLoss=55.6105 | AP@50=0.0085
  Epoch   7/50 | LR=1.20e-04 | TLoss=35.7976 | VLoss=44.9153 | AP@50=0.0010
  Epoch   8/50 | LR=1.37e-04 | TLoss=32.1459 | VLoss=42.8234 | AP@50=0.0002
  Epoch   9/50 | LR=1.54e-04 | TLoss=27.2638 | VLoss=39.8062 | AP@50=0.0129
  Epoch  10/50 | LR=1.54e-04 | TLoss=26.1299 | VLoss=41.0565 | AP@50=0.0042
  [Pruned at epoch 10]

[Trial 57] lr=1.13e-03  wd=5.67e-03  stride=5  bs=16  mosaic=0.30  ls=0.090  clahe=False  ssr=True  rbc=False  median=False(limit=5)  speckle=False(heavy)  cp_p=0.01
ScanAwareSampler: 13 scans, 2306 total slices, stride=5 → ~467 slices/epoch (20% of training set per epoch)
  Epoch   1/50 | LR=1.13e-04 | TLoss=311.9902 | VLoss=198.2577 | AP@50=0.0005
  Epoch   2/50 | LR=2.41e-04 | TLoss=77.4640 | VLoss=58.1116 | AP@50=0.0000
  Epoch   3/50 | LR=3.69e-04 | TLoss=36.4578 | VLoss=40.5386 | AP@50=0.0074
  Epoch   4/50 | LR=4.96e-04 | TLoss=31.6777 | VLoss=40.8096 | AP@50=0.0378
  Epoch   5/50 | LR=6.24e-04 | TLoss=30.1398 | VLoss=37.3408 | AP@50=0.1011
  Epoch   6/50 | LR=7.52e-04 | TLoss=28.1359 | VLoss=38.2569 | AP@50=0.0001
  Epoch   7/50 | LR=8.79e-04 | TLoss=22.8002 | VLoss=38.0766 | AP@50=0.2224
  Epoch   8/50 | LR=1.01e-03 | TLoss=21.5124 | VLoss=39.3828 | AP@50=0.1595
  Epoch   9/50 | LR=1.13e-03 | TLoss=18.4991 | VLoss=37.5492 | AP@50=0.1675
  Epoch  10/50 | LR=1.13e-03 | TLoss=17.4307 | VLoss=33.7640 | AP@50=0.2261
  Epoch  11/50 | LR=1.13e-03 | TLoss=15.2504 | VLoss=37.8450 | AP@50=0.1119
  Epoch  12/50 | LR=1.12e-03 | TLoss=14.8718 | VLoss=36.3541 | AP@50=0.3248
  Epoch  13/50 | LR=1.11e-03 | TLoss=13.6103 | VLoss=40.3218 | AP@50=0.1977
  Epoch  14/50 | LR=1.10e-03 | TLoss=12.5867 | VLoss=36.8246 | AP@50=0.4680
  Epoch  15/50 | LR=1.08e-03 | TLoss=12.0195 | VLoss=33.2974 | AP@50=0.3245
  Epoch  16/50 | LR=1.06e-03 | TLoss=11.9680 | VLoss=36.1995 | AP@50=0.2888
  Epoch  17/50 | LR=1.04e-03 | TLoss=11.4417 | VLoss=34.8798 | AP@50=0.3938
  Epoch  18/50 | LR=1.01e-03 | TLoss=10.8851 | VLoss=30.5617 | AP@50=0.4254
  Epoch  19/50 | LR=9.85e-04 | TLoss=10.4709 | VLoss=33.7887 | AP@50=0.3150
  Epoch  20/50 | LR=9.55e-04 | TLoss=10.0293 | VLoss=32.9803 | AP@50=0.1970
  Epoch  21/50 | LR=9.23e-04 | TLoss=9.2796 | VLoss=34.9471 | AP@50=0.3205
  Epoch  22/50 | LR=8.89e-04 | TLoss=9.2056 | VLoss=33.9287 | AP@50=0.3714
  Epoch  23/50 | LR=8.54e-04 | TLoss=9.2476 | VLoss=33.9189 | AP@50=0.2685
  Epoch  24/50 | LR=8.16e-04 | TLoss=8.9525 | VLoss=34.3470 | AP@50=0.3540
  Epoch  25/50 | LR=7.78e-04 | TLoss=8.9310 | VLoss=35.7089 | AP@50=0.4296
  Epoch  26/50 | LR=7.38e-04 | TLoss=8.4553 | VLoss=34.5578 | AP@50=0.3328
  Epoch  27/50 | LR=6.97e-04 | TLoss=9.0554 | VLoss=33.9449 | AP@50=0.3917
  Epoch  28/50 | LR=6.56e-04 | TLoss=8.2165 | VLoss=31.8799 | AP@50=0.5062
  Epoch  29/50 | LR=6.14e-04 | TLoss=7.4505 | VLoss=33.5784 | AP@50=0.4562
  Epoch  30/50 | LR=5.72e-04 | TLoss=8.1029 | VLoss=36.2339 | AP@50=0.4932
  Epoch  31/50 | LR=5.30e-04 | TLoss=7.3787 | VLoss=33.7357 | AP@50=0.4630
  Epoch  32/50 | LR=4.89e-04 | TLoss=7.0405 | VLoss=34.2241 | AP@50=0.3907
  Epoch  33/50 | LR=4.47e-04 | TLoss=7.4738 | VLoss=33.3876 | AP@50=0.4490
  Epoch  34/50 | LR=4.07e-04 | TLoss=6.7553 | VLoss=31.2580 | AP@50=0.4152
  Epoch  35/50 | LR=3.67e-04 | TLoss=6.7769 | VLoss=33.6480 | AP@50=0.3607
  Epoch  36/50 | LR=3.28e-04 | TLoss=6.2902 | VLoss=33.1471 | AP@50=0.4471
  Epoch  37/50 | LR=2.91e-04 | TLoss=6.5211 | VLoss=33.9377 | AP@50=0.4291
  Epoch  38/50 | LR=2.56e-04 | TLoss=6.1271 | VLoss=33.6141 | AP@50=0.4361
  Epoch  39/50 | LR=2.22e-04 | TLoss=6.0509 | VLoss=34.3531 | AP@50=0.4305
  Epoch  40/50 | LR=1.90e-04 | TLoss=5.9502 | VLoss=33.9841 | AP@50=0.4042
  Epoch  41/50 | LR=1.60e-04 | TLoss=5.8901 | VLoss=34.1177 | AP@50=0.3814
  Epoch  42/50 | LR=1.33e-04 | TLoss=5.8392 | VLoss=34.2941 | AP@50=0.3920
  Epoch  43/50 | LR=1.08e-04 | TLoss=5.6298 | VLoss=33.2150 | AP@50=0.4101
  Epoch  44/50 | LR=8.53e-05 | TLoss=5.8642 | VLoss=33.6725 | AP@50=0.4295
  Epoch  45/50 | LR=6.57e-05 | TLoss=5.5692 | VLoss=33.6852 | AP@50=0.4420
  Epoch  46/50 | LR=4.89e-05 | TLoss=5.4320 | VLoss=33.3185 | AP@50=0.4545
  Epoch  47/50 | LR=3.50e-05 | TLoss=5.6950 | VLoss=33.7491 | AP@50=0.4338
  Epoch  48/50 | LR=2.41e-05 | TLoss=5.7185 | VLoss=33.6101 | AP@50=0.4450
  Epoch  49/50 | LR=1.63e-05 | TLoss=5.6998 | VLoss=33.4063 | AP@50=0.4466
  Epoch  50/50 | LR=1.16e-05 | TLoss=5.3301 | VLoss=33.5911 | AP@50=0.4480

[Trial 97] lr=9.00e-04  wd=4.44e-03  stride=5  bs=32  mosaic=0.33  ls=0.112  clahe=False  ssr=True  rbc=False  median=False(limit=7)  speckle=False(heavy)  cp_p=0.24
ScanAwareSampler: 13 scans, 2306 total slices, stride=5 → ~467 slices/epoch (20% of training set per epoch)
  Epoch   1/50 | LR=9.00e-05 | TLoss=402.1314 | VLoss=377.5264 | AP@50=0.0002
  Epoch   2/50 | LR=1.91e-04 | TLoss=183.5464 | VLoss=153.9229 | AP@50=0.0001
  Epoch   3/50 | LR=2.93e-04 | TLoss=70.1836 | VLoss=61.7068 | AP@50=0.0020
  Epoch   4/50 | LR=3.94e-04 | TLoss=36.8834 | VLoss=39.7401 | AP@50=0.0000
  Epoch   5/50 | LR=4.95e-04 | TLoss=29.8935 | VLoss=37.8242 | AP@50=0.1342
  Epoch   6/50 | LR=5.97e-04 | TLoss=27.4782 | VLoss=38.0887 | AP@50=0.0432
  Epoch   7/50 | LR=6.98e-04 | TLoss=24.4940 | VLoss=39.4182 | AP@50=0.0247
  Epoch   8/50 | LR=7.99e-04 | TLoss=25.2358 | VLoss=41.1206 | AP@50=0.1266
  Epoch   9/50 | LR=9.00e-04 | TLoss=24.8140 | VLoss=37.6801 | AP@50=0.0903
  Epoch  10/50 | LR=8.99e-04 | TLoss=19.4381 | VLoss=36.2408 | AP@50=0.1879
  Epoch  11/50 | LR=8.95e-04 | TLoss=18.4203 | VLoss=35.2978 | AP@50=0.2076
  Epoch  12/50 | LR=8.89e-04 | TLoss=16.9166 | VLoss=38.1195 | AP@50=0.1043
  [Pruned at epoch 12]

[Trial 111] lr=2.81e-03  wd=8.55e-03  stride=5  bs=32  mosaic=0.34  ls=0.074  clahe=False  ssr=True  rbc=False  median=False(limit=5)  speckle=False(light)  cp_p=0.13
ScanAwareSampler: 13 scans, 2306 total slices, stride=5 → ~467 slices/epoch (20% of training set per epoch)
  Epoch   1/50 | LR=2.81e-04 | TLoss=248.1290 | VLoss=134.0458 | AP@50=0.0000
  Epoch   2/50 | LR=5.98e-04 | TLoss=52.8498 | VLoss=40.0919 | AP@50=0.0004
  Epoch   3/50 | LR=9.14e-04 | TLoss=34.1871 | VLoss=37.0573 | AP@50=0.0039
  Epoch   4/50 | LR=1.23e-03 | TLoss=30.9350 | VLoss=35.7328 | AP@50=0.0131
  Epoch   5/50 | LR=1.55e-03 | TLoss=28.7973 | VLoss=39.5774 | AP@50=0.0286
  Epoch   6/50 | LR=1.86e-03 | TLoss=26.8904 | VLoss=36.7211 | AP@50=0.0365
  Epoch   7/50 | LR=2.18e-03 | TLoss=25.6526 | VLoss=38.6856 | AP@50=0.0591
  Epoch   8/50 | LR=2.50e-03 | TLoss=22.6596 | VLoss=36.9081 | AP@50=0.1636
  Epoch   9/50 | LR=2.81e-03 | TLoss=21.8229 | VLoss=39.5204 | AP@50=0.0457
  Epoch  10/50 | LR=2.81e-03 | TLoss=19.2565 | VLoss=41.4561 | AP@50=0.0703
  Epoch  11/50 | LR=2.80e-03 | TLoss=17.1193 | VLoss=39.6172 | AP@50=0.2349
  Epoch  12/50 | LR=2.78e-03 | TLoss=15.7485 | VLoss=37.2540 | AP@50=0.1665
  Epoch  13/50 | LR=2.75e-03 | TLoss=14.7573 | VLoss=35.9848 | AP@50=0.0442
  Epoch  14/50 | LR=2.72e-03 | TLoss=14.9224 | VLoss=38.9973 | AP@50=0.3312
  Epoch  15/50 | LR=2.67e-03 | TLoss=13.4929 | VLoss=32.3686 | AP@50=0.2545
  Epoch  16/50 | LR=2.62e-03 | TLoss=13.3620 | VLoss=31.5112 | AP@50=0.4139
  Epoch  17/50 | LR=2.57e-03 | TLoss=12.8788 | VLoss=38.3089 | AP@50=0.0626
  Epoch  18/50 | LR=2.51e-03 | TLoss=13.7396 | VLoss=34.8001 | AP@50=0.1605
  Epoch  19/50 | LR=2.44e-03 | TLoss=12.8870 | VLoss=33.3244 | AP@50=0.0963
  Epoch  20/50 | LR=2.36e-03 | TLoss=11.5119 | VLoss=37.2292 | AP@50=0.0799
  Epoch  21/50 | LR=2.28e-03 | TLoss=10.9108 | VLoss=31.9377 | AP@50=0.4135
  Epoch  22/50 | LR=2.20e-03 | TLoss=10.9122 | VLoss=35.7353 | AP@50=0.2892
  Epoch  23/50 | LR=2.11e-03 | TLoss=9.9933 | VLoss=33.5430 | AP@50=0.4517
  Epoch  24/50 | LR=2.02e-03 | TLoss=9.6547 | VLoss=34.0237 | AP@50=0.2133
  Epoch  25/50 | LR=1.92e-03 | TLoss=9.4415 | VLoss=35.8669 | AP@50=0.1952
  Epoch  26/50 | LR=1.82e-03 | TLoss=9.9941 | VLoss=36.8779 | AP@50=0.2651
  Epoch  27/50 | LR=1.72e-03 | TLoss=9.5469 | VLoss=34.5216 | AP@50=0.3120
  Epoch  28/50 | LR=1.62e-03 | TLoss=8.9058 | VLoss=34.5298 | AP@50=0.3413
  Epoch  29/50 | LR=1.52e-03 | TLoss=8.8688 | VLoss=34.4288 | AP@50=0.3474
  Epoch  30/50 | LR=1.41e-03 | TLoss=9.0259 | VLoss=33.8506 | AP@50=0.2530
  Epoch  31/50 | LR=1.31e-03 | TLoss=8.2032 | VLoss=32.9233 | AP@50=0.4201
  Epoch  32/50 | LR=1.20e-03 | TLoss=8.3743 | VLoss=34.5749 | AP@50=0.3907
  Epoch  33/50 | LR=1.10e-03 | TLoss=8.3603 | VLoss=35.7202 | AP@50=0.3686
  Epoch  34/50 | LR=9.98e-04 | TLoss=7.9744 | VLoss=34.6773 | AP@50=0.3029
  Epoch  35/50 | LR=8.99e-04 | TLoss=7.3495 | VLoss=34.0386 | AP@50=0.4059
  Epoch  36/50 | LR=8.03e-04 | TLoss=7.3819 | VLoss=33.4839 | AP@50=0.4053
  Epoch  37/50 | LR=7.10e-04 | TLoss=7.5154 | VLoss=33.9043 | AP@50=0.4294
  Epoch  38/50 | LR=6.22e-04 | TLoss=7.3589 | VLoss=35.2464 | AP@50=0.3577
  Epoch  39/50 | LR=5.37e-04 | TLoss=7.0400 | VLoss=37.0272 | AP@50=0.3210
  Epoch  40/50 | LR=4.58e-04 | TLoss=7.3134 | VLoss=34.6275 | AP@50=0.3986
  Epoch  41/50 | LR=3.84e-04 | TLoss=6.9986 | VLoss=35.8502 | AP@50=0.3948
  Epoch  42/50 | LR=3.16e-04 | TLoss=6.4804 | VLoss=34.1009 | AP@50=0.4047
  Epoch  43/50 | LR=2.53e-04 | TLoss=6.3692 | VLoss=35.6176 | AP@50=0.3196
  Epoch  44/50 | LR=1.98e-04 | TLoss=6.7399 | VLoss=35.9199 | AP@50=0.3214
  Epoch  45/50 | LR=1.49e-04 | TLoss=6.4268 | VLoss=35.4513 | AP@50=0.3711
  Epoch  46/50 | LR=1.07e-04 | TLoss=6.5493 | VLoss=35.3081 | AP@50=0.3605
  Epoch  47/50 | LR=7.22e-05 | TLoss=6.3658 | VLoss=35.2274 | AP@50=0.3403
  Epoch  48/50 | LR=4.51e-05 | TLoss=6.0523 | VLoss=35.1600 | AP@50=0.3465
  [Early stop at epoch 48, best AP@50=0.4517]

[Trial 146] lr=1.98e-04  wd=4.99e-03  stride=5  bs=32  mosaic=0.34  ls=0.060  clahe=False  ssr=True  rbc=False  median=False(limit=7)  speckle=False(light)  cp_p=0.15
ScanAwareSampler: 13 scans, 2306 total slices, stride=5 → ~467 slices/epoch (20% of training set per epoch)
  Epoch   1/50 | LR=1.98e-05 | TLoss=434.3226 | VLoss=516.1914 | AP@50=0.0000
  Epoch   2/50 | LR=4.21e-05 | TLoss=363.2976 | VLoss=393.2524 | AP@50=0.0007
  Epoch   3/50 | LR=6.43e-05 | TLoss=267.5492 | VLoss=271.3355 | AP@50=0.0022
  Epoch   4/50 | LR=8.66e-05 | TLoss=165.7899 | VLoss=177.7355 | AP@50=0.0006
  Epoch   5/50 | LR=1.09e-04 | TLoss=103.0545 | VLoss=112.6265 | AP@50=0.0005
  Epoch   6/50 | LR=1.31e-04 | TLoss=65.1642 | VLoss=74.6445 | AP@50=0.0005
  Epoch   7/50 | LR=1.53e-04 | TLoss=46.0560 | VLoss=55.0207 | AP@50=0.0004
  Epoch   8/50 | LR=1.76e-04 | TLoss=35.2937 | VLoss=46.3368 | AP@50=0.0006
  Epoch   9/50 | LR=1.98e-04 | TLoss=31.7419 | VLoss=43.5763 | AP@50=0.0066
  Epoch  10/50 | LR=1.98e-04 | TLoss=28.9666 | VLoss=39.7833 | AP@50=0.0148
  [Pruned at epoch 10]

[Trial 157] lr=3.11e-03  wd=7.69e-03  stride=5  bs=32  mosaic=0.26  ls=0.038  clahe=False  ssr=True  rbc=True  median=True(limit=5)  speckle=True(light)  cp_p=0.18
ScanAwareSampler: 13 scans, 2306 total slices, stride=5 → ~467 slices/epoch (20% of training set per epoch)
  Epoch   1/50 | LR=3.11e-04 | TLoss=265.8466 | VLoss=138.6864 | AP@50=0.0000
  Epoch   2/50 | LR=6.61e-04 | TLoss=54.7726 | VLoss=40.5141 | AP@50=0.0000
  Epoch   3/50 | LR=1.01e-03 | TLoss=31.9242 | VLoss=37.2710 | AP@50=0.0089
  Epoch   4/50 | LR=1.36e-03 | TLoss=30.8955 | VLoss=44.4217 | AP@50=0.0375
  Epoch   5/50 | LR=1.71e-03 | TLoss=28.6256 | VLoss=35.6841 | AP@50=0.0442
  Epoch   6/50 | LR=2.06e-03 | TLoss=27.3207 | VLoss=36.9101 | AP@50=0.0335
  Epoch   7/50 | LR=2.41e-03 | TLoss=25.2814 | VLoss=34.9246 | AP@50=0.2227
  Epoch   8/50 | LR=2.76e-03 | TLoss=21.9923 | VLoss=44.9764 | AP@50=0.0509
  Epoch   9/50 | LR=3.11e-03 | TLoss=21.5636 | VLoss=44.8334 | AP@50=0.0638
  Epoch  10/50 | LR=3.11e-03 | TLoss=21.0274 | VLoss=38.0357 | AP@50=0.0634
  Epoch  11/50 | LR=3.09e-03 | TLoss=20.1597 | VLoss=38.1010 | AP@50=0.1180
  Epoch  12/50 | LR=3.07e-03 | TLoss=18.3087 | VLoss=36.8613 | AP@50=0.1974
  [Pruned at epoch 12]

[Trial 170] lr=4.34e-04  wd=9.28e-03  stride=5  bs=16  mosaic=0.28  ls=0.107  clahe=False  ssr=True  rbc=False  median=False(limit=3)  speckle=False(heavy)  cp_p=0.11
ScanAwareSampler: 13 scans, 2306 total slices, stride=5 → ~467 slices/epoch (20% of training set per epoch)
  Epoch   1/50 | LR=4.34e-05 | TLoss=466.2682 | VLoss=453.4809 | AP@50=0.0007
  Epoch   2/50 | LR=9.22e-05 | TLoss=249.7191 | VLoss=206.3828 | AP@50=0.0007
  Epoch   3/50 | LR=1.41e-04 | TLoss=98.7934 | VLoss=79.8794 | AP@50=0.0004
  Epoch   4/50 | LR=1.90e-04 | TLoss=45.5300 | VLoss=46.3437 | AP@50=0.0005
  Epoch   5/50 | LR=2.39e-04 | TLoss=31.5658 | VLoss=40.4086 | AP@50=0.0682
  Epoch   6/50 | LR=2.88e-04 | TLoss=27.7484 | VLoss=38.3538 | AP@50=0.2372
  Epoch   7/50 | LR=3.36e-04 | TLoss=25.9590 | VLoss=38.0432 | AP@50=0.0664
  Epoch   8/50 | LR=3.85e-04 | TLoss=21.8887 | VLoss=37.5928 | AP@50=0.2411
  Epoch   9/50 | LR=4.34e-04 | TLoss=20.2341 | VLoss=38.3459 | AP@50=0.1752
  Epoch  10/50 | LR=4.34e-04 | TLoss=17.5873 | VLoss=41.8002 | AP@50=0.2457
  Epoch  11/50 | LR=4.32e-04 | TLoss=16.5629 | VLoss=40.7494 | AP@50=0.1433
  Epoch  12/50 | LR=4.29e-04 | TLoss=15.1258 | VLoss=37.2863 | AP@50=0.1816
  Epoch  13/50 | LR=4.25e-04 | TLoss=13.9326 | VLoss=42.1201 | AP@50=0.2545
  [Pruned at epoch 13]

[Trial 182] lr=5.16e-04  wd=9.06e-03  stride=10  bs=16  mosaic=0.30  ls=0.087  clahe=True  ssr=False  rbc=False  median=False(limit=7)  speckle=False(heavy)  cp_p=0.13
ScanAwareSampler: 13 scans, 2306 total slices, stride=10 → ~236 slices/epoch (10% of training set per epoch)
  Epoch   1/50 | LR=5.16e-05 | TLoss=428.2053 | VLoss=469.5124 | AP@50=0.0000
  Epoch   2/50 | LR=1.10e-04 | TLoss=293.8544 | VLoss=246.2315 | AP@50=0.0017
  Epoch   3/50 | LR=1.68e-04 | TLoss=138.2342 | VLoss=127.5524 | AP@50=0.0001
  Epoch   4/50 | LR=2.26e-04 | TLoss=67.2039 | VLoss=68.2032 | AP@50=0.0001
  Epoch   5/50 | LR=2.84e-04 | TLoss=40.4640 | VLoss=46.9059 | AP@50=0.0002
  Epoch   6/50 | LR=3.42e-04 | TLoss=31.9808 | VLoss=39.4393 | AP@50=0.0047
  Epoch   7/50 | LR=4.00e-04 | TLoss=31.0420 | VLoss=39.1981 | AP@50=0.0303
  Epoch   8/50 | LR=4.58e-04 | TLoss=26.8783 | VLoss=40.4841 | AP@50=0.0138
  Epoch   9/50 | LR=5.16e-04 | TLoss=28.8761 | VLoss=37.3521 | AP@50=0.0193
  Epoch  10/50 | LR=5.15e-04 | TLoss=22.8600 | VLoss=38.1933 | AP@50=0.1046
  [Pruned at epoch 10]

[Trial 193] lr=2.64e-04  wd=5.81e-03  stride=5  bs=16  mosaic=0.34  ls=0.100  clahe=False  ssr=True  rbc=False  median=False(limit=7)  speckle=False(heavy)  cp_p=0.15
ScanAwareSampler: 13 scans, 2306 total slices, stride=5 → ~467 slices/epoch (20% of training set per epoch)
  Epoch   1/50 | LR=2.64e-05 | TLoss=459.0843 | VLoss=532.5939 | AP@50=0.0009
  Epoch   2/50 | LR=5.61e-05 | TLoss=320.7298 | VLoss=307.1856 | AP@50=0.0010
  Epoch   3/50 | LR=8.58e-05 | TLoss=169.0290 | VLoss=157.5671 | AP@50=0.0002
  Epoch   4/50 | LR=1.15e-04 | TLoss=82.8548 | VLoss=77.9556 | AP@50=0.0000
  Epoch   5/50 | LR=1.45e-04 | TLoss=45.3564 | VLoss=49.7874 | AP@50=0.0000
  Epoch   6/50 | LR=1.75e-04 | TLoss=32.0376 | VLoss=49.1414 | AP@50=0.0055
  Epoch   7/50 | LR=2.05e-04 | TLoss=29.5224 | VLoss=42.6403 | AP@50=0.0717
  Epoch   8/50 | LR=2.34e-04 | TLoss=24.1235 | VLoss=39.2249 | AP@50=0.0278
  Epoch   9/50 | LR=2.64e-04 | TLoss=23.8608 | VLoss=36.3619 | AP@50=0.1944
  Epoch  10/50 | LR=2.64e-04 | TLoss=20.8955 | VLoss=36.5092 | AP@50=0.1838
  Epoch  11/50 | LR=2.62e-04 | TLoss=17.5968 | VLoss=38.1733 | AP@50=0.3504
  Epoch  12/50 | LR=2.61e-04 | TLoss=16.2047 | VLoss=38.8178 | AP@50=0.2605
  Epoch  13/50 | LR=2.58e-04 | TLoss=15.4861 | VLoss=37.4772 | AP@50=0.3105
  Epoch  14/50 | LR=2.55e-04 | TLoss=13.1602 | VLoss=37.9018 | AP@50=0.1291
  Epoch  15/50 | LR=2.51e-04 | TLoss=13.1696 | VLoss=32.3634 | AP@50=0.2809
  Epoch  16/50 | LR=2.47e-04 | TLoss=12.3524 | VLoss=36.2663 | AP@50=0.2784
  Epoch  17/50 | LR=2.42e-04 | TLoss=11.6031 | VLoss=38.8946 | AP@50=0.3391
  [Pruned at epoch 17]

[Trial 208] lr=4.80e-04  wd=1.09e-04  stride=5  bs=32  mosaic=0.33  ls=0.098  clahe=False  ssr=True  rbc=False  median=False(limit=7)  speckle=False(heavy)  cp_p=0.03
ScanAwareSampler: 13 scans, 2306 total slices, stride=5 → ~467 slices/epoch (20% of training set per epoch)
  Epoch   1/50 | LR=4.80e-05 | TLoss=440.3789 | VLoss=467.5608 | AP@50=0.0000
  Epoch   2/50 | LR=1.02e-04 | TLoss=304.4588 | VLoss=264.4901 | AP@50=0.0016
  Epoch   3/50 | LR=1.56e-04 | TLoss=149.6364 | VLoss=126.4294 | AP@50=0.0008
  Epoch   4/50 | LR=2.10e-04 | TLoss=74.5133 | VLoss=65.4902 | AP@50=0.0003
  Epoch   5/50 | LR=2.64e-04 | TLoss=41.2156 | VLoss=46.7854 | AP@50=0.0000
  Epoch   6/50 | LR=3.18e-04 | TLoss=30.4589 | VLoss=41.4841 | AP@50=0.0066
  Epoch   7/50 | LR=3.72e-04 | TLoss=26.6173 | VLoss=36.0726 | AP@50=0.0285
  Epoch   8/50 | LR=4.26e-04 | TLoss=22.0447 | VLoss=33.7159 | AP@50=0.1089
  Epoch   9/50 | LR=4.80e-04 | TLoss=21.9576 | VLoss=38.5198 | AP@50=0.1889
  Epoch  10/50 | LR=4.79e-04 | TLoss=19.8651 | VLoss=36.8608 | AP@50=0.2527
  Epoch  11/50 | LR=4.77e-04 | TLoss=17.9254 | VLoss=41.5429 | AP@50=0.2989
  Epoch  12/50 | LR=4.74e-04 | TLoss=15.7438 | VLoss=37.3898 | AP@50=0.2348
  Epoch  13/50 | LR=4.69e-04 | TLoss=15.2782 | VLoss=41.0091 | AP@50=0.3000
  Epoch  14/50 | LR=4.63e-04 | TLoss=14.9840 | VLoss=35.2811 | AP@50=0.3965
  Epoch  15/50 | LR=4.56e-04 | TLoss=12.9576 | VLoss=47.4186 | AP@50=0.3541
  Epoch  16/50 | LR=4.48e-04 | TLoss=12.2732 | VLoss=34.0917 | AP@50=0.2894
  Epoch  17/50 | LR=4.39e-04 | TLoss=12.2928 | VLoss=40.4282 | AP@50=0.4073
  Epoch  18/50 | LR=4.28e-04 | TLoss=11.3661 | VLoss=37.1051 | AP@50=0.3175
  Epoch  19/50 | LR=4.17e-04 | TLoss=10.8726 | VLoss=36.1604 | AP@50=0.3870
  Epoch  20/50 | LR=4.05e-04 | TLoss=10.4704 | VLoss=38.9039 | AP@50=0.3571
  Epoch  21/50 | LR=3.91e-04 | TLoss=9.4089 | VLoss=36.4726 | AP@50=0.4460
  Epoch  22/50 | LR=3.77e-04 | TLoss=8.9075 | VLoss=34.4639 | AP@50=0.3200
  Epoch  23/50 | LR=3.62e-04 | TLoss=9.3995 | VLoss=34.5881 | AP@50=0.4928
  Epoch  24/50 | LR=3.47e-04 | TLoss=8.9796 | VLoss=38.2552 | AP@50=0.4452
  Epoch  25/50 | LR=3.31e-04 | TLoss=8.8279 | VLoss=34.3120 | AP@50=0.4763
  Epoch  26/50 | LR=3.14e-04 | TLoss=8.6536 | VLoss=31.5689 | AP@50=0.3338
  Epoch  27/50 | LR=2.97e-04 | TLoss=8.2671 | VLoss=33.3901 | AP@50=0.5101
  Epoch  28/50 | LR=2.80e-04 | TLoss=8.2781 | VLoss=33.1908 | AP@50=0.3689
  Epoch  29/50 | LR=2.62e-04 | TLoss=7.5243 | VLoss=32.0971 | AP@50=0.3937
  Epoch  30/50 | LR=2.45e-04 | TLoss=7.7500 | VLoss=33.3611 | AP@50=0.4596
  Epoch  31/50 | LR=2.27e-04 | TLoss=7.2406 | VLoss=34.8375 | AP@50=0.4275
  Epoch  32/50 | LR=2.10e-04 | TLoss=7.2506 | VLoss=32.8210 | AP@50=0.4193
  Epoch  33/50 | LR=1.93e-04 | TLoss=7.0686 | VLoss=34.5916 | AP@50=0.4106
  Epoch  34/50 | LR=1.76e-04 | TLoss=7.1133 | VLoss=33.1539 | AP@50=0.3358
  Epoch  35/50 | LR=1.59e-04 | TLoss=6.8897 | VLoss=34.5014 | AP@50=0.4201
  Epoch  36/50 | LR=1.43e-04 | TLoss=6.8215 | VLoss=34.4705 | AP@50=0.4536
  Epoch  37/50 | LR=1.27e-04 | TLoss=6.3285 | VLoss=35.6558 | AP@50=0.3413
  Epoch  38/50 | LR=1.13e-04 | TLoss=6.4595 | VLoss=34.0573 | AP@50=0.4127
  Epoch  39/50 | LR=9.84e-05 | TLoss=6.2733 | VLoss=35.1108 | AP@50=0.4070
  Epoch  40/50 | LR=8.51e-05 | TLoss=5.8942 | VLoss=33.7100 | AP@50=0.4209
  Epoch  41/50 | LR=7.27e-05 | TLoss=6.0666 | VLoss=33.1727 | AP@50=0.3680
  Epoch  42/50 | LR=6.12e-05 | TLoss=6.0616 | VLoss=34.2449 | AP@50=0.4067
  Epoch  43/50 | LR=5.08e-05 | TLoss=5.9611 | VLoss=34.5934 | AP@50=0.3782
  Epoch  44/50 | LR=4.15e-05 | TLoss=5.6578 | VLoss=34.7607 | AP@50=0.3934
  Epoch  45/50 | LR=3.33e-05 | TLoss=5.8699 | VLoss=35.2286 | AP@50=0.4409
  Epoch  46/50 | LR=2.62e-05 | TLoss=5.7202 | VLoss=35.1229 | AP@50=0.4530
  Epoch  47/50 | LR=2.04e-05 | TLoss=5.8406 | VLoss=34.9690 | AP@50=0.4329
  Epoch  48/50 | LR=1.59e-05 | TLoss=5.2110 | VLoss=34.7021 | AP@50=0.4122
  Epoch  49/50 | LR=1.26e-05 | TLoss=5.2435 | VLoss=34.4892 | AP@50=0.4295
  Epoch  50/50 | LR=1.07e-05 | TLoss=5.2927 | VLoss=34.7025 | AP@50=0.4415

[Trial 245] lr=1.05e-03  wd=1.56e-04  stride=5  bs=8  mosaic=0.37  ls=0.106  clahe=False  ssr=True  rbc=False  median=False(limit=7)  speckle=False(heavy)  cp_p=0.14
ScanAwareSampler: 13 scans, 2306 total slices, stride=5 → ~467 slices/epoch (20% of training set per epoch)
  Epoch   1/50 | LR=1.05e-04 | TLoss=212.8098 | VLoss=106.7594 | AP@50=0.0013
  Epoch   2/50 | LR=2.23e-04 | TLoss=45.0743 | VLoss=46.2063 | AP@50=0.0000
  Epoch   3/50 | LR=3.41e-04 | TLoss=34.0789 | VLoss=36.4363 | AP@50=0.0133
  Epoch   4/50 | LR=4.59e-04 | TLoss=28.6463 | VLoss=39.9615 | AP@50=0.1749
  Epoch   5/50 | LR=5.76e-04 | TLoss=25.5634 | VLoss=37.0394 | AP@50=0.0489
  Epoch   6/50 | LR=6.94e-04 | TLoss=20.7150 | VLoss=42.5109 | AP@50=0.0725
  Epoch   7/50 | LR=8.12e-04 | TLoss=18.2155 | VLoss=33.9933 | AP@50=0.2570
  Epoch   8/50 | LR=9.30e-04 | TLoss=17.1557 | VLoss=35.8842 | AP@50=0.1521
  Epoch   9/50 | LR=1.05e-03 | TLoss=15.6261 | VLoss=33.6494 | AP@50=0.3177
  Epoch  10/50 | LR=1.05e-03 | TLoss=14.4483 | VLoss=36.8751 | AP@50=0.3810
  Epoch  11/50 | LR=1.04e-03 | TLoss=14.5823 | VLoss=38.1199 | AP@50=0.3162
  Epoch  12/50 | LR=1.04e-03 | TLoss=12.0119 | VLoss=38.9404 | AP@50=0.1858
  Epoch  13/50 | LR=1.03e-03 | TLoss=12.2069 | VLoss=38.2671 | AP@50=0.2237
  Epoch  14/50 | LR=1.01e-03 | TLoss=12.9091 | VLoss=31.2689 | AP@50=0.2955
  Epoch  15/50 | LR=9.97e-04 | TLoss=11.4803 | VLoss=34.9370 | AP@50=0.2333
  Epoch  16/50 | LR=9.79e-04 | TLoss=10.6126 | VLoss=35.3786 | AP@50=0.3431
  Epoch  17/50 | LR=9.58e-04 | TLoss=10.1671 | VLoss=32.0537 | AP@50=0.3009
  Epoch  18/50 | LR=9.35e-04 | TLoss=10.0034 | VLoss=33.5311 | AP@50=0.4362
  Epoch  19/50 | LR=9.10e-04 | TLoss=10.2261 | VLoss=36.6678 | AP@50=0.3744
  Epoch  20/50 | LR=8.82e-04 | TLoss=9.5823 | VLoss=30.7426 | AP@50=0.4164
  Epoch  21/50 | LR=8.53e-04 | TLoss=9.3448 | VLoss=33.2832 | AP@50=0.4360
  Epoch  22/50 | LR=8.21e-04 | TLoss=8.8554 | VLoss=34.9648 | AP@50=0.3874
  Epoch  23/50 | LR=7.89e-04 | TLoss=8.8165 | VLoss=31.4277 | AP@50=0.4626
  Epoch  24/50 | LR=7.54e-04 | TLoss=8.4953 | VLoss=35.5808 | AP@50=0.3629
  Epoch  25/50 | LR=7.19e-04 | TLoss=8.6670 | VLoss=32.5908 | AP@50=0.5191
  Epoch  26/50 | LR=6.82e-04 | TLoss=8.2097 | VLoss=36.5735 | AP@50=0.3904
  Epoch  27/50 | LR=6.45e-04 | TLoss=8.0953 | VLoss=32.9844 | AP@50=0.4161
  Epoch  28/50 | LR=6.06e-04 | TLoss=7.5679 | VLoss=36.7797 | AP@50=0.3543
  Epoch  29/50 | LR=5.68e-04 | TLoss=7.5176 | VLoss=34.7019 | AP@50=0.4584
  Epoch  30/50 | LR=5.29e-04 | TLoss=7.3165 | VLoss=34.8190 | AP@50=0.4387
  Epoch  31/50 | LR=4.90e-04 | TLoss=7.1971 | VLoss=33.4892 | AP@50=0.4990
  Epoch  32/50 | LR=4.52e-04 | TLoss=6.8804 | VLoss=34.3239 | AP@50=0.4490
  Epoch  33/50 | LR=4.14e-04 | TLoss=6.9768 | VLoss=34.7626 | AP@50=0.4054
  Epoch  34/50 | LR=3.76e-04 | TLoss=6.7074 | VLoss=32.0249 | AP@50=0.5006
  Epoch  35/50 | LR=3.39e-04 | TLoss=6.7654 | VLoss=35.0427 | AP@50=0.4163
  Epoch  36/50 | LR=3.04e-04 | TLoss=6.2583 | VLoss=34.0432 | AP@50=0.4567
  Epoch  37/50 | LR=2.70e-04 | TLoss=6.1933 | VLoss=34.7147 | AP@50=0.4709
  Epoch  38/50 | LR=2.37e-04 | TLoss=6.0030 | VLoss=34.6689 | AP@50=0.3833
  Epoch  39/50 | LR=2.05e-04 | TLoss=5.9169 | VLoss=34.1337 | AP@50=0.4433
  Epoch  40/50 | LR=1.76e-04 | TLoss=5.5938 | VLoss=33.9136 | AP@50=0.4799
  Epoch  41/50 | LR=1.49e-04 | TLoss=5.5114 | VLoss=34.8251 | AP@50=0.4446
  Epoch  42/50 | LR=1.23e-04 | TLoss=5.4357 | VLoss=34.6807 | AP@50=0.4564
  Epoch  43/50 | LR=1.00e-04 | TLoss=5.4348 | VLoss=35.0160 | AP@50=0.4716
  Epoch  44/50 | LR=7.95e-05 | TLoss=5.7471 | VLoss=34.1929 | AP@50=0.4926
  Epoch  45/50 | LR=6.14e-05 | TLoss=5.3859 | VLoss=34.9754 | AP@50=0.4646
  Epoch  46/50 | LR=4.59e-05 | TLoss=4.8340 | VLoss=34.2572 | AP@50=0.4838
  Epoch  47/50 | LR=3.31e-05 | TLoss=5.1708 | VLoss=34.5024 | AP@50=0.4817
  Epoch  48/50 | LR=2.30e-05 | TLoss=5.0890 | VLoss=34.2249 | AP@50=0.4813
  Epoch  49/50 | LR=1.58e-05 | TLoss=4.9148 | VLoss=34.4261 | AP@50=0.4804
  Epoch  50/50 | LR=1.15e-05 | TLoss=5.3022 | VLoss=34.4250 | AP@50=0.4799
  [Early stop at epoch 50, best AP@50=0.5191]

[Trial 262] lr=7.83e-04  wd=1.20e-04  stride=5  bs=16  mosaic=0.25  ls=0.095  clahe=False  ssr=True  rbc=False  median=False(limit=7)  speckle=False(heavy)  cp_p=0.10
ScanAwareSampler: 13 scans, 2306 total slices, stride=5 → ~467 slices/epoch (20% of training set per epoch)
  Epoch   1/50 | LR=7.83e-05 | TLoss=353.1976 | VLoss=254.1516 | AP@50=0.0058
  Epoch   2/50 | LR=1.66e-04 | TLoss=109.7529 | VLoss=73.4959 | AP@50=0.0002
  Epoch   3/50 | LR=2.54e-04 | TLoss=43.4830 | VLoss=42.5199 | AP@50=0.0001
  Epoch   4/50 | LR=3.42e-04 | TLoss=32.3153 | VLoss=40.1895 | AP@50=0.0500
  Epoch   5/50 | LR=4.31e-04 | TLoss=27.8653 | VLoss=37.5329 | AP@50=0.0413
  Epoch   6/50 | LR=5.19e-04 | TLoss=26.0944 | VLoss=41.4134 | AP@50=0.1246
  Epoch   7/50 | LR=6.07e-04 | TLoss=23.2552 | VLoss=38.4376 | AP@50=0.1500
  Epoch   8/50 | LR=6.95e-04 | TLoss=20.5417 | VLoss=37.0312 | AP@50=0.2353
  Epoch   9/50 | LR=7.83e-04 | TLoss=19.8955 | VLoss=38.0256 | AP@50=0.2099
  Epoch  10/50 | LR=7.82e-04 | TLoss=17.3891 | VLoss=32.5547 | AP@50=0.1374
  Epoch  11/50 | LR=7.78e-04 | TLoss=15.8398 | VLoss=39.9977 | AP@50=0.1022
  Epoch  12/50 | LR=7.73e-04 | TLoss=16.0713 | VLoss=39.1567 | AP@50=0.1735
  [Pruned at epoch 12]

[Trial 264] lr=6.89e-04  wd=1.79e-04  stride=5  bs=16  mosaic=0.36  ls=0.100  clahe=False  ssr=True  rbc=False  median=False(limit=7)  speckle=False(heavy)  cp_p=0.13
ScanAwareSampler: 13 scans, 2306 total slices, stride=5 → ~467 slices/epoch (20% of training set per epoch)
  Epoch   1/50 | LR=6.89e-05 | TLoss=346.9400 | VLoss=289.4364 | AP@50=0.0002
  Epoch   2/50 | LR=1.46e-04 | TLoss=125.4295 | VLoss=94.6950 | AP@50=0.0012
  Epoch   3/50 | LR=2.24e-04 | TLoss=50.1905 | VLoss=43.4442 | AP@50=0.0001
  Epoch   4/50 | LR=3.01e-04 | TLoss=33.3413 | VLoss=39.0939 | AP@50=0.0031
  Epoch   5/50 | LR=3.79e-04 | TLoss=28.2271 | VLoss=37.5125 | AP@50=0.0337
  Epoch   6/50 | LR=4.56e-04 | TLoss=25.0852 | VLoss=40.3489 | AP@50=0.1135
  Epoch   7/50 | LR=5.34e-04 | TLoss=21.8258 | VLoss=37.4162 | AP@50=0.1217
  Epoch   8/50 | LR=6.11e-04 | TLoss=19.3793 | VLoss=39.9498 | AP@50=0.1121
  Epoch   9/50 | LR=6.89e-04 | TLoss=17.6534 | VLoss=40.1273 | AP@50=0.1995
  Epoch  10/50 | LR=6.88e-04 | TLoss=15.9200 | VLoss=38.3958 | AP@50=0.3039
  Epoch  11/50 | LR=6.85e-04 | TLoss=15.5651 | VLoss=34.7688 | AP@50=0.3638
  Epoch  12/50 | LR=6.80e-04 | TLoss=13.7298 | VLoss=34.6048 | AP@50=0.3856
  Epoch  13/50 | LR=6.74e-04 | TLoss=13.9833 | VLoss=39.0511 | AP@50=0.2115
  Epoch  14/50 | LR=6.65e-04 | TLoss=12.8989 | VLoss=40.6791 | AP@50=0.2865
  Epoch  15/50 | LR=6.55e-04 | TLoss=11.9367 | VLoss=35.3281 | AP@50=0.3251
  Epoch  16/50 | LR=6.43e-04 | TLoss=11.3700 | VLoss=37.6070 | AP@50=0.2923
  Epoch  17/50 | LR=6.30e-04 | TLoss=10.5017 | VLoss=34.1727 | AP@50=0.3276
  Epoch  18/50 | LR=6.15e-04 | TLoss=10.2790 | VLoss=36.4148 | AP@50=0.2157
  Epoch  19/50 | LR=5.98e-04 | TLoss=10.1578 | VLoss=35.0139 | AP@50=0.3794
  Epoch  20/50 | LR=5.80e-04 | TLoss=9.9383 | VLoss=35.4805 | AP@50=0.3005
  Epoch  21/50 | LR=5.61e-04 | TLoss=9.2970 | VLoss=34.2073 | AP@50=0.3955
  Epoch  22/50 | LR=5.41e-04 | TLoss=9.5266 | VLoss=34.7836 | AP@50=0.2496
  Epoch  23/50 | LR=5.19e-04 | TLoss=8.8163 | VLoss=33.0400 | AP@50=0.3365
  Epoch  24/50 | LR=4.97e-04 | TLoss=8.5967 | VLoss=36.5587 | AP@50=0.3075
  [Pruned at epoch 24]

=== Worker done | Completed: 75 | Pruned: 182 ===
Best AP@50 across all workers: 0.6187
Best params: {'learning_rate': 0.00043284502212938834, 'weight_decay': 0.007969454818643935, 'slice_stride': 5, 'batch_size': 32, 'mosaic_prob': 0.34044600469728353, 'label_smooth': 0.10621088666940683, 'use_clahe': False, 'use_shift_scale_rotate': True, 'use_brightness_contrast': False, 'use_median_blur': False, 'median_blur_limit': 7, 'use_speckle_noise': False, 'speckle_level': 'heavy', 'copy_paste_p': 0.1397716475108518}

Saving top-5 configs to train/config/
  Rank  1 | AP@50=0.6187 | {'learning_rate': 0.00043284502212938834, 'weight_decay': 0.007969454818643935, 'slice_stride': 5, 'batch_size': 32, 'mosaic_prob': 0.34044600469728353, 'label_smooth': 0.10621088666940683, 'use_clahe': False, 'use_shift_scale_rotate': True, 'use_brightness_contrast': False, 'use_median_blur': False, 'median_blur_limit': 7, 'use_speckle_noise': False, 'speckle_level': 'heavy', 'copy_paste_p': 0.1397716475108518} → hparam_v3_rank01_ap50_0.6187.yaml
  Rank  2 | AP@50=0.5711 | {'learning_rate': 0.0028118872210255064, 'weight_decay': 0.008450378971119275, 'slice_stride': 5, 'batch_size': 32, 'mosaic_prob': 0.33718855614370524, 'label_smooth': 0.07443075042506067, 'use_clahe': False, 'use_shift_scale_rotate': True, 'use_brightness_contrast': False, 'use_median_blur': False, 'median_blur_limit': 7, 'use_speckle_noise': False, 'speckle_level': 'light', 'copy_paste_p': 0.12501459947053223} → hparam_v3_rank02_ap50_0.5711.yaml
  Rank  3 | AP@50=0.5641 | {'learning_rate': 0.00047470253880435933, 'weight_decay': 0.007006994807999471, 'slice_stride': 5, 'batch_size': 32, 'mosaic_prob': 0.3534813052197135, 'label_smooth': 0.12053559927096814, 'use_clahe': False, 'use_shift_scale_rotate': True, 'use_brightness_contrast': False, 'use_median_blur': False, 'median_blur_limit': 7, 'use_speckle_noise': False, 'speckle_level': 'heavy', 'copy_paste_p': 0.2650344108461416} → hparam_v3_rank03_ap50_0.5641.yaml
  Rank  4 | AP@50=0.5588 | {'learning_rate': 0.0004121868020758005, 'weight_decay': 0.006329750632925519, 'slice_stride': 5, 'batch_size': 16, 'mosaic_prob': 0.2737624297701444, 'label_smooth': 0.09524959365033166, 'use_clahe': False, 'use_shift_scale_rotate': True, 'use_brightness_contrast': False, 'use_median_blur': False, 'median_blur_limit': 7, 'use_speckle_noise': False, 'speckle_level': 'heavy', 'copy_paste_p': 0.14410512956607277} → hparam_v3_rank04_ap50_0.5588.yaml
  Rank  5 | AP@50=0.5581 | {'learning_rate': 0.0005317444900545343, 'weight_decay': 0.00015547197313761182, 'slice_stride': 5, 'batch_size': 16, 'mosaic_prob': 0.3702089512191987, 'label_smooth': 0.05068483679805762, 'use_clahe': False, 'use_shift_scale_rotate': True, 'use_brightness_contrast': False, 'use_median_blur': False, 'median_blur_limit': 7, 'use_speckle_noise': False, 'speckle_level': 'heavy', 'copy_paste_p': 0.1381720026465691} → hparam_v3_rank05_ap50_0.5581.yaml

Best config (AP@50=0.6187) → train/config/best_hyperparams_v3.yaml
Task 3 completed at: Tue Mar 17 01:34:05 PM EDT 2026
