Job array    : 994, task 4
Node         : bn037
Started at   : Thu Mar 19 11:24:03 AM EDT 2026
Config       : train/config/best_hyperparams_v5_pu_loss.yaml
Study        : yoloe_hparam_search_v6 @ sqlite:////fs01/home/dhaneshr/code/obj-det-test/optuna_studies/yoloe_hparam_search_v6.db
Trials       : 15 (this worker)
Epochs/trial : 35 (max, EMA early stopping patience=8)
Checkpoints  : top-3 per trial (min EMA=0.6) → /fs01/home/dhaneshr/code/obj-det-test/checkpoints/hparam_v6
Study name   : yoloe_hparam_search_v6
Storage      : sqlite:////fs01/home/dhaneshr/code/obj-det-test/optuna_studies/yoloe_hparam_search_v6.db
Trials       : 15 (this worker)
Epochs/trial : 35 (max, EMA early stopping patience=8)
EMA alpha    : 0.3
Checkpoints  : top-3 per trial → /fs01/home/dhaneshr/code/obj-det-test/checkpoints/hparam_v6

[Trial 44] lr=4.33e-04  wd=3.68e-02  stride=10  bs=16  mosaic=0.67  ls=0.090  clahe=True  ssr=True  rbc=False  median=True(limit=5)  speckle=False(medium)  cp_p=0.28
ScanAwareSampler: 13 scans, 2306 total slices, stride=10 → ~236 slices/epoch (10% of training set per epoch)
  Epoch   1/35 | LR=4.33e-05 | TLoss=194.6535 | VLoss=197.3676 | AP@50=0.0000 | SliceAP=0.1980 | EMA_SliceAP=0.1980
  Epoch   2/35 | LR=9.20e-05 | TLoss=140.8316 | VLoss=132.3920 | AP@50=0.0002 | SliceAP=0.5644 | EMA_SliceAP=0.3079
  Epoch   3/35 | LR=1.41e-04 | TLoss=63.2920 | VLoss=75.6841 | AP@50=0.0000 | SliceAP=0.3663 | EMA_SliceAP=0.3254
  Epoch   4/35 | LR=1.89e-04 | TLoss=35.2744 | VLoss=49.8738 | AP@50=0.0001 | SliceAP=0.4554 | EMA_SliceAP=0.3644
  Epoch   5/35 | LR=2.38e-04 | TLoss=30.5180 | VLoss=48.1438 | AP@50=0.0000 | SliceAP=0.3465 | EMA_SliceAP=0.3591
  Epoch   6/35 | LR=2.87e-04 | TLoss=27.9187 | VLoss=43.7200 | AP@50=0.0001 | SliceAP=0.1881 | EMA_SliceAP=0.3078
  Epoch   7/35 | LR=3.35e-04 | TLoss=26.8762 | VLoss=40.4540 | AP@50=0.0003 | SliceAP=0.1782 | EMA_SliceAP=0.2689
  Epoch   8/35 | LR=3.84e-04 | TLoss=22.4598 | VLoss=40.3012 | AP@50=0.0016 | SliceAP=0.2277 | EMA_SliceAP=0.2566
  Epoch   9/35 | LR=4.33e-04 | TLoss=22.4023 | VLoss=36.4425 | AP@50=0.0060 | SliceAP=0.5644 | EMA_SliceAP=0.3489
  Epoch  10/35 | LR=4.31e-04 | TLoss=23.0907 | VLoss=38.1032 | AP@50=0.0160 | SliceAP=0.4059 | EMA_SliceAP=0.3660
  Epoch  11/35 | LR=4.27e-04 | TLoss=21.7123 | VLoss=37.5593 | AP@50=0.0079 | SliceAP=0.4059 | EMA_SliceAP=0.3780
  Epoch  12/35 | LR=4.20e-04 | TLoss=22.6508 | VLoss=39.5147 | AP@50=0.1514 | SliceAP=0.4257 | EMA_SliceAP=0.3923
  Epoch  13/35 | LR=4.10e-04 | TLoss=17.3319 | VLoss=34.7387 | AP@50=0.1389 | SliceAP=0.6139 | EMA_SliceAP=0.4588
  Epoch  14/35 | LR=3.98e-04 | TLoss=17.5897 | VLoss=39.1036 | AP@50=0.1404 | SliceAP=0.6238 | EMA_SliceAP=0.5083
  Epoch  15/35 | LR=3.83e-04 | TLoss=14.1858 | VLoss=44.2392 | AP@50=0.1138 | SliceAP=0.5644 | EMA_SliceAP=0.5251
  Epoch  16/35 | LR=3.67e-04 | TLoss=15.4080 | VLoss=35.3320 | AP@50=0.1158 | SliceAP=0.6535 | EMA_SliceAP=0.5636
  Epoch  17/35 | LR=3.48e-04 | TLoss=12.9830 | VLoss=35.5610 | AP@50=0.1786 | SliceAP=0.5149 | EMA_SliceAP=0.5490
  Epoch  18/35 | LR=3.27e-04 | TLoss=11.4750 | VLoss=34.4269 | AP@50=0.1801 | SliceAP=0.6238 | EMA_SliceAP=0.5714
  Epoch  19/35 | LR=3.05e-04 | TLoss=12.6106 | VLoss=41.8081 | AP@50=0.1775 | SliceAP=0.4653 | EMA_SliceAP=0.5396
  Epoch  20/35 | LR=2.82e-04 | TLoss=10.9429 | VLoss=31.9795 | AP@50=0.1366 | SliceAP=0.6535 | EMA_SliceAP=0.5738
  Epoch  21/35 | LR=2.58e-04 | TLoss=10.9469 | VLoss=38.4881 | AP@50=0.1821 | SliceAP=0.6040 | EMA_SliceAP=0.5828
  Epoch  22/35 | LR=2.34e-04 | TLoss=10.2468 | VLoss=34.9496 | AP@50=0.2642 | SliceAP=0.6238 | EMA_SliceAP=0.5951
  Epoch  23/35 | LR=2.09e-04 | TLoss=10.6346 | VLoss=35.9842 | AP@50=0.2622 | SliceAP=0.5446 | EMA_SliceAP=0.5799
  Epoch  24/35 | LR=1.85e-04 | TLoss=9.2230 | VLoss=34.9699 | AP@50=0.2242 | SliceAP=0.5545 | EMA_SliceAP=0.5723
  Epoch  25/35 | LR=1.61e-04 | TLoss=9.7704 | VLoss=32.0176 | AP@50=0.3558 | SliceAP=0.6931 | EMA_SliceAP=0.6085
  Epoch  26/35 | LR=1.38e-04 | TLoss=8.8419 | VLoss=37.2764 | AP@50=0.2000 | SliceAP=0.6733 | EMA_SliceAP=0.6279
  Epoch  27/35 | LR=1.16e-04 | TLoss=8.8209 | VLoss=32.3623 | AP@50=0.2965 | SliceAP=0.7228 | EMA_SliceAP=0.6564
  Epoch  28/35 | LR=9.52e-05 | TLoss=8.6630 | VLoss=35.0140 | AP@50=0.3186 | SliceAP=0.6733 | EMA_SliceAP=0.6615
  Epoch  29/35 | LR=7.63e-05 | TLoss=9.3054 | VLoss=34.7624 | AP@50=0.2834 | SliceAP=0.6931 | EMA_SliceAP=0.6709
  Epoch  30/35 | LR=5.95e-05 | TLoss=7.9702 | VLoss=33.3436 | AP@50=0.3325 | SliceAP=0.6832 | EMA_SliceAP=0.6746
  Epoch  31/35 | LR=4.48e-05 | TLoss=7.4358 | VLoss=34.1876 | AP@50=0.3115 | SliceAP=0.6832 | EMA_SliceAP=0.6772
  Epoch  32/35 | LR=3.25e-05 | TLoss=8.2875 | VLoss=33.1357 | AP@50=0.3094 | SliceAP=0.6733 | EMA_SliceAP=0.6760
  Epoch  33/35 | LR=2.28e-05 | TLoss=7.7313 | VLoss=33.5034 | AP@50=0.3360 | SliceAP=0.6733 | EMA_SliceAP=0.6752
  Epoch  34/35 | LR=1.57e-05 | TLoss=8.1127 | VLoss=33.6575 | AP@50=0.3061 | SliceAP=0.6634 | EMA_SliceAP=0.6716
  Epoch  35/35 | LR=1.14e-05 | TLoss=7.6560 | VLoss=33.5425 | AP@50=0.2918 | SliceAP=0.6832 | EMA_SliceAP=0.6751
  [Checkpoints] top-3 saved → /fs01/home/dhaneshr/code/obj-det-test/checkpoints/hparam_v6/trial_0044/swa_manifest.yaml

[Trial 88] lr=1.24e-03  wd=1.61e-02  stride=5  bs=32  mosaic=0.76  ls=0.067  clahe=False  ssr=False  rbc=True  median=False(limit=3)  speckle=True(light)  cp_p=0.21
ScanAwareSampler: 13 scans, 2306 total slices, stride=5 → ~467 slices/epoch (20% of training set per epoch)
  Epoch   1/35 | LR=1.24e-04 | TLoss=153.0230 | VLoss=127.2865 | AP@50=0.0000 | SliceAP=0.1881 | EMA_SliceAP=0.1881
  Epoch   2/35 | LR=2.64e-04 | TLoss=47.5461 | VLoss=55.7186 | AP@50=0.0000 | SliceAP=0.1782 | EMA_SliceAP=0.1851
  Epoch   3/35 | LR=4.04e-04 | TLoss=24.8012 | VLoss=43.0226 | AP@50=0.0000 | SliceAP=0.4158 | EMA_SliceAP=0.2544
  Epoch   4/35 | LR=5.44e-04 | TLoss=22.9256 | VLoss=45.0847 | AP@50=0.0000 | SliceAP=0.0396 | EMA_SliceAP=0.1899
  Epoch   5/35 | LR=6.84e-04 | TLoss=22.0980 | VLoss=40.4435 | AP@50=0.0001 | SliceAP=0.4554 | EMA_SliceAP=0.2696
  Epoch   6/35 | LR=8.24e-04 | TLoss=18.3778 | VLoss=42.6959 | AP@50=0.0105 | SliceAP=0.5941 | EMA_SliceAP=0.3669
  Epoch   7/35 | LR=9.64e-04 | TLoss=15.4167 | VLoss=40.8496 | AP@50=0.0114 | SliceAP=0.3564 | EMA_SliceAP=0.3638
  Epoch   8/35 | LR=1.10e-03 | TLoss=14.5706 | VLoss=34.1830 | AP@50=0.0037 | SliceAP=0.5941 | EMA_SliceAP=0.4329
  Epoch   9/35 | LR=1.24e-03 | TLoss=12.9460 | VLoss=36.6872 | AP@50=0.0188 | SliceAP=0.5941 | EMA_SliceAP=0.4812
  Epoch  10/35 | LR=1.24e-03 | TLoss=11.7444 | VLoss=35.6980 | AP@50=0.1078 | SliceAP=0.3960 | EMA_SliceAP=0.4557
  Epoch  11/35 | LR=1.23e-03 | TLoss=9.4112 | VLoss=37.4815 | AP@50=0.1768 | SliceAP=0.5545 | EMA_SliceAP=0.4853
  Epoch  12/35 | LR=1.21e-03 | TLoss=8.3698 | VLoss=31.0997 | AP@50=0.1971 | SliceAP=0.5446 | EMA_SliceAP=0.5031
  Epoch  13/35 | LR=1.18e-03 | TLoss=7.4999 | VLoss=32.7546 | AP@50=0.3258 | SliceAP=0.6238 | EMA_SliceAP=0.5393
  Epoch  14/35 | LR=1.14e-03 | TLoss=7.6462 | VLoss=34.8378 | AP@50=0.4283 | SliceAP=0.6337 | EMA_SliceAP=0.5676
  Epoch  15/35 | LR=1.10e-03 | TLoss=6.5852 | VLoss=38.5570 | AP@50=0.3574 | SliceAP=0.5941 | EMA_SliceAP=0.5755
  Epoch  16/35 | LR=1.05e-03 | TLoss=6.6920 | VLoss=35.3965 | AP@50=0.4119 | SliceAP=0.6337 | EMA_SliceAP=0.5930
  Epoch  17/35 | LR=9.95e-04 | TLoss=6.2364 | VLoss=33.8388 | AP@50=0.4526 | SliceAP=0.7030 | EMA_SliceAP=0.6260
  Epoch  18/35 | LR=9.35e-04 | TLoss=5.7007 | VLoss=33.7626 | AP@50=0.3730 | SliceAP=0.6634 | EMA_SliceAP=0.6372
  Epoch  19/35 | LR=8.71e-04 | TLoss=5.2376 | VLoss=35.1686 | AP@50=0.4038 | SliceAP=0.6535 | EMA_SliceAP=0.6421
  Epoch  20/35 | LR=8.04e-04 | TLoss=4.8571 | VLoss=34.7773 | AP@50=0.4341 | SliceAP=0.6634 | EMA_SliceAP=0.6485
  Epoch  21/35 | LR=7.34e-04 | TLoss=4.7817 | VLoss=35.1383 | AP@50=0.4260 | SliceAP=0.6337 | EMA_SliceAP=0.6440
  Epoch  22/35 | LR=6.63e-04 | TLoss=4.5003 | VLoss=35.0661 | AP@50=0.3872 | SliceAP=0.6337 | EMA_SliceAP=0.6409
  Epoch  23/35 | LR=5.91e-04 | TLoss=4.7460 | VLoss=34.1445 | AP@50=0.4292 | SliceAP=0.6634 | EMA_SliceAP=0.6476
  Epoch  24/35 | LR=5.20e-04 | TLoss=4.2363 | VLoss=33.6900 | AP@50=0.4331 | SliceAP=0.6436 | EMA_SliceAP=0.6464
  Epoch  25/35 | LR=4.50e-04 | TLoss=3.6444 | VLoss=33.4079 | AP@50=0.4989 | SliceAP=0.6535 | EMA_SliceAP=0.6485
  Epoch  26/35 | LR=3.82e-04 | TLoss=3.5584 | VLoss=34.3255 | AP@50=0.4495 | SliceAP=0.6436 | EMA_SliceAP=0.6470
  Epoch  27/35 | LR=3.18e-04 | TLoss=3.6153 | VLoss=34.7838 | AP@50=0.3394 | SliceAP=0.5941 | EMA_SliceAP=0.6311
  Epoch  28/35 | LR=2.58e-04 | TLoss=3.4897 | VLoss=32.7558 | AP@50=0.4469 | SliceAP=0.6238 | EMA_SliceAP=0.6289
  [Early stop at epoch 28, best EMA SliceAP=0.6485]
  [Checkpoints] top-3 saved → /fs01/home/dhaneshr/code/obj-det-test/checkpoints/hparam_v6/trial_0088/swa_manifest.yaml

[Trial 117] lr=2.83e-03  wd=2.73e-04  stride=5  bs=16  mosaic=0.47  ls=0.150  clahe=True  ssr=True  rbc=False  median=True(limit=5)  speckle=False(light)  cp_p=0.24
ScanAwareSampler: 13 scans, 2306 total slices, stride=5 → ~467 slices/epoch (20% of training set per epoch)
  Epoch   1/35 | LR=2.83e-04 | TLoss=92.8465 | VLoss=61.4173 | AP@50=0.0002 | SliceAP=0.2673 | EMA_SliceAP=0.2673
  Epoch   2/35 | LR=6.01e-04 | TLoss=33.0022 | VLoss=40.8551 | AP@50=0.0000 | SliceAP=0.0000 | EMA_SliceAP=0.1871
  Epoch   3/35 | LR=9.20e-04 | TLoss=27.7839 | VLoss=33.0958 | AP@50=0.0000 | SliceAP=0.0000 | EMA_SliceAP=0.1310
  Epoch   4/35 | LR=1.24e-03 | TLoss=26.9649 | VLoss=43.1430 | AP@50=0.0319 | SliceAP=0.1881 | EMA_SliceAP=0.1481
  Epoch   5/35 | LR=1.56e-03 | TLoss=27.1577 | VLoss=34.2747 | AP@50=0.0872 | SliceAP=0.3861 | EMA_SliceAP=0.2195
  Epoch   6/35 | LR=1.88e-03 | TLoss=22.8890 | VLoss=33.7939 | AP@50=0.2193 | SliceAP=0.6238 | EMA_SliceAP=0.3408
  Epoch   7/35 | LR=2.19e-03 | TLoss=21.1978 | VLoss=38.9657 | AP@50=0.1205 | SliceAP=0.6436 | EMA_SliceAP=0.4316
  Epoch   8/35 | LR=2.51e-03 | TLoss=17.8115 | VLoss=39.2932 | AP@50=0.1828 | SliceAP=0.5050 | EMA_SliceAP=0.4536
  Epoch   9/35 | LR=2.83e-03 | TLoss=17.1517 | VLoss=34.7065 | AP@50=0.1500 | SliceAP=0.6436 | EMA_SliceAP=0.5106
  Epoch  10/35 | LR=2.82e-03 | TLoss=17.9046 | VLoss=39.3766 | AP@50=0.2042 | SliceAP=0.4554 | EMA_SliceAP=0.4941
  [Pruned at epoch 10]

[Trial 128] lr=8.70e-04  wd=1.91e-03  stride=10  bs=8  mosaic=0.64  ls=0.080  clahe=True  ssr=False  rbc=False  median=False(limit=7)  speckle=False(medium)  cp_p=0.45
ScanAwareSampler: 13 scans, 2306 total slices, stride=10 → ~236 slices/epoch (10% of training set per epoch)
  Epoch   1/35 | LR=8.70e-05 | TLoss=143.8692 | VLoss=137.8706 | AP@50=0.0010 | SliceAP=0.4554 | EMA_SliceAP=0.4554
  Epoch   2/35 | LR=1.85e-04 | TLoss=52.7406 | VLoss=63.4750 | AP@50=0.0003 | SliceAP=0.1089 | EMA_SliceAP=0.3515
  Epoch   3/35 | LR=2.83e-04 | TLoss=30.4643 | VLoss=44.5056 | AP@50=0.0000 | SliceAP=0.0000 | EMA_SliceAP=0.2460
  Epoch   4/35 | LR=3.81e-04 | TLoss=26.9376 | VLoss=42.4395 | AP@50=0.0001 | SliceAP=0.0396 | EMA_SliceAP=0.1841
  Epoch   5/35 | LR=4.79e-04 | TLoss=25.0254 | VLoss=46.2351 | AP@50=0.0066 | SliceAP=0.2475 | EMA_SliceAP=0.2031
  Epoch   6/35 | LR=5.77e-04 | TLoss=23.1805 | VLoss=36.8672 | AP@50=0.1725 | SliceAP=0.4059 | EMA_SliceAP=0.2640
  Epoch   7/35 | LR=6.74e-04 | TLoss=19.9236 | VLoss=32.8211 | AP@50=0.0606 | SliceAP=0.7030 | EMA_SliceAP=0.3957
  Epoch   8/35 | LR=7.72e-04 | TLoss=16.9144 | VLoss=38.3905 | AP@50=0.1591 | SliceAP=0.6040 | EMA_SliceAP=0.4582
  Epoch   9/35 | LR=8.70e-04 | TLoss=15.5445 | VLoss=35.1085 | AP@50=0.1645 | SliceAP=0.6238 | EMA_SliceAP=0.5078
  Epoch  10/35 | LR=8.67e-04 | TLoss=14.0135 | VLoss=43.3652 | AP@50=0.2777 | SliceAP=0.7228 | EMA_SliceAP=0.5723
  Epoch  11/35 | LR=8.59e-04 | TLoss=13.1720 | VLoss=43.5591 | AP@50=0.1971 | SliceAP=0.5644 | EMA_SliceAP=0.5699
  Epoch  12/35 | LR=8.44e-04 | TLoss=10.2531 | VLoss=37.4151 | AP@50=0.2109 | SliceAP=0.6931 | EMA_SliceAP=0.6069
  Epoch  13/35 | LR=8.24e-04 | TLoss=10.9637 | VLoss=39.3311 | AP@50=0.2279 | SliceAP=0.6337 | EMA_SliceAP=0.6149
  Epoch  14/35 | LR=7.99e-04 | TLoss=9.5305 | VLoss=37.7180 | AP@50=0.2744 | SliceAP=0.5941 | EMA_SliceAP=0.6087
  Epoch  15/35 | LR=7.70e-04 | TLoss=9.3874 | VLoss=36.2306 | AP@50=0.2471 | SliceAP=0.6733 | EMA_SliceAP=0.6280
  Epoch  16/35 | LR=7.35e-04 | TLoss=8.8759 | VLoss=31.5106 | AP@50=0.1335 | SliceAP=0.6238 | EMA_SliceAP=0.6268
  Epoch  17/35 | LR=6.97e-04 | TLoss=7.6503 | VLoss=31.3625 | AP@50=0.2389 | SliceAP=0.7030 | EMA_SliceAP=0.6496
  Epoch  18/35 | LR=6.55e-04 | TLoss=7.3543 | VLoss=34.9723 | AP@50=0.2497 | SliceAP=0.6238 | EMA_SliceAP=0.6419
  Epoch  19/35 | LR=6.10e-04 | TLoss=8.1950 | VLoss=34.3097 | AP@50=0.2666 | SliceAP=0.6436 | EMA_SliceAP=0.6424
  Epoch  20/35 | LR=5.63e-04 | TLoss=6.6116 | VLoss=35.2794 | AP@50=0.3118 | SliceAP=0.5644 | EMA_SliceAP=0.6190
  Epoch  21/35 | LR=5.15e-04 | TLoss=6.7691 | VLoss=36.8603 | AP@50=0.2305 | SliceAP=0.5842 | EMA_SliceAP=0.6085
  Epoch  22/35 | LR=4.65e-04 | TLoss=6.2598 | VLoss=38.1762 | AP@50=0.2620 | SliceAP=0.6139 | EMA_SliceAP=0.6101
  Epoch  23/35 | LR=4.15e-04 | TLoss=6.7160 | VLoss=36.6727 | AP@50=0.2637 | SliceAP=0.5545 | EMA_SliceAP=0.5934
  Epoch  24/35 | LR=3.65e-04 | TLoss=5.9882 | VLoss=33.6713 | AP@50=0.3297 | SliceAP=0.5545 | EMA_SliceAP=0.5817
  Epoch  25/35 | LR=3.17e-04 | TLoss=5.5768 | VLoss=36.2760 | AP@50=0.2554 | SliceAP=0.5248 | EMA_SliceAP=0.5646
  [Early stop at epoch 25, best EMA SliceAP=0.6496]
  [Checkpoints] top-3 saved → /fs01/home/dhaneshr/code/obj-det-test/checkpoints/hparam_v6/trial_0128/swa_manifest.yaml

[Trial 156] lr=3.75e-03  wd=2.96e-03  stride=7  bs=16  mosaic=0.50  ls=0.024  clahe=False  ssr=True  rbc=True  median=True(limit=5)  speckle=True(heavy)  cp_p=0.54
ScanAwareSampler: 13 scans, 2306 total slices, stride=7 → ~336 slices/epoch (15% of training set per epoch)
  Epoch   1/35 | LR=3.75e-04 | TLoss=89.3558 | VLoss=49.5170 | AP@50=0.0010 | SliceAP=0.5347 | EMA_SliceAP=0.5347
  Epoch   2/35 | LR=7.97e-04 | TLoss=32.4967 | VLoss=36.5370 | AP@50=0.0000 | SliceAP=0.3465 | EMA_SliceAP=0.4782
  Epoch   3/35 | LR=1.22e-03 | TLoss=31.4662 | VLoss=42.3082 | AP@50=0.0002 | SliceAP=0.3861 | EMA_SliceAP=0.4506
  Epoch   4/35 | LR=1.64e-03 | TLoss=28.5971 | VLoss=37.0461 | AP@50=0.0029 | SliceAP=0.2871 | EMA_SliceAP=0.4016
  Epoch   5/35 | LR=2.06e-03 | TLoss=28.9647 | VLoss=43.2347 | AP@50=0.0003 | SliceAP=0.2376 | EMA_SliceAP=0.3524
  Epoch   6/35 | LR=2.48e-03 | TLoss=29.6423 | VLoss=39.8179 | AP@50=0.0000 | SliceAP=0.0000 | EMA_SliceAP=0.2467
  Epoch   7/35 | LR=2.90e-03 | TLoss=26.5848 | VLoss=38.3855 | AP@50=0.0373 | SliceAP=0.2475 | EMA_SliceAP=0.2469
  Epoch   8/35 | LR=3.33e-03 | TLoss=26.5263 | VLoss=37.5939 | AP@50=0.0001 | SliceAP=0.0198 | EMA_SliceAP=0.1788
  Epoch   9/35 | LR=3.75e-03 | TLoss=26.2670 | VLoss=35.8823 | AP@50=0.0829 | SliceAP=0.4752 | EMA_SliceAP=0.2677
  [Early stop at epoch 9, best EMA SliceAP=0.5347]
  [Checkpoints] top-3 saved → /fs01/home/dhaneshr/code/obj-det-test/checkpoints/hparam_v6/trial_0156/swa_manifest.yaml

[Trial 168] lr=4.91e-04  wd=4.37e-04  stride=7  bs=16  mosaic=0.34  ls=0.035  clahe=True  ssr=True  rbc=False  median=True(limit=5)  speckle=False(heavy)  cp_p=0.47
ScanAwareSampler: 13 scans, 2306 total slices, stride=7 → ~336 slices/epoch (15% of training set per epoch)
  Epoch   1/35 | LR=4.91e-05 | TLoss=195.7488 | VLoss=204.3142 | AP@50=0.0005 | SliceAP=0.1881 | EMA_SliceAP=0.1881
  Epoch   2/35 | LR=1.04e-04 | TLoss=134.2376 | VLoss=120.5145 | AP@50=0.0005 | SliceAP=0.6040 | EMA_SliceAP=0.3129
  Epoch   3/35 | LR=1.60e-04 | TLoss=71.5185 | VLoss=73.6412 | AP@50=0.0004 | SliceAP=0.5545 | EMA_SliceAP=0.3853
  Epoch   4/35 | LR=2.15e-04 | TLoss=40.4249 | VLoss=42.4759 | AP@50=0.0000 | SliceAP=0.0198 | EMA_SliceAP=0.2757
  Epoch   5/35 | LR=2.70e-04 | TLoss=29.2179 | VLoss=38.4323 | AP@50=0.0008 | SliceAP=0.0297 | EMA_SliceAP=0.2019
  Epoch   6/35 | LR=3.25e-04 | TLoss=29.9497 | VLoss=37.2261 | AP@50=0.0000 | SliceAP=0.0000 | EMA_SliceAP=0.1413
  Epoch   7/35 | LR=3.80e-04 | TLoss=27.4098 | VLoss=34.9557 | AP@50=0.0396 | SliceAP=0.3663 | EMA_SliceAP=0.2088
  Epoch   8/35 | LR=4.36e-04 | TLoss=26.2129 | VLoss=34.9907 | AP@50=0.0683 | SliceAP=0.2574 | EMA_SliceAP=0.2234
  Epoch   9/35 | LR=4.91e-04 | TLoss=23.6469 | VLoss=34.8966 | AP@50=0.1070 | SliceAP=0.4356 | EMA_SliceAP=0.2871
  Epoch  10/35 | LR=4.89e-04 | TLoss=21.1379 | VLoss=32.7100 | AP@50=0.1811 | SliceAP=0.6139 | EMA_SliceAP=0.3851
  Epoch  11/35 | LR=4.84e-04 | TLoss=20.6819 | VLoss=34.6326 | AP@50=0.1829 | SliceAP=0.5941 | EMA_SliceAP=0.4478
  Epoch  12/35 | LR=4.76e-04 | TLoss=19.5187 | VLoss=30.6180 | AP@50=0.1009 | SliceAP=0.6931 | EMA_SliceAP=0.5214
  Epoch  13/35 | LR=4.65e-04 | TLoss=17.8101 | VLoss=34.5441 | AP@50=0.2371 | SliceAP=0.5941 | EMA_SliceAP=0.5432
  Epoch  14/35 | LR=4.51e-04 | TLoss=15.4749 | VLoss=36.7679 | AP@50=0.2081 | SliceAP=0.5446 | EMA_SliceAP=0.5436
  Epoch  15/35 | LR=4.35e-04 | TLoss=13.9396 | VLoss=32.2642 | AP@50=0.3513 | SliceAP=0.7030 | EMA_SliceAP=0.5914
  Epoch  16/35 | LR=4.15e-04 | TLoss=13.9544 | VLoss=30.5575 | AP@50=0.2491 | SliceAP=0.5347 | EMA_SliceAP=0.5744
  Epoch  17/35 | LR=3.94e-04 | TLoss=13.3235 | VLoss=31.7036 | AP@50=0.2978 | SliceAP=0.7228 | EMA_SliceAP=0.6189
  Epoch  18/35 | LR=3.71e-04 | TLoss=12.7121 | VLoss=31.7125 | AP@50=0.2630 | SliceAP=0.6040 | EMA_SliceAP=0.6144
  Epoch  19/35 | LR=3.46e-04 | TLoss=11.9038 | VLoss=28.4960 | AP@50=0.3413 | SliceAP=0.6931 | EMA_SliceAP=0.6380
  Epoch  20/35 | LR=3.19e-04 | TLoss=12.0346 | VLoss=29.7785 | AP@50=0.3422 | SliceAP=0.7129 | EMA_SliceAP=0.6605
  Epoch  21/35 | LR=2.92e-04 | TLoss=11.1477 | VLoss=30.4661 | AP@50=0.2904 | SliceAP=0.5842 | EMA_SliceAP=0.6376
  Epoch  22/35 | LR=2.64e-04 | TLoss=11.1457 | VLoss=29.8103 | AP@50=0.3396 | SliceAP=0.6535 | EMA_SliceAP=0.6423
  Epoch  23/35 | LR=2.36e-04 | TLoss=9.8006 | VLoss=30.6948 | AP@50=0.3447 | SliceAP=0.6832 | EMA_SliceAP=0.6546
  Epoch  24/35 | LR=2.09e-04 | TLoss=9.9400 | VLoss=29.5754 | AP@50=0.3784 | SliceAP=0.6832 | EMA_SliceAP=0.6632
  Epoch  25/35 | LR=1.81e-04 | TLoss=10.1792 | VLoss=30.1392 | AP@50=0.3662 | SliceAP=0.6139 | EMA_SliceAP=0.6484
  Epoch  26/35 | LR=1.55e-04 | TLoss=9.3531 | VLoss=30.4675 | AP@50=0.4003 | SliceAP=0.6733 | EMA_SliceAP=0.6558
  Epoch  27/35 | LR=1.30e-04 | TLoss=9.1190 | VLoss=31.7329 | AP@50=0.4215 | SliceAP=0.7030 | EMA_SliceAP=0.6700
  Epoch  28/35 | LR=1.07e-04 | TLoss=8.5556 | VLoss=30.1089 | AP@50=0.3488 | SliceAP=0.6337 | EMA_SliceAP=0.6591
  Epoch  29/35 | LR=8.54e-05 | TLoss=8.3134 | VLoss=30.2727 | AP@50=0.3964 | SliceAP=0.6733 | EMA_SliceAP=0.6633
  Epoch  30/35 | LR=6.63e-05 | TLoss=8.4205 | VLoss=31.2197 | AP@50=0.3351 | SliceAP=0.5743 | EMA_SliceAP=0.6366
  [Pruned at epoch 30]

[Trial 198] lr=3.39e-04  wd=1.77e-04  stride=7  bs=16  mosaic=0.56  ls=0.028  clahe=True  ssr=True  rbc=False  median=True(limit=5)  speckle=False(heavy)  cp_p=0.53
ScanAwareSampler: 13 scans, 2306 total slices, stride=7 → ~336 slices/epoch (15% of training set per epoch)
  Epoch   1/35 | LR=3.39e-05 | TLoss=187.6150 | VLoss=197.6071 | AP@50=0.0008 | SliceAP=0.1881 | EMA_SliceAP=0.1881
  Epoch   2/35 | LR=7.20e-05 | TLoss=134.4304 | VLoss=117.4526 | AP@50=0.0000 | SliceAP=0.5941 | EMA_SliceAP=0.3099
  Epoch   3/35 | LR=1.10e-04 | TLoss=57.7030 | VLoss=65.0087 | AP@50=0.0000 | SliceAP=0.3663 | EMA_SliceAP=0.3268
  Epoch   4/35 | LR=1.48e-04 | TLoss=34.5406 | VLoss=47.7472 | AP@50=0.0001 | SliceAP=0.3960 | EMA_SliceAP=0.3476
  Epoch   5/35 | LR=1.86e-04 | TLoss=30.7338 | VLoss=44.6648 | AP@50=0.0001 | SliceAP=0.3267 | EMA_SliceAP=0.3413
  Epoch   6/35 | LR=2.24e-04 | TLoss=28.8500 | VLoss=42.2690 | AP@50=0.0000 | SliceAP=0.0891 | EMA_SliceAP=0.2657
  Epoch   7/35 | LR=2.63e-04 | TLoss=26.9329 | VLoss=41.0489 | AP@50=0.0002 | SliceAP=0.1584 | EMA_SliceAP=0.2335
  Epoch   8/35 | LR=3.01e-04 | TLoss=25.4514 | VLoss=39.5040 | AP@50=0.0000 | SliceAP=0.0396 | EMA_SliceAP=0.1753
  Epoch   9/35 | LR=3.39e-04 | TLoss=27.5040 | VLoss=43.7944 | AP@50=0.0003 | SliceAP=0.1980 | EMA_SliceAP=0.1821
  Epoch  10/35 | LR=3.38e-04 | TLoss=23.8334 | VLoss=38.8158 | AP@50=0.0015 | SliceAP=0.3960 | EMA_SliceAP=0.2463
  [Pruned at epoch 10]

[Trial 209] lr=4.43e-04  wd=8.64e-04  stride=7  bs=8  mosaic=0.48  ls=0.031  clahe=True  ssr=True  rbc=False  median=True(limit=5)  speckle=False(heavy)  cp_p=0.51
ScanAwareSampler: 13 scans, 2306 total slices, stride=7 → ~336 slices/epoch (15% of training set per epoch)
  Epoch   1/35 | LR=4.43e-05 | TLoss=172.7891 | VLoss=156.9902 | AP@50=0.0000 | SliceAP=0.2871 | EMA_SliceAP=0.2871
  Epoch   2/35 | LR=9.41e-05 | TLoss=81.5003 | VLoss=82.3150 | AP@50=0.0006 | SliceAP=0.3069 | EMA_SliceAP=0.2931
  Epoch   3/35 | LR=1.44e-04 | TLoss=39.8083 | VLoss=45.0151 | AP@50=0.0005 | SliceAP=0.1881 | EMA_SliceAP=0.2616
  Epoch   4/35 | LR=1.94e-04 | TLoss=31.3787 | VLoss=39.8973 | AP@50=0.0058 | SliceAP=0.2178 | EMA_SliceAP=0.2485
  Epoch   5/35 | LR=2.44e-04 | TLoss=28.5998 | VLoss=42.4525 | AP@50=0.0022 | SliceAP=0.1485 | EMA_SliceAP=0.2185
  Epoch   6/35 | LR=2.93e-04 | TLoss=28.0416 | VLoss=36.4429 | AP@50=0.0004 | SliceAP=0.0891 | EMA_SliceAP=0.1797
  Epoch   7/35 | LR=3.43e-04 | TLoss=23.8341 | VLoss=40.7501 | AP@50=0.1097 | SliceAP=0.4950 | EMA_SliceAP=0.2743
  Epoch   8/35 | LR=3.93e-04 | TLoss=23.0222 | VLoss=35.0679 | AP@50=0.1652 | SliceAP=0.5446 | EMA_SliceAP=0.3554
  Epoch   9/35 | LR=4.43e-04 | TLoss=21.6227 | VLoss=36.0907 | AP@50=0.1674 | SliceAP=0.6535 | EMA_SliceAP=0.4448
  Epoch  10/35 | LR=4.42e-04 | TLoss=16.3600 | VLoss=36.2629 | AP@50=0.1510 | SliceAP=0.7030 | EMA_SliceAP=0.5222
  Epoch  11/35 | LR=4.37e-04 | TLoss=14.4912 | VLoss=33.3359 | AP@50=0.2498 | SliceAP=0.6535 | EMA_SliceAP=0.5616
  Epoch  12/35 | LR=4.30e-04 | TLoss=13.9950 | VLoss=32.9481 | AP@50=0.2679 | SliceAP=0.6832 | EMA_SliceAP=0.5981
  Epoch  13/35 | LR=4.20e-04 | TLoss=13.5408 | VLoss=33.9089 | AP@50=0.2364 | SliceAP=0.4950 | EMA_SliceAP=0.5672
  Epoch  14/35 | LR=4.07e-04 | TLoss=11.2153 | VLoss=30.3526 | AP@50=0.2438 | SliceAP=0.7327 | EMA_SliceAP=0.6168
  Epoch  15/35 | LR=3.92e-04 | TLoss=11.2162 | VLoss=33.9123 | AP@50=0.1870 | SliceAP=0.5347 | EMA_SliceAP=0.5922
  Epoch  16/35 | LR=3.75e-04 | TLoss=10.0415 | VLoss=30.0367 | AP@50=0.3078 | SliceAP=0.6832 | EMA_SliceAP=0.6195
  Epoch  17/35 | LR=3.56e-04 | TLoss=9.7361 | VLoss=33.4951 | AP@50=0.3367 | SliceAP=0.7129 | EMA_SliceAP=0.6475
  Epoch  18/35 | LR=3.35e-04 | TLoss=9.9545 | VLoss=32.7716 | AP@50=0.2629 | SliceAP=0.6634 | EMA_SliceAP=0.6523
  Epoch  19/35 | LR=3.12e-04 | TLoss=9.3096 | VLoss=30.3194 | AP@50=0.3419 | SliceAP=0.6733 | EMA_SliceAP=0.6586
  Epoch  20/35 | LR=2.89e-04 | TLoss=9.2735 | VLoss=30.8197 | AP@50=0.3123 | SliceAP=0.6832 | EMA_SliceAP=0.6659
  Epoch  21/35 | LR=2.64e-04 | TLoss=8.2144 | VLoss=29.9927 | AP@50=0.3753 | SliceAP=0.6634 | EMA_SliceAP=0.6652
  Epoch  22/35 | LR=2.39e-04 | TLoss=8.4452 | VLoss=28.8138 | AP@50=0.3176 | SliceAP=0.7030 | EMA_SliceAP=0.6765
  Epoch  23/35 | LR=2.14e-04 | TLoss=8.7912 | VLoss=31.9732 | AP@50=0.3388 | SliceAP=0.6634 | EMA_SliceAP=0.6726
  Epoch  24/35 | LR=1.89e-04 | TLoss=8.2897 | VLoss=31.0225 | AP@50=0.3457 | SliceAP=0.7129 | EMA_SliceAP=0.6847
  Epoch  25/35 | LR=1.64e-04 | TLoss=7.8546 | VLoss=29.8447 | AP@50=0.3789 | SliceAP=0.7129 | EMA_SliceAP=0.6931
  Epoch  26/35 | LR=1.41e-04 | TLoss=6.9863 | VLoss=30.9365 | AP@50=0.4531 | SliceAP=0.7030 | EMA_SliceAP=0.6961
  Epoch  27/35 | LR=1.18e-04 | TLoss=7.4226 | VLoss=31.4980 | AP@50=0.3664 | SliceAP=0.7030 | EMA_SliceAP=0.6981
  Epoch  28/35 | LR=9.72e-05 | TLoss=6.7635 | VLoss=29.6269 | AP@50=0.3985 | SliceAP=0.7129 | EMA_SliceAP=0.7026
  Epoch  29/35 | LR=7.79e-05 | TLoss=6.9062 | VLoss=29.9628 | AP@50=0.3499 | SliceAP=0.6535 | EMA_SliceAP=0.6878
  Epoch  30/35 | LR=6.07e-05 | TLoss=6.4712 | VLoss=30.3512 | AP@50=0.4213 | SliceAP=0.7030 | EMA_SliceAP=0.6924
  Epoch  31/35 | LR=4.56e-05 | TLoss=6.8955 | VLoss=29.5332 | AP@50=0.4015 | SliceAP=0.7030 | EMA_SliceAP=0.6956
  Epoch  32/35 | LR=3.30e-05 | TLoss=7.0831 | VLoss=29.2713 | AP@50=0.4537 | SliceAP=0.7129 | EMA_SliceAP=0.7007
  Epoch  33/35 | LR=2.31e-05 | TLoss=6.2597 | VLoss=29.9264 | AP@50=0.4289 | SliceAP=0.7030 | EMA_SliceAP=0.7014
  Epoch  34/35 | LR=1.58e-05 | TLoss=6.1874 | VLoss=30.2969 | AP@50=0.4265 | SliceAP=0.7030 | EMA_SliceAP=0.7019
  Epoch  35/35 | LR=1.15e-05 | TLoss=6.5074 | VLoss=30.1207 | AP@50=0.4301 | SliceAP=0.7228 | EMA_SliceAP=0.7081
  [Checkpoints] top-3 saved → /fs01/home/dhaneshr/code/obj-det-test/checkpoints/hparam_v6/trial_0209/swa_manifest.yaml

[Trial 242] lr=3.52e-04  wd=1.86e-04  stride=7  bs=16  mosaic=0.47  ls=0.016  clahe=True  ssr=True  rbc=False  median=True(limit=5)  speckle=False(heavy)  cp_p=0.48
ScanAwareSampler: 13 scans, 2306 total slices, stride=7 → ~336 slices/epoch (15% of training set per epoch)
  Epoch   1/35 | LR=3.52e-05 | TLoss=195.4123 | VLoss=202.9090 | AP@50=0.0000 | SliceAP=0.1980 | EMA_SliceAP=0.1980
  Epoch   2/35 | LR=7.48e-05 | TLoss=139.3030 | VLoss=139.7613 | AP@50=0.0010 | SliceAP=0.5644 | EMA_SliceAP=0.3079
  Epoch   3/35 | LR=1.14e-04 | TLoss=74.6026 | VLoss=97.6353 | AP@50=0.0001 | SliceAP=0.3366 | EMA_SliceAP=0.3165
  Epoch   4/35 | LR=1.54e-04 | TLoss=48.7460 | VLoss=57.8732 | AP@50=0.0000 | SliceAP=0.1188 | EMA_SliceAP=0.2572
  Epoch   5/35 | LR=1.94e-04 | TLoss=34.9177 | VLoss=48.4097 | AP@50=0.0004 | SliceAP=0.0495 | EMA_SliceAP=0.1949
  Epoch   6/35 | LR=2.33e-04 | TLoss=29.4072 | VLoss=41.3316 | AP@50=0.0006 | SliceAP=0.0792 | EMA_SliceAP=0.1602
  Epoch   7/35 | LR=2.73e-04 | TLoss=25.5816 | VLoss=40.2687 | AP@50=0.0000 | SliceAP=0.0000 | EMA_SliceAP=0.1121
  Epoch   8/35 | LR=3.12e-04 | TLoss=24.5271 | VLoss=47.1437 | AP@50=0.0002 | SliceAP=0.0297 | EMA_SliceAP=0.0874
  Epoch   9/35 | LR=3.52e-04 | TLoss=23.6128 | VLoss=38.3788 | AP@50=0.1325 | SliceAP=0.4356 | EMA_SliceAP=0.1919
  Epoch  10/35 | LR=3.51e-04 | TLoss=21.3501 | VLoss=38.0919 | AP@50=0.1251 | SliceAP=0.4752 | EMA_SliceAP=0.2769
  [Pruned at epoch 10]

[Trial 250] lr=3.50e-04  wd=2.58e-04  stride=7  bs=8  mosaic=0.47  ls=0.033  clahe=True  ssr=True  rbc=False  median=True(limit=7)  speckle=False(heavy)  cp_p=0.67
ScanAwareSampler: 13 scans, 2306 total slices, stride=7 → ~336 slices/epoch (15% of training set per epoch)
  Epoch   1/35 | LR=3.50e-05 | TLoss=169.4346 | VLoss=156.6185 | AP@50=0.0000 | SliceAP=0.2574 | EMA_SliceAP=0.2574
  Epoch   2/35 | LR=7.44e-05 | TLoss=90.4567 | VLoss=88.7372 | AP@50=0.0021 | SliceAP=0.4950 | EMA_SliceAP=0.3287
  Epoch   3/35 | LR=1.14e-04 | TLoss=41.6113 | VLoss=48.5546 | AP@50=0.0031 | SliceAP=0.3663 | EMA_SliceAP=0.3400
  Epoch   4/35 | LR=1.53e-04 | TLoss=31.9751 | VLoss=39.1589 | AP@50=0.0006 | SliceAP=0.0495 | EMA_SliceAP=0.2529
  Epoch   5/35 | LR=1.92e-04 | TLoss=29.2995 | VLoss=37.0107 | AP@50=0.0006 | SliceAP=0.0297 | EMA_SliceAP=0.1859
  Epoch   6/35 | LR=2.32e-04 | TLoss=26.4372 | VLoss=38.7321 | AP@50=0.0230 | SliceAP=0.3366 | EMA_SliceAP=0.2311
  Epoch   7/35 | LR=2.71e-04 | TLoss=25.2082 | VLoss=38.9996 | AP@50=0.1562 | SliceAP=0.4356 | EMA_SliceAP=0.2925
  Epoch   8/35 | LR=3.11e-04 | TLoss=21.6986 | VLoss=35.2216 | AP@50=0.0817 | SliceAP=0.4356 | EMA_SliceAP=0.3354
  Epoch   9/35 | LR=3.50e-04 | TLoss=18.8852 | VLoss=38.9601 | AP@50=0.1117 | SliceAP=0.4554 | EMA_SliceAP=0.3714
  Epoch  10/35 | LR=3.49e-04 | TLoss=18.2142 | VLoss=37.2082 | AP@50=0.0162 | SliceAP=0.5149 | EMA_SliceAP=0.4145
  Epoch  11/35 | LR=3.45e-04 | TLoss=16.9562 | VLoss=34.5795 | AP@50=0.1246 | SliceAP=0.7129 | EMA_SliceAP=0.5040
  Epoch  12/35 | LR=3.40e-04 | TLoss=14.7317 | VLoss=34.0997 | AP@50=0.2442 | SliceAP=0.6832 | EMA_SliceAP=0.5577
  Epoch  13/35 | LR=3.32e-04 | TLoss=13.1998 | VLoss=37.9263 | AP@50=0.1507 | SliceAP=0.6634 | EMA_SliceAP=0.5894
  Epoch  14/35 | LR=3.22e-04 | TLoss=12.1683 | VLoss=30.7833 | AP@50=0.3399 | SliceAP=0.7525 | EMA_SliceAP=0.6383
  Epoch  15/35 | LR=3.10e-04 | TLoss=12.3781 | VLoss=36.1690 | AP@50=0.3595 | SliceAP=0.7129 | EMA_SliceAP=0.6607
  Epoch  16/35 | LR=2.97e-04 | TLoss=11.9414 | VLoss=31.7312 | AP@50=0.2507 | SliceAP=0.7327 | EMA_SliceAP=0.6823
  Epoch  17/35 | LR=2.81e-04 | TLoss=10.6816 | VLoss=37.9198 | AP@50=0.2669 | SliceAP=0.7030 | EMA_SliceAP=0.6885
  Epoch  18/35 | LR=2.65e-04 | TLoss=11.0238 | VLoss=36.2255 | AP@50=0.3578 | SliceAP=0.6832 | EMA_SliceAP=0.6869
  Epoch  19/35 | LR=2.47e-04 | TLoss=9.9040 | VLoss=33.8821 | AP@50=0.3686 | SliceAP=0.6238 | EMA_SliceAP=0.6680
  Epoch  20/35 | LR=2.29e-04 | TLoss=8.9852 | VLoss=27.9067 | AP@50=0.3382 | SliceAP=0.7426 | EMA_SliceAP=0.6903
  Epoch  21/35 | LR=2.09e-04 | TLoss=8.7584 | VLoss=29.5661 | AP@50=0.3285 | SliceAP=0.6733 | EMA_SliceAP=0.6852
  Epoch  22/35 | LR=1.90e-04 | TLoss=9.1980 | VLoss=31.2230 | AP@50=0.3372 | SliceAP=0.6733 | EMA_SliceAP=0.6816
  Epoch  23/35 | LR=1.70e-04 | TLoss=8.8010 | VLoss=36.2818 | AP@50=0.3621 | SliceAP=0.6634 | EMA_SliceAP=0.6762
  Epoch  24/35 | LR=1.50e-04 | TLoss=7.9067 | VLoss=32.9386 | AP@50=0.2061 | SliceAP=0.6634 | EMA_SliceAP=0.6723
  Epoch  25/35 | LR=1.31e-04 | TLoss=8.3848 | VLoss=31.6051 | AP@50=0.2945 | SliceAP=0.6733 | EMA_SliceAP=0.6726
  [Early stop at epoch 25, best EMA SliceAP=0.6885]
  [Checkpoints] top-3 saved → /fs01/home/dhaneshr/code/obj-det-test/checkpoints/hparam_v6/trial_0250/swa_manifest.yaml

[Trial 274] lr=3.25e-04  wd=1.17e-03  stride=7  bs=16  mosaic=0.49  ls=0.022  clahe=True  ssr=True  rbc=False  median=True(limit=7)  speckle=False(heavy)  cp_p=0.67
ScanAwareSampler: 13 scans, 2306 total slices, stride=7 → ~336 slices/epoch (15% of training set per epoch)
  Epoch   1/35 | LR=3.25e-05 | TLoss=190.2492 | VLoss=201.1612 | AP@50=0.0000 | SliceAP=0.1881 | EMA_SliceAP=0.1881
  Epoch   2/35 | LR=6.90e-05 | TLoss=137.9753 | VLoss=137.2737 | AP@50=0.0003 | SliceAP=0.5149 | EMA_SliceAP=0.2861
  Epoch   3/35 | LR=1.06e-04 | TLoss=68.4531 | VLoss=93.7958 | AP@50=0.0003 | SliceAP=0.5149 | EMA_SliceAP=0.3548
  Epoch   4/35 | LR=1.42e-04 | TLoss=43.8247 | VLoss=61.9557 | AP@50=0.0057 | SliceAP=0.5248 | EMA_SliceAP=0.4058
  Epoch   5/35 | LR=1.79e-04 | TLoss=33.7825 | VLoss=45.1682 | AP@50=0.0002 | SliceAP=0.0990 | EMA_SliceAP=0.3137
  Epoch   6/35 | LR=2.15e-04 | TLoss=30.5069 | VLoss=41.2004 | AP@50=0.0027 | SliceAP=0.1782 | EMA_SliceAP=0.2731
  Epoch   7/35 | LR=2.52e-04 | TLoss=26.0128 | VLoss=38.7477 | AP@50=0.0001 | SliceAP=0.0297 | EMA_SliceAP=0.2001
  Epoch   8/35 | LR=2.88e-04 | TLoss=24.9168 | VLoss=34.6662 | AP@50=0.0429 | SliceAP=0.3663 | EMA_SliceAP=0.2499
  Epoch   9/35 | LR=3.25e-04 | TLoss=23.8362 | VLoss=35.9171 | AP@50=0.0493 | SliceAP=0.4851 | EMA_SliceAP=0.3205
  Epoch  10/35 | LR=3.24e-04 | TLoss=22.0955 | VLoss=39.9848 | AP@50=0.1807 | SliceAP=0.5446 | EMA_SliceAP=0.3877
  Epoch  11/35 | LR=3.21e-04 | TLoss=19.8437 | VLoss=34.0920 | AP@50=0.1596 | SliceAP=0.6238 | EMA_SliceAP=0.4585
  Epoch  12/35 | LR=3.15e-04 | TLoss=17.3148 | VLoss=38.5285 | AP@50=0.1887 | SliceAP=0.5941 | EMA_SliceAP=0.4992
  Epoch  13/35 | LR=3.08e-04 | TLoss=15.5766 | VLoss=34.9614 | AP@50=0.1779 | SliceAP=0.6832 | EMA_SliceAP=0.5544
  Epoch  14/35 | LR=2.99e-04 | TLoss=13.9092 | VLoss=47.1335 | AP@50=0.1800 | SliceAP=0.5842 | EMA_SliceAP=0.5633
  Epoch  15/35 | LR=2.88e-04 | TLoss=13.9940 | VLoss=37.6567 | AP@50=0.2194 | SliceAP=0.6931 | EMA_SliceAP=0.6022
  Epoch  16/35 | LR=2.75e-04 | TLoss=13.5455 | VLoss=34.8387 | AP@50=0.2644 | SliceAP=0.6832 | EMA_SliceAP=0.6265
  Epoch  17/35 | LR=2.61e-04 | TLoss=12.1857 | VLoss=38.7220 | AP@50=0.0791 | SliceAP=0.6238 | EMA_SliceAP=0.6257
  Epoch  18/35 | LR=2.46e-04 | TLoss=11.3809 | VLoss=41.6384 | AP@50=0.1198 | SliceAP=0.5248 | EMA_SliceAP=0.5954
  Epoch  19/35 | LR=2.30e-04 | TLoss=10.4788 | VLoss=36.0928 | AP@50=0.3297 | SliceAP=0.6931 | EMA_SliceAP=0.6247
  Epoch  20/35 | LR=2.13e-04 | TLoss=10.2368 | VLoss=32.6906 | AP@50=0.2789 | SliceAP=0.7129 | EMA_SliceAP=0.6512
  Epoch  21/35 | LR=1.95e-04 | TLoss=9.6685 | VLoss=35.5703 | AP@50=0.3295 | SliceAP=0.7129 | EMA_SliceAP=0.6697
  Epoch  22/35 | LR=1.77e-04 | TLoss=9.5544 | VLoss=39.3161 | AP@50=0.3684 | SliceAP=0.7129 | EMA_SliceAP=0.6826
  Epoch  23/35 | LR=1.58e-04 | TLoss=9.5830 | VLoss=31.3994 | AP@50=0.3846 | SliceAP=0.7327 | EMA_SliceAP=0.6976
  Epoch  24/35 | LR=1.40e-04 | TLoss=9.4911 | VLoss=32.7562 | AP@50=0.3269 | SliceAP=0.7129 | EMA_SliceAP=0.7022
  Epoch  25/35 | LR=1.22e-04 | TLoss=8.4444 | VLoss=32.5207 | AP@50=0.3618 | SliceAP=0.7030 | EMA_SliceAP=0.7024
  Epoch  26/35 | LR=1.05e-04 | TLoss=8.2878 | VLoss=36.4512 | AP@50=0.3184 | SliceAP=0.6040 | EMA_SliceAP=0.6729
  Epoch  27/35 | LR=8.87e-05 | TLoss=7.7402 | VLoss=34.5336 | AP@50=0.3267 | SliceAP=0.6733 | EMA_SliceAP=0.6730
  Epoch  28/35 | LR=7.34e-05 | TLoss=7.9994 | VLoss=35.6836 | AP@50=0.3084 | SliceAP=0.6337 | EMA_SliceAP=0.6612
  Epoch  29/35 | LR=5.94e-05 | TLoss=7.5639 | VLoss=36.0103 | AP@50=0.3240 | SliceAP=0.6238 | EMA_SliceAP=0.6500
  Epoch  30/35 | LR=4.68e-05 | TLoss=7.3875 | VLoss=35.3218 | AP@50=0.3112 | SliceAP=0.6337 | EMA_SliceAP=0.6451
  [Pruned at epoch 30]

[Trial 301] lr=3.75e-04  wd=1.72e-04  stride=7  bs=16  mosaic=0.56  ls=0.049  clahe=False  ssr=True  rbc=True  median=True(limit=5)  speckle=True(light)  cp_p=0.68
ScanAwareSampler: 13 scans, 2306 total slices, stride=7 → ~336 slices/epoch (15% of training set per epoch)
  Epoch   1/35 | LR=3.75e-05 | TLoss=183.4599 | VLoss=200.4681 | AP@50=0.0000 | SliceAP=0.1782 | EMA_SliceAP=0.1782
  Epoch   2/35 | LR=7.96e-05 | TLoss=123.0510 | VLoss=120.0459 | AP@50=0.0002 | SliceAP=0.5842 | EMA_SliceAP=0.3000
  Epoch   3/35 | LR=1.22e-04 | TLoss=64.0238 | VLoss=82.5784 | AP@50=0.0001 | SliceAP=0.4257 | EMA_SliceAP=0.3377
  Epoch   4/35 | LR=1.64e-04 | TLoss=37.1591 | VLoss=52.4598 | AP@50=0.0002 | SliceAP=0.5347 | EMA_SliceAP=0.3968
  Epoch   5/35 | LR=2.06e-04 | TLoss=30.7345 | VLoss=42.2024 | AP@50=0.0017 | SliceAP=0.2871 | EMA_SliceAP=0.3639
  Epoch   6/35 | LR=2.48e-04 | TLoss=28.1782 | VLoss=38.0795 | AP@50=0.0027 | SliceAP=0.0693 | EMA_SliceAP=0.2755
  Epoch   7/35 | LR=2.90e-04 | TLoss=26.8339 | VLoss=38.0102 | AP@50=0.0124 | SliceAP=0.4950 | EMA_SliceAP=0.3414
  Epoch   8/35 | LR=3.33e-04 | TLoss=24.3224 | VLoss=39.5862 | AP@50=0.0002 | SliceAP=0.0198 | EMA_SliceAP=0.2449
  Epoch   9/35 | LR=3.75e-04 | TLoss=23.8329 | VLoss=38.5838 | AP@50=0.0163 | SliceAP=0.3069 | EMA_SliceAP=0.2635
  Epoch  10/35 | LR=3.73e-04 | TLoss=22.5948 | VLoss=36.4614 | AP@50=0.1984 | SliceAP=0.5050 | EMA_SliceAP=0.3359
  Epoch  11/35 | LR=3.70e-04 | TLoss=19.3291 | VLoss=39.0005 | AP@50=0.0748 | SliceAP=0.4950 | EMA_SliceAP=0.3837
  Epoch  12/35 | LR=3.64e-04 | TLoss=16.5258 | VLoss=38.7552 | AP@50=0.1209 | SliceAP=0.6337 | EMA_SliceAP=0.4587
  Epoch  13/35 | LR=3.55e-04 | TLoss=16.6099 | VLoss=33.6114 | AP@50=0.1394 | SliceAP=0.6139 | EMA_SliceAP=0.5052
  Epoch  14/35 | LR=3.45e-04 | TLoss=14.6284 | VLoss=34.9203 | AP@50=0.1713 | SliceAP=0.6832 | EMA_SliceAP=0.5586
  Epoch  15/35 | LR=3.32e-04 | TLoss=13.8255 | VLoss=33.7640 | AP@50=0.1730 | SliceAP=0.7327 | EMA_SliceAP=0.6108
  Epoch  16/35 | LR=3.17e-04 | TLoss=12.6934 | VLoss=31.5723 | AP@50=0.3664 | SliceAP=0.7426 | EMA_SliceAP=0.6504
  Epoch  17/35 | LR=3.01e-04 | TLoss=11.9617 | VLoss=35.9260 | AP@50=0.2570 | SliceAP=0.7228 | EMA_SliceAP=0.6721
  Epoch  18/35 | LR=2.84e-04 | TLoss=11.1668 | VLoss=34.4688 | AP@50=0.4191 | SliceAP=0.7426 | EMA_SliceAP=0.6932
  Epoch  19/35 | LR=2.65e-04 | TLoss=10.6600 | VLoss=32.5753 | AP@50=0.3236 | SliceAP=0.6832 | EMA_SliceAP=0.6902
  Epoch  20/35 | LR=2.45e-04 | TLoss=9.8138 | VLoss=29.5205 | AP@50=0.3216 | SliceAP=0.6238 | EMA_SliceAP=0.6703
  Epoch  21/35 | LR=2.24e-04 | TLoss=9.8309 | VLoss=33.0394 | AP@50=0.2941 | SliceAP=0.6634 | EMA_SliceAP=0.6682
  Epoch  22/35 | LR=2.03e-04 | TLoss=8.8078 | VLoss=34.3973 | AP@50=0.3634 | SliceAP=0.7228 | EMA_SliceAP=0.6846
  Epoch  23/35 | LR=1.82e-04 | TLoss=8.7738 | VLoss=33.3545 | AP@50=0.4221 | SliceAP=0.6832 | EMA_SliceAP=0.6842
  Epoch  24/35 | LR=1.61e-04 | TLoss=8.1139 | VLoss=33.9734 | AP@50=0.3491 | SliceAP=0.6535 | EMA_SliceAP=0.6749
  Epoch  25/35 | LR=1.40e-04 | TLoss=8.0349 | VLoss=33.7078 | AP@50=0.3216 | SliceAP=0.6436 | EMA_SliceAP=0.6655
  Epoch  26/35 | LR=1.20e-04 | TLoss=8.3225 | VLoss=34.0209 | AP@50=0.3668 | SliceAP=0.6931 | EMA_SliceAP=0.6738
  [Early stop at epoch 26, best EMA SliceAP=0.6932]
  [Checkpoints] top-3 saved → /fs01/home/dhaneshr/code/obj-det-test/checkpoints/hparam_v6/trial_0301/swa_manifest.yaml

[Trial 317] lr=2.78e-04  wd=2.44e-03  stride=7  bs=16  mosaic=0.32  ls=0.057  clahe=False  ssr=True  rbc=True  median=True(limit=5)  speckle=True(light)  cp_p=0.70
ScanAwareSampler: 13 scans, 2306 total slices, stride=7 → ~336 slices/epoch (15% of training set per epoch)
  Epoch   1/35 | LR=2.78e-05 | TLoss=198.6778 | VLoss=226.6726 | AP@50=0.0004 | SliceAP=0.1980 | EMA_SliceAP=0.1980
  Epoch   2/35 | LR=5.90e-05 | TLoss=158.7409 | VLoss=150.1019 | AP@50=0.0005 | SliceAP=0.4257 | EMA_SliceAP=0.2663
  Epoch   3/35 | LR=9.03e-05 | TLoss=93.9674 | VLoss=111.5406 | AP@50=0.0000 | SliceAP=0.5248 | EMA_SliceAP=0.3439
  Epoch   4/35 | LR=1.22e-04 | TLoss=62.4697 | VLoss=76.8184 | AP@50=0.0001 | SliceAP=0.3762 | EMA_SliceAP=0.3536
  Epoch   5/35 | LR=1.53e-04 | TLoss=40.7753 | VLoss=50.3588 | AP@50=0.0011 | SliceAP=0.3564 | EMA_SliceAP=0.3544
  Epoch   6/35 | LR=1.84e-04 | TLoss=31.5494 | VLoss=40.9403 | AP@50=0.0003 | SliceAP=0.1089 | EMA_SliceAP=0.2808
  Epoch   7/35 | LR=2.15e-04 | TLoss=28.5980 | VLoss=40.9936 | AP@50=0.0009 | SliceAP=0.0990 | EMA_SliceAP=0.2262
  Epoch   8/35 | LR=2.47e-04 | TLoss=29.0409 | VLoss=36.1141 | AP@50=0.0026 | SliceAP=0.1188 | EMA_SliceAP=0.1940
  Epoch   9/35 | LR=2.78e-04 | TLoss=25.8591 | VLoss=36.6123 | AP@50=0.0273 | SliceAP=0.2079 | EMA_SliceAP=0.1982
  Epoch  10/35 | LR=2.77e-04 | TLoss=23.8599 | VLoss=36.3043 | AP@50=0.0509 | SliceAP=0.4851 | EMA_SliceAP=0.2843
  [Pruned at epoch 10]

[Trial 325] lr=1.24e-04  wd=7.99e-03  stride=7  bs=16  mosaic=0.54  ls=0.085  clahe=False  ssr=True  rbc=True  median=True(limit=5)  speckle=True(light)  cp_p=0.57
ScanAwareSampler: 13 scans, 2306 total slices, stride=7 → ~336 slices/epoch (15% of training set per epoch)
  Epoch   1/35 | LR=1.24e-05 | TLoss=200.8908 | VLoss=222.4959 | AP@50=0.0007 | SliceAP=0.1980 | EMA_SliceAP=0.1980
  Epoch   2/35 | LR=2.64e-05 | TLoss=177.8512 | VLoss=174.7322 | AP@50=0.0016 | SliceAP=0.3069 | EMA_SliceAP=0.2307
  Epoch   3/35 | LR=4.04e-05 | TLoss=143.0312 | VLoss=149.6065 | AP@50=0.0003 | SliceAP=0.4158 | EMA_SliceAP=0.2862
  Epoch   4/35 | LR=5.44e-05 | TLoss=93.8131 | VLoss=122.6954 | AP@50=0.0007 | SliceAP=0.5446 | EMA_SliceAP=0.3637
  Epoch   5/35 | LR=6.84e-05 | TLoss=61.4078 | VLoss=93.4478 | AP@50=0.0013 | SliceAP=0.4455 | EMA_SliceAP=0.3883
  Epoch   6/35 | LR=8.24e-05 | TLoss=43.4297 | VLoss=65.6822 | AP@50=0.0025 | SliceAP=0.4356 | EMA_SliceAP=0.4025
  Epoch   7/35 | LR=9.64e-05 | TLoss=34.9502 | VLoss=55.3747 | AP@50=0.0004 | SliceAP=0.1881 | EMA_SliceAP=0.3382
  Epoch   8/35 | LR=1.10e-04 | TLoss=30.8107 | VLoss=45.6216 | AP@50=0.0001 | SliceAP=0.0297 | EMA_SliceAP=0.2456
  Epoch   9/35 | LR=1.24e-04 | TLoss=29.0252 | VLoss=41.0461 | AP@50=0.0006 | SliceAP=0.0792 | EMA_SliceAP=0.1957
  Epoch  10/35 | LR=1.24e-04 | TLoss=24.9189 | VLoss=35.7047 | AP@50=0.0003 | SliceAP=0.0396 | EMA_SliceAP=0.1489
  [Pruned at epoch 10]

[Trial 329] lr=3.29e-04  wd=1.35e-04  stride=7  bs=16  mosaic=0.37  ls=0.063  clahe=False  ssr=True  rbc=True  median=True(limit=5)  speckle=True(light)  cp_p=0.69
ScanAwareSampler: 13 scans, 2306 total slices, stride=7 → ~336 slices/epoch (15% of training set per epoch)
  Epoch   1/35 | LR=3.29e-05 | TLoss=186.1986 | VLoss=178.7431 | AP@50=0.0008 | SliceAP=0.2178 | EMA_SliceAP=0.2178
  Epoch   2/35 | LR=6.98e-05 | TLoss=135.5119 | VLoss=146.1916 | AP@50=0.0005 | SliceAP=0.6040 | EMA_SliceAP=0.3337
  Epoch   3/35 | LR=1.07e-04 | TLoss=78.2522 | VLoss=98.0234 | AP@50=0.0005 | SliceAP=0.4257 | EMA_SliceAP=0.3613
  Epoch   4/35 | LR=1.44e-04 | TLoss=48.0171 | VLoss=57.3350 | AP@50=0.0001 | SliceAP=0.1980 | EMA_SliceAP=0.3123
  Epoch   5/35 | LR=1.81e-04 | TLoss=33.7209 | VLoss=41.3530 | AP@50=0.0001 | SliceAP=0.0198 | EMA_SliceAP=0.2246
  Epoch   6/35 | LR=2.18e-04 | TLoss=30.8221 | VLoss=36.3229 | AP@50=0.0009 | SliceAP=0.1089 | EMA_SliceAP=0.1899
  Epoch   7/35 | LR=2.55e-04 | TLoss=29.8333 | VLoss=33.9184 | AP@50=0.0023 | SliceAP=0.1584 | EMA_SliceAP=0.1804
  Epoch   8/35 | LR=2.92e-04 | TLoss=26.0141 | VLoss=38.3761 | AP@50=0.0016 | SliceAP=0.0594 | EMA_SliceAP=0.1441
  Epoch   9/35 | LR=3.29e-04 | TLoss=23.8063 | VLoss=34.7687 | AP@50=0.1008 | SliceAP=0.4653 | EMA_SliceAP=0.2405
  Epoch  10/35 | LR=3.28e-04 | TLoss=23.2202 | VLoss=30.8029 | AP@50=0.2486 | SliceAP=0.5248 | EMA_SliceAP=0.3258
  [Pruned at epoch 10]

=== Worker done | Completed: 142 | Pruned: 146 ===
Best EMA SliceAP@50 across all workers: 0.7450
Best params: {'learning_rate': 0.0004095482789400656, 'weight_decay': 0.00013102820392778454, 'mosaic_prob': 0.5458267320380163, 'label_smooth': 0.07409627285130531, 'copy_paste_p': 0.30065454405608005, 'slice_stride': 7, 'batch_size': 16, 'use_clahe': False, 'use_shift_scale_rotate': True, 'use_brightness_contrast': True, 'use_median_blur': True, 'median_blur_limit': 5, 'use_speckle_noise': True, 'speckle_level': 'heavy'}

Saving top-5 configs to train/config/
  Rank  1 | SliceAP=0.7450 | {'learning_rate': 0.0004095482789400656, 'weight_decay': 0.00013102820392778454, 'mosaic_prob': 0.5458267320380163, 'label_smooth': 0.07409627285130531, 'copy_paste_p': 0.30065454405608005, 'slice_stride': 7, 'batch_size': 16, 'use_clahe': False, 'use_shift_scale_rotate': True, 'use_brightness_contrast': True, 'use_median_blur': True, 'median_blur_limit': 5, 'use_speckle_noise': True, 'speckle_level': 'heavy'} → hparam_v5_rank01_sliceap0.7450.yaml
  Rank  2 | SliceAP=0.7379 | {'learning_rate': 0.000490892937896775, 'weight_decay': 0.0004366909491710489, 'mosaic_prob': 0.33945465882536113, 'label_smooth': 0.03520533173945255, 'copy_paste_p': 0.46927932027077496, 'slice_stride': 7, 'batch_size': 16, 'use_clahe': True, 'use_shift_scale_rotate': True, 'use_brightness_contrast': False, 'use_median_blur': True, 'median_blur_limit': 5, 'use_speckle_noise': False, 'speckle_level': 'heavy'} → hparam_v5_rank02_sliceap0.7379.yaml
  Rank  3 | SliceAP=0.7350 | {'learning_rate': 0.0004186064867053193, 'weight_decay': 0.000813822714897863, 'mosaic_prob': 0.4917453770038845, 'label_smooth': 0.08547387715582948, 'copy_paste_p': 0.6851899024509025, 'slice_stride': 7, 'batch_size': 8, 'use_clahe': True, 'use_shift_scale_rotate': True, 'use_brightness_contrast': False, 'use_median_blur': True, 'median_blur_limit': 7, 'use_speckle_noise': False, 'speckle_level': 'heavy'} → hparam_v5_rank03_sliceap0.7350.yaml
  Rank  4 | SliceAP=0.7322 | {'learning_rate': 0.0005748863225567111, 'weight_decay': 0.00023932014565840494, 'mosaic_prob': 0.54354704642898, 'label_smooth': 0.08525694863562076, 'copy_paste_p': 0.636963955422829, 'slice_stride': 7, 'batch_size': 16, 'use_clahe': False, 'use_shift_scale_rotate': True, 'use_brightness_contrast': True, 'use_median_blur': True, 'median_blur_limit': 5, 'use_speckle_noise': True, 'speckle_level': 'light'} → hparam_v5_rank04_sliceap0.7322.yaml
  Rank  5 | SliceAP=0.7307 | {'learning_rate': 0.0004231826823689618, 'weight_decay': 0.00011737297918180591, 'mosaic_prob': 0.5454452465293883, 'label_smooth': 0.04601028200514984, 'copy_paste_p': 0.30065454405608005, 'slice_stride': 7, 'batch_size': 16, 'use_clahe': True, 'use_shift_scale_rotate': True, 'use_brightness_contrast': False, 'use_median_blur': True, 'median_blur_limit': 5, 'use_speckle_noise': False, 'speckle_level': 'heavy'} → hparam_v5_rank05_sliceap0.7307.yaml

Best config (EMA SliceAP@50=0.7450) → train/config/best_hyperparams_v5.yaml
Task 4 completed at: Thu Mar 19 02:07:58 PM EDT 2026
