Job array    : 916, task 1
Node         : bn033
Started at   : Tue Mar 17 10:47:24 PM EDT 2026
Config       : train/config/default.yaml
Study        : yoloe_hparam_search_v5 @ sqlite:////fs01/home/dhaneshr/code/obj-det-test/optuna_studies/yoloe_hparam_search_v5.db
Trials       : 15 (this worker)
Epochs/trial : 35 (max, EMA early stopping patience=8)
Checkpoints  : top-3 per trial (min EMA=0.6) → /fs01/home/dhaneshr/code/obj-det-test/checkpoints/hparam_v5
Study name   : yoloe_hparam_search_v5
Storage      : sqlite:////fs01/home/dhaneshr/code/obj-det-test/optuna_studies/yoloe_hparam_search_v5.db
Trials       : 15 (this worker)
Epochs/trial : 35 (max, EMA early stopping patience=8)
EMA alpha    : 0.3
Checkpoints  : top-3 per trial → /fs01/home/dhaneshr/code/obj-det-test/checkpoints/hparam_v5

[Trial 220] lr=7.92e-04  wd=4.14e-02  stride=10  bs=16  mosaic=0.72  ls=0.102  clahe=True  ssr=True  rbc=False  median=True(limit=5)  speckle=False(medium)  cp_p=0.29
ScanAwareSampler: 13 scans, 2306 total slices, stride=10 → ~236 slices/epoch (10% of training set per epoch)
  Epoch   1/35 | LR=7.92e-05 | TLoss=309.8837 | VLoss=418.9329 | AP@50=0.0000 | SliceAP=0.1782 | EMA_SliceAP=0.1782
  Epoch   2/35 | LR=1.68e-04 | TLoss=173.0271 | VLoss=206.2782 | AP@50=0.0001 | SliceAP=0.4653 | EMA_SliceAP=0.2644
  Epoch   3/35 | LR=2.57e-04 | TLoss=65.8751 | VLoss=84.2853 | AP@50=0.0001 | SliceAP=0.3267 | EMA_SliceAP=0.2831
  Epoch   4/35 | LR=3.46e-04 | TLoss=34.5207 | VLoss=48.4128 | AP@50=0.0006 | SliceAP=0.2178 | EMA_SliceAP=0.2635
  Epoch   5/35 | LR=4.35e-04 | TLoss=26.5001 | VLoss=47.3913 | AP@50=0.0001 | SliceAP=0.0198 | EMA_SliceAP=0.1904
  Epoch   6/35 | LR=5.24e-04 | TLoss=27.1513 | VLoss=45.3341 | AP@50=0.0072 | SliceAP=0.2079 | EMA_SliceAP=0.1956
  Epoch   7/35 | LR=6.13e-04 | TLoss=23.3793 | VLoss=46.8923 | AP@50=0.0029 | SliceAP=0.3168 | EMA_SliceAP=0.2320
  Epoch   8/35 | LR=7.03e-04 | TLoss=20.5816 | VLoss=41.0404 | AP@50=0.0645 | SliceAP=0.5347 | EMA_SliceAP=0.3228
  Epoch   9/35 | LR=7.92e-04 | TLoss=22.6034 | VLoss=42.8764 | AP@50=0.0221 | SliceAP=0.3861 | EMA_SliceAP=0.3418
  Epoch  10/35 | LR=7.89e-04 | TLoss=17.9572 | VLoss=40.8184 | AP@50=0.1810 | SliceAP=0.5248 | EMA_SliceAP=0.3967
  Epoch  11/35 | LR=7.81e-04 | TLoss=15.8954 | VLoss=39.3094 | AP@50=0.1180 | SliceAP=0.3960 | EMA_SliceAP=0.3965
  Epoch  12/35 | LR=7.68e-04 | TLoss=15.0273 | VLoss=40.0006 | AP@50=0.2181 | SliceAP=0.5347 | EMA_SliceAP=0.4379
  Epoch  13/35 | LR=7.50e-04 | TLoss=14.1039 | VLoss=39.5874 | AP@50=0.0814 | SliceAP=0.4752 | EMA_SliceAP=0.4491
  Epoch  14/35 | LR=7.27e-04 | TLoss=13.4357 | VLoss=39.2289 | AP@50=0.1293 | SliceAP=0.5545 | EMA_SliceAP=0.4807
  Epoch  15/35 | LR=7.00e-04 | TLoss=13.2097 | VLoss=39.2146 | AP@50=0.3454 | SliceAP=0.5941 | EMA_SliceAP=0.5147
  Epoch  16/35 | LR=6.69e-04 | TLoss=11.6563 | VLoss=37.0176 | AP@50=0.2371 | SliceAP=0.5446 | EMA_SliceAP=0.5237
  Epoch  17/35 | LR=6.34e-04 | TLoss=11.5528 | VLoss=37.9209 | AP@50=0.3183 | SliceAP=0.6040 | EMA_SliceAP=0.5478
  Epoch  18/35 | LR=5.96e-04 | TLoss=10.2306 | VLoss=40.1022 | AP@50=0.3250 | SliceAP=0.6040 | EMA_SliceAP=0.5646
  Epoch  19/35 | LR=5.56e-04 | TLoss=11.0737 | VLoss=35.1578 | AP@50=0.4004 | SliceAP=0.6634 | EMA_SliceAP=0.5942
  Epoch  20/35 | LR=5.13e-04 | TLoss=9.1920 | VLoss=40.2020 | AP@50=0.2611 | SliceAP=0.5446 | EMA_SliceAP=0.5793
  Epoch  21/35 | LR=4.69e-04 | TLoss=9.1358 | VLoss=40.1528 | AP@50=0.3643 | SliceAP=0.6040 | EMA_SliceAP=0.5867
  Epoch  22/35 | LR=4.24e-04 | TLoss=9.8577 | VLoss=38.0816 | AP@50=0.3815 | SliceAP=0.6337 | EMA_SliceAP=0.6008
  Epoch  23/35 | LR=3.78e-04 | TLoss=8.5130 | VLoss=38.9526 | AP@50=0.3442 | SliceAP=0.6436 | EMA_SliceAP=0.6136
  Epoch  24/35 | LR=3.33e-04 | TLoss=7.8696 | VLoss=39.7748 | AP@50=0.2575 | SliceAP=0.5743 | EMA_SliceAP=0.6018
  Epoch  25/35 | LR=2.89e-04 | TLoss=7.9187 | VLoss=38.0883 | AP@50=0.2154 | SliceAP=0.5347 | EMA_SliceAP=0.5817
  Epoch  26/35 | LR=2.46e-04 | TLoss=8.1144 | VLoss=36.6781 | AP@50=0.3739 | SliceAP=0.6337 | EMA_SliceAP=0.5973
  Epoch  27/35 | LR=2.05e-04 | TLoss=7.1715 | VLoss=38.1971 | AP@50=0.3544 | SliceAP=0.6436 | EMA_SliceAP=0.6112
  Epoch  28/35 | LR=1.67e-04 | TLoss=7.0318 | VLoss=38.4036 | AP@50=0.3432 | SliceAP=0.5644 | EMA_SliceAP=0.5971
  Epoch  29/35 | LR=1.33e-04 | TLoss=7.4070 | VLoss=39.6767 | AP@50=0.3038 | SliceAP=0.5842 | EMA_SliceAP=0.5932
  Epoch  30/35 | LR=1.01e-04 | TLoss=7.9656 | VLoss=37.6171 | AP@50=0.3699 | SliceAP=0.6238 | EMA_SliceAP=0.6024
  [Pruned at epoch 30]

[Trial 261] lr=7.14e-04  wd=8.48e-04  stride=7  bs=8  mosaic=0.65  ls=0.083  clahe=True  ssr=True  rbc=False  median=True(limit=7)  speckle=False(medium)  cp_p=0.25
ScanAwareSampler: 13 scans, 2306 total slices, stride=7 → ~336 slices/epoch (15% of training set per epoch)
  Epoch   1/35 | LR=7.14e-05 | TLoss=230.3193 | VLoss=233.7976 | AP@50=0.0002 | SliceAP=0.4158 | EMA_SliceAP=0.4158
  Epoch   2/35 | LR=1.52e-04 | TLoss=67.6251 | VLoss=74.7699 | AP@50=0.0004 | SliceAP=0.2871 | EMA_SliceAP=0.3772
  Epoch   3/35 | LR=2.32e-04 | TLoss=32.9160 | VLoss=42.4230 | AP@50=0.0006 | SliceAP=0.1089 | EMA_SliceAP=0.2967
  Epoch   4/35 | LR=3.12e-04 | TLoss=29.2495 | VLoss=46.2451 | AP@50=0.0056 | SliceAP=0.2871 | EMA_SliceAP=0.2939
  Epoch   5/35 | LR=3.93e-04 | TLoss=25.7749 | VLoss=44.2029 | AP@50=0.0137 | SliceAP=0.4950 | EMA_SliceAP=0.3542
  Epoch   6/35 | LR=4.73e-04 | TLoss=23.5266 | VLoss=40.4584 | AP@50=0.0533 | SliceAP=0.4158 | EMA_SliceAP=0.3727
  Epoch   7/35 | LR=5.53e-04 | TLoss=20.1201 | VLoss=42.6284 | AP@50=0.1044 | SliceAP=0.4554 | EMA_SliceAP=0.3975
  Epoch   8/35 | LR=6.34e-04 | TLoss=16.8590 | VLoss=44.7274 | AP@50=0.2239 | SliceAP=0.4653 | EMA_SliceAP=0.4179
  Epoch   9/35 | LR=7.14e-04 | TLoss=15.5762 | VLoss=41.2728 | AP@50=0.3054 | SliceAP=0.6832 | EMA_SliceAP=0.4975
  Epoch  10/35 | LR=7.12e-04 | TLoss=15.6039 | VLoss=43.5590 | AP@50=0.1631 | SliceAP=0.4851 | EMA_SliceAP=0.4938
  Epoch  11/35 | LR=7.05e-04 | TLoss=11.7282 | VLoss=35.2938 | AP@50=0.2149 | SliceAP=0.6436 | EMA_SliceAP=0.5387
  Epoch  12/35 | LR=6.93e-04 | TLoss=12.7880 | VLoss=40.4342 | AP@50=0.1392 | SliceAP=0.6733 | EMA_SliceAP=0.5791
  Epoch  13/35 | LR=6.77e-04 | TLoss=11.7866 | VLoss=37.3257 | AP@50=0.1605 | SliceAP=0.7129 | EMA_SliceAP=0.6192
  Epoch  14/35 | LR=6.56e-04 | TLoss=11.5087 | VLoss=41.0821 | AP@50=0.2879 | SliceAP=0.5446 | EMA_SliceAP=0.5968
  Epoch  15/35 | LR=6.32e-04 | TLoss=9.9039 | VLoss=37.1423 | AP@50=0.2269 | SliceAP=0.4752 | EMA_SliceAP=0.5603
  Epoch  16/35 | LR=6.04e-04 | TLoss=10.3059 | VLoss=37.4936 | AP@50=0.1459 | SliceAP=0.5545 | EMA_SliceAP=0.5586
  Epoch  17/35 | LR=5.72e-04 | TLoss=9.5092 | VLoss=39.6506 | AP@50=0.2775 | SliceAP=0.6337 | EMA_SliceAP=0.5811
  Epoch  18/35 | LR=5.38e-04 | TLoss=9.4478 | VLoss=37.9745 | AP@50=0.3141 | SliceAP=0.6139 | EMA_SliceAP=0.5909
  Epoch  19/35 | LR=5.01e-04 | TLoss=8.9162 | VLoss=39.9614 | AP@50=0.2310 | SliceAP=0.6535 | EMA_SliceAP=0.6097
  Epoch  20/35 | LR=4.63e-04 | TLoss=8.9207 | VLoss=45.3305 | AP@50=0.2763 | SliceAP=0.5743 | EMA_SliceAP=0.5991
  Epoch  21/35 | LR=4.23e-04 | TLoss=8.5601 | VLoss=37.0155 | AP@50=0.3267 | SliceAP=0.6337 | EMA_SliceAP=0.6094
  [Early stop at epoch 21, best EMA SliceAP=0.6192]
  [Checkpoints] top-3 saved → /fs01/home/dhaneshr/code/obj-det-test/checkpoints/hparam_v5/trial_0261/swa_manifest.yaml

[Trial 289] lr=1.12e-03  wd=3.40e-02  stride=10  bs=16  mosaic=0.47  ls=0.078  clahe=False  ssr=False  rbc=True  median=False(limit=5)  speckle=False(light)  cp_p=0.51
ScanAwareSampler: 13 scans, 2306 total slices, stride=10 → ~236 slices/epoch (10% of training set per epoch)
  Epoch   1/35 | LR=1.12e-04 | TLoss=308.8817 | VLoss=318.3384 | AP@50=0.0001 | SliceAP=0.1881 | EMA_SliceAP=0.1881
  Epoch   2/35 | LR=2.39e-04 | TLoss=119.5559 | VLoss=109.0292 | AP@50=0.0006 | SliceAP=0.5050 | EMA_SliceAP=0.2832
  Epoch   3/35 | LR=3.65e-04 | TLoss=45.0588 | VLoss=51.4642 | AP@50=0.0000 | SliceAP=0.0198 | EMA_SliceAP=0.2042
  Epoch   4/35 | LR=4.91e-04 | TLoss=32.9699 | VLoss=48.0883 | AP@50=0.0002 | SliceAP=0.1188 | EMA_SliceAP=0.1786
  Epoch   5/35 | LR=6.18e-04 | TLoss=29.9690 | VLoss=41.0748 | AP@50=0.0065 | SliceAP=0.2079 | EMA_SliceAP=0.1874
  Epoch   6/35 | LR=7.44e-04 | TLoss=28.1670 | VLoss=42.9907 | AP@50=0.0034 | SliceAP=0.2970 | EMA_SliceAP=0.2203
  Epoch   7/35 | LR=8.70e-04 | TLoss=25.4709 | VLoss=40.5261 | AP@50=0.0000 | SliceAP=0.0000 | EMA_SliceAP=0.1542
  Epoch   8/35 | LR=9.97e-04 | TLoss=23.4337 | VLoss=37.0638 | AP@50=0.0244 | SliceAP=0.4059 | EMA_SliceAP=0.2297
  Epoch   9/35 | LR=1.12e-03 | TLoss=20.4965 | VLoss=39.1421 | AP@50=0.0476 | SliceAP=0.4257 | EMA_SliceAP=0.2885
  Epoch  10/35 | LR=1.12e-03 | TLoss=21.9932 | VLoss=41.6667 | AP@50=0.0354 | SliceAP=0.3366 | EMA_SliceAP=0.3030
  Epoch  11/35 | LR=1.11e-03 | TLoss=21.7080 | VLoss=40.2045 | AP@50=0.1487 | SliceAP=0.5743 | EMA_SliceAP=0.3843
  Epoch  12/35 | LR=1.09e-03 | TLoss=18.5637 | VLoss=36.3009 | AP@50=0.1849 | SliceAP=0.6337 | EMA_SliceAP=0.4591
  Epoch  13/35 | LR=1.06e-03 | TLoss=16.2553 | VLoss=33.4025 | AP@50=0.2212 | SliceAP=0.6238 | EMA_SliceAP=0.5085
  Epoch  14/35 | LR=1.03e-03 | TLoss=13.2347 | VLoss=34.0360 | AP@50=0.2480 | SliceAP=0.6931 | EMA_SliceAP=0.5639
  Epoch  15/35 | LR=9.93e-04 | TLoss=12.9173 | VLoss=34.2251 | AP@50=0.2322 | SliceAP=0.6040 | EMA_SliceAP=0.5759
  Epoch  16/35 | LR=9.49e-04 | TLoss=12.3567 | VLoss=35.5729 | AP@50=0.2455 | SliceAP=0.6832 | EMA_SliceAP=0.6081
  Epoch  17/35 | LR=8.99e-04 | TLoss=10.9990 | VLoss=36.6855 | AP@50=0.3800 | SliceAP=0.6535 | EMA_SliceAP=0.6217
  Epoch  18/35 | LR=8.45e-04 | TLoss=10.9137 | VLoss=29.3873 | AP@50=0.4016 | SliceAP=0.7426 | EMA_SliceAP=0.6580
  Epoch  19/35 | LR=7.87e-04 | TLoss=10.3614 | VLoss=36.9872 | AP@50=0.3327 | SliceAP=0.6931 | EMA_SliceAP=0.6685
  Epoch  20/35 | LR=7.26e-04 | TLoss=9.8580 | VLoss=32.8556 | AP@50=0.3693 | SliceAP=0.7327 | EMA_SliceAP=0.6877
  Epoch  21/35 | LR=6.63e-04 | TLoss=9.0902 | VLoss=33.9021 | AP@50=0.4633 | SliceAP=0.6733 | EMA_SliceAP=0.6834
  Epoch  22/35 | LR=5.99e-04 | TLoss=8.5620 | VLoss=34.2413 | AP@50=0.3984 | SliceAP=0.6832 | EMA_SliceAP=0.6833
  Epoch  23/35 | LR=5.34e-04 | TLoss=7.7762 | VLoss=36.0260 | AP@50=0.4218 | SliceAP=0.7426 | EMA_SliceAP=0.7011
  Epoch  24/35 | LR=4.70e-04 | TLoss=7.9202 | VLoss=29.5281 | AP@50=0.4466 | SliceAP=0.7525 | EMA_SliceAP=0.7165
  Epoch  25/35 | LR=4.07e-04 | TLoss=7.1197 | VLoss=35.2602 | AP@50=0.3925 | SliceAP=0.6832 | EMA_SliceAP=0.7065
  Epoch  26/35 | LR=3.46e-04 | TLoss=6.9710 | VLoss=33.6170 | AP@50=0.3478 | SliceAP=0.6634 | EMA_SliceAP=0.6936
  Epoch  27/35 | LR=2.88e-04 | TLoss=6.9854 | VLoss=35.2040 | AP@50=0.4345 | SliceAP=0.6832 | EMA_SliceAP=0.6904
  Epoch  28/35 | LR=2.34e-04 | TLoss=6.3125 | VLoss=34.8241 | AP@50=0.3628 | SliceAP=0.6832 | EMA_SliceAP=0.6883
  Epoch  29/35 | LR=1.85e-04 | TLoss=6.2832 | VLoss=36.5410 | AP@50=0.3533 | SliceAP=0.6634 | EMA_SliceAP=0.6808
  Epoch  30/35 | LR=1.40e-04 | TLoss=5.6610 | VLoss=35.0426 | AP@50=0.3982 | SliceAP=0.6634 | EMA_SliceAP=0.6756
  Epoch  31/35 | LR=1.02e-04 | TLoss=5.4285 | VLoss=34.9690 | AP@50=0.3562 | SliceAP=0.6436 | EMA_SliceAP=0.6660
  Epoch  32/35 | LR=6.92e-05 | TLoss=5.4889 | VLoss=35.8921 | AP@50=0.4280 | SliceAP=0.6436 | EMA_SliceAP=0.6592
  [Early stop at epoch 32, best EMA SliceAP=0.7165]
  [Checkpoints] top-3 saved → /fs01/home/dhaneshr/code/obj-det-test/checkpoints/hparam_v5/trial_0289/swa_manifest.yaml

[Trial 314] lr=8.71e-04  wd=2.80e-04  stride=10  bs=16  mosaic=0.67  ls=0.088  clahe=True  ssr=True  rbc=False  median=True(limit=5)  speckle=False(medium)  cp_p=0.22
ScanAwareSampler: 13 scans, 2306 total slices, stride=10 → ~236 slices/epoch (10% of training set per epoch)
  Epoch   1/35 | LR=8.71e-05 | TLoss=322.9401 | VLoss=381.7572 | AP@50=0.0002 | SliceAP=0.1782 | EMA_SliceAP=0.1782
  Epoch   2/35 | LR=1.85e-04 | TLoss=147.3011 | VLoss=178.8629 | AP@50=0.0002 | SliceAP=0.4554 | EMA_SliceAP=0.2614
  Epoch   3/35 | LR=2.83e-04 | TLoss=61.1368 | VLoss=73.1904 | AP@50=0.0001 | SliceAP=0.2574 | EMA_SliceAP=0.2602
  Epoch   4/35 | LR=3.81e-04 | TLoss=36.4694 | VLoss=47.8101 | AP@50=0.0000 | SliceAP=0.0099 | EMA_SliceAP=0.1851
  Epoch   5/35 | LR=4.79e-04 | TLoss=28.7905 | VLoss=42.2906 | AP@50=0.0033 | SliceAP=0.2772 | EMA_SliceAP=0.2127
  Epoch   6/35 | LR=5.77e-04 | TLoss=28.9177 | VLoss=40.5230 | AP@50=0.0017 | SliceAP=0.0990 | EMA_SliceAP=0.1786
  Epoch   7/35 | LR=6.75e-04 | TLoss=27.4764 | VLoss=47.3536 | AP@50=0.0025 | SliceAP=0.2178 | EMA_SliceAP=0.1904
  Epoch   8/35 | LR=7.73e-04 | TLoss=26.4462 | VLoss=43.3380 | AP@50=0.0058 | SliceAP=0.1287 | EMA_SliceAP=0.1719
  Epoch   9/35 | LR=8.71e-04 | TLoss=25.1318 | VLoss=37.8849 | AP@50=0.0109 | SliceAP=0.4059 | EMA_SliceAP=0.2421
  Epoch  10/35 | LR=8.68e-04 | TLoss=21.1994 | VLoss=40.4056 | AP@50=0.0279 | SliceAP=0.4554 | EMA_SliceAP=0.3061
  [Pruned at epoch 10]

[Trial 321] lr=5.41e-04  wd=4.93e-02  stride=10  bs=16  mosaic=0.69  ls=0.071  clahe=False  ssr=False  rbc=False  median=False(limit=5)  speckle=False(light)  cp_p=0.54
ScanAwareSampler: 13 scans, 2306 total slices, stride=10 → ~236 slices/epoch (10% of training set per epoch)
  Epoch   1/35 | LR=5.41e-05 | TLoss=306.5085 | VLoss=491.5328 | AP@50=0.0004 | SliceAP=0.1782 | EMA_SliceAP=0.1782
  Epoch   2/35 | LR=1.15e-04 | TLoss=198.7315 | VLoss=276.4868 | AP@50=0.0004 | SliceAP=0.4257 | EMA_SliceAP=0.2525
  Epoch   3/35 | LR=1.76e-04 | TLoss=93.1362 | VLoss=132.1752 | AP@50=0.0001 | SliceAP=0.3267 | EMA_SliceAP=0.2748
  Epoch   4/35 | LR=2.36e-04 | TLoss=42.8654 | VLoss=69.6958 | AP@50=0.0002 | SliceAP=0.2970 | EMA_SliceAP=0.2814
  Epoch   5/35 | LR=2.97e-04 | TLoss=30.4712 | VLoss=52.7808 | AP@50=0.0002 | SliceAP=0.1584 | EMA_SliceAP=0.2445
  Epoch   6/35 | LR=3.58e-04 | TLoss=27.5655 | VLoss=45.7547 | AP@50=0.0016 | SliceAP=0.1881 | EMA_SliceAP=0.2276
  Epoch   7/35 | LR=4.19e-04 | TLoss=24.4634 | VLoss=40.7805 | AP@50=0.0418 | SliceAP=0.4455 | EMA_SliceAP=0.2930
  Epoch   8/35 | LR=4.80e-04 | TLoss=24.1603 | VLoss=46.8359 | AP@50=0.0121 | SliceAP=0.1881 | EMA_SliceAP=0.2615
  Epoch   9/35 | LR=5.41e-04 | TLoss=20.4228 | VLoss=41.4086 | AP@50=0.1002 | SliceAP=0.5347 | EMA_SliceAP=0.3435
  Epoch  10/35 | LR=5.39e-04 | TLoss=17.2191 | VLoss=41.9882 | AP@50=0.1722 | SliceAP=0.4653 | EMA_SliceAP=0.3800
  [Pruned at epoch 10]

[Trial 330] lr=1.21e-03  wd=2.09e-03  stride=5  bs=16  mosaic=0.32  ls=0.081  clahe=False  ssr=False  rbc=False  median=False(limit=5)  speckle=False(medium)  cp_p=0.42
ScanAwareSampler: 13 scans, 2306 total slices, stride=5 → ~467 slices/epoch (20% of training set per epoch)
  Epoch   1/35 | LR=1.21e-04 | TLoss=286.0369 | VLoss=204.0805 | AP@50=0.0000 | SliceAP=0.4653 | EMA_SliceAP=0.4653
  Epoch   2/35 | LR=2.56e-04 | TLoss=68.2333 | VLoss=53.8376 | AP@50=0.0005 | SliceAP=0.3168 | EMA_SliceAP=0.4208
  Epoch   3/35 | LR=3.92e-04 | TLoss=30.5597 | VLoss=37.4931 | AP@50=0.0039 | SliceAP=0.1782 | EMA_SliceAP=0.3480
  Epoch   4/35 | LR=5.28e-04 | TLoss=28.2198 | VLoss=41.9213 | AP@50=0.0162 | SliceAP=0.3762 | EMA_SliceAP=0.3565
  Epoch   5/35 | LR=6.64e-04 | TLoss=25.1701 | VLoss=39.3398 | AP@50=0.0592 | SliceAP=0.3762 | EMA_SliceAP=0.3624
  Epoch   6/35 | LR=7.99e-04 | TLoss=22.4813 | VLoss=40.9676 | AP@50=0.0355 | SliceAP=0.3366 | EMA_SliceAP=0.3547
  Epoch   7/35 | LR=9.35e-04 | TLoss=20.1373 | VLoss=36.2384 | AP@50=0.1734 | SliceAP=0.6139 | EMA_SliceAP=0.4324
  Epoch   8/35 | LR=1.07e-03 | TLoss=18.5011 | VLoss=35.7185 | AP@50=0.3181 | SliceAP=0.6436 | EMA_SliceAP=0.4958
  Epoch   9/35 | LR=1.21e-03 | TLoss=15.3273 | VLoss=31.2594 | AP@50=0.1832 | SliceAP=0.7426 | EMA_SliceAP=0.5698
  Epoch  10/35 | LR=1.20e-03 | TLoss=14.5770 | VLoss=32.7101 | AP@50=0.3635 | SliceAP=0.7228 | EMA_SliceAP=0.6157
  Epoch  11/35 | LR=1.19e-03 | TLoss=13.6271 | VLoss=34.6714 | AP@50=0.4105 | SliceAP=0.7525 | EMA_SliceAP=0.6567
  Epoch  12/35 | LR=1.17e-03 | TLoss=12.0916 | VLoss=37.2562 | AP@50=0.2972 | SliceAP=0.6634 | EMA_SliceAP=0.6587
  Epoch  13/35 | LR=1.14e-03 | TLoss=10.6380 | VLoss=36.4355 | AP@50=0.3021 | SliceAP=0.5743 | EMA_SliceAP=0.6334
  Epoch  14/35 | LR=1.11e-03 | TLoss=10.1120 | VLoss=33.9956 | AP@50=0.3536 | SliceAP=0.6832 | EMA_SliceAP=0.6483
  Epoch  15/35 | LR=1.07e-03 | TLoss=10.2014 | VLoss=33.7479 | AP@50=0.3085 | SliceAP=0.6733 | EMA_SliceAP=0.6558
  Epoch  16/35 | LR=1.02e-03 | TLoss=8.9954 | VLoss=34.4296 | AP@50=0.3096 | SliceAP=0.4851 | EMA_SliceAP=0.6046
  Epoch  17/35 | LR=9.66e-04 | TLoss=8.1138 | VLoss=34.9318 | AP@50=0.3608 | SliceAP=0.6832 | EMA_SliceAP=0.6282
  Epoch  18/35 | LR=9.08e-04 | TLoss=7.5774 | VLoss=35.1582 | AP@50=0.3201 | SliceAP=0.7030 | EMA_SliceAP=0.6506
  Epoch  19/35 | LR=8.45e-04 | TLoss=7.3066 | VLoss=35.0555 | AP@50=0.3100 | SliceAP=0.6040 | EMA_SliceAP=0.6366
  [Early stop at epoch 19, best EMA SliceAP=0.6567]
  [Checkpoints] top-3 saved → /fs01/home/dhaneshr/code/obj-det-test/checkpoints/hparam_v5/trial_0330/swa_manifest.yaml

[Trial 351] lr=1.55e-03  wd=3.88e-04  stride=10  bs=16  mosaic=0.40  ls=0.091  clahe=False  ssr=True  rbc=False  median=True(limit=5)  speckle=False(light)  cp_p=0.24
ScanAwareSampler: 13 scans, 2306 total slices, stride=10 → ~236 slices/epoch (10% of training set per epoch)
  Epoch   1/35 | LR=1.55e-04 | TLoss=312.0819 | VLoss=251.4175 | AP@50=0.0003 | SliceAP=0.1881 | EMA_SliceAP=0.1881
  Epoch   2/35 | LR=3.29e-04 | TLoss=100.4700 | VLoss=76.8029 | AP@50=0.0001 | SliceAP=0.3465 | EMA_SliceAP=0.2356
  Epoch   3/35 | LR=5.04e-04 | TLoss=41.5067 | VLoss=42.2741 | AP@50=0.0000 | SliceAP=0.0000 | EMA_SliceAP=0.1650
  Epoch   4/35 | LR=6.78e-04 | TLoss=36.8790 | VLoss=39.5868 | AP@50=0.0010 | SliceAP=0.0792 | EMA_SliceAP=0.1392
  Epoch   5/35 | LR=8.53e-04 | TLoss=33.7695 | VLoss=46.8762 | AP@50=0.0001 | SliceAP=0.0396 | EMA_SliceAP=0.1093
  Epoch   6/35 | LR=1.03e-03 | TLoss=36.0911 | VLoss=43.2299 | AP@50=0.0002 | SliceAP=0.0297 | EMA_SliceAP=0.0854
  Epoch   7/35 | LR=1.20e-03 | TLoss=31.0655 | VLoss=39.3607 | AP@50=0.0833 | SliceAP=0.4257 | EMA_SliceAP=0.1875
  Epoch   8/35 | LR=1.38e-03 | TLoss=32.2724 | VLoss=39.7220 | AP@50=0.0902 | SliceAP=0.3564 | EMA_SliceAP=0.2382
  Epoch   9/35 | LR=1.55e-03 | TLoss=28.7265 | VLoss=41.2909 | AP@50=0.0736 | SliceAP=0.3168 | EMA_SliceAP=0.2618
  Epoch  10/35 | LR=1.55e-03 | TLoss=25.1752 | VLoss=39.6029 | AP@50=0.0364 | SliceAP=0.4257 | EMA_SliceAP=0.3110
  [Pruned at epoch 10]

[Trial 361] lr=7.35e-04  wd=2.28e-04  stride=10  bs=16  mosaic=0.36  ls=0.084  clahe=True  ssr=True  rbc=False  median=True(limit=5)  speckle=False(medium)  cp_p=0.56
ScanAwareSampler: 13 scans, 2306 total slices, stride=10 → ~236 slices/epoch (10% of training set per epoch)
  Epoch   1/35 | LR=7.35e-05 | TLoss=303.6220 | VLoss=328.0089 | AP@50=0.0004 | SliceAP=0.1881 | EMA_SliceAP=0.1881
  Epoch   2/35 | LR=1.56e-04 | TLoss=161.1390 | VLoss=156.5729 | AP@50=0.0002 | SliceAP=0.4356 | EMA_SliceAP=0.2624
  Epoch   3/35 | LR=2.39e-04 | TLoss=70.6754 | VLoss=73.4942 | AP@50=0.0001 | SliceAP=0.2772 | EMA_SliceAP=0.2668
  Epoch   4/35 | LR=3.21e-04 | TLoss=40.5936 | VLoss=46.3984 | AP@50=0.0005 | SliceAP=0.1584 | EMA_SliceAP=0.2343
  Epoch   5/35 | LR=4.04e-04 | TLoss=35.6340 | VLoss=41.5821 | AP@50=0.0021 | SliceAP=0.0990 | EMA_SliceAP=0.1937
  Epoch   6/35 | LR=4.87e-04 | TLoss=30.6374 | VLoss=40.1016 | AP@50=0.0072 | SliceAP=0.2772 | EMA_SliceAP=0.2188
  Epoch   7/35 | LR=5.69e-04 | TLoss=30.8663 | VLoss=42.8699 | AP@50=0.0022 | SliceAP=0.0792 | EMA_SliceAP=0.1769
  Epoch   8/35 | LR=6.52e-04 | TLoss=29.6069 | VLoss=46.0259 | AP@50=0.1578 | SliceAP=0.1881 | EMA_SliceAP=0.1803
  Epoch   9/35 | LR=7.35e-04 | TLoss=28.1531 | VLoss=41.7618 | AP@50=0.1293 | SliceAP=0.5347 | EMA_SliceAP=0.2866
  Epoch  10/35 | LR=7.32e-04 | TLoss=28.4537 | VLoss=38.0505 | AP@50=0.0663 | SliceAP=0.3861 | EMA_SliceAP=0.3164
  Epoch  11/35 | LR=7.25e-04 | TLoss=26.3448 | VLoss=39.1999 | AP@50=0.0413 | SliceAP=0.6436 | EMA_SliceAP=0.4146
  Epoch  12/35 | LR=7.13e-04 | TLoss=23.9884 | VLoss=38.2969 | AP@50=0.1133 | SliceAP=0.5644 | EMA_SliceAP=0.4595
  Epoch  13/35 | LR=6.96e-04 | TLoss=21.7237 | VLoss=35.3394 | AP@50=0.2708 | SliceAP=0.5743 | EMA_SliceAP=0.4939
  Epoch  14/35 | LR=6.75e-04 | TLoss=19.3848 | VLoss=38.5985 | AP@50=0.2223 | SliceAP=0.6733 | EMA_SliceAP=0.5477
  Epoch  15/35 | LR=6.50e-04 | TLoss=20.7122 | VLoss=39.8355 | AP@50=0.1383 | SliceAP=0.4851 | EMA_SliceAP=0.5290
  Epoch  16/35 | LR=6.21e-04 | TLoss=17.5224 | VLoss=34.3985 | AP@50=0.2956 | SliceAP=0.6931 | EMA_SliceAP=0.5782
  Epoch  17/35 | LR=5.89e-04 | TLoss=16.5160 | VLoss=38.0706 | AP@50=0.2549 | SliceAP=0.5149 | EMA_SliceAP=0.5592
  Epoch  18/35 | LR=5.53e-04 | TLoss=15.2821 | VLoss=33.9912 | AP@50=0.3903 | SliceAP=0.7129 | EMA_SliceAP=0.6053
  Epoch  19/35 | LR=5.16e-04 | TLoss=15.4451 | VLoss=35.9887 | AP@50=0.3034 | SliceAP=0.6040 | EMA_SliceAP=0.6049
  Epoch  20/35 | LR=4.76e-04 | TLoss=13.2785 | VLoss=35.5410 | AP@50=0.3920 | SliceAP=0.5743 | EMA_SliceAP=0.5957
  Epoch  21/35 | LR=4.35e-04 | TLoss=13.8323 | VLoss=34.3716 | AP@50=0.3112 | SliceAP=0.6238 | EMA_SliceAP=0.6041
  Epoch  22/35 | LR=3.93e-04 | TLoss=12.9238 | VLoss=32.7694 | AP@50=0.3743 | SliceAP=0.6634 | EMA_SliceAP=0.6219
  Epoch  23/35 | LR=3.51e-04 | TLoss=12.2252 | VLoss=34.8825 | AP@50=0.3770 | SliceAP=0.6733 | EMA_SliceAP=0.6373
  Epoch  24/35 | LR=3.09e-04 | TLoss=12.8655 | VLoss=34.6391 | AP@50=0.3765 | SliceAP=0.6733 | EMA_SliceAP=0.6481
  Epoch  25/35 | LR=2.68e-04 | TLoss=10.6914 | VLoss=34.0837 | AP@50=0.3349 | SliceAP=0.6634 | EMA_SliceAP=0.6527
  Epoch  26/35 | LR=2.29e-04 | TLoss=11.0845 | VLoss=34.3469 | AP@50=0.3886 | SliceAP=0.7228 | EMA_SliceAP=0.6737
  Epoch  27/35 | LR=1.91e-04 | TLoss=11.0497 | VLoss=34.6255 | AP@50=0.3204 | SliceAP=0.6337 | EMA_SliceAP=0.6617
  Epoch  28/35 | LR=1.56e-04 | TLoss=10.1659 | VLoss=34.6155 | AP@50=0.2832 | SliceAP=0.6733 | EMA_SliceAP=0.6652
  Epoch  29/35 | LR=1.24e-04 | TLoss=10.6514 | VLoss=34.1981 | AP@50=0.3446 | SliceAP=0.6040 | EMA_SliceAP=0.6468
  Epoch  30/35 | LR=9.48e-05 | TLoss=11.0638 | VLoss=30.1595 | AP@50=0.4279 | SliceAP=0.6733 | EMA_SliceAP=0.6547
  Epoch  31/35 | LR=6.96e-05 | TLoss=9.8678 | VLoss=33.6607 | AP@50=0.3317 | SliceAP=0.6238 | EMA_SliceAP=0.6454
  Epoch  32/35 | LR=4.85e-05 | TLoss=10.0116 | VLoss=34.5361 | AP@50=0.3392 | SliceAP=0.6139 | EMA_SliceAP=0.6360
  Epoch  33/35 | LR=3.19e-05 | TLoss=9.7139 | VLoss=34.1646 | AP@50=0.3316 | SliceAP=0.6337 | EMA_SliceAP=0.6353
  Epoch  34/35 | LR=1.98e-05 | TLoss=9.8951 | VLoss=34.0028 | AP@50=0.3649 | SliceAP=0.6337 | EMA_SliceAP=0.6348
  [Early stop at epoch 34, best EMA SliceAP=0.6737]
  [Checkpoints] top-3 saved → /fs01/home/dhaneshr/code/obj-det-test/checkpoints/hparam_v5/trial_0361/swa_manifest.yaml

[Trial 394] lr=6.18e-04  wd=6.24e-03  stride=10  bs=16  mosaic=0.37  ls=0.094  clahe=True  ssr=True  rbc=True  median=True(limit=5)  speckle=False(light)  cp_p=0.69
ScanAwareSampler: 13 scans, 2306 total slices, stride=10 → ~236 slices/epoch (10% of training set per epoch)
  Epoch   1/35 | LR=6.18e-05 | TLoss=344.3881 | VLoss=494.2112 | AP@50=0.0000 | SliceAP=0.1881 | EMA_SliceAP=0.1881
  Epoch   2/35 | LR=1.31e-04 | TLoss=223.1602 | VLoss=242.9374 | AP@50=0.0003 | SliceAP=0.5050 | EMA_SliceAP=0.2832
  Epoch   3/35 | LR=2.01e-04 | TLoss=101.4566 | VLoss=111.4267 | AP@50=0.0002 | SliceAP=0.4653 | EMA_SliceAP=0.3378
  Epoch   4/35 | LR=2.70e-04 | TLoss=56.1287 | VLoss=61.9847 | AP@50=0.0002 | SliceAP=0.2970 | EMA_SliceAP=0.3256
  Epoch   5/35 | LR=3.40e-04 | TLoss=35.7269 | VLoss=44.8328 | AP@50=0.0018 | SliceAP=0.2079 | EMA_SliceAP=0.2903
  Epoch   6/35 | LR=4.09e-04 | TLoss=33.8233 | VLoss=39.0119 | AP@50=0.0048 | SliceAP=0.2772 | EMA_SliceAP=0.2864
  Epoch   7/35 | LR=4.79e-04 | TLoss=28.4551 | VLoss=44.6522 | AP@50=0.0046 | SliceAP=0.2277 | EMA_SliceAP=0.2688
  Epoch   8/35 | LR=5.48e-04 | TLoss=29.5848 | VLoss=37.8507 | AP@50=0.0794 | SliceAP=0.4356 | EMA_SliceAP=0.3188
  Epoch   9/35 | LR=6.18e-04 | TLoss=28.3891 | VLoss=36.2316 | AP@50=0.0769 | SliceAP=0.5446 | EMA_SliceAP=0.3866
  Epoch  10/35 | LR=6.16e-04 | TLoss=25.5548 | VLoss=36.9991 | AP@50=0.1168 | SliceAP=0.6436 | EMA_SliceAP=0.4637
  Epoch  11/35 | LR=6.10e-04 | TLoss=22.9814 | VLoss=35.8663 | AP@50=0.1401 | SliceAP=0.3564 | EMA_SliceAP=0.4315
  Epoch  12/35 | LR=5.99e-04 | TLoss=22.6565 | VLoss=37.8863 | AP@50=0.1625 | SliceAP=0.5743 | EMA_SliceAP=0.4743
  Epoch  13/35 | LR=5.85e-04 | TLoss=19.9056 | VLoss=35.9179 | AP@50=0.1482 | SliceAP=0.4950 | EMA_SliceAP=0.4805
  Epoch  14/35 | LR=5.68e-04 | TLoss=19.7228 | VLoss=37.0303 | AP@50=0.1306 | SliceAP=0.4950 | EMA_SliceAP=0.4849
  Epoch  15/35 | LR=5.47e-04 | TLoss=17.9853 | VLoss=32.7139 | AP@50=0.1642 | SliceAP=0.6832 | EMA_SliceAP=0.5444
  Epoch  16/35 | LR=5.22e-04 | TLoss=17.1877 | VLoss=40.4508 | AP@50=0.2028 | SliceAP=0.4851 | EMA_SliceAP=0.5266
  Epoch  17/35 | LR=4.95e-04 | TLoss=15.4849 | VLoss=33.4588 | AP@50=0.2551 | SliceAP=0.5545 | EMA_SliceAP=0.5350
  Epoch  18/35 | LR=4.66e-04 | TLoss=15.4310 | VLoss=36.7328 | AP@50=0.2243 | SliceAP=0.4851 | EMA_SliceAP=0.5200
  Epoch  19/35 | LR=4.34e-04 | TLoss=14.5623 | VLoss=33.8706 | AP@50=0.2962 | SliceAP=0.6238 | EMA_SliceAP=0.5511
  Epoch  20/35 | LR=4.01e-04 | TLoss=13.5166 | VLoss=33.3522 | AP@50=0.3247 | SliceAP=0.6634 | EMA_SliceAP=0.5848
  Epoch  21/35 | LR=3.67e-04 | TLoss=13.1868 | VLoss=37.2729 | AP@50=0.2765 | SliceAP=0.5248 | EMA_SliceAP=0.5668
  Epoch  22/35 | LR=3.32e-04 | TLoss=12.4161 | VLoss=36.1689 | AP@50=0.3145 | SliceAP=0.5149 | EMA_SliceAP=0.5512
  Epoch  23/35 | LR=2.96e-04 | TLoss=12.2504 | VLoss=33.4657 | AP@50=0.2385 | SliceAP=0.5743 | EMA_SliceAP=0.5581
  Epoch  24/35 | LR=2.61e-04 | TLoss=11.3534 | VLoss=32.8481 | AP@50=0.3035 | SliceAP=0.5644 | EMA_SliceAP=0.5600
  Epoch  25/35 | LR=2.27e-04 | TLoss=12.3028 | VLoss=33.8972 | AP@50=0.4190 | SliceAP=0.6535 | EMA_SliceAP=0.5880
  Epoch  26/35 | LR=1.94e-04 | TLoss=10.9038 | VLoss=34.5124 | AP@50=0.4313 | SliceAP=0.6931 | EMA_SliceAP=0.6195
  Epoch  27/35 | LR=1.62e-04 | TLoss=10.8244 | VLoss=31.7910 | AP@50=0.4105 | SliceAP=0.6535 | EMA_SliceAP=0.6297
  Epoch  28/35 | LR=1.32e-04 | TLoss=10.8194 | VLoss=33.8791 | AP@50=0.3687 | SliceAP=0.6436 | EMA_SliceAP=0.6339
  Epoch  29/35 | LR=1.05e-04 | TLoss=10.5549 | VLoss=34.6261 | AP@50=0.4114 | SliceAP=0.6337 | EMA_SliceAP=0.6338
  Epoch  30/35 | LR=8.11e-05 | TLoss=9.6672 | VLoss=35.0431 | AP@50=0.3745 | SliceAP=0.5941 | EMA_SliceAP=0.6219
  [Pruned at epoch 30]

[Trial 422] lr=1.25e-03  wd=2.49e-03  stride=10  bs=8  mosaic=0.38  ls=0.112  clahe=False  ssr=True  rbc=False  median=True(limit=7)  speckle=False(heavy)  cp_p=0.61
ScanAwareSampler: 13 scans, 2306 total slices, stride=10 → ~236 slices/epoch (10% of training set per epoch)
  Epoch   1/35 | LR=1.25e-04 | TLoss=220.1012 | VLoss=158.7093 | AP@50=0.0002 | SliceAP=0.4257 | EMA_SliceAP=0.4257
  Epoch   2/35 | LR=2.65e-04 | TLoss=58.2903 | VLoss=49.1860 | AP@50=0.0000 | SliceAP=0.0198 | EMA_SliceAP=0.3040
  Epoch   3/35 | LR=4.06e-04 | TLoss=35.6332 | VLoss=36.9914 | AP@50=0.0040 | SliceAP=0.1980 | EMA_SliceAP=0.2722
  Epoch   4/35 | LR=5.47e-04 | TLoss=35.5274 | VLoss=43.8258 | AP@50=0.0013 | SliceAP=0.2871 | EMA_SliceAP=0.2767
  Epoch   5/35 | LR=6.87e-04 | TLoss=35.3185 | VLoss=41.0227 | AP@50=0.0130 | SliceAP=0.5248 | EMA_SliceAP=0.3511
  Epoch   6/35 | LR=8.28e-04 | TLoss=31.9811 | VLoss=46.8672 | AP@50=0.0260 | SliceAP=0.4752 | EMA_SliceAP=0.3883
  Epoch   7/35 | LR=9.68e-04 | TLoss=30.8847 | VLoss=37.2642 | AP@50=0.1141 | SliceAP=0.4653 | EMA_SliceAP=0.4114
  Epoch   8/35 | LR=1.11e-03 | TLoss=28.7356 | VLoss=38.2611 | AP@50=0.0165 | SliceAP=0.4356 | EMA_SliceAP=0.4187
  Epoch   9/35 | LR=1.25e-03 | TLoss=24.6274 | VLoss=34.7886 | AP@50=0.0585 | SliceAP=0.6139 | EMA_SliceAP=0.4772
  Epoch  10/35 | LR=1.25e-03 | TLoss=21.8373 | VLoss=33.1565 | AP@50=0.1974 | SliceAP=0.6535 | EMA_SliceAP=0.5301
  Epoch  11/35 | LR=1.23e-03 | TLoss=20.3566 | VLoss=35.4731 | AP@50=0.1849 | SliceAP=0.5545 | EMA_SliceAP=0.5374
  Epoch  12/35 | LR=1.21e-03 | TLoss=18.8567 | VLoss=35.0154 | AP@50=0.1142 | SliceAP=0.4653 | EMA_SliceAP=0.5158
  Epoch  13/35 | LR=1.18e-03 | TLoss=19.7998 | VLoss=36.7515 | AP@50=0.1180 | SliceAP=0.5941 | EMA_SliceAP=0.5393
  Epoch  14/35 | LR=1.15e-03 | TLoss=17.4902 | VLoss=32.3754 | AP@50=0.4161 | SliceAP=0.7228 | EMA_SliceAP=0.5943
  Epoch  15/35 | LR=1.10e-03 | TLoss=15.1843 | VLoss=31.4680 | AP@50=0.2875 | SliceAP=0.7525 | EMA_SliceAP=0.6418
  Epoch  16/35 | LR=1.05e-03 | TLoss=14.7337 | VLoss=35.2602 | AP@50=0.2868 | SliceAP=0.6733 | EMA_SliceAP=0.6512
  Epoch  17/35 | LR=1.00e-03 | TLoss=15.2564 | VLoss=32.6444 | AP@50=0.1934 | SliceAP=0.6436 | EMA_SliceAP=0.6489
  Epoch  18/35 | LR=9.39e-04 | TLoss=14.2391 | VLoss=38.6665 | AP@50=0.1506 | SliceAP=0.5347 | EMA_SliceAP=0.6146
  Epoch  19/35 | LR=8.75e-04 | TLoss=12.4241 | VLoss=30.5546 | AP@50=0.4478 | SliceAP=0.7228 | EMA_SliceAP=0.6471
  Epoch  20/35 | LR=8.07e-04 | TLoss=11.9479 | VLoss=35.2397 | AP@50=0.2579 | SliceAP=0.6535 | EMA_SliceAP=0.6490
  Epoch  21/35 | LR=7.37e-04 | TLoss=11.9583 | VLoss=34.5957 | AP@50=0.2990 | SliceAP=0.6139 | EMA_SliceAP=0.6385
  Epoch  22/35 | LR=6.66e-04 | TLoss=12.2716 | VLoss=36.1311 | AP@50=0.3275 | SliceAP=0.5743 | EMA_SliceAP=0.6192
  Epoch  23/35 | LR=5.94e-04 | TLoss=11.0311 | VLoss=34.7430 | AP@50=0.3295 | SliceAP=0.6436 | EMA_SliceAP=0.6265
  Epoch  24/35 | LR=5.22e-04 | TLoss=10.7728 | VLoss=31.1857 | AP@50=0.3576 | SliceAP=0.6832 | EMA_SliceAP=0.6435
  [Early stop at epoch 24, best EMA SliceAP=0.6512]
  [Checkpoints] top-3 saved → /fs01/home/dhaneshr/code/obj-det-test/checkpoints/hparam_v5/trial_0422/swa_manifest.yaml

[Trial 443] lr=7.75e-04  wd=4.40e-03  stride=10  bs=16  mosaic=0.54  ls=0.075  clahe=False  ssr=False  rbc=True  median=False(limit=3)  speckle=False(heavy)  cp_p=0.35
ScanAwareSampler: 13 scans, 2306 total slices, stride=10 → ~236 slices/epoch (10% of training set per epoch)
  Epoch   1/35 | LR=7.75e-05 | TLoss=326.6773 | VLoss=362.3173 | AP@50=0.0000 | SliceAP=0.1782 | EMA_SliceAP=0.1782
  Epoch   2/35 | LR=1.65e-04 | TLoss=160.9869 | VLoss=175.4319 | AP@50=0.0002 | SliceAP=0.4356 | EMA_SliceAP=0.2554
  Epoch   3/35 | LR=2.52e-04 | TLoss=67.1200 | VLoss=75.1608 | AP@50=0.0000 | SliceAP=0.2277 | EMA_SliceAP=0.2471
  Epoch   4/35 | LR=3.39e-04 | TLoss=39.7527 | VLoss=46.9222 | AP@50=0.0002 | SliceAP=0.1089 | EMA_SliceAP=0.2057
  Epoch   5/35 | LR=4.26e-04 | TLoss=30.9840 | VLoss=45.6953 | AP@50=0.0003 | SliceAP=0.1485 | EMA_SliceAP=0.1885
  Epoch   6/35 | LR=5.13e-04 | TLoss=27.8367 | VLoss=39.8170 | AP@50=0.0050 | SliceAP=0.1683 | EMA_SliceAP=0.1825
  Epoch   7/35 | LR=6.00e-04 | TLoss=26.2855 | VLoss=39.6003 | AP@50=0.0109 | SliceAP=0.3168 | EMA_SliceAP=0.2228
  Epoch   8/35 | LR=6.88e-04 | TLoss=24.6705 | VLoss=35.4554 | AP@50=0.0457 | SliceAP=0.3861 | EMA_SliceAP=0.2718
  Epoch   9/35 | LR=7.75e-04 | TLoss=22.4654 | VLoss=34.7766 | AP@50=0.0479 | SliceAP=0.5446 | EMA_SliceAP=0.3536
  Epoch  10/35 | LR=7.72e-04 | TLoss=20.8378 | VLoss=40.7255 | AP@50=0.0631 | SliceAP=0.5248 | EMA_SliceAP=0.4050
  [Pruned at epoch 10]

[Trial 453] lr=8.99e-04  wd=7.46e-04  stride=10  bs=16  mosaic=0.50  ls=0.073  clahe=False  ssr=True  rbc=False  median=True(limit=3)  speckle=True(heavy)  cp_p=0.35
ScanAwareSampler: 13 scans, 2306 total slices, stride=10 → ~236 slices/epoch (10% of training set per epoch)
  Epoch   1/35 | LR=8.99e-05 | TLoss=346.2154 | VLoss=397.3156 | AP@50=0.0004 | SliceAP=0.1881 | EMA_SliceAP=0.1881
  Epoch   2/35 | LR=1.91e-04 | TLoss=175.5568 | VLoss=171.8560 | AP@50=0.0006 | SliceAP=0.5347 | EMA_SliceAP=0.2921
  Epoch   3/35 | LR=2.92e-04 | TLoss=69.5020 | VLoss=78.3702 | AP@50=0.0001 | SliceAP=0.2673 | EMA_SliceAP=0.2847
  Epoch   4/35 | LR=3.93e-04 | TLoss=41.5523 | VLoss=43.8586 | AP@50=0.0017 | SliceAP=0.2475 | EMA_SliceAP=0.2735
  Epoch   5/35 | LR=4.94e-04 | TLoss=34.8085 | VLoss=44.9709 | AP@50=0.0012 | SliceAP=0.2178 | EMA_SliceAP=0.2568
  Epoch   6/35 | LR=5.95e-04 | TLoss=31.6145 | VLoss=42.5207 | AP@50=0.0003 | SliceAP=0.0396 | EMA_SliceAP=0.1916
  Epoch   7/35 | LR=6.96e-04 | TLoss=31.0832 | VLoss=45.6023 | AP@50=0.0599 | SliceAP=0.1485 | EMA_SliceAP=0.1787
  Epoch   8/35 | LR=7.97e-04 | TLoss=29.3619 | VLoss=45.7108 | AP@50=0.1291 | SliceAP=0.3762 | EMA_SliceAP=0.2380
  Epoch   9/35 | LR=8.99e-04 | TLoss=27.6017 | VLoss=34.3969 | AP@50=0.0889 | SliceAP=0.5050 | EMA_SliceAP=0.3181
  Epoch  10/35 | LR=8.96e-04 | TLoss=24.4390 | VLoss=39.1822 | AP@50=0.1606 | SliceAP=0.6634 | EMA_SliceAP=0.4217
  Epoch  11/35 | LR=8.87e-04 | TLoss=23.4978 | VLoss=38.7753 | AP@50=0.1270 | SliceAP=0.4851 | EMA_SliceAP=0.4407
  Epoch  12/35 | LR=8.72e-04 | TLoss=19.8875 | VLoss=44.4314 | AP@50=0.2946 | SliceAP=0.4752 | EMA_SliceAP=0.4511
  Epoch  13/35 | LR=8.51e-04 | TLoss=19.8101 | VLoss=31.9599 | AP@50=0.2628 | SliceAP=0.7030 | EMA_SliceAP=0.5266
  Epoch  14/35 | LR=8.25e-04 | TLoss=18.7309 | VLoss=36.0660 | AP@50=0.2333 | SliceAP=0.5347 | EMA_SliceAP=0.5290
  Epoch  15/35 | LR=7.95e-04 | TLoss=16.4146 | VLoss=40.8394 | AP@50=0.1420 | SliceAP=0.5149 | EMA_SliceAP=0.5248
  Epoch  16/35 | LR=7.59e-04 | TLoss=15.5801 | VLoss=35.5252 | AP@50=0.1212 | SliceAP=0.4752 | EMA_SliceAP=0.5099
  Epoch  17/35 | LR=7.20e-04 | TLoss=14.1404 | VLoss=34.1807 | AP@50=0.3893 | SliceAP=0.6436 | EMA_SliceAP=0.5500
  Epoch  18/35 | LR=6.76e-04 | TLoss=14.6180 | VLoss=40.0362 | AP@50=0.2004 | SliceAP=0.5545 | EMA_SliceAP=0.5513
  Epoch  19/35 | LR=6.30e-04 | TLoss=12.9271 | VLoss=34.4316 | AP@50=0.3620 | SliceAP=0.6535 | EMA_SliceAP=0.5820
  Epoch  20/35 | LR=5.82e-04 | TLoss=12.6655 | VLoss=34.2806 | AP@50=0.4091 | SliceAP=0.7129 | EMA_SliceAP=0.6212
  Epoch  21/35 | LR=5.31e-04 | TLoss=11.0689 | VLoss=37.7704 | AP@50=0.3714 | SliceAP=0.6535 | EMA_SliceAP=0.6309
  Epoch  22/35 | LR=4.80e-04 | TLoss=12.4980 | VLoss=33.1884 | AP@50=0.4112 | SliceAP=0.6535 | EMA_SliceAP=0.6377
  Epoch  23/35 | LR=4.28e-04 | TLoss=11.1720 | VLoss=35.2270 | AP@50=0.4474 | SliceAP=0.6535 | EMA_SliceAP=0.6424
  Epoch  24/35 | LR=3.77e-04 | TLoss=11.1346 | VLoss=35.8822 | AP@50=0.3370 | SliceAP=0.6337 | EMA_SliceAP=0.6398
  Epoch  25/35 | LR=3.27e-04 | TLoss=11.0363 | VLoss=34.9655 | AP@50=0.3827 | SliceAP=0.5941 | EMA_SliceAP=0.6261
  Epoch  26/35 | LR=2.78e-04 | TLoss=10.4404 | VLoss=34.7958 | AP@50=0.3866 | SliceAP=0.6535 | EMA_SliceAP=0.6343
  Epoch  27/35 | LR=2.32e-04 | TLoss=11.0105 | VLoss=35.1301 | AP@50=0.3592 | SliceAP=0.6436 | EMA_SliceAP=0.6371
  Epoch  28/35 | LR=1.89e-04 | TLoss=10.1092 | VLoss=34.4110 | AP@50=0.3992 | SliceAP=0.6436 | EMA_SliceAP=0.6390
  Epoch  29/35 | LR=1.49e-04 | TLoss=8.9817 | VLoss=34.5678 | AP@50=0.3666 | SliceAP=0.6535 | EMA_SliceAP=0.6434
  Epoch  30/35 | LR=1.14e-04 | TLoss=8.7245 | VLoss=35.4126 | AP@50=0.3886 | SliceAP=0.6436 | EMA_SliceAP=0.6434
  [Pruned at epoch 30]

[Trial 474] lr=1.12e-03  wd=6.26e-04  stride=10  bs=8  mosaic=0.40  ls=0.118  clahe=False  ssr=True  rbc=False  median=True(limit=7)  speckle=False(light)  cp_p=0.27
ScanAwareSampler: 13 scans, 2306 total slices, stride=10 → ~236 slices/epoch (10% of training set per epoch)
  Epoch   1/35 | LR=1.12e-04 | TLoss=273.3298 | VLoss=199.7576 | AP@50=0.0007 | SliceAP=0.6040 | EMA_SliceAP=0.6040
  Epoch   2/35 | LR=2.38e-04 | TLoss=72.7994 | VLoss=55.2832 | AP@50=0.0002 | SliceAP=0.2376 | EMA_SliceAP=0.4941
  Epoch   3/35 | LR=3.64e-04 | TLoss=39.8133 | VLoss=40.7055 | AP@50=0.0002 | SliceAP=0.0396 | EMA_SliceAP=0.3577
  Epoch   4/35 | LR=4.90e-04 | TLoss=33.1607 | VLoss=40.4603 | AP@50=0.0058 | SliceAP=0.1485 | EMA_SliceAP=0.2950
  Epoch   5/35 | LR=6.16e-04 | TLoss=30.6614 | VLoss=48.8843 | AP@50=0.0212 | SliceAP=0.3267 | EMA_SliceAP=0.3045
  Epoch   6/35 | LR=7.41e-04 | TLoss=30.5570 | VLoss=36.4061 | AP@50=0.0657 | SliceAP=0.6634 | EMA_SliceAP=0.4122
  Epoch   7/35 | LR=8.67e-04 | TLoss=26.2444 | VLoss=39.9545 | AP@50=0.0701 | SliceAP=0.5446 | EMA_SliceAP=0.4519
  Epoch   8/35 | LR=9.93e-04 | TLoss=23.8908 | VLoss=38.4197 | AP@50=0.1362 | SliceAP=0.6535 | EMA_SliceAP=0.5124
  Epoch   9/35 | LR=1.12e-03 | TLoss=22.7808 | VLoss=36.5550 | AP@50=0.1915 | SliceAP=0.5248 | EMA_SliceAP=0.5161
  [Early stop at epoch 9, best EMA SliceAP=0.6040]
  [Checkpoints] top-3 saved → /fs01/home/dhaneshr/code/obj-det-test/checkpoints/hparam_v5/trial_0474/swa_manifest.yaml

[Trial 479] lr=1.07e-03  wd=1.45e-03  stride=5  bs=16  mosaic=0.60  ls=0.083  clahe=False  ssr=True  rbc=False  median=True(limit=5)  speckle=True(light)  cp_p=0.67
ScanAwareSampler: 13 scans, 2306 total slices, stride=5 → ~467 slices/epoch (20% of training set per epoch)
  Epoch   1/35 | LR=1.07e-04 | TLoss=212.9318 | VLoss=195.4475 | AP@50=0.0012 | SliceAP=0.4554 | EMA_SliceAP=0.4554
  Epoch   2/35 | LR=2.26e-04 | TLoss=54.2647 | VLoss=59.1507 | AP@50=0.0002 | SliceAP=0.2970 | EMA_SliceAP=0.4079
  Epoch   3/35 | LR=3.46e-04 | TLoss=30.4056 | VLoss=48.1394 | AP@50=0.0000 | SliceAP=0.0000 | EMA_SliceAP=0.2855
  Epoch   4/35 | LR=4.66e-04 | TLoss=28.0076 | VLoss=36.7870 | AP@50=0.0237 | SliceAP=0.4356 | EMA_SliceAP=0.3306
  Epoch   5/35 | LR=5.86e-04 | TLoss=22.7661 | VLoss=45.8922 | AP@50=0.0308 | SliceAP=0.5644 | EMA_SliceAP=0.4007
  Epoch   6/35 | LR=7.06e-04 | TLoss=23.0922 | VLoss=37.8019 | AP@50=0.1084 | SliceAP=0.6337 | EMA_SliceAP=0.4706
  Epoch   7/35 | LR=8.26e-04 | TLoss=18.4612 | VLoss=41.4065 | AP@50=0.0928 | SliceAP=0.5941 | EMA_SliceAP=0.5076
  Epoch   8/35 | LR=9.46e-04 | TLoss=16.2575 | VLoss=39.6316 | AP@50=0.1693 | SliceAP=0.5545 | EMA_SliceAP=0.5217
  Epoch   9/35 | LR=1.07e-03 | TLoss=14.3947 | VLoss=37.1178 | AP@50=0.2581 | SliceAP=0.6733 | EMA_SliceAP=0.5672
  Epoch  10/35 | LR=1.06e-03 | TLoss=13.9574 | VLoss=37.8320 | AP@50=0.1403 | SliceAP=0.4851 | EMA_SliceAP=0.5426
  [Pruned at epoch 10]

[Trial 493] lr=5.65e-04  wd=2.50e-03  stride=10  bs=32  mosaic=0.51  ls=0.083  clahe=False  ssr=True  rbc=False  median=True(limit=5)  speckle=False(light)  cp_p=0.40
ScanAwareSampler: 13 scans, 2306 total slices, stride=10 → ~236 slices/epoch (10% of training set per epoch)
  Epoch   1/35 | LR=5.65e-05 | TLoss=368.4800 | VLoss=501.6725 | AP@50=0.0000 | SliceAP=0.1881 | EMA_SliceAP=0.1881
  Epoch   2/35 | LR=1.20e-04 | TLoss=278.2342 | VLoss=355.6984 | AP@50=0.0002 | SliceAP=0.1881 | EMA_SliceAP=0.1881
  Epoch   3/35 | LR=1.84e-04 | TLoss=186.5790 | VLoss=225.1046 | AP@50=0.0001 | SliceAP=0.6139 | EMA_SliceAP=0.3158
  Epoch   4/35 | LR=2.47e-04 | TLoss=105.9177 | VLoss=132.9142 | AP@50=0.0002 | SliceAP=0.3861 | EMA_SliceAP=0.3369
  Epoch   5/35 | LR=3.11e-04 | TLoss=59.3938 | VLoss=75.7923 | AP@50=0.0004 | SliceAP=0.3168 | EMA_SliceAP=0.3309
  Epoch   6/35 | LR=3.74e-04 | TLoss=43.5573 | VLoss=54.5190 | AP@50=0.0008 | SliceAP=0.2772 | EMA_SliceAP=0.3148
  Epoch   7/35 | LR=4.38e-04 | TLoss=33.0756 | VLoss=43.6991 | AP@50=0.0141 | SliceAP=0.4059 | EMA_SliceAP=0.3421
  Epoch   8/35 | LR=5.01e-04 | TLoss=28.5927 | VLoss=46.2277 | AP@50=0.0005 | SliceAP=0.0594 | EMA_SliceAP=0.2573
  Epoch   9/35 | LR=5.65e-04 | TLoss=26.2429 | VLoss=44.0053 | AP@50=0.0007 | SliceAP=0.1188 | EMA_SliceAP=0.2158
  Epoch  10/35 | LR=5.63e-04 | TLoss=31.9575 | VLoss=38.6932 | AP@50=0.0172 | SliceAP=0.2772 | EMA_SliceAP=0.2342
  [Pruned at epoch 10]

=== Worker done | Completed: 173 | Pruned: 228 ===
Best EMA SliceAP@50 across all workers: 0.7500
Best params: {'learning_rate': 0.0008429170022484867, 'weight_decay': 0.003959664482397866, 'mosaic_prob': 0.3236212685407541, 'label_smooth': 0.0785569963656005, 'copy_paste_p': 0.4936612542488167, 'slice_stride': 10, 'batch_size': 16, 'use_clahe': False, 'use_shift_scale_rotate': True, 'use_brightness_contrast': False, 'use_median_blur': True, 'median_blur_limit': 3, 'use_speckle_noise': False, 'speckle_level': 'light'}

Saving top-5 configs to train/config/
  Rank  1 | SliceAP=0.7500 | {'learning_rate': 0.0008429170022484867, 'weight_decay': 0.003959664482397866, 'mosaic_prob': 0.3236212685407541, 'label_smooth': 0.0785569963656005, 'copy_paste_p': 0.4936612542488167, 'slice_stride': 10, 'batch_size': 16, 'use_clahe': False, 'use_shift_scale_rotate': True, 'use_brightness_contrast': False, 'use_median_blur': True, 'median_blur_limit': 3, 'use_speckle_noise': False, 'speckle_level': 'light'} → hparam_v5_rank01_sliceap0.7500.yaml
  Rank  2 | SliceAP=0.7354 | {'learning_rate': 0.0003986356095300661, 'weight_decay': 0.0008184536335034803, 'mosaic_prob': 0.39925159231236523, 'label_smooth': 0.08656560788058495, 'copy_paste_p': 0.2607812711893872, 'slice_stride': 10, 'batch_size': 16, 'use_clahe': True, 'use_shift_scale_rotate': True, 'use_brightness_contrast': False, 'use_median_blur': True, 'median_blur_limit': 5, 'use_speckle_noise': False, 'speckle_level': 'medium'} → hparam_v5_rank02_sliceap0.7354.yaml
  Rank  3 | SliceAP=0.7226 | {'learning_rate': 0.0006111637950915517, 'weight_decay': 0.0013113903481051876, 'mosaic_prob': 0.3811807846071478, 'label_smooth': 0.10324127742588578, 'copy_paste_p': 0.32400213637436137, 'slice_stride': 10, 'batch_size': 8, 'use_clahe': True, 'use_shift_scale_rotate': True, 'use_brightness_contrast': False, 'use_median_blur': True, 'median_blur_limit': 7, 'use_speckle_noise': False, 'speckle_level': 'medium'} → hparam_v5_rank03_sliceap0.7226.yaml
  Rank  4 | SliceAP=0.7200 | {'learning_rate': 0.0008707839533447586, 'weight_decay': 0.0005757261670218325, 'mosaic_prob': 0.6726633168632645, 'label_smooth': 0.08888718601656813, 'copy_paste_p': 0.21558603956491457, 'slice_stride': 10, 'batch_size': 16, 'use_clahe': True, 'use_shift_scale_rotate': True, 'use_brightness_contrast': False, 'use_median_blur': True, 'median_blur_limit': 5, 'use_speckle_noise': False, 'speckle_level': 'medium'} → hparam_v5_rank04_sliceap0.7200.yaml
  Rank  5 | SliceAP=0.7198 | {'learning_rate': 0.0006877116756460217, 'weight_decay': 0.002467099835798404, 'mosaic_prob': 0.6606509236713316, 'label_smooth': 0.09067286402370975, 'copy_paste_p': 0.2653717931025774, 'slice_stride': 10, 'batch_size': 16, 'use_clahe': True, 'use_shift_scale_rotate': True, 'use_brightness_contrast': False, 'use_median_blur': True, 'median_blur_limit': 5, 'use_speckle_noise': False, 'speckle_level': 'medium'} → hparam_v5_rank05_sliceap0.7198.yaml

Best config (EMA SliceAP@50=0.7500) → train/config/best_hyperparams_v5.yaml
Task 1 completed at: Wed Mar 18 12:45:07 AM EDT 2026
