Job started at: Sat Mar 14 05:04:57 PM EDT 2026
Running on node: bn001
Activating virtual environment...
Starting training...
Using config file: train/config/default.yaml
Using device: cuda
Loading datasets...
Train dataset size: 2306
Validation dataset size: 357
ScanAwareSampler: 13 scans, 2306 total slices, stride=8 → ~294 slices/epoch (13% of training set per epoch)
Building YOLOE model (size: s)...
Starting training for 100 epochs...
Epoch [1/100] Time: 28.31s | LR: 0.000050 | Train Loss: 444.8493 | Val Loss: 303.0583 | AP@50: 0.0004 | SliceAP@50: 0.3960 | Prec: 0.0020 | Recall: 0.1625 | Recall@100: 0.0336
--> Saved new best model with AP@50: 0.0004 (Val Loss: 303.0583)
Epoch [2/100] Time: 23.23s | LR: 0.000200 | Train Loss: 134.0970 | Val Loss: 62.4310 | AP@50: 0.0022 | SliceAP@50: 0.4455 | Prec: 0.0000 | Recall: 0.0000 | Recall@100: 0.0804
--> Saved new best model with AP@50: 0.0022 (Val Loss: 62.4310)
Epoch [3/100] Time: 19.57s | LR: 0.000350 | Train Loss: 43.1243 | Val Loss: 43.9991 | AP@50: 0.0107 | SliceAP@50: 0.2970 | Prec: 0.0000 | Recall: 0.0000 | Recall@100: 0.0644
--> Saved new best model with AP@50: 0.0107 (Val Loss: 43.9991)
Epoch [4/100] Time: 19.16s | LR: 0.000500 | Train Loss: 38.3116 | Val Loss: 43.3801 | AP@50: 0.0039 | SliceAP@50: 0.0594 | Prec: 0.0000 | Recall: 0.0000 | Recall@100: 0.0213
Epoch [5/100] Time: 20.77s | LR: 0.000500 | Train Loss: 32.5961 | Val Loss: 36.5682 | AP@50: 0.0626 | SliceAP@50: 0.5050 | Prec: 0.1480 | Recall: 0.1148 | Recall@100: 0.1423
--> Saved new best model with AP@50: 0.0626 (Val Loss: 36.5682)
Epoch [6/100] Time: 19.96s | LR: 0.000499 | Train Loss: 27.9577 | Val Loss: 37.1074 | AP@50: 0.0849 | SliceAP@50: 0.3564 | Prec: 0.0000 | Recall: 0.0000 | Recall@100: 0.1361
--> Saved new best model with AP@50: 0.0849 (Val Loss: 37.1074)
Epoch [7/100] Time: 19.58s | LR: 0.000499 | Train Loss: 25.4495 | Val Loss: 34.5899 | AP@50: 0.2512 | SliceAP@50: 0.5050 | Prec: 0.0000 | Recall: 0.0000 | Recall@100: 0.2087
--> Saved new best model with AP@50: 0.2512 (Val Loss: 34.5899)
Epoch [8/100] Time: 19.68s | LR: 0.000498 | Train Loss: 22.8894 | Val Loss: 39.2662 | AP@50: 0.0837 | SliceAP@50: 0.3762 | Prec: 0.0000 | Recall: 0.0000 | Recall@100: 0.1216
Epoch [9/100] Time: 20.35s | LR: 0.000497 | Train Loss: 21.4580 | Val Loss: 35.4999 | AP@50: 0.1105 | SliceAP@50: 0.5149 | Prec: 0.2976 | Recall: 0.0700 | Recall@100: 0.2157
Epoch [10/100] Time: 20.27s | LR: 0.000495 | Train Loss: 18.9730 | Val Loss: 29.3638 | AP@50: 0.3031 | SliceAP@50: 0.7129 | Prec: 0.2707 | Recall: 0.5126 | Recall@100: 0.3154
--> Saved new best model with AP@50: 0.3031 (Val Loss: 29.3638)
Epoch [11/100] Time: 20.39s | LR: 0.000494 | Train Loss: 17.1785 | Val Loss: 34.4640 | AP@50: 0.2930 | SliceAP@50: 0.6139 | Prec: 0.4821 | Recall: 0.3782 | Recall@100: 0.2936
Epoch [12/100] Time: 19.77s | LR: 0.000492 | Train Loss: 15.8534 | Val Loss: 36.1706 | AP@50: 0.4122 | SliceAP@50: 0.6436 | Prec: 0.2914 | Recall: 0.5378 | Recall@100: 0.2773
--> Saved new best model with AP@50: 0.4122 (Val Loss: 36.1706)
Epoch [13/100] Time: 20.04s | LR: 0.000490 | Train Loss: 14.8214 | Val Loss: 31.1509 | AP@50: 0.3687 | SliceAP@50: 0.6436 | Prec: 0.5462 | Recall: 0.3641 | Recall@100: 0.2683
Epoch [14/100] Time: 19.96s | LR: 0.000487 | Train Loss: 15.0160 | Val Loss: 33.5911 | AP@50: 0.3481 | SliceAP@50: 0.6139 | Prec: 0.5294 | Recall: 0.3782 | Recall@100: 0.2535
Epoch [15/100] Time: 19.83s | LR: 0.000485 | Train Loss: 13.3417 | Val Loss: 33.8532 | AP@50: 0.3469 | SliceAP@50: 0.6337 | Prec: 0.4097 | Recall: 0.4258 | Recall@100: 0.2658
Epoch [16/100] Time: 20.66s | LR: 0.000482 | Train Loss: 13.4352 | Val Loss: 30.3733 | AP@50: 0.4016 | SliceAP@50: 0.6634 | Prec: 0.4870 | Recall: 0.4706 | Recall@100: 0.3067
Epoch [17/100] Time: 20.49s | LR: 0.000479 | Train Loss: 13.6257 | Val Loss: 33.7359 | AP@50: 0.4318 | SliceAP@50: 0.6634 | Prec: 0.3548 | Recall: 0.5406 | Recall@100: 0.2877
--> Saved new best model with AP@50: 0.4318 (Val Loss: 33.7359)
Epoch [18/100] Time: 20.28s | LR: 0.000475 | Train Loss: 13.7937 | Val Loss: 29.8848 | AP@50: 0.3689 | SliceAP@50: 0.6832 | Prec: 0.3186 | Recall: 0.5462 | Recall@100: 0.3305
Epoch [19/100] Time: 19.89s | LR: 0.000472 | Train Loss: 11.8080 | Val Loss: 32.5605 | AP@50: 0.3460 | SliceAP@50: 0.5347 | Prec: 0.5707 | Recall: 0.3277 | Recall@100: 0.2790
Epoch [20/100] Time: 19.56s | LR: 0.000468 | Train Loss: 11.5783 | Val Loss: 31.7378 | AP@50: 0.4031 | SliceAP@50: 0.5644 | Prec: 0.3756 | Recall: 0.4734 | Recall@100: 0.2779
Epoch [21/100] Time: 20.27s | LR: 0.000464 | Train Loss: 11.8823 | Val Loss: 34.1293 | AP@50: 0.3454 | SliceAP@50: 0.5941 | Prec: 0.3769 | Recall: 0.4762 | Recall@100: 0.2782
Epoch [22/100] Time: 19.47s | LR: 0.000460 | Train Loss: 10.9433 | Val Loss: 30.5314 | AP@50: 0.4233 | SliceAP@50: 0.6040 | Prec: 0.4842 | Recall: 0.4734 | Recall@100: 0.2647
Epoch [23/100] Time: 20.50s | LR: 0.000455 | Train Loss: 10.4983 | Val Loss: 28.9400 | AP@50: 0.4844 | SliceAP@50: 0.6139 | Prec: 0.4559 | Recall: 0.5210 | Recall@100: 0.3370
--> Saved new best model with AP@50: 0.4844 (Val Loss: 28.9400)
Epoch [24/100] Time: 20.15s | LR: 0.000450 | Train Loss: 10.2507 | Val Loss: 31.3314 | AP@50: 0.4170 | SliceAP@50: 0.6139 | Prec: 0.5029 | Recall: 0.4930 | Recall@100: 0.2569
Epoch [25/100] Time: 20.04s | LR: 0.000445 | Train Loss: 11.0028 | Val Loss: 32.3492 | AP@50: 0.3566 | SliceAP@50: 0.7030 | Prec: 0.3146 | Recall: 0.5798 | Recall@100: 0.3734
Epoch [26/100] Time: 20.52s | LR: 0.000440 | Train Loss: 10.4898 | Val Loss: 29.4142 | AP@50: 0.4884 | SliceAP@50: 0.6139 | Prec: 0.5585 | Recall: 0.5350 | Recall@100: 0.3202
--> Saved new best model with AP@50: 0.4884 (Val Loss: 29.4142)
Epoch [27/100] Time: 19.93s | LR: 0.000435 | Train Loss: 10.3427 | Val Loss: 29.4706 | AP@50: 0.3826 | SliceAP@50: 0.6436 | Prec: 0.4570 | Recall: 0.5210 | Recall@100: 0.3496
Epoch [28/100] Time: 20.18s | LR: 0.000430 | Train Loss: 9.9934 | Val Loss: 30.2741 | AP@50: 0.4637 | SliceAP@50: 0.6238 | Prec: 0.4087 | Recall: 0.5518 | Recall@100: 0.3535
Epoch [29/100] Time: 19.69s | LR: 0.000424 | Train Loss: 9.8807 | Val Loss: 31.0207 | AP@50: 0.3461 | SliceAP@50: 0.5644 | Prec: 0.5273 | Recall: 0.4594 | Recall@100: 0.3042
Epoch [30/100] Time: 19.72s | LR: 0.000418 | Train Loss: 9.3446 | Val Loss: 30.6398 | AP@50: 0.3652 | SliceAP@50: 0.6931 | Prec: 0.2973 | Recall: 0.5462 | Recall@100: 0.4210
Epoch [31/100] Time: 20.12s | LR: 0.000412 | Train Loss: 10.1861 | Val Loss: 35.6213 | AP@50: 0.3000 | SliceAP@50: 0.5743 | Prec: 0.3859 | Recall: 0.4454 | Recall@100: 0.2832
Epoch [32/100] Time: 21.14s | LR: 0.000406 | Train Loss: 9.3850 | Val Loss: 29.5853 | AP@50: 0.3846 | SliceAP@50: 0.6040 | Prec: 0.4180 | Recall: 0.5210 | Recall@100: 0.3342
Epoch [33/100] Time: 19.77s | LR: 0.000400 | Train Loss: 10.4139 | Val Loss: 32.0571 | AP@50: 0.2783 | SliceAP@50: 0.5545 | Prec: 0.4714 | Recall: 0.3922 | Recall@100: 0.2532
Epoch [34/100] Time: 19.57s | LR: 0.000393 | Train Loss: 8.8492 | Val Loss: 28.9321 | AP@50: 0.4212 | SliceAP@50: 0.6832 | Prec: 0.3793 | Recall: 0.5854 | Recall@100: 0.3263
Epoch [35/100] Time: 19.37s | LR: 0.000387 | Train Loss: 9.2850 | Val Loss: 31.9750 | AP@50: 0.4625 | SliceAP@50: 0.6337 | Prec: 0.4595 | Recall: 0.5406 | Recall@100: 0.3681
Epoch [36/100] Time: 20.14s | LR: 0.000380 | Train Loss: 9.3246 | Val Loss: 33.0806 | AP@50: 0.3864 | SliceAP@50: 0.6040 | Prec: 0.4730 | Recall: 0.5154 | Recall@100: 0.3336
Epoch [37/100] Time: 19.96s | LR: 0.000373 | Train Loss: 9.1618 | Val Loss: 30.6176 | AP@50: 0.4458 | SliceAP@50: 0.6040 | Prec: 0.4212 | Recall: 0.5462 | Recall@100: 0.3193
Epoch [38/100] Time: 19.91s | LR: 0.000366 | Train Loss: 8.7035 | Val Loss: 28.2353 | AP@50: 0.4504 | SliceAP@50: 0.6535 | Prec: 0.4501 | Recall: 0.5434 | Recall@100: 0.3431
Epoch [39/100] Time: 20.73s | LR: 0.000359 | Train Loss: 9.3770 | Val Loss: 29.4527 | AP@50: 0.4576 | SliceAP@50: 0.5941 | Prec: 0.5145 | Recall: 0.5462 | Recall@100: 0.3737
Epoch [40/100] Time: 20.39s | LR: 0.000351 | Train Loss: 8.9232 | Val Loss: 28.4123 | AP@50: 0.4246 | SliceAP@50: 0.6139 | Prec: 0.3646 | Recall: 0.5546 | Recall@100: 0.3818
Epoch [41/100] Time: 19.66s | LR: 0.000344 | Train Loss: 8.5405 | Val Loss: 30.9651 | AP@50: 0.4853 | SliceAP@50: 0.5941 | Prec: 0.6815 | Recall: 0.5154 | Recall@100: 0.2916
Epoch [42/100] Time: 20.05s | LR: 0.000337 | Train Loss: 8.2960 | Val Loss: 30.6070 | AP@50: 0.4594 | SliceAP@50: 0.6040 | Prec: 0.4766 | Recall: 0.5126 | Recall@100: 0.3445
Epoch [43/100] Time: 19.70s | LR: 0.000329 | Train Loss: 7.7226 | Val Loss: 31.4428 | AP@50: 0.4081 | SliceAP@50: 0.5743 | Prec: 0.3615 | Recall: 0.5266 | Recall@100: 0.2927
Epoch [44/100] Time: 19.66s | LR: 0.000322 | Train Loss: 8.3314 | Val Loss: 26.2605 | AP@50: 0.4028 | SliceAP@50: 0.5842 | Prec: 0.4675 | Recall: 0.5434 | Recall@100: 0.3739
Epoch [45/100] Time: 20.09s | LR: 0.000314 | Train Loss: 7.7216 | Val Loss: 28.3498 | AP@50: 0.4878 | SliceAP@50: 0.5842 | Prec: 0.5549 | Recall: 0.5518 | Recall@100: 0.3398
Epoch [46/100] Time: 19.09s | LR: 0.000306 | Train Loss: 8.2988 | Val Loss: 30.8823 | AP@50: 0.3732 | SliceAP@50: 0.5644 | Prec: 0.4931 | Recall: 0.5014 | Recall@100: 0.3076
Early stopping triggered: AP@50 did not improve for 20 epochs.
Training complete!
Best AP@50: 0.4884 at Epoch 26
Run summary saved to results/training_run_20260314_170516.json
Job completed at: Sat Mar 14 05:20:52 PM EDT 2026
