Job array  : 700, task 1
Node       : bn001
Started at : Sat Mar 14 06:35:47 PM EDT 2026
Config     : train/config/default.yaml
Study      : yoloe_hparam_search @ sqlite:////fs01/home/dhaneshr/code/obj-det-test/optuna_studies/yoloe_hparam_search.db
Trials     : 5 (this worker)
Study name : yoloe_hparam_search
Storage    : sqlite:////fs01/home/dhaneshr/code/obj-det-test/optuna_studies/yoloe_hparam_search.db
Trials     : 5 (this worker)
Epochs/trial: 50 (max, early stopping at patience=15)

[Trial 0] lr=4.33e-04  wd=7.97e-03  slice_stride=5  batch_size=32
ScanAwareSampler: 13 scans, 2306 total slices, stride=5 → ~467 slices/epoch (20% of training set per epoch)
  Epoch   1/50 | LR=4.33e-05 | TLoss=519.7990 | VLoss=483.8967 | AP@50=0.0000
  Epoch   2/50 | LR=1.73e-04 | TLoss=311.1414 | VLoss=185.0789 | AP@50=0.0004
  Epoch   3/50 | LR=3.03e-04 | TLoss=103.7467 | VLoss=60.8290 | AP@50=0.0009
  Epoch   4/50 | LR=4.33e-04 | TLoss=42.3951 | VLoss=39.1327 | AP@50=0.0018
  Epoch   5/50 | LR=4.32e-04 | TLoss=31.2008 | VLoss=37.9086 | AP@50=0.0102
  Epoch   6/50 | LR=4.31e-04 | TLoss=28.2983 | VLoss=37.5455 | AP@50=0.0511
  Epoch   7/50 | LR=4.29e-04 | TLoss=26.6413 | VLoss=36.6786 | AP@50=0.1736
  Epoch   8/50 | LR=4.25e-04 | TLoss=25.5850 | VLoss=44.0718 | AP@50=0.0628
  Epoch   9/50 | LR=4.21e-04 | TLoss=22.4515 | VLoss=31.9263 | AP@50=0.2394
  Epoch  10/50 | LR=4.16e-04 | TLoss=19.2292 | VLoss=32.1746 | AP@50=0.1221
  Epoch  11/50 | LR=4.10e-04 | TLoss=17.5579 | VLoss=32.9108 | AP@50=0.1926
  Epoch  12/50 | LR=4.03e-04 | TLoss=15.9434 | VLoss=31.9688 | AP@50=0.1233
  Epoch  13/50 | LR=3.96e-04 | TLoss=15.3342 | VLoss=32.4188 | AP@50=0.2034
  Epoch  14/50 | LR=3.87e-04 | TLoss=14.1825 | VLoss=32.4053 | AP@50=0.3506
  Epoch  15/50 | LR=3.78e-04 | TLoss=12.3294 | VLoss=36.4340 | AP@50=0.2584
  Epoch  16/50 | LR=3.68e-04 | TLoss=11.6869 | VLoss=33.0159 | AP@50=0.4562
  Epoch  17/50 | LR=3.58e-04 | TLoss=12.1090 | VLoss=30.3164 | AP@50=0.4319
  Epoch  18/50 | LR=3.47e-04 | TLoss=10.5990 | VLoss=32.2788 | AP@50=0.4531
  Epoch  19/50 | LR=3.35e-04 | TLoss=10.9542 | VLoss=34.6134 | AP@50=0.4533
  Epoch  20/50 | LR=3.23e-04 | TLoss=10.2527 | VLoss=30.7467 | AP@50=0.4716
  Epoch  21/50 | LR=3.10e-04 | TLoss=10.4267 | VLoss=31.4820 | AP@50=0.4463
  Epoch  22/50 | LR=2.97e-04 | TLoss=9.4730 | VLoss=30.1728 | AP@50=0.3843
  Epoch  23/50 | LR=2.84e-04 | TLoss=8.7583 | VLoss=31.1030 | AP@50=0.4958
  Epoch  24/50 | LR=2.70e-04 | TLoss=9.0419 | VLoss=34.2416 | AP@50=0.4955
  Epoch  25/50 | LR=2.57e-04 | TLoss=8.8875 | VLoss=32.7622 | AP@50=0.4490
  Epoch  26/50 | LR=2.43e-04 | TLoss=8.8849 | VLoss=29.7116 | AP@50=0.4065
  Epoch  27/50 | LR=2.28e-04 | TLoss=8.1654 | VLoss=28.0927 | AP@50=0.4369
  Epoch  28/50 | LR=2.14e-04 | TLoss=7.9587 | VLoss=31.9165 | AP@50=0.3286
  Epoch  29/50 | LR=2.00e-04 | TLoss=7.7961 | VLoss=30.1136 | AP@50=0.4043
  Epoch  30/50 | LR=1.86e-04 | TLoss=7.5207 | VLoss=30.5660 | AP@50=0.3888
  Epoch  31/50 | LR=1.72e-04 | TLoss=7.7971 | VLoss=30.2588 | AP@50=0.4251
  Epoch  32/50 | LR=1.59e-04 | TLoss=7.6034 | VLoss=30.8804 | AP@50=0.4495
  Epoch  33/50 | LR=1.45e-04 | TLoss=7.7569 | VLoss=33.1326 | AP@50=0.4652
  Epoch  34/50 | LR=1.32e-04 | TLoss=7.1975 | VLoss=32.1641 | AP@50=0.4312
  Epoch  35/50 | LR=1.20e-04 | TLoss=7.1370 | VLoss=32.1203 | AP@50=0.4410
  Epoch  36/50 | LR=1.08e-04 | TLoss=7.0779 | VLoss=31.9374 | AP@50=0.4043
  Epoch  37/50 | LR=9.60e-05 | TLoss=6.4402 | VLoss=31.9402 | AP@50=0.4547
  Epoch  38/50 | LR=8.49e-05 | TLoss=6.3329 | VLoss=31.6300 | AP@50=0.4531
  [Early stop at epoch 38, best AP@50=0.4958]

[Trial 9] lr=1.05e-03  wd=2.61e-03  slice_stride=7  batch_size=8
ScanAwareSampler: 13 scans, 2306 total slices, stride=7 → ~336 slices/epoch (15% of training set per epoch)
  Epoch   1/50 | LR=1.05e-04 | TLoss=316.3980 | VLoss=140.7538 | AP@50=0.0004
  Epoch   2/50 | LR=4.20e-04 | TLoss=58.1022 | VLoss=41.2335 | AP@50=0.0000
  Epoch   3/50 | LR=7.35e-04 | TLoss=43.8314 | VLoss=41.0814 | AP@50=0.0000
  Epoch   4/50 | LR=1.05e-03 | TLoss=40.0261 | VLoss=40.5756 | AP@50=0.0170
  Epoch   5/50 | LR=1.05e-03 | TLoss=33.5352 | VLoss=35.0247 | AP@50=0.0562
  Epoch   6/50 | LR=1.05e-03 | TLoss=28.0331 | VLoss=35.9605 | AP@50=0.1369
  Epoch   7/50 | LR=1.04e-03 | TLoss=25.2871 | VLoss=36.3048 | AP@50=0.1339
  Epoch   8/50 | LR=1.03e-03 | TLoss=21.8170 | VLoss=31.7561 | AP@50=0.1511
  Epoch   9/50 | LR=1.02e-03 | TLoss=20.8976 | VLoss=32.1501 | AP@50=0.0981
  Epoch  10/50 | LR=1.01e-03 | TLoss=19.8478 | VLoss=32.5074 | AP@50=0.2604
  Epoch  11/50 | LR=9.94e-04 | TLoss=18.3008 | VLoss=30.1108 | AP@50=0.1103
  Epoch  12/50 | LR=9.78e-04 | TLoss=18.1576 | VLoss=32.8402 | AP@50=0.2390
  Epoch  13/50 | LR=9.59e-04 | TLoss=16.1821 | VLoss=29.8385 | AP@50=0.2937
  Epoch  14/50 | LR=9.38e-04 | TLoss=15.2761 | VLoss=29.7154 | AP@50=0.3011
  [Pruned at epoch 14]

[Trial 12] lr=3.29e-04  wd=1.12e-03  slice_stride=10  batch_size=32
ScanAwareSampler: 13 scans, 2306 total slices, stride=10 → ~236 slices/epoch (10% of training set per epoch)
  Epoch   1/50 | LR=3.29e-05 | TLoss=578.5420 | VLoss=558.5995 | AP@50=0.0000
  Epoch   2/50 | LR=1.32e-04 | TLoss=488.3801 | VLoss=382.8565 | AP@50=0.0004
  Epoch   3/50 | LR=2.30e-04 | TLoss=317.5936 | VLoss=210.7380 | AP@50=0.0029
  Epoch   4/50 | LR=3.29e-04 | TLoss=150.5188 | VLoss=96.0724 | AP@50=0.0010
  Epoch   5/50 | LR=3.28e-04 | TLoss=72.6074 | VLoss=56.0663 | AP@50=0.0167
  Epoch   6/50 | LR=3.27e-04 | TLoss=46.7023 | VLoss=44.6077 | AP@50=0.0832
  Epoch   7/50 | LR=3.26e-04 | TLoss=35.8877 | VLoss=38.4435 | AP@50=0.0288
  Epoch   8/50 | LR=3.23e-04 | TLoss=31.0346 | VLoss=37.4553 | AP@50=0.0305
  Epoch   9/50 | LR=3.20e-04 | TLoss=31.5563 | VLoss=37.2754 | AP@50=0.0140
  Epoch  10/50 | LR=3.16e-04 | TLoss=28.0523 | VLoss=37.4024 | AP@50=0.0150
  [Pruned at epoch 10]

[Trial 14] lr=5.95e-04  wd=3.72e-03  slice_stride=10  batch_size=16
ScanAwareSampler: 13 scans, 2306 total slices, stride=10 → ~236 slices/epoch (10% of training set per epoch)
  Epoch   1/50 | LR=5.95e-05 | TLoss=564.2811 | VLoss=486.0467 | AP@50=0.0000
  Epoch   2/50 | LR=2.38e-04 | TLoss=312.2406 | VLoss=161.9444 | AP@50=0.0010
  Epoch   3/50 | LR=4.17e-04 | TLoss=86.7926 | VLoss=47.7740 | AP@50=0.0057
  Epoch   4/50 | LR=5.95e-04 | TLoss=41.4940 | VLoss=42.2193 | AP@50=0.0003
  Epoch   5/50 | LR=5.95e-04 | TLoss=34.4961 | VLoss=41.0576 | AP@50=0.0266
  Epoch   6/50 | LR=5.93e-04 | TLoss=33.3834 | VLoss=38.8402 | AP@50=0.1077
  Epoch   7/50 | LR=5.90e-04 | TLoss=29.8784 | VLoss=40.4453 | AP@50=0.0311
  Epoch   8/50 | LR=5.85e-04 | TLoss=31.4117 | VLoss=35.8337 | AP@50=0.0632
  Epoch   9/50 | LR=5.79e-04 | TLoss=25.2249 | VLoss=36.3423 | AP@50=0.1780
  Epoch  10/50 | LR=5.72e-04 | TLoss=24.2550 | VLoss=35.4500 | AP@50=0.1948
  [Pruned at epoch 10]

[Trial 18] lr=1.23e-04  wd=1.44e-04  slice_stride=5  batch_size=16
ScanAwareSampler: 13 scans, 2306 total slices, stride=5 → ~467 slices/epoch (20% of training set per epoch)
  Epoch   1/50 | LR=1.23e-05 | TLoss=571.7597 | VLoss=564.0920 | AP@50=0.0010
  Epoch   2/50 | LR=4.91e-05 | TLoss=441.9152 | VLoss=323.3520 | AP@50=0.0005
  Epoch   3/50 | LR=8.60e-05 | TLoss=225.8173 | VLoss=152.7552 | AP@50=0.0005
  Epoch   4/50 | LR=1.23e-04 | TLoss=96.2766 | VLoss=70.0650 | AP@50=0.0002
  Epoch   5/50 | LR=1.23e-04 | TLoss=49.4521 | VLoss=48.7770 | AP@50=0.0016
  Epoch   6/50 | LR=1.22e-04 | TLoss=34.9434 | VLoss=42.8183 | AP@50=0.0062
  Epoch   7/50 | LR=1.22e-04 | TLoss=30.1261 | VLoss=40.6228 | AP@50=0.0501
  Epoch   8/50 | LR=1.21e-04 | TLoss=26.3892 | VLoss=36.5215 | AP@50=0.1083
  Epoch   9/50 | LR=1.20e-04 | TLoss=24.1169 | VLoss=37.0823 | AP@50=0.0925
  Epoch  10/50 | LR=1.18e-04 | TLoss=22.3889 | VLoss=35.3123 | AP@50=0.2444
  [Pruned at epoch 10]

=== Worker done | Completed: 8 | Pruned: 10 ===
Best AP@50 across all workers: 0.4958
Best params: {'learning_rate': 0.00043284502212938834, 'weight_decay': 0.007969454818643935, 'slice_stride': 5, 'batch_size': 32}

Saving top-5 configs to train/config/
  Rank  1 | AP@50=0.4958 | {'learning_rate': 0.00043284502212938834, 'weight_decay': 0.007969454818643935, 'slice_stride': 5, 'batch_size': 32} → hparam_rank01_ap50_0.4958.yaml
  Rank  2 | AP@50=0.4775 | {'learning_rate': 0.00043284502212938834, 'weight_decay': 0.007969454818643935, 'slice_stride': 5, 'batch_size': 32} → hparam_rank02_ap50_0.4775.yaml
  Rank  3 | AP@50=0.4756 | {'learning_rate': 0.0010502105436744284, 'weight_decay': 0.0026070247583707684, 'slice_stride': 7, 'batch_size': 8} → hparam_rank03_ap50_0.4756.yaml
  Rank  4 | AP@50=0.4747 | {'learning_rate': 0.0010502105436744284, 'weight_decay': 0.0026070247583707684, 'slice_stride': 7, 'batch_size': 8} → hparam_rank04_ap50_0.4747.yaml
  Rank  5 | AP@50=0.4640 | {'learning_rate': 0.00043284502212938834, 'weight_decay': 0.007969454818643935, 'slice_stride': 5, 'batch_size': 32} → hparam_rank05_ap50_0.4640.yaml

Best config (AP@50=0.4958) → train/config/best_hparams.yaml
Task 1 completed at: Sat Mar 14 07:09:23 PM EDT 2026
