Job array  : 710, task 7
Node       : bn003
Started at : Sun Mar 15 11:13:05 AM EDT 2026
Config     : train/config/best_hparams.yaml
Study      : yoloe_hparam_search_v2 @ sqlite:////fs01/home/dhaneshr/code/obj-det-test/optuna_studies/yoloe_hparam_search_v2.db
Trials     : 10 (this worker)
Study name : yoloe_hparam_search_v2
Storage    : sqlite:////fs01/home/dhaneshr/code/obj-det-test/optuna_studies/yoloe_hparam_search_v2.db
Trials     : 10 (this worker)
Epochs/trial: 50 (max, early stopping at patience=25)

[Trial 7] lr=4.33e-04  wd=7.97e-03  stride=5  bs=32  mosaic=0.34  ls=0.106  clahe=False  ssr=True  rbc=False
ScanAwareSampler: 13 scans, 2306 total slices, stride=5 → ~467 slices/epoch (20% of training set per epoch)
  Epoch   1/50 | LR=4.33e-05 | TLoss=444.1962 | VLoss=467.9637 | AP@50=0.0000
  Epoch   2/50 | LR=9.20e-05 | TLoss=327.7651 | VLoss=295.6376 | AP@50=0.0030
  Epoch   3/50 | LR=1.41e-04 | TLoss=177.6852 | VLoss=155.9302 | AP@50=0.0010
  Epoch   4/50 | LR=1.89e-04 | TLoss=85.9408 | VLoss=77.7563 | AP@50=0.0004
  Epoch   5/50 | LR=2.38e-04 | TLoss=46.4715 | VLoss=53.3307 | AP@50=0.0003
  Epoch   6/50 | LR=2.87e-04 | TLoss=33.1759 | VLoss=43.0386 | AP@50=0.0040
  Epoch   7/50 | LR=3.35e-04 | TLoss=29.6860 | VLoss=39.5144 | AP@50=0.0051
  Epoch   8/50 | LR=3.84e-04 | TLoss=25.2790 | VLoss=36.9029 | AP@50=0.0376
  Epoch   9/50 | LR=4.33e-04 | TLoss=24.5796 | VLoss=36.8844 | AP@50=0.0893
  Epoch  10/50 | LR=4.32e-04 | TLoss=23.6008 | VLoss=41.6630 | AP@50=0.0953
  Epoch  11/50 | LR=4.30e-04 | TLoss=19.4291 | VLoss=33.1697 | AP@50=0.1973
  Epoch  12/50 | LR=4.28e-04 | TLoss=20.0084 | VLoss=41.4523 | AP@50=0.2224
  Epoch  13/50 | LR=4.23e-04 | TLoss=17.7154 | VLoss=35.7037 | AP@50=0.2537
  Epoch  14/50 | LR=4.18e-04 | TLoss=15.2802 | VLoss=35.6650 | AP@50=0.3020
  Epoch  15/50 | LR=4.12e-04 | TLoss=14.8425 | VLoss=34.9347 | AP@50=0.3370
  Epoch  16/50 | LR=4.05e-04 | TLoss=13.5132 | VLoss=35.5408 | AP@50=0.1902
  Epoch  17/50 | LR=3.96e-04 | TLoss=12.7988 | VLoss=36.7830 | AP@50=0.3353
  Epoch  18/50 | LR=3.87e-04 | TLoss=12.0721 | VLoss=37.4581 | AP@50=0.3811
  Epoch  19/50 | LR=3.76e-04 | TLoss=11.6185 | VLoss=33.5040 | AP@50=0.4332
  Epoch  20/50 | LR=3.65e-04 | TLoss=10.5772 | VLoss=34.3855 | AP@50=0.3661
  Epoch  21/50 | LR=3.53e-04 | TLoss=10.0267 | VLoss=38.1689 | AP@50=0.2219
  Epoch  22/50 | LR=3.41e-04 | TLoss=10.4470 | VLoss=35.1808 | AP@50=0.4290
  Epoch  23/50 | LR=3.27e-04 | TLoss=9.7909 | VLoss=32.5038 | AP@50=0.3363
  Epoch  24/50 | LR=3.13e-04 | TLoss=9.7640 | VLoss=33.8833 | AP@50=0.2988
  Epoch  25/50 | LR=2.99e-04 | TLoss=8.9619 | VLoss=35.3715 | AP@50=0.4297
  Epoch  26/50 | LR=2.84e-04 | TLoss=8.8822 | VLoss=32.4446 | AP@50=0.4495
  Epoch  27/50 | LR=2.68e-04 | TLoss=8.4195 | VLoss=33.8482 | AP@50=0.3634
  Epoch  28/50 | LR=2.53e-04 | TLoss=8.5239 | VLoss=33.8749 | AP@50=0.4588
  Epoch  29/50 | LR=2.37e-04 | TLoss=8.0399 | VLoss=35.5768 | AP@50=0.4244
  Epoch  30/50 | LR=2.21e-04 | TLoss=7.6415 | VLoss=33.1602 | AP@50=0.3394
  Epoch  31/50 | LR=2.06e-04 | TLoss=7.7252 | VLoss=33.8706 | AP@50=0.4172
  Epoch  32/50 | LR=1.90e-04 | TLoss=6.9609 | VLoss=33.7211 | AP@50=0.4462
  Epoch  33/50 | LR=1.74e-04 | TLoss=7.1399 | VLoss=35.0016 | AP@50=0.4057
  Epoch  34/50 | LR=1.59e-04 | TLoss=7.5725 | VLoss=33.7423 | AP@50=0.4275
  Epoch  35/50 | LR=1.44e-04 | TLoss=7.0738 | VLoss=33.2531 | AP@50=0.3784
  Epoch  36/50 | LR=1.30e-04 | TLoss=6.8019 | VLoss=34.8444 | AP@50=0.4072
  Epoch  37/50 | LR=1.16e-04 | TLoss=6.9181 | VLoss=35.0847 | AP@50=0.3511
  Epoch  38/50 | LR=1.02e-04 | TLoss=6.4445 | VLoss=34.6327 | AP@50=0.3245
  Epoch  39/50 | LR=8.96e-05 | TLoss=6.1909 | VLoss=35.0406 | AP@50=0.3799
  Epoch  40/50 | LR=7.76e-05 | TLoss=6.5771 | VLoss=34.2457 | AP@50=0.4243
  Epoch  41/50 | LR=6.64e-05 | TLoss=6.2033 | VLoss=34.5488 | AP@50=0.3985
  Epoch  42/50 | LR=5.61e-05 | TLoss=5.9546 | VLoss=34.8551 | AP@50=0.4104
  Epoch  43/50 | LR=4.67e-05 | TLoss=6.1449 | VLoss=34.4689 | AP@50=0.4018
  Epoch  44/50 | LR=3.83e-05 | TLoss=5.9611 | VLoss=34.4087 | AP@50=0.3933
  Epoch  45/50 | LR=3.09e-05 | TLoss=6.4330 | VLoss=33.9981 | AP@50=0.4106
  Epoch  46/50 | LR=2.46e-05 | TLoss=5.9002 | VLoss=33.6894 | AP@50=0.3984
  Epoch  47/50 | LR=1.94e-05 | TLoss=5.8332 | VLoss=34.1053 | AP@50=0.4101
  Epoch  48/50 | LR=1.53e-05 | TLoss=5.4889 | VLoss=34.3280 | AP@50=0.3877
  Epoch  49/50 | LR=1.24e-05 | TLoss=5.8347 | VLoss=34.5091 | AP@50=0.3914
  Epoch  50/50 | LR=1.06e-05 | TLoss=5.5473 | VLoss=34.1107 | AP@50=0.3789

[Trial 22] lr=1.60e-03  wd=2.34e-03  stride=7  bs=8  mosaic=0.48  ls=0.055  clahe=True  ssr=False  rbc=True
ScanAwareSampler: 13 scans, 2306 total slices, stride=7 → ~336 slices/epoch (15% of training set per epoch)
  Epoch   1/50 | LR=1.60e-04 | TLoss=207.2017 | VLoss=94.2337 | AP@50=0.0001
  Epoch   2/50 | LR=3.41e-04 | TLoss=38.6752 | VLoss=44.5453 | AP@50=0.0001
  Epoch   3/50 | LR=5.21e-04 | TLoss=26.5105 | VLoss=41.8052 | AP@50=0.0279
  Epoch   4/50 | LR=7.02e-04 | TLoss=28.0526 | VLoss=37.9371 | AP@50=0.0529
  Epoch   5/50 | LR=8.82e-04 | TLoss=23.2386 | VLoss=40.7786 | AP@50=0.2453
  Epoch   6/50 | LR=1.06e-03 | TLoss=18.2015 | VLoss=48.2878 | AP@50=0.0098
  Epoch   7/50 | LR=1.24e-03 | TLoss=14.9568 | VLoss=44.3911 | AP@50=0.1521
  Epoch   8/50 | LR=1.42e-03 | TLoss=14.4272 | VLoss=42.9303 | AP@50=0.1313
  Epoch   9/50 | LR=1.60e-03 | TLoss=14.0709 | VLoss=35.1271 | AP@50=0.3122
  Epoch  10/50 | LR=1.60e-03 | TLoss=11.8580 | VLoss=44.5215 | AP@50=0.2150
  Epoch  11/50 | LR=1.60e-03 | TLoss=11.1775 | VLoss=42.3131 | AP@50=0.2775
  Epoch  12/50 | LR=1.58e-03 | TLoss=10.8402 | VLoss=38.7111 | AP@50=0.2262
  Epoch  13/50 | LR=1.57e-03 | TLoss=9.1565 | VLoss=45.1576 | AP@50=0.1663
  Epoch  14/50 | LR=1.55e-03 | TLoss=8.9128 | VLoss=41.4861 | AP@50=0.1978
  Epoch  15/50 | LR=1.53e-03 | TLoss=8.5333 | VLoss=41.8491 | AP@50=0.1325
  Epoch  16/50 | LR=1.50e-03 | TLoss=8.2259 | VLoss=42.9636 | AP@50=0.1439
  Epoch  17/50 | LR=1.47e-03 | TLoss=8.2135 | VLoss=39.3683 | AP@50=0.2037
  [Pruned at epoch 17]

[Trial 37] lr=8.66e-04  wd=4.28e-03  stride=5  bs=16  mosaic=0.23  ls=0.148  clahe=True  ssr=True  rbc=False
ScanAwareSampler: 13 scans, 2306 total slices, stride=5 → ~467 slices/epoch (20% of training set per epoch)
  Epoch   1/50 | LR=8.66e-05 | TLoss=332.1838 | VLoss=202.4183 | AP@50=0.0038
  Epoch   2/50 | LR=1.84e-04 | TLoss=89.8457 | VLoss=56.9682 | AP@50=0.0003
  Epoch   3/50 | LR=2.81e-04 | TLoss=39.5381 | VLoss=38.3566 | AP@50=0.0661
  Epoch   4/50 | LR=3.79e-04 | TLoss=31.9553 | VLoss=38.2198 | AP@50=0.0052
  Epoch   5/50 | LR=4.76e-04 | TLoss=26.7940 | VLoss=39.8302 | AP@50=0.0604
  Epoch   6/50 | LR=5.73e-04 | TLoss=24.1962 | VLoss=38.6540 | AP@50=0.0331
  Epoch   7/50 | LR=6.71e-04 | TLoss=22.4500 | VLoss=35.1265 | AP@50=0.2567
  Epoch   8/50 | LR=7.68e-04 | TLoss=19.3064 | VLoss=36.8920 | AP@50=0.2128
  Epoch   9/50 | LR=8.66e-04 | TLoss=17.9802 | VLoss=31.8261 | AP@50=0.3189
  Epoch  10/50 | LR=8.64e-04 | TLoss=17.6655 | VLoss=34.5931 | AP@50=0.1658
  Epoch  11/50 | LR=8.61e-04 | TLoss=15.4537 | VLoss=31.1876 | AP@50=0.3038
  Epoch  12/50 | LR=8.55e-04 | TLoss=14.2870 | VLoss=32.7848 | AP@50=0.3064
  Epoch  13/50 | LR=8.47e-04 | TLoss=14.3665 | VLoss=35.5289 | AP@50=0.2387
  Epoch  14/50 | LR=8.36e-04 | TLoss=12.6882 | VLoss=34.9115 | AP@50=0.2177
  Epoch  15/50 | LR=8.23e-04 | TLoss=11.4898 | VLoss=38.0669 | AP@50=0.3105
  Epoch  16/50 | LR=8.08e-04 | TLoss=11.7019 | VLoss=36.2846 | AP@50=0.1845
  Epoch  17/50 | LR=7.91e-04 | TLoss=11.0695 | VLoss=32.6926 | AP@50=0.3667
  Epoch  18/50 | LR=7.72e-04 | TLoss=10.6947 | VLoss=33.3848 | AP@50=0.2845
  [Pruned at epoch 18]

[Trial 46] lr=1.95e-04  wd=1.94e-04  stride=5  bs=32  mosaic=0.39  ls=0.084  clahe=False  ssr=True  rbc=False
ScanAwareSampler: 13 scans, 2306 total slices, stride=5 → ~467 slices/epoch (20% of training set per epoch)
  Epoch   1/50 | LR=1.95e-05 | TLoss=434.1008 | VLoss=501.1528 | AP@50=0.0000
  Epoch   2/50 | LR=4.14e-05 | TLoss=357.8898 | VLoss=365.8004 | AP@50=0.0006
  Epoch   3/50 | LR=6.33e-05 | TLoss=255.5832 | VLoss=252.8033 | AP@50=0.0009
  Epoch   4/50 | LR=8.53e-05 | TLoss=155.2276 | VLoss=169.6155 | AP@50=0.0003
  Epoch   5/50 | LR=1.07e-04 | TLoss=101.2484 | VLoss=111.1367 | AP@50=0.0004
  Epoch   6/50 | LR=1.29e-04 | TLoss=66.8375 | VLoss=74.0525 | AP@50=0.0005
  Epoch   7/50 | LR=1.51e-04 | TLoss=48.0551 | VLoss=56.9159 | AP@50=0.0003
  Epoch   8/50 | LR=1.73e-04 | TLoss=36.0931 | VLoss=47.6905 | AP@50=0.0002
  Epoch   9/50 | LR=1.95e-04 | TLoss=29.0314 | VLoss=39.2464 | AP@50=0.0027
  Epoch  10/50 | LR=1.95e-04 | TLoss=26.4166 | VLoss=37.9755 | AP@50=0.1317
  [Pruned at epoch 10]

[Trial 50] lr=4.92e-03  wd=5.53e-03  stride=5  bs=32  mosaic=0.31  ls=0.092  clahe=False  ssr=True  rbc=False
ScanAwareSampler: 13 scans, 2306 total slices, stride=5 → ~467 slices/epoch (20% of training set per epoch)
  Epoch   1/50 | LR=4.92e-04 | TLoss=223.8793 | VLoss=75.4065 | AP@50=0.0007
  Epoch   2/50 | LR=1.05e-03 | TLoss=36.0164 | VLoss=35.1726 | AP@50=0.0603
  Epoch   3/50 | LR=1.60e-03 | TLoss=29.2656 | VLoss=35.2469 | AP@50=0.0387
  Epoch   4/50 | LR=2.15e-03 | TLoss=29.0865 | VLoss=36.5927 | AP@50=0.0082
  Epoch   5/50 | LR=2.71e-03 | TLoss=25.6664 | VLoss=38.4032 | AP@50=0.0257
  Epoch   6/50 | LR=3.26e-03 | TLoss=23.9934 | VLoss=37.8604 | AP@50=0.0530
  Epoch   7/50 | LR=3.82e-03 | TLoss=20.7134 | VLoss=36.5061 | AP@50=0.1580
  Epoch   8/50 | LR=4.37e-03 | TLoss=20.4568 | VLoss=32.7510 | AP@50=0.1255
  Epoch   9/50 | LR=4.92e-03 | TLoss=19.4518 | VLoss=36.7389 | AP@50=0.2441
  Epoch  10/50 | LR=4.92e-03 | TLoss=19.3816 | VLoss=35.7298 | AP@50=0.0369
  Epoch  11/50 | LR=4.90e-03 | TLoss=16.9305 | VLoss=34.0017 | AP@50=0.1781
  Epoch  12/50 | LR=4.86e-03 | TLoss=15.5636 | VLoss=34.6599 | AP@50=0.2781
  Epoch  13/50 | LR=4.81e-03 | TLoss=15.5536 | VLoss=35.6956 | AP@50=0.1536
  Epoch  14/50 | LR=4.75e-03 | TLoss=14.3843 | VLoss=37.5066 | AP@50=0.3232
  Epoch  15/50 | LR=4.68e-03 | TLoss=14.1409 | VLoss=32.9645 | AP@50=0.1640
  Epoch  16/50 | LR=4.59e-03 | TLoss=13.1817 | VLoss=35.2520 | AP@50=0.3640
  Epoch  17/50 | LR=4.50e-03 | TLoss=12.9415 | VLoss=37.3392 | AP@50=0.2693
  Epoch  18/50 | LR=4.39e-03 | TLoss=13.4318 | VLoss=40.4810 | AP@50=0.2001
  Epoch  19/50 | LR=4.27e-03 | TLoss=12.2885 | VLoss=36.0185 | AP@50=0.4098
  Epoch  20/50 | LR=4.14e-03 | TLoss=12.0607 | VLoss=29.6157 | AP@50=0.3802
  Epoch  21/50 | LR=4.00e-03 | TLoss=11.3181 | VLoss=36.0687 | AP@50=0.2969
  Epoch  22/50 | LR=3.85e-03 | TLoss=10.7367 | VLoss=34.6023 | AP@50=0.4677
  Epoch  23/50 | LR=3.69e-03 | TLoss=10.5573 | VLoss=30.3497 | AP@50=0.4597
  Epoch  24/50 | LR=3.53e-03 | TLoss=10.0376 | VLoss=33.8110 | AP@50=0.3225
  Epoch  25/50 | LR=3.36e-03 | TLoss=9.6869 | VLoss=33.4891 | AP@50=0.3332
  Epoch  26/50 | LR=3.19e-03 | TLoss=9.4647 | VLoss=33.2867 | AP@50=0.4263
  Epoch  27/50 | LR=3.01e-03 | TLoss=9.9642 | VLoss=33.5972 | AP@50=0.3502
  Epoch  28/50 | LR=2.83e-03 | TLoss=9.8013 | VLoss=33.0531 | AP@50=0.4421
  Epoch  29/50 | LR=2.65e-03 | TLoss=9.2934 | VLoss=31.5303 | AP@50=0.3857
  Epoch  30/50 | LR=2.47e-03 | TLoss=8.6725 | VLoss=33.2031 | AP@50=0.3607
  Epoch  31/50 | LR=2.28e-03 | TLoss=8.2499 | VLoss=33.4270 | AP@50=0.4186
  Epoch  32/50 | LR=2.10e-03 | TLoss=8.2704 | VLoss=31.9311 | AP@50=0.4074
  Epoch  33/50 | LR=1.92e-03 | TLoss=8.4855 | VLoss=33.8597 | AP@50=0.4191
  Epoch  34/50 | LR=1.74e-03 | TLoss=8.6298 | VLoss=32.8091 | AP@50=0.4351
  Epoch  35/50 | LR=1.57e-03 | TLoss=8.0714 | VLoss=31.9943 | AP@50=0.3471
  Epoch  36/50 | LR=1.40e-03 | TLoss=7.6954 | VLoss=32.9638 | AP@50=0.4023
  Epoch  37/50 | LR=1.24e-03 | TLoss=7.5781 | VLoss=32.3811 | AP@50=0.3875
  Epoch  38/50 | LR=1.08e-03 | TLoss=7.5376 | VLoss=32.7823 | AP@50=0.4109
  Epoch  39/50 | LR=9.35e-04 | TLoss=7.1685 | VLoss=30.9559 | AP@50=0.4408
  Epoch  40/50 | LR=7.96e-04 | TLoss=6.9009 | VLoss=32.4737 | AP@50=0.4155
  Epoch  41/50 | LR=6.66e-04 | TLoss=7.0876 | VLoss=31.4770 | AP@50=0.4418
  Epoch  42/50 | LR=5.46e-04 | TLoss=6.9986 | VLoss=32.1484 | AP@50=0.4485
  Epoch  43/50 | LR=4.37e-04 | TLoss=7.1586 | VLoss=31.9735 | AP@50=0.4635
  Epoch  44/50 | LR=3.39e-04 | TLoss=6.3582 | VLoss=31.9629 | AP@50=0.4530
  Epoch  45/50 | LR=2.53e-04 | TLoss=6.6470 | VLoss=32.2183 | AP@50=0.4650
  Epoch  46/50 | LR=1.80e-04 | TLoss=6.8190 | VLoss=32.2003 | AP@50=0.4565
  Epoch  47/50 | LR=1.19e-04 | TLoss=6.1648 | VLoss=32.0146 | AP@50=0.4640
  [Early stop at epoch 47, best AP@50=0.4677]

[Trial 73] lr=3.85e-04  wd=7.18e-03  stride=5  bs=32  mosaic=0.26  ls=0.076  clahe=False  ssr=True  rbc=False
ScanAwareSampler: 13 scans, 2306 total slices, stride=5 → ~467 slices/epoch (20% of training set per epoch)
  Epoch   1/50 | LR=3.85e-05 | TLoss=518.7788 | VLoss=556.9363 | AP@50=0.0006
  Epoch   2/50 | LR=8.19e-05 | TLoss=393.8601 | VLoss=351.5335 | AP@50=0.0023
  Epoch   3/50 | LR=1.25e-04 | TLoss=230.7040 | VLoss=201.2223 | AP@50=0.0004
  Epoch   4/50 | LR=1.69e-04 | TLoss=124.3169 | VLoss=106.9197 | AP@50=0.0008
  Epoch   5/50 | LR=2.12e-04 | TLoss=64.7134 | VLoss=62.2128 | AP@50=0.0003
  Epoch   6/50 | LR=2.55e-04 | TLoss=38.7566 | VLoss=41.9521 | AP@50=0.0019
  Epoch   7/50 | LR=2.99e-04 | TLoss=32.9865 | VLoss=43.7693 | AP@50=0.0226
  Epoch   8/50 | LR=3.42e-04 | TLoss=30.4075 | VLoss=35.1077 | AP@50=0.0619
  Epoch   9/50 | LR=3.85e-04 | TLoss=26.7117 | VLoss=34.8968 | AP@50=0.0610
  Epoch  10/50 | LR=3.85e-04 | TLoss=23.8935 | VLoss=33.5347 | AP@50=0.2114
  [Pruned at epoch 10]

[Trial 81] lr=1.03e-03  wd=7.71e-03  stride=5  bs=32  mosaic=0.33  ls=0.124  clahe=False  ssr=True  rbc=True
ScanAwareSampler: 13 scans, 2306 total slices, stride=5 → ~467 slices/epoch (20% of training set per epoch)
  Epoch   1/50 | LR=1.03e-04 | TLoss=386.6741 | VLoss=330.0265 | AP@50=0.0000
  Epoch   2/50 | LR=2.19e-04 | TLoss=174.0314 | VLoss=116.0276 | AP@50=0.0007
  Epoch   3/50 | LR=3.34e-04 | TLoss=59.9094 | VLoss=46.4479 | AP@50=0.0014
  Epoch   4/50 | LR=4.50e-04 | TLoss=33.9532 | VLoss=39.8039 | AP@50=0.0008
  Epoch   5/50 | LR=5.66e-04 | TLoss=29.9964 | VLoss=39.0863 | AP@50=0.0214
  Epoch   6/50 | LR=6.82e-04 | TLoss=29.2821 | VLoss=37.7335 | AP@50=0.0046
  Epoch   7/50 | LR=7.97e-04 | TLoss=26.4686 | VLoss=42.4112 | AP@50=0.0302
  Epoch   8/50 | LR=9.13e-04 | TLoss=25.1030 | VLoss=38.2745 | AP@50=0.0563
  Epoch   9/50 | LR=1.03e-03 | TLoss=23.2710 | VLoss=36.9577 | AP@50=0.1510
  Epoch  10/50 | LR=1.03e-03 | TLoss=18.6389 | VLoss=37.2191 | AP@50=0.0864
  [Pruned at epoch 10]

[Trial 87] lr=7.31e-04  wd=2.81e-04  stride=5  bs=32  mosaic=0.30  ls=0.104  clahe=False  ssr=True  rbc=False
ScanAwareSampler: 13 scans, 2306 total slices, stride=5 → ~467 slices/epoch (20% of training set per epoch)
  Epoch   1/50 | LR=7.31e-05 | TLoss=436.1837 | VLoss=400.9064 | AP@50=0.0000
  Epoch   2/50 | LR=1.55e-04 | TLoss=243.0966 | VLoss=179.2835 | AP@50=0.0052
  Epoch   3/50 | LR=2.38e-04 | TLoss=93.4670 | VLoss=68.2913 | AP@50=0.0020
  Epoch   4/50 | LR=3.20e-04 | TLoss=42.8373 | VLoss=43.9405 | AP@50=0.0004
  Epoch   5/50 | LR=4.02e-04 | TLoss=33.3746 | VLoss=45.0381 | AP@50=0.0013
  Epoch   6/50 | LR=4.84e-04 | TLoss=30.6786 | VLoss=37.2182 | AP@50=0.0573
  Epoch   7/50 | LR=5.67e-04 | TLoss=27.7646 | VLoss=37.0637 | AP@50=0.0623
  Epoch   8/50 | LR=6.49e-04 | TLoss=24.8608 | VLoss=36.9600 | AP@50=0.1551
  Epoch   9/50 | LR=7.31e-04 | TLoss=22.6959 | VLoss=39.5587 | AP@50=0.1628
  Epoch  10/50 | LR=7.30e-04 | TLoss=21.0103 | VLoss=38.4799 | AP@50=0.2238
  [Pruned at epoch 10]

[Trial 93] lr=6.27e-04  wd=8.21e-03  stride=5  bs=16  mosaic=0.37  ls=0.103  clahe=False  ssr=True  rbc=False
ScanAwareSampler: 13 scans, 2306 total slices, stride=5 → ~467 slices/epoch (20% of training set per epoch)
  Epoch   1/50 | LR=6.27e-05 | TLoss=402.5340 | VLoss=330.0181 | AP@50=0.0003
  Epoch   2/50 | LR=1.33e-04 | TLoss=154.9647 | VLoss=108.2623 | AP@50=0.0003
  Epoch   3/50 | LR=2.04e-04 | TLoss=51.1657 | VLoss=47.6634 | AP@50=0.0012
  Epoch   4/50 | LR=2.74e-04 | TLoss=32.9358 | VLoss=43.3564 | AP@50=0.0050
  Epoch   5/50 | LR=3.45e-04 | TLoss=30.6719 | VLoss=41.3725 | AP@50=0.0441
  Epoch   6/50 | LR=4.15e-04 | TLoss=24.3677 | VLoss=39.5242 | AP@50=0.0841
  Epoch   7/50 | LR=4.86e-04 | TLoss=21.8978 | VLoss=38.1184 | AP@50=0.1559
  Epoch   8/50 | LR=5.57e-04 | TLoss=21.0086 | VLoss=40.1663 | AP@50=0.1584
  Epoch   9/50 | LR=6.27e-04 | TLoss=18.4559 | VLoss=37.5593 | AP@50=0.0902
  Epoch  10/50 | LR=6.26e-04 | TLoss=16.6331 | VLoss=44.5028 | AP@50=0.1413
  [Pruned at epoch 10]

[Trial 98] lr=3.15e-04  wd=5.27e-03  stride=5  bs=16  mosaic=0.37  ls=0.089  clahe=False  ssr=True  rbc=False
ScanAwareSampler: 13 scans, 2306 total slices, stride=5 → ~467 slices/epoch (20% of training set per epoch)
  Epoch   1/50 | LR=3.15e-05 | TLoss=424.4315 | VLoss=468.7391 | AP@50=0.0003
  Epoch   2/50 | LR=6.70e-05 | TLoss=262.0734 | VLoss=223.2161 | AP@50=0.0010
  Epoch   3/50 | LR=1.03e-04 | TLoss=112.9965 | VLoss=101.8231 | AP@50=0.0001
  Epoch   4/50 | LR=1.38e-04 | TLoss=53.6745 | VLoss=57.6258 | AP@50=0.0002
  Epoch   5/50 | LR=1.73e-04 | TLoss=33.6747 | VLoss=42.2704 | AP@50=0.0001
  Epoch   6/50 | LR=2.09e-04 | TLoss=29.4813 | VLoss=43.8799 | AP@50=0.0022
  Epoch   7/50 | LR=2.44e-04 | TLoss=25.6117 | VLoss=40.2567 | AP@50=0.0598
  Epoch   8/50 | LR=2.80e-04 | TLoss=23.7430 | VLoss=36.0169 | AP@50=0.0936
  Epoch   9/50 | LR=3.15e-04 | TLoss=20.0818 | VLoss=35.6337 | AP@50=0.3383
  Epoch  10/50 | LR=3.15e-04 | TLoss=18.8743 | VLoss=32.9329 | AP@50=0.2870
  Epoch  11/50 | LR=3.14e-04 | TLoss=17.7767 | VLoss=35.0101 | AP@50=0.2916
  Epoch  12/50 | LR=3.12e-04 | TLoss=14.1388 | VLoss=37.1800 | AP@50=0.1747
  Epoch  13/50 | LR=3.09e-04 | TLoss=13.0059 | VLoss=32.2491 | AP@50=0.3309
  Epoch  14/50 | LR=3.05e-04 | TLoss=11.7905 | VLoss=37.3980 | AP@50=0.3769
  Epoch  15/50 | LR=3.00e-04 | TLoss=10.8090 | VLoss=36.6531 | AP@50=0.3422
  Epoch  16/50 | LR=2.95e-04 | TLoss=10.3287 | VLoss=34.7547 | AP@50=0.3631
  Epoch  17/50 | LR=2.89e-04 | TLoss=9.8352 | VLoss=32.4060 | AP@50=0.4765
  Epoch  18/50 | LR=2.82e-04 | TLoss=9.3475 | VLoss=34.7202 | AP@50=0.4680
  Epoch  19/50 | LR=2.75e-04 | TLoss=9.1622 | VLoss=35.2122 | AP@50=0.3721
  Epoch  20/50 | LR=2.67e-04 | TLoss=8.2763 | VLoss=37.3911 | AP@50=0.4084
  Epoch  21/50 | LR=2.58e-04 | TLoss=9.1419 | VLoss=30.5897 | AP@50=0.4264
  Epoch  22/50 | LR=2.49e-04 | TLoss=8.6725 | VLoss=31.7091 | AP@50=0.4178
  Epoch  23/50 | LR=2.39e-04 | TLoss=8.2258 | VLoss=33.0620 | AP@50=0.4681
  Epoch  24/50 | LR=2.29e-04 | TLoss=8.2750 | VLoss=35.3048 | AP@50=0.5210
  Epoch  25/50 | LR=2.18e-04 | TLoss=7.4675 | VLoss=37.0054 | AP@50=0.4055
  Epoch  26/50 | LR=2.08e-04 | TLoss=7.5629 | VLoss=35.9322 | AP@50=0.4830
  Epoch  27/50 | LR=1.97e-04 | TLoss=7.3737 | VLoss=34.1140 | AP@50=0.3814
  Epoch  28/50 | LR=1.85e-04 | TLoss=6.7296 | VLoss=33.8001 | AP@50=0.5030
  Epoch  29/50 | LR=1.74e-04 | TLoss=6.7675 | VLoss=31.9774 | AP@50=0.5578
  Epoch  30/50 | LR=1.63e-04 | TLoss=6.8421 | VLoss=33.2498 | AP@50=0.4055
  Epoch  31/50 | LR=1.51e-04 | TLoss=6.7036 | VLoss=34.4790 | AP@50=0.4629
  Epoch  32/50 | LR=1.40e-04 | TLoss=6.4854 | VLoss=34.6724 | AP@50=0.4339
  Epoch  33/50 | LR=1.29e-04 | TLoss=6.0603 | VLoss=35.7947 | AP@50=0.4042
  Epoch  34/50 | LR=1.18e-04 | TLoss=6.2711 | VLoss=36.1026 | AP@50=0.4162
  Epoch  35/50 | LR=1.07e-04 | TLoss=6.0292 | VLoss=35.1314 | AP@50=0.4345
  Epoch  36/50 | LR=9.64e-05 | TLoss=5.6732 | VLoss=35.1722 | AP@50=0.4349
  Epoch  37/50 | LR=8.64e-05 | TLoss=5.7967 | VLoss=36.6148 | AP@50=0.4333
  Epoch  38/50 | LR=7.67e-05 | TLoss=5.5335 | VLoss=37.0605 | AP@50=0.4452
  Epoch  39/50 | LR=6.75e-05 | TLoss=5.5992 | VLoss=35.2864 | AP@50=0.4847
  Epoch  40/50 | LR=5.88e-05 | TLoss=5.4102 | VLoss=34.1897 | AP@50=0.4120
  Epoch  41/50 | LR=5.08e-05 | TLoss=5.6828 | VLoss=35.9826 | AP@50=0.4635
  Epoch  42/50 | LR=4.33e-05 | TLoss=5.2227 | VLoss=36.1990 | AP@50=0.4615
  Epoch  43/50 | LR=3.65e-05 | TLoss=5.2375 | VLoss=35.8803 | AP@50=0.4532
  Epoch  44/50 | LR=3.05e-05 | TLoss=5.2125 | VLoss=35.8369 | AP@50=0.4266
  Epoch  45/50 | LR=2.51e-05 | TLoss=5.3253 | VLoss=36.5870 | AP@50=0.4311
  Epoch  46/50 | LR=2.06e-05 | TLoss=4.7978 | VLoss=36.5718 | AP@50=0.4335
  Epoch  47/50 | LR=1.68e-05 | TLoss=4.8783 | VLoss=36.6359 | AP@50=0.4326
  Epoch  48/50 | LR=1.38e-05 | TLoss=4.7803 | VLoss=36.6654 | AP@50=0.4390
  Epoch  49/50 | LR=1.17e-05 | TLoss=4.9168 | VLoss=36.7515 | AP@50=0.4357
  Epoch  50/50 | LR=1.04e-05 | TLoss=4.4476 | VLoss=36.5368 | AP@50=0.4421

=== Worker done | Completed: 32 | Pruned: 80 ===
Best AP@50 across all workers: 0.5787
Best params: {'learning_rate': 0.0006079456599557675, 'weight_decay': 0.009689539966562306, 'slice_stride': 5, 'batch_size': 32, 'mosaic_prob': 0.3618153739220932, 'label_smooth': 0.09773233461785831, 'use_clahe': False, 'use_shift_scale_rotate': True, 'use_brightness_contrast': False}

Saving top-5 configs to train/config/
  Rank  1 | AP@50=0.5787 | {'learning_rate': 0.0006079456599557675, 'weight_decay': 0.009689539966562306, 'slice_stride': 5, 'batch_size': 32, 'mosaic_prob': 0.3618153739220932, 'label_smooth': 0.09773233461785831, 'use_clahe': False, 'use_shift_scale_rotate': True, 'use_brightness_contrast': False} → hparam_rank01_ap50_0.5787.yaml
  Rank  2 | AP@50=0.5578 | {'learning_rate': 0.00031541151070089215, 'weight_decay': 0.005267085623387704, 'slice_stride': 5, 'batch_size': 16, 'mosaic_prob': 0.3718090905629398, 'label_smooth': 0.08866135543143575, 'use_clahe': False, 'use_shift_scale_rotate': True, 'use_brightness_contrast': False} → hparam_rank02_ap50_0.5578.yaml
  Rank  3 | AP@50=0.5476 | {'learning_rate': 0.0006362463673602598, 'weight_decay': 0.00828288134135103, 'slice_stride': 5, 'batch_size': 16, 'mosaic_prob': 0.3708399575277674, 'label_smooth': 0.09269439522329073, 'use_clahe': False, 'use_shift_scale_rotate': True, 'use_brightness_contrast': False} → hparam_rank03_ap50_0.5476.yaml
  Rank  4 | AP@50=0.5430 | {'learning_rate': 0.0007846285500668195, 'weight_decay': 0.004666993031173841, 'slice_stride': 5, 'batch_size': 16, 'mosaic_prob': 0.2312461052714101, 'label_smooth': 0.1480608988200256, 'use_clahe': False, 'use_shift_scale_rotate': True, 'use_brightness_contrast': False} → hparam_rank04_ap50_0.5430.yaml
  Rank  5 | AP@50=0.5409 | {'learning_rate': 0.0005788333241389787, 'weight_decay': 0.005994307623413074, 'slice_stride': 5, 'batch_size': 32, 'mosaic_prob': 0.3651070532175779, 'label_smooth': 0.08408016583070885, 'use_clahe': False, 'use_shift_scale_rotate': True, 'use_brightness_contrast': False} → hparam_rank05_ap50_0.5409.yaml

Best config (AP@50=0.5787) → train/config/best_hparams.yaml
Task 7 completed at: Sun Mar 15 01:06:57 PM EDT 2026
