Job started at: Mon Mar 16 10:54:05 AM EDT 2026
Running on node: bn001
Activating virtual environment...
Starting training...
Using config file: train/config/best_hparams.yaml
Using device: cuda
Loading datasets...
Train dataset size: 2306
Validation dataset size: 357
ScanAwareSampler: 13 scans, 2306 total slices, stride=5 → ~467 slices/epoch (20% of training set per epoch)
Building YOLOE model (size: s)...
Starting training for 100 epochs...
Epoch [1/100] Time: 37.55s | LR: 0.000061 | Train Loss: 418.6046 | Val Loss: 434.4315 | AP@50: 0.0000 | SliceAP@50: 0.1584 | Prec: 0.0000 | Recall: 0.0000 | Recall@100: 0.0000
--> Saved new best model with AP@50: 0.0000 (Val Loss: 434.4315)
Epoch [2/100] Time: 37.17s | LR: 0.000243 | Train Loss: 194.6306 | Val Loss: 126.5119 | AP@50: 0.0006 | SliceAP@50: 0.5050 | Prec: 0.0000 | Recall: 0.0000 | Recall@100: 0.0706
Epoch [3/100] Time: 30.20s | LR: 0.000426 | Train Loss: 58.9306 | Val Loss: 45.4384 | AP@50: 0.0000 | SliceAP@50: 0.0297 | Prec: 0.0000 | Recall: 0.0000 | Recall@100: 0.0048
Epoch [4/100] Time: 28.45s | LR: 0.000608 | Train Loss: 33.1641 | Val Loss: 38.2090 | AP@50: 0.0489 | SliceAP@50: 0.3564 | Prec: 0.0000 | Recall: 0.0000 | Recall@100: 0.1070
--> Saved new best model with AP@50: 0.0489 (Val Loss: 38.2090)
Epoch [5/100] Time: 27.73s | LR: 0.000608 | Train Loss: 27.7550 | Val Loss: 38.8242 | AP@50: 0.0190 | SliceAP@50: 0.1386 | Prec: 0.0000 | Recall: 0.0000 | Recall@100: 0.0387
Epoch [6/100] Time: 28.33s | LR: 0.000607 | Train Loss: 26.5106 | Val Loss: 40.6150 | AP@50: 0.1372 | SliceAP@50: 0.3762 | Prec: 0.0000 | Recall: 0.0000 | Recall@100: 0.1174
--> Saved new best model with AP@50: 0.1372 (Val Loss: 40.6150)
Epoch [7/100] Time: 29.89s | LR: 0.000607 | Train Loss: 24.0339 | Val Loss: 39.9188 | AP@50: 0.0156 | SliceAP@50: 0.2970 | Prec: 0.0000 | Recall: 0.0000 | Recall@100: 0.1059
Epoch [8/100] Time: 29.24s | LR: 0.000605 | Train Loss: 21.0063 | Val Loss: 37.0138 | AP@50: 0.1081 | SliceAP@50: 0.5347 | Prec: 0.3475 | Recall: 0.1148 | Recall@100: 0.2056
Epoch [9/100] Time: 29.06s | LR: 0.000604 | Train Loss: 18.7258 | Val Loss: 37.2773 | AP@50: 0.3464 | SliceAP@50: 0.5941 | Prec: 0.6744 | Recall: 0.2437 | Recall@100: 0.2303
--> Saved new best model with AP@50: 0.3464 (Val Loss: 37.2773)
Epoch [10/100] Time: 28.27s | LR: 0.000602 | Train Loss: 17.5912 | Val Loss: 42.5679 | AP@50: 0.1434 | SliceAP@50: 0.6535 | Prec: 0.2273 | Recall: 0.2941 | Recall@100: 0.2908
Epoch [11/100] Time: 29.18s | LR: 0.000600 | Train Loss: 14.5266 | Val Loss: 35.5614 | AP@50: 0.3146 | SliceAP@50: 0.6040 | Prec: 0.5217 | Recall: 0.2689 | Recall@100: 0.2877
Epoch [12/100] Time: 28.92s | LR: 0.000598 | Train Loss: 13.2156 | Val Loss: 39.9793 | AP@50: 0.2365 | SliceAP@50: 0.5545 | Prec: 0.2648 | Recall: 0.3137 | Recall@100: 0.2748
Epoch [13/100] Time: 28.44s | LR: 0.000595 | Train Loss: 13.3315 | Val Loss: 34.9816 | AP@50: 0.3809 | SliceAP@50: 0.5743 | Prec: 0.5623 | Recall: 0.4426 | Recall@100: 0.2454
--> Saved new best model with AP@50: 0.3809 (Val Loss: 34.9816)
Epoch [14/100] Time: 28.55s | LR: 0.000592 | Train Loss: 13.0628 | Val Loss: 32.8806 | AP@50: 0.3238 | SliceAP@50: 0.6337 | Prec: 0.4097 | Recall: 0.3557 | Recall@100: 0.3216
Epoch [15/100] Time: 28.13s | LR: 0.000589 | Train Loss: 13.0830 | Val Loss: 32.9452 | AP@50: 0.4502 | SliceAP@50: 0.6535 | Prec: 0.5565 | Recall: 0.3725 | Recall@100: 0.2902
--> Saved new best model with AP@50: 0.4502 (Val Loss: 32.9452)
Epoch [16/100] Time: 29.22s | LR: 0.000586 | Train Loss: 11.4332 | Val Loss: 34.8498 | AP@50: 0.3696 | SliceAP@50: 0.5941 | Prec: 0.5077 | Recall: 0.3697 | Recall@100: 0.2762
Epoch [17/100] Time: 28.61s | LR: 0.000582 | Train Loss: 10.8379 | Val Loss: 34.5785 | AP@50: 0.3051 | SliceAP@50: 0.5842 | Prec: 0.4083 | Recall: 0.4118 | Recall@100: 0.3064
Epoch [18/100] Time: 28.91s | LR: 0.000578 | Train Loss: 10.1323 | Val Loss: 31.1228 | AP@50: 0.3991 | SliceAP@50: 0.6931 | Prec: 0.2837 | Recall: 0.5070 | Recall@100: 0.4003
Epoch [19/100] Time: 27.27s | LR: 0.000573 | Train Loss: 10.3958 | Val Loss: 33.6849 | AP@50: 0.3525 | SliceAP@50: 0.6634 | Prec: 0.4108 | Recall: 0.4258 | Recall@100: 0.3277
Epoch [20/100] Time: 28.53s | LR: 0.000569 | Train Loss: 9.5232 | Val Loss: 31.7855 | AP@50: 0.2977 | SliceAP@50: 0.7129 | Prec: 0.3936 | Recall: 0.4818 | Recall@100: 0.2997
Epoch [21/100] Time: 29.03s | LR: 0.000564 | Train Loss: 9.5475 | Val Loss: 34.1239 | AP@50: 0.3849 | SliceAP@50: 0.5842 | Prec: 0.5172 | Recall: 0.3782 | Recall@100: 0.2395
Epoch [22/100] Time: 28.02s | LR: 0.000559 | Train Loss: 9.4037 | Val Loss: 35.7503 | AP@50: 0.3058 | SliceAP@50: 0.5248 | Prec: 0.5435 | Recall: 0.2801 | Recall@100: 0.2513
Epoch [23/100] Time: 28.45s | LR: 0.000553 | Train Loss: 8.7319 | Val Loss: 33.6133 | AP@50: 0.2609 | SliceAP@50: 0.5446 | Prec: 0.3987 | Recall: 0.3417 | Recall@100: 0.2720
Epoch [24/100] Time: 27.85s | LR: 0.000547 | Train Loss: 8.7713 | Val Loss: 38.4499 | AP@50: 0.2957 | SliceAP@50: 0.4752 | Prec: 0.4203 | Recall: 0.3249 | Recall@100: 0.2812
Epoch [25/100] Time: 28.64s | LR: 0.000541 | Train Loss: 8.4045 | Val Loss: 31.3506 | AP@50: 0.3042 | SliceAP@50: 0.6337 | Prec: 0.4400 | Recall: 0.4314 | Recall@100: 0.3703
Epoch [26/100] Time: 29.08s | LR: 0.000535 | Train Loss: 8.8885 | Val Loss: 31.7636 | AP@50: 0.3078 | SliceAP@50: 0.5248 | Prec: 0.5149 | Recall: 0.3389 | Recall@100: 0.3073
Epoch [27/100] Time: 29.67s | LR: 0.000529 | Train Loss: 8.0126 | Val Loss: 33.9267 | AP@50: 0.4063 | SliceAP@50: 0.6040 | Prec: 0.4167 | Recall: 0.4482 | Recall@100: 0.3092
Epoch [28/100] Time: 28.88s | LR: 0.000522 | Train Loss: 8.1661 | Val Loss: 32.7358 | AP@50: 0.3705 | SliceAP@50: 0.6436 | Prec: 0.4342 | Recall: 0.4342 | Recall@100: 0.3490
Epoch [29/100] Time: 28.78s | LR: 0.000515 | Train Loss: 8.6908 | Val Loss: 33.9728 | AP@50: 0.3025 | SliceAP@50: 0.6436 | Prec: 0.3073 | Recall: 0.4622 | Recall@100: 0.3412
Epoch [30/100] Time: 28.91s | LR: 0.000508 | Train Loss: 7.7944 | Val Loss: 35.4156 | AP@50: 0.2980 | SliceAP@50: 0.5644 | Prec: 0.3350 | Recall: 0.3782 | Recall@100: 0.3261
Epoch [31/100] Time: 28.69s | LR: 0.000501 | Train Loss: 8.0624 | Val Loss: 31.3291 | AP@50: 0.3973 | SliceAP@50: 0.6337 | Prec: 0.5958 | Recall: 0.4006 | Recall@100: 0.3398
Epoch [32/100] Time: 29.23s | LR: 0.000493 | Train Loss: 7.8323 | Val Loss: 33.1704 | AP@50: 0.3483 | SliceAP@50: 0.6436 | Prec: 0.4347 | Recall: 0.4846 | Recall@100: 0.3639
Epoch [33/100] Time: 29.05s | LR: 0.000485 | Train Loss: 7.6827 | Val Loss: 32.5871 | AP@50: 0.3673 | SliceAP@50: 0.6634 | Prec: 0.4484 | Recall: 0.4258 | Recall@100: 0.3807
Epoch [34/100] Time: 28.76s | LR: 0.000478 | Train Loss: 7.6036 | Val Loss: 34.8576 | AP@50: 0.3392 | SliceAP@50: 0.6139 | Prec: 0.4027 | Recall: 0.4930 | Recall@100: 0.3686
Epoch [35/100] Time: 28.89s | LR: 0.000469 | Train Loss: 7.4836 | Val Loss: 32.7344 | AP@50: 0.4261 | SliceAP@50: 0.5644 | Prec: 0.6305 | Recall: 0.4398 | Recall@100: 0.3370
Early stopping triggered: AP@50 did not improve for 20 epochs.
Training complete!
Best AP@50: 0.4502 at Epoch 15
Run summary saved to results/training_run_20260316_105425.json
Job completed at: Mon Mar 16 11:11:33 AM EDT 2026
