Job array    : 916, task 13
Node         : bn049
Started at   : Tue Mar 17 10:47:24 PM EDT 2026
Config       : train/config/default.yaml
Study        : yoloe_hparam_search_v5 @ sqlite:////fs01/home/dhaneshr/code/obj-det-test/optuna_studies/yoloe_hparam_search_v5.db
Trials       : 15 (this worker)
Epochs/trial : 35 (max, EMA early stopping patience=8)
Checkpoints  : top-3 per trial (min EMA=0.6) → /fs01/home/dhaneshr/code/obj-det-test/checkpoints/hparam_v5
Study name   : yoloe_hparam_search_v5
Storage      : sqlite:////fs01/home/dhaneshr/code/obj-det-test/optuna_studies/yoloe_hparam_search_v5.db
Trials       : 15 (this worker)
Epochs/trial : 35 (max, EMA early stopping patience=8)
EMA alpha    : 0.3
Checkpoints  : top-3 per trial → /fs01/home/dhaneshr/code/obj-det-test/checkpoints/hparam_v5

[Trial 231] lr=7.92e-04  wd=4.14e-02  stride=10  bs=16  mosaic=0.72  ls=0.102  clahe=True  ssr=True  rbc=False  median=True(limit=5)  speckle=False(medium)  cp_p=0.29
ScanAwareSampler: 13 scans, 2306 total slices, stride=10 → ~236 slices/epoch (10% of training set per epoch)
  Epoch   1/35 | LR=7.92e-05 | TLoss=307.9205 | VLoss=393.4813 | AP@50=0.0000 | SliceAP=0.1782 | EMA_SliceAP=0.1782
  Epoch   2/35 | LR=1.68e-04 | TLoss=167.5016 | VLoss=190.4437 | AP@50=0.0004 | SliceAP=0.5743 | EMA_SliceAP=0.2970
  Epoch   3/35 | LR=2.57e-04 | TLoss=66.2770 | VLoss=77.4594 | AP@50=0.0010 | SliceAP=0.5446 | EMA_SliceAP=0.3713
  Epoch   4/35 | LR=3.46e-04 | TLoss=36.1686 | VLoss=51.1356 | AP@50=0.0005 | SliceAP=0.1881 | EMA_SliceAP=0.3163
  Epoch   5/35 | LR=4.35e-04 | TLoss=28.8140 | VLoss=42.5816 | AP@50=0.0009 | SliceAP=0.1089 | EMA_SliceAP=0.2541
  Epoch   6/35 | LR=5.24e-04 | TLoss=28.6187 | VLoss=46.1885 | AP@50=0.1240 | SliceAP=0.3564 | EMA_SliceAP=0.2848
  Epoch   7/35 | LR=6.13e-04 | TLoss=24.7174 | VLoss=46.8874 | AP@50=0.0055 | SliceAP=0.1287 | EMA_SliceAP=0.2380
  Epoch   8/35 | LR=7.03e-04 | TLoss=23.7101 | VLoss=41.2081 | AP@50=0.0641 | SliceAP=0.5644 | EMA_SliceAP=0.3359
  Epoch   9/35 | LR=7.92e-04 | TLoss=21.6499 | VLoss=39.6107 | AP@50=0.1464 | SliceAP=0.4653 | EMA_SliceAP=0.3747
  Epoch  10/35 | LR=7.89e-04 | TLoss=19.6786 | VLoss=43.6213 | AP@50=0.1298 | SliceAP=0.4554 | EMA_SliceAP=0.3989
  Epoch  11/35 | LR=7.81e-04 | TLoss=19.3793 | VLoss=38.2007 | AP@50=0.1485 | SliceAP=0.4356 | EMA_SliceAP=0.4100
  Epoch  12/35 | LR=7.68e-04 | TLoss=15.6716 | VLoss=41.7994 | AP@50=0.1931 | SliceAP=0.5050 | EMA_SliceAP=0.4385
  Epoch  13/35 | LR=7.50e-04 | TLoss=14.7060 | VLoss=39.4383 | AP@50=0.1948 | SliceAP=0.5743 | EMA_SliceAP=0.4792
  Epoch  14/35 | LR=7.27e-04 | TLoss=13.7776 | VLoss=38.0935 | AP@50=0.1504 | SliceAP=0.6139 | EMA_SliceAP=0.5196
  Epoch  15/35 | LR=7.00e-04 | TLoss=14.1400 | VLoss=38.3265 | AP@50=0.1545 | SliceAP=0.5149 | EMA_SliceAP=0.5182
  Epoch  16/35 | LR=6.69e-04 | TLoss=11.5761 | VLoss=39.5525 | AP@50=0.2678 | SliceAP=0.5446 | EMA_SliceAP=0.5261
  Epoch  17/35 | LR=6.34e-04 | TLoss=11.3659 | VLoss=37.2358 | AP@50=0.3489 | SliceAP=0.6634 | EMA_SliceAP=0.5673
  Epoch  18/35 | LR=5.96e-04 | TLoss=10.4549 | VLoss=37.3686 | AP@50=0.2935 | SliceAP=0.4851 | EMA_SliceAP=0.5426
  Epoch  19/35 | LR=5.56e-04 | TLoss=11.0944 | VLoss=36.5457 | AP@50=0.3582 | SliceAP=0.6436 | EMA_SliceAP=0.5729
  Epoch  20/35 | LR=5.13e-04 | TLoss=9.5288 | VLoss=36.6838 | AP@50=0.2679 | SliceAP=0.4851 | EMA_SliceAP=0.5466
  Epoch  21/35 | LR=4.69e-04 | TLoss=8.9256 | VLoss=37.1264 | AP@50=0.2217 | SliceAP=0.5842 | EMA_SliceAP=0.5579
  Epoch  22/35 | LR=4.24e-04 | TLoss=8.8681 | VLoss=36.4252 | AP@50=0.3091 | SliceAP=0.5743 | EMA_SliceAP=0.5628
  Epoch  23/35 | LR=3.78e-04 | TLoss=8.4391 | VLoss=36.4983 | AP@50=0.2667 | SliceAP=0.5743 | EMA_SliceAP=0.5662
  Epoch  24/35 | LR=3.33e-04 | TLoss=8.3094 | VLoss=37.3463 | AP@50=0.3483 | SliceAP=0.6139 | EMA_SliceAP=0.5805
  Epoch  25/35 | LR=2.89e-04 | TLoss=8.8594 | VLoss=36.5471 | AP@50=0.3478 | SliceAP=0.6139 | EMA_SliceAP=0.5905
  Epoch  26/35 | LR=2.46e-04 | TLoss=8.1947 | VLoss=36.8628 | AP@50=0.3540 | SliceAP=0.6337 | EMA_SliceAP=0.6035
  Epoch  27/35 | LR=2.05e-04 | TLoss=7.8112 | VLoss=36.2874 | AP@50=0.4150 | SliceAP=0.6634 | EMA_SliceAP=0.6214
  Epoch  28/35 | LR=1.67e-04 | TLoss=7.1742 | VLoss=36.0780 | AP@50=0.4046 | SliceAP=0.6436 | EMA_SliceAP=0.6281
  Epoch  29/35 | LR=1.33e-04 | TLoss=7.7769 | VLoss=35.9832 | AP@50=0.4298 | SliceAP=0.6436 | EMA_SliceAP=0.6327
  Epoch  30/35 | LR=1.01e-04 | TLoss=7.6231 | VLoss=35.2869 | AP@50=0.4373 | SliceAP=0.6337 | EMA_SliceAP=0.6330
  [Pruned at epoch 30]

[Trial 260] lr=7.14e-04  wd=8.48e-04  stride=7  bs=8  mosaic=0.65  ls=0.083  clahe=True  ssr=True  rbc=False  median=True(limit=7)  speckle=False(medium)  cp_p=0.25
ScanAwareSampler: 13 scans, 2306 total slices, stride=7 → ~336 slices/epoch (15% of training set per epoch)
  Epoch   1/35 | LR=7.14e-05 | TLoss=252.3765 | VLoss=248.6583 | AP@50=0.0002 | SliceAP=0.5050 | EMA_SliceAP=0.5050
  Epoch   2/35 | LR=1.52e-04 | TLoss=69.9123 | VLoss=67.3439 | AP@50=0.0001 | SliceAP=0.1683 | EMA_SliceAP=0.4040
  Epoch   3/35 | LR=2.32e-04 | TLoss=31.9796 | VLoss=46.0645 | AP@50=0.0006 | SliceAP=0.1485 | EMA_SliceAP=0.3273
  Epoch   4/35 | LR=3.12e-04 | TLoss=28.6753 | VLoss=42.6327 | AP@50=0.0083 | SliceAP=0.1980 | EMA_SliceAP=0.2885
  Epoch   5/35 | LR=3.93e-04 | TLoss=24.5903 | VLoss=39.3599 | AP@50=0.0130 | SliceAP=0.3564 | EMA_SliceAP=0.3089
  Epoch   6/35 | LR=4.73e-04 | TLoss=21.5274 | VLoss=38.9452 | AP@50=0.1067 | SliceAP=0.5446 | EMA_SliceAP=0.3796
  Epoch   7/35 | LR=5.53e-04 | TLoss=18.6163 | VLoss=41.7503 | AP@50=0.1305 | SliceAP=0.3762 | EMA_SliceAP=0.3786
  Epoch   8/35 | LR=6.34e-04 | TLoss=16.4995 | VLoss=43.5511 | AP@50=0.3015 | SliceAP=0.6139 | EMA_SliceAP=0.4492
  Epoch   9/35 | LR=7.14e-04 | TLoss=16.0514 | VLoss=36.4347 | AP@50=0.1289 | SliceAP=0.6040 | EMA_SliceAP=0.4956
  [Early stop at epoch 9, best EMA SliceAP=0.5050]
  [Checkpoints] top-3 saved → /fs01/home/dhaneshr/code/obj-det-test/checkpoints/hparam_v5/trial_0260/swa_manifest.yaml

[Trial 274] lr=9.64e-04  wd=4.69e-03  stride=7  bs=8  mosaic=0.57  ls=0.095  clahe=True  ssr=True  rbc=False  median=True(limit=7)  speckle=False(medium)  cp_p=0.32
ScanAwareSampler: 13 scans, 2306 total slices, stride=7 → ~336 slices/epoch (15% of training set per epoch)
  Epoch   1/35 | LR=9.64e-05 | TLoss=203.9400 | VLoss=164.2286 | AP@50=0.0005 | SliceAP=0.4851 | EMA_SliceAP=0.4851
  Epoch   2/35 | LR=2.05e-04 | TLoss=53.0684 | VLoss=55.3644 | AP@50=0.0001 | SliceAP=0.1386 | EMA_SliceAP=0.3812
  Epoch   3/35 | LR=3.13e-04 | TLoss=31.3057 | VLoss=41.4382 | AP@50=0.0223 | SliceAP=0.4257 | EMA_SliceAP=0.3946
  Epoch   4/35 | LR=4.22e-04 | TLoss=27.6349 | VLoss=43.0204 | AP@50=0.1096 | SliceAP=0.2970 | EMA_SliceAP=0.3653
  Epoch   5/35 | LR=5.30e-04 | TLoss=24.8756 | VLoss=43.5509 | AP@50=0.0800 | SliceAP=0.4851 | EMA_SliceAP=0.4013
  Epoch   6/35 | LR=6.39e-04 | TLoss=22.6750 | VLoss=40.6341 | AP@50=0.2131 | SliceAP=0.6337 | EMA_SliceAP=0.4710
  Epoch   7/35 | LR=7.47e-04 | TLoss=19.0664 | VLoss=38.2269 | AP@50=0.2889 | SliceAP=0.6436 | EMA_SliceAP=0.5228
  Epoch   8/35 | LR=8.56e-04 | TLoss=16.7190 | VLoss=42.0135 | AP@50=0.2216 | SliceAP=0.6040 | EMA_SliceAP=0.5471
  Epoch   9/35 | LR=9.64e-04 | TLoss=16.9318 | VLoss=29.9583 | AP@50=0.2196 | SliceAP=0.5050 | EMA_SliceAP=0.5345
  Epoch  10/35 | LR=9.61e-04 | TLoss=15.6286 | VLoss=37.2217 | AP@50=0.2997 | SliceAP=0.6931 | EMA_SliceAP=0.5820
  Epoch  11/35 | LR=9.51e-04 | TLoss=14.0635 | VLoss=35.4773 | AP@50=0.3372 | SliceAP=0.6535 | EMA_SliceAP=0.6035
  Epoch  12/35 | LR=9.35e-04 | TLoss=13.2387 | VLoss=38.7091 | AP@50=0.2904 | SliceAP=0.6139 | EMA_SliceAP=0.6066
  Epoch  13/35 | LR=9.13e-04 | TLoss=13.0531 | VLoss=40.0080 | AP@50=0.2077 | SliceAP=0.4851 | EMA_SliceAP=0.5702
  Epoch  14/35 | LR=8.86e-04 | TLoss=12.1682 | VLoss=36.2920 | AP@50=0.3032 | SliceAP=0.6238 | EMA_SliceAP=0.5862
  Epoch  15/35 | LR=8.52e-04 | TLoss=11.2774 | VLoss=38.5325 | AP@50=0.3480 | SliceAP=0.5545 | EMA_SliceAP=0.5767
  Epoch  16/35 | LR=8.14e-04 | TLoss=11.2634 | VLoss=36.2013 | AP@50=0.3308 | SliceAP=0.6832 | EMA_SliceAP=0.6086
  Epoch  17/35 | LR=7.72e-04 | TLoss=10.4932 | VLoss=37.1865 | AP@50=0.3691 | SliceAP=0.6436 | EMA_SliceAP=0.6191
  Epoch  18/35 | LR=7.25e-04 | TLoss=9.7787 | VLoss=36.7284 | AP@50=0.3866 | SliceAP=0.6436 | EMA_SliceAP=0.6265
  Epoch  19/35 | LR=6.76e-04 | TLoss=9.9665 | VLoss=38.0353 | AP@50=0.3200 | SliceAP=0.6040 | EMA_SliceAP=0.6197
  Epoch  20/35 | LR=6.24e-04 | TLoss=9.5282 | VLoss=36.8928 | AP@50=0.3569 | SliceAP=0.6139 | EMA_SliceAP=0.6180
  Epoch  21/35 | LR=5.70e-04 | TLoss=9.6388 | VLoss=39.0350 | AP@50=0.2606 | SliceAP=0.6931 | EMA_SliceAP=0.6405
  Epoch  22/35 | LR=5.15e-04 | TLoss=9.2298 | VLoss=35.5851 | AP@50=0.3284 | SliceAP=0.6634 | EMA_SliceAP=0.6474
  Epoch  23/35 | LR=4.59e-04 | TLoss=9.4381 | VLoss=35.9801 | AP@50=0.3475 | SliceAP=0.6337 | EMA_SliceAP=0.6432
  Epoch  24/35 | LR=4.04e-04 | TLoss=8.6452 | VLoss=34.8354 | AP@50=0.4480 | SliceAP=0.6436 | EMA_SliceAP=0.6433
  Epoch  25/35 | LR=3.50e-04 | TLoss=7.7642 | VLoss=38.9402 | AP@50=0.3544 | SliceAP=0.6436 | EMA_SliceAP=0.6434
  Epoch  26/35 | LR=2.98e-04 | TLoss=7.5644 | VLoss=37.0621 | AP@50=0.4183 | SliceAP=0.6733 | EMA_SliceAP=0.6524
  Epoch  27/35 | LR=2.48e-04 | TLoss=7.3645 | VLoss=35.7422 | AP@50=0.3346 | SliceAP=0.6337 | EMA_SliceAP=0.6468
  Epoch  28/35 | LR=2.02e-04 | TLoss=7.4229 | VLoss=35.5914 | AP@50=0.4287 | SliceAP=0.6139 | EMA_SliceAP=0.6369
  Epoch  29/35 | LR=1.60e-04 | TLoss=7.6900 | VLoss=35.4955 | AP@50=0.3802 | SliceAP=0.6337 | EMA_SliceAP=0.6359
  Epoch  30/35 | LR=1.22e-04 | TLoss=7.0940 | VLoss=37.0940 | AP@50=0.3524 | SliceAP=0.6238 | EMA_SliceAP=0.6323
  [Pruned at epoch 30]

[Trial 305] lr=8.71e-04  wd=5.76e-04  stride=10  bs=16  mosaic=0.67  ls=0.089  clahe=True  ssr=True  rbc=False  median=True(limit=5)  speckle=False(medium)  cp_p=0.22
ScanAwareSampler: 13 scans, 2306 total slices, stride=10 → ~236 slices/epoch (10% of training set per epoch)
  Epoch   1/35 | LR=8.71e-05 | TLoss=308.9705 | VLoss=346.0996 | AP@50=0.0003 | SliceAP=0.1881 | EMA_SliceAP=0.1881
  Epoch   2/35 | LR=1.85e-04 | TLoss=135.4689 | VLoss=147.0457 | AP@50=0.0001 | SliceAP=0.4158 | EMA_SliceAP=0.2564
  Epoch   3/35 | LR=2.83e-04 | TLoss=53.7928 | VLoss=64.7080 | AP@50=0.0004 | SliceAP=0.3168 | EMA_SliceAP=0.2746
  Epoch   4/35 | LR=3.81e-04 | TLoss=36.1588 | VLoss=56.1711 | AP@50=0.0000 | SliceAP=0.0099 | EMA_SliceAP=0.1952
  Epoch   5/35 | LR=4.79e-04 | TLoss=28.8456 | VLoss=47.5929 | AP@50=0.0000 | SliceAP=0.0099 | EMA_SliceAP=0.1396
  Epoch   6/35 | LR=5.77e-04 | TLoss=26.2773 | VLoss=45.5514 | AP@50=0.0293 | SliceAP=0.2475 | EMA_SliceAP=0.1720
  Epoch   7/35 | LR=6.75e-04 | TLoss=23.2199 | VLoss=47.1561 | AP@50=0.0197 | SliceAP=0.5743 | EMA_SliceAP=0.2927
  Epoch   8/35 | LR=7.73e-04 | TLoss=21.4576 | VLoss=39.1431 | AP@50=0.1691 | SliceAP=0.6634 | EMA_SliceAP=0.4039
  Epoch   9/35 | LR=8.71e-04 | TLoss=19.8458 | VLoss=40.7332 | AP@50=0.0311 | SliceAP=0.3960 | EMA_SliceAP=0.4015
  Epoch  10/35 | LR=8.68e-04 | TLoss=19.6701 | VLoss=36.3248 | AP@50=0.2114 | SliceAP=0.5743 | EMA_SliceAP=0.4533
  Epoch  11/35 | LR=8.59e-04 | TLoss=18.0971 | VLoss=38.3016 | AP@50=0.1755 | SliceAP=0.6832 | EMA_SliceAP=0.5223
  Epoch  12/35 | LR=8.45e-04 | TLoss=15.3470 | VLoss=39.1991 | AP@50=0.2112 | SliceAP=0.7525 | EMA_SliceAP=0.5913
  Epoch  13/35 | LR=8.25e-04 | TLoss=13.5065 | VLoss=41.7360 | AP@50=0.1895 | SliceAP=0.6634 | EMA_SliceAP=0.6130
  Epoch  14/35 | LR=8.00e-04 | TLoss=13.9972 | VLoss=40.6207 | AP@50=0.2283 | SliceAP=0.7030 | EMA_SliceAP=0.6400
  Epoch  15/35 | LR=7.70e-04 | TLoss=13.1060 | VLoss=44.3044 | AP@50=0.1902 | SliceAP=0.6337 | EMA_SliceAP=0.6381
  Epoch  16/35 | LR=7.36e-04 | TLoss=12.6729 | VLoss=40.4224 | AP@50=0.1545 | SliceAP=0.6238 | EMA_SliceAP=0.6338
  Epoch  17/35 | LR=6.97e-04 | TLoss=11.0641 | VLoss=37.7941 | AP@50=0.2496 | SliceAP=0.6040 | EMA_SliceAP=0.6248
  Epoch  18/35 | LR=6.56e-04 | TLoss=11.9164 | VLoss=35.2932 | AP@50=0.3376 | SliceAP=0.7327 | EMA_SliceAP=0.6572
  Epoch  19/35 | LR=6.11e-04 | TLoss=10.2885 | VLoss=39.2909 | AP@50=0.2566 | SliceAP=0.5248 | EMA_SliceAP=0.6175
  Epoch  20/35 | LR=5.64e-04 | TLoss=9.6515 | VLoss=36.2449 | AP@50=0.2468 | SliceAP=0.7030 | EMA_SliceAP=0.6431
  Epoch  21/35 | LR=5.15e-04 | TLoss=9.5462 | VLoss=40.3419 | AP@50=0.2733 | SliceAP=0.5248 | EMA_SliceAP=0.6076
  Epoch  22/35 | LR=4.65e-04 | TLoss=9.0097 | VLoss=36.3641 | AP@50=0.3535 | SliceAP=0.6832 | EMA_SliceAP=0.6303
  Epoch  23/35 | LR=4.15e-04 | TLoss=9.3669 | VLoss=34.3117 | AP@50=0.3946 | SliceAP=0.7030 | EMA_SliceAP=0.6521
  Epoch  24/35 | LR=3.66e-04 | TLoss=9.2382 | VLoss=36.2070 | AP@50=0.3691 | SliceAP=0.6832 | EMA_SliceAP=0.6614
  Epoch  25/35 | LR=3.17e-04 | TLoss=8.5008 | VLoss=36.1207 | AP@50=0.3593 | SliceAP=0.7228 | EMA_SliceAP=0.6798
  Epoch  26/35 | LR=2.70e-04 | TLoss=8.4145 | VLoss=36.8188 | AP@50=0.3721 | SliceAP=0.6535 | EMA_SliceAP=0.6719
  Epoch  27/35 | LR=2.25e-04 | TLoss=8.2804 | VLoss=36.1089 | AP@50=0.4362 | SliceAP=0.6832 | EMA_SliceAP=0.6753
  Epoch  28/35 | LR=1.83e-04 | TLoss=7.8892 | VLoss=36.9635 | AP@50=0.4033 | SliceAP=0.6931 | EMA_SliceAP=0.6806
  Epoch  29/35 | LR=1.45e-04 | TLoss=6.9530 | VLoss=36.5643 | AP@50=0.4238 | SliceAP=0.7030 | EMA_SliceAP=0.6873
  Epoch  30/35 | LR=1.11e-04 | TLoss=7.7435 | VLoss=36.7062 | AP@50=0.3712 | SliceAP=0.7030 | EMA_SliceAP=0.6920
  Epoch  31/35 | LR=8.08e-05 | TLoss=8.2491 | VLoss=36.6740 | AP@50=0.3763 | SliceAP=0.7426 | EMA_SliceAP=0.7072
  Epoch  32/35 | LR=5.58e-05 | TLoss=6.6611 | VLoss=36.3235 | AP@50=0.3845 | SliceAP=0.7327 | EMA_SliceAP=0.7148
  Epoch  33/35 | LR=3.60e-05 | TLoss=6.5519 | VLoss=36.0020 | AP@50=0.3892 | SliceAP=0.7228 | EMA_SliceAP=0.7172
  Epoch  34/35 | LR=2.16e-05 | TLoss=7.1642 | VLoss=35.8018 | AP@50=0.4004 | SliceAP=0.7228 | EMA_SliceAP=0.7189
  Epoch  35/35 | LR=1.29e-05 | TLoss=6.6884 | VLoss=35.7574 | AP@50=0.4075 | SliceAP=0.7228 | EMA_SliceAP=0.7200
  [Checkpoints] top-3 saved → /fs01/home/dhaneshr/code/obj-det-test/checkpoints/hparam_v5/trial_0305/swa_manifest.yaml

[Trial 333] lr=1.42e-03  wd=2.09e-03  stride=5  bs=16  mosaic=0.35  ls=0.085  clahe=False  ssr=False  rbc=False  median=False(limit=5)  speckle=False(light)  cp_p=0.28
ScanAwareSampler: 13 scans, 2306 total slices, stride=5 → ~467 slices/epoch (20% of training set per epoch)
  Epoch   1/35 | LR=1.42e-04 | TLoss=251.0992 | VLoss=151.7126 | AP@50=0.0010 | SliceAP=0.7030 | EMA_SliceAP=0.7030
  Epoch   2/35 | LR=3.03e-04 | TLoss=52.7752 | VLoss=44.5189 | AP@50=0.0004 | SliceAP=0.0792 | EMA_SliceAP=0.5158
  Epoch   3/35 | LR=4.63e-04 | TLoss=29.4633 | VLoss=48.0019 | AP@50=0.0103 | SliceAP=0.2277 | EMA_SliceAP=0.4294
  Epoch   4/35 | LR=6.23e-04 | TLoss=25.4379 | VLoss=39.8608 | AP@50=0.0230 | SliceAP=0.4158 | EMA_SliceAP=0.4253
  Epoch   5/35 | LR=7.83e-04 | TLoss=22.3258 | VLoss=30.9553 | AP@50=0.0528 | SliceAP=0.6139 | EMA_SliceAP=0.4819
  Epoch   6/35 | LR=9.44e-04 | TLoss=19.3233 | VLoss=36.4701 | AP@50=0.0764 | SliceAP=0.7030 | EMA_SliceAP=0.5482
  Epoch   7/35 | LR=1.10e-03 | TLoss=16.2612 | VLoss=38.8338 | AP@50=0.1678 | SliceAP=0.6634 | EMA_SliceAP=0.5828
  Epoch   8/35 | LR=1.26e-03 | TLoss=14.2261 | VLoss=34.8322 | AP@50=0.1775 | SliceAP=0.6535 | EMA_SliceAP=0.6040
  Epoch   9/35 | LR=1.42e-03 | TLoss=13.4051 | VLoss=34.9175 | AP@50=0.2126 | SliceAP=0.7030 | EMA_SliceAP=0.6337
  [Early stop at epoch 9, best EMA SliceAP=0.7030]
  [Checkpoints] top-3 saved → /fs01/home/dhaneshr/code/obj-det-test/checkpoints/hparam_v5/trial_0333/swa_manifest.yaml

[Trial 342] lr=6.73e-04  wd=4.00e-04  stride=5  bs=16  mosaic=0.66  ls=0.085  clahe=True  ssr=False  rbc=False  median=False(limit=5)  speckle=False(light)  cp_p=0.24
ScanAwareSampler: 13 scans, 2306 total slices, stride=5 → ~467 slices/epoch (20% of training set per epoch)
  Epoch   1/35 | LR=6.73e-05 | TLoss=286.2626 | VLoss=287.8705 | AP@50=0.0029 | SliceAP=0.3465 | EMA_SliceAP=0.3465
  Epoch   2/35 | LR=1.43e-04 | TLoss=95.7291 | VLoss=96.6967 | AP@50=0.0001 | SliceAP=0.3564 | EMA_SliceAP=0.3495
  Epoch   3/35 | LR=2.19e-04 | TLoss=36.9022 | VLoss=46.8370 | AP@50=0.0019 | SliceAP=0.2475 | EMA_SliceAP=0.3189
  Epoch   4/35 | LR=2.94e-04 | TLoss=26.9566 | VLoss=44.7777 | AP@50=0.0075 | SliceAP=0.3663 | EMA_SliceAP=0.3331
  Epoch   5/35 | LR=3.70e-04 | TLoss=22.2424 | VLoss=44.0293 | AP@50=0.0154 | SliceAP=0.3762 | EMA_SliceAP=0.3461
  Epoch   6/35 | LR=4.46e-04 | TLoss=17.4479 | VLoss=47.7972 | AP@50=0.0268 | SliceAP=0.4752 | EMA_SliceAP=0.3848
  Epoch   7/35 | LR=5.21e-04 | TLoss=16.4549 | VLoss=43.9870 | AP@50=0.0872 | SliceAP=0.4158 | EMA_SliceAP=0.3941
  Epoch   8/35 | LR=5.97e-04 | TLoss=14.5554 | VLoss=42.4030 | AP@50=0.2359 | SliceAP=0.5644 | EMA_SliceAP=0.4452
  Epoch   9/35 | LR=6.73e-04 | TLoss=12.2948 | VLoss=43.2653 | AP@50=0.0270 | SliceAP=0.2970 | EMA_SliceAP=0.4007
  Epoch  10/35 | LR=6.70e-04 | TLoss=10.7538 | VLoss=43.7609 | AP@50=0.0823 | SliceAP=0.4356 | EMA_SliceAP=0.4112
  Epoch  11/35 | LR=6.64e-04 | TLoss=9.7783 | VLoss=40.0861 | AP@50=0.2039 | SliceAP=0.4554 | EMA_SliceAP=0.4245
  Epoch  12/35 | LR=6.53e-04 | TLoss=8.7516 | VLoss=39.8161 | AP@50=0.2860 | SliceAP=0.5446 | EMA_SliceAP=0.4605
  Epoch  13/35 | LR=6.37e-04 | TLoss=8.0368 | VLoss=38.1802 | AP@50=0.2629 | SliceAP=0.4257 | EMA_SliceAP=0.4501
  Epoch  14/35 | LR=6.18e-04 | TLoss=7.5310 | VLoss=38.2057 | AP@50=0.2859 | SliceAP=0.6139 | EMA_SliceAP=0.4992
  Epoch  15/35 | LR=5.95e-04 | TLoss=7.1571 | VLoss=40.0685 | AP@50=0.3343 | SliceAP=0.5050 | EMA_SliceAP=0.5009
  Epoch  16/35 | LR=5.69e-04 | TLoss=6.8066 | VLoss=39.3937 | AP@50=0.2781 | SliceAP=0.5941 | EMA_SliceAP=0.5289
  Epoch  17/35 | LR=5.39e-04 | TLoss=6.1423 | VLoss=38.1317 | AP@50=0.2315 | SliceAP=0.6040 | EMA_SliceAP=0.5514
  Epoch  18/35 | LR=5.07e-04 | TLoss=5.7374 | VLoss=40.1793 | AP@50=0.2172 | SliceAP=0.5842 | EMA_SliceAP=0.5612
  Epoch  19/35 | LR=4.73e-04 | TLoss=5.4271 | VLoss=37.6734 | AP@50=0.2796 | SliceAP=0.6634 | EMA_SliceAP=0.5919
  Epoch  20/35 | LR=4.36e-04 | TLoss=4.9396 | VLoss=39.2954 | AP@50=0.3058 | SliceAP=0.4950 | EMA_SliceAP=0.5628
  Epoch  21/35 | LR=3.99e-04 | TLoss=4.4563 | VLoss=39.5715 | AP@50=0.2765 | SliceAP=0.5248 | EMA_SliceAP=0.5514
  Epoch  22/35 | LR=3.61e-04 | TLoss=4.7995 | VLoss=38.6796 | AP@50=0.3061 | SliceAP=0.6238 | EMA_SliceAP=0.5731
  Epoch  23/35 | LR=3.22e-04 | TLoss=4.5553 | VLoss=37.7155 | AP@50=0.3321 | SliceAP=0.6337 | EMA_SliceAP=0.5913
  Epoch  24/35 | LR=2.84e-04 | TLoss=4.1854 | VLoss=37.8773 | AP@50=0.3206 | SliceAP=0.6139 | EMA_SliceAP=0.5981
  Epoch  25/35 | LR=2.46e-04 | TLoss=4.0301 | VLoss=37.1256 | AP@50=0.3728 | SliceAP=0.6436 | EMA_SliceAP=0.6117
  Epoch  26/35 | LR=2.10e-04 | TLoss=3.7466 | VLoss=38.1447 | AP@50=0.3014 | SliceAP=0.6139 | EMA_SliceAP=0.6124
  Epoch  27/35 | LR=1.76e-04 | TLoss=3.8489 | VLoss=38.3823 | AP@50=0.2660 | SliceAP=0.5743 | EMA_SliceAP=0.6009
  Epoch  28/35 | LR=1.43e-04 | TLoss=3.7523 | VLoss=38.6857 | AP@50=0.2713 | SliceAP=0.5842 | EMA_SliceAP=0.5959
  Epoch  29/35 | LR=1.14e-04 | TLoss=3.4825 | VLoss=39.7852 | AP@50=0.2640 | SliceAP=0.5446 | EMA_SliceAP=0.5805
  Epoch  30/35 | LR=8.75e-05 | TLoss=3.3793 | VLoss=39.0926 | AP@50=0.3027 | SliceAP=0.5545 | EMA_SliceAP=0.5727
  [Pruned at epoch 30]

[Trial 385] lr=1.27e-03  wd=3.47e-04  stride=10  bs=16  mosaic=0.37  ls=0.095  clahe=True  ssr=True  rbc=False  median=True(limit=5)  speckle=False(light)  cp_p=0.59
ScanAwareSampler: 13 scans, 2306 total slices, stride=10 → ~236 slices/epoch (10% of training set per epoch)
  Epoch   1/35 | LR=1.27e-04 | TLoss=312.7568 | VLoss=314.3295 | AP@50=0.0003 | SliceAP=0.1683 | EMA_SliceAP=0.1683
  Epoch   2/35 | LR=2.69e-04 | TLoss=127.6156 | VLoss=107.0893 | AP@50=0.0001 | SliceAP=0.4059 | EMA_SliceAP=0.2396
  Epoch   3/35 | LR=4.12e-04 | TLoss=47.5661 | VLoss=47.1731 | AP@50=0.0036 | SliceAP=0.3168 | EMA_SliceAP=0.2628
  Epoch   4/35 | LR=5.54e-04 | TLoss=34.9599 | VLoss=45.3295 | AP@50=0.0036 | SliceAP=0.0297 | EMA_SliceAP=0.1929
  Epoch   5/35 | LR=6.97e-04 | TLoss=34.1734 | VLoss=41.5851 | AP@50=0.0047 | SliceAP=0.2871 | EMA_SliceAP=0.2211
  Epoch   6/35 | LR=8.40e-04 | TLoss=30.6741 | VLoss=40.9590 | AP@50=0.0808 | SliceAP=0.3861 | EMA_SliceAP=0.2706
  Epoch   7/35 | LR=9.82e-04 | TLoss=28.7112 | VLoss=41.1476 | AP@50=0.0630 | SliceAP=0.5248 | EMA_SliceAP=0.3469
  Epoch   8/35 | LR=1.12e-03 | TLoss=27.7079 | VLoss=38.3284 | AP@50=0.0576 | SliceAP=0.6436 | EMA_SliceAP=0.4359
  Epoch   9/35 | LR=1.27e-03 | TLoss=26.1386 | VLoss=38.3594 | AP@50=0.0484 | SliceAP=0.5050 | EMA_SliceAP=0.4566
  Epoch  10/35 | LR=1.26e-03 | TLoss=24.1907 | VLoss=34.3067 | AP@50=0.1248 | SliceAP=0.6832 | EMA_SliceAP=0.5246
  Epoch  11/35 | LR=1.25e-03 | TLoss=22.4121 | VLoss=37.5661 | AP@50=0.0982 | SliceAP=0.6436 | EMA_SliceAP=0.5603
  Epoch  12/35 | LR=1.23e-03 | TLoss=19.6711 | VLoss=36.0932 | AP@50=0.1410 | SliceAP=0.6337 | EMA_SliceAP=0.5823
  Epoch  13/35 | LR=1.20e-03 | TLoss=19.7927 | VLoss=40.5394 | AP@50=0.1291 | SliceAP=0.6040 | EMA_SliceAP=0.5888
  Epoch  14/35 | LR=1.16e-03 | TLoss=17.9428 | VLoss=35.8543 | AP@50=0.1502 | SliceAP=0.6139 | EMA_SliceAP=0.5963
  Epoch  15/35 | LR=1.12e-03 | TLoss=17.3832 | VLoss=36.2571 | AP@50=0.2540 | SliceAP=0.5446 | EMA_SliceAP=0.5808
  Epoch  16/35 | LR=1.07e-03 | TLoss=15.0879 | VLoss=35.7189 | AP@50=0.1420 | SliceAP=0.5644 | EMA_SliceAP=0.5759
  Epoch  17/35 | LR=1.01e-03 | TLoss=15.9909 | VLoss=36.0022 | AP@50=0.1900 | SliceAP=0.6535 | EMA_SliceAP=0.5991
  Epoch  18/35 | LR=9.53e-04 | TLoss=16.0938 | VLoss=36.0764 | AP@50=0.4023 | SliceAP=0.6634 | EMA_SliceAP=0.6184
  Epoch  19/35 | LR=8.88e-04 | TLoss=14.0072 | VLoss=34.9607 | AP@50=0.4062 | SliceAP=0.7426 | EMA_SliceAP=0.6557
  Epoch  20/35 | LR=8.19e-04 | TLoss=13.7058 | VLoss=34.8119 | AP@50=0.2177 | SliceAP=0.6535 | EMA_SliceAP=0.6550
  Epoch  21/35 | LR=7.48e-04 | TLoss=13.6695 | VLoss=35.3619 | AP@50=0.4127 | SliceAP=0.7129 | EMA_SliceAP=0.6724
  Epoch  22/35 | LR=6.75e-04 | TLoss=12.7578 | VLoss=34.0426 | AP@50=0.3950 | SliceAP=0.6733 | EMA_SliceAP=0.6726
  Epoch  23/35 | LR=6.02e-04 | TLoss=12.2772 | VLoss=34.0852 | AP@50=0.4066 | SliceAP=0.7030 | EMA_SliceAP=0.6817
  Epoch  24/35 | LR=5.29e-04 | TLoss=11.4730 | VLoss=34.4522 | AP@50=0.3299 | SliceAP=0.6238 | EMA_SliceAP=0.6643
  Epoch  25/35 | LR=4.58e-04 | TLoss=11.4012 | VLoss=33.0349 | AP@50=0.3158 | SliceAP=0.6634 | EMA_SliceAP=0.6640
  Epoch  26/35 | LR=3.90e-04 | TLoss=11.4484 | VLoss=36.1063 | AP@50=0.3720 | SliceAP=0.6238 | EMA_SliceAP=0.6520
  Epoch  27/35 | LR=3.24e-04 | TLoss=10.9028 | VLoss=31.1786 | AP@50=0.3444 | SliceAP=0.6931 | EMA_SliceAP=0.6643
  Epoch  28/35 | LR=2.63e-04 | TLoss=10.7654 | VLoss=32.7802 | AP@50=0.3713 | SliceAP=0.6733 | EMA_SliceAP=0.6670
  Epoch  29/35 | LR=2.07e-04 | TLoss=9.6276 | VLoss=34.6719 | AP@50=0.4134 | SliceAP=0.6733 | EMA_SliceAP=0.6689
  Epoch  30/35 | LR=1.57e-04 | TLoss=9.5681 | VLoss=32.3942 | AP@50=0.4388 | SliceAP=0.6733 | EMA_SliceAP=0.6702
  Epoch  31/35 | LR=1.13e-04 | TLoss=10.0537 | VLoss=33.3042 | AP@50=0.4192 | SliceAP=0.6634 | EMA_SliceAP=0.6681
  [Early stop at epoch 31, best EMA SliceAP=0.6817]
  [Checkpoints] top-3 saved → /fs01/home/dhaneshr/code/obj-det-test/checkpoints/hparam_v5/trial_0385/swa_manifest.yaml

[Trial 414] lr=8.46e-04  wd=3.52e-03  stride=10  bs=16  mosaic=0.32  ls=0.094  clahe=False  ssr=True  rbc=False  median=True(limit=5)  speckle=True(heavy)  cp_p=0.59
ScanAwareSampler: 13 scans, 2306 total slices, stride=10 → ~236 slices/epoch (10% of training set per epoch)
  Epoch   1/35 | LR=8.46e-05 | TLoss=367.0916 | VLoss=402.5974 | AP@50=0.0007 | SliceAP=0.1980 | EMA_SliceAP=0.1980
  Epoch   2/35 | LR=1.80e-04 | TLoss=182.4692 | VLoss=174.9960 | AP@50=0.0001 | SliceAP=0.3267 | EMA_SliceAP=0.2366
  Epoch   3/35 | LR=2.75e-04 | TLoss=77.6683 | VLoss=72.9056 | AP@50=0.0021 | SliceAP=0.5842 | EMA_SliceAP=0.3409
  Epoch   4/35 | LR=3.70e-04 | TLoss=44.6363 | VLoss=45.2233 | AP@50=0.0013 | SliceAP=0.2376 | EMA_SliceAP=0.3099
  Epoch   5/35 | LR=4.65e-04 | TLoss=36.9773 | VLoss=42.3559 | AP@50=0.0048 | SliceAP=0.0990 | EMA_SliceAP=0.2466
  Epoch   6/35 | LR=5.60e-04 | TLoss=31.9563 | VLoss=38.2535 | AP@50=0.0052 | SliceAP=0.2871 | EMA_SliceAP=0.2588
  Epoch   7/35 | LR=6.55e-04 | TLoss=29.7528 | VLoss=38.2953 | AP@50=0.0069 | SliceAP=0.2079 | EMA_SliceAP=0.2435
  Epoch   8/35 | LR=7.50e-04 | TLoss=26.4008 | VLoss=37.1927 | AP@50=0.0237 | SliceAP=0.4455 | EMA_SliceAP=0.3041
  Epoch   9/35 | LR=8.46e-04 | TLoss=24.7017 | VLoss=40.1913 | AP@50=0.0752 | SliceAP=0.5941 | EMA_SliceAP=0.3911
  Epoch  10/35 | LR=8.43e-04 | TLoss=25.8779 | VLoss=45.8747 | AP@50=0.0256 | SliceAP=0.4356 | EMA_SliceAP=0.4045
  [Pruned at epoch 10]

[Trial 424] lr=1.27e-03  wd=1.38e-03  stride=10  bs=8  mosaic=0.38  ls=0.089  clahe=True  ssr=True  rbc=False  median=True(limit=7)  speckle=False(light)  cp_p=0.60
ScanAwareSampler: 13 scans, 2306 total slices, stride=10 → ~236 slices/epoch (10% of training set per epoch)
  Epoch   1/35 | LR=1.27e-04 | TLoss=250.3314 | VLoss=172.7056 | AP@50=0.0010 | SliceAP=0.5644 | EMA_SliceAP=0.5644
  Epoch   2/35 | LR=2.70e-04 | TLoss=61.8002 | VLoss=57.5940 | AP@50=0.0001 | SliceAP=0.0891 | EMA_SliceAP=0.4218
  Epoch   3/35 | LR=4.13e-04 | TLoss=37.4077 | VLoss=41.5916 | AP@50=0.0248 | SliceAP=0.0693 | EMA_SliceAP=0.3160
  Epoch   4/35 | LR=5.56e-04 | TLoss=35.7562 | VLoss=45.9025 | AP@50=0.0238 | SliceAP=0.0495 | EMA_SliceAP=0.2361
  Epoch   5/35 | LR=6.99e-04 | TLoss=33.4684 | VLoss=44.3189 | AP@50=0.0117 | SliceAP=0.2673 | EMA_SliceAP=0.2455
  Epoch   6/35 | LR=8.42e-04 | TLoss=30.3314 | VLoss=43.2585 | AP@50=0.0135 | SliceAP=0.4554 | EMA_SliceAP=0.3085
  Epoch   7/35 | LR=9.85e-04 | TLoss=31.3164 | VLoss=44.0347 | AP@50=0.0935 | SliceAP=0.5545 | EMA_SliceAP=0.3823
  Epoch   8/35 | LR=1.13e-03 | TLoss=28.0053 | VLoss=38.6701 | AP@50=0.0807 | SliceAP=0.5050 | EMA_SliceAP=0.4191
  Epoch   9/35 | LR=1.27e-03 | TLoss=22.5219 | VLoss=55.9417 | AP@50=0.0273 | SliceAP=0.4851 | EMA_SliceAP=0.4389
  [Early stop at epoch 9, best EMA SliceAP=0.5644]
  [Checkpoints] top-3 saved → /fs01/home/dhaneshr/code/obj-det-test/checkpoints/hparam_v5/trial_0424/swa_manifest.yaml

[Trial 430] lr=1.46e-03  wd=3.20e-04  stride=10  bs=16  mosaic=0.55  ls=0.092  clahe=True  ssr=True  rbc=True  median=True(limit=5)  speckle=False(light)  cp_p=0.63
ScanAwareSampler: 13 scans, 2306 total slices, stride=10 → ~236 slices/epoch (10% of training set per epoch)
  Epoch   1/35 | LR=1.46e-04 | TLoss=271.1828 | VLoss=301.2931 | AP@50=0.0017 | SliceAP=0.1881 | EMA_SliceAP=0.1881
  Epoch   2/35 | LR=3.11e-04 | TLoss=103.5480 | VLoss=97.0045 | AP@50=0.0001 | SliceAP=0.2376 | EMA_SliceAP=0.2030
  Epoch   3/35 | LR=4.75e-04 | TLoss=39.3727 | VLoss=47.2924 | AP@50=0.0027 | SliceAP=0.2871 | EMA_SliceAP=0.2282
  Epoch   4/35 | LR=6.40e-04 | TLoss=33.3888 | VLoss=45.0560 | AP@50=0.0008 | SliceAP=0.1287 | EMA_SliceAP=0.1984
  Epoch   5/35 | LR=8.04e-04 | TLoss=30.2766 | VLoss=42.8573 | AP@50=0.0749 | SliceAP=0.2871 | EMA_SliceAP=0.2250
  Epoch   6/35 | LR=9.68e-04 | TLoss=29.9642 | VLoss=49.0840 | AP@50=0.0004 | SliceAP=0.0396 | EMA_SliceAP=0.1694
  Epoch   7/35 | LR=1.13e-03 | TLoss=27.7050 | VLoss=41.6264 | AP@50=0.0041 | SliceAP=0.1485 | EMA_SliceAP=0.1631
  Epoch   8/35 | LR=1.30e-03 | TLoss=25.7643 | VLoss=40.5263 | AP@50=0.1162 | SliceAP=0.4356 | EMA_SliceAP=0.2449
  Epoch   9/35 | LR=1.46e-03 | TLoss=24.2949 | VLoss=39.4882 | AP@50=0.1813 | SliceAP=0.5347 | EMA_SliceAP=0.3318
  Epoch  10/35 | LR=1.46e-03 | TLoss=22.5252 | VLoss=44.7674 | AP@50=0.1206 | SliceAP=0.4554 | EMA_SliceAP=0.3689
  Epoch  11/35 | LR=1.44e-03 | TLoss=21.3537 | VLoss=38.7016 | AP@50=0.1088 | SliceAP=0.6436 | EMA_SliceAP=0.4513
  Epoch  12/35 | LR=1.42e-03 | TLoss=18.6798 | VLoss=38.2975 | AP@50=0.2830 | SliceAP=0.7426 | EMA_SliceAP=0.5387
  Epoch  13/35 | LR=1.38e-03 | TLoss=17.2055 | VLoss=39.3186 | AP@50=0.2272 | SliceAP=0.6535 | EMA_SliceAP=0.5731
  Epoch  14/35 | LR=1.34e-03 | TLoss=16.0313 | VLoss=38.3819 | AP@50=0.1476 | SliceAP=0.6832 | EMA_SliceAP=0.6061
  Epoch  15/35 | LR=1.29e-03 | TLoss=14.6629 | VLoss=34.4209 | AP@50=0.3007 | SliceAP=0.7030 | EMA_SliceAP=0.6352
  Epoch  16/35 | LR=1.23e-03 | TLoss=14.3249 | VLoss=39.2439 | AP@50=0.1690 | SliceAP=0.5743 | EMA_SliceAP=0.6169
  Epoch  17/35 | LR=1.17e-03 | TLoss=14.2803 | VLoss=40.6672 | AP@50=0.2104 | SliceAP=0.4752 | EMA_SliceAP=0.5744
  Epoch  18/35 | LR=1.10e-03 | TLoss=13.4940 | VLoss=41.2288 | AP@50=0.2697 | SliceAP=0.6139 | EMA_SliceAP=0.5862
  Epoch  19/35 | LR=1.02e-03 | TLoss=13.2634 | VLoss=35.0026 | AP@50=0.3065 | SliceAP=0.6733 | EMA_SliceAP=0.6124
  Epoch  20/35 | LR=9.44e-04 | TLoss=12.3253 | VLoss=37.2353 | AP@50=0.2885 | SliceAP=0.6535 | EMA_SliceAP=0.6247
  Epoch  21/35 | LR=8.62e-04 | TLoss=11.1041 | VLoss=32.1955 | AP@50=0.2433 | SliceAP=0.7129 | EMA_SliceAP=0.6511
  Epoch  22/35 | LR=7.78e-04 | TLoss=11.3555 | VLoss=34.0973 | AP@50=0.2948 | SliceAP=0.6436 | EMA_SliceAP=0.6489
  Epoch  23/35 | LR=6.94e-04 | TLoss=9.9739 | VLoss=37.3378 | AP@50=0.2586 | SliceAP=0.6436 | EMA_SliceAP=0.6473
  Epoch  24/35 | LR=6.10e-04 | TLoss=9.6467 | VLoss=35.3346 | AP@50=0.2918 | SliceAP=0.6733 | EMA_SliceAP=0.6551
  Epoch  25/35 | LR=5.28e-04 | TLoss=9.3231 | VLoss=36.2403 | AP@50=0.3123 | SliceAP=0.6832 | EMA_SliceAP=0.6635
  Epoch  26/35 | LR=4.48e-04 | TLoss=9.8910 | VLoss=34.2407 | AP@50=0.3615 | SliceAP=0.6832 | EMA_SliceAP=0.6694
  Epoch  27/35 | LR=3.73e-04 | TLoss=9.1619 | VLoss=34.6370 | AP@50=0.3626 | SliceAP=0.6733 | EMA_SliceAP=0.6706
  Epoch  28/35 | LR=3.02e-04 | TLoss=9.1545 | VLoss=35.7482 | AP@50=0.3396 | SliceAP=0.6931 | EMA_SliceAP=0.6773
  Epoch  29/35 | LR=2.38e-04 | TLoss=9.2057 | VLoss=35.4052 | AP@50=0.3379 | SliceAP=0.6733 | EMA_SliceAP=0.6761
  Epoch  30/35 | LR=1.80e-04 | TLoss=8.6338 | VLoss=35.4114 | AP@50=0.3689 | SliceAP=0.6634 | EMA_SliceAP=0.6723
  [Pruned at epoch 30]

[Trial 456] lr=8.95e-04  wd=3.08e-03  stride=10  bs=16  mosaic=0.52  ls=0.078  clahe=False  ssr=True  rbc=False  median=True(limit=5)  speckle=False(heavy)  cp_p=0.48
ScanAwareSampler: 13 scans, 2306 total slices, stride=10 → ~236 slices/epoch (10% of training set per epoch)
  Epoch   1/35 | LR=8.95e-05 | TLoss=358.2077 | VLoss=421.4652 | AP@50=0.0005 | SliceAP=0.1881 | EMA_SliceAP=0.1881
  Epoch   2/35 | LR=1.90e-04 | TLoss=183.7500 | VLoss=189.5789 | AP@50=0.0003 | SliceAP=0.3960 | EMA_SliceAP=0.2505
  Epoch   3/35 | LR=2.91e-04 | TLoss=67.8018 | VLoss=71.2648 | AP@50=0.0001 | SliceAP=0.2871 | EMA_SliceAP=0.2615
  Epoch   4/35 | LR=3.91e-04 | TLoss=34.2387 | VLoss=44.0791 | AP@50=0.0004 | SliceAP=0.1584 | EMA_SliceAP=0.2306
  Epoch   5/35 | LR=4.92e-04 | TLoss=29.0275 | VLoss=45.1462 | AP@50=0.0033 | SliceAP=0.1386 | EMA_SliceAP=0.2030
  Epoch   6/35 | LR=5.93e-04 | TLoss=31.5206 | VLoss=40.9210 | AP@50=0.0000 | SliceAP=0.0000 | EMA_SliceAP=0.1421
  Epoch   7/35 | LR=6.93e-04 | TLoss=30.1736 | VLoss=37.6006 | AP@50=0.0043 | SliceAP=0.3267 | EMA_SliceAP=0.1975
  Epoch   8/35 | LR=7.94e-04 | TLoss=26.8566 | VLoss=39.4584 | AP@50=0.0231 | SliceAP=0.5842 | EMA_SliceAP=0.3135
  Epoch   9/35 | LR=8.95e-04 | TLoss=25.6777 | VLoss=46.0669 | AP@50=0.1660 | SliceAP=0.4851 | EMA_SliceAP=0.3650
  Epoch  10/35 | LR=8.92e-04 | TLoss=20.9246 | VLoss=41.9776 | AP@50=0.0940 | SliceAP=0.5050 | EMA_SliceAP=0.4070
  [Pruned at epoch 10]

[Trial 470] lr=6.77e-04  wd=7.46e-04  stride=10  bs=8  mosaic=0.34  ls=0.079  clahe=False  ssr=True  rbc=False  median=True(limit=7)  speckle=False(light)  cp_p=0.59
ScanAwareSampler: 13 scans, 2306 total slices, stride=10 → ~236 slices/epoch (10% of training set per epoch)
  Epoch   1/35 | LR=6.77e-05 | TLoss=330.0200 | VLoss=331.4270 | AP@50=0.0006 | SliceAP=0.4257 | EMA_SliceAP=0.4257
  Epoch   2/35 | LR=1.44e-04 | TLoss=129.0824 | VLoss=114.4411 | AP@50=0.0011 | SliceAP=0.4356 | EMA_SliceAP=0.4287
  Epoch   3/35 | LR=2.20e-04 | TLoss=50.5191 | VLoss=60.2174 | AP@50=0.0018 | SliceAP=0.4059 | EMA_SliceAP=0.4219
  Epoch   4/35 | LR=2.96e-04 | TLoss=37.8837 | VLoss=42.1909 | AP@50=0.0014 | SliceAP=0.1386 | EMA_SliceAP=0.3369
  Epoch   5/35 | LR=3.72e-04 | TLoss=36.2640 | VLoss=41.5158 | AP@50=0.0018 | SliceAP=0.1683 | EMA_SliceAP=0.2863
  Epoch   6/35 | LR=4.48e-04 | TLoss=32.1278 | VLoss=37.6908 | AP@50=0.1512 | SliceAP=0.3366 | EMA_SliceAP=0.3014
  Epoch   7/35 | LR=5.25e-04 | TLoss=26.7620 | VLoss=36.3677 | AP@50=0.0160 | SliceAP=0.4356 | EMA_SliceAP=0.3417
  Epoch   8/35 | LR=6.01e-04 | TLoss=28.0999 | VLoss=43.9559 | AP@50=0.0364 | SliceAP=0.6535 | EMA_SliceAP=0.4352
  Epoch   9/35 | LR=6.77e-04 | TLoss=26.8978 | VLoss=38.6372 | AP@50=0.0460 | SliceAP=0.6436 | EMA_SliceAP=0.4977
  Epoch  10/35 | LR=6.75e-04 | TLoss=22.2356 | VLoss=38.4096 | AP@50=0.0973 | SliceAP=0.5743 | EMA_SliceAP=0.5207
  Epoch  11/35 | LR=6.68e-04 | TLoss=22.0421 | VLoss=34.6258 | AP@50=0.1370 | SliceAP=0.5644 | EMA_SliceAP=0.5338
  Epoch  12/35 | LR=6.57e-04 | TLoss=19.4293 | VLoss=36.3629 | AP@50=0.0728 | SliceAP=0.5347 | EMA_SliceAP=0.5340
  Epoch  13/35 | LR=6.42e-04 | TLoss=19.6166 | VLoss=36.8232 | AP@50=0.1290 | SliceAP=0.6139 | EMA_SliceAP=0.5580
  Epoch  14/35 | LR=6.22e-04 | TLoss=16.9609 | VLoss=36.2508 | AP@50=0.2316 | SliceAP=0.6832 | EMA_SliceAP=0.5955
  Epoch  15/35 | LR=5.99e-04 | TLoss=15.9503 | VLoss=38.3748 | AP@50=0.2396 | SliceAP=0.5248 | EMA_SliceAP=0.5743
  Epoch  16/35 | LR=5.72e-04 | TLoss=16.4915 | VLoss=34.0373 | AP@50=0.2308 | SliceAP=0.6733 | EMA_SliceAP=0.6040
  Epoch  17/35 | LR=5.43e-04 | TLoss=15.9914 | VLoss=37.1119 | AP@50=0.3455 | SliceAP=0.6238 | EMA_SliceAP=0.6099
  Epoch  18/35 | LR=5.10e-04 | TLoss=12.9571 | VLoss=35.8521 | AP@50=0.3026 | SliceAP=0.6337 | EMA_SliceAP=0.6170
  Epoch  19/35 | LR=4.76e-04 | TLoss=12.9483 | VLoss=33.5748 | AP@50=0.3709 | SliceAP=0.6436 | EMA_SliceAP=0.6250
  Epoch  20/35 | LR=4.39e-04 | TLoss=12.4805 | VLoss=36.8123 | AP@50=0.2926 | SliceAP=0.5050 | EMA_SliceAP=0.5890
  Epoch  21/35 | LR=4.01e-04 | TLoss=12.5591 | VLoss=34.6969 | AP@50=0.4080 | SliceAP=0.6733 | EMA_SliceAP=0.6143
  Epoch  22/35 | LR=3.63e-04 | TLoss=11.6986 | VLoss=34.1110 | AP@50=0.3177 | SliceAP=0.6832 | EMA_SliceAP=0.6349
  Epoch  23/35 | LR=3.24e-04 | TLoss=10.5246 | VLoss=36.4363 | AP@50=0.4349 | SliceAP=0.6634 | EMA_SliceAP=0.6435
  Epoch  24/35 | LR=2.86e-04 | TLoss=11.6868 | VLoss=34.8550 | AP@50=0.4191 | SliceAP=0.6634 | EMA_SliceAP=0.6494
  Epoch  25/35 | LR=2.48e-04 | TLoss=10.3819 | VLoss=37.0798 | AP@50=0.4014 | SliceAP=0.6436 | EMA_SliceAP=0.6477
  Epoch  26/35 | LR=2.11e-04 | TLoss=9.9496 | VLoss=36.3643 | AP@50=0.4482 | SliceAP=0.6337 | EMA_SliceAP=0.6435
  Epoch  27/35 | LR=1.77e-04 | TLoss=10.2597 | VLoss=37.2215 | AP@50=0.4321 | SliceAP=0.6535 | EMA_SliceAP=0.6465
  Epoch  28/35 | LR=1.44e-04 | TLoss=9.8195 | VLoss=36.5487 | AP@50=0.3269 | SliceAP=0.6139 | EMA_SliceAP=0.6367
  Epoch  29/35 | LR=1.15e-04 | TLoss=9.2193 | VLoss=36.9831 | AP@50=0.3428 | SliceAP=0.6139 | EMA_SliceAP=0.6298
  Epoch  30/35 | LR=8.80e-05 | TLoss=9.0371 | VLoss=35.5108 | AP@50=0.4658 | SliceAP=0.6436 | EMA_SliceAP=0.6340
  [Pruned at epoch 30]

[Trial 489] lr=5.64e-04  wd=9.81e-04  stride=5  bs=16  mosaic=0.48  ls=0.068  clahe=True  ssr=True  rbc=False  median=True(limit=5)  speckle=False(medium)  cp_p=0.47
ScanAwareSampler: 13 scans, 2306 total slices, stride=5 → ~467 slices/epoch (20% of training set per epoch)
  Epoch   1/35 | LR=5.64e-05 | TLoss=341.9686 | VLoss=396.4331 | AP@50=0.0009 | SliceAP=0.1881 | EMA_SliceAP=0.1881
  Epoch   2/35 | LR=1.20e-04 | TLoss=146.9981 | VLoss=157.9672 | AP@50=0.0003 | SliceAP=0.4752 | EMA_SliceAP=0.2743
  Epoch   3/35 | LR=1.83e-04 | TLoss=56.2974 | VLoss=59.6017 | AP@50=0.0000 | SliceAP=0.0990 | EMA_SliceAP=0.2217
  Epoch   4/35 | LR=2.47e-04 | TLoss=32.7234 | VLoss=40.3864 | AP@50=0.0098 | SliceAP=0.2277 | EMA_SliceAP=0.2235
  Epoch   5/35 | LR=3.10e-04 | TLoss=27.5931 | VLoss=40.6996 | AP@50=0.0059 | SliceAP=0.2970 | EMA_SliceAP=0.2456
  Epoch   6/35 | LR=3.73e-04 | TLoss=27.0034 | VLoss=38.5715 | AP@50=0.1959 | SliceAP=0.4752 | EMA_SliceAP=0.3145
  Epoch   7/35 | LR=4.37e-04 | TLoss=23.9590 | VLoss=40.9773 | AP@50=0.0708 | SliceAP=0.5446 | EMA_SliceAP=0.3835
  Epoch   8/35 | LR=5.00e-04 | TLoss=20.4131 | VLoss=36.8640 | AP@50=0.2896 | SliceAP=0.6337 | EMA_SliceAP=0.4585
  Epoch   9/35 | LR=5.64e-04 | TLoss=17.1780 | VLoss=36.4401 | AP@50=0.2759 | SliceAP=0.6832 | EMA_SliceAP=0.5259
  Epoch  10/35 | LR=5.62e-04 | TLoss=18.5322 | VLoss=33.2961 | AP@50=0.3550 | SliceAP=0.6535 | EMA_SliceAP=0.5642
  Epoch  11/35 | LR=5.56e-04 | TLoss=15.4322 | VLoss=36.2016 | AP@50=0.2141 | SliceAP=0.4554 | EMA_SliceAP=0.5316
  Epoch  12/35 | LR=5.47e-04 | TLoss=13.9417 | VLoss=36.4534 | AP@50=0.2702 | SliceAP=0.6832 | EMA_SliceAP=0.5770
  Epoch  13/35 | LR=5.34e-04 | TLoss=11.8522 | VLoss=35.4807 | AP@50=0.4816 | SliceAP=0.6634 | EMA_SliceAP=0.6029
  [CheckpointManager] WARNING: failed to save epoch 13 checkpoint ([enforce fail at inline_container.cc:668] . unexpected pos 29038656 vs 29038552); skipping — trial continues.
  Epoch  14/35 | LR=5.18e-04 | TLoss=11.6970 | VLoss=35.5524 | AP@50=0.2606 | SliceAP=0.5545 | EMA_SliceAP=0.5884
  Epoch  15/35 | LR=4.99e-04 | TLoss=10.7801 | VLoss=35.5519 | AP@50=0.3019 | SliceAP=0.6139 | EMA_SliceAP=0.5960
  Epoch  16/35 | LR=4.77e-04 | TLoss=11.7849 | VLoss=37.6015 | AP@50=0.3833 | SliceAP=0.6337 | EMA_SliceAP=0.6073
  [CheckpointManager] WARNING: failed to save epoch 16 checkpoint ([enforce fail at inline_container.cc:668] . unexpected pos 3772736 vs 3772632); skipping — trial continues.
  Epoch  17/35 | LR=4.52e-04 | TLoss=10.1510 | VLoss=36.9377 | AP@50=0.3644 | SliceAP=0.6436 | EMA_SliceAP=0.6182
  [CheckpointManager] WARNING: failed to save epoch 17 checkpoint ([enforce fail at inline_container.cc:668] . unexpected pos 3772736 vs 3772632); skipping — trial continues.
  Epoch  18/35 | LR=4.25e-04 | TLoss=10.3972 | VLoss=34.0860 | AP@50=0.4629 | SliceAP=0.6931 | EMA_SliceAP=0.6407
  [CheckpointManager] WARNING: failed to save epoch 18 checkpoint ([enforce fail at inline_container.cc:668] . unexpected pos 3772736 vs 3772632); skipping — trial continues.
  Epoch  19/35 | LR=3.96e-04 | TLoss=8.8655 | VLoss=34.7193 | AP@50=0.4988 | SliceAP=0.6733 | EMA_SliceAP=0.6504
  [CheckpointManager] WARNING: failed to save epoch 19 checkpoint ([enforce fail at inline_container.cc:668] . unexpected pos 96768 vs 96664); skipping — trial continues.
  Epoch  20/35 | LR=3.66e-04 | TLoss=8.8332 | VLoss=36.2445 | AP@50=0.3379 | SliceAP=0.6139 | EMA_SliceAP=0.6395
  [CheckpointManager] WARNING: failed to save epoch 20 checkpoint ([enforce fail at inline_container.cc:668] . unexpected pos 96768 vs 96664); skipping — trial continues.
  Epoch  21/35 | LR=3.35e-04 | TLoss=9.0492 | VLoss=35.7027 | AP@50=0.4245 | SliceAP=0.6535 | EMA_SliceAP=0.6437
  [CheckpointManager] WARNING: failed to save epoch 21 checkpoint ([enforce fail at inline_container.cc:668] . unexpected pos 96768 vs 96664); skipping — trial continues.
  Epoch  22/35 | LR=3.03e-04 | TLoss=8.7435 | VLoss=37.2538 | AP@50=0.3736 | SliceAP=0.6634 | EMA_SliceAP=0.6496
  [CheckpointManager] WARNING: failed to save epoch 22 checkpoint ([enforce fail at inline_container.cc:668] . unexpected pos 96768 vs 96664); skipping — trial continues.
  Epoch  23/35 | LR=2.71e-04 | TLoss=8.5641 | VLoss=36.1017 | AP@50=0.4387 | SliceAP=0.6634 | EMA_SliceAP=0.6537
  [CheckpointManager] WARNING: failed to save epoch 23 checkpoint ([enforce fail at inline_container.cc:668] . unexpected pos 96768 vs 96664); skipping — trial continues.
  Epoch  24/35 | LR=2.39e-04 | TLoss=8.1527 | VLoss=36.5726 | AP@50=0.3571 | SliceAP=0.6238 | EMA_SliceAP=0.6447
  [CheckpointManager] WARNING: failed to save epoch 24 checkpoint ([enforce fail at inline_container.cc:668] . unexpected pos 96768 vs 96664); skipping — trial continues.
  Epoch  25/35 | LR=2.07e-04 | TLoss=7.3264 | VLoss=35.6007 | AP@50=0.4385 | SliceAP=0.6535 | EMA_SliceAP=0.6473
  [CheckpointManager] WARNING: failed to save epoch 25 checkpoint ([enforce fail at inline_container.cc:668] . unexpected pos 96768 vs 96664); skipping — trial continues.
  Epoch  26/35 | LR=1.77e-04 | TLoss=7.6755 | VLoss=36.3954 | AP@50=0.4028 | SliceAP=0.6436 | EMA_SliceAP=0.6462
  [CheckpointManager] WARNING: failed to save epoch 26 checkpoint ([enforce fail at inline_container.cc:668] . unexpected pos 96768 vs 96664); skipping — trial continues.
  Epoch  27/35 | LR=1.48e-04 | TLoss=7.1901 | VLoss=35.9245 | AP@50=0.4019 | SliceAP=0.6634 | EMA_SliceAP=0.6514
  [CheckpointManager] WARNING: failed to save epoch 27 checkpoint ([enforce fail at inline_container.cc:668] . unexpected pos 41806400 vs 41806304); skipping — trial continues.
  [Early stop at epoch 27, best EMA SliceAP=0.6504]
  [Checkpoints] top-3 saved → /fs01/home/dhaneshr/code/obj-det-test/checkpoints/hparam_v5/trial_0489/swa_manifest.yaml

[Trial 504] lr=5.08e-04  wd=9.19e-04  stride=5  bs=8  mosaic=0.48  ls=0.070  clahe=False  ssr=True  rbc=False  median=True(limit=7)  speckle=True(light)  cp_p=0.66
ScanAwareSampler: 13 scans, 2306 total slices, stride=5 → ~467 slices/epoch (20% of training set per epoch)
  Epoch   1/35 | LR=5.08e-05 | TLoss=268.1919 | VLoss=258.5013 | AP@50=0.0011 | SliceAP=0.6634 | EMA_SliceAP=0.6634
  [CheckpointManager] WARNING: failed to save epoch 1 checkpoint ([enforce fail at inline_container.cc:668] . unexpected pos 37745984 vs 37745880); skipping — trial continues.
  Epoch   2/35 | LR=1.08e-04 | TLoss=78.2134 | VLoss=71.0378 | AP@50=0.0002 | SliceAP=0.4059 | EMA_SliceAP=0.5861
  Epoch   3/35 | LR=1.65e-04 | TLoss=35.3976 | VLoss=44.0780 | AP@50=0.0010 | SliceAP=0.2475 | EMA_SliceAP=0.4846
  Epoch   4/35 | LR=2.22e-04 | TLoss=28.4000 | VLoss=40.4781 | AP@50=0.0066 | SliceAP=0.3564 | EMA_SliceAP=0.4461
  Epoch   5/35 | LR=2.79e-04 | TLoss=27.0327 | VLoss=37.0837 | AP@50=0.0247 | SliceAP=0.5050 | EMA_SliceAP=0.4638
  Epoch   6/35 | LR=3.36e-04 | TLoss=23.5780 | VLoss=38.4525 | AP@50=0.1606 | SliceAP=0.7030 | EMA_SliceAP=0.5355
  Epoch   7/35 | LR=3.93e-04 | TLoss=19.6343 | VLoss=32.8936 | AP@50=0.2493 | SliceAP=0.7525 | EMA_SliceAP=0.6006
  [CheckpointManager] WARNING: failed to save epoch 7 checkpoint ([enforce fail at inline_container.cc:668] . unexpected pos 7916096 vs 7915992); skipping — trial continues.
  Epoch   8/35 | LR=4.51e-04 | TLoss=16.5286 | VLoss=32.1469 | AP@50=0.2569 | SliceAP=0.7228 | EMA_SliceAP=0.6373
  [CheckpointManager] WARNING: failed to save epoch 8 checkpoint ([enforce fail at inline_container.cc:668] . unexpected pos 7916096 vs 7915992); skipping — trial continues.
  Epoch   9/35 | LR=5.08e-04 | TLoss=15.9409 | VLoss=35.2192 | AP@50=0.1151 | SliceAP=0.5941 | EMA_SliceAP=0.6243
  [CheckpointManager] WARNING: failed to save epoch 9 checkpoint ([enforce fail at inline_container.cc:668] . unexpected pos 3772736 vs 3772632); skipping — trial continues.
  [Early stop at epoch 9, best EMA SliceAP=0.6634]
  [Checkpoints] top-3 saved → /fs01/home/dhaneshr/code/obj-det-test/checkpoints/hparam_v5/trial_0504/swa_manifest.yaml

[Trial 509] lr=6.36e-04  wd=5.31e-03  stride=5  bs=8  mosaic=0.46  ls=0.073  clahe=False  ssr=True  rbc=False  median=True(limit=7)  speckle=False(light)  cp_p=0.37
ScanAwareSampler: 13 scans, 2306 total slices, stride=5 → ~467 slices/epoch (20% of training set per epoch)
  Epoch   1/35 | LR=6.36e-05 | TLoss=269.0007 | VLoss=242.0028 | AP@50=0.0001 | SliceAP=0.3564 | EMA_SliceAP=0.3564
  Epoch   2/35 | LR=1.35e-04 | TLoss=75.0514 | VLoss=56.8321 | AP@50=0.0003 | SliceAP=0.3168 | EMA_SliceAP=0.3446
  Epoch   3/35 | LR=2.07e-04 | TLoss=33.9826 | VLoss=41.7784 | AP@50=0.0147 | SliceAP=0.2970 | EMA_SliceAP=0.3303
  Epoch   4/35 | LR=2.78e-04 | TLoss=29.7703 | VLoss=38.6834 | AP@50=0.2876 | SliceAP=0.6634 | EMA_SliceAP=0.4302
  Epoch   5/35 | LR=3.50e-04 | TLoss=25.6956 | VLoss=34.8309 | AP@50=0.2332 | SliceAP=0.7228 | EMA_SliceAP=0.5180
  Epoch   6/35 | LR=4.21e-04 | TLoss=21.7889 | VLoss=35.6251 | AP@50=0.1491 | SliceAP=0.6238 | EMA_SliceAP=0.5497
  Epoch   7/35 | LR=4.93e-04 | TLoss=19.0537 | VLoss=40.8042 | AP@50=0.2127 | SliceAP=0.7426 | EMA_SliceAP=0.6076
  [CheckpointManager] WARNING: failed to save epoch 7 checkpoint ([enforce fail at inline_container.cc:668] . unexpected pos 20942656 vs 20942552); skipping — trial continues.
  Epoch   8/35 | LR=5.64e-04 | TLoss=16.0599 | VLoss=40.5802 | AP@50=0.2744 | SliceAP=0.5446 | EMA_SliceAP=0.5887
  Epoch   9/35 | LR=6.36e-04 | TLoss=16.4824 | VLoss=36.4566 | AP@50=0.3090 | SliceAP=0.7426 | EMA_SliceAP=0.6348
  [CheckpointManager] WARNING: failed to save epoch 9 checkpoint ([enforce fail at inline_container.cc:668] . unexpected pos 20942656 vs 20942552); skipping — trial continues.
  Epoch  10/35 | LR=6.34e-04 | TLoss=14.2642 | VLoss=39.3960 | AP@50=0.0426 | SliceAP=0.7327 | EMA_SliceAP=0.6642
  [CheckpointManager] WARNING: failed to save epoch 10 checkpoint ([enforce fail at inline_container.cc:668] . unexpected pos 20942656 vs 20942552); skipping — trial continues.
  Epoch  11/35 | LR=6.27e-04 | TLoss=13.8065 | VLoss=38.4137 | AP@50=0.3373 | SliceAP=0.5743 | EMA_SliceAP=0.6372
  [CheckpointManager] WARNING: failed to save epoch 11 checkpoint ([enforce fail at inline_container.cc:668] . unexpected pos 20942656 vs 20942552); skipping — trial continues.
  Epoch  12/35 | LR=6.17e-04 | TLoss=12.1334 | VLoss=32.5839 | AP@50=0.4215 | SliceAP=0.7129 | EMA_SliceAP=0.6599
  [CheckpointManager] WARNING: failed to save epoch 12 checkpoint ([enforce fail at inline_container.cc:668] . unexpected pos 20942656 vs 20942552); skipping — trial continues.
  Epoch  13/35 | LR=6.02e-04 | TLoss=11.7232 | VLoss=36.8435 | AP@50=0.2987 | SliceAP=0.6634 | EMA_SliceAP=0.6609
  [CheckpointManager] WARNING: failed to save epoch 13 checkpoint ([enforce fail at inline_container.cc:668] . unexpected pos 29038656 vs 29038552); skipping — trial continues.
  Epoch  14/35 | LR=5.84e-04 | TLoss=10.6245 | VLoss=37.7398 | AP@50=0.4475 | SliceAP=0.6733 | EMA_SliceAP=0.6646
  [CheckpointManager] WARNING: failed to save epoch 14 checkpoint ([enforce fail at inline_container.cc:668] . unexpected pos 37745984 vs 37745880); skipping — trial continues.
  Epoch  15/35 | LR=5.62e-04 | TLoss=10.5937 | VLoss=35.9824 | AP@50=0.3284 | SliceAP=0.6634 | EMA_SliceAP=0.6643
  [CheckpointManager] WARNING: failed to save epoch 15 checkpoint ([enforce fail at inline_container.cc:668] . unexpected pos 12116288 vs 12116184); skipping — trial continues.
  Epoch  16/35 | LR=5.37e-04 | TLoss=9.9533 | VLoss=36.9399 | AP@50=0.4018 | SliceAP=0.7327 | EMA_SliceAP=0.6848
  [CheckpointManager] WARNING: failed to save epoch 16 checkpoint ([enforce fail at inline_container.cc:668] . unexpected pos 12116288 vs 12116184); skipping — trial continues.
  Epoch  17/35 | LR=5.10e-04 | TLoss=9.6650 | VLoss=38.9192 | AP@50=0.1495 | SliceAP=0.5248 | EMA_SliceAP=0.6368
  [CheckpointManager] WARNING: failed to save epoch 17 checkpoint ([enforce fail at inline_container.cc:668] . unexpected pos 12116288 vs 12116184); skipping — trial continues.
  Epoch  18/35 | LR=4.79e-04 | TLoss=9.9478 | VLoss=34.5871 | AP@50=0.3200 | SliceAP=0.5545 | EMA_SliceAP=0.6121
  [CheckpointManager] WARNING: failed to save epoch 18 checkpoint ([enforce fail at inline_container.cc:668] . unexpected pos 12116288 vs 12116184); skipping — trial continues.
  Epoch  19/35 | LR=4.47e-04 | TLoss=9.1262 | VLoss=33.8760 | AP@50=0.4430 | SliceAP=0.6634 | EMA_SliceAP=0.6275
  [CheckpointManager] WARNING: failed to save epoch 19 checkpoint ([enforce fail at inline_container.cc:668] . unexpected pos 12116288 vs 12116184); skipping — trial continues.
  Epoch  20/35 | LR=4.13e-04 | TLoss=8.9982 | VLoss=34.7017 | AP@50=0.4424 | SliceAP=0.6931 | EMA_SliceAP=0.6471
  [CheckpointManager] WARNING: failed to save epoch 20 checkpoint ([enforce fail at inline_container.cc:668] . unexpected pos 12116288 vs 12116184); skipping — trial continues.
  Epoch  21/35 | LR=3.77e-04 | TLoss=8.7445 | VLoss=35.8467 | AP@50=0.4199 | SliceAP=0.6139 | EMA_SliceAP=0.6372
  [CheckpointManager] WARNING: failed to save epoch 21 checkpoint ([enforce fail at inline_container.cc:668] . unexpected pos 12116288 vs 12116184); skipping — trial continues.
  Epoch  22/35 | LR=3.41e-04 | TLoss=8.4407 | VLoss=33.8751 | AP@50=0.4248 | SliceAP=0.6634 | EMA_SliceAP=0.6450
  [CheckpointManager] WARNING: failed to save epoch 22 checkpoint ([enforce fail at inline_container.cc:668] . unexpected pos 12116288 vs 12116184); skipping — trial continues.
  Epoch  23/35 | LR=3.05e-04 | TLoss=7.5984 | VLoss=35.1064 | AP@50=0.4048 | SliceAP=0.6535 | EMA_SliceAP=0.6476
  [CheckpointManager] WARNING: failed to save epoch 23 checkpoint ([enforce fail at inline_container.cc:668] . unexpected pos 7916096 vs 7915992); skipping — trial continues.
  Epoch  24/35 | LR=2.68e-04 | TLoss=7.6633 | VLoss=36.3707 | AP@50=0.3956 | SliceAP=0.6238 | EMA_SliceAP=0.6404
  [CheckpointManager] WARNING: failed to save epoch 24 checkpoint ([enforce fail at inline_container.cc:668] . unexpected pos 7916096 vs 7915992); skipping — trial continues.
  [Early stop at epoch 24, best EMA SliceAP=0.6848]
  [Checkpoints] top-3 saved → /fs01/home/dhaneshr/code/obj-det-test/checkpoints/hparam_v5/trial_0509/swa_manifest.yaml

=== Worker done | Completed: 198 | Pruned: 234 ===
Best EMA SliceAP@50 across all workers: 0.7500
Best params: {'learning_rate': 0.0008429170022484867, 'weight_decay': 0.003959664482397866, 'mosaic_prob': 0.3236212685407541, 'label_smooth': 0.0785569963656005, 'copy_paste_p': 0.4936612542488167, 'slice_stride': 10, 'batch_size': 16, 'use_clahe': False, 'use_shift_scale_rotate': True, 'use_brightness_contrast': False, 'use_median_blur': True, 'median_blur_limit': 3, 'use_speckle_noise': False, 'speckle_level': 'light'}

Saving top-5 configs to train/config/
  Rank  1 | SliceAP=0.7500 | {'learning_rate': 0.0008429170022484867, 'weight_decay': 0.003959664482397866, 'mosaic_prob': 0.3236212685407541, 'label_smooth': 0.0785569963656005, 'copy_paste_p': 0.4936612542488167, 'slice_stride': 10, 'batch_size': 16, 'use_clahe': False, 'use_shift_scale_rotate': True, 'use_brightness_contrast': False, 'use_median_blur': True, 'median_blur_limit': 3, 'use_speckle_noise': False, 'speckle_level': 'light'} → hparam_v5_rank01_sliceap0.7500.yaml
  Rank  2 | SliceAP=0.7354 | {'learning_rate': 0.0003986356095300661, 'weight_decay': 0.0008184536335034803, 'mosaic_prob': 0.39925159231236523, 'label_smooth': 0.08656560788058495, 'copy_paste_p': 0.2607812711893872, 'slice_stride': 10, 'batch_size': 16, 'use_clahe': True, 'use_shift_scale_rotate': True, 'use_brightness_contrast': False, 'use_median_blur': True, 'median_blur_limit': 5, 'use_speckle_noise': False, 'speckle_level': 'medium'} → hparam_v5_rank02_sliceap0.7354.yaml
  Rank  3 | SliceAP=0.7289 | {'learning_rate': 0.0010573285181248791, 'weight_decay': 0.0009805711381455752, 'mosaic_prob': 0.4849570091206274, 'label_smooth': 0.06826033352830266, 'copy_paste_p': 0.6657024265231213, 'slice_stride': 10, 'batch_size': 16, 'use_clahe': False, 'use_shift_scale_rotate': True, 'use_brightness_contrast': False, 'use_median_blur': True, 'median_blur_limit': 5, 'use_speckle_noise': True, 'speckle_level': 'light'} → hparam_v5_rank03_sliceap0.7289.yaml
  Rank  4 | SliceAP=0.7226 | {'learning_rate': 0.0006111637950915517, 'weight_decay': 0.0013113903481051876, 'mosaic_prob': 0.3811807846071478, 'label_smooth': 0.10324127742588578, 'copy_paste_p': 0.32400213637436137, 'slice_stride': 10, 'batch_size': 8, 'use_clahe': True, 'use_shift_scale_rotate': True, 'use_brightness_contrast': False, 'use_median_blur': True, 'median_blur_limit': 7, 'use_speckle_noise': False, 'speckle_level': 'medium'} → hparam_v5_rank04_sliceap0.7226.yaml
  Rank  5 | SliceAP=0.7200 | {'learning_rate': 0.0008707839533447586, 'weight_decay': 0.0005757261670218325, 'mosaic_prob': 0.6726633168632645, 'label_smooth': 0.08888718601656813, 'copy_paste_p': 0.21558603956491457, 'slice_stride': 10, 'batch_size': 16, 'use_clahe': True, 'use_shift_scale_rotate': True, 'use_brightness_contrast': False, 'use_median_blur': True, 'median_blur_limit': 5, 'use_speckle_noise': False, 'speckle_level': 'medium'} → hparam_v5_rank05_sliceap0.7200.yaml

Best config (EMA SliceAP@50=0.7500) → train/config/best_hyperparams_v5.yaml
Task 13 completed at: Wed Mar 18 01:09:29 AM EDT 2026
