Job array    : 752, task 18
Node         : bn060
Started at   : Tue Mar 17 02:39:22 PM EDT 2026
Config       : train/config/default.yaml
Study        : yoloe_hparam_search_v4 @ sqlite:////fs01/home/dhaneshr/code/obj-det-test/optuna_studies/yoloe_hparam_search_v4.db
Trials       : 15 (this worker)
Checkpoints  : top-3 per trial → /fs01/home/dhaneshr/code/obj-det-test/checkpoints/hparam_v4
Study name   : yoloe_hparam_search_v4
Storage      : sqlite:////fs01/home/dhaneshr/code/obj-det-test/optuna_studies/yoloe_hparam_search_v4.db
Trials       : 15 (this worker)
Epochs/trial : 50 (max, EMA early stopping patience=15)
EMA alpha    : 0.3
Checkpoints  : top-3 per trial → /fs01/home/dhaneshr/code/obj-det-test/checkpoints/hparam_v4

[Trial 17] lr=4.33e-04  wd=7.97e-03  stride=10  bs=16  mosaic=0.39  ls=0.090  clahe=True  ssr=True  rbc=False  median=True(limit=5)  speckle=False(medium)  cp_p=0.11
ScanAwareSampler: 13 scans, 2306 total slices, stride=10 → ~236 slices/epoch (10% of training set per epoch)
  Epoch   1/50 | LR=4.33e-05 | TLoss=448.4041 | VLoss=503.3861 | AP@50=0.0005 | SliceAP=0.1881 | EMA_SliceAP=0.1881
  Epoch   2/50 | LR=9.20e-05 | TLoss=310.8002 | VLoss=326.8646 | AP@50=0.0011 | SliceAP=0.4257 | EMA_SliceAP=0.2594
  Epoch   3/50 | LR=1.41e-04 | TLoss=186.3947 | VLoss=170.8957 | AP@50=0.0002 | SliceAP=0.5248 | EMA_SliceAP=0.3390
  Epoch   4/50 | LR=1.89e-04 | TLoss=87.1219 | VLoss=85.0546 | AP@50=0.0005 | SliceAP=0.4455 | EMA_SliceAP=0.3710
  Epoch   5/50 | LR=2.38e-04 | TLoss=50.9239 | VLoss=53.8240 | AP@50=0.0010 | SliceAP=0.3861 | EMA_SliceAP=0.3755
  Epoch   6/50 | LR=2.87e-04 | TLoss=36.4157 | VLoss=44.7009 | AP@50=0.0010 | SliceAP=0.0693 | EMA_SliceAP=0.2837
  Epoch   7/50 | LR=3.35e-04 | TLoss=34.8097 | VLoss=40.2517 | AP@50=0.0502 | SliceAP=0.5050 | EMA_SliceAP=0.3500
  Epoch   8/50 | LR=3.84e-04 | TLoss=32.1056 | VLoss=38.1792 | AP@50=0.0654 | SliceAP=0.2970 | EMA_SliceAP=0.3341
  Epoch   9/50 | LR=4.33e-04 | TLoss=26.7248 | VLoss=36.6829 | AP@50=0.2288 | SliceAP=0.5050 | EMA_SliceAP=0.3854
  Epoch  10/50 | LR=4.32e-04 | TLoss=27.6010 | VLoss=36.5244 | AP@50=0.1513 | SliceAP=0.6337 | EMA_SliceAP=0.4599
  Epoch  11/50 | LR=4.30e-04 | TLoss=24.3807 | VLoss=38.5775 | AP@50=0.3088 | SliceAP=0.5347 | EMA_SliceAP=0.4823
  Epoch  12/50 | LR=4.28e-04 | TLoss=21.9482 | VLoss=36.8284 | AP@50=0.1743 | SliceAP=0.6436 | EMA_SliceAP=0.5307
  Epoch  13/50 | LR=4.23e-04 | TLoss=23.2035 | VLoss=36.1261 | AP@50=0.2459 | SliceAP=0.5842 | EMA_SliceAP=0.5467
  Epoch  14/50 | LR=4.18e-04 | TLoss=19.8952 | VLoss=36.2271 | AP@50=0.2626 | SliceAP=0.6040 | EMA_SliceAP=0.5639
  Epoch  15/50 | LR=4.12e-04 | TLoss=19.1144 | VLoss=37.7053 | AP@50=0.1661 | SliceAP=0.6832 | EMA_SliceAP=0.5997
  Epoch  16/50 | LR=4.05e-04 | TLoss=17.6145 | VLoss=37.4356 | AP@50=0.1899 | SliceAP=0.6139 | EMA_SliceAP=0.6039
  Epoch  17/50 | LR=3.96e-04 | TLoss=16.3136 | VLoss=38.1043 | AP@50=0.2043 | SliceAP=0.6139 | EMA_SliceAP=0.6069
  Epoch  18/50 | LR=3.87e-04 | TLoss=15.7612 | VLoss=37.4919 | AP@50=0.1820 | SliceAP=0.5941 | EMA_SliceAP=0.6031
  Epoch  19/50 | LR=3.76e-04 | TLoss=15.0056 | VLoss=33.3170 | AP@50=0.3355 | SliceAP=0.6733 | EMA_SliceAP=0.6241
  Epoch  20/50 | LR=3.65e-04 | TLoss=15.4708 | VLoss=33.3881 | AP@50=0.4007 | SliceAP=0.6436 | EMA_SliceAP=0.6300
  Epoch  21/50 | LR=3.53e-04 | TLoss=12.9826 | VLoss=36.8985 | AP@50=0.3024 | SliceAP=0.6238 | EMA_SliceAP=0.6281
  Epoch  22/50 | LR=3.41e-04 | TLoss=12.6571 | VLoss=36.4428 | AP@50=0.3711 | SliceAP=0.6931 | EMA_SliceAP=0.6476
  Epoch  23/50 | LR=3.27e-04 | TLoss=12.0395 | VLoss=37.7336 | AP@50=0.2764 | SliceAP=0.6139 | EMA_SliceAP=0.6375
  Epoch  24/50 | LR=3.13e-04 | TLoss=12.4027 | VLoss=35.3217 | AP@50=0.4243 | SliceAP=0.6436 | EMA_SliceAP=0.6393
  Epoch  25/50 | LR=2.99e-04 | TLoss=11.2744 | VLoss=35.2024 | AP@50=0.3212 | SliceAP=0.5941 | EMA_SliceAP=0.6257
  Epoch  26/50 | LR=2.84e-04 | TLoss=11.1362 | VLoss=33.9542 | AP@50=0.3586 | SliceAP=0.6436 | EMA_SliceAP=0.6311
  Epoch  27/50 | LR=2.68e-04 | TLoss=10.2245 | VLoss=35.0548 | AP@50=0.3922 | SliceAP=0.6436 | EMA_SliceAP=0.6348
  Epoch  28/50 | LR=2.53e-04 | TLoss=11.1835 | VLoss=34.8260 | AP@50=0.4312 | SliceAP=0.6535 | EMA_SliceAP=0.6404
  Epoch  29/50 | LR=2.37e-04 | TLoss=10.9407 | VLoss=35.1867 | AP@50=0.4637 | SliceAP=0.6337 | EMA_SliceAP=0.6384
  Epoch  30/50 | LR=2.21e-04 | TLoss=10.7359 | VLoss=34.5494 | AP@50=0.4670 | SliceAP=0.6436 | EMA_SliceAP=0.6399
  [Pruned at epoch 30]

[Trial 32] lr=1.30e-04  wd=1.44e-04  stride=5  bs=32  mosaic=0.49  ls=0.133  clahe=False  ssr=False  rbc=True  median=False(limit=3)  speckle=True(light)  cp_p=0.29
ScanAwareSampler: 13 scans, 2306 total slices, stride=5 → ~467 slices/epoch (20% of training set per epoch)
  Epoch   1/50 | LR=1.30e-05 | TLoss=406.7813 | VLoss=560.2508 | AP@50=0.0000 | SliceAP=0.1782 | EMA_SliceAP=0.1782
  Epoch   2/50 | LR=2.77e-05 | TLoss=358.9764 | VLoss=483.7570 | AP@50=0.0009 | SliceAP=0.1881 | EMA_SliceAP=0.1812
  Epoch   3/50 | LR=4.24e-05 | TLoss=298.2808 | VLoss=362.0451 | AP@50=0.0007 | SliceAP=0.4554 | EMA_SliceAP=0.2635
  Epoch   4/50 | LR=5.71e-05 | TLoss=216.8783 | VLoss=270.0485 | AP@50=0.0007 | SliceAP=0.6931 | EMA_SliceAP=0.3923
  Epoch   5/50 | LR=7.18e-05 | TLoss=146.2268 | VLoss=192.9979 | AP@50=0.0003 | SliceAP=0.5347 | EMA_SliceAP=0.4350
  Epoch   6/50 | LR=8.65e-05 | TLoss=93.1359 | VLoss=131.6097 | AP@50=0.0002 | SliceAP=0.5644 | EMA_SliceAP=0.4738
  Epoch   7/50 | LR=1.01e-04 | TLoss=64.6479 | VLoss=93.7473 | AP@50=0.0000 | SliceAP=0.4851 | EMA_SliceAP=0.4772
  Epoch   8/50 | LR=1.16e-04 | TLoss=46.7029 | VLoss=71.5200 | AP@50=0.0001 | SliceAP=0.2475 | EMA_SliceAP=0.4083
  Epoch   9/50 | LR=1.30e-04 | TLoss=35.2900 | VLoss=63.6908 | AP@50=0.0001 | SliceAP=0.1089 | EMA_SliceAP=0.3185
  Epoch  10/50 | LR=1.30e-04 | TLoss=30.1512 | VLoss=50.3358 | AP@50=0.0003 | SliceAP=0.0891 | EMA_SliceAP=0.2497
  [Pruned at epoch 10]

[Trial 43] lr=1.38e-03  wd=4.03e-03  stride=7  bs=8  mosaic=0.20  ls=0.049  clahe=True  ssr=False  rbc=False  median=False(limit=7)  speckle=False(heavy)  cp_p=0.00
ScanAwareSampler: 13 scans, 2306 total slices, stride=7 → ~336 slices/epoch (15% of training set per epoch)
  Epoch   1/50 | LR=1.38e-04 | TLoss=273.4083 | VLoss=111.5684 | AP@50=0.0009 | SliceAP=0.4356 | EMA_SliceAP=0.4356
  Epoch   2/50 | LR=2.93e-04 | TLoss=47.5518 | VLoss=43.5527 | AP@50=0.0097 | SliceAP=0.2574 | EMA_SliceAP=0.3822
  Epoch   3/50 | LR=4.49e-04 | TLoss=33.4703 | VLoss=36.0901 | AP@50=0.0390 | SliceAP=0.1782 | EMA_SliceAP=0.3210
  Epoch   4/50 | LR=6.04e-04 | TLoss=31.6363 | VLoss=37.9709 | AP@50=0.1462 | SliceAP=0.2871 | EMA_SliceAP=0.3108
  Epoch   5/50 | LR=7.59e-04 | TLoss=25.9393 | VLoss=36.8372 | AP@50=0.1738 | SliceAP=0.4059 | EMA_SliceAP=0.3394
  Epoch   6/50 | LR=9.14e-04 | TLoss=24.0623 | VLoss=38.5987 | AP@50=0.0908 | SliceAP=0.4950 | EMA_SliceAP=0.3861
  Epoch   7/50 | LR=1.07e-03 | TLoss=19.2898 | VLoss=36.4359 | AP@50=0.1251 | SliceAP=0.5149 | EMA_SliceAP=0.4247
  Epoch   8/50 | LR=1.23e-03 | TLoss=17.0056 | VLoss=41.6651 | AP@50=0.1395 | SliceAP=0.3564 | EMA_SliceAP=0.4042
  Epoch   9/50 | LR=1.38e-03 | TLoss=16.4095 | VLoss=37.1974 | AP@50=0.1841 | SliceAP=0.5446 | EMA_SliceAP=0.4463
  Epoch  10/50 | LR=1.38e-03 | TLoss=14.7369 | VLoss=35.1947 | AP@50=0.3422 | SliceAP=0.6040 | EMA_SliceAP=0.4936
  Epoch  11/50 | LR=1.37e-03 | TLoss=13.1848 | VLoss=35.3379 | AP@50=0.1603 | SliceAP=0.4752 | EMA_SliceAP=0.4881
  Epoch  12/50 | LR=1.36e-03 | TLoss=12.8450 | VLoss=36.6899 | AP@50=0.4329 | SliceAP=0.6634 | EMA_SliceAP=0.5407
  Epoch  13/50 | LR=1.35e-03 | TLoss=12.4169 | VLoss=35.1477 | AP@50=0.1783 | SliceAP=0.4356 | EMA_SliceAP=0.5092
  Epoch  14/50 | LR=1.33e-03 | TLoss=11.2594 | VLoss=37.2905 | AP@50=0.2907 | SliceAP=0.5842 | EMA_SliceAP=0.5317
  Epoch  15/50 | LR=1.31e-03 | TLoss=10.7973 | VLoss=34.9642 | AP@50=0.2252 | SliceAP=0.5743 | EMA_SliceAP=0.5444
  Epoch  16/50 | LR=1.29e-03 | TLoss=10.7491 | VLoss=36.2892 | AP@50=0.2681 | SliceAP=0.4059 | EMA_SliceAP=0.5029
  Epoch  17/50 | LR=1.26e-03 | TLoss=9.2591 | VLoss=32.5752 | AP@50=0.4071 | SliceAP=0.6337 | EMA_SliceAP=0.5421
  Epoch  18/50 | LR=1.23e-03 | TLoss=8.8130 | VLoss=34.1688 | AP@50=0.2969 | SliceAP=0.5149 | EMA_SliceAP=0.5339
  Epoch  19/50 | LR=1.20e-03 | TLoss=8.6435 | VLoss=36.6282 | AP@50=0.2706 | SliceAP=0.4356 | EMA_SliceAP=0.5045
  Epoch  20/50 | LR=1.16e-03 | TLoss=8.1120 | VLoss=35.4262 | AP@50=0.3614 | SliceAP=0.5743 | EMA_SliceAP=0.5254
  Epoch  21/50 | LR=1.12e-03 | TLoss=7.3100 | VLoss=37.1449 | AP@50=0.2230 | SliceAP=0.3960 | EMA_SliceAP=0.4866
  Epoch  22/50 | LR=1.08e-03 | TLoss=6.9648 | VLoss=32.7888 | AP@50=0.4731 | SliceAP=0.6733 | EMA_SliceAP=0.5426
  Epoch  23/50 | LR=1.04e-03 | TLoss=6.9258 | VLoss=36.3831 | AP@50=0.3837 | SliceAP=0.5149 | EMA_SliceAP=0.5343
  Epoch  24/50 | LR=9.92e-04 | TLoss=6.6618 | VLoss=34.1737 | AP@50=0.2939 | SliceAP=0.5050 | EMA_SliceAP=0.5255
  Epoch  25/50 | LR=9.46e-04 | TLoss=6.7967 | VLoss=36.4563 | AP@50=0.4068 | SliceAP=0.6139 | EMA_SliceAP=0.5520
  Epoch  26/50 | LR=8.97e-04 | TLoss=6.2918 | VLoss=33.2230 | AP@50=0.3979 | SliceAP=0.6040 | EMA_SliceAP=0.5676
  Epoch  27/50 | LR=8.48e-04 | TLoss=5.7754 | VLoss=36.7446 | AP@50=0.2964 | SliceAP=0.5446 | EMA_SliceAP=0.5607
  Epoch  28/50 | LR=7.97e-04 | TLoss=6.0251 | VLoss=34.3272 | AP@50=0.4105 | SliceAP=0.6040 | EMA_SliceAP=0.5737
  Epoch  29/50 | LR=7.46e-04 | TLoss=5.4011 | VLoss=36.4221 | AP@50=0.4336 | SliceAP=0.5842 | EMA_SliceAP=0.5768
  Epoch  30/50 | LR=6.95e-04 | TLoss=5.1402 | VLoss=35.3181 | AP@50=0.3982 | SliceAP=0.5842 | EMA_SliceAP=0.5790
  [Pruned at epoch 30]

[Trial 63] lr=3.38e-04  wd=9.85e-03  stride=10  bs=16  mosaic=0.43  ls=0.102  clahe=True  ssr=True  rbc=False  median=True(limit=5)  speckle=False(medium)  cp_p=0.07
ScanAwareSampler: 13 scans, 2306 total slices, stride=10 → ~236 slices/epoch (10% of training set per epoch)
  Epoch   1/50 | LR=3.38e-05 | TLoss=410.1538 | VLoss=494.2165 | AP@50=0.0000 | SliceAP=0.1980 | EMA_SliceAP=0.1980
  Epoch   2/50 | LR=7.17e-05 | TLoss=334.3828 | VLoss=324.1236 | AP@50=0.0017 | SliceAP=0.3366 | EMA_SliceAP=0.2396
  Epoch   3/50 | LR=1.10e-04 | TLoss=194.2354 | VLoss=189.3366 | AP@50=0.0007 | SliceAP=0.6139 | EMA_SliceAP=0.3519
  Epoch   4/50 | LR=1.48e-04 | TLoss=104.0865 | VLoss=110.3767 | AP@50=0.0002 | SliceAP=0.4653 | EMA_SliceAP=0.3859
  Epoch   5/50 | LR=1.86e-04 | TLoss=59.0289 | VLoss=69.7623 | AP@50=0.0001 | SliceAP=0.3069 | EMA_SliceAP=0.3622
  Epoch   6/50 | LR=2.24e-04 | TLoss=40.9903 | VLoss=59.9275 | AP@50=0.0000 | SliceAP=0.0594 | EMA_SliceAP=0.2714
  Epoch   7/50 | LR=2.62e-04 | TLoss=33.8553 | VLoss=46.3568 | AP@50=0.0019 | SliceAP=0.2970 | EMA_SliceAP=0.2791
  Epoch   8/50 | LR=3.00e-04 | TLoss=31.0546 | VLoss=42.6501 | AP@50=0.0222 | SliceAP=0.3960 | EMA_SliceAP=0.3142
  Epoch   9/50 | LR=3.38e-04 | TLoss=28.9281 | VLoss=40.4480 | AP@50=0.0138 | SliceAP=0.3762 | EMA_SliceAP=0.3328
  Epoch  10/50 | LR=3.37e-04 | TLoss=28.3281 | VLoss=43.0162 | AP@50=0.2042 | SliceAP=0.4554 | EMA_SliceAP=0.3696
  Epoch  11/50 | LR=3.36e-04 | TLoss=25.3124 | VLoss=38.6505 | AP@50=0.0545 | SliceAP=0.3762 | EMA_SliceAP=0.3716
  Epoch  12/50 | LR=3.33e-04 | TLoss=24.3816 | VLoss=43.8949 | AP@50=0.0928 | SliceAP=0.5248 | EMA_SliceAP=0.4175
  Epoch  13/50 | LR=3.30e-04 | TLoss=23.0710 | VLoss=38.6453 | AP@50=0.0566 | SliceAP=0.3465 | EMA_SliceAP=0.3962
  Epoch  14/50 | LR=3.26e-04 | TLoss=21.1842 | VLoss=44.2228 | AP@50=0.0394 | SliceAP=0.5446 | EMA_SliceAP=0.4407
  Epoch  15/50 | LR=3.21e-04 | TLoss=19.7655 | VLoss=42.6665 | AP@50=0.0899 | SliceAP=0.4455 | EMA_SliceAP=0.4422
  Epoch  16/50 | LR=3.16e-04 | TLoss=17.1231 | VLoss=46.7821 | AP@50=0.0776 | SliceAP=0.4653 | EMA_SliceAP=0.4491
  Epoch  17/50 | LR=3.09e-04 | TLoss=14.9755 | VLoss=46.8418 | AP@50=0.1024 | SliceAP=0.5347 | EMA_SliceAP=0.4748
  Epoch  18/50 | LR=3.02e-04 | TLoss=16.5395 | VLoss=34.6450 | AP@50=0.3150 | SliceAP=0.5941 | EMA_SliceAP=0.5106
  Epoch  19/50 | LR=2.94e-04 | TLoss=15.3408 | VLoss=37.3485 | AP@50=0.1318 | SliceAP=0.5842 | EMA_SliceAP=0.5326
  Epoch  20/50 | LR=2.85e-04 | TLoss=14.2918 | VLoss=36.8607 | AP@50=0.1866 | SliceAP=0.4455 | EMA_SliceAP=0.5065
  Epoch  21/50 | LR=2.76e-04 | TLoss=14.2541 | VLoss=40.3210 | AP@50=0.1114 | SliceAP=0.4752 | EMA_SliceAP=0.4971
  Epoch  22/50 | LR=2.66e-04 | TLoss=13.9865 | VLoss=41.0166 | AP@50=0.3406 | SliceAP=0.5050 | EMA_SliceAP=0.4995
  Epoch  23/50 | LR=2.56e-04 | TLoss=11.6382 | VLoss=39.0065 | AP@50=0.2997 | SliceAP=0.5941 | EMA_SliceAP=0.5279
  Epoch  24/50 | LR=2.45e-04 | TLoss=11.9322 | VLoss=39.3561 | AP@50=0.2675 | SliceAP=0.5347 | EMA_SliceAP=0.5299
  Epoch  25/50 | LR=2.34e-04 | TLoss=11.2375 | VLoss=33.6877 | AP@50=0.3484 | SliceAP=0.6733 | EMA_SliceAP=0.5729
  Epoch  26/50 | LR=2.22e-04 | TLoss=11.0656 | VLoss=36.3547 | AP@50=0.1667 | SliceAP=0.5941 | EMA_SliceAP=0.5793
  Epoch  27/50 | LR=2.10e-04 | TLoss=11.1245 | VLoss=37.4702 | AP@50=0.1244 | SliceAP=0.4752 | EMA_SliceAP=0.5481
  Epoch  28/50 | LR=1.98e-04 | TLoss=10.7865 | VLoss=39.2509 | AP@50=0.3867 | SliceAP=0.6139 | EMA_SliceAP=0.5678
  Epoch  29/50 | LR=1.86e-04 | TLoss=10.3079 | VLoss=35.8493 | AP@50=0.3308 | SliceAP=0.5941 | EMA_SliceAP=0.5757
  Epoch  30/50 | LR=1.74e-04 | TLoss=10.6602 | VLoss=42.1692 | AP@50=0.3517 | SliceAP=0.5743 | EMA_SliceAP=0.5752
  [Pruned at epoch 30]

[Trial 84] lr=1.95e-04  wd=6.61e-03  stride=10  bs=16  mosaic=0.28  ls=0.115  clahe=True  ssr=True  rbc=False  median=True(limit=5)  speckle=False(medium)  cp_p=0.15
ScanAwareSampler: 13 scans, 2306 total slices, stride=10 → ~236 slices/epoch (10% of training set per epoch)
  Epoch   1/50 | LR=1.95e-05 | TLoss=483.3573 | VLoss=569.7743 | AP@50=0.0000 | SliceAP=0.1881 | EMA_SliceAP=0.1881
  Epoch   2/50 | LR=4.14e-05 | TLoss=419.7615 | VLoss=478.3600 | AP@50=0.0006 | SliceAP=0.1881 | EMA_SliceAP=0.1881
  Epoch   3/50 | LR=6.33e-05 | TLoss=345.8039 | VLoss=325.7230 | AP@50=0.0004 | SliceAP=0.4356 | EMA_SliceAP=0.2624
  Epoch   4/50 | LR=8.52e-05 | TLoss=227.3537 | VLoss=222.1857 | AP@50=0.0012 | SliceAP=0.6040 | EMA_SliceAP=0.3649
  Epoch   5/50 | LR=1.07e-04 | TLoss=136.3803 | VLoss=144.6530 | AP@50=0.0005 | SliceAP=0.4752 | EMA_SliceAP=0.3980
  Epoch   6/50 | LR=1.29e-04 | TLoss=88.6977 | VLoss=93.2610 | AP@50=0.0022 | SliceAP=0.5347 | EMA_SliceAP=0.4390
  Epoch   7/50 | LR=1.51e-04 | TLoss=57.4263 | VLoss=63.7136 | AP@50=0.0006 | SliceAP=0.3960 | EMA_SliceAP=0.4261
  Epoch   8/50 | LR=1.73e-04 | TLoss=44.2974 | VLoss=51.0449 | AP@50=0.0013 | SliceAP=0.2871 | EMA_SliceAP=0.3844
  Epoch   9/50 | LR=1.95e-04 | TLoss=37.0720 | VLoss=44.6118 | AP@50=0.0168 | SliceAP=0.2574 | EMA_SliceAP=0.3463
  Epoch  10/50 | LR=1.95e-04 | TLoss=31.1725 | VLoss=42.2998 | AP@50=0.0041 | SliceAP=0.1386 | EMA_SliceAP=0.2840
  Epoch  11/50 | LR=1.94e-04 | TLoss=30.6972 | VLoss=40.6086 | AP@50=0.0149 | SliceAP=0.2277 | EMA_SliceAP=0.2671
  Epoch  12/50 | LR=1.92e-04 | TLoss=26.0410 | VLoss=39.5631 | AP@50=0.0777 | SliceAP=0.3168 | EMA_SliceAP=0.2820
  Epoch  13/50 | LR=1.91e-04 | TLoss=27.6570 | VLoss=37.6260 | AP@50=0.2338 | SliceAP=0.4653 | EMA_SliceAP=0.3370
  Epoch  14/50 | LR=1.88e-04 | TLoss=26.1647 | VLoss=37.3683 | AP@50=0.0824 | SliceAP=0.4752 | EMA_SliceAP=0.3785
  Epoch  15/50 | LR=1.86e-04 | TLoss=23.2135 | VLoss=36.1960 | AP@50=0.0540 | SliceAP=0.4851 | EMA_SliceAP=0.4105
  Epoch  16/50 | LR=1.82e-04 | TLoss=22.4743 | VLoss=37.5324 | AP@50=0.1749 | SliceAP=0.5644 | EMA_SliceAP=0.4566
  Epoch  17/50 | LR=1.79e-04 | TLoss=21.3498 | VLoss=34.5270 | AP@50=0.2351 | SliceAP=0.6436 | EMA_SliceAP=0.5127
  Epoch  18/50 | LR=1.75e-04 | TLoss=21.2029 | VLoss=36.7161 | AP@50=0.3407 | SliceAP=0.5743 | EMA_SliceAP=0.5312
  Epoch  19/50 | LR=1.70e-04 | TLoss=20.2292 | VLoss=36.5762 | AP@50=0.4111 | SliceAP=0.6535 | EMA_SliceAP=0.5679
  Epoch  20/50 | LR=1.65e-04 | TLoss=19.9374 | VLoss=36.5515 | AP@50=0.2768 | SliceAP=0.6733 | EMA_SliceAP=0.5995
  Epoch  21/50 | LR=1.60e-04 | TLoss=18.9186 | VLoss=37.2608 | AP@50=0.3614 | SliceAP=0.6832 | EMA_SliceAP=0.6246
  Epoch  22/50 | LR=1.54e-04 | TLoss=17.7094 | VLoss=35.2298 | AP@50=0.1153 | SliceAP=0.6337 | EMA_SliceAP=0.6273
  Epoch  23/50 | LR=1.49e-04 | TLoss=16.1223 | VLoss=34.8307 | AP@50=0.3620 | SliceAP=0.6238 | EMA_SliceAP=0.6262
  Epoch  24/50 | LR=1.42e-04 | TLoss=16.6773 | VLoss=40.6997 | AP@50=0.3913 | SliceAP=0.6436 | EMA_SliceAP=0.6314
  Epoch  25/50 | LR=1.36e-04 | TLoss=15.1784 | VLoss=34.5531 | AP@50=0.3895 | SliceAP=0.6634 | EMA_SliceAP=0.6410
  Epoch  26/50 | LR=1.30e-04 | TLoss=14.4119 | VLoss=32.7738 | AP@50=0.4634 | SliceAP=0.7228 | EMA_SliceAP=0.6655
  Epoch  27/50 | LR=1.23e-04 | TLoss=14.3006 | VLoss=35.1642 | AP@50=0.2491 | SliceAP=0.5050 | EMA_SliceAP=0.6174
  Epoch  28/50 | LR=1.16e-04 | TLoss=13.8861 | VLoss=40.6385 | AP@50=0.3608 | SliceAP=0.6139 | EMA_SliceAP=0.6163
  Epoch  29/50 | LR=1.09e-04 | TLoss=13.5819 | VLoss=33.4967 | AP@50=0.3803 | SliceAP=0.5743 | EMA_SliceAP=0.6037
  Epoch  30/50 | LR=1.02e-04 | TLoss=12.1772 | VLoss=35.0136 | AP@50=0.3067 | SliceAP=0.5149 | EMA_SliceAP=0.5770
  [Pruned at epoch 30]

[Trial 110] lr=4.32e-03  wd=5.08e-03  stride=10  bs=16  mosaic=0.36  ls=0.085  clahe=True  ssr=True  rbc=False  median=True(limit=5)  speckle=False(medium)  cp_p=0.09
ScanAwareSampler: 13 scans, 2306 total slices, stride=10 → ~236 slices/epoch (10% of training set per epoch)
  Epoch   1/50 | LR=4.32e-04 | TLoss=215.7783 | VLoss=94.7788 | AP@50=0.0005 | SliceAP=0.2079 | EMA_SliceAP=0.2079
  Epoch   2/50 | LR=9.18e-04 | TLoss=45.0914 | VLoss=46.1067 | AP@50=0.0000 | SliceAP=0.0000 | EMA_SliceAP=0.1455
  Epoch   3/50 | LR=1.40e-03 | TLoss=36.1086 | VLoss=38.6076 | AP@50=0.0039 | SliceAP=0.3465 | EMA_SliceAP=0.2058
  Epoch   4/50 | LR=1.89e-03 | TLoss=33.9795 | VLoss=40.7508 | AP@50=0.0204 | SliceAP=0.3564 | EMA_SliceAP=0.2510
  Epoch   5/50 | LR=2.38e-03 | TLoss=30.7838 | VLoss=42.5808 | AP@50=0.0102 | SliceAP=0.3564 | EMA_SliceAP=0.2826
  Epoch   6/50 | LR=2.86e-03 | TLoss=29.2244 | VLoss=41.6562 | AP@50=0.0219 | SliceAP=0.3366 | EMA_SliceAP=0.2988
  Epoch   7/50 | LR=3.35e-03 | TLoss=25.7548 | VLoss=38.1652 | AP@50=0.0154 | SliceAP=0.4356 | EMA_SliceAP=0.3399
  Epoch   8/50 | LR=3.83e-03 | TLoss=25.6865 | VLoss=39.2664 | AP@50=0.1386 | SliceAP=0.5149 | EMA_SliceAP=0.3924
  Epoch   9/50 | LR=4.32e-03 | TLoss=22.8418 | VLoss=43.9362 | AP@50=0.1006 | SliceAP=0.4158 | EMA_SliceAP=0.3994
  Epoch  10/50 | LR=4.31e-03 | TLoss=23.1454 | VLoss=39.8726 | AP@50=0.1114 | SliceAP=0.5446 | EMA_SliceAP=0.4430
  Epoch  11/50 | LR=4.30e-03 | TLoss=24.0262 | VLoss=37.0703 | AP@50=0.1911 | SliceAP=0.4653 | EMA_SliceAP=0.4497
  Epoch  12/50 | LR=4.27e-03 | TLoss=21.2815 | VLoss=39.8054 | AP@50=0.2131 | SliceAP=0.6337 | EMA_SliceAP=0.5049
  Epoch  13/50 | LR=4.23e-03 | TLoss=19.7165 | VLoss=39.5154 | AP@50=0.2188 | SliceAP=0.5941 | EMA_SliceAP=0.5316
  Epoch  14/50 | LR=4.17e-03 | TLoss=19.7629 | VLoss=34.7771 | AP@50=0.3077 | SliceAP=0.6931 | EMA_SliceAP=0.5801
  Epoch  15/50 | LR=4.11e-03 | TLoss=19.6329 | VLoss=37.5878 | AP@50=0.1588 | SliceAP=0.6139 | EMA_SliceAP=0.5902
  Epoch  16/50 | LR=4.03e-03 | TLoss=18.8717 | VLoss=44.3240 | AP@50=0.2044 | SliceAP=0.6931 | EMA_SliceAP=0.6211
  Epoch  17/50 | LR=3.95e-03 | TLoss=17.8281 | VLoss=32.8461 | AP@50=0.2943 | SliceAP=0.6436 | EMA_SliceAP=0.6278
  Epoch  18/50 | LR=3.85e-03 | TLoss=15.2331 | VLoss=41.7847 | AP@50=0.2121 | SliceAP=0.6139 | EMA_SliceAP=0.6236
  Epoch  19/50 | LR=3.75e-03 | TLoss=15.3146 | VLoss=32.8028 | AP@50=0.3632 | SliceAP=0.6733 | EMA_SliceAP=0.6385
  Epoch  20/50 | LR=3.63e-03 | TLoss=14.7713 | VLoss=37.6139 | AP@50=0.3317 | SliceAP=0.6436 | EMA_SliceAP=0.6400
  Epoch  21/50 | LR=3.51e-03 | TLoss=14.1933 | VLoss=38.0382 | AP@50=0.2457 | SliceAP=0.6436 | EMA_SliceAP=0.6411
  Epoch  22/50 | LR=3.38e-03 | TLoss=13.7860 | VLoss=35.3136 | AP@50=0.2070 | SliceAP=0.5248 | EMA_SliceAP=0.6062
  Epoch  23/50 | LR=3.24e-03 | TLoss=13.6596 | VLoss=41.1095 | AP@50=0.2974 | SliceAP=0.5941 | EMA_SliceAP=0.6026
  Epoch  24/50 | LR=3.10e-03 | TLoss=13.1345 | VLoss=37.7550 | AP@50=0.2457 | SliceAP=0.6139 | EMA_SliceAP=0.6059
  Epoch  25/50 | LR=2.95e-03 | TLoss=12.4182 | VLoss=39.4641 | AP@50=0.2656 | SliceAP=0.6535 | EMA_SliceAP=0.6202
  Epoch  26/50 | LR=2.80e-03 | TLoss=13.5916 | VLoss=47.9910 | AP@50=0.1507 | SliceAP=0.4752 | EMA_SliceAP=0.5767
  Epoch  27/50 | LR=2.65e-03 | TLoss=12.5693 | VLoss=35.4024 | AP@50=0.3195 | SliceAP=0.5842 | EMA_SliceAP=0.5789
  Epoch  28/50 | LR=2.49e-03 | TLoss=12.9766 | VLoss=38.0472 | AP@50=0.3105 | SliceAP=0.6436 | EMA_SliceAP=0.5983
  Epoch  29/50 | LR=2.33e-03 | TLoss=10.3182 | VLoss=37.4972 | AP@50=0.2863 | SliceAP=0.6139 | EMA_SliceAP=0.6030
  Epoch  30/50 | LR=2.17e-03 | TLoss=11.1421 | VLoss=36.4720 | AP@50=0.3016 | SliceAP=0.6733 | EMA_SliceAP=0.6241
  Epoch  31/50 | LR=2.00e-03 | TLoss=11.0082 | VLoss=36.9565 | AP@50=0.3442 | SliceAP=0.6436 | EMA_SliceAP=0.6299
  Epoch  32/50 | LR=1.84e-03 | TLoss=10.6561 | VLoss=37.2923 | AP@50=0.2690 | SliceAP=0.6337 | EMA_SliceAP=0.6310
  Epoch  33/50 | LR=1.69e-03 | TLoss=11.0044 | VLoss=37.1218 | AP@50=0.3052 | SliceAP=0.7030 | EMA_SliceAP=0.6526
  Epoch  34/50 | LR=1.53e-03 | TLoss=10.3415 | VLoss=39.6474 | AP@50=0.2663 | SliceAP=0.6238 | EMA_SliceAP=0.6440
  Epoch  35/50 | LR=1.38e-03 | TLoss=9.1612 | VLoss=36.4515 | AP@50=0.3470 | SliceAP=0.6436 | EMA_SliceAP=0.6438
  Epoch  36/50 | LR=1.23e-03 | TLoss=10.0499 | VLoss=36.4127 | AP@50=0.3160 | SliceAP=0.6535 | EMA_SliceAP=0.6467
  Epoch  37/50 | LR=1.09e-03 | TLoss=8.8542 | VLoss=35.7138 | AP@50=0.2671 | SliceAP=0.6535 | EMA_SliceAP=0.6488
  Epoch  38/50 | LR=9.51e-04 | TLoss=10.0766 | VLoss=34.5919 | AP@50=0.3719 | SliceAP=0.6535 | EMA_SliceAP=0.6502
  Epoch  39/50 | LR=8.22e-04 | TLoss=9.4063 | VLoss=36.3014 | AP@50=0.3583 | SliceAP=0.6337 | EMA_SliceAP=0.6452
  Epoch  40/50 | LR=6.99e-04 | TLoss=9.6848 | VLoss=35.6535 | AP@50=0.4027 | SliceAP=0.6436 | EMA_SliceAP=0.6447
  Epoch  41/50 | LR=5.85e-04 | TLoss=8.7691 | VLoss=35.8330 | AP@50=0.3134 | SliceAP=0.6436 | EMA_SliceAP=0.6444
  Epoch  42/50 | LR=4.80e-04 | TLoss=8.3246 | VLoss=38.4649 | AP@50=0.2911 | SliceAP=0.6337 | EMA_SliceAP=0.6412
  Epoch  43/50 | LR=3.85e-04 | TLoss=9.2459 | VLoss=38.3450 | AP@50=0.2977 | SliceAP=0.6436 | EMA_SliceAP=0.6419
  Epoch  44/50 | LR=2.99e-04 | TLoss=8.6170 | VLoss=36.8414 | AP@50=0.3034 | SliceAP=0.6436 | EMA_SliceAP=0.6424
  Epoch  45/50 | LR=2.23e-04 | TLoss=8.8213 | VLoss=36.8330 | AP@50=0.3040 | SliceAP=0.6436 | EMA_SliceAP=0.6427
  Epoch  46/50 | LR=1.59e-04 | TLoss=8.3999 | VLoss=37.1261 | AP@50=0.3099 | SliceAP=0.6436 | EMA_SliceAP=0.6430
  Epoch  47/50 | LR=1.06e-04 | TLoss=8.9155 | VLoss=36.5016 | AP@50=0.3182 | SliceAP=0.6436 | EMA_SliceAP=0.6432
  Epoch  48/50 | LR=6.40e-05 | TLoss=8.6440 | VLoss=36.6512 | AP@50=0.3146 | SliceAP=0.6436 | EMA_SliceAP=0.6433
  [Early stop at epoch 48, best EMA SliceAP=0.6526]
  [Checkpoints] top-3 saved → /fs01/home/dhaneshr/code/obj-det-test/checkpoints/hparam_v4/trial_0110/swa_manifest.yaml

[Trial 141] lr=4.96e-03  wd=5.99e-03  stride=10  bs=8  mosaic=0.25  ls=0.123  clahe=True  ssr=True  rbc=False  median=True(limit=3)  speckle=False(medium)  cp_p=0.12
ScanAwareSampler: 13 scans, 2306 total slices, stride=10 → ~236 slices/epoch (10% of training set per epoch)
  Epoch   1/50 | LR=4.96e-04 | TLoss=135.7854 | VLoss=45.9441 | AP@50=0.0032 | SliceAP=0.1584 | EMA_SliceAP=0.1584
  Epoch   2/50 | LR=1.05e-03 | TLoss=41.7719 | VLoss=45.4675 | AP@50=0.0019 | SliceAP=0.1980 | EMA_SliceAP=0.1703
  Epoch   3/50 | LR=1.61e-03 | TLoss=39.8965 | VLoss=49.0280 | AP@50=0.0001 | SliceAP=0.0297 | EMA_SliceAP=0.1281
  Epoch   4/50 | LR=2.17e-03 | TLoss=39.0998 | VLoss=44.4869 | AP@50=0.0003 | SliceAP=0.1287 | EMA_SliceAP=0.1283
  Epoch   5/50 | LR=2.73e-03 | TLoss=39.5092 | VLoss=42.3627 | AP@50=0.0105 | SliceAP=0.4455 | EMA_SliceAP=0.2235
  Epoch   6/50 | LR=3.28e-03 | TLoss=38.3749 | VLoss=43.9831 | AP@50=0.0279 | SliceAP=0.1980 | EMA_SliceAP=0.2158
  Epoch   7/50 | LR=3.84e-03 | TLoss=35.8337 | VLoss=38.7561 | AP@50=0.0350 | SliceAP=0.2376 | EMA_SliceAP=0.2224
  Epoch   8/50 | LR=4.40e-03 | TLoss=36.0768 | VLoss=38.7294 | AP@50=0.0000 | SliceAP=0.0000 | EMA_SliceAP=0.1557
  Epoch   9/50 | LR=4.96e-03 | TLoss=33.3907 | VLoss=41.8256 | AP@50=0.0418 | SliceAP=0.4059 | EMA_SliceAP=0.2307
  Epoch  10/50 | LR=4.95e-03 | TLoss=31.2410 | VLoss=41.7221 | AP@50=0.0650 | SliceAP=0.5248 | EMA_SliceAP=0.3189
  Epoch  11/50 | LR=4.93e-03 | TLoss=30.1062 | VLoss=39.7216 | AP@50=0.0090 | SliceAP=0.0792 | EMA_SliceAP=0.2470
  Epoch  12/50 | LR=4.89e-03 | TLoss=30.3752 | VLoss=42.0271 | AP@50=0.1471 | SliceAP=0.3366 | EMA_SliceAP=0.2739
  Epoch  13/50 | LR=4.85e-03 | TLoss=24.8690 | VLoss=40.3753 | AP@50=0.1614 | SliceAP=0.2871 | EMA_SliceAP=0.2779
  Epoch  14/50 | LR=4.78e-03 | TLoss=26.5350 | VLoss=36.6534 | AP@50=0.1649 | SliceAP=0.4950 | EMA_SliceAP=0.3430
  Epoch  15/50 | LR=4.71e-03 | TLoss=21.5425 | VLoss=39.9099 | AP@50=0.1515 | SliceAP=0.3960 | EMA_SliceAP=0.3589
  Epoch  16/50 | LR=4.62e-03 | TLoss=21.0923 | VLoss=37.7833 | AP@50=0.1835 | SliceAP=0.4356 | EMA_SliceAP=0.3819
  Epoch  17/50 | LR=4.53e-03 | TLoss=20.2403 | VLoss=39.5978 | AP@50=0.2148 | SliceAP=0.4356 | EMA_SliceAP=0.3981
  Epoch  18/50 | LR=4.42e-03 | TLoss=20.7685 | VLoss=43.6186 | AP@50=0.1917 | SliceAP=0.5644 | EMA_SliceAP=0.4479
  Epoch  19/50 | LR=4.30e-03 | TLoss=20.8240 | VLoss=37.3250 | AP@50=0.2244 | SliceAP=0.4950 | EMA_SliceAP=0.4621
  Epoch  20/50 | LR=4.16e-03 | TLoss=18.9383 | VLoss=34.2590 | AP@50=0.2506 | SliceAP=0.6337 | EMA_SliceAP=0.5136
  Epoch  21/50 | LR=4.02e-03 | TLoss=19.4733 | VLoss=37.1398 | AP@50=0.3114 | SliceAP=0.6040 | EMA_SliceAP=0.5407
  Epoch  22/50 | LR=3.88e-03 | TLoss=17.4478 | VLoss=35.5391 | AP@50=0.3366 | SliceAP=0.6337 | EMA_SliceAP=0.5686
  Epoch  23/50 | LR=3.72e-03 | TLoss=16.3544 | VLoss=38.7738 | AP@50=0.2677 | SliceAP=0.5743 | EMA_SliceAP=0.5703
  Epoch  24/50 | LR=3.56e-03 | TLoss=16.8025 | VLoss=40.6431 | AP@50=0.2523 | SliceAP=0.5743 | EMA_SliceAP=0.5715
  Epoch  25/50 | LR=3.39e-03 | TLoss=16.4261 | VLoss=37.6004 | AP@50=0.2690 | SliceAP=0.6337 | EMA_SliceAP=0.5901
  Epoch  26/50 | LR=3.21e-03 | TLoss=16.2019 | VLoss=37.4897 | AP@50=0.3093 | SliceAP=0.5743 | EMA_SliceAP=0.5854
  Epoch  27/50 | LR=3.03e-03 | TLoss=15.3364 | VLoss=33.6832 | AP@50=0.3428 | SliceAP=0.6139 | EMA_SliceAP=0.5939
  Epoch  28/50 | LR=2.85e-03 | TLoss=14.3129 | VLoss=34.1610 | AP@50=0.3063 | SliceAP=0.5446 | EMA_SliceAP=0.5791
  Epoch  29/50 | LR=2.67e-03 | TLoss=14.1538 | VLoss=35.9015 | AP@50=0.2684 | SliceAP=0.5149 | EMA_SliceAP=0.5598
  Epoch  30/50 | LR=2.48e-03 | TLoss=14.0188 | VLoss=35.4341 | AP@50=0.3343 | SliceAP=0.6436 | EMA_SliceAP=0.5850
  [Pruned at epoch 30]

[Trial 155] lr=2.20e-04  wd=8.83e-03  stride=5  bs=16  mosaic=0.40  ls=0.052  clahe=True  ssr=True  rbc=False  median=True(limit=5)  speckle=False(heavy)  cp_p=0.02
ScanAwareSampler: 13 scans, 2306 total slices, stride=5 → ~467 slices/epoch (20% of training set per epoch)
  Epoch   1/50 | LR=2.20e-05 | TLoss=397.3028 | VLoss=422.6416 | AP@50=0.0005 | SliceAP=0.1782 | EMA_SliceAP=0.1782
  Epoch   2/50 | LR=4.68e-05 | TLoss=284.2194 | VLoss=261.6331 | AP@50=0.0012 | SliceAP=0.4950 | EMA_SliceAP=0.2733
  Epoch   3/50 | LR=7.16e-05 | TLoss=150.7005 | VLoss=138.5089 | AP@50=0.0003 | SliceAP=0.5446 | EMA_SliceAP=0.3547
  Epoch   4/50 | LR=9.63e-05 | TLoss=74.5488 | VLoss=76.1971 | AP@50=0.0002 | SliceAP=0.4950 | EMA_SliceAP=0.3968
  Epoch   5/50 | LR=1.21e-04 | TLoss=43.9377 | VLoss=53.7858 | AP@50=0.0006 | SliceAP=0.2376 | EMA_SliceAP=0.3490
  Epoch   6/50 | LR=1.46e-04 | TLoss=34.1783 | VLoss=46.7053 | AP@50=0.0001 | SliceAP=0.0594 | EMA_SliceAP=0.2621
  Epoch   7/50 | LR=1.71e-04 | TLoss=29.7815 | VLoss=43.1209 | AP@50=0.0483 | SliceAP=0.3564 | EMA_SliceAP=0.2904
  Epoch   8/50 | LR=1.95e-04 | TLoss=26.7035 | VLoss=38.5787 | AP@50=0.0567 | SliceAP=0.3663 | EMA_SliceAP=0.3132
  Epoch   9/50 | LR=2.20e-04 | TLoss=24.2326 | VLoss=38.7053 | AP@50=0.1305 | SliceAP=0.4752 | EMA_SliceAP=0.3618
  Epoch  10/50 | LR=2.20e-04 | TLoss=20.9887 | VLoss=38.0545 | AP@50=0.0980 | SliceAP=0.5050 | EMA_SliceAP=0.4048
  [Pruned at epoch 10]

[Trial 167] lr=3.88e-03  wd=7.58e-03  stride=10  bs=16  mosaic=0.23  ls=0.098  clahe=False  ssr=True  rbc=True  median=True(limit=5)  speckle=True(heavy)  cp_p=0.18
ScanAwareSampler: 13 scans, 2306 total slices, stride=10 → ~236 slices/epoch (10% of training set per epoch)
  Epoch   1/50 | LR=3.88e-04 | TLoss=235.9385 | VLoss=97.7357 | AP@50=0.0005 | SliceAP=0.2178 | EMA_SliceAP=0.2178
  Epoch   2/50 | LR=8.23e-04 | TLoss=45.7487 | VLoss=38.7868 | AP@50=0.0070 | SliceAP=0.0891 | EMA_SliceAP=0.1792
  Epoch   3/50 | LR=1.26e-03 | TLoss=39.7037 | VLoss=39.4158 | AP@50=0.0023 | SliceAP=0.0990 | EMA_SliceAP=0.1551
  Epoch   4/50 | LR=1.70e-03 | TLoss=35.3532 | VLoss=36.9637 | AP@50=0.0292 | SliceAP=0.2376 | EMA_SliceAP=0.1799
  Epoch   5/50 | LR=2.13e-03 | TLoss=34.0906 | VLoss=34.8837 | AP@50=0.0451 | SliceAP=0.1485 | EMA_SliceAP=0.1705
  Epoch   6/50 | LR=2.57e-03 | TLoss=30.5253 | VLoss=41.0195 | AP@50=0.0249 | SliceAP=0.4059 | EMA_SliceAP=0.2411
  Epoch   7/50 | LR=3.00e-03 | TLoss=30.0023 | VLoss=37.8113 | AP@50=0.1260 | SliceAP=0.3465 | EMA_SliceAP=0.2727
  Epoch   8/50 | LR=3.44e-03 | TLoss=30.7814 | VLoss=38.1860 | AP@50=0.0719 | SliceAP=0.5545 | EMA_SliceAP=0.3573
  Epoch   9/50 | LR=3.88e-03 | TLoss=31.2771 | VLoss=43.7497 | AP@50=0.0165 | SliceAP=0.2376 | EMA_SliceAP=0.3214
  Epoch  10/50 | LR=3.87e-03 | TLoss=29.0467 | VLoss=45.5635 | AP@50=0.1117 | SliceAP=0.5941 | EMA_SliceAP=0.4032
  Epoch  11/50 | LR=3.85e-03 | TLoss=26.9015 | VLoss=41.8421 | AP@50=0.0560 | SliceAP=0.3366 | EMA_SliceAP=0.3832
  Epoch  12/50 | LR=3.83e-03 | TLoss=25.0806 | VLoss=35.7254 | AP@50=0.0483 | SliceAP=0.5545 | EMA_SliceAP=0.4346
  Epoch  13/50 | LR=3.79e-03 | TLoss=21.9755 | VLoss=45.2760 | AP@50=0.2320 | SliceAP=0.5050 | EMA_SliceAP=0.4557
  Epoch  14/50 | LR=3.74e-03 | TLoss=22.4129 | VLoss=38.0766 | AP@50=0.2674 | SliceAP=0.6040 | EMA_SliceAP=0.5002
  Epoch  15/50 | LR=3.68e-03 | TLoss=19.3409 | VLoss=40.3172 | AP@50=0.1772 | SliceAP=0.5446 | EMA_SliceAP=0.5135
  Epoch  16/50 | LR=3.62e-03 | TLoss=19.9090 | VLoss=38.4631 | AP@50=0.1592 | SliceAP=0.5446 | EMA_SliceAP=0.5228
  Epoch  17/50 | LR=3.54e-03 | TLoss=18.8697 | VLoss=34.6589 | AP@50=0.2415 | SliceAP=0.6634 | EMA_SliceAP=0.5650
  Epoch  18/50 | LR=3.45e-03 | TLoss=17.8969 | VLoss=38.8353 | AP@50=0.1474 | SliceAP=0.6337 | EMA_SliceAP=0.5856
  Epoch  19/50 | LR=3.36e-03 | TLoss=18.5964 | VLoss=33.0339 | AP@50=0.1475 | SliceAP=0.5446 | EMA_SliceAP=0.5733
  Epoch  20/50 | LR=3.26e-03 | TLoss=17.0242 | VLoss=34.3084 | AP@50=0.1839 | SliceAP=0.5446 | EMA_SliceAP=0.5647
  Epoch  21/50 | LR=3.15e-03 | TLoss=16.4418 | VLoss=32.3977 | AP@50=0.2861 | SliceAP=0.6535 | EMA_SliceAP=0.5913
  Epoch  22/50 | LR=3.03e-03 | TLoss=15.3928 | VLoss=33.1473 | AP@50=0.3404 | SliceAP=0.6535 | EMA_SliceAP=0.6099
  Epoch  23/50 | LR=2.91e-03 | TLoss=17.5663 | VLoss=36.2977 | AP@50=0.2142 | SliceAP=0.6238 | EMA_SliceAP=0.6141
  Epoch  24/50 | LR=2.78e-03 | TLoss=18.6913 | VLoss=33.9645 | AP@50=0.1904 | SliceAP=0.6238 | EMA_SliceAP=0.6170
  Epoch  25/50 | LR=2.65e-03 | TLoss=14.2432 | VLoss=35.9198 | AP@50=0.3123 | SliceAP=0.6238 | EMA_SliceAP=0.6190
  Epoch  26/50 | LR=2.51e-03 | TLoss=14.5842 | VLoss=36.9034 | AP@50=0.2946 | SliceAP=0.5446 | EMA_SliceAP=0.5967
  Epoch  27/50 | LR=2.37e-03 | TLoss=15.5023 | VLoss=34.2037 | AP@50=0.3049 | SliceAP=0.6436 | EMA_SliceAP=0.6107
  Epoch  28/50 | LR=2.23e-03 | TLoss=14.3553 | VLoss=32.8201 | AP@50=0.3330 | SliceAP=0.7030 | EMA_SliceAP=0.6384
  Epoch  29/50 | LR=2.09e-03 | TLoss=12.6719 | VLoss=34.1110 | AP@50=0.3064 | SliceAP=0.6931 | EMA_SliceAP=0.6548
  Epoch  30/50 | LR=1.94e-03 | TLoss=14.3486 | VLoss=37.3605 | AP@50=0.1857 | SliceAP=0.7030 | EMA_SliceAP=0.6693
  Epoch  31/50 | LR=1.80e-03 | TLoss=12.6073 | VLoss=35.4074 | AP@50=0.3476 | SliceAP=0.6436 | EMA_SliceAP=0.6616
  Epoch  32/50 | LR=1.65e-03 | TLoss=12.5439 | VLoss=33.4083 | AP@50=0.3114 | SliceAP=0.6139 | EMA_SliceAP=0.6472
  Epoch  33/50 | LR=1.51e-03 | TLoss=12.5899 | VLoss=33.3159 | AP@50=0.3074 | SliceAP=0.7030 | EMA_SliceAP=0.6640
  Epoch  34/50 | LR=1.37e-03 | TLoss=11.7502 | VLoss=34.4643 | AP@50=0.3022 | SliceAP=0.7129 | EMA_SliceAP=0.6786
  Epoch  35/50 | LR=1.24e-03 | TLoss=11.0961 | VLoss=35.3123 | AP@50=0.2935 | SliceAP=0.7129 | EMA_SliceAP=0.6889
  Epoch  36/50 | LR=1.10e-03 | TLoss=11.4938 | VLoss=34.4737 | AP@50=0.3589 | SliceAP=0.6931 | EMA_SliceAP=0.6902
  Epoch  37/50 | LR=9.76e-04 | TLoss=10.7053 | VLoss=33.4187 | AP@50=0.3441 | SliceAP=0.7129 | EMA_SliceAP=0.6970
  Epoch  38/50 | LR=8.54e-04 | TLoss=10.6957 | VLoss=34.5791 | AP@50=0.2876 | SliceAP=0.6832 | EMA_SliceAP=0.6928
  Epoch  39/50 | LR=7.38e-04 | TLoss=10.4400 | VLoss=35.4181 | AP@50=0.3351 | SliceAP=0.6535 | EMA_SliceAP=0.6810
  Epoch  40/50 | LR=6.28e-04 | TLoss=9.5212 | VLoss=33.3518 | AP@50=0.3652 | SliceAP=0.7030 | EMA_SliceAP=0.6876
  Epoch  41/50 | LR=5.26e-04 | TLoss=10.1748 | VLoss=33.9431 | AP@50=0.3404 | SliceAP=0.7030 | EMA_SliceAP=0.6922
  Epoch  42/50 | LR=4.32e-04 | TLoss=9.9800 | VLoss=32.7059 | AP@50=0.3313 | SliceAP=0.7129 | EMA_SliceAP=0.6984
  Epoch  43/50 | LR=3.46e-04 | TLoss=11.5159 | VLoss=33.0509 | AP@50=0.3294 | SliceAP=0.7129 | EMA_SliceAP=0.7027
  Epoch  44/50 | LR=2.69e-04 | TLoss=9.5749 | VLoss=33.4732 | AP@50=0.3278 | SliceAP=0.6832 | EMA_SliceAP=0.6969
  Epoch  45/50 | LR=2.01e-04 | TLoss=9.8785 | VLoss=33.1192 | AP@50=0.3505 | SliceAP=0.7129 | EMA_SliceAP=0.7017
  Epoch  46/50 | LR=1.44e-04 | TLoss=10.5007 | VLoss=33.2362 | AP@50=0.3362 | SliceAP=0.7030 | EMA_SliceAP=0.7021
  Epoch  47/50 | LR=9.59e-05 | TLoss=9.1058 | VLoss=33.0973 | AP@50=0.3352 | SliceAP=0.7129 | EMA_SliceAP=0.7053
  Epoch  48/50 | LR=5.85e-05 | TLoss=9.5539 | VLoss=33.2270 | AP@50=0.3322 | SliceAP=0.7129 | EMA_SliceAP=0.7076
  Epoch  49/50 | LR=3.16e-05 | TLoss=9.3783 | VLoss=33.3432 | AP@50=0.3348 | SliceAP=0.7129 | EMA_SliceAP=0.7092
  Epoch  50/50 | LR=1.54e-05 | TLoss=9.0749 | VLoss=33.4127 | AP@50=0.3287 | SliceAP=0.7030 | EMA_SliceAP=0.7073
  [Checkpoints] top-3 saved → /fs01/home/dhaneshr/code/obj-det-test/checkpoints/hparam_v4/trial_0167/swa_manifest.yaml

[Trial 196] lr=3.65e-04  wd=3.60e-03  stride=5  bs=16  mosaic=0.22  ls=0.022  clahe=False  ssr=True  rbc=True  median=True(limit=5)  speckle=True(heavy)  cp_p=0.23
ScanAwareSampler: 13 scans, 2306 total slices, stride=5 → ~467 slices/epoch (20% of training set per epoch)
  Epoch   1/50 | LR=3.65e-05 | TLoss=427.9640 | VLoss=420.1800 | AP@50=0.0010 | SliceAP=0.1881 | EMA_SliceAP=0.1881
  Epoch   2/50 | LR=7.76e-05 | TLoss=239.5455 | VLoss=191.6625 | AP@50=0.0005 | SliceAP=0.5743 | EMA_SliceAP=0.3040
  Epoch   3/50 | LR=1.19e-04 | TLoss=102.6593 | VLoss=88.1826 | AP@50=0.0003 | SliceAP=0.3861 | EMA_SliceAP=0.3286
  Epoch   4/50 | LR=1.60e-04 | TLoss=51.1250 | VLoss=51.0548 | AP@50=0.0004 | SliceAP=0.2475 | EMA_SliceAP=0.3043
  Epoch   5/50 | LR=2.01e-04 | TLoss=38.0804 | VLoss=43.2925 | AP@50=0.0008 | SliceAP=0.0792 | EMA_SliceAP=0.2368
  Epoch   6/50 | LR=2.42e-04 | TLoss=32.9634 | VLoss=42.0891 | AP@50=0.0144 | SliceAP=0.2376 | EMA_SliceAP=0.2370
  Epoch   7/50 | LR=2.83e-04 | TLoss=31.1355 | VLoss=38.7336 | AP@50=0.0638 | SliceAP=0.1980 | EMA_SliceAP=0.2253
  Epoch   8/50 | LR=3.24e-04 | TLoss=27.3787 | VLoss=34.9934 | AP@50=0.0761 | SliceAP=0.4950 | EMA_SliceAP=0.3062
  Epoch   9/50 | LR=3.65e-04 | TLoss=22.9189 | VLoss=38.3031 | AP@50=0.1322 | SliceAP=0.3762 | EMA_SliceAP=0.3272
  Epoch  10/50 | LR=3.65e-04 | TLoss=21.0607 | VLoss=36.3892 | AP@50=0.1523 | SliceAP=0.6238 | EMA_SliceAP=0.4162
  Epoch  11/50 | LR=3.63e-04 | TLoss=18.5875 | VLoss=36.5918 | AP@50=0.2073 | SliceAP=0.6139 | EMA_SliceAP=0.4755
  Epoch  12/50 | LR=3.61e-04 | TLoss=16.2563 | VLoss=32.5119 | AP@50=0.3205 | SliceAP=0.6634 | EMA_SliceAP=0.5319
  Epoch  13/50 | LR=3.57e-04 | TLoss=15.2771 | VLoss=33.8562 | AP@50=0.3063 | SliceAP=0.6139 | EMA_SliceAP=0.5565
  Epoch  14/50 | LR=3.53e-04 | TLoss=14.1533 | VLoss=31.8927 | AP@50=0.4376 | SliceAP=0.6832 | EMA_SliceAP=0.5945
  Epoch  15/50 | LR=3.48e-04 | TLoss=13.2860 | VLoss=36.3201 | AP@50=0.2164 | SliceAP=0.5446 | EMA_SliceAP=0.5795
  Epoch  16/50 | LR=3.41e-04 | TLoss=12.5153 | VLoss=34.0425 | AP@50=0.3393 | SliceAP=0.6139 | EMA_SliceAP=0.5898
  Epoch  17/50 | LR=3.34e-04 | TLoss=11.6771 | VLoss=33.5885 | AP@50=0.3660 | SliceAP=0.6436 | EMA_SliceAP=0.6059
  Epoch  18/50 | LR=3.26e-04 | TLoss=10.9763 | VLoss=34.8493 | AP@50=0.3422 | SliceAP=0.7129 | EMA_SliceAP=0.6380
  Epoch  19/50 | LR=3.18e-04 | TLoss=10.5298 | VLoss=37.1055 | AP@50=0.3636 | SliceAP=0.6139 | EMA_SliceAP=0.6308
  Epoch  20/50 | LR=3.08e-04 | TLoss=10.9303 | VLoss=34.2688 | AP@50=0.4024 | SliceAP=0.6139 | EMA_SliceAP=0.6257
  Epoch  21/50 | LR=2.98e-04 | TLoss=9.8297 | VLoss=33.2928 | AP@50=0.4588 | SliceAP=0.6634 | EMA_SliceAP=0.6370
  Epoch  22/50 | LR=2.88e-04 | TLoss=9.7660 | VLoss=35.2206 | AP@50=0.3678 | SliceAP=0.6634 | EMA_SliceAP=0.6449
  Epoch  23/50 | LR=2.76e-04 | TLoss=9.8427 | VLoss=32.3425 | AP@50=0.4089 | SliceAP=0.6337 | EMA_SliceAP=0.6415
  Epoch  24/50 | LR=2.65e-04 | TLoss=9.0622 | VLoss=30.6499 | AP@50=0.4984 | SliceAP=0.6634 | EMA_SliceAP=0.6481
  Epoch  25/50 | LR=2.52e-04 | TLoss=9.2907 | VLoss=34.3883 | AP@50=0.3413 | SliceAP=0.6139 | EMA_SliceAP=0.6378
  Epoch  26/50 | LR=2.40e-04 | TLoss=8.7457 | VLoss=34.0428 | AP@50=0.4749 | SliceAP=0.6733 | EMA_SliceAP=0.6485
  Epoch  27/50 | LR=2.27e-04 | TLoss=8.8712 | VLoss=34.4459 | AP@50=0.3712 | SliceAP=0.6139 | EMA_SliceAP=0.6381
  Epoch  28/50 | LR=2.14e-04 | TLoss=8.5318 | VLoss=35.2028 | AP@50=0.4332 | SliceAP=0.6436 | EMA_SliceAP=0.6397
  Epoch  29/50 | LR=2.01e-04 | TLoss=8.4116 | VLoss=34.3015 | AP@50=0.4440 | SliceAP=0.6040 | EMA_SliceAP=0.6290
  Epoch  30/50 | LR=1.88e-04 | TLoss=7.7140 | VLoss=32.3531 | AP@50=0.4533 | SliceAP=0.6337 | EMA_SliceAP=0.6304
  [Pruned at epoch 30]

[Trial 217] lr=2.08e-03  wd=1.02e-03  stride=10  bs=8  mosaic=0.19  ls=0.119  clahe=True  ssr=False  rbc=False  median=False(limit=3)  speckle=False(heavy)  cp_p=0.30
ScanAwareSampler: 13 scans, 2306 total slices, stride=10 → ~236 slices/epoch (10% of training set per epoch)
  Epoch   1/50 | LR=2.08e-04 | TLoss=230.5982 | VLoss=104.4102 | AP@50=0.0011 | SliceAP=0.4653 | EMA_SliceAP=0.4653
  Epoch   2/50 | LR=4.42e-04 | TLoss=42.6828 | VLoss=42.7921 | AP@50=0.0001 | SliceAP=0.0396 | EMA_SliceAP=0.3376
  Epoch   3/50 | LR=6.76e-04 | TLoss=34.2826 | VLoss=42.5488 | AP@50=0.0000 | SliceAP=0.0099 | EMA_SliceAP=0.2393
  Epoch   4/50 | LR=9.10e-04 | TLoss=33.6227 | VLoss=40.7178 | AP@50=0.0000 | SliceAP=0.0000 | EMA_SliceAP=0.1675
  Epoch   5/50 | LR=1.14e-03 | TLoss=31.5583 | VLoss=42.7657 | AP@50=0.0223 | SliceAP=0.3267 | EMA_SliceAP=0.2153
  Epoch   6/50 | LR=1.38e-03 | TLoss=31.6516 | VLoss=40.0313 | AP@50=0.0347 | SliceAP=0.4158 | EMA_SliceAP=0.2754
  Epoch   7/50 | LR=1.61e-03 | TLoss=30.9428 | VLoss=40.6934 | AP@50=0.1063 | SliceAP=0.4950 | EMA_SliceAP=0.3413
  Epoch   8/50 | LR=1.85e-03 | TLoss=27.8478 | VLoss=36.2712 | AP@50=0.1352 | SliceAP=0.5644 | EMA_SliceAP=0.4082
  Epoch   9/50 | LR=2.08e-03 | TLoss=25.9525 | VLoss=38.1179 | AP@50=0.0307 | SliceAP=0.3366 | EMA_SliceAP=0.3868
  Epoch  10/50 | LR=2.08e-03 | TLoss=24.7341 | VLoss=35.8741 | AP@50=0.1609 | SliceAP=0.6535 | EMA_SliceAP=0.4668
  Epoch  11/50 | LR=2.07e-03 | TLoss=23.0317 | VLoss=35.8311 | AP@50=0.2127 | SliceAP=0.6535 | EMA_SliceAP=0.5228
  Epoch  12/50 | LR=2.05e-03 | TLoss=21.5150 | VLoss=39.3034 | AP@50=0.1789 | SliceAP=0.5446 | EMA_SliceAP=0.5293
  Epoch  13/50 | LR=2.03e-03 | TLoss=20.9143 | VLoss=42.4906 | AP@50=0.2964 | SliceAP=0.5545 | EMA_SliceAP=0.5369
  Epoch  14/50 | LR=2.01e-03 | TLoss=20.9582 | VLoss=35.4209 | AP@50=0.2695 | SliceAP=0.5050 | EMA_SliceAP=0.5273
  Epoch  15/50 | LR=1.98e-03 | TLoss=18.4387 | VLoss=41.5775 | AP@50=0.2393 | SliceAP=0.4158 | EMA_SliceAP=0.4939
  Epoch  16/50 | LR=1.94e-03 | TLoss=18.1710 | VLoss=35.8669 | AP@50=0.2529 | SliceAP=0.5644 | EMA_SliceAP=0.5150
  Epoch  17/50 | LR=1.90e-03 | TLoss=16.4966 | VLoss=37.3969 | AP@50=0.2344 | SliceAP=0.5545 | EMA_SliceAP=0.5268
  Epoch  18/50 | LR=1.85e-03 | TLoss=16.5925 | VLoss=38.8556 | AP@50=0.1998 | SliceAP=0.6436 | EMA_SliceAP=0.5619
  Epoch  19/50 | LR=1.80e-03 | TLoss=15.6935 | VLoss=36.0517 | AP@50=0.1193 | SliceAP=0.6238 | EMA_SliceAP=0.5804
  Epoch  20/50 | LR=1.75e-03 | TLoss=14.6254 | VLoss=37.6568 | AP@50=0.3443 | SliceAP=0.5248 | EMA_SliceAP=0.5637
  Epoch  21/50 | LR=1.69e-03 | TLoss=14.1919 | VLoss=39.5854 | AP@50=0.3173 | SliceAP=0.6931 | EMA_SliceAP=0.6025
  Epoch  22/50 | LR=1.63e-03 | TLoss=14.5532 | VLoss=35.3540 | AP@50=0.2521 | SliceAP=0.5743 | EMA_SliceAP=0.5940
  Epoch  23/50 | LR=1.56e-03 | TLoss=13.8971 | VLoss=38.2495 | AP@50=0.2806 | SliceAP=0.6337 | EMA_SliceAP=0.6059
  Epoch  24/50 | LR=1.49e-03 | TLoss=12.0526 | VLoss=36.5380 | AP@50=0.2378 | SliceAP=0.6337 | EMA_SliceAP=0.6143
  Epoch  25/50 | LR=1.42e-03 | TLoss=11.1106 | VLoss=36.5252 | AP@50=0.3378 | SliceAP=0.6436 | EMA_SliceAP=0.6230
  Epoch  26/50 | LR=1.35e-03 | TLoss=11.5625 | VLoss=37.0287 | AP@50=0.3126 | SliceAP=0.6634 | EMA_SliceAP=0.6351
  Epoch  27/50 | LR=1.28e-03 | TLoss=10.4011 | VLoss=35.2895 | AP@50=0.3606 | SliceAP=0.5644 | EMA_SliceAP=0.6139
  Epoch  28/50 | LR=1.20e-03 | TLoss=10.2007 | VLoss=35.8241 | AP@50=0.3535 | SliceAP=0.6634 | EMA_SliceAP=0.6287
  Epoch  29/50 | LR=1.12e-03 | TLoss=9.6599 | VLoss=37.1834 | AP@50=0.3539 | SliceAP=0.6436 | EMA_SliceAP=0.6332
  Epoch  30/50 | LR=1.05e-03 | TLoss=9.0555 | VLoss=35.5161 | AP@50=0.3910 | SliceAP=0.6634 | EMA_SliceAP=0.6422
  Epoch  31/50 | LR=9.68e-04 | TLoss=8.7660 | VLoss=36.6593 | AP@50=0.3646 | SliceAP=0.6337 | EMA_SliceAP=0.6397
  Epoch  32/50 | LR=8.91e-04 | TLoss=8.4918 | VLoss=34.4213 | AP@50=0.4160 | SliceAP=0.6337 | EMA_SliceAP=0.6379
  Epoch  33/50 | LR=8.15e-04 | TLoss=8.6530 | VLoss=34.9601 | AP@50=0.4482 | SliceAP=0.6535 | EMA_SliceAP=0.6425
  Epoch  34/50 | LR=7.40e-04 | TLoss=8.4068 | VLoss=34.3457 | AP@50=0.4516 | SliceAP=0.6535 | EMA_SliceAP=0.6458
  Epoch  35/50 | LR=6.67e-04 | TLoss=7.9322 | VLoss=34.7953 | AP@50=0.4579 | SliceAP=0.6436 | EMA_SliceAP=0.6451
  Epoch  36/50 | LR=5.96e-04 | TLoss=8.0059 | VLoss=34.5939 | AP@50=0.4038 | SliceAP=0.6337 | EMA_SliceAP=0.6417
  Epoch  37/50 | LR=5.28e-04 | TLoss=7.6006 | VLoss=34.7445 | AP@50=0.4484 | SliceAP=0.6436 | EMA_SliceAP=0.6423
  Epoch  38/50 | LR=4.62e-04 | TLoss=6.9449 | VLoss=34.5010 | AP@50=0.4637 | SliceAP=0.6337 | EMA_SliceAP=0.6397
  Epoch  39/50 | LR=4.00e-04 | TLoss=7.0224 | VLoss=34.6304 | AP@50=0.4596 | SliceAP=0.6832 | EMA_SliceAP=0.6527
  Epoch  40/50 | LR=3.41e-04 | TLoss=6.5470 | VLoss=34.7317 | AP@50=0.4978 | SliceAP=0.6337 | EMA_SliceAP=0.6470
  Epoch  41/50 | LR=2.86e-04 | TLoss=6.6713 | VLoss=35.5359 | AP@50=0.4524 | SliceAP=0.6337 | EMA_SliceAP=0.6430
  Epoch  42/50 | LR=2.36e-04 | TLoss=6.5194 | VLoss=35.0500 | AP@50=0.4678 | SliceAP=0.6337 | EMA_SliceAP=0.6402
  Epoch  43/50 | LR=1.90e-04 | TLoss=6.2998 | VLoss=35.0122 | AP@50=0.4289 | SliceAP=0.6238 | EMA_SliceAP=0.6353
  Epoch  44/50 | LR=1.49e-04 | TLoss=6.3765 | VLoss=34.3867 | AP@50=0.4689 | SliceAP=0.6535 | EMA_SliceAP=0.6407
  Epoch  45/50 | LR=1.13e-04 | TLoss=6.0629 | VLoss=34.7287 | AP@50=0.4636 | SliceAP=0.6436 | EMA_SliceAP=0.6416
  Epoch  46/50 | LR=8.16e-05 | TLoss=6.0246 | VLoss=34.3878 | AP@50=0.4519 | SliceAP=0.6436 | EMA_SliceAP=0.6422
  Epoch  47/50 | LR=5.60e-05 | TLoss=5.8786 | VLoss=34.5959 | AP@50=0.4486 | SliceAP=0.6337 | EMA_SliceAP=0.6396
  Epoch  48/50 | LR=3.60e-05 | TLoss=6.1090 | VLoss=34.4129 | AP@50=0.4478 | SliceAP=0.6337 | EMA_SliceAP=0.6378
  Epoch  49/50 | LR=2.16e-05 | TLoss=5.8664 | VLoss=34.4179 | AP@50=0.4572 | SliceAP=0.6436 | EMA_SliceAP=0.6396
  Epoch  50/50 | LR=1.29e-05 | TLoss=5.9404 | VLoss=34.4693 | AP@50=0.4573 | SliceAP=0.6436 | EMA_SliceAP=0.6408
  [Checkpoints] top-3 saved → /fs01/home/dhaneshr/code/obj-det-test/checkpoints/hparam_v4/trial_0217/swa_manifest.yaml

[Trial 244] lr=2.86e-04  wd=3.07e-03  stride=5  bs=16  mosaic=0.20  ls=0.093  clahe=False  ssr=True  rbc=True  median=True(limit=5)  speckle=True(medium)  cp_p=0.03
ScanAwareSampler: 13 scans, 2306 total slices, stride=5 → ~467 slices/epoch (20% of training set per epoch)
  Epoch   1/50 | LR=2.86e-05 | TLoss=495.0873 | VLoss=467.7217 | AP@50=0.0005 | SliceAP=0.1881 | EMA_SliceAP=0.1881
  Epoch   2/50 | LR=6.07e-05 | TLoss=316.4936 | VLoss=249.9669 | AP@50=0.0006 | SliceAP=0.6832 | EMA_SliceAP=0.3366
  Epoch   3/50 | LR=9.29e-05 | TLoss=145.0829 | VLoss=111.9135 | AP@50=0.0001 | SliceAP=0.5149 | EMA_SliceAP=0.3901
  Epoch   4/50 | LR=1.25e-04 | TLoss=65.0748 | VLoss=58.9589 | AP@50=0.0003 | SliceAP=0.3960 | EMA_SliceAP=0.3919
  Epoch   5/50 | LR=1.57e-04 | TLoss=39.7319 | VLoss=47.1200 | AP@50=0.0000 | SliceAP=0.0198 | EMA_SliceAP=0.2803
  Epoch   6/50 | LR=1.89e-04 | TLoss=33.2149 | VLoss=41.9572 | AP@50=0.0028 | SliceAP=0.1980 | EMA_SliceAP=0.2556
  Epoch   7/50 | LR=2.22e-04 | TLoss=31.0914 | VLoss=40.6353 | AP@50=0.0023 | SliceAP=0.2178 | EMA_SliceAP=0.2443
  Epoch   8/50 | LR=2.54e-04 | TLoss=27.4803 | VLoss=37.5423 | AP@50=0.0130 | SliceAP=0.2475 | EMA_SliceAP=0.2452
  Epoch   9/50 | LR=2.86e-04 | TLoss=26.5570 | VLoss=37.4357 | AP@50=0.0314 | SliceAP=0.3465 | EMA_SliceAP=0.2756
  Epoch  10/50 | LR=2.85e-04 | TLoss=22.0884 | VLoss=38.3226 | AP@50=0.0560 | SliceAP=0.5149 | EMA_SliceAP=0.3474
  [Pruned at epoch 10]

[Trial 251] lr=3.25e-04  wd=4.72e-03  stride=5  bs=16  mosaic=0.23  ls=0.088  clahe=False  ssr=True  rbc=True  median=True(limit=5)  speckle=True(medium)  cp_p=0.49
ScanAwareSampler: 13 scans, 2306 total slices, stride=5 → ~467 slices/epoch (20% of training set per epoch)
  Epoch   1/50 | LR=3.25e-05 | TLoss=399.9472 | VLoss=438.7255 | AP@50=0.0001 | SliceAP=0.1683 | EMA_SliceAP=0.1683
  Epoch   2/50 | LR=6.91e-05 | TLoss=246.9400 | VLoss=236.5450 | AP@50=0.0005 | SliceAP=0.5743 | EMA_SliceAP=0.2901
  Epoch   3/50 | LR=1.06e-04 | TLoss=118.8115 | VLoss=115.1572 | AP@50=0.0006 | SliceAP=0.4059 | EMA_SliceAP=0.3249
  Epoch   4/50 | LR=1.42e-04 | TLoss=55.7582 | VLoss=58.6038 | AP@50=0.0003 | SliceAP=0.3267 | EMA_SliceAP=0.3254
  Epoch   5/50 | LR=1.79e-04 | TLoss=37.2404 | VLoss=45.8348 | AP@50=0.0062 | SliceAP=0.3564 | EMA_SliceAP=0.3347
  Epoch   6/50 | LR=2.15e-04 | TLoss=30.8956 | VLoss=40.0616 | AP@50=0.0600 | SliceAP=0.2376 | EMA_SliceAP=0.3056
  Epoch   7/50 | LR=2.52e-04 | TLoss=29.2122 | VLoss=38.3826 | AP@50=0.1997 | SliceAP=0.4752 | EMA_SliceAP=0.3565
  Epoch   8/50 | LR=2.89e-04 | TLoss=27.3265 | VLoss=40.1037 | AP@50=0.0878 | SliceAP=0.4950 | EMA_SliceAP=0.3981
  Epoch   9/50 | LR=3.25e-04 | TLoss=26.3446 | VLoss=35.1841 | AP@50=0.0646 | SliceAP=0.5149 | EMA_SliceAP=0.4331
  Epoch  10/50 | LR=3.25e-04 | TLoss=21.7577 | VLoss=36.1918 | AP@50=0.1621 | SliceAP=0.4455 | EMA_SliceAP=0.4368
  Epoch  11/50 | LR=3.23e-04 | TLoss=19.9166 | VLoss=34.4202 | AP@50=0.2138 | SliceAP=0.6238 | EMA_SliceAP=0.4929
  Epoch  12/50 | LR=3.21e-04 | TLoss=17.6645 | VLoss=32.0328 | AP@50=0.2884 | SliceAP=0.6238 | EMA_SliceAP=0.5322
  Epoch  13/50 | LR=3.18e-04 | TLoss=17.5500 | VLoss=41.6436 | AP@50=0.1397 | SliceAP=0.4653 | EMA_SliceAP=0.5121
  Epoch  14/50 | LR=3.14e-04 | TLoss=15.4765 | VLoss=34.8992 | AP@50=0.2673 | SliceAP=0.6832 | EMA_SliceAP=0.5634
  Epoch  15/50 | LR=3.09e-04 | TLoss=14.5455 | VLoss=32.5255 | AP@50=0.3971 | SliceAP=0.6931 | EMA_SliceAP=0.6023
  Epoch  16/50 | LR=3.04e-04 | TLoss=14.3187 | VLoss=31.0563 | AP@50=0.3722 | SliceAP=0.6832 | EMA_SliceAP=0.6266
  Epoch  17/50 | LR=2.98e-04 | TLoss=12.2712 | VLoss=31.5591 | AP@50=0.3120 | SliceAP=0.6337 | EMA_SliceAP=0.6287
  Epoch  18/50 | LR=2.91e-04 | TLoss=12.1613 | VLoss=34.7255 | AP@50=0.4125 | SliceAP=0.6337 | EMA_SliceAP=0.6302
  Epoch  19/50 | LR=2.83e-04 | TLoss=11.3643 | VLoss=32.3533 | AP@50=0.3447 | SliceAP=0.6436 | EMA_SliceAP=0.6342
  Epoch  20/50 | LR=2.75e-04 | TLoss=11.2251 | VLoss=33.8067 | AP@50=0.3425 | SliceAP=0.6535 | EMA_SliceAP=0.6400
  Epoch  21/50 | LR=2.66e-04 | TLoss=11.4083 | VLoss=30.6737 | AP@50=0.4160 | SliceAP=0.6832 | EMA_SliceAP=0.6529
  Epoch  22/50 | LR=2.56e-04 | TLoss=9.8598 | VLoss=33.9363 | AP@50=0.2277 | SliceAP=0.6337 | EMA_SliceAP=0.6472
  Epoch  23/50 | LR=2.46e-04 | TLoss=10.3970 | VLoss=30.4397 | AP@50=0.3601 | SliceAP=0.6337 | EMA_SliceAP=0.6431
  Epoch  24/50 | LR=2.36e-04 | TLoss=10.1493 | VLoss=34.5066 | AP@50=0.3664 | SliceAP=0.6040 | EMA_SliceAP=0.6314
  Epoch  25/50 | LR=2.25e-04 | TLoss=9.7666 | VLoss=33.7943 | AP@50=0.3827 | SliceAP=0.6436 | EMA_SliceAP=0.6350
  Epoch  26/50 | LR=2.14e-04 | TLoss=9.5493 | VLoss=33.3220 | AP@50=0.3672 | SliceAP=0.6337 | EMA_SliceAP=0.6346
  Epoch  27/50 | LR=2.03e-04 | TLoss=9.5034 | VLoss=32.7805 | AP@50=0.4358 | SliceAP=0.6337 | EMA_SliceAP=0.6343
  Epoch  28/50 | LR=1.91e-04 | TLoss=9.6494 | VLoss=31.3411 | AP@50=0.3884 | SliceAP=0.6139 | EMA_SliceAP=0.6282
  Epoch  29/50 | LR=1.79e-04 | TLoss=8.9736 | VLoss=35.3659 | AP@50=0.4615 | SliceAP=0.6436 | EMA_SliceAP=0.6328
  Epoch  30/50 | LR=1.68e-04 | TLoss=8.8553 | VLoss=33.8328 | AP@50=0.3964 | SliceAP=0.6238 | EMA_SliceAP=0.6301
  [Pruned at epoch 30]

[Trial 270] lr=3.97e-04  wd=8.86e-04  stride=10  bs=32  mosaic=0.20  ls=0.095  clahe=True  ssr=True  rbc=False  median=True(limit=5)  speckle=False(heavy)  cp_p=0.04
ScanAwareSampler: 13 scans, 2306 total slices, stride=10 → ~236 slices/epoch (10% of training set per epoch)
  Epoch   1/50 | LR=3.97e-05 | TLoss=504.1962 | VLoss=536.1230 | AP@50=0.0000 | SliceAP=0.1782 | EMA_SliceAP=0.1782
  Epoch   2/50 | LR=8.44e-05 | TLoss=425.0824 | VLoss=398.6873 | AP@50=0.0005 | SliceAP=0.1881 | EMA_SliceAP=0.1812
  Epoch   3/50 | LR=1.29e-04 | TLoss=331.2560 | VLoss=288.4664 | AP@50=0.0018 | SliceAP=0.2772 | EMA_SliceAP=0.2100
  Epoch   4/50 | LR=1.74e-04 | TLoss=208.4783 | VLoss=189.7398 | AP@50=0.0007 | SliceAP=0.5050 | EMA_SliceAP=0.2985
  Epoch   5/50 | LR=2.19e-04 | TLoss=126.7279 | VLoss=113.3423 | AP@50=0.0001 | SliceAP=0.4257 | EMA_SliceAP=0.3367
  Epoch   6/50 | LR=2.63e-04 | TLoss=74.7100 | VLoss=66.8028 | AP@50=0.0009 | SliceAP=0.4554 | EMA_SliceAP=0.3723
  Epoch   7/50 | LR=3.08e-04 | TLoss=45.9280 | VLoss=48.7178 | AP@50=0.0017 | SliceAP=0.3564 | EMA_SliceAP=0.3675
  Epoch   8/50 | LR=3.53e-04 | TLoss=37.8692 | VLoss=42.4689 | AP@50=0.0003 | SliceAP=0.1287 | EMA_SliceAP=0.2959
  Epoch   9/50 | LR=3.97e-04 | TLoss=32.8495 | VLoss=38.9242 | AP@50=0.0070 | SliceAP=0.4455 | EMA_SliceAP=0.3408
  Epoch  10/50 | LR=3.97e-04 | TLoss=31.2630 | VLoss=37.0602 | AP@50=0.0006 | SliceAP=0.0396 | EMA_SliceAP=0.2504
  Epoch  11/50 | LR=3.95e-04 | TLoss=27.1662 | VLoss=37.2131 | AP@50=0.1138 | SliceAP=0.2871 | EMA_SliceAP=0.2614
  Epoch  12/50 | LR=3.93e-04 | TLoss=24.4136 | VLoss=39.1386 | AP@50=0.0970 | SliceAP=0.4851 | EMA_SliceAP=0.3286
  Epoch  13/50 | LR=3.89e-04 | TLoss=24.4543 | VLoss=35.8814 | AP@50=0.1710 | SliceAP=0.4059 | EMA_SliceAP=0.3518
  Epoch  14/50 | LR=3.84e-04 | TLoss=21.6108 | VLoss=41.2097 | AP@50=0.2670 | SliceAP=0.5644 | EMA_SliceAP=0.4155
  Epoch  15/50 | LR=3.78e-04 | TLoss=19.9779 | VLoss=32.9812 | AP@50=0.2032 | SliceAP=0.5347 | EMA_SliceAP=0.4513
  Epoch  16/50 | LR=3.71e-04 | TLoss=19.0560 | VLoss=35.2551 | AP@50=0.2570 | SliceAP=0.5446 | EMA_SliceAP=0.4793
  Epoch  17/50 | LR=3.64e-04 | TLoss=16.6114 | VLoss=35.3831 | AP@50=0.1834 | SliceAP=0.4158 | EMA_SliceAP=0.4602
  Epoch  18/50 | LR=3.55e-04 | TLoss=16.4749 | VLoss=35.8149 | AP@50=0.2573 | SliceAP=0.5149 | EMA_SliceAP=0.4766
  Epoch  19/50 | LR=3.46e-04 | TLoss=17.7392 | VLoss=33.5800 | AP@50=0.3975 | SliceAP=0.6139 | EMA_SliceAP=0.5178
  Epoch  20/50 | LR=3.35e-04 | TLoss=16.1736 | VLoss=35.4870 | AP@50=0.2698 | SliceAP=0.5644 | EMA_SliceAP=0.5318
  Epoch  21/50 | LR=3.24e-04 | TLoss=16.9605 | VLoss=32.9072 | AP@50=0.3357 | SliceAP=0.7129 | EMA_SliceAP=0.5861
  Epoch  22/50 | LR=3.13e-04 | TLoss=15.7639 | VLoss=36.0977 | AP@50=0.2249 | SliceAP=0.4257 | EMA_SliceAP=0.5380
  Epoch  23/50 | LR=3.01e-04 | TLoss=14.3112 | VLoss=33.4389 | AP@50=0.3634 | SliceAP=0.5941 | EMA_SliceAP=0.5548
  Epoch  24/50 | LR=2.88e-04 | TLoss=14.0681 | VLoss=34.2857 | AP@50=0.2829 | SliceAP=0.6139 | EMA_SliceAP=0.5725
  Epoch  25/50 | LR=2.74e-04 | TLoss=12.7917 | VLoss=33.7715 | AP@50=0.2709 | SliceAP=0.5347 | EMA_SliceAP=0.5612
  Epoch  26/50 | LR=2.61e-04 | TLoss=12.3706 | VLoss=34.4196 | AP@50=0.2840 | SliceAP=0.5050 | EMA_SliceAP=0.5443
  Epoch  27/50 | LR=2.47e-04 | TLoss=13.0033 | VLoss=35.6065 | AP@50=0.3777 | SliceAP=0.6436 | EMA_SliceAP=0.5741
  Epoch  28/50 | LR=2.33e-04 | TLoss=12.0253 | VLoss=34.4959 | AP@50=0.2920 | SliceAP=0.5347 | EMA_SliceAP=0.5623
  Epoch  29/50 | LR=2.18e-04 | TLoss=11.7232 | VLoss=31.9994 | AP@50=0.3740 | SliceAP=0.6139 | EMA_SliceAP=0.5777
  Epoch  30/50 | LR=2.04e-04 | TLoss=11.4705 | VLoss=33.8638 | AP@50=0.3724 | SliceAP=0.5941 | EMA_SliceAP=0.5826
  [Pruned at epoch 30]

[Trial 279] lr=3.67e-04  wd=3.46e-03  stride=10  bs=16  mosaic=0.26  ls=0.035  clahe=False  ssr=True  rbc=False  median=True(limit=5)  speckle=True(light)  cp_p=0.00
ScanAwareSampler: 13 scans, 2306 total slices, stride=10 → ~236 slices/epoch (10% of training set per epoch)
  Epoch   1/50 | LR=3.67e-05 | TLoss=477.3208 | VLoss=510.8519 | AP@50=0.0003 | SliceAP=0.1980 | EMA_SliceAP=0.1980
  Epoch   2/50 | LR=7.80e-05 | TLoss=380.0669 | VLoss=329.7504 | AP@50=0.0004 | SliceAP=0.2871 | EMA_SliceAP=0.2248
  Epoch   3/50 | LR=1.19e-04 | TLoss=213.8369 | VLoss=191.3392 | AP@50=0.0005 | SliceAP=0.5743 | EMA_SliceAP=0.3296
  Epoch   4/50 | LR=1.61e-04 | TLoss=112.0041 | VLoss=107.4529 | AP@50=0.0003 | SliceAP=0.5347 | EMA_SliceAP=0.3911
  Epoch   5/50 | LR=2.02e-04 | TLoss=65.6664 | VLoss=66.2031 | AP@50=0.0001 | SliceAP=0.2970 | EMA_SliceAP=0.3629
  Epoch   6/50 | LR=2.43e-04 | TLoss=44.9403 | VLoss=49.6685 | AP@50=0.0002 | SliceAP=0.0792 | EMA_SliceAP=0.2778
  Epoch   7/50 | LR=2.84e-04 | TLoss=36.7140 | VLoss=43.6236 | AP@50=0.0006 | SliceAP=0.0891 | EMA_SliceAP=0.2212
  Epoch   8/50 | LR=3.26e-04 | TLoss=30.8588 | VLoss=40.3284 | AP@50=0.0000 | SliceAP=0.0099 | EMA_SliceAP=0.1578
  Epoch   9/50 | LR=3.67e-04 | TLoss=31.7151 | VLoss=39.9980 | AP@50=0.0217 | SliceAP=0.2772 | EMA_SliceAP=0.1936
  Epoch  10/50 | LR=3.66e-04 | TLoss=29.1371 | VLoss=36.6259 | AP@50=0.0619 | SliceAP=0.4059 | EMA_SliceAP=0.2573
  Epoch  11/50 | LR=3.65e-04 | TLoss=25.8611 | VLoss=38.7852 | AP@50=0.1060 | SliceAP=0.5941 | EMA_SliceAP=0.3583
  Epoch  12/50 | LR=3.62e-04 | TLoss=26.4000 | VLoss=38.0177 | AP@50=0.2186 | SliceAP=0.3564 | EMA_SliceAP=0.3578
  Epoch  13/50 | LR=3.59e-04 | TLoss=22.6484 | VLoss=37.3531 | AP@50=0.2289 | SliceAP=0.5446 | EMA_SliceAP=0.4138
  Epoch  14/50 | LR=3.55e-04 | TLoss=20.1753 | VLoss=36.8504 | AP@50=0.1827 | SliceAP=0.5149 | EMA_SliceAP=0.4441
  Epoch  15/50 | LR=3.49e-04 | TLoss=19.5855 | VLoss=39.4674 | AP@50=0.2410 | SliceAP=0.4455 | EMA_SliceAP=0.4445
  Epoch  16/50 | LR=3.43e-04 | TLoss=18.2420 | VLoss=35.6582 | AP@50=0.3092 | SliceAP=0.5941 | EMA_SliceAP=0.4894
  Epoch  17/50 | LR=3.36e-04 | TLoss=17.5010 | VLoss=39.1037 | AP@50=0.2569 | SliceAP=0.5644 | EMA_SliceAP=0.5119
  Epoch  18/50 | LR=3.28e-04 | TLoss=17.6183 | VLoss=39.9147 | AP@50=0.2107 | SliceAP=0.5842 | EMA_SliceAP=0.5336
  Epoch  19/50 | LR=3.19e-04 | TLoss=16.1936 | VLoss=35.5899 | AP@50=0.1801 | SliceAP=0.5842 | EMA_SliceAP=0.5487
  Epoch  20/50 | LR=3.10e-04 | TLoss=14.8968 | VLoss=37.2423 | AP@50=0.1706 | SliceAP=0.6139 | EMA_SliceAP=0.5683
  Epoch  21/50 | LR=3.00e-04 | TLoss=14.4853 | VLoss=36.6724 | AP@50=0.2767 | SliceAP=0.6436 | EMA_SliceAP=0.5909
  Epoch  22/50 | LR=2.89e-04 | TLoss=13.5783 | VLoss=35.5301 | AP@50=0.3454 | SliceAP=0.6436 | EMA_SliceAP=0.6067
  Epoch  23/50 | LR=2.78e-04 | TLoss=13.4823 | VLoss=37.1624 | AP@50=0.2640 | SliceAP=0.5644 | EMA_SliceAP=0.5940
  Epoch  24/50 | LR=2.66e-04 | TLoss=12.1884 | VLoss=35.7666 | AP@50=0.3710 | SliceAP=0.6634 | EMA_SliceAP=0.6148
  Epoch  25/50 | LR=2.54e-04 | TLoss=11.2487 | VLoss=34.3790 | AP@50=0.3318 | SliceAP=0.6436 | EMA_SliceAP=0.6234
  Epoch  26/50 | LR=2.41e-04 | TLoss=11.2565 | VLoss=34.1443 | AP@50=0.3752 | SliceAP=0.6436 | EMA_SliceAP=0.6295
  Epoch  27/50 | LR=2.28e-04 | TLoss=11.7151 | VLoss=36.0873 | AP@50=0.2006 | SliceAP=0.7327 | EMA_SliceAP=0.6604
  Epoch  28/50 | LR=2.15e-04 | TLoss=11.0042 | VLoss=37.1774 | AP@50=0.2778 | SliceAP=0.5941 | EMA_SliceAP=0.6405
  Epoch  29/50 | LR=2.02e-04 | TLoss=10.0377 | VLoss=35.7931 | AP@50=0.3506 | SliceAP=0.6238 | EMA_SliceAP=0.6355
  Epoch  30/50 | LR=1.88e-04 | TLoss=10.8081 | VLoss=35.2255 | AP@50=0.4101 | SliceAP=0.6139 | EMA_SliceAP=0.6290
  [Pruned at epoch 30]

=== Worker done | Completed: 68 | Pruned: 213 ===
Best EMA SliceAP@50 across all workers: 0.7280
Best params: {'learning_rate': 0.00043284502212938834, 'weight_decay': 0.007969454818643935, 'mosaic_prob': 0.39279757672456206, 'label_smooth': 0.08979877262955549, 'copy_paste_p': 0.10921304830970556, 'slice_stride': 10, 'batch_size': 16, 'use_clahe': True, 'use_shift_scale_rotate': True, 'use_brightness_contrast': False, 'use_median_blur': True, 'median_blur_limit': 5, 'use_speckle_noise': False, 'speckle_level': 'medium'}

Saving top-5 configs to train/config/
  Rank  1 | SliceAP=0.7280 | {'learning_rate': 0.00043284502212938834, 'weight_decay': 0.007969454818643935, 'mosaic_prob': 0.39279757672456206, 'label_smooth': 0.08979877262955549, 'copy_paste_p': 0.10921304830970556, 'slice_stride': 10, 'batch_size': 16, 'use_clahe': True, 'use_shift_scale_rotate': True, 'use_brightness_contrast': False, 'use_median_blur': True, 'median_blur_limit': 5, 'use_speckle_noise': False, 'speckle_level': 'medium'} → hparam_v4_rank01_sliceap0.7280.yaml
  Rank  2 | SliceAP=0.7245 | {'learning_rate': 0.0003616590222233483, 'weight_decay': 0.007178761185929164, 'mosaic_prob': 0.2644695481770175, 'label_smooth': 0.09735477728961922, 'copy_paste_p': 0.18738179972028612, 'slice_stride': 5, 'batch_size': 16, 'use_clahe': False, 'use_shift_scale_rotate': True, 'use_brightness_contrast': True, 'use_median_blur': True, 'median_blur_limit': 5, 'use_speckle_noise': True, 'speckle_level': 'heavy'} → hparam_v4_rank02_sliceap0.7245.yaml
  Rank  3 | SliceAP=0.7212 | {'learning_rate': 0.00035969032194780904, 'weight_decay': 0.0010995700750000266, 'mosaic_prob': 0.38644887483960116, 'label_smooth': 0.026772279053107233, 'copy_paste_p': 0.41745490907872457, 'slice_stride': 10, 'batch_size': 16, 'use_clahe': True, 'use_shift_scale_rotate': True, 'use_brightness_contrast': False, 'use_median_blur': True, 'median_blur_limit': 5, 'use_speckle_noise': False, 'speckle_level': 'heavy'} → hparam_v4_rank03_sliceap0.7212.yaml
  Rank  4 | SliceAP=0.7139 | {'learning_rate': 0.00497966347957706, 'weight_decay': 0.0010727894064751, 'mosaic_prob': 0.2481789990358817, 'label_smooth': 0.11124543885915171, 'copy_paste_p': 0.04553340859454867, 'slice_stride': 10, 'batch_size': 8, 'use_clahe': True, 'use_shift_scale_rotate': True, 'use_brightness_contrast': False, 'use_median_blur': True, 'median_blur_limit': 3, 'use_speckle_noise': False, 'speckle_level': 'medium'} → hparam_v4_rank04_sliceap0.7139.yaml
  Rank  5 | SliceAP=0.7100 | {'learning_rate': 0.002870082935274627, 'weight_decay': 0.0036680145265582127, 'mosaic_prob': 0.40773881720707333, 'label_smooth': 0.09564132577893161, 'copy_paste_p': 0.0018095238659851728, 'slice_stride': 10, 'batch_size': 16, 'use_clahe': True, 'use_shift_scale_rotate': True, 'use_brightness_contrast': False, 'use_median_blur': True, 'median_blur_limit': 5, 'use_speckle_noise': False, 'speckle_level': 'heavy'} → hparam_v4_rank05_sliceap0.7100.yaml

Best config (EMA SliceAP@50=0.7280) → train/config/best_hyperparams_v4.yaml
Task 18 completed at: Tue Mar 17 05:26:56 PM EDT 2026
